[2022-07-26 00:35:48,567] {taskinstance.py:1159} INFO - Dependencies all met for <TaskInstance: task_group_dag.processing_tasks.extract_a manual__2022-07-26T00:35:47.753686+00:00 [queued]>
[2022-07-26 00:35:48,575] {taskinstance.py:1159} INFO - Dependencies all met for <TaskInstance: task_group_dag.processing_tasks.extract_a manual__2022-07-26T00:35:47.753686+00:00 [queued]>
[2022-07-26 00:35:48,576] {taskinstance.py:1356} INFO - 
--------------------------------------------------------------------------------
[2022-07-26 00:35:48,576] {taskinstance.py:1357} INFO - Starting attempt 1 of 1
[2022-07-26 00:35:48,577] {taskinstance.py:1358} INFO - 
--------------------------------------------------------------------------------
[2022-07-26 00:35:48,592] {taskinstance.py:1377} INFO - Executing <Task(BashOperator): processing_tasks.extract_a> on 2022-07-26 00:35:47.753686+00:00
[2022-07-26 00:35:48,598] {standard_task_runner.py:52} INFO - Started process 21741 to run task
[2022-07-26 00:35:48,602] {standard_task_runner.py:79} INFO - Running: ['***', 'tasks', 'run', 'task_group_dag', 'processing_tasks.extract_a', 'manual__2022-07-26T00:35:47.753686+00:00', '--job-id', '133', '--raw', '--subdir', 'DAGS_FOLDER/task_group_dag.py', '--cfg-path', '/tmp/tmp3ise6no0', '--error-file', '/tmp/tmp4p0dk28t']
[2022-07-26 00:35:48,603] {standard_task_runner.py:80} INFO - Job 133: Subtask processing_tasks.extract_a
[2022-07-26 00:35:48,668] {task_command.py:369} INFO - Running <TaskInstance: task_group_dag.processing_tasks.extract_a manual__2022-07-26T00:35:47.753686+00:00 [running]> on host 8694d477c774
[2022-07-26 00:35:48,737] {taskinstance.py:1571} INFO - Exporting the following env vars:
AIRFLOW_CTX_DAG_OWNER=***
AIRFLOW_CTX_DAG_ID=task_group_dag
AIRFLOW_CTX_TASK_ID=processing_tasks.extract_a
AIRFLOW_CTX_EXECUTION_DATE=2022-07-26T00:35:47.753686+00:00
AIRFLOW_CTX_TRY_NUMBER=1
AIRFLOW_CTX_DAG_RUN_ID=manual__2022-07-26T00:35:47.753686+00:00
[2022-07-26 00:35:48,739] {subprocess.py:62} INFO - Tmp dir root location: 
 /tmp
[2022-07-26 00:35:48,740] {subprocess.py:74} INFO - Running command: ['bash', '-c', 'sleep 1']
[2022-07-26 00:35:48,750] {subprocess.py:85} INFO - Output:
[2022-07-26 00:35:49,753] {subprocess.py:96} INFO - Command exited with return code 0
[2022-07-26 00:35:49,805] {taskinstance.py:1400} INFO - Marking task as SUCCESS. dag_id=task_group_dag, task_id=processing_tasks.extract_a, execution_date=20220726T003547, start_date=20220726T003548, end_date=20220726T003549
[2022-07-26 00:35:49,838] {local_task_job.py:156} INFO - Task exited with return code 0
[2022-07-26 00:35:49,876] {local_task_job.py:273} INFO - 0 downstream tasks scheduled from follow-on schedule check
