[2022-08-23 00:00:03,536] {processor.py:153} INFO - Started process (PID=3146) to work on /opt/airflow/dags/spark_job_dag.py
[2022-08-23 00:00:03,537] {processor.py:641} INFO - Processing file /opt/airflow/dags/spark_job_dag.py for tasks to queue
[2022-08-23 00:00:03,538] {logging_mixin.py:115} INFO - [2022-08-23 00:00:03,538] {dagbag.py:507} INFO - Filling up the DagBag from /opt/airflow/dags/spark_job_dag.py
[2022-08-23 00:00:03,721] {processor.py:651} INFO - DAG(s) dict_keys(['spark_job_dag']) retrieved from /opt/airflow/dags/spark_job_dag.py
[2022-08-23 00:00:03,743] {logging_mixin.py:115} INFO - [2022-08-23 00:00:03,742] {dag.py:2371} INFO - Sync 1 DAGs
[2022-08-23 00:00:03,762] {logging_mixin.py:115} INFO - [2022-08-23 00:00:03,762] {dag.py:2919} INFO - Setting next_dagrun for spark_job_dag to 2022-08-22T23:38:33.157147+00:00, run_after=2022-08-23T23:38:33.157147+00:00
[2022-08-23 00:00:03,770] {processor.py:161} INFO - Processing /opt/airflow/dags/spark_job_dag.py took 0.238 seconds
[2022-08-23 00:00:33,900] {processor.py:153} INFO - Started process (PID=3223) to work on /opt/airflow/dags/spark_job_dag.py
[2022-08-23 00:00:33,901] {processor.py:641} INFO - Processing file /opt/airflow/dags/spark_job_dag.py for tasks to queue
[2022-08-23 00:00:33,902] {logging_mixin.py:115} INFO - [2022-08-23 00:00:33,902] {dagbag.py:507} INFO - Filling up the DagBag from /opt/airflow/dags/spark_job_dag.py
[2022-08-23 00:00:34,099] {processor.py:651} INFO - DAG(s) dict_keys(['spark_job_dag']) retrieved from /opt/airflow/dags/spark_job_dag.py
[2022-08-23 00:00:34,121] {logging_mixin.py:115} INFO - [2022-08-23 00:00:34,121] {dag.py:2371} INFO - Sync 1 DAGs
[2022-08-23 00:00:34,140] {logging_mixin.py:115} INFO - [2022-08-23 00:00:34,140] {dag.py:2919} INFO - Setting next_dagrun for spark_job_dag to 2022-08-22T23:38:33.157147+00:00, run_after=2022-08-23T23:38:33.157147+00:00
[2022-08-23 00:00:34,151] {processor.py:161} INFO - Processing /opt/airflow/dags/spark_job_dag.py took 0.255 seconds
[2022-08-23 00:01:04,299] {processor.py:153} INFO - Started process (PID=3300) to work on /opt/airflow/dags/spark_job_dag.py
[2022-08-23 00:01:04,300] {processor.py:641} INFO - Processing file /opt/airflow/dags/spark_job_dag.py for tasks to queue
[2022-08-23 00:01:04,301] {logging_mixin.py:115} INFO - [2022-08-23 00:01:04,301] {dagbag.py:507} INFO - Filling up the DagBag from /opt/airflow/dags/spark_job_dag.py
[2022-08-23 00:01:04,483] {processor.py:651} INFO - DAG(s) dict_keys(['spark_job_dag']) retrieved from /opt/airflow/dags/spark_job_dag.py
[2022-08-23 00:01:04,504] {logging_mixin.py:115} INFO - [2022-08-23 00:01:04,504] {dag.py:2371} INFO - Sync 1 DAGs
[2022-08-23 00:01:04,522] {logging_mixin.py:115} INFO - [2022-08-23 00:01:04,522] {dag.py:2919} INFO - Setting next_dagrun for spark_job_dag to 2022-08-22T23:38:33.157147+00:00, run_after=2022-08-23T23:38:33.157147+00:00
[2022-08-23 00:01:04,531] {processor.py:161} INFO - Processing /opt/airflow/dags/spark_job_dag.py took 0.236 seconds
[2022-08-23 00:01:34,780] {processor.py:153} INFO - Started process (PID=3377) to work on /opt/airflow/dags/spark_job_dag.py
[2022-08-23 00:01:34,782] {processor.py:641} INFO - Processing file /opt/airflow/dags/spark_job_dag.py for tasks to queue
[2022-08-23 00:01:34,783] {logging_mixin.py:115} INFO - [2022-08-23 00:01:34,783] {dagbag.py:507} INFO - Filling up the DagBag from /opt/airflow/dags/spark_job_dag.py
[2022-08-23 00:01:34,980] {processor.py:651} INFO - DAG(s) dict_keys(['spark_job_dag']) retrieved from /opt/airflow/dags/spark_job_dag.py
[2022-08-23 00:01:35,004] {logging_mixin.py:115} INFO - [2022-08-23 00:01:35,004] {dag.py:2371} INFO - Sync 1 DAGs
[2022-08-23 00:01:35,030] {logging_mixin.py:115} INFO - [2022-08-23 00:01:35,029] {dag.py:2919} INFO - Setting next_dagrun for spark_job_dag to 2022-08-22T23:38:33.157147+00:00, run_after=2022-08-23T23:38:33.157147+00:00
[2022-08-23 00:01:35,041] {processor.py:161} INFO - Processing /opt/airflow/dags/spark_job_dag.py took 0.265 seconds
[2022-08-23 00:02:05,290] {processor.py:153} INFO - Started process (PID=3445) to work on /opt/airflow/dags/spark_job_dag.py
[2022-08-23 00:02:05,291] {processor.py:641} INFO - Processing file /opt/airflow/dags/spark_job_dag.py for tasks to queue
[2022-08-23 00:02:05,292] {logging_mixin.py:115} INFO - [2022-08-23 00:02:05,292] {dagbag.py:507} INFO - Filling up the DagBag from /opt/airflow/dags/spark_job_dag.py
[2022-08-23 00:02:05,486] {processor.py:651} INFO - DAG(s) dict_keys(['spark_job_dag']) retrieved from /opt/airflow/dags/spark_job_dag.py
[2022-08-23 00:02:05,507] {logging_mixin.py:115} INFO - [2022-08-23 00:02:05,507] {dag.py:2371} INFO - Sync 1 DAGs
[2022-08-23 00:02:05,527] {logging_mixin.py:115} INFO - [2022-08-23 00:02:05,527] {dag.py:2919} INFO - Setting next_dagrun for spark_job_dag to 2022-08-22T23:38:33.157147+00:00, run_after=2022-08-23T23:38:33.157147+00:00
[2022-08-23 00:02:05,538] {processor.py:161} INFO - Processing /opt/airflow/dags/spark_job_dag.py took 0.253 seconds
[2022-08-23 00:02:35,805] {processor.py:153} INFO - Started process (PID=3522) to work on /opt/airflow/dags/spark_job_dag.py
[2022-08-23 00:02:35,805] {processor.py:641} INFO - Processing file /opt/airflow/dags/spark_job_dag.py for tasks to queue
[2022-08-23 00:02:35,806] {logging_mixin.py:115} INFO - [2022-08-23 00:02:35,806] {dagbag.py:507} INFO - Filling up the DagBag from /opt/airflow/dags/spark_job_dag.py
[2022-08-23 00:02:35,991] {processor.py:651} INFO - DAG(s) dict_keys(['spark_job_dag']) retrieved from /opt/airflow/dags/spark_job_dag.py
[2022-08-23 00:02:36,012] {logging_mixin.py:115} INFO - [2022-08-23 00:02:36,011] {dag.py:2371} INFO - Sync 1 DAGs
[2022-08-23 00:02:36,030] {logging_mixin.py:115} INFO - [2022-08-23 00:02:36,030] {dag.py:2919} INFO - Setting next_dagrun for spark_job_dag to 2022-08-22T23:38:33.157147+00:00, run_after=2022-08-23T23:38:33.157147+00:00
[2022-08-23 00:02:36,042] {processor.py:161} INFO - Processing /opt/airflow/dags/spark_job_dag.py took 0.241 seconds
[2022-08-23 00:03:06,279] {processor.py:153} INFO - Started process (PID=3599) to work on /opt/airflow/dags/spark_job_dag.py
[2022-08-23 00:03:06,280] {processor.py:641} INFO - Processing file /opt/airflow/dags/spark_job_dag.py for tasks to queue
[2022-08-23 00:03:06,281] {logging_mixin.py:115} INFO - [2022-08-23 00:03:06,281] {dagbag.py:507} INFO - Filling up the DagBag from /opt/airflow/dags/spark_job_dag.py
[2022-08-23 00:03:06,464] {processor.py:651} INFO - DAG(s) dict_keys(['spark_job_dag']) retrieved from /opt/airflow/dags/spark_job_dag.py
[2022-08-23 00:03:06,486] {logging_mixin.py:115} INFO - [2022-08-23 00:03:06,486] {dag.py:2371} INFO - Sync 1 DAGs
[2022-08-23 00:03:06,505] {logging_mixin.py:115} INFO - [2022-08-23 00:03:06,505] {dag.py:2919} INFO - Setting next_dagrun for spark_job_dag to 2022-08-22T23:38:33.157147+00:00, run_after=2022-08-23T23:38:33.157147+00:00
[2022-08-23 00:03:06,515] {processor.py:161} INFO - Processing /opt/airflow/dags/spark_job_dag.py took 0.239 seconds
[2022-08-23 00:03:36,808] {processor.py:153} INFO - Started process (PID=3667) to work on /opt/airflow/dags/spark_job_dag.py
[2022-08-23 00:03:36,809] {processor.py:641} INFO - Processing file /opt/airflow/dags/spark_job_dag.py for tasks to queue
[2022-08-23 00:03:36,810] {logging_mixin.py:115} INFO - [2022-08-23 00:03:36,810] {dagbag.py:507} INFO - Filling up the DagBag from /opt/airflow/dags/spark_job_dag.py
[2022-08-23 00:03:36,996] {processor.py:651} INFO - DAG(s) dict_keys(['spark_job_dag']) retrieved from /opt/airflow/dags/spark_job_dag.py
[2022-08-23 00:03:37,020] {logging_mixin.py:115} INFO - [2022-08-23 00:03:37,019] {dag.py:2371} INFO - Sync 1 DAGs
[2022-08-23 00:03:37,039] {logging_mixin.py:115} INFO - [2022-08-23 00:03:37,039] {dag.py:2919} INFO - Setting next_dagrun for spark_job_dag to 2022-08-22T23:38:33.157147+00:00, run_after=2022-08-23T23:38:33.157147+00:00
[2022-08-23 00:03:37,049] {processor.py:161} INFO - Processing /opt/airflow/dags/spark_job_dag.py took 0.246 seconds
[2022-08-23 00:04:07,532] {processor.py:153} INFO - Started process (PID=3744) to work on /opt/airflow/dags/spark_job_dag.py
[2022-08-23 00:04:07,533] {processor.py:641} INFO - Processing file /opt/airflow/dags/spark_job_dag.py for tasks to queue
[2022-08-23 00:04:07,534] {logging_mixin.py:115} INFO - [2022-08-23 00:04:07,534] {dagbag.py:507} INFO - Filling up the DagBag from /opt/airflow/dags/spark_job_dag.py
[2022-08-23 00:04:07,726] {processor.py:651} INFO - DAG(s) dict_keys(['spark_job_dag']) retrieved from /opt/airflow/dags/spark_job_dag.py
[2022-08-23 00:04:07,748] {logging_mixin.py:115} INFO - [2022-08-23 00:04:07,748] {dag.py:2371} INFO - Sync 1 DAGs
[2022-08-23 00:04:07,767] {logging_mixin.py:115} INFO - [2022-08-23 00:04:07,767] {dag.py:2919} INFO - Setting next_dagrun for spark_job_dag to 2022-08-22T23:38:33.157147+00:00, run_after=2022-08-23T23:38:33.157147+00:00
[2022-08-23 00:04:07,777] {processor.py:161} INFO - Processing /opt/airflow/dags/spark_job_dag.py took 0.249 seconds
[2022-08-23 00:04:38,147] {processor.py:153} INFO - Started process (PID=3821) to work on /opt/airflow/dags/spark_job_dag.py
[2022-08-23 00:04:38,148] {processor.py:641} INFO - Processing file /opt/airflow/dags/spark_job_dag.py for tasks to queue
[2022-08-23 00:04:38,149] {logging_mixin.py:115} INFO - [2022-08-23 00:04:38,149] {dagbag.py:507} INFO - Filling up the DagBag from /opt/airflow/dags/spark_job_dag.py
[2022-08-23 00:04:38,314] {processor.py:651} INFO - DAG(s) dict_keys(['spark_job_dag']) retrieved from /opt/airflow/dags/spark_job_dag.py
[2022-08-23 00:04:38,335] {logging_mixin.py:115} INFO - [2022-08-23 00:04:38,335] {dag.py:2371} INFO - Sync 1 DAGs
[2022-08-23 00:04:38,355] {logging_mixin.py:115} INFO - [2022-08-23 00:04:38,354] {dag.py:2919} INFO - Setting next_dagrun for spark_job_dag to 2022-08-22T23:38:33.157147+00:00, run_after=2022-08-23T23:38:33.157147+00:00
[2022-08-23 00:04:38,364] {processor.py:161} INFO - Processing /opt/airflow/dags/spark_job_dag.py took 0.244 seconds
[2022-08-23 00:05:08,779] {processor.py:153} INFO - Started process (PID=3898) to work on /opt/airflow/dags/spark_job_dag.py
[2022-08-23 00:05:08,780] {processor.py:641} INFO - Processing file /opt/airflow/dags/spark_job_dag.py for tasks to queue
[2022-08-23 00:05:08,781] {logging_mixin.py:115} INFO - [2022-08-23 00:05:08,781] {dagbag.py:507} INFO - Filling up the DagBag from /opt/airflow/dags/spark_job_dag.py
[2022-08-23 00:05:09,001] {processor.py:651} INFO - DAG(s) dict_keys(['spark_job_dag']) retrieved from /opt/airflow/dags/spark_job_dag.py
[2022-08-23 00:05:09,023] {logging_mixin.py:115} INFO - [2022-08-23 00:05:09,023] {dag.py:2371} INFO - Sync 1 DAGs
[2022-08-23 00:05:09,043] {logging_mixin.py:115} INFO - [2022-08-23 00:05:09,043] {dag.py:2919} INFO - Setting next_dagrun for spark_job_dag to 2022-08-22T23:38:33.157147+00:00, run_after=2022-08-23T23:38:33.157147+00:00
[2022-08-23 00:05:09,052] {processor.py:161} INFO - Processing /opt/airflow/dags/spark_job_dag.py took 0.278 seconds
[2022-08-23 00:05:39,511] {processor.py:153} INFO - Started process (PID=3966) to work on /opt/airflow/dags/spark_job_dag.py
[2022-08-23 00:05:39,513] {processor.py:641} INFO - Processing file /opt/airflow/dags/spark_job_dag.py for tasks to queue
[2022-08-23 00:05:39,514] {logging_mixin.py:115} INFO - [2022-08-23 00:05:39,514] {dagbag.py:507} INFO - Filling up the DagBag from /opt/airflow/dags/spark_job_dag.py
[2022-08-23 00:05:39,697] {processor.py:651} INFO - DAG(s) dict_keys(['spark_job_dag']) retrieved from /opt/airflow/dags/spark_job_dag.py
[2022-08-23 00:05:39,718] {logging_mixin.py:115} INFO - [2022-08-23 00:05:39,717] {dag.py:2371} INFO - Sync 1 DAGs
[2022-08-23 00:05:39,737] {logging_mixin.py:115} INFO - [2022-08-23 00:05:39,737] {dag.py:2919} INFO - Setting next_dagrun for spark_job_dag to 2022-08-22T23:38:33.157147+00:00, run_after=2022-08-23T23:38:33.157147+00:00
[2022-08-23 00:05:39,746] {processor.py:161} INFO - Processing /opt/airflow/dags/spark_job_dag.py took 0.238 seconds
[2022-08-23 00:06:10,309] {processor.py:153} INFO - Started process (PID=4043) to work on /opt/airflow/dags/spark_job_dag.py
[2022-08-23 00:06:10,310] {processor.py:641} INFO - Processing file /opt/airflow/dags/spark_job_dag.py for tasks to queue
[2022-08-23 00:06:10,311] {logging_mixin.py:115} INFO - [2022-08-23 00:06:10,311] {dagbag.py:507} INFO - Filling up the DagBag from /opt/airflow/dags/spark_job_dag.py
[2022-08-23 00:06:10,518] {processor.py:651} INFO - DAG(s) dict_keys(['spark_job_dag']) retrieved from /opt/airflow/dags/spark_job_dag.py
[2022-08-23 00:06:10,541] {logging_mixin.py:115} INFO - [2022-08-23 00:06:10,541] {dag.py:2371} INFO - Sync 1 DAGs
[2022-08-23 00:06:10,560] {logging_mixin.py:115} INFO - [2022-08-23 00:06:10,560] {dag.py:2919} INFO - Setting next_dagrun for spark_job_dag to 2022-08-22T23:38:33.157147+00:00, run_after=2022-08-23T23:38:33.157147+00:00
[2022-08-23 00:06:10,574] {processor.py:161} INFO - Processing /opt/airflow/dags/spark_job_dag.py took 0.269 seconds
[2022-08-23 00:06:40,813] {processor.py:153} INFO - Started process (PID=4120) to work on /opt/airflow/dags/spark_job_dag.py
[2022-08-23 00:06:40,814] {processor.py:641} INFO - Processing file /opt/airflow/dags/spark_job_dag.py for tasks to queue
[2022-08-23 00:06:40,815] {logging_mixin.py:115} INFO - [2022-08-23 00:06:40,814] {dagbag.py:507} INFO - Filling up the DagBag from /opt/airflow/dags/spark_job_dag.py
[2022-08-23 00:06:41,003] {processor.py:651} INFO - DAG(s) dict_keys(['spark_job_dag']) retrieved from /opt/airflow/dags/spark_job_dag.py
[2022-08-23 00:06:41,024] {logging_mixin.py:115} INFO - [2022-08-23 00:06:41,024] {dag.py:2371} INFO - Sync 1 DAGs
[2022-08-23 00:06:41,044] {logging_mixin.py:115} INFO - [2022-08-23 00:06:41,044] {dag.py:2919} INFO - Setting next_dagrun for spark_job_dag to 2022-08-22T23:38:33.157147+00:00, run_after=2022-08-23T23:38:33.157147+00:00
[2022-08-23 00:06:41,055] {processor.py:161} INFO - Processing /opt/airflow/dags/spark_job_dag.py took 0.245 seconds
[2022-08-23 00:07:11,608] {processor.py:153} INFO - Started process (PID=4197) to work on /opt/airflow/dags/spark_job_dag.py
[2022-08-23 00:07:11,610] {processor.py:641} INFO - Processing file /opt/airflow/dags/spark_job_dag.py for tasks to queue
[2022-08-23 00:07:11,611] {logging_mixin.py:115} INFO - [2022-08-23 00:07:11,611] {dagbag.py:507} INFO - Filling up the DagBag from /opt/airflow/dags/spark_job_dag.py
[2022-08-23 00:07:11,905] {processor.py:651} INFO - DAG(s) dict_keys(['spark_job_dag']) retrieved from /opt/airflow/dags/spark_job_dag.py
[2022-08-23 00:07:11,958] {logging_mixin.py:115} INFO - [2022-08-23 00:07:11,957] {dag.py:2371} INFO - Sync 1 DAGs
[2022-08-23 00:07:12,052] {logging_mixin.py:115} INFO - [2022-08-23 00:07:12,052] {dag.py:2919} INFO - Setting next_dagrun for spark_job_dag to 2022-08-22T23:38:33.157147+00:00, run_after=2022-08-23T23:38:33.157147+00:00
[2022-08-23 00:07:12,135] {processor.py:161} INFO - Processing /opt/airflow/dags/spark_job_dag.py took 0.532 seconds
[2022-08-23 00:07:42,679] {processor.py:153} INFO - Started process (PID=4265) to work on /opt/airflow/dags/spark_job_dag.py
[2022-08-23 00:07:42,680] {processor.py:641} INFO - Processing file /opt/airflow/dags/spark_job_dag.py for tasks to queue
[2022-08-23 00:07:42,681] {logging_mixin.py:115} INFO - [2022-08-23 00:07:42,681] {dagbag.py:507} INFO - Filling up the DagBag from /opt/airflow/dags/spark_job_dag.py
[2022-08-23 00:07:42,868] {processor.py:651} INFO - DAG(s) dict_keys(['spark_job_dag']) retrieved from /opt/airflow/dags/spark_job_dag.py
[2022-08-23 00:07:42,889] {logging_mixin.py:115} INFO - [2022-08-23 00:07:42,889] {dag.py:2371} INFO - Sync 1 DAGs
[2022-08-23 00:07:42,908] {logging_mixin.py:115} INFO - [2022-08-23 00:07:42,907] {dag.py:2919} INFO - Setting next_dagrun for spark_job_dag to 2022-08-22T23:38:33.157147+00:00, run_after=2022-08-23T23:38:33.157147+00:00
[2022-08-23 00:07:42,919] {processor.py:161} INFO - Processing /opt/airflow/dags/spark_job_dag.py took 0.244 seconds
[2022-08-23 00:08:13,303] {processor.py:153} INFO - Started process (PID=4342) to work on /opt/airflow/dags/spark_job_dag.py
[2022-08-23 00:08:13,304] {processor.py:641} INFO - Processing file /opt/airflow/dags/spark_job_dag.py for tasks to queue
[2022-08-23 00:08:13,305] {logging_mixin.py:115} INFO - [2022-08-23 00:08:13,305] {dagbag.py:507} INFO - Filling up the DagBag from /opt/airflow/dags/spark_job_dag.py
[2022-08-23 00:08:13,495] {processor.py:651} INFO - DAG(s) dict_keys(['spark_job_dag']) retrieved from /opt/airflow/dags/spark_job_dag.py
[2022-08-23 00:08:13,519] {logging_mixin.py:115} INFO - [2022-08-23 00:08:13,519] {dag.py:2371} INFO - Sync 1 DAGs
[2022-08-23 00:08:13,540] {logging_mixin.py:115} INFO - [2022-08-23 00:08:13,540] {dag.py:2919} INFO - Setting next_dagrun for spark_job_dag to 2022-08-22T23:38:33.157147+00:00, run_after=2022-08-23T23:38:33.157147+00:00
[2022-08-23 00:08:13,550] {processor.py:161} INFO - Processing /opt/airflow/dags/spark_job_dag.py took 0.250 seconds
[2022-08-23 00:08:44,039] {processor.py:153} INFO - Started process (PID=4410) to work on /opt/airflow/dags/spark_job_dag.py
[2022-08-23 00:08:44,041] {processor.py:641} INFO - Processing file /opt/airflow/dags/spark_job_dag.py for tasks to queue
[2022-08-23 00:08:44,042] {logging_mixin.py:115} INFO - [2022-08-23 00:08:44,042] {dagbag.py:507} INFO - Filling up the DagBag from /opt/airflow/dags/spark_job_dag.py
[2022-08-23 00:08:44,226] {processor.py:651} INFO - DAG(s) dict_keys(['spark_job_dag']) retrieved from /opt/airflow/dags/spark_job_dag.py
[2022-08-23 00:08:44,246] {logging_mixin.py:115} INFO - [2022-08-23 00:08:44,246] {dag.py:2371} INFO - Sync 1 DAGs
[2022-08-23 00:08:44,265] {logging_mixin.py:115} INFO - [2022-08-23 00:08:44,264] {dag.py:2919} INFO - Setting next_dagrun for spark_job_dag to 2022-08-22T23:38:33.157147+00:00, run_after=2022-08-23T23:38:33.157147+00:00
[2022-08-23 00:08:44,274] {processor.py:161} INFO - Processing /opt/airflow/dags/spark_job_dag.py took 0.239 seconds
[2022-08-23 00:09:15,023] {processor.py:153} INFO - Started process (PID=4487) to work on /opt/airflow/dags/spark_job_dag.py
[2022-08-23 00:09:15,024] {processor.py:641} INFO - Processing file /opt/airflow/dags/spark_job_dag.py for tasks to queue
[2022-08-23 00:09:15,025] {logging_mixin.py:115} INFO - [2022-08-23 00:09:15,025] {dagbag.py:507} INFO - Filling up the DagBag from /opt/airflow/dags/spark_job_dag.py
[2022-08-23 00:09:15,213] {processor.py:651} INFO - DAG(s) dict_keys(['spark_job_dag']) retrieved from /opt/airflow/dags/spark_job_dag.py
[2022-08-23 00:09:15,233] {logging_mixin.py:115} INFO - [2022-08-23 00:09:15,233] {dag.py:2371} INFO - Sync 1 DAGs
[2022-08-23 00:09:15,252] {logging_mixin.py:115} INFO - [2022-08-23 00:09:15,251] {dag.py:2919} INFO - Setting next_dagrun for spark_job_dag to 2022-08-22T23:38:33.157147+00:00, run_after=2022-08-23T23:38:33.157147+00:00
[2022-08-23 00:09:15,262] {processor.py:161} INFO - Processing /opt/airflow/dags/spark_job_dag.py took 0.244 seconds
[2022-08-23 00:09:45,902] {processor.py:153} INFO - Started process (PID=4564) to work on /opt/airflow/dags/spark_job_dag.py
[2022-08-23 00:09:45,903] {processor.py:641} INFO - Processing file /opt/airflow/dags/spark_job_dag.py for tasks to queue
[2022-08-23 00:09:45,904] {logging_mixin.py:115} INFO - [2022-08-23 00:09:45,904] {dagbag.py:507} INFO - Filling up the DagBag from /opt/airflow/dags/spark_job_dag.py
[2022-08-23 00:09:46,102] {processor.py:651} INFO - DAG(s) dict_keys(['spark_job_dag']) retrieved from /opt/airflow/dags/spark_job_dag.py
[2022-08-23 00:09:46,121] {logging_mixin.py:115} INFO - [2022-08-23 00:09:46,121] {dag.py:2371} INFO - Sync 1 DAGs
[2022-08-23 00:09:46,143] {logging_mixin.py:115} INFO - [2022-08-23 00:09:46,143] {dag.py:2919} INFO - Setting next_dagrun for spark_job_dag to 2022-08-22T23:38:33.157147+00:00, run_after=2022-08-23T23:38:33.157147+00:00
[2022-08-23 00:09:46,153] {processor.py:161} INFO - Processing /opt/airflow/dags/spark_job_dag.py took 0.254 seconds
[2022-08-23 00:10:16,648] {processor.py:153} INFO - Started process (PID=4641) to work on /opt/airflow/dags/spark_job_dag.py
[2022-08-23 00:10:16,649] {processor.py:641} INFO - Processing file /opt/airflow/dags/spark_job_dag.py for tasks to queue
[2022-08-23 00:10:16,650] {logging_mixin.py:115} INFO - [2022-08-23 00:10:16,650] {dagbag.py:507} INFO - Filling up the DagBag from /opt/airflow/dags/spark_job_dag.py
[2022-08-23 00:10:16,831] {processor.py:651} INFO - DAG(s) dict_keys(['spark_job_dag']) retrieved from /opt/airflow/dags/spark_job_dag.py
[2022-08-23 00:10:16,851] {logging_mixin.py:115} INFO - [2022-08-23 00:10:16,851] {dag.py:2371} INFO - Sync 1 DAGs
[2022-08-23 00:10:16,870] {logging_mixin.py:115} INFO - [2022-08-23 00:10:16,869] {dag.py:2919} INFO - Setting next_dagrun for spark_job_dag to 2022-08-22T23:38:33.157147+00:00, run_after=2022-08-23T23:38:33.157147+00:00
[2022-08-23 00:10:16,880] {processor.py:161} INFO - Processing /opt/airflow/dags/spark_job_dag.py took 0.237 seconds
[2022-08-23 00:10:47,199] {processor.py:153} INFO - Started process (PID=4709) to work on /opt/airflow/dags/spark_job_dag.py
[2022-08-23 00:10:47,200] {processor.py:641} INFO - Processing file /opt/airflow/dags/spark_job_dag.py for tasks to queue
[2022-08-23 00:10:47,201] {logging_mixin.py:115} INFO - [2022-08-23 00:10:47,201] {dagbag.py:507} INFO - Filling up the DagBag from /opt/airflow/dags/spark_job_dag.py
[2022-08-23 00:10:47,375] {processor.py:651} INFO - DAG(s) dict_keys(['spark_job_dag']) retrieved from /opt/airflow/dags/spark_job_dag.py
[2022-08-23 00:10:47,394] {logging_mixin.py:115} INFO - [2022-08-23 00:10:47,394] {dag.py:2371} INFO - Sync 1 DAGs
[2022-08-23 00:10:47,414] {logging_mixin.py:115} INFO - [2022-08-23 00:10:47,414] {dag.py:2919} INFO - Setting next_dagrun for spark_job_dag to 2022-08-22T23:38:33.157147+00:00, run_after=2022-08-23T23:38:33.157147+00:00
[2022-08-23 00:10:47,423] {processor.py:161} INFO - Processing /opt/airflow/dags/spark_job_dag.py took 0.227 seconds
[2022-08-23 00:11:17,892] {processor.py:153} INFO - Started process (PID=4786) to work on /opt/airflow/dags/spark_job_dag.py
[2022-08-23 00:11:17,893] {processor.py:641} INFO - Processing file /opt/airflow/dags/spark_job_dag.py for tasks to queue
[2022-08-23 00:11:17,894] {logging_mixin.py:115} INFO - [2022-08-23 00:11:17,894] {dagbag.py:507} INFO - Filling up the DagBag from /opt/airflow/dags/spark_job_dag.py
[2022-08-23 00:11:18,071] {processor.py:651} INFO - DAG(s) dict_keys(['spark_job_dag']) retrieved from /opt/airflow/dags/spark_job_dag.py
[2022-08-23 00:11:18,091] {logging_mixin.py:115} INFO - [2022-08-23 00:11:18,091] {dag.py:2371} INFO - Sync 1 DAGs
[2022-08-23 00:11:18,109] {logging_mixin.py:115} INFO - [2022-08-23 00:11:18,109] {dag.py:2919} INFO - Setting next_dagrun for spark_job_dag to 2022-08-22T23:38:33.157147+00:00, run_after=2022-08-23T23:38:33.157147+00:00
[2022-08-23 00:11:18,118] {processor.py:161} INFO - Processing /opt/airflow/dags/spark_job_dag.py took 0.229 seconds
[2022-08-23 00:11:48,463] {processor.py:153} INFO - Started process (PID=4863) to work on /opt/airflow/dags/spark_job_dag.py
[2022-08-23 00:11:48,464] {processor.py:641} INFO - Processing file /opt/airflow/dags/spark_job_dag.py for tasks to queue
[2022-08-23 00:11:48,465] {logging_mixin.py:115} INFO - [2022-08-23 00:11:48,465] {dagbag.py:507} INFO - Filling up the DagBag from /opt/airflow/dags/spark_job_dag.py
[2022-08-23 00:11:48,663] {processor.py:651} INFO - DAG(s) dict_keys(['spark_job_dag']) retrieved from /opt/airflow/dags/spark_job_dag.py
[2022-08-23 00:11:48,690] {logging_mixin.py:115} INFO - [2022-08-23 00:11:48,690] {dag.py:2371} INFO - Sync 1 DAGs
[2022-08-23 00:11:48,709] {logging_mixin.py:115} INFO - [2022-08-23 00:11:48,709] {dag.py:2919} INFO - Setting next_dagrun for spark_job_dag to 2022-08-22T23:38:33.157147+00:00, run_after=2022-08-23T23:38:33.157147+00:00
[2022-08-23 00:11:48,719] {processor.py:161} INFO - Processing /opt/airflow/dags/spark_job_dag.py took 0.259 seconds
[2022-08-23 00:12:18,944] {processor.py:153} INFO - Started process (PID=4940) to work on /opt/airflow/dags/spark_job_dag.py
[2022-08-23 00:12:18,945] {processor.py:641} INFO - Processing file /opt/airflow/dags/spark_job_dag.py for tasks to queue
[2022-08-23 00:12:18,946] {logging_mixin.py:115} INFO - [2022-08-23 00:12:18,946] {dagbag.py:507} INFO - Filling up the DagBag from /opt/airflow/dags/spark_job_dag.py
[2022-08-23 00:12:19,128] {processor.py:651} INFO - DAG(s) dict_keys(['spark_job_dag']) retrieved from /opt/airflow/dags/spark_job_dag.py
[2022-08-23 00:12:19,148] {logging_mixin.py:115} INFO - [2022-08-23 00:12:19,148] {dag.py:2371} INFO - Sync 1 DAGs
[2022-08-23 00:12:19,167] {logging_mixin.py:115} INFO - [2022-08-23 00:12:19,167] {dag.py:2919} INFO - Setting next_dagrun for spark_job_dag to 2022-08-22T23:38:33.157147+00:00, run_after=2022-08-23T23:38:33.157147+00:00
[2022-08-23 00:12:19,177] {processor.py:161} INFO - Processing /opt/airflow/dags/spark_job_dag.py took 0.237 seconds
[2022-08-23 00:12:49,511] {processor.py:153} INFO - Started process (PID=5008) to work on /opt/airflow/dags/spark_job_dag.py
[2022-08-23 00:12:49,512] {processor.py:641} INFO - Processing file /opt/airflow/dags/spark_job_dag.py for tasks to queue
[2022-08-23 00:12:49,513] {logging_mixin.py:115} INFO - [2022-08-23 00:12:49,513] {dagbag.py:507} INFO - Filling up the DagBag from /opt/airflow/dags/spark_job_dag.py
[2022-08-23 00:12:49,700] {processor.py:651} INFO - DAG(s) dict_keys(['spark_job_dag']) retrieved from /opt/airflow/dags/spark_job_dag.py
[2022-08-23 00:12:49,721] {logging_mixin.py:115} INFO - [2022-08-23 00:12:49,721] {dag.py:2371} INFO - Sync 1 DAGs
[2022-08-23 00:12:49,740] {logging_mixin.py:115} INFO - [2022-08-23 00:12:49,740] {dag.py:2919} INFO - Setting next_dagrun for spark_job_dag to 2022-08-22T23:38:33.157147+00:00, run_after=2022-08-23T23:38:33.157147+00:00
[2022-08-23 00:12:49,751] {processor.py:161} INFO - Processing /opt/airflow/dags/spark_job_dag.py took 0.244 seconds
[2022-08-23 00:13:20,613] {processor.py:153} INFO - Started process (PID=5085) to work on /opt/airflow/dags/spark_job_dag.py
[2022-08-23 00:13:20,614] {processor.py:641} INFO - Processing file /opt/airflow/dags/spark_job_dag.py for tasks to queue
[2022-08-23 00:13:20,615] {logging_mixin.py:115} INFO - [2022-08-23 00:13:20,615] {dagbag.py:507} INFO - Filling up the DagBag from /opt/airflow/dags/spark_job_dag.py
[2022-08-23 00:13:20,805] {processor.py:651} INFO - DAG(s) dict_keys(['spark_job_dag']) retrieved from /opt/airflow/dags/spark_job_dag.py
[2022-08-23 00:13:20,827] {logging_mixin.py:115} INFO - [2022-08-23 00:13:20,826] {dag.py:2371} INFO - Sync 1 DAGs
[2022-08-23 00:13:20,846] {logging_mixin.py:115} INFO - [2022-08-23 00:13:20,846] {dag.py:2919} INFO - Setting next_dagrun for spark_job_dag to 2022-08-22T23:38:33.157147+00:00, run_after=2022-08-23T23:38:33.157147+00:00
[2022-08-23 00:13:20,857] {processor.py:161} INFO - Processing /opt/airflow/dags/spark_job_dag.py took 0.248 seconds
[2022-08-23 00:13:51,485] {processor.py:153} INFO - Started process (PID=5162) to work on /opt/airflow/dags/spark_job_dag.py
[2022-08-23 00:13:51,487] {processor.py:641} INFO - Processing file /opt/airflow/dags/spark_job_dag.py for tasks to queue
[2022-08-23 00:13:51,488] {logging_mixin.py:115} INFO - [2022-08-23 00:13:51,487] {dagbag.py:507} INFO - Filling up the DagBag from /opt/airflow/dags/spark_job_dag.py
[2022-08-23 00:13:51,676] {processor.py:651} INFO - DAG(s) dict_keys(['spark_job_dag']) retrieved from /opt/airflow/dags/spark_job_dag.py
[2022-08-23 00:13:51,697] {logging_mixin.py:115} INFO - [2022-08-23 00:13:51,697] {dag.py:2371} INFO - Sync 1 DAGs
[2022-08-23 00:13:51,716] {logging_mixin.py:115} INFO - [2022-08-23 00:13:51,716] {dag.py:2919} INFO - Setting next_dagrun for spark_job_dag to 2022-08-22T23:38:33.157147+00:00, run_after=2022-08-23T23:38:33.157147+00:00
[2022-08-23 00:13:51,725] {processor.py:161} INFO - Processing /opt/airflow/dags/spark_job_dag.py took 0.244 seconds
[2022-08-23 00:14:22,087] {processor.py:153} INFO - Started process (PID=5230) to work on /opt/airflow/dags/spark_job_dag.py
[2022-08-23 00:14:22,088] {processor.py:641} INFO - Processing file /opt/airflow/dags/spark_job_dag.py for tasks to queue
[2022-08-23 00:14:22,090] {logging_mixin.py:115} INFO - [2022-08-23 00:14:22,089] {dagbag.py:507} INFO - Filling up the DagBag from /opt/airflow/dags/spark_job_dag.py
[2022-08-23 00:14:22,280] {processor.py:651} INFO - DAG(s) dict_keys(['spark_job_dag']) retrieved from /opt/airflow/dags/spark_job_dag.py
[2022-08-23 00:14:22,302] {logging_mixin.py:115} INFO - [2022-08-23 00:14:22,302] {dag.py:2371} INFO - Sync 1 DAGs
[2022-08-23 00:14:22,322] {logging_mixin.py:115} INFO - [2022-08-23 00:14:22,322] {dag.py:2919} INFO - Setting next_dagrun for spark_job_dag to 2022-08-22T23:38:33.157147+00:00, run_after=2022-08-23T23:38:33.157147+00:00
[2022-08-23 00:14:22,337] {processor.py:161} INFO - Processing /opt/airflow/dags/spark_job_dag.py took 0.253 seconds
[2022-08-23 00:14:52,642] {processor.py:153} INFO - Started process (PID=5307) to work on /opt/airflow/dags/spark_job_dag.py
[2022-08-23 00:14:52,644] {processor.py:641} INFO - Processing file /opt/airflow/dags/spark_job_dag.py for tasks to queue
[2022-08-23 00:14:52,645] {logging_mixin.py:115} INFO - [2022-08-23 00:14:52,644] {dagbag.py:507} INFO - Filling up the DagBag from /opt/airflow/dags/spark_job_dag.py
[2022-08-23 00:14:52,826] {processor.py:651} INFO - DAG(s) dict_keys(['spark_job_dag']) retrieved from /opt/airflow/dags/spark_job_dag.py
[2022-08-23 00:14:52,846] {logging_mixin.py:115} INFO - [2022-08-23 00:14:52,846] {dag.py:2371} INFO - Sync 1 DAGs
[2022-08-23 00:14:52,864] {logging_mixin.py:115} INFO - [2022-08-23 00:14:52,864] {dag.py:2919} INFO - Setting next_dagrun for spark_job_dag to 2022-08-22T23:38:33.157147+00:00, run_after=2022-08-23T23:38:33.157147+00:00
[2022-08-23 00:14:52,874] {processor.py:161} INFO - Processing /opt/airflow/dags/spark_job_dag.py took 0.235 seconds
[2022-08-23 00:15:23,481] {processor.py:153} INFO - Started process (PID=5384) to work on /opt/airflow/dags/spark_job_dag.py
[2022-08-23 00:15:23,482] {processor.py:641} INFO - Processing file /opt/airflow/dags/spark_job_dag.py for tasks to queue
[2022-08-23 00:15:23,482] {logging_mixin.py:115} INFO - [2022-08-23 00:15:23,482] {dagbag.py:507} INFO - Filling up the DagBag from /opt/airflow/dags/spark_job_dag.py
[2022-08-23 00:15:23,670] {processor.py:651} INFO - DAG(s) dict_keys(['spark_job_dag']) retrieved from /opt/airflow/dags/spark_job_dag.py
[2022-08-23 00:15:23,689] {logging_mixin.py:115} INFO - [2022-08-23 00:15:23,689] {dag.py:2371} INFO - Sync 1 DAGs
[2022-08-23 00:15:23,707] {logging_mixin.py:115} INFO - [2022-08-23 00:15:23,707] {dag.py:2919} INFO - Setting next_dagrun for spark_job_dag to 2022-08-22T23:38:33.157147+00:00, run_after=2022-08-23T23:38:33.157147+00:00
[2022-08-23 00:15:23,717] {processor.py:161} INFO - Processing /opt/airflow/dags/spark_job_dag.py took 0.241 seconds
[2022-08-23 00:15:54,092] {processor.py:153} INFO - Started process (PID=5461) to work on /opt/airflow/dags/spark_job_dag.py
[2022-08-23 00:15:54,094] {processor.py:641} INFO - Processing file /opt/airflow/dags/spark_job_dag.py for tasks to queue
[2022-08-23 00:15:54,095] {logging_mixin.py:115} INFO - [2022-08-23 00:15:54,095] {dagbag.py:507} INFO - Filling up the DagBag from /opt/airflow/dags/spark_job_dag.py
[2022-08-23 00:15:54,284] {processor.py:651} INFO - DAG(s) dict_keys(['spark_job_dag']) retrieved from /opt/airflow/dags/spark_job_dag.py
[2022-08-23 00:15:54,304] {logging_mixin.py:115} INFO - [2022-08-23 00:15:54,304] {dag.py:2371} INFO - Sync 1 DAGs
[2022-08-23 00:15:54,325] {logging_mixin.py:115} INFO - [2022-08-23 00:15:54,325] {dag.py:2919} INFO - Setting next_dagrun for spark_job_dag to 2022-08-22T23:38:33.157147+00:00, run_after=2022-08-23T23:38:33.157147+00:00
[2022-08-23 00:15:54,335] {processor.py:161} INFO - Processing /opt/airflow/dags/spark_job_dag.py took 0.246 seconds
[2022-08-23 00:16:24,710] {processor.py:153} INFO - Started process (PID=5529) to work on /opt/airflow/dags/spark_job_dag.py
[2022-08-23 00:16:24,718] {processor.py:641} INFO - Processing file /opt/airflow/dags/spark_job_dag.py for tasks to queue
[2022-08-23 00:16:24,719] {logging_mixin.py:115} INFO - [2022-08-23 00:16:24,719] {dagbag.py:507} INFO - Filling up the DagBag from /opt/airflow/dags/spark_job_dag.py
[2022-08-23 00:16:24,921] {processor.py:651} INFO - DAG(s) dict_keys(['spark_job_dag']) retrieved from /opt/airflow/dags/spark_job_dag.py
[2022-08-23 00:16:24,940] {logging_mixin.py:115} INFO - [2022-08-23 00:16:24,940] {dag.py:2371} INFO - Sync 1 DAGs
[2022-08-23 00:16:24,963] {logging_mixin.py:115} INFO - [2022-08-23 00:16:24,963] {dag.py:2919} INFO - Setting next_dagrun for spark_job_dag to 2022-08-22T23:38:33.157147+00:00, run_after=2022-08-23T23:38:33.157147+00:00
[2022-08-23 00:16:24,975] {processor.py:161} INFO - Processing /opt/airflow/dags/spark_job_dag.py took 0.269 seconds
[2022-08-23 00:16:55,210] {processor.py:153} INFO - Started process (PID=5606) to work on /opt/airflow/dags/spark_job_dag.py
[2022-08-23 00:16:55,222] {processor.py:641} INFO - Processing file /opt/airflow/dags/spark_job_dag.py for tasks to queue
[2022-08-23 00:16:55,223] {logging_mixin.py:115} INFO - [2022-08-23 00:16:55,223] {dagbag.py:507} INFO - Filling up the DagBag from /opt/airflow/dags/spark_job_dag.py
[2022-08-23 00:16:55,419] {processor.py:651} INFO - DAG(s) dict_keys(['spark_job_dag']) retrieved from /opt/airflow/dags/spark_job_dag.py
[2022-08-23 00:16:55,441] {logging_mixin.py:115} INFO - [2022-08-23 00:16:55,441] {dag.py:2371} INFO - Sync 1 DAGs
[2022-08-23 00:16:55,463] {logging_mixin.py:115} INFO - [2022-08-23 00:16:55,463] {dag.py:2919} INFO - Setting next_dagrun for spark_job_dag to 2022-08-22T23:38:33.157147+00:00, run_after=2022-08-23T23:38:33.157147+00:00
[2022-08-23 00:16:55,486] {processor.py:161} INFO - Processing /opt/airflow/dags/spark_job_dag.py took 0.279 seconds
[2022-08-23 00:17:25,720] {processor.py:153} INFO - Started process (PID=5683) to work on /opt/airflow/dags/spark_job_dag.py
[2022-08-23 00:17:25,721] {processor.py:641} INFO - Processing file /opt/airflow/dags/spark_job_dag.py for tasks to queue
[2022-08-23 00:17:25,721] {logging_mixin.py:115} INFO - [2022-08-23 00:17:25,721] {dagbag.py:507} INFO - Filling up the DagBag from /opt/airflow/dags/spark_job_dag.py
[2022-08-23 00:17:25,905] {processor.py:651} INFO - DAG(s) dict_keys(['spark_job_dag']) retrieved from /opt/airflow/dags/spark_job_dag.py
[2022-08-23 00:17:25,925] {logging_mixin.py:115} INFO - [2022-08-23 00:17:25,925] {dag.py:2371} INFO - Sync 1 DAGs
[2022-08-23 00:17:25,944] {logging_mixin.py:115} INFO - [2022-08-23 00:17:25,944] {dag.py:2919} INFO - Setting next_dagrun for spark_job_dag to 2022-08-22T23:38:33.157147+00:00, run_after=2022-08-23T23:38:33.157147+00:00
[2022-08-23 00:17:25,954] {processor.py:161} INFO - Processing /opt/airflow/dags/spark_job_dag.py took 0.239 seconds
[2022-08-23 00:17:56,693] {processor.py:153} INFO - Started process (PID=5751) to work on /opt/airflow/dags/spark_job_dag.py
[2022-08-23 00:17:56,694] {processor.py:641} INFO - Processing file /opt/airflow/dags/spark_job_dag.py for tasks to queue
[2022-08-23 00:17:56,695] {logging_mixin.py:115} INFO - [2022-08-23 00:17:56,695] {dagbag.py:507} INFO - Filling up the DagBag from /opt/airflow/dags/spark_job_dag.py
[2022-08-23 00:17:56,894] {processor.py:651} INFO - DAG(s) dict_keys(['spark_job_dag']) retrieved from /opt/airflow/dags/spark_job_dag.py
[2022-08-23 00:17:56,916] {logging_mixin.py:115} INFO - [2022-08-23 00:17:56,915] {dag.py:2371} INFO - Sync 1 DAGs
[2022-08-23 00:17:56,936] {logging_mixin.py:115} INFO - [2022-08-23 00:17:56,936] {dag.py:2919} INFO - Setting next_dagrun for spark_job_dag to 2022-08-22T23:38:33.157147+00:00, run_after=2022-08-23T23:38:33.157147+00:00
[2022-08-23 00:17:56,947] {processor.py:161} INFO - Processing /opt/airflow/dags/spark_job_dag.py took 0.258 seconds
[2022-08-23 00:18:27,535] {processor.py:153} INFO - Started process (PID=5828) to work on /opt/airflow/dags/spark_job_dag.py
[2022-08-23 00:18:27,535] {processor.py:641} INFO - Processing file /opt/airflow/dags/spark_job_dag.py for tasks to queue
[2022-08-23 00:18:27,536] {logging_mixin.py:115} INFO - [2022-08-23 00:18:27,536] {dagbag.py:507} INFO - Filling up the DagBag from /opt/airflow/dags/spark_job_dag.py
[2022-08-23 00:18:27,725] {processor.py:651} INFO - DAG(s) dict_keys(['spark_job_dag']) retrieved from /opt/airflow/dags/spark_job_dag.py
[2022-08-23 00:18:27,744] {logging_mixin.py:115} INFO - [2022-08-23 00:18:27,744] {dag.py:2371} INFO - Sync 1 DAGs
[2022-08-23 00:18:27,764] {logging_mixin.py:115} INFO - [2022-08-23 00:18:27,763] {dag.py:2919} INFO - Setting next_dagrun for spark_job_dag to 2022-08-22T23:38:33.157147+00:00, run_after=2022-08-23T23:38:33.157147+00:00
[2022-08-23 00:18:27,774] {processor.py:161} INFO - Processing /opt/airflow/dags/spark_job_dag.py took 0.243 seconds
[2022-08-23 00:18:58,178] {processor.py:153} INFO - Started process (PID=5905) to work on /opt/airflow/dags/spark_job_dag.py
[2022-08-23 00:18:58,179] {processor.py:641} INFO - Processing file /opt/airflow/dags/spark_job_dag.py for tasks to queue
[2022-08-23 00:18:58,179] {logging_mixin.py:115} INFO - [2022-08-23 00:18:58,179] {dagbag.py:507} INFO - Filling up the DagBag from /opt/airflow/dags/spark_job_dag.py
[2022-08-23 00:18:58,361] {processor.py:651} INFO - DAG(s) dict_keys(['spark_job_dag']) retrieved from /opt/airflow/dags/spark_job_dag.py
[2022-08-23 00:18:58,381] {logging_mixin.py:115} INFO - [2022-08-23 00:18:58,381] {dag.py:2371} INFO - Sync 1 DAGs
[2022-08-23 00:18:58,400] {logging_mixin.py:115} INFO - [2022-08-23 00:18:58,399] {dag.py:2919} INFO - Setting next_dagrun for spark_job_dag to 2022-08-22T23:38:33.157147+00:00, run_after=2022-08-23T23:38:33.157147+00:00
[2022-08-23 00:18:58,409] {processor.py:161} INFO - Processing /opt/airflow/dags/spark_job_dag.py took 0.236 seconds
[2022-08-23 00:19:28,503] {processor.py:153} INFO - Started process (PID=5982) to work on /opt/airflow/dags/spark_job_dag.py
[2022-08-23 00:19:28,504] {processor.py:641} INFO - Processing file /opt/airflow/dags/spark_job_dag.py for tasks to queue
[2022-08-23 00:19:28,505] {logging_mixin.py:115} INFO - [2022-08-23 00:19:28,505] {dagbag.py:507} INFO - Filling up the DagBag from /opt/airflow/dags/spark_job_dag.py
[2022-08-23 00:19:28,772] {processor.py:651} INFO - DAG(s) dict_keys(['spark_job_dag']) retrieved from /opt/airflow/dags/spark_job_dag.py
[2022-08-23 00:19:28,791] {logging_mixin.py:115} INFO - [2022-08-23 00:19:28,791] {dag.py:2371} INFO - Sync 1 DAGs
[2022-08-23 00:19:28,812] {logging_mixin.py:115} INFO - [2022-08-23 00:19:28,812] {dag.py:2919} INFO - Setting next_dagrun for spark_job_dag to 2022-08-22T23:38:33.157147+00:00, run_after=2022-08-23T23:38:33.157147+00:00
[2022-08-23 00:19:28,822] {processor.py:161} INFO - Processing /opt/airflow/dags/spark_job_dag.py took 0.323 seconds
[2022-08-23 00:19:58,851] {processor.py:153} INFO - Started process (PID=6050) to work on /opt/airflow/dags/spark_job_dag.py
[2022-08-23 00:19:58,852] {processor.py:641} INFO - Processing file /opt/airflow/dags/spark_job_dag.py for tasks to queue
[2022-08-23 00:19:58,853] {logging_mixin.py:115} INFO - [2022-08-23 00:19:58,853] {dagbag.py:507} INFO - Filling up the DagBag from /opt/airflow/dags/spark_job_dag.py
[2022-08-23 00:19:59,033] {processor.py:651} INFO - DAG(s) dict_keys(['spark_job_dag']) retrieved from /opt/airflow/dags/spark_job_dag.py
[2022-08-23 00:19:59,053] {logging_mixin.py:115} INFO - [2022-08-23 00:19:59,052] {dag.py:2371} INFO - Sync 1 DAGs
[2022-08-23 00:19:59,073] {logging_mixin.py:115} INFO - [2022-08-23 00:19:59,073] {dag.py:2919} INFO - Setting next_dagrun for spark_job_dag to 2022-08-22T23:38:33.157147+00:00, run_after=2022-08-23T23:38:33.157147+00:00
[2022-08-23 00:19:59,084] {processor.py:161} INFO - Processing /opt/airflow/dags/spark_job_dag.py took 0.236 seconds
[2022-08-23 00:20:29,405] {processor.py:153} INFO - Started process (PID=6127) to work on /opt/airflow/dags/spark_job_dag.py
[2022-08-23 00:20:29,406] {processor.py:641} INFO - Processing file /opt/airflow/dags/spark_job_dag.py for tasks to queue
[2022-08-23 00:20:29,406] {logging_mixin.py:115} INFO - [2022-08-23 00:20:29,406] {dagbag.py:507} INFO - Filling up the DagBag from /opt/airflow/dags/spark_job_dag.py
[2022-08-23 00:20:29,605] {processor.py:651} INFO - DAG(s) dict_keys(['spark_job_dag']) retrieved from /opt/airflow/dags/spark_job_dag.py
[2022-08-23 00:20:29,629] {logging_mixin.py:115} INFO - [2022-08-23 00:20:29,629] {dag.py:2371} INFO - Sync 1 DAGs
[2022-08-23 00:20:29,647] {logging_mixin.py:115} INFO - [2022-08-23 00:20:29,647] {dag.py:2919} INFO - Setting next_dagrun for spark_job_dag to 2022-08-22T23:38:33.157147+00:00, run_after=2022-08-23T23:38:33.157147+00:00
[2022-08-23 00:20:29,659] {processor.py:161} INFO - Processing /opt/airflow/dags/spark_job_dag.py took 0.258 seconds
[2022-08-23 00:20:59,806] {processor.py:153} INFO - Started process (PID=6204) to work on /opt/airflow/dags/spark_job_dag.py
[2022-08-23 00:20:59,807] {processor.py:641} INFO - Processing file /opt/airflow/dags/spark_job_dag.py for tasks to queue
[2022-08-23 00:20:59,807] {logging_mixin.py:115} INFO - [2022-08-23 00:20:59,807] {dagbag.py:507} INFO - Filling up the DagBag from /opt/airflow/dags/spark_job_dag.py
[2022-08-23 00:21:00,013] {processor.py:651} INFO - DAG(s) dict_keys(['spark_job_dag']) retrieved from /opt/airflow/dags/spark_job_dag.py
[2022-08-23 00:21:00,039] {logging_mixin.py:115} INFO - [2022-08-23 00:21:00,039] {dag.py:2371} INFO - Sync 1 DAGs
[2022-08-23 00:21:00,059] {logging_mixin.py:115} INFO - [2022-08-23 00:21:00,058] {dag.py:2919} INFO - Setting next_dagrun for spark_job_dag to 2022-08-22T23:38:33.157147+00:00, run_after=2022-08-23T23:38:33.157147+00:00
[2022-08-23 00:21:00,070] {processor.py:161} INFO - Processing /opt/airflow/dags/spark_job_dag.py took 0.268 seconds
[2022-08-23 00:21:30,927] {processor.py:153} INFO - Started process (PID=6272) to work on /opt/airflow/dags/spark_job_dag.py
[2022-08-23 00:21:30,928] {processor.py:641} INFO - Processing file /opt/airflow/dags/spark_job_dag.py for tasks to queue
[2022-08-23 00:21:30,929] {logging_mixin.py:115} INFO - [2022-08-23 00:21:30,929] {dagbag.py:507} INFO - Filling up the DagBag from /opt/airflow/dags/spark_job_dag.py
[2022-08-23 00:21:31,134] {processor.py:651} INFO - DAG(s) dict_keys(['spark_job_dag']) retrieved from /opt/airflow/dags/spark_job_dag.py
[2022-08-23 00:21:31,163] {logging_mixin.py:115} INFO - [2022-08-23 00:21:31,163] {dag.py:2371} INFO - Sync 1 DAGs
[2022-08-23 00:21:31,203] {logging_mixin.py:115} INFO - [2022-08-23 00:21:31,203] {dag.py:2919} INFO - Setting next_dagrun for spark_job_dag to 2022-08-22T23:38:33.157147+00:00, run_after=2022-08-23T23:38:33.157147+00:00
[2022-08-23 00:21:31,255] {processor.py:161} INFO - Processing /opt/airflow/dags/spark_job_dag.py took 0.332 seconds
[2022-08-23 00:22:01,397] {processor.py:153} INFO - Started process (PID=6349) to work on /opt/airflow/dags/spark_job_dag.py
[2022-08-23 00:22:01,398] {processor.py:641} INFO - Processing file /opt/airflow/dags/spark_job_dag.py for tasks to queue
[2022-08-23 00:22:01,399] {logging_mixin.py:115} INFO - [2022-08-23 00:22:01,399] {dagbag.py:507} INFO - Filling up the DagBag from /opt/airflow/dags/spark_job_dag.py
[2022-08-23 00:22:01,580] {processor.py:651} INFO - DAG(s) dict_keys(['spark_job_dag']) retrieved from /opt/airflow/dags/spark_job_dag.py
[2022-08-23 00:22:01,604] {logging_mixin.py:115} INFO - [2022-08-23 00:22:01,603] {dag.py:2371} INFO - Sync 1 DAGs
[2022-08-23 00:22:01,626] {logging_mixin.py:115} INFO - [2022-08-23 00:22:01,626] {dag.py:2919} INFO - Setting next_dagrun for spark_job_dag to 2022-08-22T23:38:33.157147+00:00, run_after=2022-08-23T23:38:33.157147+00:00
[2022-08-23 00:22:01,636] {processor.py:161} INFO - Processing /opt/airflow/dags/spark_job_dag.py took 0.243 seconds
[2022-08-23 00:22:31,856] {processor.py:153} INFO - Started process (PID=6426) to work on /opt/airflow/dags/spark_job_dag.py
[2022-08-23 00:22:31,857] {processor.py:641} INFO - Processing file /opt/airflow/dags/spark_job_dag.py for tasks to queue
[2022-08-23 00:22:31,858] {logging_mixin.py:115} INFO - [2022-08-23 00:22:31,858] {dagbag.py:507} INFO - Filling up the DagBag from /opt/airflow/dags/spark_job_dag.py
[2022-08-23 00:22:32,034] {processor.py:651} INFO - DAG(s) dict_keys(['spark_job_dag']) retrieved from /opt/airflow/dags/spark_job_dag.py
[2022-08-23 00:22:32,053] {logging_mixin.py:115} INFO - [2022-08-23 00:22:32,053] {dag.py:2371} INFO - Sync 1 DAGs
[2022-08-23 00:22:32,072] {logging_mixin.py:115} INFO - [2022-08-23 00:22:32,072] {dag.py:2919} INFO - Setting next_dagrun for spark_job_dag to 2022-08-22T23:38:33.157147+00:00, run_after=2022-08-23T23:38:33.157147+00:00
[2022-08-23 00:22:32,082] {processor.py:161} INFO - Processing /opt/airflow/dags/spark_job_dag.py took 0.229 seconds
[2022-08-23 00:23:02,602] {processor.py:153} INFO - Started process (PID=6503) to work on /opt/airflow/dags/spark_job_dag.py
[2022-08-23 00:23:02,603] {processor.py:641} INFO - Processing file /opt/airflow/dags/spark_job_dag.py for tasks to queue
[2022-08-23 00:23:02,605] {logging_mixin.py:115} INFO - [2022-08-23 00:23:02,604] {dagbag.py:507} INFO - Filling up the DagBag from /opt/airflow/dags/spark_job_dag.py
[2022-08-23 00:23:02,790] {processor.py:651} INFO - DAG(s) dict_keys(['spark_job_dag']) retrieved from /opt/airflow/dags/spark_job_dag.py
[2022-08-23 00:23:02,810] {logging_mixin.py:115} INFO - [2022-08-23 00:23:02,810] {dag.py:2371} INFO - Sync 1 DAGs
[2022-08-23 00:23:02,831] {logging_mixin.py:115} INFO - [2022-08-23 00:23:02,831] {dag.py:2919} INFO - Setting next_dagrun for spark_job_dag to 2022-08-22T23:38:33.157147+00:00, run_after=2022-08-23T23:38:33.157147+00:00
[2022-08-23 00:23:02,842] {processor.py:161} INFO - Processing /opt/airflow/dags/spark_job_dag.py took 0.244 seconds
[2022-08-23 00:23:33,165] {processor.py:153} INFO - Started process (PID=6571) to work on /opt/airflow/dags/spark_job_dag.py
[2022-08-23 00:23:33,166] {processor.py:641} INFO - Processing file /opt/airflow/dags/spark_job_dag.py for tasks to queue
[2022-08-23 00:23:33,167] {logging_mixin.py:115} INFO - [2022-08-23 00:23:33,167] {dagbag.py:507} INFO - Filling up the DagBag from /opt/airflow/dags/spark_job_dag.py
[2022-08-23 00:23:33,358] {processor.py:651} INFO - DAG(s) dict_keys(['spark_job_dag']) retrieved from /opt/airflow/dags/spark_job_dag.py
[2022-08-23 00:23:33,379] {logging_mixin.py:115} INFO - [2022-08-23 00:23:33,379] {dag.py:2371} INFO - Sync 1 DAGs
[2022-08-23 00:23:33,398] {logging_mixin.py:115} INFO - [2022-08-23 00:23:33,398] {dag.py:2919} INFO - Setting next_dagrun for spark_job_dag to 2022-08-22T23:38:33.157147+00:00, run_after=2022-08-23T23:38:33.157147+00:00
[2022-08-23 00:23:33,407] {processor.py:161} INFO - Processing /opt/airflow/dags/spark_job_dag.py took 0.246 seconds
[2022-08-23 00:24:03,498] {processor.py:153} INFO - Started process (PID=6648) to work on /opt/airflow/dags/spark_job_dag.py
[2022-08-23 00:24:03,499] {processor.py:641} INFO - Processing file /opt/airflow/dags/spark_job_dag.py for tasks to queue
[2022-08-23 00:24:03,501] {logging_mixin.py:115} INFO - [2022-08-23 00:24:03,500] {dagbag.py:507} INFO - Filling up the DagBag from /opt/airflow/dags/spark_job_dag.py
[2022-08-23 00:24:03,685] {processor.py:651} INFO - DAG(s) dict_keys(['spark_job_dag']) retrieved from /opt/airflow/dags/spark_job_dag.py
[2022-08-23 00:24:03,707] {logging_mixin.py:115} INFO - [2022-08-23 00:24:03,706] {dag.py:2371} INFO - Sync 1 DAGs
[2022-08-23 00:24:03,730] {logging_mixin.py:115} INFO - [2022-08-23 00:24:03,730] {dag.py:2919} INFO - Setting next_dagrun for spark_job_dag to 2022-08-22T23:38:33.157147+00:00, run_after=2022-08-23T23:38:33.157147+00:00
[2022-08-23 00:24:03,742] {processor.py:161} INFO - Processing /opt/airflow/dags/spark_job_dag.py took 0.247 seconds
[2022-08-23 00:24:33,837] {processor.py:153} INFO - Started process (PID=6726) to work on /opt/airflow/dags/spark_job_dag.py
[2022-08-23 00:24:33,839] {processor.py:641} INFO - Processing file /opt/airflow/dags/spark_job_dag.py for tasks to queue
[2022-08-23 00:24:33,841] {logging_mixin.py:115} INFO - [2022-08-23 00:24:33,841] {dagbag.py:507} INFO - Filling up the DagBag from /opt/airflow/dags/spark_job_dag.py
[2022-08-23 00:24:34,030] {processor.py:651} INFO - DAG(s) dict_keys(['spark_job_dag']) retrieved from /opt/airflow/dags/spark_job_dag.py
[2022-08-23 00:24:34,051] {logging_mixin.py:115} INFO - [2022-08-23 00:24:34,051] {dag.py:2371} INFO - Sync 1 DAGs
[2022-08-23 00:24:34,072] {logging_mixin.py:115} INFO - [2022-08-23 00:24:34,072] {dag.py:2919} INFO - Setting next_dagrun for spark_job_dag to 2022-08-22T23:38:33.157147+00:00, run_after=2022-08-23T23:38:33.157147+00:00
[2022-08-23 00:24:34,084] {processor.py:161} INFO - Processing /opt/airflow/dags/spark_job_dag.py took 0.251 seconds
[2022-08-23 00:25:04,762] {processor.py:153} INFO - Started process (PID=6794) to work on /opt/airflow/dags/spark_job_dag.py
[2022-08-23 00:25:04,763] {processor.py:641} INFO - Processing file /opt/airflow/dags/spark_job_dag.py for tasks to queue
[2022-08-23 00:25:04,764] {logging_mixin.py:115} INFO - [2022-08-23 00:25:04,764] {dagbag.py:507} INFO - Filling up the DagBag from /opt/airflow/dags/spark_job_dag.py
[2022-08-23 00:25:04,945] {processor.py:651} INFO - DAG(s) dict_keys(['spark_job_dag']) retrieved from /opt/airflow/dags/spark_job_dag.py
[2022-08-23 00:25:04,964] {logging_mixin.py:115} INFO - [2022-08-23 00:25:04,964] {dag.py:2371} INFO - Sync 1 DAGs
[2022-08-23 00:25:04,983] {logging_mixin.py:115} INFO - [2022-08-23 00:25:04,983] {dag.py:2919} INFO - Setting next_dagrun for spark_job_dag to 2022-08-22T23:38:33.157147+00:00, run_after=2022-08-23T23:38:33.157147+00:00
[2022-08-23 00:25:04,994] {processor.py:161} INFO - Processing /opt/airflow/dags/spark_job_dag.py took 0.236 seconds
[2022-08-23 00:25:35,263] {processor.py:153} INFO - Started process (PID=6871) to work on /opt/airflow/dags/spark_job_dag.py
[2022-08-23 00:25:35,264] {processor.py:641} INFO - Processing file /opt/airflow/dags/spark_job_dag.py for tasks to queue
[2022-08-23 00:25:35,265] {logging_mixin.py:115} INFO - [2022-08-23 00:25:35,265] {dagbag.py:507} INFO - Filling up the DagBag from /opt/airflow/dags/spark_job_dag.py
[2022-08-23 00:25:35,453] {processor.py:651} INFO - DAG(s) dict_keys(['spark_job_dag']) retrieved from /opt/airflow/dags/spark_job_dag.py
[2022-08-23 00:25:35,472] {logging_mixin.py:115} INFO - [2022-08-23 00:25:35,472] {dag.py:2371} INFO - Sync 1 DAGs
[2022-08-23 00:25:35,491] {logging_mixin.py:115} INFO - [2022-08-23 00:25:35,491] {dag.py:2919} INFO - Setting next_dagrun for spark_job_dag to 2022-08-22T23:38:33.157147+00:00, run_after=2022-08-23T23:38:33.157147+00:00
[2022-08-23 00:25:35,501] {processor.py:161} INFO - Processing /opt/airflow/dags/spark_job_dag.py took 0.242 seconds
[2022-08-23 00:26:05,855] {processor.py:153} INFO - Started process (PID=6948) to work on /opt/airflow/dags/spark_job_dag.py
[2022-08-23 00:26:05,856] {processor.py:641} INFO - Processing file /opt/airflow/dags/spark_job_dag.py for tasks to queue
[2022-08-23 00:26:05,857] {logging_mixin.py:115} INFO - [2022-08-23 00:26:05,857] {dagbag.py:507} INFO - Filling up the DagBag from /opt/airflow/dags/spark_job_dag.py
[2022-08-23 00:26:06,043] {processor.py:651} INFO - DAG(s) dict_keys(['spark_job_dag']) retrieved from /opt/airflow/dags/spark_job_dag.py
[2022-08-23 00:26:06,062] {logging_mixin.py:115} INFO - [2022-08-23 00:26:06,062] {dag.py:2371} INFO - Sync 1 DAGs
[2022-08-23 00:26:06,082] {logging_mixin.py:115} INFO - [2022-08-23 00:26:06,082] {dag.py:2919} INFO - Setting next_dagrun for spark_job_dag to 2022-08-22T23:38:33.157147+00:00, run_after=2022-08-23T23:38:33.157147+00:00
[2022-08-23 00:26:06,093] {processor.py:161} INFO - Processing /opt/airflow/dags/spark_job_dag.py took 0.242 seconds
[2022-08-23 00:26:36,483] {processor.py:153} INFO - Started process (PID=7025) to work on /opt/airflow/dags/spark_job_dag.py
[2022-08-23 00:26:36,503] {processor.py:641} INFO - Processing file /opt/airflow/dags/spark_job_dag.py for tasks to queue
[2022-08-23 00:26:36,504] {logging_mixin.py:115} INFO - [2022-08-23 00:26:36,504] {dagbag.py:507} INFO - Filling up the DagBag from /opt/airflow/dags/spark_job_dag.py
[2022-08-23 00:26:36,713] {processor.py:651} INFO - DAG(s) dict_keys(['spark_job_dag']) retrieved from /opt/airflow/dags/spark_job_dag.py
[2022-08-23 00:26:36,754] {logging_mixin.py:115} INFO - [2022-08-23 00:26:36,754] {dag.py:2371} INFO - Sync 1 DAGs
[2022-08-23 00:26:36,783] {logging_mixin.py:115} INFO - [2022-08-23 00:26:36,782] {dag.py:2919} INFO - Setting next_dagrun for spark_job_dag to 2022-08-22T23:38:33.157147+00:00, run_after=2022-08-23T23:38:33.157147+00:00
[2022-08-23 00:26:36,809] {processor.py:161} INFO - Processing /opt/airflow/dags/spark_job_dag.py took 0.329 seconds
[2022-08-23 00:27:06,905] {processor.py:153} INFO - Started process (PID=7093) to work on /opt/airflow/dags/spark_job_dag.py
[2022-08-23 00:27:06,906] {processor.py:641} INFO - Processing file /opt/airflow/dags/spark_job_dag.py for tasks to queue
[2022-08-23 00:27:06,907] {logging_mixin.py:115} INFO - [2022-08-23 00:27:06,907] {dagbag.py:507} INFO - Filling up the DagBag from /opt/airflow/dags/spark_job_dag.py
[2022-08-23 00:27:07,097] {processor.py:651} INFO - DAG(s) dict_keys(['spark_job_dag']) retrieved from /opt/airflow/dags/spark_job_dag.py
[2022-08-23 00:27:07,117] {logging_mixin.py:115} INFO - [2022-08-23 00:27:07,117] {dag.py:2371} INFO - Sync 1 DAGs
[2022-08-23 00:27:07,136] {logging_mixin.py:115} INFO - [2022-08-23 00:27:07,136] {dag.py:2919} INFO - Setting next_dagrun for spark_job_dag to 2022-08-22T23:38:33.157147+00:00, run_after=2022-08-23T23:38:33.157147+00:00
[2022-08-23 00:27:07,148] {processor.py:161} INFO - Processing /opt/airflow/dags/spark_job_dag.py took 0.246 seconds
[2022-08-23 00:27:37,510] {processor.py:153} INFO - Started process (PID=7170) to work on /opt/airflow/dags/spark_job_dag.py
[2022-08-23 00:27:37,511] {processor.py:641} INFO - Processing file /opt/airflow/dags/spark_job_dag.py for tasks to queue
[2022-08-23 00:27:37,512] {logging_mixin.py:115} INFO - [2022-08-23 00:27:37,512] {dagbag.py:507} INFO - Filling up the DagBag from /opt/airflow/dags/spark_job_dag.py
[2022-08-23 00:27:37,705] {processor.py:651} INFO - DAG(s) dict_keys(['spark_job_dag']) retrieved from /opt/airflow/dags/spark_job_dag.py
[2022-08-23 00:27:37,725] {logging_mixin.py:115} INFO - [2022-08-23 00:27:37,725] {dag.py:2371} INFO - Sync 1 DAGs
[2022-08-23 00:27:37,744] {logging_mixin.py:115} INFO - [2022-08-23 00:27:37,744] {dag.py:2919} INFO - Setting next_dagrun for spark_job_dag to 2022-08-22T23:38:33.157147+00:00, run_after=2022-08-23T23:38:33.157147+00:00
[2022-08-23 00:27:37,755] {processor.py:161} INFO - Processing /opt/airflow/dags/spark_job_dag.py took 0.250 seconds
