[2022-08-23 00:00:04,010] {processor.py:153} INFO - Started process (PID=3148) to work on /opt/airflow/dags/trigger_rule_dag.py
[2022-08-23 00:00:04,011] {processor.py:641} INFO - Processing file /opt/airflow/dags/trigger_rule_dag.py for tasks to queue
[2022-08-23 00:00:04,012] {logging_mixin.py:115} INFO - [2022-08-23 00:00:04,012] {dagbag.py:507} INFO - Filling up the DagBag from /opt/airflow/dags/trigger_rule_dag.py
[2022-08-23 00:00:04,023] {processor.py:651} INFO - DAG(s) dict_keys(['trigger_rule_dag']) retrieved from /opt/airflow/dags/trigger_rule_dag.py
[2022-08-23 00:00:04,050] {logging_mixin.py:115} INFO - [2022-08-23 00:00:04,049] {dag.py:2371} INFO - Sync 1 DAGs
[2022-08-23 00:00:04,077] {logging_mixin.py:115} INFO - [2022-08-23 00:00:04,077] {dag.py:2919} INFO - Setting next_dagrun for trigger_rule_dag to 2022-08-22T00:00:00+00:00, run_after=2022-08-23T00:00:00+00:00
[2022-08-23 00:00:04,087] {processor.py:161} INFO - Processing /opt/airflow/dags/trigger_rule_dag.py took 0.081 seconds
[2022-08-23 00:00:34,177] {processor.py:153} INFO - Started process (PID=3225) to work on /opt/airflow/dags/trigger_rule_dag.py
[2022-08-23 00:00:34,178] {processor.py:641} INFO - Processing file /opt/airflow/dags/trigger_rule_dag.py for tasks to queue
[2022-08-23 00:00:34,179] {logging_mixin.py:115} INFO - [2022-08-23 00:00:34,179] {dagbag.py:507} INFO - Filling up the DagBag from /opt/airflow/dags/trigger_rule_dag.py
[2022-08-23 00:00:34,189] {processor.py:651} INFO - DAG(s) dict_keys(['trigger_rule_dag']) retrieved from /opt/airflow/dags/trigger_rule_dag.py
[2022-08-23 00:00:34,214] {logging_mixin.py:115} INFO - [2022-08-23 00:00:34,214] {dag.py:2371} INFO - Sync 1 DAGs
[2022-08-23 00:00:34,237] {logging_mixin.py:115} INFO - [2022-08-23 00:00:34,237] {dag.py:2919} INFO - Setting next_dagrun for trigger_rule_dag to 2022-08-22T00:00:00+00:00, run_after=2022-08-23T00:00:00+00:00
[2022-08-23 00:00:34,247] {processor.py:161} INFO - Processing /opt/airflow/dags/trigger_rule_dag.py took 0.073 seconds
[2022-08-23 00:01:04,560] {processor.py:153} INFO - Started process (PID=3301) to work on /opt/airflow/dags/trigger_rule_dag.py
[2022-08-23 00:01:04,561] {processor.py:641} INFO - Processing file /opt/airflow/dags/trigger_rule_dag.py for tasks to queue
[2022-08-23 00:01:04,561] {logging_mixin.py:115} INFO - [2022-08-23 00:01:04,561] {dagbag.py:507} INFO - Filling up the DagBag from /opt/airflow/dags/trigger_rule_dag.py
[2022-08-23 00:01:04,571] {processor.py:651} INFO - DAG(s) dict_keys(['trigger_rule_dag']) retrieved from /opt/airflow/dags/trigger_rule_dag.py
[2022-08-23 00:01:04,596] {logging_mixin.py:115} INFO - [2022-08-23 00:01:04,596] {dag.py:2371} INFO - Sync 1 DAGs
[2022-08-23 00:01:04,619] {logging_mixin.py:115} INFO - [2022-08-23 00:01:04,619] {dag.py:2919} INFO - Setting next_dagrun for trigger_rule_dag to 2022-08-22T00:00:00+00:00, run_after=2022-08-23T00:00:00+00:00
[2022-08-23 00:01:04,628] {processor.py:161} INFO - Processing /opt/airflow/dags/trigger_rule_dag.py took 0.071 seconds
[2022-08-23 00:01:35,043] {processor.py:153} INFO - Started process (PID=3378) to work on /opt/airflow/dags/trigger_rule_dag.py
[2022-08-23 00:01:35,045] {processor.py:641} INFO - Processing file /opt/airflow/dags/trigger_rule_dag.py for tasks to queue
[2022-08-23 00:01:35,046] {logging_mixin.py:115} INFO - [2022-08-23 00:01:35,046] {dagbag.py:507} INFO - Filling up the DagBag from /opt/airflow/dags/trigger_rule_dag.py
[2022-08-23 00:01:35,058] {processor.py:651} INFO - DAG(s) dict_keys(['trigger_rule_dag']) retrieved from /opt/airflow/dags/trigger_rule_dag.py
[2022-08-23 00:01:35,085] {logging_mixin.py:115} INFO - [2022-08-23 00:01:35,085] {dag.py:2371} INFO - Sync 1 DAGs
[2022-08-23 00:01:35,109] {logging_mixin.py:115} INFO - [2022-08-23 00:01:35,109] {dag.py:2919} INFO - Setting next_dagrun for trigger_rule_dag to 2022-08-22T00:00:00+00:00, run_after=2022-08-23T00:00:00+00:00
[2022-08-23 00:01:35,120] {processor.py:161} INFO - Processing /opt/airflow/dags/trigger_rule_dag.py took 0.080 seconds
[2022-08-23 00:02:05,555] {processor.py:153} INFO - Started process (PID=3446) to work on /opt/airflow/dags/trigger_rule_dag.py
[2022-08-23 00:02:05,556] {processor.py:641} INFO - Processing file /opt/airflow/dags/trigger_rule_dag.py for tasks to queue
[2022-08-23 00:02:05,557] {logging_mixin.py:115} INFO - [2022-08-23 00:02:05,557] {dagbag.py:507} INFO - Filling up the DagBag from /opt/airflow/dags/trigger_rule_dag.py
[2022-08-23 00:02:05,567] {processor.py:651} INFO - DAG(s) dict_keys(['trigger_rule_dag']) retrieved from /opt/airflow/dags/trigger_rule_dag.py
[2022-08-23 00:02:05,592] {logging_mixin.py:115} INFO - [2022-08-23 00:02:05,592] {dag.py:2371} INFO - Sync 1 DAGs
[2022-08-23 00:02:05,616] {logging_mixin.py:115} INFO - [2022-08-23 00:02:05,616] {dag.py:2919} INFO - Setting next_dagrun for trigger_rule_dag to 2022-08-22T00:00:00+00:00, run_after=2022-08-23T00:00:00+00:00
[2022-08-23 00:02:05,626] {processor.py:161} INFO - Processing /opt/airflow/dags/trigger_rule_dag.py took 0.074 seconds
[2022-08-23 00:02:36,070] {processor.py:153} INFO - Started process (PID=3523) to work on /opt/airflow/dags/trigger_rule_dag.py
[2022-08-23 00:02:36,071] {processor.py:641} INFO - Processing file /opt/airflow/dags/trigger_rule_dag.py for tasks to queue
[2022-08-23 00:02:36,072] {logging_mixin.py:115} INFO - [2022-08-23 00:02:36,072] {dagbag.py:507} INFO - Filling up the DagBag from /opt/airflow/dags/trigger_rule_dag.py
[2022-08-23 00:02:36,081] {processor.py:651} INFO - DAG(s) dict_keys(['trigger_rule_dag']) retrieved from /opt/airflow/dags/trigger_rule_dag.py
[2022-08-23 00:02:36,108] {logging_mixin.py:115} INFO - [2022-08-23 00:02:36,108] {dag.py:2371} INFO - Sync 1 DAGs
[2022-08-23 00:02:36,132] {logging_mixin.py:115} INFO - [2022-08-23 00:02:36,131] {dag.py:2919} INFO - Setting next_dagrun for trigger_rule_dag to 2022-08-22T00:00:00+00:00, run_after=2022-08-23T00:00:00+00:00
[2022-08-23 00:02:36,146] {processor.py:161} INFO - Processing /opt/airflow/dags/trigger_rule_dag.py took 0.080 seconds
[2022-08-23 00:03:06,544] {processor.py:153} INFO - Started process (PID=3600) to work on /opt/airflow/dags/trigger_rule_dag.py
[2022-08-23 00:03:06,545] {processor.py:641} INFO - Processing file /opt/airflow/dags/trigger_rule_dag.py for tasks to queue
[2022-08-23 00:03:06,546] {logging_mixin.py:115} INFO - [2022-08-23 00:03:06,545] {dagbag.py:507} INFO - Filling up the DagBag from /opt/airflow/dags/trigger_rule_dag.py
[2022-08-23 00:03:06,555] {processor.py:651} INFO - DAG(s) dict_keys(['trigger_rule_dag']) retrieved from /opt/airflow/dags/trigger_rule_dag.py
[2022-08-23 00:03:06,580] {logging_mixin.py:115} INFO - [2022-08-23 00:03:06,580] {dag.py:2371} INFO - Sync 1 DAGs
[2022-08-23 00:03:06,604] {logging_mixin.py:115} INFO - [2022-08-23 00:03:06,604] {dag.py:2919} INFO - Setting next_dagrun for trigger_rule_dag to 2022-08-22T00:00:00+00:00, run_after=2022-08-23T00:00:00+00:00
[2022-08-23 00:03:06,615] {processor.py:161} INFO - Processing /opt/airflow/dags/trigger_rule_dag.py took 0.075 seconds
[2022-08-23 00:03:37,077] {processor.py:153} INFO - Started process (PID=3668) to work on /opt/airflow/dags/trigger_rule_dag.py
[2022-08-23 00:03:37,078] {processor.py:641} INFO - Processing file /opt/airflow/dags/trigger_rule_dag.py for tasks to queue
[2022-08-23 00:03:37,079] {logging_mixin.py:115} INFO - [2022-08-23 00:03:37,079] {dagbag.py:507} INFO - Filling up the DagBag from /opt/airflow/dags/trigger_rule_dag.py
[2022-08-23 00:03:37,090] {processor.py:651} INFO - DAG(s) dict_keys(['trigger_rule_dag']) retrieved from /opt/airflow/dags/trigger_rule_dag.py
[2022-08-23 00:03:37,117] {logging_mixin.py:115} INFO - [2022-08-23 00:03:37,117] {dag.py:2371} INFO - Sync 1 DAGs
[2022-08-23 00:03:37,142] {logging_mixin.py:115} INFO - [2022-08-23 00:03:37,142] {dag.py:2919} INFO - Setting next_dagrun for trigger_rule_dag to 2022-08-22T00:00:00+00:00, run_after=2022-08-23T00:00:00+00:00
[2022-08-23 00:03:37,154] {processor.py:161} INFO - Processing /opt/airflow/dags/trigger_rule_dag.py took 0.080 seconds
[2022-08-23 00:04:07,808] {processor.py:153} INFO - Started process (PID=3746) to work on /opt/airflow/dags/trigger_rule_dag.py
[2022-08-23 00:04:07,809] {processor.py:641} INFO - Processing file /opt/airflow/dags/trigger_rule_dag.py for tasks to queue
[2022-08-23 00:04:07,810] {logging_mixin.py:115} INFO - [2022-08-23 00:04:07,810] {dagbag.py:507} INFO - Filling up the DagBag from /opt/airflow/dags/trigger_rule_dag.py
[2022-08-23 00:04:07,820] {processor.py:651} INFO - DAG(s) dict_keys(['trigger_rule_dag']) retrieved from /opt/airflow/dags/trigger_rule_dag.py
[2022-08-23 00:04:07,846] {logging_mixin.py:115} INFO - [2022-08-23 00:04:07,846] {dag.py:2371} INFO - Sync 1 DAGs
[2022-08-23 00:04:07,870] {logging_mixin.py:115} INFO - [2022-08-23 00:04:07,870] {dag.py:2919} INFO - Setting next_dagrun for trigger_rule_dag to 2022-08-22T00:00:00+00:00, run_after=2022-08-23T00:00:00+00:00
[2022-08-23 00:04:07,882] {processor.py:161} INFO - Processing /opt/airflow/dags/trigger_rule_dag.py took 0.077 seconds
[2022-08-23 00:04:38,613] {processor.py:153} INFO - Started process (PID=3823) to work on /opt/airflow/dags/trigger_rule_dag.py
[2022-08-23 00:04:38,615] {processor.py:641} INFO - Processing file /opt/airflow/dags/trigger_rule_dag.py for tasks to queue
[2022-08-23 00:04:38,616] {logging_mixin.py:115} INFO - [2022-08-23 00:04:38,615] {dagbag.py:507} INFO - Filling up the DagBag from /opt/airflow/dags/trigger_rule_dag.py
[2022-08-23 00:04:38,626] {processor.py:651} INFO - DAG(s) dict_keys(['trigger_rule_dag']) retrieved from /opt/airflow/dags/trigger_rule_dag.py
[2022-08-23 00:04:38,653] {logging_mixin.py:115} INFO - [2022-08-23 00:04:38,653] {dag.py:2371} INFO - Sync 1 DAGs
[2022-08-23 00:04:38,677] {logging_mixin.py:115} INFO - [2022-08-23 00:04:38,676] {dag.py:2919} INFO - Setting next_dagrun for trigger_rule_dag to 2022-08-22T00:00:00+00:00, run_after=2022-08-23T00:00:00+00:00
[2022-08-23 00:04:38,688] {processor.py:161} INFO - Processing /opt/airflow/dags/trigger_rule_dag.py took 0.078 seconds
[2022-08-23 00:05:09,088] {processor.py:153} INFO - Started process (PID=3900) to work on /opt/airflow/dags/trigger_rule_dag.py
[2022-08-23 00:05:09,089] {processor.py:641} INFO - Processing file /opt/airflow/dags/trigger_rule_dag.py for tasks to queue
[2022-08-23 00:05:09,090] {logging_mixin.py:115} INFO - [2022-08-23 00:05:09,090] {dagbag.py:507} INFO - Filling up the DagBag from /opt/airflow/dags/trigger_rule_dag.py
[2022-08-23 00:05:09,099] {processor.py:651} INFO - DAG(s) dict_keys(['trigger_rule_dag']) retrieved from /opt/airflow/dags/trigger_rule_dag.py
[2022-08-23 00:05:09,129] {logging_mixin.py:115} INFO - [2022-08-23 00:05:09,129] {dag.py:2371} INFO - Sync 1 DAGs
[2022-08-23 00:05:09,152] {logging_mixin.py:115} INFO - [2022-08-23 00:05:09,152] {dag.py:2919} INFO - Setting next_dagrun for trigger_rule_dag to 2022-08-22T00:00:00+00:00, run_after=2022-08-23T00:00:00+00:00
[2022-08-23 00:05:09,163] {processor.py:161} INFO - Processing /opt/airflow/dags/trigger_rule_dag.py took 0.079 seconds
[2022-08-23 00:05:39,993] {processor.py:153} INFO - Started process (PID=3968) to work on /opt/airflow/dags/trigger_rule_dag.py
[2022-08-23 00:05:39,995] {processor.py:641} INFO - Processing file /opt/airflow/dags/trigger_rule_dag.py for tasks to queue
[2022-08-23 00:05:39,995] {logging_mixin.py:115} INFO - [2022-08-23 00:05:39,995] {dagbag.py:507} INFO - Filling up the DagBag from /opt/airflow/dags/trigger_rule_dag.py
[2022-08-23 00:05:40,005] {processor.py:651} INFO - DAG(s) dict_keys(['trigger_rule_dag']) retrieved from /opt/airflow/dags/trigger_rule_dag.py
[2022-08-23 00:05:40,032] {logging_mixin.py:115} INFO - [2022-08-23 00:05:40,032] {dag.py:2371} INFO - Sync 1 DAGs
[2022-08-23 00:05:40,056] {logging_mixin.py:115} INFO - [2022-08-23 00:05:40,056] {dag.py:2919} INFO - Setting next_dagrun for trigger_rule_dag to 2022-08-22T00:00:00+00:00, run_after=2022-08-23T00:00:00+00:00
[2022-08-23 00:05:40,068] {processor.py:161} INFO - Processing /opt/airflow/dags/trigger_rule_dag.py took 0.078 seconds
[2022-08-23 00:06:10,605] {processor.py:153} INFO - Started process (PID=4045) to work on /opt/airflow/dags/trigger_rule_dag.py
[2022-08-23 00:06:10,606] {processor.py:641} INFO - Processing file /opt/airflow/dags/trigger_rule_dag.py for tasks to queue
[2022-08-23 00:06:10,608] {logging_mixin.py:115} INFO - [2022-08-23 00:06:10,608] {dagbag.py:507} INFO - Filling up the DagBag from /opt/airflow/dags/trigger_rule_dag.py
[2022-08-23 00:06:10,617] {processor.py:651} INFO - DAG(s) dict_keys(['trigger_rule_dag']) retrieved from /opt/airflow/dags/trigger_rule_dag.py
[2022-08-23 00:06:10,643] {logging_mixin.py:115} INFO - [2022-08-23 00:06:10,643] {dag.py:2371} INFO - Sync 1 DAGs
[2022-08-23 00:06:10,667] {logging_mixin.py:115} INFO - [2022-08-23 00:06:10,667] {dag.py:2919} INFO - Setting next_dagrun for trigger_rule_dag to 2022-08-22T00:00:00+00:00, run_after=2022-08-23T00:00:00+00:00
[2022-08-23 00:06:10,679] {processor.py:161} INFO - Processing /opt/airflow/dags/trigger_rule_dag.py took 0.077 seconds
[2022-08-23 00:06:41,085] {processor.py:153} INFO - Started process (PID=4121) to work on /opt/airflow/dags/trigger_rule_dag.py
[2022-08-23 00:06:41,086] {processor.py:641} INFO - Processing file /opt/airflow/dags/trigger_rule_dag.py for tasks to queue
[2022-08-23 00:06:41,087] {logging_mixin.py:115} INFO - [2022-08-23 00:06:41,087] {dagbag.py:507} INFO - Filling up the DagBag from /opt/airflow/dags/trigger_rule_dag.py
[2022-08-23 00:06:41,099] {processor.py:651} INFO - DAG(s) dict_keys(['trigger_rule_dag']) retrieved from /opt/airflow/dags/trigger_rule_dag.py
[2022-08-23 00:06:41,125] {logging_mixin.py:115} INFO - [2022-08-23 00:06:41,125] {dag.py:2371} INFO - Sync 1 DAGs
[2022-08-23 00:06:41,150] {logging_mixin.py:115} INFO - [2022-08-23 00:06:41,150] {dag.py:2919} INFO - Setting next_dagrun for trigger_rule_dag to 2022-08-22T00:00:00+00:00, run_after=2022-08-23T00:00:00+00:00
[2022-08-23 00:06:41,162] {processor.py:161} INFO - Processing /opt/airflow/dags/trigger_rule_dag.py took 0.080 seconds
[2022-08-23 00:07:12,262] {processor.py:153} INFO - Started process (PID=4199) to work on /opt/airflow/dags/trigger_rule_dag.py
[2022-08-23 00:07:12,265] {processor.py:641} INFO - Processing file /opt/airflow/dags/trigger_rule_dag.py for tasks to queue
[2022-08-23 00:07:12,268] {logging_mixin.py:115} INFO - [2022-08-23 00:07:12,268] {dagbag.py:507} INFO - Filling up the DagBag from /opt/airflow/dags/trigger_rule_dag.py
[2022-08-23 00:07:12,303] {processor.py:651} INFO - DAG(s) dict_keys(['trigger_rule_dag']) retrieved from /opt/airflow/dags/trigger_rule_dag.py
[2022-08-23 00:07:12,372] {logging_mixin.py:115} INFO - [2022-08-23 00:07:12,371] {dag.py:2371} INFO - Sync 1 DAGs
[2022-08-23 00:07:12,464] {logging_mixin.py:115} INFO - [2022-08-23 00:07:12,463] {dag.py:2919} INFO - Setting next_dagrun for trigger_rule_dag to 2022-08-22T00:00:00+00:00, run_after=2022-08-23T00:00:00+00:00
[2022-08-23 00:07:12,488] {processor.py:161} INFO - Processing /opt/airflow/dags/trigger_rule_dag.py took 0.232 seconds
[2022-08-23 00:07:42,948] {processor.py:153} INFO - Started process (PID=4266) to work on /opt/airflow/dags/trigger_rule_dag.py
[2022-08-23 00:07:42,949] {processor.py:641} INFO - Processing file /opt/airflow/dags/trigger_rule_dag.py for tasks to queue
[2022-08-23 00:07:42,950] {logging_mixin.py:115} INFO - [2022-08-23 00:07:42,950] {dagbag.py:507} INFO - Filling up the DagBag from /opt/airflow/dags/trigger_rule_dag.py
[2022-08-23 00:07:42,960] {processor.py:651} INFO - DAG(s) dict_keys(['trigger_rule_dag']) retrieved from /opt/airflow/dags/trigger_rule_dag.py
[2022-08-23 00:07:42,986] {logging_mixin.py:115} INFO - [2022-08-23 00:07:42,986] {dag.py:2371} INFO - Sync 1 DAGs
[2022-08-23 00:07:43,010] {logging_mixin.py:115} INFO - [2022-08-23 00:07:43,010] {dag.py:2919} INFO - Setting next_dagrun for trigger_rule_dag to 2022-08-22T00:00:00+00:00, run_after=2022-08-23T00:00:00+00:00
[2022-08-23 00:07:43,021] {processor.py:161} INFO - Processing /opt/airflow/dags/trigger_rule_dag.py took 0.077 seconds
[2022-08-23 00:08:13,804] {processor.py:153} INFO - Started process (PID=4344) to work on /opt/airflow/dags/trigger_rule_dag.py
[2022-08-23 00:08:13,805] {processor.py:641} INFO - Processing file /opt/airflow/dags/trigger_rule_dag.py for tasks to queue
[2022-08-23 00:08:13,806] {logging_mixin.py:115} INFO - [2022-08-23 00:08:13,806] {dagbag.py:507} INFO - Filling up the DagBag from /opt/airflow/dags/trigger_rule_dag.py
[2022-08-23 00:08:13,816] {processor.py:651} INFO - DAG(s) dict_keys(['trigger_rule_dag']) retrieved from /opt/airflow/dags/trigger_rule_dag.py
[2022-08-23 00:08:13,842] {logging_mixin.py:115} INFO - [2022-08-23 00:08:13,842] {dag.py:2371} INFO - Sync 1 DAGs
[2022-08-23 00:08:13,867] {logging_mixin.py:115} INFO - [2022-08-23 00:08:13,866] {dag.py:2919} INFO - Setting next_dagrun for trigger_rule_dag to 2022-08-22T00:00:00+00:00, run_after=2022-08-23T00:00:00+00:00
[2022-08-23 00:08:13,879] {processor.py:161} INFO - Processing /opt/airflow/dags/trigger_rule_dag.py took 0.079 seconds
[2022-08-23 00:08:44,561] {processor.py:153} INFO - Started process (PID=4412) to work on /opt/airflow/dags/trigger_rule_dag.py
[2022-08-23 00:08:44,564] {processor.py:641} INFO - Processing file /opt/airflow/dags/trigger_rule_dag.py for tasks to queue
[2022-08-23 00:08:44,564] {logging_mixin.py:115} INFO - [2022-08-23 00:08:44,564] {dagbag.py:507} INFO - Filling up the DagBag from /opt/airflow/dags/trigger_rule_dag.py
[2022-08-23 00:08:44,576] {processor.py:651} INFO - DAG(s) dict_keys(['trigger_rule_dag']) retrieved from /opt/airflow/dags/trigger_rule_dag.py
[2022-08-23 00:08:44,610] {logging_mixin.py:115} INFO - [2022-08-23 00:08:44,609] {dag.py:2371} INFO - Sync 1 DAGs
[2022-08-23 00:08:44,826] {logging_mixin.py:115} INFO - [2022-08-23 00:08:44,826] {dag.py:2919} INFO - Setting next_dagrun for trigger_rule_dag to 2022-08-22T00:00:00+00:00, run_after=2022-08-23T00:00:00+00:00
[2022-08-23 00:08:44,841] {processor.py:161} INFO - Processing /opt/airflow/dags/trigger_rule_dag.py took 0.283 seconds
[2022-08-23 00:09:15,513] {processor.py:153} INFO - Started process (PID=4489) to work on /opt/airflow/dags/trigger_rule_dag.py
[2022-08-23 00:09:15,514] {processor.py:641} INFO - Processing file /opt/airflow/dags/trigger_rule_dag.py for tasks to queue
[2022-08-23 00:09:15,515] {logging_mixin.py:115} INFO - [2022-08-23 00:09:15,515] {dagbag.py:507} INFO - Filling up the DagBag from /opt/airflow/dags/trigger_rule_dag.py
[2022-08-23 00:09:15,527] {processor.py:651} INFO - DAG(s) dict_keys(['trigger_rule_dag']) retrieved from /opt/airflow/dags/trigger_rule_dag.py
[2022-08-23 00:09:15,555] {logging_mixin.py:115} INFO - [2022-08-23 00:09:15,555] {dag.py:2371} INFO - Sync 1 DAGs
[2022-08-23 00:09:15,697] {logging_mixin.py:115} INFO - [2022-08-23 00:09:15,697] {dag.py:2919} INFO - Setting next_dagrun for trigger_rule_dag to 2022-08-22T00:00:00+00:00, run_after=2022-08-23T00:00:00+00:00
[2022-08-23 00:09:15,710] {processor.py:161} INFO - Processing /opt/airflow/dags/trigger_rule_dag.py took 0.201 seconds
[2022-08-23 00:09:46,408] {processor.py:153} INFO - Started process (PID=4566) to work on /opt/airflow/dags/trigger_rule_dag.py
[2022-08-23 00:09:46,409] {processor.py:641} INFO - Processing file /opt/airflow/dags/trigger_rule_dag.py for tasks to queue
[2022-08-23 00:09:46,410] {logging_mixin.py:115} INFO - [2022-08-23 00:09:46,410] {dagbag.py:507} INFO - Filling up the DagBag from /opt/airflow/dags/trigger_rule_dag.py
[2022-08-23 00:09:46,420] {processor.py:651} INFO - DAG(s) dict_keys(['trigger_rule_dag']) retrieved from /opt/airflow/dags/trigger_rule_dag.py
[2022-08-23 00:09:46,450] {logging_mixin.py:115} INFO - [2022-08-23 00:09:46,450] {dag.py:2371} INFO - Sync 1 DAGs
[2022-08-23 00:09:46,591] {logging_mixin.py:115} INFO - [2022-08-23 00:09:46,590] {dag.py:2919} INFO - Setting next_dagrun for trigger_rule_dag to 2022-08-22T00:00:00+00:00, run_after=2022-08-23T00:00:00+00:00
[2022-08-23 00:09:46,602] {processor.py:161} INFO - Processing /opt/airflow/dags/trigger_rule_dag.py took 0.198 seconds
[2022-08-23 00:10:17,129] {processor.py:153} INFO - Started process (PID=4643) to work on /opt/airflow/dags/trigger_rule_dag.py
[2022-08-23 00:10:17,130] {processor.py:641} INFO - Processing file /opt/airflow/dags/trigger_rule_dag.py for tasks to queue
[2022-08-23 00:10:17,132] {logging_mixin.py:115} INFO - [2022-08-23 00:10:17,132] {dagbag.py:507} INFO - Filling up the DagBag from /opt/airflow/dags/trigger_rule_dag.py
[2022-08-23 00:10:17,141] {processor.py:651} INFO - DAG(s) dict_keys(['trigger_rule_dag']) retrieved from /opt/airflow/dags/trigger_rule_dag.py
[2022-08-23 00:10:17,166] {logging_mixin.py:115} INFO - [2022-08-23 00:10:17,166] {dag.py:2371} INFO - Sync 1 DAGs
[2022-08-23 00:10:17,295] {logging_mixin.py:115} INFO - [2022-08-23 00:10:17,294] {dag.py:2919} INFO - Setting next_dagrun for trigger_rule_dag to 2022-08-22T00:00:00+00:00, run_after=2022-08-23T00:00:00+00:00
[2022-08-23 00:10:17,306] {processor.py:161} INFO - Processing /opt/airflow/dags/trigger_rule_dag.py took 0.180 seconds
[2022-08-23 00:10:47,676] {processor.py:153} INFO - Started process (PID=4711) to work on /opt/airflow/dags/trigger_rule_dag.py
[2022-08-23 00:10:47,677] {processor.py:641} INFO - Processing file /opt/airflow/dags/trigger_rule_dag.py for tasks to queue
[2022-08-23 00:10:47,678] {logging_mixin.py:115} INFO - [2022-08-23 00:10:47,678] {dagbag.py:507} INFO - Filling up the DagBag from /opt/airflow/dags/trigger_rule_dag.py
[2022-08-23 00:10:47,689] {processor.py:651} INFO - DAG(s) dict_keys(['trigger_rule_dag']) retrieved from /opt/airflow/dags/trigger_rule_dag.py
[2022-08-23 00:10:47,715] {logging_mixin.py:115} INFO - [2022-08-23 00:10:47,715] {dag.py:2371} INFO - Sync 1 DAGs
[2022-08-23 00:10:47,847] {logging_mixin.py:115} INFO - [2022-08-23 00:10:47,847] {dag.py:2919} INFO - Setting next_dagrun for trigger_rule_dag to 2022-08-22T00:00:00+00:00, run_after=2022-08-23T00:00:00+00:00
[2022-08-23 00:10:47,859] {processor.py:161} INFO - Processing /opt/airflow/dags/trigger_rule_dag.py took 0.187 seconds
[2022-08-23 00:11:18,363] {processor.py:153} INFO - Started process (PID=4788) to work on /opt/airflow/dags/trigger_rule_dag.py
[2022-08-23 00:11:18,364] {processor.py:641} INFO - Processing file /opt/airflow/dags/trigger_rule_dag.py for tasks to queue
[2022-08-23 00:11:18,365] {logging_mixin.py:115} INFO - [2022-08-23 00:11:18,365] {dagbag.py:507} INFO - Filling up the DagBag from /opt/airflow/dags/trigger_rule_dag.py
[2022-08-23 00:11:18,377] {processor.py:651} INFO - DAG(s) dict_keys(['trigger_rule_dag']) retrieved from /opt/airflow/dags/trigger_rule_dag.py
[2022-08-23 00:11:18,405] {logging_mixin.py:115} INFO - [2022-08-23 00:11:18,405] {dag.py:2371} INFO - Sync 1 DAGs
[2022-08-23 00:11:18,537] {logging_mixin.py:115} INFO - [2022-08-23 00:11:18,537] {dag.py:2919} INFO - Setting next_dagrun for trigger_rule_dag to 2022-08-22T00:00:00+00:00, run_after=2022-08-23T00:00:00+00:00
[2022-08-23 00:11:18,550] {processor.py:161} INFO - Processing /opt/airflow/dags/trigger_rule_dag.py took 0.191 seconds
[2022-08-23 00:11:48,967] {processor.py:153} INFO - Started process (PID=4865) to work on /opt/airflow/dags/trigger_rule_dag.py
[2022-08-23 00:11:48,969] {processor.py:641} INFO - Processing file /opt/airflow/dags/trigger_rule_dag.py for tasks to queue
[2022-08-23 00:11:48,970] {logging_mixin.py:115} INFO - [2022-08-23 00:11:48,969] {dagbag.py:507} INFO - Filling up the DagBag from /opt/airflow/dags/trigger_rule_dag.py
[2022-08-23 00:11:48,980] {processor.py:651} INFO - DAG(s) dict_keys(['trigger_rule_dag']) retrieved from /opt/airflow/dags/trigger_rule_dag.py
[2022-08-23 00:11:49,007] {logging_mixin.py:115} INFO - [2022-08-23 00:11:49,007] {dag.py:2371} INFO - Sync 1 DAGs
[2022-08-23 00:11:49,144] {logging_mixin.py:115} INFO - [2022-08-23 00:11:49,144] {dag.py:2919} INFO - Setting next_dagrun for trigger_rule_dag to 2022-08-22T00:00:00+00:00, run_after=2022-08-23T00:00:00+00:00
[2022-08-23 00:11:49,156] {processor.py:161} INFO - Processing /opt/airflow/dags/trigger_rule_dag.py took 0.192 seconds
[2022-08-23 00:12:19,533] {processor.py:153} INFO - Started process (PID=4942) to work on /opt/airflow/dags/trigger_rule_dag.py
[2022-08-23 00:12:19,535] {processor.py:641} INFO - Processing file /opt/airflow/dags/trigger_rule_dag.py for tasks to queue
[2022-08-23 00:12:19,536] {logging_mixin.py:115} INFO - [2022-08-23 00:12:19,536] {dagbag.py:507} INFO - Filling up the DagBag from /opt/airflow/dags/trigger_rule_dag.py
[2022-08-23 00:12:19,549] {processor.py:651} INFO - DAG(s) dict_keys(['trigger_rule_dag']) retrieved from /opt/airflow/dags/trigger_rule_dag.py
[2022-08-23 00:12:19,579] {logging_mixin.py:115} INFO - [2022-08-23 00:12:19,579] {dag.py:2371} INFO - Sync 1 DAGs
[2022-08-23 00:12:19,730] {logging_mixin.py:115} INFO - [2022-08-23 00:12:19,730] {dag.py:2919} INFO - Setting next_dagrun for trigger_rule_dag to 2022-08-22T00:00:00+00:00, run_after=2022-08-23T00:00:00+00:00
[2022-08-23 00:12:19,743] {processor.py:161} INFO - Processing /opt/airflow/dags/trigger_rule_dag.py took 0.214 seconds
[2022-08-23 00:12:49,999] {processor.py:153} INFO - Started process (PID=5010) to work on /opt/airflow/dags/trigger_rule_dag.py
[2022-08-23 00:12:50,000] {processor.py:641} INFO - Processing file /opt/airflow/dags/trigger_rule_dag.py for tasks to queue
[2022-08-23 00:12:50,001] {logging_mixin.py:115} INFO - [2022-08-23 00:12:50,001] {dagbag.py:507} INFO - Filling up the DagBag from /opt/airflow/dags/trigger_rule_dag.py
[2022-08-23 00:12:50,016] {processor.py:651} INFO - DAG(s) dict_keys(['trigger_rule_dag']) retrieved from /opt/airflow/dags/trigger_rule_dag.py
[2022-08-23 00:12:50,043] {logging_mixin.py:115} INFO - [2022-08-23 00:12:50,043] {dag.py:2371} INFO - Sync 1 DAGs
[2022-08-23 00:12:50,181] {logging_mixin.py:115} INFO - [2022-08-23 00:12:50,181] {dag.py:2919} INFO - Setting next_dagrun for trigger_rule_dag to 2022-08-22T00:00:00+00:00, run_after=2022-08-23T00:00:00+00:00
[2022-08-23 00:12:50,194] {processor.py:161} INFO - Processing /opt/airflow/dags/trigger_rule_dag.py took 0.199 seconds
[2022-08-23 00:13:21,121] {processor.py:153} INFO - Started process (PID=5087) to work on /opt/airflow/dags/trigger_rule_dag.py
[2022-08-23 00:13:21,122] {processor.py:641} INFO - Processing file /opt/airflow/dags/trigger_rule_dag.py for tasks to queue
[2022-08-23 00:13:21,123] {logging_mixin.py:115} INFO - [2022-08-23 00:13:21,123] {dagbag.py:507} INFO - Filling up the DagBag from /opt/airflow/dags/trigger_rule_dag.py
[2022-08-23 00:13:21,136] {processor.py:651} INFO - DAG(s) dict_keys(['trigger_rule_dag']) retrieved from /opt/airflow/dags/trigger_rule_dag.py
[2022-08-23 00:13:21,165] {logging_mixin.py:115} INFO - [2022-08-23 00:13:21,165] {dag.py:2371} INFO - Sync 1 DAGs
[2022-08-23 00:13:21,311] {logging_mixin.py:115} INFO - [2022-08-23 00:13:21,311] {dag.py:2919} INFO - Setting next_dagrun for trigger_rule_dag to 2022-08-22T00:00:00+00:00, run_after=2022-08-23T00:00:00+00:00
[2022-08-23 00:13:21,325] {processor.py:161} INFO - Processing /opt/airflow/dags/trigger_rule_dag.py took 0.208 seconds
[2022-08-23 00:13:51,994] {processor.py:153} INFO - Started process (PID=5164) to work on /opt/airflow/dags/trigger_rule_dag.py
[2022-08-23 00:13:51,995] {processor.py:641} INFO - Processing file /opt/airflow/dags/trigger_rule_dag.py for tasks to queue
[2022-08-23 00:13:51,996] {logging_mixin.py:115} INFO - [2022-08-23 00:13:51,996] {dagbag.py:507} INFO - Filling up the DagBag from /opt/airflow/dags/trigger_rule_dag.py
[2022-08-23 00:13:52,006] {processor.py:651} INFO - DAG(s) dict_keys(['trigger_rule_dag']) retrieved from /opt/airflow/dags/trigger_rule_dag.py
[2022-08-23 00:13:52,031] {logging_mixin.py:115} INFO - [2022-08-23 00:13:52,031] {dag.py:2371} INFO - Sync 1 DAGs
[2022-08-23 00:13:52,188] {logging_mixin.py:115} INFO - [2022-08-23 00:13:52,188] {dag.py:2919} INFO - Setting next_dagrun for trigger_rule_dag to 2022-08-22T00:00:00+00:00, run_after=2022-08-23T00:00:00+00:00
[2022-08-23 00:13:52,201] {processor.py:161} INFO - Processing /opt/airflow/dags/trigger_rule_dag.py took 0.210 seconds
[2022-08-23 00:14:22,602] {processor.py:153} INFO - Started process (PID=5232) to work on /opt/airflow/dags/trigger_rule_dag.py
[2022-08-23 00:14:22,604] {processor.py:641} INFO - Processing file /opt/airflow/dags/trigger_rule_dag.py for tasks to queue
[2022-08-23 00:14:22,604] {logging_mixin.py:115} INFO - [2022-08-23 00:14:22,604] {dagbag.py:507} INFO - Filling up the DagBag from /opt/airflow/dags/trigger_rule_dag.py
[2022-08-23 00:14:22,617] {processor.py:651} INFO - DAG(s) dict_keys(['trigger_rule_dag']) retrieved from /opt/airflow/dags/trigger_rule_dag.py
[2022-08-23 00:14:22,646] {logging_mixin.py:115} INFO - [2022-08-23 00:14:22,646] {dag.py:2371} INFO - Sync 1 DAGs
[2022-08-23 00:14:22,792] {logging_mixin.py:115} INFO - [2022-08-23 00:14:22,792] {dag.py:2919} INFO - Setting next_dagrun for trigger_rule_dag to 2022-08-22T00:00:00+00:00, run_after=2022-08-23T00:00:00+00:00
[2022-08-23 00:14:22,809] {processor.py:161} INFO - Processing /opt/airflow/dags/trigger_rule_dag.py took 0.210 seconds
[2022-08-23 00:14:53,117] {processor.py:153} INFO - Started process (PID=5309) to work on /opt/airflow/dags/trigger_rule_dag.py
[2022-08-23 00:14:53,118] {processor.py:641} INFO - Processing file /opt/airflow/dags/trigger_rule_dag.py for tasks to queue
[2022-08-23 00:14:53,119] {logging_mixin.py:115} INFO - [2022-08-23 00:14:53,119] {dagbag.py:507} INFO - Filling up the DagBag from /opt/airflow/dags/trigger_rule_dag.py
[2022-08-23 00:14:53,130] {processor.py:651} INFO - DAG(s) dict_keys(['trigger_rule_dag']) retrieved from /opt/airflow/dags/trigger_rule_dag.py
[2022-08-23 00:14:53,159] {logging_mixin.py:115} INFO - [2022-08-23 00:14:53,159] {dag.py:2371} INFO - Sync 1 DAGs
[2022-08-23 00:14:53,297] {logging_mixin.py:115} INFO - [2022-08-23 00:14:53,297] {dag.py:2919} INFO - Setting next_dagrun for trigger_rule_dag to 2022-08-22T00:00:00+00:00, run_after=2022-08-23T00:00:00+00:00
[2022-08-23 00:14:53,309] {processor.py:161} INFO - Processing /opt/airflow/dags/trigger_rule_dag.py took 0.195 seconds
[2022-08-23 00:15:23,753] {processor.py:153} INFO - Started process (PID=5386) to work on /opt/airflow/dags/trigger_rule_dag.py
[2022-08-23 00:15:23,754] {processor.py:641} INFO - Processing file /opt/airflow/dags/trigger_rule_dag.py for tasks to queue
[2022-08-23 00:15:23,755] {logging_mixin.py:115} INFO - [2022-08-23 00:15:23,755] {dagbag.py:507} INFO - Filling up the DagBag from /opt/airflow/dags/trigger_rule_dag.py
[2022-08-23 00:15:23,764] {processor.py:651} INFO - DAG(s) dict_keys(['trigger_rule_dag']) retrieved from /opt/airflow/dags/trigger_rule_dag.py
[2022-08-23 00:15:23,790] {logging_mixin.py:115} INFO - [2022-08-23 00:15:23,790] {dag.py:2371} INFO - Sync 1 DAGs
[2022-08-23 00:15:23,923] {logging_mixin.py:115} INFO - [2022-08-23 00:15:23,923] {dag.py:2919} INFO - Setting next_dagrun for trigger_rule_dag to 2022-08-22T00:00:00+00:00, run_after=2022-08-23T00:00:00+00:00
[2022-08-23 00:15:23,935] {processor.py:161} INFO - Processing /opt/airflow/dags/trigger_rule_dag.py took 0.185 seconds
[2022-08-23 00:15:54,368] {processor.py:153} INFO - Started process (PID=5463) to work on /opt/airflow/dags/trigger_rule_dag.py
[2022-08-23 00:15:54,369] {processor.py:641} INFO - Processing file /opt/airflow/dags/trigger_rule_dag.py for tasks to queue
[2022-08-23 00:15:54,370] {logging_mixin.py:115} INFO - [2022-08-23 00:15:54,370] {dagbag.py:507} INFO - Filling up the DagBag from /opt/airflow/dags/trigger_rule_dag.py
[2022-08-23 00:15:54,380] {processor.py:651} INFO - DAG(s) dict_keys(['trigger_rule_dag']) retrieved from /opt/airflow/dags/trigger_rule_dag.py
[2022-08-23 00:15:54,406] {logging_mixin.py:115} INFO - [2022-08-23 00:15:54,406] {dag.py:2371} INFO - Sync 1 DAGs
[2022-08-23 00:15:54,541] {logging_mixin.py:115} INFO - [2022-08-23 00:15:54,540] {dag.py:2919} INFO - Setting next_dagrun for trigger_rule_dag to 2022-08-22T00:00:00+00:00, run_after=2022-08-23T00:00:00+00:00
[2022-08-23 00:15:54,552] {processor.py:161} INFO - Processing /opt/airflow/dags/trigger_rule_dag.py took 0.189 seconds
[2022-08-23 00:16:25,289] {processor.py:153} INFO - Started process (PID=5531) to work on /opt/airflow/dags/trigger_rule_dag.py
[2022-08-23 00:16:25,290] {processor.py:641} INFO - Processing file /opt/airflow/dags/trigger_rule_dag.py for tasks to queue
[2022-08-23 00:16:25,291] {logging_mixin.py:115} INFO - [2022-08-23 00:16:25,291] {dagbag.py:507} INFO - Filling up the DagBag from /opt/airflow/dags/trigger_rule_dag.py
[2022-08-23 00:16:25,306] {processor.py:651} INFO - DAG(s) dict_keys(['trigger_rule_dag']) retrieved from /opt/airflow/dags/trigger_rule_dag.py
[2022-08-23 00:16:25,336] {logging_mixin.py:115} INFO - [2022-08-23 00:16:25,336] {dag.py:2371} INFO - Sync 1 DAGs
[2022-08-23 00:16:25,486] {logging_mixin.py:115} INFO - [2022-08-23 00:16:25,486] {dag.py:2919} INFO - Setting next_dagrun for trigger_rule_dag to 2022-08-22T00:00:00+00:00, run_after=2022-08-23T00:00:00+00:00
[2022-08-23 00:16:25,507] {processor.py:161} INFO - Processing /opt/airflow/dags/trigger_rule_dag.py took 0.222 seconds
[2022-08-23 00:16:55,615] {processor.py:153} INFO - Started process (PID=5609) to work on /opt/airflow/dags/trigger_rule_dag.py
[2022-08-23 00:16:55,627] {processor.py:641} INFO - Processing file /opt/airflow/dags/trigger_rule_dag.py for tasks to queue
[2022-08-23 00:16:55,628] {logging_mixin.py:115} INFO - [2022-08-23 00:16:55,628] {dagbag.py:507} INFO - Filling up the DagBag from /opt/airflow/dags/trigger_rule_dag.py
[2022-08-23 00:16:55,643] {processor.py:651} INFO - DAG(s) dict_keys(['trigger_rule_dag']) retrieved from /opt/airflow/dags/trigger_rule_dag.py
[2022-08-23 00:16:55,670] {logging_mixin.py:115} INFO - [2022-08-23 00:16:55,670] {dag.py:2371} INFO - Sync 1 DAGs
[2022-08-23 00:16:55,809] {logging_mixin.py:115} INFO - [2022-08-23 00:16:55,809] {dag.py:2919} INFO - Setting next_dagrun for trigger_rule_dag to 2022-08-22T00:00:00+00:00, run_after=2022-08-23T00:00:00+00:00
[2022-08-23 00:16:55,859] {processor.py:161} INFO - Processing /opt/airflow/dags/trigger_rule_dag.py took 0.248 seconds
[2022-08-23 00:17:26,046] {processor.py:153} INFO - Started process (PID=5686) to work on /opt/airflow/dags/trigger_rule_dag.py
[2022-08-23 00:17:26,047] {processor.py:641} INFO - Processing file /opt/airflow/dags/trigger_rule_dag.py for tasks to queue
[2022-08-23 00:17:26,048] {logging_mixin.py:115} INFO - [2022-08-23 00:17:26,048] {dagbag.py:507} INFO - Filling up the DagBag from /opt/airflow/dags/trigger_rule_dag.py
[2022-08-23 00:17:26,057] {processor.py:651} INFO - DAG(s) dict_keys(['trigger_rule_dag']) retrieved from /opt/airflow/dags/trigger_rule_dag.py
[2022-08-23 00:17:26,084] {logging_mixin.py:115} INFO - [2022-08-23 00:17:26,084] {dag.py:2371} INFO - Sync 1 DAGs
[2022-08-23 00:17:26,226] {logging_mixin.py:115} INFO - [2022-08-23 00:17:26,226] {dag.py:2919} INFO - Setting next_dagrun for trigger_rule_dag to 2022-08-22T00:00:00+00:00, run_after=2022-08-23T00:00:00+00:00
[2022-08-23 00:17:26,238] {processor.py:161} INFO - Processing /opt/airflow/dags/trigger_rule_dag.py took 0.196 seconds
[2022-08-23 00:17:56,978] {processor.py:153} INFO - Started process (PID=5753) to work on /opt/airflow/dags/trigger_rule_dag.py
[2022-08-23 00:17:56,979] {processor.py:641} INFO - Processing file /opt/airflow/dags/trigger_rule_dag.py for tasks to queue
[2022-08-23 00:17:56,980] {logging_mixin.py:115} INFO - [2022-08-23 00:17:56,980] {dagbag.py:507} INFO - Filling up the DagBag from /opt/airflow/dags/trigger_rule_dag.py
[2022-08-23 00:17:56,989] {processor.py:651} INFO - DAG(s) dict_keys(['trigger_rule_dag']) retrieved from /opt/airflow/dags/trigger_rule_dag.py
[2022-08-23 00:17:57,015] {logging_mixin.py:115} INFO - [2022-08-23 00:17:57,015] {dag.py:2371} INFO - Sync 1 DAGs
[2022-08-23 00:17:57,152] {logging_mixin.py:115} INFO - [2022-08-23 00:17:57,152] {dag.py:2919} INFO - Setting next_dagrun for trigger_rule_dag to 2022-08-22T00:00:00+00:00, run_after=2022-08-23T00:00:00+00:00
[2022-08-23 00:17:57,165] {processor.py:161} INFO - Processing /opt/airflow/dags/trigger_rule_dag.py took 0.190 seconds
[2022-08-23 00:18:28,043] {processor.py:153} INFO - Started process (PID=5830) to work on /opt/airflow/dags/trigger_rule_dag.py
[2022-08-23 00:18:28,044] {processor.py:641} INFO - Processing file /opt/airflow/dags/trigger_rule_dag.py for tasks to queue
[2022-08-23 00:18:28,045] {logging_mixin.py:115} INFO - [2022-08-23 00:18:28,045] {dagbag.py:507} INFO - Filling up the DagBag from /opt/airflow/dags/trigger_rule_dag.py
[2022-08-23 00:18:28,056] {processor.py:651} INFO - DAG(s) dict_keys(['trigger_rule_dag']) retrieved from /opt/airflow/dags/trigger_rule_dag.py
[2022-08-23 00:18:28,084] {logging_mixin.py:115} INFO - [2022-08-23 00:18:28,084] {dag.py:2371} INFO - Sync 1 DAGs
[2022-08-23 00:18:28,226] {logging_mixin.py:115} INFO - [2022-08-23 00:18:28,226] {dag.py:2919} INFO - Setting next_dagrun for trigger_rule_dag to 2022-08-22T00:00:00+00:00, run_after=2022-08-23T00:00:00+00:00
[2022-08-23 00:18:28,238] {processor.py:161} INFO - Processing /opt/airflow/dags/trigger_rule_dag.py took 0.198 seconds
[2022-08-23 00:18:58,440] {processor.py:153} INFO - Started process (PID=5907) to work on /opt/airflow/dags/trigger_rule_dag.py
[2022-08-23 00:18:58,442] {processor.py:641} INFO - Processing file /opt/airflow/dags/trigger_rule_dag.py for tasks to queue
[2022-08-23 00:18:58,444] {logging_mixin.py:115} INFO - [2022-08-23 00:18:58,444] {dagbag.py:507} INFO - Filling up the DagBag from /opt/airflow/dags/trigger_rule_dag.py
[2022-08-23 00:18:58,457] {processor.py:651} INFO - DAG(s) dict_keys(['trigger_rule_dag']) retrieved from /opt/airflow/dags/trigger_rule_dag.py
[2022-08-23 00:18:58,487] {logging_mixin.py:115} INFO - [2022-08-23 00:18:58,487] {dag.py:2371} INFO - Sync 1 DAGs
[2022-08-23 00:18:58,634] {logging_mixin.py:115} INFO - [2022-08-23 00:18:58,634] {dag.py:2919} INFO - Setting next_dagrun for trigger_rule_dag to 2022-08-22T00:00:00+00:00, run_after=2022-08-23T00:00:00+00:00
[2022-08-23 00:18:58,648] {processor.py:161} INFO - Processing /opt/airflow/dags/trigger_rule_dag.py took 0.212 seconds
[2022-08-23 00:19:28,849] {processor.py:153} INFO - Started process (PID=5984) to work on /opt/airflow/dags/trigger_rule_dag.py
[2022-08-23 00:19:28,850] {processor.py:641} INFO - Processing file /opt/airflow/dags/trigger_rule_dag.py for tasks to queue
[2022-08-23 00:19:28,851] {logging_mixin.py:115} INFO - [2022-08-23 00:19:28,851] {dagbag.py:507} INFO - Filling up the DagBag from /opt/airflow/dags/trigger_rule_dag.py
[2022-08-23 00:19:28,860] {processor.py:651} INFO - DAG(s) dict_keys(['trigger_rule_dag']) retrieved from /opt/airflow/dags/trigger_rule_dag.py
[2022-08-23 00:19:28,887] {logging_mixin.py:115} INFO - [2022-08-23 00:19:28,887] {dag.py:2371} INFO - Sync 1 DAGs
[2022-08-23 00:19:29,019] {logging_mixin.py:115} INFO - [2022-08-23 00:19:29,019] {dag.py:2919} INFO - Setting next_dagrun for trigger_rule_dag to 2022-08-22T00:00:00+00:00, run_after=2022-08-23T00:00:00+00:00
[2022-08-23 00:19:29,030] {processor.py:161} INFO - Processing /opt/airflow/dags/trigger_rule_dag.py took 0.184 seconds
[2022-08-23 00:19:59,121] {processor.py:153} INFO - Started process (PID=6052) to work on /opt/airflow/dags/trigger_rule_dag.py
[2022-08-23 00:19:59,122] {processor.py:641} INFO - Processing file /opt/airflow/dags/trigger_rule_dag.py for tasks to queue
[2022-08-23 00:19:59,123] {logging_mixin.py:115} INFO - [2022-08-23 00:19:59,123] {dagbag.py:507} INFO - Filling up the DagBag from /opt/airflow/dags/trigger_rule_dag.py
[2022-08-23 00:19:59,134] {processor.py:651} INFO - DAG(s) dict_keys(['trigger_rule_dag']) retrieved from /opt/airflow/dags/trigger_rule_dag.py
[2022-08-23 00:19:59,162] {logging_mixin.py:115} INFO - [2022-08-23 00:19:59,162] {dag.py:2371} INFO - Sync 1 DAGs
[2022-08-23 00:19:59,307] {logging_mixin.py:115} INFO - [2022-08-23 00:19:59,306] {dag.py:2919} INFO - Setting next_dagrun for trigger_rule_dag to 2022-08-22T00:00:00+00:00, run_after=2022-08-23T00:00:00+00:00
[2022-08-23 00:19:59,319] {processor.py:161} INFO - Processing /opt/airflow/dags/trigger_rule_dag.py took 0.203 seconds
[2022-08-23 00:20:29,691] {processor.py:153} INFO - Started process (PID=6129) to work on /opt/airflow/dags/trigger_rule_dag.py
[2022-08-23 00:20:29,692] {processor.py:641} INFO - Processing file /opt/airflow/dags/trigger_rule_dag.py for tasks to queue
[2022-08-23 00:20:29,693] {logging_mixin.py:115} INFO - [2022-08-23 00:20:29,693] {dagbag.py:507} INFO - Filling up the DagBag from /opt/airflow/dags/trigger_rule_dag.py
[2022-08-23 00:20:29,702] {processor.py:651} INFO - DAG(s) dict_keys(['trigger_rule_dag']) retrieved from /opt/airflow/dags/trigger_rule_dag.py
[2022-08-23 00:20:29,733] {logging_mixin.py:115} INFO - [2022-08-23 00:20:29,733] {dag.py:2371} INFO - Sync 1 DAGs
[2022-08-23 00:20:29,862] {logging_mixin.py:115} INFO - [2022-08-23 00:20:29,862] {dag.py:2919} INFO - Setting next_dagrun for trigger_rule_dag to 2022-08-22T00:00:00+00:00, run_after=2022-08-23T00:00:00+00:00
[2022-08-23 00:20:29,871] {processor.py:161} INFO - Processing /opt/airflow/dags/trigger_rule_dag.py took 0.184 seconds
[2022-08-23 00:21:00,103] {processor.py:153} INFO - Started process (PID=6206) to work on /opt/airflow/dags/trigger_rule_dag.py
[2022-08-23 00:21:00,104] {processor.py:641} INFO - Processing file /opt/airflow/dags/trigger_rule_dag.py for tasks to queue
[2022-08-23 00:21:00,105] {logging_mixin.py:115} INFO - [2022-08-23 00:21:00,105] {dagbag.py:507} INFO - Filling up the DagBag from /opt/airflow/dags/trigger_rule_dag.py
[2022-08-23 00:21:00,115] {processor.py:651} INFO - DAG(s) dict_keys(['trigger_rule_dag']) retrieved from /opt/airflow/dags/trigger_rule_dag.py
[2022-08-23 00:21:00,146] {logging_mixin.py:115} INFO - [2022-08-23 00:21:00,145] {dag.py:2371} INFO - Sync 1 DAGs
[2022-08-23 00:21:00,298] {logging_mixin.py:115} INFO - [2022-08-23 00:21:00,298] {dag.py:2919} INFO - Setting next_dagrun for trigger_rule_dag to 2022-08-22T00:00:00+00:00, run_after=2022-08-23T00:00:00+00:00
[2022-08-23 00:21:00,311] {processor.py:161} INFO - Processing /opt/airflow/dags/trigger_rule_dag.py took 0.211 seconds
[2022-08-23 00:21:31,309] {processor.py:153} INFO - Started process (PID=6283) to work on /opt/airflow/dags/trigger_rule_dag.py
[2022-08-23 00:21:31,313] {processor.py:641} INFO - Processing file /opt/airflow/dags/trigger_rule_dag.py for tasks to queue
[2022-08-23 00:21:31,333] {logging_mixin.py:115} INFO - [2022-08-23 00:21:31,333] {dagbag.py:507} INFO - Filling up the DagBag from /opt/airflow/dags/trigger_rule_dag.py
[2022-08-23 00:21:31,360] {processor.py:651} INFO - DAG(s) dict_keys(['trigger_rule_dag']) retrieved from /opt/airflow/dags/trigger_rule_dag.py
[2022-08-23 00:21:31,401] {logging_mixin.py:115} INFO - [2022-08-23 00:21:31,401] {dag.py:2371} INFO - Sync 1 DAGs
[2022-08-23 00:21:31,561] {logging_mixin.py:115} INFO - [2022-08-23 00:21:31,561] {dag.py:2919} INFO - Setting next_dagrun for trigger_rule_dag to 2022-08-22T00:00:00+00:00, run_after=2022-08-23T00:00:00+00:00
[2022-08-23 00:21:31,606] {processor.py:161} INFO - Processing /opt/airflow/dags/trigger_rule_dag.py took 0.301 seconds
[2022-08-23 00:22:01,666] {processor.py:153} INFO - Started process (PID=6351) to work on /opt/airflow/dags/trigger_rule_dag.py
[2022-08-23 00:22:01,667] {processor.py:641} INFO - Processing file /opt/airflow/dags/trigger_rule_dag.py for tasks to queue
[2022-08-23 00:22:01,668] {logging_mixin.py:115} INFO - [2022-08-23 00:22:01,668] {dagbag.py:507} INFO - Filling up the DagBag from /opt/airflow/dags/trigger_rule_dag.py
[2022-08-23 00:22:01,677] {processor.py:651} INFO - DAG(s) dict_keys(['trigger_rule_dag']) retrieved from /opt/airflow/dags/trigger_rule_dag.py
[2022-08-23 00:22:01,703] {logging_mixin.py:115} INFO - [2022-08-23 00:22:01,703] {dag.py:2371} INFO - Sync 1 DAGs
[2022-08-23 00:22:01,840] {logging_mixin.py:115} INFO - [2022-08-23 00:22:01,839] {dag.py:2919} INFO - Setting next_dagrun for trigger_rule_dag to 2022-08-22T00:00:00+00:00, run_after=2022-08-23T00:00:00+00:00
[2022-08-23 00:22:01,851] {processor.py:161} INFO - Processing /opt/airflow/dags/trigger_rule_dag.py took 0.189 seconds
[2022-08-23 00:22:32,315] {processor.py:153} INFO - Started process (PID=6428) to work on /opt/airflow/dags/trigger_rule_dag.py
[2022-08-23 00:22:32,316] {processor.py:641} INFO - Processing file /opt/airflow/dags/trigger_rule_dag.py for tasks to queue
[2022-08-23 00:22:32,317] {logging_mixin.py:115} INFO - [2022-08-23 00:22:32,317] {dagbag.py:507} INFO - Filling up the DagBag from /opt/airflow/dags/trigger_rule_dag.py
[2022-08-23 00:22:32,327] {processor.py:651} INFO - DAG(s) dict_keys(['trigger_rule_dag']) retrieved from /opt/airflow/dags/trigger_rule_dag.py
[2022-08-23 00:22:32,353] {logging_mixin.py:115} INFO - [2022-08-23 00:22:32,353] {dag.py:2371} INFO - Sync 1 DAGs
[2022-08-23 00:22:32,477] {logging_mixin.py:115} INFO - [2022-08-23 00:22:32,477] {dag.py:2919} INFO - Setting next_dagrun for trigger_rule_dag to 2022-08-22T00:00:00+00:00, run_after=2022-08-23T00:00:00+00:00
[2022-08-23 00:22:32,487] {processor.py:161} INFO - Processing /opt/airflow/dags/trigger_rule_dag.py took 0.175 seconds
[2022-08-23 00:23:03,084] {processor.py:153} INFO - Started process (PID=6505) to work on /opt/airflow/dags/trigger_rule_dag.py
[2022-08-23 00:23:03,085] {processor.py:641} INFO - Processing file /opt/airflow/dags/trigger_rule_dag.py for tasks to queue
[2022-08-23 00:23:03,086] {logging_mixin.py:115} INFO - [2022-08-23 00:23:03,085] {dagbag.py:507} INFO - Filling up the DagBag from /opt/airflow/dags/trigger_rule_dag.py
[2022-08-23 00:23:03,097] {processor.py:651} INFO - DAG(s) dict_keys(['trigger_rule_dag']) retrieved from /opt/airflow/dags/trigger_rule_dag.py
[2022-08-23 00:23:03,123] {logging_mixin.py:115} INFO - [2022-08-23 00:23:03,123] {dag.py:2371} INFO - Sync 1 DAGs
[2022-08-23 00:23:03,244] {logging_mixin.py:115} INFO - [2022-08-23 00:23:03,243] {dag.py:2919} INFO - Setting next_dagrun for trigger_rule_dag to 2022-08-22T00:00:00+00:00, run_after=2022-08-23T00:00:00+00:00
[2022-08-23 00:23:03,253] {processor.py:161} INFO - Processing /opt/airflow/dags/trigger_rule_dag.py took 0.174 seconds
[2022-08-23 00:23:33,697] {processor.py:153} INFO - Started process (PID=6574) to work on /opt/airflow/dags/trigger_rule_dag.py
[2022-08-23 00:23:33,698] {processor.py:641} INFO - Processing file /opt/airflow/dags/trigger_rule_dag.py for tasks to queue
[2022-08-23 00:23:33,699] {logging_mixin.py:115} INFO - [2022-08-23 00:23:33,699] {dagbag.py:507} INFO - Filling up the DagBag from /opt/airflow/dags/trigger_rule_dag.py
[2022-08-23 00:23:33,708] {processor.py:651} INFO - DAG(s) dict_keys(['trigger_rule_dag']) retrieved from /opt/airflow/dags/trigger_rule_dag.py
[2022-08-23 00:23:33,737] {logging_mixin.py:115} INFO - [2022-08-23 00:23:33,737] {dag.py:2371} INFO - Sync 1 DAGs
[2022-08-23 00:23:33,866] {logging_mixin.py:115} INFO - [2022-08-23 00:23:33,866] {dag.py:2919} INFO - Setting next_dagrun for trigger_rule_dag to 2022-08-22T00:00:00+00:00, run_after=2022-08-23T00:00:00+00:00
[2022-08-23 00:23:33,880] {processor.py:161} INFO - Processing /opt/airflow/dags/trigger_rule_dag.py took 0.186 seconds
[2022-08-23 00:24:04,019] {processor.py:153} INFO - Started process (PID=6651) to work on /opt/airflow/dags/trigger_rule_dag.py
[2022-08-23 00:24:04,020] {processor.py:641} INFO - Processing file /opt/airflow/dags/trigger_rule_dag.py for tasks to queue
[2022-08-23 00:24:04,021] {logging_mixin.py:115} INFO - [2022-08-23 00:24:04,021] {dagbag.py:507} INFO - Filling up the DagBag from /opt/airflow/dags/trigger_rule_dag.py
[2022-08-23 00:24:04,031] {processor.py:651} INFO - DAG(s) dict_keys(['trigger_rule_dag']) retrieved from /opt/airflow/dags/trigger_rule_dag.py
[2022-08-23 00:24:04,159] {logging_mixin.py:115} INFO - [2022-08-23 00:24:04,159] {dag.py:2371} INFO - Sync 1 DAGs
[2022-08-23 00:24:04,184] {logging_mixin.py:115} INFO - [2022-08-23 00:24:04,184] {dag.py:2919} INFO - Setting next_dagrun for trigger_rule_dag to 2022-08-22T00:00:00+00:00, run_after=2022-08-23T00:00:00+00:00
[2022-08-23 00:24:04,194] {processor.py:161} INFO - Processing /opt/airflow/dags/trigger_rule_dag.py took 0.178 seconds
[2022-08-23 00:24:34,366] {processor.py:153} INFO - Started process (PID=6729) to work on /opt/airflow/dags/trigger_rule_dag.py
[2022-08-23 00:24:34,367] {processor.py:641} INFO - Processing file /opt/airflow/dags/trigger_rule_dag.py for tasks to queue
[2022-08-23 00:24:34,368] {logging_mixin.py:115} INFO - [2022-08-23 00:24:34,368] {dagbag.py:507} INFO - Filling up the DagBag from /opt/airflow/dags/trigger_rule_dag.py
[2022-08-23 00:24:34,378] {processor.py:651} INFO - DAG(s) dict_keys(['trigger_rule_dag']) retrieved from /opt/airflow/dags/trigger_rule_dag.py
[2022-08-23 00:24:34,510] {logging_mixin.py:115} INFO - [2022-08-23 00:24:34,510] {dag.py:2371} INFO - Sync 1 DAGs
[2022-08-23 00:24:34,532] {logging_mixin.py:115} INFO - [2022-08-23 00:24:34,532] {dag.py:2919} INFO - Setting next_dagrun for trigger_rule_dag to 2022-08-22T00:00:00+00:00, run_after=2022-08-23T00:00:00+00:00
[2022-08-23 00:24:34,541] {processor.py:161} INFO - Processing /opt/airflow/dags/trigger_rule_dag.py took 0.179 seconds
[2022-08-23 00:25:05,030] {processor.py:153} INFO - Started process (PID=6796) to work on /opt/airflow/dags/trigger_rule_dag.py
[2022-08-23 00:25:05,031] {processor.py:641} INFO - Processing file /opt/airflow/dags/trigger_rule_dag.py for tasks to queue
[2022-08-23 00:25:05,032] {logging_mixin.py:115} INFO - [2022-08-23 00:25:05,032] {dagbag.py:507} INFO - Filling up the DagBag from /opt/airflow/dags/trigger_rule_dag.py
[2022-08-23 00:25:05,041] {processor.py:651} INFO - DAG(s) dict_keys(['trigger_rule_dag']) retrieved from /opt/airflow/dags/trigger_rule_dag.py
[2022-08-23 00:25:05,176] {logging_mixin.py:115} INFO - [2022-08-23 00:25:05,176] {dag.py:2371} INFO - Sync 1 DAGs
[2022-08-23 00:25:05,201] {logging_mixin.py:115} INFO - [2022-08-23 00:25:05,201] {dag.py:2919} INFO - Setting next_dagrun for trigger_rule_dag to 2022-08-22T00:00:00+00:00, run_after=2022-08-23T00:00:00+00:00
[2022-08-23 00:25:05,212] {processor.py:161} INFO - Processing /opt/airflow/dags/trigger_rule_dag.py took 0.187 seconds
[2022-08-23 00:25:35,740] {processor.py:153} INFO - Started process (PID=6873) to work on /opt/airflow/dags/trigger_rule_dag.py
[2022-08-23 00:25:35,741] {processor.py:641} INFO - Processing file /opt/airflow/dags/trigger_rule_dag.py for tasks to queue
[2022-08-23 00:25:35,742] {logging_mixin.py:115} INFO - [2022-08-23 00:25:35,742] {dagbag.py:507} INFO - Filling up the DagBag from /opt/airflow/dags/trigger_rule_dag.py
[2022-08-23 00:25:35,751] {processor.py:651} INFO - DAG(s) dict_keys(['trigger_rule_dag']) retrieved from /opt/airflow/dags/trigger_rule_dag.py
[2022-08-23 00:25:35,881] {logging_mixin.py:115} INFO - [2022-08-23 00:25:35,880] {dag.py:2371} INFO - Sync 1 DAGs
[2022-08-23 00:25:35,906] {logging_mixin.py:115} INFO - [2022-08-23 00:25:35,906] {dag.py:2919} INFO - Setting next_dagrun for trigger_rule_dag to 2022-08-22T00:00:00+00:00, run_after=2022-08-23T00:00:00+00:00
[2022-08-23 00:25:35,918] {processor.py:161} INFO - Processing /opt/airflow/dags/trigger_rule_dag.py took 0.181 seconds
[2022-08-23 00:26:06,334] {processor.py:153} INFO - Started process (PID=6950) to work on /opt/airflow/dags/trigger_rule_dag.py
[2022-08-23 00:26:06,335] {processor.py:641} INFO - Processing file /opt/airflow/dags/trigger_rule_dag.py for tasks to queue
[2022-08-23 00:26:06,336] {logging_mixin.py:115} INFO - [2022-08-23 00:26:06,336] {dagbag.py:507} INFO - Filling up the DagBag from /opt/airflow/dags/trigger_rule_dag.py
[2022-08-23 00:26:06,346] {processor.py:651} INFO - DAG(s) dict_keys(['trigger_rule_dag']) retrieved from /opt/airflow/dags/trigger_rule_dag.py
[2022-08-23 00:26:06,473] {logging_mixin.py:115} INFO - [2022-08-23 00:26:06,473] {dag.py:2371} INFO - Sync 1 DAGs
[2022-08-23 00:26:06,497] {logging_mixin.py:115} INFO - [2022-08-23 00:26:06,497] {dag.py:2919} INFO - Setting next_dagrun for trigger_rule_dag to 2022-08-22T00:00:00+00:00, run_after=2022-08-23T00:00:00+00:00
[2022-08-23 00:26:06,507] {processor.py:161} INFO - Processing /opt/airflow/dags/trigger_rule_dag.py took 0.176 seconds
[2022-08-23 00:26:37,244] {processor.py:153} INFO - Started process (PID=7028) to work on /opt/airflow/dags/trigger_rule_dag.py
[2022-08-23 00:26:37,261] {processor.py:641} INFO - Processing file /opt/airflow/dags/trigger_rule_dag.py for tasks to queue
[2022-08-23 00:26:37,262] {logging_mixin.py:115} INFO - [2022-08-23 00:26:37,262] {dagbag.py:507} INFO - Filling up the DagBag from /opt/airflow/dags/trigger_rule_dag.py
[2022-08-23 00:26:37,274] {processor.py:651} INFO - DAG(s) dict_keys(['trigger_rule_dag']) retrieved from /opt/airflow/dags/trigger_rule_dag.py
[2022-08-23 00:26:37,429] {logging_mixin.py:115} INFO - [2022-08-23 00:26:37,429] {dag.py:2371} INFO - Sync 1 DAGs
[2022-08-23 00:26:37,456] {logging_mixin.py:115} INFO - [2022-08-23 00:26:37,456] {dag.py:2919} INFO - Setting next_dagrun for trigger_rule_dag to 2022-08-22T00:00:00+00:00, run_after=2022-08-23T00:00:00+00:00
[2022-08-23 00:26:37,472] {processor.py:161} INFO - Processing /opt/airflow/dags/trigger_rule_dag.py took 0.233 seconds
[2022-08-23 00:27:08,369] {processor.py:153} INFO - Started process (PID=7096) to work on /opt/airflow/dags/trigger_rule_dag.py
[2022-08-23 00:27:08,371] {processor.py:641} INFO - Processing file /opt/airflow/dags/trigger_rule_dag.py for tasks to queue
[2022-08-23 00:27:08,372] {logging_mixin.py:115} INFO - [2022-08-23 00:27:08,372] {dagbag.py:507} INFO - Filling up the DagBag from /opt/airflow/dags/trigger_rule_dag.py
[2022-08-23 00:27:08,382] {processor.py:651} INFO - DAG(s) dict_keys(['trigger_rule_dag']) retrieved from /opt/airflow/dags/trigger_rule_dag.py
[2022-08-23 00:27:08,518] {logging_mixin.py:115} INFO - [2022-08-23 00:27:08,518] {dag.py:2371} INFO - Sync 1 DAGs
[2022-08-23 00:27:08,544] {logging_mixin.py:115} INFO - [2022-08-23 00:27:08,544] {dag.py:2919} INFO - Setting next_dagrun for trigger_rule_dag to 2022-08-22T00:00:00+00:00, run_after=2022-08-23T00:00:00+00:00
[2022-08-23 00:27:08,555] {processor.py:161} INFO - Processing /opt/airflow/dags/trigger_rule_dag.py took 0.190 seconds
[2022-08-23 00:27:39,017] {processor.py:153} INFO - Started process (PID=7173) to work on /opt/airflow/dags/trigger_rule_dag.py
[2022-08-23 00:27:39,018] {processor.py:641} INFO - Processing file /opt/airflow/dags/trigger_rule_dag.py for tasks to queue
[2022-08-23 00:27:39,019] {logging_mixin.py:115} INFO - [2022-08-23 00:27:39,019] {dagbag.py:507} INFO - Filling up the DagBag from /opt/airflow/dags/trigger_rule_dag.py
[2022-08-23 00:27:39,029] {processor.py:651} INFO - DAG(s) dict_keys(['trigger_rule_dag']) retrieved from /opt/airflow/dags/trigger_rule_dag.py
[2022-08-23 00:27:39,169] {logging_mixin.py:115} INFO - [2022-08-23 00:27:39,169] {dag.py:2371} INFO - Sync 1 DAGs
[2022-08-23 00:27:39,197] {logging_mixin.py:115} INFO - [2022-08-23 00:27:39,197] {dag.py:2919} INFO - Setting next_dagrun for trigger_rule_dag to 2022-08-22T00:00:00+00:00, run_after=2022-08-23T00:00:00+00:00
[2022-08-23 00:27:39,208] {processor.py:161} INFO - Processing /opt/airflow/dags/trigger_rule_dag.py took 0.196 seconds
