[2022-08-18 07:03:34,749] {taskinstance.py:1159} INFO - Dependencies all met for <TaskInstance: docker_dag.print_current_date scheduled__2022-08-18T05:05:00+00:00 [queued]>
[2022-08-18 07:03:34,966] {taskinstance.py:1159} INFO - Dependencies all met for <TaskInstance: docker_dag.print_current_date scheduled__2022-08-18T05:05:00+00:00 [queued]>
[2022-08-18 07:03:34,973] {taskinstance.py:1356} INFO - 
--------------------------------------------------------------------------------
[2022-08-18 07:03:34,982] {taskinstance.py:1357} INFO - Starting attempt 1 of 2
[2022-08-18 07:03:35,089] {taskinstance.py:1358} INFO - 
--------------------------------------------------------------------------------
[2022-08-18 07:03:35,576] {taskinstance.py:1377} INFO - Executing <Task(BashOperator): print_current_date> on 2022-08-18 05:05:00+00:00
[2022-08-18 07:03:35,747] {standard_task_runner.py:52} INFO - Started process 13750 to run task
[2022-08-18 07:03:36,038] {standard_task_runner.py:79} INFO - Running: ['***', 'tasks', 'run', 'docker_dag', 'print_current_date', 'scheduled__2022-08-18T05:05:00+00:00', '--job-id', '518', '--raw', '--subdir', 'DAGS_FOLDER/docker_dag.py', '--cfg-path', '/tmp/tmpgie9lmko', '--error-file', '/tmp/tmp7kxsxc9o']
[2022-08-18 07:03:36,064] {standard_task_runner.py:80} INFO - Job 518: Subtask print_current_date
[2022-08-18 07:03:37,357] {task_command.py:369} INFO - Running <TaskInstance: docker_dag.print_current_date scheduled__2022-08-18T05:05:00+00:00 [running]> on host e8f82214d52e
[2022-08-18 07:03:38,721] {taskinstance.py:1571} INFO - Exporting the following env vars:
AIRFLOW_CTX_DAG_OWNER=***
AIRFLOW_CTX_DAG_ID=docker_dag
AIRFLOW_CTX_TASK_ID=print_current_date
AIRFLOW_CTX_EXECUTION_DATE=2022-08-18T05:05:00+00:00
AIRFLOW_CTX_TRY_NUMBER=1
AIRFLOW_CTX_DAG_RUN_ID=scheduled__2022-08-18T05:05:00+00:00
[2022-08-18 07:03:38,755] {subprocess.py:62} INFO - Tmp dir root location: 
 /tmp
[2022-08-18 07:03:38,762] {subprocess.py:74} INFO - Running command: ['bash', '-c', 'date']
[2022-08-18 07:03:38,926] {subprocess.py:85} INFO - Output:
[2022-08-18 07:03:38,981] {subprocess.py:92} INFO - Thu Aug 18 07:03:38 UTC 2022
[2022-08-18 07:03:38,995] {subprocess.py:96} INFO - Command exited with return code 0
[2022-08-18 07:03:40,158] {taskinstance.py:1400} INFO - Marking task as SUCCESS. dag_id=docker_dag, task_id=print_current_date, execution_date=20220818T050500, start_date=20220818T070334, end_date=20220818T070340
[2022-08-18 07:03:41,898] {local_task_job.py:156} INFO - Task exited with return code 0
[2022-08-18 07:03:42,751] {local_task_job.py:273} INFO - 0 downstream tasks scheduled from follow-on schedule check
