[2022-10-27 01:57:57,586] {taskinstance.py:1159} INFO - Dependencies all met for <TaskInstance: spark_job_dag.dummy manual__2022-10-27T01:57:55.570066+00:00 [queued]>
[2022-10-27 01:57:57,602] {taskinstance.py:1159} INFO - Dependencies all met for <TaskInstance: spark_job_dag.dummy manual__2022-10-27T01:57:55.570066+00:00 [queued]>
[2022-10-27 01:57:57,603] {taskinstance.py:1356} INFO - 
--------------------------------------------------------------------------------
[2022-10-27 01:57:57,604] {taskinstance.py:1357} INFO - Starting attempt 1 of 2
[2022-10-27 01:57:57,605] {taskinstance.py:1358} INFO - 
--------------------------------------------------------------------------------
[2022-10-27 01:57:57,628] {taskinstance.py:1377} INFO - Executing <Task(BashOperator): dummy> on 2022-10-27 01:57:55.570066+00:00
[2022-10-27 01:57:57,638] {standard_task_runner.py:52} INFO - Started process 3433 to run task
[2022-10-27 01:57:57,644] {standard_task_runner.py:79} INFO - Running: ['***', 'tasks', 'run', 'spark_job_dag', 'dummy', 'manual__2022-10-27T01:57:55.570066+00:00', '--job-id', '41', '--raw', '--subdir', 'DAGS_FOLDER/spark_job_dag.py', '--cfg-path', '/tmp/tmpw32xus8l', '--error-file', '/tmp/tmptsks7pof']
[2022-10-27 01:57:57,647] {standard_task_runner.py:80} INFO - Job 41: Subtask dummy
[2022-10-27 01:57:57,727] {task_command.py:369} INFO - Running <TaskInstance: spark_job_dag.dummy manual__2022-10-27T01:57:55.570066+00:00 [running]> on host abbfe66d2e6a
[2022-10-27 01:57:57,799] {taskinstance.py:1571} INFO - Exporting the following env vars:
AIRFLOW_CTX_DAG_OWNER=***
AIRFLOW_CTX_DAG_ID=spark_job_dag
AIRFLOW_CTX_TASK_ID=dummy
AIRFLOW_CTX_EXECUTION_DATE=2022-10-27T01:57:55.570066+00:00
AIRFLOW_CTX_TRY_NUMBER=1
AIRFLOW_CTX_DAG_RUN_ID=manual__2022-10-27T01:57:55.570066+00:00
[2022-10-27 01:57:57,801] {subprocess.py:62} INFO - Tmp dir root location: 
 /tmp
[2022-10-27 01:57:57,802] {subprocess.py:74} INFO - Running command: ['bash', '-c', 'sleep 10']
[2022-10-27 01:57:57,816] {subprocess.py:85} INFO - Output:
[2022-10-27 01:58:07,799] {subprocess.py:96} INFO - Command exited with return code 0
[2022-10-27 01:58:07,833] {taskinstance.py:1400} INFO - Marking task as SUCCESS. dag_id=spark_job_dag, task_id=dummy, execution_date=20221027T015755, start_date=20221027T015757, end_date=20221027T015807
[2022-10-27 01:58:07,867] {local_task_job.py:156} INFO - Task exited with return code 0
[2022-10-27 01:58:07,901] {local_task_job.py:273} INFO - 0 downstream tasks scheduled from follow-on schedule check
