[2022-07-28 13:01:12,415] {taskinstance.py:1159} INFO - Dependencies all met for <TaskInstance: trigger_rule_dag.task_1 manual__2022-07-28T13:01:11.129229+00:00 [queued]>
[2022-07-28 13:01:12,425] {taskinstance.py:1159} INFO - Dependencies all met for <TaskInstance: trigger_rule_dag.task_1 manual__2022-07-28T13:01:11.129229+00:00 [queued]>
[2022-07-28 13:01:12,426] {taskinstance.py:1356} INFO - 
--------------------------------------------------------------------------------
[2022-07-28 13:01:12,426] {taskinstance.py:1357} INFO - Starting attempt 1 of 1
[2022-07-28 13:01:12,427] {taskinstance.py:1358} INFO - 
--------------------------------------------------------------------------------
[2022-07-28 13:01:12,441] {taskinstance.py:1377} INFO - Executing <Task(BashOperator): task_1> on 2022-07-28 13:01:11.129229+00:00
[2022-07-28 13:01:12,446] {standard_task_runner.py:52} INFO - Started process 1636 to run task
[2022-07-28 13:01:12,450] {standard_task_runner.py:79} INFO - Running: ['***', 'tasks', 'run', 'trigger_rule_dag', 'task_1', 'manual__2022-07-28T13:01:11.129229+00:00', '--job-id', '228', '--raw', '--subdir', 'DAGS_FOLDER/trigger_rule_dag.py', '--cfg-path', '/tmp/tmppkszvybh', '--error-file', '/tmp/tmpl4olu_6d']
[2022-07-28 13:01:12,451] {standard_task_runner.py:80} INFO - Job 228: Subtask task_1
[2022-07-28 13:01:12,512] {task_command.py:369} INFO - Running <TaskInstance: trigger_rule_dag.task_1 manual__2022-07-28T13:01:11.129229+00:00 [running]> on host 2525a2c6e2b8
[2022-07-28 13:01:12,584] {taskinstance.py:1571} INFO - Exporting the following env vars:
AIRFLOW_CTX_DAG_OWNER=***
AIRFLOW_CTX_DAG_ID=trigger_rule_dag
AIRFLOW_CTX_TASK_ID=task_1
AIRFLOW_CTX_EXECUTION_DATE=2022-07-28T13:01:11.129229+00:00
AIRFLOW_CTX_TRY_NUMBER=1
AIRFLOW_CTX_DAG_RUN_ID=manual__2022-07-28T13:01:11.129229+00:00
[2022-07-28 13:01:12,599] {subprocess.py:62} INFO - Tmp dir root location: 
 /tmp
[2022-07-28 13:01:12,600] {subprocess.py:74} INFO - Running command: ['bash', '-c', 'exit 0']
[2022-07-28 13:01:12,612] {subprocess.py:85} INFO - Output:
[2022-07-28 13:01:12,614] {subprocess.py:96} INFO - Command exited with return code 0
[2022-07-28 13:01:12,650] {taskinstance.py:1400} INFO - Marking task as SUCCESS. dag_id=trigger_rule_dag, task_id=task_1, execution_date=20220728T130111, start_date=20220728T130112, end_date=20220728T130112
[2022-07-28 13:01:12,703] {local_task_job.py:156} INFO - Task exited with return code 0
[2022-07-28 13:01:12,738] {local_task_job.py:273} INFO - 1 downstream tasks scheduled from follow-on schedule check
