[2022-10-04 21:40:52,872] {taskinstance.py:1159} INFO - Dependencies all met for <TaskInstance: spark_job_dag.git_clone manual__2022-10-04T21:40:47.834918+00:00 [queued]>
[2022-10-04 21:40:52,886] {taskinstance.py:1159} INFO - Dependencies all met for <TaskInstance: spark_job_dag.git_clone manual__2022-10-04T21:40:47.834918+00:00 [queued]>
[2022-10-04 21:40:52,887] {taskinstance.py:1356} INFO - 
--------------------------------------------------------------------------------
[2022-10-04 21:40:52,888] {taskinstance.py:1357} INFO - Starting attempt 1 of 2
[2022-10-04 21:40:52,888] {taskinstance.py:1358} INFO - 
--------------------------------------------------------------------------------
[2022-10-04 21:40:52,908] {taskinstance.py:1377} INFO - Executing <Task(BashOperator): git_clone> on 2022-10-04 21:40:47.834918+00:00
[2022-10-04 21:40:52,914] {standard_task_runner.py:52} INFO - Started process 169 to run task
[2022-10-04 21:40:52,920] {standard_task_runner.py:79} INFO - Running: ['***', 'tasks', 'run', 'spark_job_dag', 'git_clone', 'manual__2022-10-04T21:40:47.834918+00:00', '--job-id', '27', '--raw', '--subdir', 'DAGS_FOLDER/spark_job_dag.py', '--cfg-path', '/tmp/tmpf6ozv8x7', '--error-file', '/tmp/tmpei3s_517']
[2022-10-04 21:40:52,921] {standard_task_runner.py:80} INFO - Job 27: Subtask git_clone
[2022-10-04 21:40:53,049] {task_command.py:369} INFO - Running <TaskInstance: spark_job_dag.git_clone manual__2022-10-04T21:40:47.834918+00:00 [running]> on host 4e0a50bd41f3
[2022-10-04 21:40:53,262] {taskinstance.py:1571} INFO - Exporting the following env vars:
AIRFLOW_CTX_DAG_OWNER=***
AIRFLOW_CTX_DAG_ID=spark_job_dag
AIRFLOW_CTX_TASK_ID=git_clone
AIRFLOW_CTX_EXECUTION_DATE=2022-10-04T21:40:47.834918+00:00
AIRFLOW_CTX_TRY_NUMBER=1
AIRFLOW_CTX_DAG_RUN_ID=manual__2022-10-04T21:40:47.834918+00:00
[2022-10-04 21:40:53,265] {subprocess.py:62} INFO - Tmp dir root location: 
 /tmp
[2022-10-04 21:40:53,267] {subprocess.py:74} INFO - Running command: ['bash', '-c', 'git clone https://github.com/marclamberti/simple-app.git /home/***/simple-app']
[2022-10-04 21:40:53,294] {subprocess.py:85} INFO - Output:
[2022-10-04 21:40:53,318] {subprocess.py:92} INFO - Cloning into '/home/***/simple-app'...
[2022-10-04 21:40:54,317] {subprocess.py:96} INFO - Command exited with return code 0
[2022-10-04 21:40:54,356] {taskinstance.py:1400} INFO - Marking task as SUCCESS. dag_id=spark_job_dag, task_id=git_clone, execution_date=20221004T214047, start_date=20221004T214052, end_date=20221004T214054
[2022-10-04 21:40:54,421] {local_task_job.py:156} INFO - Task exited with return code 0
[2022-10-04 21:40:54,473] {local_task_job.py:273} INFO - 1 downstream tasks scheduled from follow-on schedule check
