[2022-08-12 00:59:08,061] {taskinstance.py:1159} INFO - Dependencies all met for <TaskInstance: xcom_dag.downloading_data scheduled__2022-08-11T00:00:00+00:00 [queued]>
[2022-08-12 00:59:08,094] {taskinstance.py:1159} INFO - Dependencies all met for <TaskInstance: xcom_dag.downloading_data scheduled__2022-08-11T00:00:00+00:00 [queued]>
[2022-08-12 00:59:08,096] {taskinstance.py:1356} INFO - 
--------------------------------------------------------------------------------
[2022-08-12 00:59:08,097] {taskinstance.py:1357} INFO - Starting attempt 1 of 1
[2022-08-12 00:59:08,098] {taskinstance.py:1358} INFO - 
--------------------------------------------------------------------------------
[2022-08-12 00:59:08,151] {taskinstance.py:1377} INFO - Executing <Task(BashOperator): downloading_data> on 2022-08-11 00:00:00+00:00
[2022-08-12 00:59:08,174] {standard_task_runner.py:52} INFO - Started process 3836 to run task
[2022-08-12 00:59:08,181] {standard_task_runner.py:79} INFO - Running: ['***', 'tasks', 'run', 'xcom_dag', 'downloading_data', 'scheduled__2022-08-11T00:00:00+00:00', '--job-id', '362', '--raw', '--subdir', 'DAGS_FOLDER/xcom_dag.py', '--cfg-path', '/tmp/tmp0xh6_dil', '--error-file', '/tmp/tmp03_zsgsa']
[2022-08-12 00:59:08,183] {standard_task_runner.py:80} INFO - Job 362: Subtask downloading_data
[2022-08-12 00:59:08,524] {task_command.py:369} INFO - Running <TaskInstance: xcom_dag.downloading_data scheduled__2022-08-11T00:00:00+00:00 [running]> on host c49533ed8cfb
[2022-08-12 00:59:08,762] {taskinstance.py:1571} INFO - Exporting the following env vars:
AIRFLOW_CTX_DAG_OWNER=***
AIRFLOW_CTX_DAG_ID=xcom_dag
AIRFLOW_CTX_TASK_ID=downloading_data
AIRFLOW_CTX_EXECUTION_DATE=2022-08-11T00:00:00+00:00
AIRFLOW_CTX_TRY_NUMBER=1
AIRFLOW_CTX_DAG_RUN_ID=scheduled__2022-08-11T00:00:00+00:00
[2022-08-12 00:59:08,764] {subprocess.py:62} INFO - Tmp dir root location: 
 /tmp
[2022-08-12 00:59:08,765] {subprocess.py:74} INFO - Running command: ['bash', '-c', 'sleep 3']
[2022-08-12 00:59:08,787] {subprocess.py:85} INFO - Output:
[2022-08-12 00:59:11,800] {subprocess.py:96} INFO - Command exited with return code 0
[2022-08-12 00:59:11,835] {taskinstance.py:1400} INFO - Marking task as SUCCESS. dag_id=xcom_dag, task_id=downloading_data, execution_date=20220811T000000, start_date=20220812T005908, end_date=20220812T005911
[2022-08-12 00:59:11,872] {local_task_job.py:156} INFO - Task exited with return code 0
[2022-08-12 00:59:11,916] {local_task_job.py:273} INFO - 3 downstream tasks scheduled from follow-on schedule check
