[2022-07-27 17:42:28,680] {taskinstance.py:1159} INFO - Dependencies all met for <TaskInstance: xcom_dag.task_4 manual__2022-07-27T17:42:21.316645+00:00 [queued]>
[2022-07-27 17:42:28,691] {taskinstance.py:1159} INFO - Dependencies all met for <TaskInstance: xcom_dag.task_4 manual__2022-07-27T17:42:21.316645+00:00 [queued]>
[2022-07-27 17:42:28,691] {taskinstance.py:1356} INFO - 
--------------------------------------------------------------------------------
[2022-07-27 17:42:28,692] {taskinstance.py:1357} INFO - Starting attempt 1 of 1
[2022-07-27 17:42:28,692] {taskinstance.py:1358} INFO - 
--------------------------------------------------------------------------------
[2022-07-27 17:42:28,705] {taskinstance.py:1377} INFO - Executing <Task(PythonOperator): task_4> on 2022-07-27 17:42:21.316645+00:00
[2022-07-27 17:42:28,710] {standard_task_runner.py:52} INFO - Started process 33688 to run task
[2022-07-27 17:42:28,714] {standard_task_runner.py:79} INFO - Running: ['***', 'tasks', 'run', 'xcom_dag', 'task_4', 'manual__2022-07-27T17:42:21.316645+00:00', '--job-id', '151', '--raw', '--subdir', 'DAGS_FOLDER/xcom_dag.py', '--cfg-path', '/tmp/tmpvewxylqk', '--error-file', '/tmp/tmpht14lp5r']
[2022-07-27 17:42:28,714] {standard_task_runner.py:80} INFO - Job 151: Subtask task_4
[2022-07-27 17:42:28,769] {task_command.py:369} INFO - Running <TaskInstance: xcom_dag.task_4 manual__2022-07-27T17:42:21.316645+00:00 [running]> on host 8694d477c774
[2022-07-27 17:42:28,836] {taskinstance.py:1571} INFO - Exporting the following env vars:
AIRFLOW_CTX_DAG_OWNER=***
AIRFLOW_CTX_DAG_ID=xcom_dag
AIRFLOW_CTX_TASK_ID=task_4
AIRFLOW_CTX_EXECUTION_DATE=2022-07-27T17:42:21.316645+00:00
AIRFLOW_CTX_TRY_NUMBER=1
AIRFLOW_CTX_DAG_RUN_ID=manual__2022-07-27T17:42:21.316645+00:00
[2022-07-27 17:42:28,838] {logging_mixin.py:115} INFO - choose best model
[2022-07-27 17:42:28,839] {python.py:173} INFO - Done. Returned value was: None
[2022-07-27 17:42:28,852] {taskinstance.py:1400} INFO - Marking task as SUCCESS. dag_id=xcom_dag, task_id=task_4, execution_date=20220727T174221, start_date=20220727T174228, end_date=20220727T174228
[2022-07-27 17:42:28,887] {local_task_job.py:156} INFO - Task exited with return code 0
[2022-07-27 17:42:28,918] {local_task_job.py:273} INFO - 0 downstream tasks scheduled from follow-on schedule check
