[2022-08-19 00:38:12,182] {taskinstance.py:1159} INFO - Dependencies all met for <TaskInstance: spark_job_dag.git_clone scheduled__2022-08-18T00:38:08.969799+00:00 [queued]>
[2022-08-19 00:38:12,195] {taskinstance.py:1159} INFO - Dependencies all met for <TaskInstance: spark_job_dag.git_clone scheduled__2022-08-18T00:38:08.969799+00:00 [queued]>
[2022-08-19 00:38:12,196] {taskinstance.py:1356} INFO - 
--------------------------------------------------------------------------------
[2022-08-19 00:38:12,197] {taskinstance.py:1357} INFO - Starting attempt 1 of 2
[2022-08-19 00:38:12,197] {taskinstance.py:1358} INFO - 
--------------------------------------------------------------------------------
[2022-08-19 00:38:12,214] {taskinstance.py:1377} INFO - Executing <Task(BashOperator): git_clone> on 2022-08-18 00:38:08.969799+00:00
[2022-08-19 00:38:12,220] {standard_task_runner.py:52} INFO - Started process 436 to run task
[2022-08-19 00:38:12,224] {standard_task_runner.py:79} INFO - Running: ['***', 'tasks', 'run', 'spark_job_dag', 'git_clone', 'scheduled__2022-08-18T00:38:08.969799+00:00', '--job-id', '593', '--raw', '--subdir', 'DAGS_FOLDER/spark_job_dag.py', '--cfg-path', '/tmp/tmpu2q68xuh', '--error-file', '/tmp/tmpjcgl6gsq']
[2022-08-19 00:38:12,226] {standard_task_runner.py:80} INFO - Job 593: Subtask git_clone
[2022-08-19 00:38:12,289] {task_command.py:369} INFO - Running <TaskInstance: spark_job_dag.git_clone scheduled__2022-08-18T00:38:08.969799+00:00 [running]> on host fa66a233a56d
[2022-08-19 00:38:12,373] {taskinstance.py:1571} INFO - Exporting the following env vars:
AIRFLOW_CTX_DAG_OWNER=***
AIRFLOW_CTX_DAG_ID=spark_job_dag
AIRFLOW_CTX_TASK_ID=git_clone
AIRFLOW_CTX_EXECUTION_DATE=2022-08-18T00:38:08.969799+00:00
AIRFLOW_CTX_TRY_NUMBER=1
AIRFLOW_CTX_DAG_RUN_ID=scheduled__2022-08-18T00:38:08.969799+00:00
[2022-08-19 00:38:12,376] {subprocess.py:62} INFO - Tmp dir root location: 
 /tmp
[2022-08-19 00:38:12,377] {subprocess.py:74} INFO - Running command: ['bash', '-c', 'git clone https://github.com/marclamberti/simple-app.git /home/***/simple-app']
[2022-08-19 00:38:12,395] {subprocess.py:85} INFO - Output:
[2022-08-19 00:38:12,415] {subprocess.py:92} INFO - Cloning into '/home/***/simple-app'...
[2022-08-19 00:38:13,554] {subprocess.py:96} INFO - Command exited with return code 0
[2022-08-19 00:38:13,588] {taskinstance.py:1400} INFO - Marking task as SUCCESS. dag_id=spark_job_dag, task_id=git_clone, execution_date=20220818T003808, start_date=20220819T003812, end_date=20220819T003813
[2022-08-19 00:38:13,651] {local_task_job.py:156} INFO - Task exited with return code 0
[2022-08-19 00:38:13,705] {local_task_job.py:273} INFO - 1 downstream tasks scheduled from follow-on schedule check
