[2022-08-01 15:31:34,739] {taskinstance.py:1159} INFO - Dependencies all met for <TaskInstance: xcom_dag.processing_tasks.training_model_b scheduled__2022-07-31T00:00:00+00:00 [queued]>
[2022-08-01 15:31:34,749] {taskinstance.py:1159} INFO - Dependencies all met for <TaskInstance: xcom_dag.processing_tasks.training_model_b scheduled__2022-07-31T00:00:00+00:00 [queued]>
[2022-08-01 15:31:34,750] {taskinstance.py:1356} INFO - 
--------------------------------------------------------------------------------
[2022-08-01 15:31:34,750] {taskinstance.py:1357} INFO - Starting attempt 1 of 1
[2022-08-01 15:31:34,751] {taskinstance.py:1358} INFO - 
--------------------------------------------------------------------------------
[2022-08-01 15:31:34,763] {taskinstance.py:1377} INFO - Executing <Task(PythonOperator): processing_tasks.training_model_b> on 2022-07-31 00:00:00+00:00
[2022-08-01 15:31:34,768] {standard_task_runner.py:52} INFO - Started process 17161 to run task
[2022-08-01 15:31:34,772] {standard_task_runner.py:79} INFO - Running: ['***', 'tasks', 'run', 'xcom_dag', 'processing_tasks.training_model_b', 'scheduled__2022-07-31T00:00:00+00:00', '--job-id', '277', '--raw', '--subdir', 'DAGS_FOLDER/xcom_dag.py', '--cfg-path', '/tmp/tmprmk2budw', '--error-file', '/tmp/tmphfjn3rzm']
[2022-08-01 15:31:34,773] {standard_task_runner.py:80} INFO - Job 277: Subtask processing_tasks.training_model_b
[2022-08-01 15:31:34,837] {task_command.py:369} INFO - Running <TaskInstance: xcom_dag.processing_tasks.training_model_b scheduled__2022-07-31T00:00:00+00:00 [running]> on host 2525a2c6e2b8
[2022-08-01 15:31:34,912] {taskinstance.py:1571} INFO - Exporting the following env vars:
AIRFLOW_CTX_DAG_OWNER=***
AIRFLOW_CTX_DAG_ID=xcom_dag
AIRFLOW_CTX_TASK_ID=processing_tasks.training_model_b
AIRFLOW_CTX_EXECUTION_DATE=2022-07-31T00:00:00+00:00
AIRFLOW_CTX_TRY_NUMBER=1
AIRFLOW_CTX_DAG_RUN_ID=scheduled__2022-07-31T00:00:00+00:00
[2022-08-01 15:31:34,914] {logging_mixin.py:115} INFO - model's accuracy: 3.5936641557643894
[2022-08-01 15:31:34,929] {python.py:173} INFO - Done. Returned value was: None
[2022-08-01 15:31:34,945] {taskinstance.py:1400} INFO - Marking task as SUCCESS. dag_id=xcom_dag, task_id=processing_tasks.training_model_b, execution_date=20220731T000000, start_date=20220801T153134, end_date=20220801T153134
[2022-08-01 15:31:34,987] {local_task_job.py:156} INFO - Task exited with return code 0
[2022-08-01 15:31:35,042] {local_task_job.py:273} INFO - 0 downstream tasks scheduled from follow-on schedule check
