[2022-10-06 04:58:12,331] {processor.py:153} INFO - Started process (PID=44917) to work on /opt/airflow/dags/xcom_dag.py
[2022-10-06 04:58:12,332] {processor.py:641} INFO - Processing file /opt/airflow/dags/xcom_dag.py for tasks to queue
[2022-10-06 04:58:12,334] {logging_mixin.py:115} INFO - [2022-10-06 04:58:12,334] {dagbag.py:507} INFO - Filling up the DagBag from /opt/airflow/dags/xcom_dag.py
[2022-10-06 04:58:12,363] {logging_mixin.py:115} WARNING - /home/airflow/.local/lib/python3.7/site-packages/airflow/models/baseoperator.py:390 DeprecationWarning: none_failed_or_skipped Trigger Rule is deprecated. Please use `none_failed_min_one_success`.
[2022-10-06 04:58:12,365] {processor.py:651} INFO - DAG(s) dict_keys(['xcom_dag']) retrieved from /opt/airflow/dags/xcom_dag.py
[2022-10-06 04:58:12,411] {logging_mixin.py:115} INFO - [2022-10-06 04:58:12,411] {dag.py:2371} INFO - Sync 1 DAGs
[2022-10-06 04:58:12,460] {logging_mixin.py:115} INFO - [2022-10-06 04:58:12,459] {dag.py:2919} INFO - Setting next_dagrun for xcom_dag to 2022-10-05T00:00:00+00:00, run_after=2022-10-06T00:00:00+00:00
[2022-10-06 04:58:12,479] {processor.py:161} INFO - Processing /opt/airflow/dags/xcom_dag.py took 0.157 seconds
[2022-10-06 12:13:19,061] {processor.py:153} INFO - Started process (PID=44986) to work on /opt/airflow/dags/xcom_dag.py
[2022-10-06 12:13:19,063] {processor.py:641} INFO - Processing file /opt/airflow/dags/xcom_dag.py for tasks to queue
[2022-10-06 12:13:19,065] {logging_mixin.py:115} INFO - [2022-10-06 12:13:19,065] {dagbag.py:507} INFO - Filling up the DagBag from /opt/airflow/dags/xcom_dag.py
[2022-10-06 12:13:19,097] {logging_mixin.py:115} WARNING - /home/airflow/.local/lib/python3.7/site-packages/airflow/models/baseoperator.py:390 DeprecationWarning: none_failed_or_skipped Trigger Rule is deprecated. Please use `none_failed_min_one_success`.
[2022-10-06 12:13:19,100] {processor.py:651} INFO - DAG(s) dict_keys(['xcom_dag']) retrieved from /opt/airflow/dags/xcom_dag.py
[2022-10-06 12:13:19,155] {logging_mixin.py:115} INFO - [2022-10-06 12:13:19,155] {dag.py:2371} INFO - Sync 1 DAGs
[2022-10-06 12:13:19,198] {logging_mixin.py:115} INFO - [2022-10-06 12:13:19,198] {dag.py:2919} INFO - Setting next_dagrun for xcom_dag to 2022-10-05T00:00:00+00:00, run_after=2022-10-06T00:00:00+00:00
[2022-10-06 12:13:19,219] {processor.py:161} INFO - Processing /opt/airflow/dags/xcom_dag.py took 0.164 seconds
[2022-10-06 12:13:49,733] {processor.py:153} INFO - Started process (PID=45063) to work on /opt/airflow/dags/xcom_dag.py
[2022-10-06 12:13:49,734] {processor.py:641} INFO - Processing file /opt/airflow/dags/xcom_dag.py for tasks to queue
[2022-10-06 12:13:49,735] {logging_mixin.py:115} INFO - [2022-10-06 12:13:49,735] {dagbag.py:507} INFO - Filling up the DagBag from /opt/airflow/dags/xcom_dag.py
[2022-10-06 12:13:49,757] {logging_mixin.py:115} WARNING - /home/airflow/.local/lib/python3.7/site-packages/airflow/models/baseoperator.py:390 DeprecationWarning: none_failed_or_skipped Trigger Rule is deprecated. Please use `none_failed_min_one_success`.
[2022-10-06 12:13:49,759] {processor.py:651} INFO - DAG(s) dict_keys(['xcom_dag']) retrieved from /opt/airflow/dags/xcom_dag.py
[2022-10-06 12:13:49,787] {logging_mixin.py:115} INFO - [2022-10-06 12:13:49,787] {dag.py:2371} INFO - Sync 1 DAGs
[2022-10-06 12:13:49,808] {logging_mixin.py:115} INFO - [2022-10-06 12:13:49,808] {dag.py:2919} INFO - Setting next_dagrun for xcom_dag to 2022-10-05T00:00:00+00:00, run_after=2022-10-06T00:00:00+00:00
[2022-10-06 12:13:49,819] {processor.py:161} INFO - Processing /opt/airflow/dags/xcom_dag.py took 0.089 seconds
[2022-10-06 17:15:17,722] {processor.py:153} INFO - Started process (PID=45128) to work on /opt/airflow/dags/xcom_dag.py
[2022-10-06 17:15:17,723] {processor.py:641} INFO - Processing file /opt/airflow/dags/xcom_dag.py for tasks to queue
[2022-10-06 17:15:17,724] {logging_mixin.py:115} INFO - [2022-10-06 17:15:17,724] {dagbag.py:507} INFO - Filling up the DagBag from /opt/airflow/dags/xcom_dag.py
[2022-10-06 17:15:17,754] {logging_mixin.py:115} WARNING - /home/airflow/.local/lib/python3.7/site-packages/airflow/models/baseoperator.py:390 DeprecationWarning: none_failed_or_skipped Trigger Rule is deprecated. Please use `none_failed_min_one_success`.
[2022-10-06 17:15:17,758] {processor.py:651} INFO - DAG(s) dict_keys(['xcom_dag']) retrieved from /opt/airflow/dags/xcom_dag.py
[2022-10-06 17:15:17,831] {logging_mixin.py:115} INFO - [2022-10-06 17:15:17,830] {dag.py:2371} INFO - Sync 1 DAGs
[2022-10-06 17:15:17,863] {logging_mixin.py:115} INFO - [2022-10-06 17:15:17,863] {dag.py:2919} INFO - Setting next_dagrun for xcom_dag to 2022-10-05T00:00:00+00:00, run_after=2022-10-06T00:00:00+00:00
[2022-10-06 17:15:17,878] {processor.py:161} INFO - Processing /opt/airflow/dags/xcom_dag.py took 0.160 seconds
[2022-10-06 17:15:49,831] {processor.py:153} INFO - Started process (PID=45198) to work on /opt/airflow/dags/xcom_dag.py
[2022-10-06 17:15:49,838] {processor.py:641} INFO - Processing file /opt/airflow/dags/xcom_dag.py for tasks to queue
[2022-10-06 17:15:49,848] {logging_mixin.py:115} INFO - [2022-10-06 17:15:49,845] {dagbag.py:507} INFO - Filling up the DagBag from /opt/airflow/dags/xcom_dag.py
[2022-10-06 17:15:50,033] {logging_mixin.py:115} WARNING - /home/airflow/.local/lib/python3.7/site-packages/airflow/models/baseoperator.py:390 DeprecationWarning: none_failed_or_skipped Trigger Rule is deprecated. Please use `none_failed_min_one_success`.
[2022-10-06 17:15:50,074] {processor.py:651} INFO - DAG(s) dict_keys(['xcom_dag']) retrieved from /opt/airflow/dags/xcom_dag.py
[2022-10-06 17:15:50,357] {logging_mixin.py:115} INFO - [2022-10-06 17:15:50,356] {dag.py:2371} INFO - Sync 1 DAGs
[2022-10-06 17:15:50,566] {logging_mixin.py:115} INFO - [2022-10-06 17:15:50,565] {dag.py:2919} INFO - Setting next_dagrun for xcom_dag to 2022-10-05T00:00:00+00:00, run_after=2022-10-06T00:00:00+00:00
[2022-10-06 17:15:50,627] {processor.py:161} INFO - Processing /opt/airflow/dags/xcom_dag.py took 0.826 seconds
[2022-10-06 23:42:00,067] {processor.py:153} INFO - Started process (PID=45267) to work on /opt/airflow/dags/xcom_dag.py
[2022-10-06 23:42:00,069] {processor.py:641} INFO - Processing file /opt/airflow/dags/xcom_dag.py for tasks to queue
[2022-10-06 23:42:00,072] {logging_mixin.py:115} INFO - [2022-10-06 23:42:00,072] {dagbag.py:507} INFO - Filling up the DagBag from /opt/airflow/dags/xcom_dag.py
[2022-10-06 23:42:00,134] {logging_mixin.py:115} WARNING - /home/airflow/.local/lib/python3.7/site-packages/airflow/models/baseoperator.py:390 DeprecationWarning: none_failed_or_skipped Trigger Rule is deprecated. Please use `none_failed_min_one_success`.
[2022-10-06 23:42:00,141] {processor.py:651} INFO - DAG(s) dict_keys(['xcom_dag']) retrieved from /opt/airflow/dags/xcom_dag.py
[2022-10-06 23:42:00,202] {logging_mixin.py:115} INFO - [2022-10-06 23:42:00,202] {dag.py:2371} INFO - Sync 1 DAGs
[2022-10-06 23:42:00,247] {logging_mixin.py:115} INFO - [2022-10-06 23:42:00,247] {dag.py:2919} INFO - Setting next_dagrun for xcom_dag to 2022-10-05T00:00:00+00:00, run_after=2022-10-06T00:00:00+00:00
[2022-10-06 23:42:00,266] {processor.py:161} INFO - Processing /opt/airflow/dags/xcom_dag.py took 0.209 seconds
[2022-10-06 23:42:30,570] {processor.py:153} INFO - Started process (PID=45334) to work on /opt/airflow/dags/xcom_dag.py
[2022-10-06 23:42:30,572] {processor.py:641} INFO - Processing file /opt/airflow/dags/xcom_dag.py for tasks to queue
[2022-10-06 23:42:30,573] {logging_mixin.py:115} INFO - [2022-10-06 23:42:30,573] {dagbag.py:507} INFO - Filling up the DagBag from /opt/airflow/dags/xcom_dag.py
[2022-10-06 23:42:30,592] {logging_mixin.py:115} WARNING - /home/airflow/.local/lib/python3.7/site-packages/airflow/models/baseoperator.py:390 DeprecationWarning: none_failed_or_skipped Trigger Rule is deprecated. Please use `none_failed_min_one_success`.
[2022-10-06 23:42:30,594] {processor.py:651} INFO - DAG(s) dict_keys(['xcom_dag']) retrieved from /opt/airflow/dags/xcom_dag.py
[2022-10-06 23:42:30,621] {logging_mixin.py:115} INFO - [2022-10-06 23:42:30,621] {dag.py:2371} INFO - Sync 1 DAGs
[2022-10-06 23:42:30,643] {logging_mixin.py:115} INFO - [2022-10-06 23:42:30,643] {dag.py:2919} INFO - Setting next_dagrun for xcom_dag to 2022-10-05T00:00:00+00:00, run_after=2022-10-06T00:00:00+00:00
[2022-10-06 23:42:30,656] {processor.py:161} INFO - Processing /opt/airflow/dags/xcom_dag.py took 0.090 seconds
[2022-10-06 23:43:01,289] {processor.py:153} INFO - Started process (PID=45411) to work on /opt/airflow/dags/xcom_dag.py
[2022-10-06 23:43:01,290] {processor.py:641} INFO - Processing file /opt/airflow/dags/xcom_dag.py for tasks to queue
[2022-10-06 23:43:01,291] {logging_mixin.py:115} INFO - [2022-10-06 23:43:01,291] {dagbag.py:507} INFO - Filling up the DagBag from /opt/airflow/dags/xcom_dag.py
[2022-10-06 23:43:01,313] {logging_mixin.py:115} WARNING - /home/airflow/.local/lib/python3.7/site-packages/airflow/models/baseoperator.py:390 DeprecationWarning: none_failed_or_skipped Trigger Rule is deprecated. Please use `none_failed_min_one_success`.
[2022-10-06 23:43:01,315] {processor.py:651} INFO - DAG(s) dict_keys(['xcom_dag']) retrieved from /opt/airflow/dags/xcom_dag.py
[2022-10-06 23:43:01,342] {logging_mixin.py:115} INFO - [2022-10-06 23:43:01,342] {dag.py:2371} INFO - Sync 1 DAGs
[2022-10-06 23:43:01,362] {logging_mixin.py:115} INFO - [2022-10-06 23:43:01,362] {dag.py:2919} INFO - Setting next_dagrun for xcom_dag to 2022-10-05T00:00:00+00:00, run_after=2022-10-06T00:00:00+00:00
[2022-10-06 23:43:01,372] {processor.py:161} INFO - Processing /opt/airflow/dags/xcom_dag.py took 0.089 seconds
[2022-10-06 23:43:31,700] {processor.py:153} INFO - Started process (PID=45486) to work on /opt/airflow/dags/xcom_dag.py
[2022-10-06 23:43:31,702] {processor.py:641} INFO - Processing file /opt/airflow/dags/xcom_dag.py for tasks to queue
[2022-10-06 23:43:31,704] {logging_mixin.py:115} INFO - [2022-10-06 23:43:31,703] {dagbag.py:507} INFO - Filling up the DagBag from /opt/airflow/dags/xcom_dag.py
[2022-10-06 23:43:31,739] {logging_mixin.py:115} WARNING - /home/airflow/.local/lib/python3.7/site-packages/airflow/models/baseoperator.py:390 DeprecationWarning: none_failed_or_skipped Trigger Rule is deprecated. Please use `none_failed_min_one_success`.
[2022-10-06 23:43:31,742] {processor.py:651} INFO - DAG(s) dict_keys(['xcom_dag']) retrieved from /opt/airflow/dags/xcom_dag.py
[2022-10-06 23:43:31,786] {logging_mixin.py:115} INFO - [2022-10-06 23:43:31,786] {dag.py:2371} INFO - Sync 1 DAGs
[2022-10-06 23:43:31,817] {logging_mixin.py:115} INFO - [2022-10-06 23:43:31,817] {dag.py:2919} INFO - Setting next_dagrun for xcom_dag to 2022-10-05T00:00:00+00:00, run_after=2022-10-06T00:00:00+00:00
[2022-10-06 23:43:31,833] {processor.py:161} INFO - Processing /opt/airflow/dags/xcom_dag.py took 0.138 seconds
[2022-10-06 23:44:02,868] {processor.py:153} INFO - Started process (PID=45556) to work on /opt/airflow/dags/xcom_dag.py
[2022-10-06 23:44:02,870] {processor.py:641} INFO - Processing file /opt/airflow/dags/xcom_dag.py for tasks to queue
[2022-10-06 23:44:02,872] {logging_mixin.py:115} INFO - [2022-10-06 23:44:02,872] {dagbag.py:507} INFO - Filling up the DagBag from /opt/airflow/dags/xcom_dag.py
[2022-10-06 23:44:02,906] {logging_mixin.py:115} WARNING - /home/airflow/.local/lib/python3.7/site-packages/airflow/models/baseoperator.py:390 DeprecationWarning: none_failed_or_skipped Trigger Rule is deprecated. Please use `none_failed_min_one_success`.
[2022-10-06 23:44:02,909] {processor.py:651} INFO - DAG(s) dict_keys(['xcom_dag']) retrieved from /opt/airflow/dags/xcom_dag.py
[2022-10-06 23:44:02,946] {logging_mixin.py:115} INFO - [2022-10-06 23:44:02,946] {dag.py:2371} INFO - Sync 1 DAGs
[2022-10-06 23:44:02,971] {logging_mixin.py:115} INFO - [2022-10-06 23:44:02,971] {dag.py:2919} INFO - Setting next_dagrun for xcom_dag to 2022-10-05T00:00:00+00:00, run_after=2022-10-06T00:00:00+00:00
[2022-10-06 23:44:02,984] {processor.py:161} INFO - Processing /opt/airflow/dags/xcom_dag.py took 0.120 seconds
[2022-10-06 23:44:33,395] {processor.py:153} INFO - Started process (PID=45633) to work on /opt/airflow/dags/xcom_dag.py
[2022-10-06 23:44:33,397] {processor.py:641} INFO - Processing file /opt/airflow/dags/xcom_dag.py for tasks to queue
[2022-10-06 23:44:33,399] {logging_mixin.py:115} INFO - [2022-10-06 23:44:33,399] {dagbag.py:507} INFO - Filling up the DagBag from /opt/airflow/dags/xcom_dag.py
[2022-10-06 23:44:33,425] {logging_mixin.py:115} WARNING - /home/airflow/.local/lib/python3.7/site-packages/airflow/models/baseoperator.py:390 DeprecationWarning: none_failed_or_skipped Trigger Rule is deprecated. Please use `none_failed_min_one_success`.
[2022-10-06 23:44:33,427] {processor.py:651} INFO - DAG(s) dict_keys(['xcom_dag']) retrieved from /opt/airflow/dags/xcom_dag.py
[2022-10-06 23:44:33,463] {logging_mixin.py:115} INFO - [2022-10-06 23:44:33,463] {dag.py:2371} INFO - Sync 1 DAGs
[2022-10-06 23:44:33,487] {logging_mixin.py:115} INFO - [2022-10-06 23:44:33,487] {dag.py:2919} INFO - Setting next_dagrun for xcom_dag to 2022-10-05T00:00:00+00:00, run_after=2022-10-06T00:00:00+00:00
[2022-10-06 23:44:33,507] {processor.py:161} INFO - Processing /opt/airflow/dags/xcom_dag.py took 0.117 seconds
[2022-10-06 23:45:04,030] {processor.py:153} INFO - Started process (PID=45701) to work on /opt/airflow/dags/xcom_dag.py
[2022-10-06 23:45:04,032] {processor.py:641} INFO - Processing file /opt/airflow/dags/xcom_dag.py for tasks to queue
[2022-10-06 23:45:04,033] {logging_mixin.py:115} INFO - [2022-10-06 23:45:04,033] {dagbag.py:507} INFO - Filling up the DagBag from /opt/airflow/dags/xcom_dag.py
[2022-10-06 23:45:04,061] {logging_mixin.py:115} WARNING - /home/airflow/.local/lib/python3.7/site-packages/airflow/models/baseoperator.py:390 DeprecationWarning: none_failed_or_skipped Trigger Rule is deprecated. Please use `none_failed_min_one_success`.
[2022-10-06 23:45:04,064] {processor.py:651} INFO - DAG(s) dict_keys(['xcom_dag']) retrieved from /opt/airflow/dags/xcom_dag.py
[2022-10-06 23:45:04,095] {logging_mixin.py:115} INFO - [2022-10-06 23:45:04,095] {dag.py:2371} INFO - Sync 1 DAGs
[2022-10-06 23:45:04,136] {logging_mixin.py:115} INFO - [2022-10-06 23:45:04,136] {dag.py:2919} INFO - Setting next_dagrun for xcom_dag to 2022-10-05T00:00:00+00:00, run_after=2022-10-06T00:00:00+00:00
[2022-10-06 23:45:04,152] {processor.py:161} INFO - Processing /opt/airflow/dags/xcom_dag.py took 0.127 seconds
[2022-10-06 23:45:34,683] {processor.py:153} INFO - Started process (PID=45778) to work on /opt/airflow/dags/xcom_dag.py
[2022-10-06 23:45:34,684] {processor.py:641} INFO - Processing file /opt/airflow/dags/xcom_dag.py for tasks to queue
[2022-10-06 23:45:34,686] {logging_mixin.py:115} INFO - [2022-10-06 23:45:34,685] {dagbag.py:507} INFO - Filling up the DagBag from /opt/airflow/dags/xcom_dag.py
[2022-10-06 23:45:34,726] {logging_mixin.py:115} WARNING - /home/airflow/.local/lib/python3.7/site-packages/airflow/models/baseoperator.py:390 DeprecationWarning: none_failed_or_skipped Trigger Rule is deprecated. Please use `none_failed_min_one_success`.
[2022-10-06 23:45:35,050] {processor.py:651} INFO - DAG(s) dict_keys(['xcom_dag']) retrieved from /opt/airflow/dags/xcom_dag.py
[2022-10-06 23:45:35,100] {logging_mixin.py:115} INFO - [2022-10-06 23:45:35,100] {dag.py:2371} INFO - Sync 1 DAGs
[2022-10-06 23:45:35,138] {logging_mixin.py:115} INFO - [2022-10-06 23:45:35,138] {dag.py:2919} INFO - Setting next_dagrun for xcom_dag to 2022-10-05T00:00:00+00:00, run_after=2022-10-06T00:00:00+00:00
[2022-10-06 23:45:35,160] {processor.py:161} INFO - Processing /opt/airflow/dags/xcom_dag.py took 0.482 seconds
[2022-10-06 23:46:05,819] {processor.py:153} INFO - Started process (PID=45855) to work on /opt/airflow/dags/xcom_dag.py
[2022-10-06 23:46:05,820] {processor.py:641} INFO - Processing file /opt/airflow/dags/xcom_dag.py for tasks to queue
[2022-10-06 23:46:05,822] {logging_mixin.py:115} INFO - [2022-10-06 23:46:05,822] {dagbag.py:507} INFO - Filling up the DagBag from /opt/airflow/dags/xcom_dag.py
[2022-10-06 23:46:05,865] {logging_mixin.py:115} WARNING - /home/airflow/.local/lib/python3.7/site-packages/airflow/models/baseoperator.py:390 DeprecationWarning: none_failed_or_skipped Trigger Rule is deprecated. Please use `none_failed_min_one_success`.
[2022-10-06 23:46:05,868] {processor.py:651} INFO - DAG(s) dict_keys(['xcom_dag']) retrieved from /opt/airflow/dags/xcom_dag.py
[2022-10-06 23:46:05,909] {logging_mixin.py:115} INFO - [2022-10-06 23:46:05,909] {dag.py:2371} INFO - Sync 1 DAGs
[2022-10-06 23:46:05,943] {logging_mixin.py:115} INFO - [2022-10-06 23:46:05,943] {dag.py:2919} INFO - Setting next_dagrun for xcom_dag to 2022-10-05T00:00:00+00:00, run_after=2022-10-06T00:00:00+00:00
[2022-10-06 23:46:05,965] {processor.py:161} INFO - Processing /opt/airflow/dags/xcom_dag.py took 0.152 seconds
[2022-10-06 23:46:36,760] {processor.py:153} INFO - Started process (PID=45923) to work on /opt/airflow/dags/xcom_dag.py
[2022-10-06 23:46:36,762] {processor.py:641} INFO - Processing file /opt/airflow/dags/xcom_dag.py for tasks to queue
[2022-10-06 23:46:36,764] {logging_mixin.py:115} INFO - [2022-10-06 23:46:36,763] {dagbag.py:507} INFO - Filling up the DagBag from /opt/airflow/dags/xcom_dag.py
[2022-10-06 23:46:36,790] {logging_mixin.py:115} WARNING - /home/airflow/.local/lib/python3.7/site-packages/airflow/models/baseoperator.py:390 DeprecationWarning: none_failed_or_skipped Trigger Rule is deprecated. Please use `none_failed_min_one_success`.
[2022-10-06 23:46:36,792] {processor.py:651} INFO - DAG(s) dict_keys(['xcom_dag']) retrieved from /opt/airflow/dags/xcom_dag.py
[2022-10-06 23:46:36,824] {logging_mixin.py:115} INFO - [2022-10-06 23:46:36,824] {dag.py:2371} INFO - Sync 1 DAGs
[2022-10-06 23:46:36,848] {logging_mixin.py:115} INFO - [2022-10-06 23:46:36,847] {dag.py:2919} INFO - Setting next_dagrun for xcom_dag to 2022-10-05T00:00:00+00:00, run_after=2022-10-06T00:00:00+00:00
[2022-10-06 23:46:36,862] {processor.py:161} INFO - Processing /opt/airflow/dags/xcom_dag.py took 0.107 seconds
[2022-10-06 23:47:07,103] {processor.py:153} INFO - Started process (PID=46000) to work on /opt/airflow/dags/xcom_dag.py
[2022-10-06 23:47:07,105] {processor.py:641} INFO - Processing file /opt/airflow/dags/xcom_dag.py for tasks to queue
[2022-10-06 23:47:07,106] {logging_mixin.py:115} INFO - [2022-10-06 23:47:07,105] {dagbag.py:507} INFO - Filling up the DagBag from /opt/airflow/dags/xcom_dag.py
[2022-10-06 23:47:07,127] {logging_mixin.py:115} WARNING - /home/airflow/.local/lib/python3.7/site-packages/airflow/models/baseoperator.py:390 DeprecationWarning: none_failed_or_skipped Trigger Rule is deprecated. Please use `none_failed_min_one_success`.
[2022-10-06 23:47:07,129] {processor.py:651} INFO - DAG(s) dict_keys(['xcom_dag']) retrieved from /opt/airflow/dags/xcom_dag.py
[2022-10-06 23:47:07,160] {logging_mixin.py:115} INFO - [2022-10-06 23:47:07,160] {dag.py:2371} INFO - Sync 1 DAGs
[2022-10-06 23:47:07,189] {logging_mixin.py:115} INFO - [2022-10-06 23:47:07,188] {dag.py:2919} INFO - Setting next_dagrun for xcom_dag to 2022-10-05T00:00:00+00:00, run_after=2022-10-06T00:00:00+00:00
[2022-10-06 23:47:07,201] {processor.py:161} INFO - Processing /opt/airflow/dags/xcom_dag.py took 0.102 seconds
[2022-10-06 23:47:37,579] {processor.py:153} INFO - Started process (PID=46068) to work on /opt/airflow/dags/xcom_dag.py
[2022-10-06 23:47:37,580] {processor.py:641} INFO - Processing file /opt/airflow/dags/xcom_dag.py for tasks to queue
[2022-10-06 23:47:37,581] {logging_mixin.py:115} INFO - [2022-10-06 23:47:37,581] {dagbag.py:507} INFO - Filling up the DagBag from /opt/airflow/dags/xcom_dag.py
[2022-10-06 23:47:37,602] {logging_mixin.py:115} WARNING - /home/airflow/.local/lib/python3.7/site-packages/airflow/models/baseoperator.py:390 DeprecationWarning: none_failed_or_skipped Trigger Rule is deprecated. Please use `none_failed_min_one_success`.
[2022-10-06 23:47:37,603] {processor.py:651} INFO - DAG(s) dict_keys(['xcom_dag']) retrieved from /opt/airflow/dags/xcom_dag.py
[2022-10-06 23:47:37,631] {logging_mixin.py:115} INFO - [2022-10-06 23:47:37,631] {dag.py:2371} INFO - Sync 1 DAGs
[2022-10-06 23:47:37,652] {logging_mixin.py:115} INFO - [2022-10-06 23:47:37,652] {dag.py:2919} INFO - Setting next_dagrun for xcom_dag to 2022-10-05T00:00:00+00:00, run_after=2022-10-06T00:00:00+00:00
[2022-10-06 23:47:37,664] {processor.py:161} INFO - Processing /opt/airflow/dags/xcom_dag.py took 0.089 seconds
[2022-10-06 23:48:08,152] {processor.py:153} INFO - Started process (PID=46145) to work on /opt/airflow/dags/xcom_dag.py
[2022-10-06 23:48:08,154] {processor.py:641} INFO - Processing file /opt/airflow/dags/xcom_dag.py for tasks to queue
[2022-10-06 23:48:08,155] {logging_mixin.py:115} INFO - [2022-10-06 23:48:08,155] {dagbag.py:507} INFO - Filling up the DagBag from /opt/airflow/dags/xcom_dag.py
[2022-10-06 23:48:08,175] {logging_mixin.py:115} WARNING - /home/airflow/.local/lib/python3.7/site-packages/airflow/models/baseoperator.py:390 DeprecationWarning: none_failed_or_skipped Trigger Rule is deprecated. Please use `none_failed_min_one_success`.
[2022-10-06 23:48:08,177] {processor.py:651} INFO - DAG(s) dict_keys(['xcom_dag']) retrieved from /opt/airflow/dags/xcom_dag.py
[2022-10-06 23:48:08,204] {logging_mixin.py:115} INFO - [2022-10-06 23:48:08,204] {dag.py:2371} INFO - Sync 1 DAGs
[2022-10-06 23:48:08,224] {logging_mixin.py:115} INFO - [2022-10-06 23:48:08,224] {dag.py:2919} INFO - Setting next_dagrun for xcom_dag to 2022-10-05T00:00:00+00:00, run_after=2022-10-06T00:00:00+00:00
[2022-10-06 23:48:08,235] {processor.py:161} INFO - Processing /opt/airflow/dags/xcom_dag.py took 0.087 seconds
[2022-10-06 23:48:38,341] {processor.py:153} INFO - Started process (PID=46223) to work on /opt/airflow/dags/xcom_dag.py
[2022-10-06 23:48:38,342] {processor.py:641} INFO - Processing file /opt/airflow/dags/xcom_dag.py for tasks to queue
[2022-10-06 23:48:38,343] {logging_mixin.py:115} INFO - [2022-10-06 23:48:38,343] {dagbag.py:507} INFO - Filling up the DagBag from /opt/airflow/dags/xcom_dag.py
[2022-10-06 23:48:38,367] {logging_mixin.py:115} WARNING - /home/airflow/.local/lib/python3.7/site-packages/airflow/models/baseoperator.py:390 DeprecationWarning: none_failed_or_skipped Trigger Rule is deprecated. Please use `none_failed_min_one_success`.
[2022-10-06 23:48:38,370] {processor.py:651} INFO - DAG(s) dict_keys(['xcom_dag']) retrieved from /opt/airflow/dags/xcom_dag.py
[2022-10-06 23:48:38,401] {logging_mixin.py:115} INFO - [2022-10-06 23:48:38,401] {dag.py:2371} INFO - Sync 1 DAGs
[2022-10-06 23:48:38,426] {logging_mixin.py:115} INFO - [2022-10-06 23:48:38,425] {dag.py:2919} INFO - Setting next_dagrun for xcom_dag to 2022-10-05T00:00:00+00:00, run_after=2022-10-06T00:00:00+00:00
[2022-10-06 23:48:38,437] {processor.py:161} INFO - Processing /opt/airflow/dags/xcom_dag.py took 0.099 seconds
[2022-10-06 23:49:08,577] {processor.py:153} INFO - Started process (PID=46298) to work on /opt/airflow/dags/xcom_dag.py
[2022-10-06 23:49:08,579] {processor.py:641} INFO - Processing file /opt/airflow/dags/xcom_dag.py for tasks to queue
[2022-10-06 23:49:08,580] {logging_mixin.py:115} INFO - [2022-10-06 23:49:08,580] {dagbag.py:507} INFO - Filling up the DagBag from /opt/airflow/dags/xcom_dag.py
[2022-10-06 23:49:08,602] {logging_mixin.py:115} WARNING - /home/airflow/.local/lib/python3.7/site-packages/airflow/models/baseoperator.py:390 DeprecationWarning: none_failed_or_skipped Trigger Rule is deprecated. Please use `none_failed_min_one_success`.
[2022-10-06 23:49:08,604] {processor.py:651} INFO - DAG(s) dict_keys(['xcom_dag']) retrieved from /opt/airflow/dags/xcom_dag.py
[2022-10-06 23:49:08,632] {logging_mixin.py:115} INFO - [2022-10-06 23:49:08,632] {dag.py:2371} INFO - Sync 1 DAGs
[2022-10-06 23:49:08,656] {logging_mixin.py:115} INFO - [2022-10-06 23:49:08,655] {dag.py:2919} INFO - Setting next_dagrun for xcom_dag to 2022-10-05T00:00:00+00:00, run_after=2022-10-06T00:00:00+00:00
[2022-10-06 23:49:08,668] {processor.py:161} INFO - Processing /opt/airflow/dags/xcom_dag.py took 0.096 seconds
[2022-10-06 23:49:39,078] {processor.py:153} INFO - Started process (PID=46368) to work on /opt/airflow/dags/xcom_dag.py
[2022-10-06 23:49:39,079] {processor.py:641} INFO - Processing file /opt/airflow/dags/xcom_dag.py for tasks to queue
[2022-10-06 23:49:39,080] {logging_mixin.py:115} INFO - [2022-10-06 23:49:39,080] {dagbag.py:507} INFO - Filling up the DagBag from /opt/airflow/dags/xcom_dag.py
[2022-10-06 23:49:39,102] {logging_mixin.py:115} WARNING - /home/airflow/.local/lib/python3.7/site-packages/airflow/models/baseoperator.py:390 DeprecationWarning: none_failed_or_skipped Trigger Rule is deprecated. Please use `none_failed_min_one_success`.
[2022-10-06 23:49:39,104] {processor.py:651} INFO - DAG(s) dict_keys(['xcom_dag']) retrieved from /opt/airflow/dags/xcom_dag.py
[2022-10-06 23:49:39,131] {logging_mixin.py:115} INFO - [2022-10-06 23:49:39,131] {dag.py:2371} INFO - Sync 1 DAGs
[2022-10-06 23:49:39,151] {logging_mixin.py:115} INFO - [2022-10-06 23:49:39,151] {dag.py:2919} INFO - Setting next_dagrun for xcom_dag to 2022-10-05T00:00:00+00:00, run_after=2022-10-06T00:00:00+00:00
[2022-10-06 23:49:39,162] {processor.py:161} INFO - Processing /opt/airflow/dags/xcom_dag.py took 0.088 seconds
[2022-10-06 23:50:09,752] {processor.py:153} INFO - Started process (PID=46445) to work on /opt/airflow/dags/xcom_dag.py
[2022-10-06 23:50:09,754] {processor.py:641} INFO - Processing file /opt/airflow/dags/xcom_dag.py for tasks to queue
[2022-10-06 23:50:09,755] {logging_mixin.py:115} INFO - [2022-10-06 23:50:09,755] {dagbag.py:507} INFO - Filling up the DagBag from /opt/airflow/dags/xcom_dag.py
[2022-10-06 23:50:09,778] {logging_mixin.py:115} WARNING - /home/airflow/.local/lib/python3.7/site-packages/airflow/models/baseoperator.py:390 DeprecationWarning: none_failed_or_skipped Trigger Rule is deprecated. Please use `none_failed_min_one_success`.
[2022-10-06 23:50:09,781] {processor.py:651} INFO - DAG(s) dict_keys(['xcom_dag']) retrieved from /opt/airflow/dags/xcom_dag.py
[2022-10-06 23:50:09,810] {logging_mixin.py:115} INFO - [2022-10-06 23:50:09,809] {dag.py:2371} INFO - Sync 1 DAGs
[2022-10-06 23:50:09,834] {logging_mixin.py:115} INFO - [2022-10-06 23:50:09,833] {dag.py:2919} INFO - Setting next_dagrun for xcom_dag to 2022-10-05T00:00:00+00:00, run_after=2022-10-06T00:00:00+00:00
[2022-10-06 23:50:09,845] {processor.py:161} INFO - Processing /opt/airflow/dags/xcom_dag.py took 0.097 seconds
[2022-10-06 23:50:40,430] {processor.py:153} INFO - Started process (PID=46522) to work on /opt/airflow/dags/xcom_dag.py
[2022-10-06 23:50:40,433] {processor.py:641} INFO - Processing file /opt/airflow/dags/xcom_dag.py for tasks to queue
[2022-10-06 23:50:40,434] {logging_mixin.py:115} INFO - [2022-10-06 23:50:40,434] {dagbag.py:507} INFO - Filling up the DagBag from /opt/airflow/dags/xcom_dag.py
[2022-10-06 23:50:40,455] {logging_mixin.py:115} WARNING - /home/airflow/.local/lib/python3.7/site-packages/airflow/models/baseoperator.py:390 DeprecationWarning: none_failed_or_skipped Trigger Rule is deprecated. Please use `none_failed_min_one_success`.
[2022-10-06 23:50:40,457] {processor.py:651} INFO - DAG(s) dict_keys(['xcom_dag']) retrieved from /opt/airflow/dags/xcom_dag.py
[2022-10-06 23:50:40,486] {logging_mixin.py:115} INFO - [2022-10-06 23:50:40,486] {dag.py:2371} INFO - Sync 1 DAGs
[2022-10-06 23:50:40,510] {logging_mixin.py:115} INFO - [2022-10-06 23:50:40,510] {dag.py:2919} INFO - Setting next_dagrun for xcom_dag to 2022-10-05T00:00:00+00:00, run_after=2022-10-06T00:00:00+00:00
[2022-10-06 23:50:40,523] {processor.py:161} INFO - Processing /opt/airflow/dags/xcom_dag.py took 0.096 seconds
[2022-10-06 23:51:10,741] {processor.py:153} INFO - Started process (PID=46590) to work on /opt/airflow/dags/xcom_dag.py
[2022-10-06 23:51:10,743] {processor.py:641} INFO - Processing file /opt/airflow/dags/xcom_dag.py for tasks to queue
[2022-10-06 23:51:10,744] {logging_mixin.py:115} INFO - [2022-10-06 23:51:10,744] {dagbag.py:507} INFO - Filling up the DagBag from /opt/airflow/dags/xcom_dag.py
[2022-10-06 23:51:10,769] {logging_mixin.py:115} WARNING - /home/airflow/.local/lib/python3.7/site-packages/airflow/models/baseoperator.py:390 DeprecationWarning: none_failed_or_skipped Trigger Rule is deprecated. Please use `none_failed_min_one_success`.
[2022-10-06 23:51:10,772] {processor.py:651} INFO - DAG(s) dict_keys(['xcom_dag']) retrieved from /opt/airflow/dags/xcom_dag.py
[2022-10-06 23:51:10,802] {logging_mixin.py:115} INFO - [2022-10-06 23:51:10,802] {dag.py:2371} INFO - Sync 1 DAGs
[2022-10-06 23:51:10,827] {logging_mixin.py:115} INFO - [2022-10-06 23:51:10,827] {dag.py:2919} INFO - Setting next_dagrun for xcom_dag to 2022-10-05T00:00:00+00:00, run_after=2022-10-06T00:00:00+00:00
[2022-10-06 23:51:10,842] {processor.py:161} INFO - Processing /opt/airflow/dags/xcom_dag.py took 0.106 seconds
[2022-10-06 23:51:41,037] {processor.py:153} INFO - Started process (PID=46666) to work on /opt/airflow/dags/xcom_dag.py
[2022-10-06 23:51:41,039] {processor.py:641} INFO - Processing file /opt/airflow/dags/xcom_dag.py for tasks to queue
[2022-10-06 23:51:41,039] {logging_mixin.py:115} INFO - [2022-10-06 23:51:41,039] {dagbag.py:507} INFO - Filling up the DagBag from /opt/airflow/dags/xcom_dag.py
[2022-10-06 23:51:41,060] {logging_mixin.py:115} WARNING - /home/airflow/.local/lib/python3.7/site-packages/airflow/models/baseoperator.py:390 DeprecationWarning: none_failed_or_skipped Trigger Rule is deprecated. Please use `none_failed_min_one_success`.
[2022-10-06 23:51:41,062] {processor.py:651} INFO - DAG(s) dict_keys(['xcom_dag']) retrieved from /opt/airflow/dags/xcom_dag.py
[2022-10-06 23:51:41,090] {logging_mixin.py:115} INFO - [2022-10-06 23:51:41,090] {dag.py:2371} INFO - Sync 1 DAGs
[2022-10-06 23:51:41,112] {logging_mixin.py:115} INFO - [2022-10-06 23:51:41,111] {dag.py:2919} INFO - Setting next_dagrun for xcom_dag to 2022-10-05T00:00:00+00:00, run_after=2022-10-06T00:00:00+00:00
[2022-10-06 23:51:41,122] {processor.py:161} INFO - Processing /opt/airflow/dags/xcom_dag.py took 0.088 seconds
[2022-10-06 23:52:11,656] {processor.py:153} INFO - Started process (PID=46734) to work on /opt/airflow/dags/xcom_dag.py
[2022-10-06 23:52:11,658] {processor.py:641} INFO - Processing file /opt/airflow/dags/xcom_dag.py for tasks to queue
[2022-10-06 23:52:11,659] {logging_mixin.py:115} INFO - [2022-10-06 23:52:11,659] {dagbag.py:507} INFO - Filling up the DagBag from /opt/airflow/dags/xcom_dag.py
[2022-10-06 23:52:11,686] {logging_mixin.py:115} WARNING - /home/airflow/.local/lib/python3.7/site-packages/airflow/models/baseoperator.py:390 DeprecationWarning: none_failed_or_skipped Trigger Rule is deprecated. Please use `none_failed_min_one_success`.
[2022-10-06 23:52:11,690] {processor.py:651} INFO - DAG(s) dict_keys(['xcom_dag']) retrieved from /opt/airflow/dags/xcom_dag.py
[2022-10-06 23:52:11,720] {logging_mixin.py:115} INFO - [2022-10-06 23:52:11,720] {dag.py:2371} INFO - Sync 1 DAGs
[2022-10-06 23:52:11,744] {logging_mixin.py:115} INFO - [2022-10-06 23:52:11,744] {dag.py:2919} INFO - Setting next_dagrun for xcom_dag to 2022-10-05T00:00:00+00:00, run_after=2022-10-06T00:00:00+00:00
[2022-10-06 23:52:11,757] {processor.py:161} INFO - Processing /opt/airflow/dags/xcom_dag.py took 0.106 seconds
[2022-10-06 23:52:41,832] {processor.py:153} INFO - Started process (PID=46811) to work on /opt/airflow/dags/xcom_dag.py
[2022-10-06 23:52:41,833] {processor.py:641} INFO - Processing file /opt/airflow/dags/xcom_dag.py for tasks to queue
[2022-10-06 23:52:41,834] {logging_mixin.py:115} INFO - [2022-10-06 23:52:41,834] {dagbag.py:507} INFO - Filling up the DagBag from /opt/airflow/dags/xcom_dag.py
[2022-10-06 23:52:41,856] {logging_mixin.py:115} WARNING - /home/airflow/.local/lib/python3.7/site-packages/airflow/models/baseoperator.py:390 DeprecationWarning: none_failed_or_skipped Trigger Rule is deprecated. Please use `none_failed_min_one_success`.
[2022-10-06 23:52:41,858] {processor.py:651} INFO - DAG(s) dict_keys(['xcom_dag']) retrieved from /opt/airflow/dags/xcom_dag.py
[2022-10-06 23:52:41,890] {logging_mixin.py:115} INFO - [2022-10-06 23:52:41,890] {dag.py:2371} INFO - Sync 1 DAGs
[2022-10-06 23:52:41,916] {logging_mixin.py:115} INFO - [2022-10-06 23:52:41,916] {dag.py:2919} INFO - Setting next_dagrun for xcom_dag to 2022-10-05T00:00:00+00:00, run_after=2022-10-06T00:00:00+00:00
[2022-10-06 23:52:41,931] {processor.py:161} INFO - Processing /opt/airflow/dags/xcom_dag.py took 0.103 seconds
[2022-10-06 23:53:12,304] {processor.py:153} INFO - Started process (PID=46889) to work on /opt/airflow/dags/xcom_dag.py
[2022-10-06 23:53:12,306] {processor.py:641} INFO - Processing file /opt/airflow/dags/xcom_dag.py for tasks to queue
[2022-10-06 23:53:12,307] {logging_mixin.py:115} INFO - [2022-10-06 23:53:12,307] {dagbag.py:507} INFO - Filling up the DagBag from /opt/airflow/dags/xcom_dag.py
[2022-10-06 23:53:12,331] {logging_mixin.py:115} WARNING - /home/airflow/.local/lib/python3.7/site-packages/airflow/models/baseoperator.py:390 DeprecationWarning: none_failed_or_skipped Trigger Rule is deprecated. Please use `none_failed_min_one_success`.
[2022-10-06 23:53:12,333] {processor.py:651} INFO - DAG(s) dict_keys(['xcom_dag']) retrieved from /opt/airflow/dags/xcom_dag.py
[2022-10-06 23:53:12,364] {logging_mixin.py:115} INFO - [2022-10-06 23:53:12,364] {dag.py:2371} INFO - Sync 1 DAGs
[2022-10-06 23:53:12,388] {logging_mixin.py:115} INFO - [2022-10-06 23:53:12,388] {dag.py:2919} INFO - Setting next_dagrun for xcom_dag to 2022-10-05T00:00:00+00:00, run_after=2022-10-06T00:00:00+00:00
[2022-10-06 23:53:12,400] {processor.py:161} INFO - Processing /opt/airflow/dags/xcom_dag.py took 0.100 seconds
[2022-10-06 23:53:42,873] {processor.py:153} INFO - Started process (PID=46957) to work on /opt/airflow/dags/xcom_dag.py
[2022-10-06 23:53:42,875] {processor.py:641} INFO - Processing file /opt/airflow/dags/xcom_dag.py for tasks to queue
[2022-10-06 23:53:42,876] {logging_mixin.py:115} INFO - [2022-10-06 23:53:42,876] {dagbag.py:507} INFO - Filling up the DagBag from /opt/airflow/dags/xcom_dag.py
[2022-10-06 23:53:42,898] {logging_mixin.py:115} WARNING - /home/airflow/.local/lib/python3.7/site-packages/airflow/models/baseoperator.py:390 DeprecationWarning: none_failed_or_skipped Trigger Rule is deprecated. Please use `none_failed_min_one_success`.
[2022-10-06 23:53:42,901] {processor.py:651} INFO - DAG(s) dict_keys(['xcom_dag']) retrieved from /opt/airflow/dags/xcom_dag.py
[2022-10-06 23:53:42,933] {logging_mixin.py:115} INFO - [2022-10-06 23:53:42,933] {dag.py:2371} INFO - Sync 1 DAGs
[2022-10-06 23:53:42,955] {logging_mixin.py:115} INFO - [2022-10-06 23:53:42,955] {dag.py:2919} INFO - Setting next_dagrun for xcom_dag to 2022-10-05T00:00:00+00:00, run_after=2022-10-06T00:00:00+00:00
[2022-10-06 23:53:42,970] {processor.py:161} INFO - Processing /opt/airflow/dags/xcom_dag.py took 0.100 seconds
