[2022-07-27 19:47:57,021] {taskinstance.py:1159} INFO - Dependencies all met for <TaskInstance: xcom_dag.downloading_data manual__2022-07-27T19:47:55.691161+00:00 [queued]>
[2022-07-27 19:47:57,031] {taskinstance.py:1159} INFO - Dependencies all met for <TaskInstance: xcom_dag.downloading_data manual__2022-07-27T19:47:55.691161+00:00 [queued]>
[2022-07-27 19:47:57,031] {taskinstance.py:1356} INFO - 
--------------------------------------------------------------------------------
[2022-07-27 19:47:57,032] {taskinstance.py:1357} INFO - Starting attempt 1 of 1
[2022-07-27 19:47:57,032] {taskinstance.py:1358} INFO - 
--------------------------------------------------------------------------------
[2022-07-27 19:47:57,048] {taskinstance.py:1377} INFO - Executing <Task(BashOperator): downloading_data> on 2022-07-27 19:47:55.691161+00:00
[2022-07-27 19:47:57,052] {standard_task_runner.py:52} INFO - Started process 417 to run task
[2022-07-27 19:47:57,055] {standard_task_runner.py:79} INFO - Running: ['***', 'tasks', 'run', 'xcom_dag', 'downloading_data', 'manual__2022-07-27T19:47:55.691161+00:00', '--job-id', '169', '--raw', '--subdir', 'DAGS_FOLDER/xcom_dag.py', '--cfg-path', '/tmp/tmpfcxnmeab', '--error-file', '/tmp/tmpe58hq9w5']
[2022-07-27 19:47:57,056] {standard_task_runner.py:80} INFO - Job 169: Subtask downloading_data
[2022-07-27 19:47:57,114] {task_command.py:369} INFO - Running <TaskInstance: xcom_dag.downloading_data manual__2022-07-27T19:47:55.691161+00:00 [running]> on host 8694d477c774
[2022-07-27 19:47:57,192] {taskinstance.py:1571} INFO - Exporting the following env vars:
AIRFLOW_CTX_DAG_OWNER=***
AIRFLOW_CTX_DAG_ID=xcom_dag
AIRFLOW_CTX_TASK_ID=downloading_data
AIRFLOW_CTX_EXECUTION_DATE=2022-07-27T19:47:55.691161+00:00
AIRFLOW_CTX_TRY_NUMBER=1
AIRFLOW_CTX_DAG_RUN_ID=manual__2022-07-27T19:47:55.691161+00:00
[2022-07-27 19:47:57,194] {subprocess.py:62} INFO - Tmp dir root location: 
 /tmp
[2022-07-27 19:47:57,196] {subprocess.py:74} INFO - Running command: ['bash', '-c', 'sleep 3']
[2022-07-27 19:47:57,208] {subprocess.py:85} INFO - Output:
[2022-07-27 19:48:00,215] {subprocess.py:96} INFO - Command exited with return code 0
[2022-07-27 19:48:00,246] {taskinstance.py:1400} INFO - Marking task as SUCCESS. dag_id=xcom_dag, task_id=downloading_data, execution_date=20220727T194755, start_date=20220727T194757, end_date=20220727T194800
[2022-07-27 19:48:00,269] {local_task_job.py:156} INFO - Task exited with return code 0
[2022-07-27 19:48:00,314] {local_task_job.py:273} INFO - 3 downstream tasks scheduled from follow-on schedule check
