[2022-07-26 00:01:01,295] {taskinstance.py:1159} INFO - Dependencies all met for <TaskInstance: subdag_parallel.transform scheduled__2022-07-25T00:00:00+00:00 [queued]>
[2022-07-26 00:01:01,305] {taskinstance.py:1159} INFO - Dependencies all met for <TaskInstance: subdag_parallel.transform scheduled__2022-07-25T00:00:00+00:00 [queued]>
[2022-07-26 00:01:01,305] {taskinstance.py:1356} INFO - 
--------------------------------------------------------------------------------
[2022-07-26 00:01:01,306] {taskinstance.py:1357} INFO - Starting attempt 1 of 1
[2022-07-26 00:01:01,307] {taskinstance.py:1358} INFO - 
--------------------------------------------------------------------------------
[2022-07-26 00:01:01,320] {taskinstance.py:1377} INFO - Executing <Task(BashOperator): transform> on 2022-07-25 00:00:00+00:00
[2022-07-26 00:01:01,324] {standard_task_runner.py:52} INFO - Started process 20067 to run task
[2022-07-26 00:01:01,328] {standard_task_runner.py:79} INFO - Running: ['***', 'tasks', 'run', 'subdag_parallel', 'transform', 'scheduled__2022-07-25T00:00:00+00:00', '--job-id', '126', '--raw', '--subdir', 'DAGS_FOLDER/sub_dag_parallel.py', '--cfg-path', '/tmp/tmpf_y0ajor', '--error-file', '/tmp/tmp04gevg7o']
[2022-07-26 00:01:01,329] {standard_task_runner.py:80} INFO - Job 126: Subtask transform
[2022-07-26 00:01:01,384] {task_command.py:369} INFO - Running <TaskInstance: subdag_parallel.transform scheduled__2022-07-25T00:00:00+00:00 [running]> on host 8694d477c774
[2022-07-26 00:01:01,450] {taskinstance.py:1571} INFO - Exporting the following env vars:
AIRFLOW_CTX_DAG_OWNER=***
AIRFLOW_CTX_DAG_ID=subdag_parallel
AIRFLOW_CTX_TASK_ID=transform
AIRFLOW_CTX_EXECUTION_DATE=2022-07-25T00:00:00+00:00
AIRFLOW_CTX_TRY_NUMBER=1
AIRFLOW_CTX_DAG_RUN_ID=scheduled__2022-07-25T00:00:00+00:00
[2022-07-26 00:01:01,451] {subprocess.py:62} INFO - Tmp dir root location: 
 /tmp
[2022-07-26 00:01:01,452] {subprocess.py:74} INFO - Running command: ['bash', '-c', 'sleep 1']
[2022-07-26 00:01:01,462] {subprocess.py:85} INFO - Output:
[2022-07-26 00:01:02,466] {subprocess.py:96} INFO - Command exited with return code 0
[2022-07-26 00:01:02,504] {taskinstance.py:1400} INFO - Marking task as SUCCESS. dag_id=subdag_parallel, task_id=transform, execution_date=20220725T000000, start_date=20220726T000101, end_date=20220726T000102
[2022-07-26 00:01:02,548] {local_task_job.py:156} INFO - Task exited with return code 0
[2022-07-26 00:01:02,578] {local_task_job.py:273} INFO - 0 downstream tasks scheduled from follow-on schedule check
