[2022-10-04 19:57:08,946] {taskinstance.py:1159} INFO - Dependencies all met for <TaskInstance: spark_job_dag.git_clone scheduled__2022-10-03T19:56:45.635942+00:00 [queued]>
[2022-10-04 19:57:08,976] {taskinstance.py:1159} INFO - Dependencies all met for <TaskInstance: spark_job_dag.git_clone scheduled__2022-10-03T19:56:45.635942+00:00 [queued]>
[2022-10-04 19:57:08,978] {taskinstance.py:1356} INFO - 
--------------------------------------------------------------------------------
[2022-10-04 19:57:08,979] {taskinstance.py:1357} INFO - Starting attempt 1 of 2
[2022-10-04 19:57:08,980] {taskinstance.py:1358} INFO - 
--------------------------------------------------------------------------------
[2022-10-04 19:57:09,006] {taskinstance.py:1377} INFO - Executing <Task(BashOperator): git_clone> on 2022-10-03 19:56:45.635942+00:00
[2022-10-04 19:57:09,036] {standard_task_runner.py:52} INFO - Started process 339 to run task
[2022-10-04 19:57:09,046] {standard_task_runner.py:79} INFO - Running: ['***', 'tasks', 'run', 'spark_job_dag', 'git_clone', 'scheduled__2022-10-03T19:56:45.635942+00:00', '--job-id', '4', '--raw', '--subdir', 'DAGS_FOLDER/spark_job_dag.py', '--cfg-path', '/tmp/tmplaef2h9i', '--error-file', '/tmp/tmp2w8w24yn']
[2022-10-04 19:57:09,050] {standard_task_runner.py:80} INFO - Job 4: Subtask git_clone
[2022-10-04 19:57:09,184] {task_command.py:369} INFO - Running <TaskInstance: spark_job_dag.git_clone scheduled__2022-10-03T19:56:45.635942+00:00 [running]> on host 13116a8f8d49
[2022-10-04 19:57:09,267] {taskinstance.py:1571} INFO - Exporting the following env vars:
AIRFLOW_CTX_DAG_OWNER=***
AIRFLOW_CTX_DAG_ID=spark_job_dag
AIRFLOW_CTX_TASK_ID=git_clone
AIRFLOW_CTX_EXECUTION_DATE=2022-10-03T19:56:45.635942+00:00
AIRFLOW_CTX_TRY_NUMBER=1
AIRFLOW_CTX_DAG_RUN_ID=scheduled__2022-10-03T19:56:45.635942+00:00
[2022-10-04 19:57:09,270] {subprocess.py:62} INFO - Tmp dir root location: 
 /tmp
[2022-10-04 19:57:09,271] {subprocess.py:74} INFO - Running command: ['bash', '-c', 'git clone https://github.com/marclamberti/simple-app.git /home/***/simple-app']
[2022-10-04 19:57:09,290] {subprocess.py:85} INFO - Output:
[2022-10-04 19:57:09,313] {subprocess.py:92} INFO - Cloning into '/home/***/simple-app'...
[2022-10-04 19:57:10,263] {subprocess.py:96} INFO - Command exited with return code 0
[2022-10-04 19:57:10,314] {taskinstance.py:1400} INFO - Marking task as SUCCESS. dag_id=spark_job_dag, task_id=git_clone, execution_date=20221003T195645, start_date=20221004T195708, end_date=20221004T195710
[2022-10-04 19:57:10,396] {local_task_job.py:156} INFO - Task exited with return code 0
[2022-10-04 19:57:10,452] {local_task_job.py:273} INFO - 1 downstream tasks scheduled from follow-on schedule check
