[2022-10-06 04:58:14,643] {processor.py:153} INFO - Started process (PID=44939) to work on /home/airflow/.local/lib/python3.7/site-packages/airflow/example_dags/example_branch_operator.py
[2022-10-06 04:58:14,644] {processor.py:641} INFO - Processing file /home/airflow/.local/lib/python3.7/site-packages/airflow/example_dags/example_branch_operator.py for tasks to queue
[2022-10-06 04:58:14,645] {logging_mixin.py:115} INFO - [2022-10-06 04:58:14,645] {dagbag.py:507} INFO - Filling up the DagBag from /home/airflow/.local/lib/python3.7/site-packages/airflow/example_dags/example_branch_operator.py
[2022-10-06 04:58:14,657] {processor.py:651} INFO - DAG(s) dict_keys(['example_branch_operator']) retrieved from /home/airflow/.local/lib/python3.7/site-packages/airflow/example_dags/example_branch_operator.py
[2022-10-06 04:58:14,685] {logging_mixin.py:115} INFO - [2022-10-06 04:58:14,685] {dag.py:2371} INFO - Sync 1 DAGs
[2022-10-06 04:58:14,709] {logging_mixin.py:115} INFO - [2022-10-06 04:58:14,709] {dag.py:2919} INFO - Setting next_dagrun for example_branch_operator to 2022-10-05T00:00:00+00:00, run_after=2022-10-06T00:00:00+00:00
[2022-10-06 04:58:14,726] {processor.py:161} INFO - Processing /home/airflow/.local/lib/python3.7/site-packages/airflow/example_dags/example_branch_operator.py took 0.086 seconds
[2022-10-06 12:13:20,843] {processor.py:153} INFO - Started process (PID=45007) to work on /home/airflow/.local/lib/python3.7/site-packages/airflow/example_dags/example_branch_operator.py
[2022-10-06 12:13:20,844] {processor.py:641} INFO - Processing file /home/airflow/.local/lib/python3.7/site-packages/airflow/example_dags/example_branch_operator.py for tasks to queue
[2022-10-06 12:13:20,846] {logging_mixin.py:115} INFO - [2022-10-06 12:13:20,845] {dagbag.py:507} INFO - Filling up the DagBag from /home/airflow/.local/lib/python3.7/site-packages/airflow/example_dags/example_branch_operator.py
[2022-10-06 12:13:20,859] {processor.py:651} INFO - DAG(s) dict_keys(['example_branch_operator']) retrieved from /home/airflow/.local/lib/python3.7/site-packages/airflow/example_dags/example_branch_operator.py
[2022-10-06 12:13:20,890] {logging_mixin.py:115} INFO - [2022-10-06 12:13:20,890] {dag.py:2371} INFO - Sync 1 DAGs
[2022-10-06 12:13:20,916] {logging_mixin.py:115} INFO - [2022-10-06 12:13:20,916] {dag.py:2919} INFO - Setting next_dagrun for example_branch_operator to 2022-10-05T00:00:00+00:00, run_after=2022-10-06T00:00:00+00:00
[2022-10-06 12:13:20,931] {processor.py:161} INFO - Processing /home/airflow/.local/lib/python3.7/site-packages/airflow/example_dags/example_branch_operator.py took 0.092 seconds
[2022-10-06 12:13:51,179] {processor.py:153} INFO - Started process (PID=45084) to work on /home/airflow/.local/lib/python3.7/site-packages/airflow/example_dags/example_branch_operator.py
[2022-10-06 12:13:51,180] {processor.py:641} INFO - Processing file /home/airflow/.local/lib/python3.7/site-packages/airflow/example_dags/example_branch_operator.py for tasks to queue
[2022-10-06 12:13:51,181] {logging_mixin.py:115} INFO - [2022-10-06 12:13:51,181] {dagbag.py:507} INFO - Filling up the DagBag from /home/airflow/.local/lib/python3.7/site-packages/airflow/example_dags/example_branch_operator.py
[2022-10-06 12:13:51,194] {processor.py:651} INFO - DAG(s) dict_keys(['example_branch_operator']) retrieved from /home/airflow/.local/lib/python3.7/site-packages/airflow/example_dags/example_branch_operator.py
[2022-10-06 12:13:51,222] {logging_mixin.py:115} INFO - [2022-10-06 12:13:51,222] {dag.py:2371} INFO - Sync 1 DAGs
[2022-10-06 12:13:51,244] {logging_mixin.py:115} INFO - [2022-10-06 12:13:51,244] {dag.py:2919} INFO - Setting next_dagrun for example_branch_operator to 2022-10-05T00:00:00+00:00, run_after=2022-10-06T00:00:00+00:00
[2022-10-06 12:13:51,255] {processor.py:161} INFO - Processing /home/airflow/.local/lib/python3.7/site-packages/airflow/example_dags/example_branch_operator.py took 0.080 seconds
[2022-10-06 17:15:20,259] {processor.py:153} INFO - Started process (PID=45152) to work on /home/airflow/.local/lib/python3.7/site-packages/airflow/example_dags/example_branch_operator.py
[2022-10-06 17:15:20,262] {processor.py:641} INFO - Processing file /home/airflow/.local/lib/python3.7/site-packages/airflow/example_dags/example_branch_operator.py for tasks to queue
[2022-10-06 17:15:20,265] {logging_mixin.py:115} INFO - [2022-10-06 17:15:20,264] {dagbag.py:507} INFO - Filling up the DagBag from /home/airflow/.local/lib/python3.7/site-packages/airflow/example_dags/example_branch_operator.py
[2022-10-06 17:15:20,279] {processor.py:651} INFO - DAG(s) dict_keys(['example_branch_operator']) retrieved from /home/airflow/.local/lib/python3.7/site-packages/airflow/example_dags/example_branch_operator.py
[2022-10-06 17:15:20,309] {logging_mixin.py:115} INFO - [2022-10-06 17:15:20,309] {dag.py:2371} INFO - Sync 1 DAGs
[2022-10-06 17:15:20,332] {logging_mixin.py:115} INFO - [2022-10-06 17:15:20,332] {dag.py:2919} INFO - Setting next_dagrun for example_branch_operator to 2022-10-05T00:00:00+00:00, run_after=2022-10-06T00:00:00+00:00
[2022-10-06 17:15:20,346] {processor.py:161} INFO - Processing /home/airflow/.local/lib/python3.7/site-packages/airflow/example_dags/example_branch_operator.py took 0.092 seconds
[2022-10-06 17:15:58,949] {processor.py:153} INFO - Started process (PID=45221) to work on /home/airflow/.local/lib/python3.7/site-packages/airflow/example_dags/example_branch_operator.py
[2022-10-06 17:15:58,953] {processor.py:641} INFO - Processing file /home/airflow/.local/lib/python3.7/site-packages/airflow/example_dags/example_branch_operator.py for tasks to queue
[2022-10-06 17:15:58,958] {logging_mixin.py:115} INFO - [2022-10-06 17:15:58,957] {dagbag.py:507} INFO - Filling up the DagBag from /home/airflow/.local/lib/python3.7/site-packages/airflow/example_dags/example_branch_operator.py
[2022-10-06 17:15:59,020] {processor.py:651} INFO - DAG(s) dict_keys(['example_branch_operator']) retrieved from /home/airflow/.local/lib/python3.7/site-packages/airflow/example_dags/example_branch_operator.py
[2022-10-06 17:15:59,211] {logging_mixin.py:115} INFO - [2022-10-06 17:15:59,211] {dag.py:2371} INFO - Sync 1 DAGs
[2022-10-06 17:15:59,348] {logging_mixin.py:115} INFO - [2022-10-06 17:15:59,347] {dag.py:2919} INFO - Setting next_dagrun for example_branch_operator to 2022-10-05T00:00:00+00:00, run_after=2022-10-06T00:00:00+00:00
[2022-10-06 17:15:59,437] {processor.py:161} INFO - Processing /home/airflow/.local/lib/python3.7/site-packages/airflow/example_dags/example_branch_operator.py took 0.506 seconds
[2022-10-06 23:42:02,743] {processor.py:153} INFO - Started process (PID=45289) to work on /home/airflow/.local/lib/python3.7/site-packages/airflow/example_dags/example_branch_operator.py
[2022-10-06 23:42:02,745] {processor.py:641} INFO - Processing file /home/airflow/.local/lib/python3.7/site-packages/airflow/example_dags/example_branch_operator.py for tasks to queue
[2022-10-06 23:42:02,746] {logging_mixin.py:115} INFO - [2022-10-06 23:42:02,746] {dagbag.py:507} INFO - Filling up the DagBag from /home/airflow/.local/lib/python3.7/site-packages/airflow/example_dags/example_branch_operator.py
[2022-10-06 23:42:02,764] {processor.py:651} INFO - DAG(s) dict_keys(['example_branch_operator']) retrieved from /home/airflow/.local/lib/python3.7/site-packages/airflow/example_dags/example_branch_operator.py
[2022-10-06 23:42:02,810] {logging_mixin.py:115} INFO - [2022-10-06 23:42:02,810] {dag.py:2371} INFO - Sync 1 DAGs
[2022-10-06 23:42:02,840] {logging_mixin.py:115} INFO - [2022-10-06 23:42:02,839] {dag.py:2919} INFO - Setting next_dagrun for example_branch_operator to 2022-10-05T00:00:00+00:00, run_after=2022-10-06T00:00:00+00:00
[2022-10-06 23:42:02,854] {processor.py:161} INFO - Processing /home/airflow/.local/lib/python3.7/site-packages/airflow/example_dags/example_branch_operator.py took 0.116 seconds
[2022-10-06 23:42:33,144] {processor.py:153} INFO - Started process (PID=45357) to work on /home/airflow/.local/lib/python3.7/site-packages/airflow/example_dags/example_branch_operator.py
[2022-10-06 23:42:33,145] {processor.py:641} INFO - Processing file /home/airflow/.local/lib/python3.7/site-packages/airflow/example_dags/example_branch_operator.py for tasks to queue
[2022-10-06 23:42:33,146] {logging_mixin.py:115} INFO - [2022-10-06 23:42:33,146] {dagbag.py:507} INFO - Filling up the DagBag from /home/airflow/.local/lib/python3.7/site-packages/airflow/example_dags/example_branch_operator.py
[2022-10-06 23:42:33,158] {processor.py:651} INFO - DAG(s) dict_keys(['example_branch_operator']) retrieved from /home/airflow/.local/lib/python3.7/site-packages/airflow/example_dags/example_branch_operator.py
[2022-10-06 23:42:33,186] {logging_mixin.py:115} INFO - [2022-10-06 23:42:33,185] {dag.py:2371} INFO - Sync 1 DAGs
[2022-10-06 23:42:33,207] {logging_mixin.py:115} INFO - [2022-10-06 23:42:33,207] {dag.py:2919} INFO - Setting next_dagrun for example_branch_operator to 2022-10-05T00:00:00+00:00, run_after=2022-10-06T00:00:00+00:00
[2022-10-06 23:42:33,218] {processor.py:161} INFO - Processing /home/airflow/.local/lib/python3.7/site-packages/airflow/example_dags/example_branch_operator.py took 0.078 seconds
[2022-10-06 23:43:03,791] {processor.py:153} INFO - Started process (PID=45434) to work on /home/airflow/.local/lib/python3.7/site-packages/airflow/example_dags/example_branch_operator.py
[2022-10-06 23:43:03,791] {processor.py:641} INFO - Processing file /home/airflow/.local/lib/python3.7/site-packages/airflow/example_dags/example_branch_operator.py for tasks to queue
[2022-10-06 23:43:03,792] {logging_mixin.py:115} INFO - [2022-10-06 23:43:03,792] {dagbag.py:507} INFO - Filling up the DagBag from /home/airflow/.local/lib/python3.7/site-packages/airflow/example_dags/example_branch_operator.py
[2022-10-06 23:43:03,806] {processor.py:651} INFO - DAG(s) dict_keys(['example_branch_operator']) retrieved from /home/airflow/.local/lib/python3.7/site-packages/airflow/example_dags/example_branch_operator.py
[2022-10-06 23:43:03,836] {logging_mixin.py:115} INFO - [2022-10-06 23:43:03,836] {dag.py:2371} INFO - Sync 1 DAGs
[2022-10-06 23:43:03,859] {logging_mixin.py:115} INFO - [2022-10-06 23:43:03,859] {dag.py:2919} INFO - Setting next_dagrun for example_branch_operator to 2022-10-05T00:00:00+00:00, run_after=2022-10-06T00:00:00+00:00
[2022-10-06 23:43:03,870] {processor.py:161} INFO - Processing /home/airflow/.local/lib/python3.7/site-packages/airflow/example_dags/example_branch_operator.py took 0.083 seconds
[2022-10-06 23:43:34,675] {processor.py:153} INFO - Started process (PID=45511) to work on /home/airflow/.local/lib/python3.7/site-packages/airflow/example_dags/example_branch_operator.py
[2022-10-06 23:43:34,676] {processor.py:641} INFO - Processing file /home/airflow/.local/lib/python3.7/site-packages/airflow/example_dags/example_branch_operator.py for tasks to queue
[2022-10-06 23:43:34,677] {logging_mixin.py:115} INFO - [2022-10-06 23:43:34,677] {dagbag.py:507} INFO - Filling up the DagBag from /home/airflow/.local/lib/python3.7/site-packages/airflow/example_dags/example_branch_operator.py
[2022-10-06 23:43:34,691] {processor.py:651} INFO - DAG(s) dict_keys(['example_branch_operator']) retrieved from /home/airflow/.local/lib/python3.7/site-packages/airflow/example_dags/example_branch_operator.py
[2022-10-06 23:43:34,723] {logging_mixin.py:115} INFO - [2022-10-06 23:43:34,723] {dag.py:2371} INFO - Sync 1 DAGs
[2022-10-06 23:43:34,749] {logging_mixin.py:115} INFO - [2022-10-06 23:43:34,749] {dag.py:2919} INFO - Setting next_dagrun for example_branch_operator to 2022-10-05T00:00:00+00:00, run_after=2022-10-06T00:00:00+00:00
[2022-10-06 23:43:34,762] {processor.py:161} INFO - Processing /home/airflow/.local/lib/python3.7/site-packages/airflow/example_dags/example_branch_operator.py took 0.091 seconds
[2022-10-06 23:44:06,020] {processor.py:153} INFO - Started process (PID=45579) to work on /home/airflow/.local/lib/python3.7/site-packages/airflow/example_dags/example_branch_operator.py
[2022-10-06 23:44:06,022] {processor.py:641} INFO - Processing file /home/airflow/.local/lib/python3.7/site-packages/airflow/example_dags/example_branch_operator.py for tasks to queue
[2022-10-06 23:44:06,023] {logging_mixin.py:115} INFO - [2022-10-06 23:44:06,023] {dagbag.py:507} INFO - Filling up the DagBag from /home/airflow/.local/lib/python3.7/site-packages/airflow/example_dags/example_branch_operator.py
[2022-10-06 23:44:06,039] {processor.py:651} INFO - DAG(s) dict_keys(['example_branch_operator']) retrieved from /home/airflow/.local/lib/python3.7/site-packages/airflow/example_dags/example_branch_operator.py
[2022-10-06 23:44:06,075] {logging_mixin.py:115} INFO - [2022-10-06 23:44:06,075] {dag.py:2371} INFO - Sync 1 DAGs
[2022-10-06 23:44:06,103] {logging_mixin.py:115} INFO - [2022-10-06 23:44:06,103] {dag.py:2919} INFO - Setting next_dagrun for example_branch_operator to 2022-10-05T00:00:00+00:00, run_after=2022-10-06T00:00:00+00:00
[2022-10-06 23:44:06,119] {processor.py:161} INFO - Processing /home/airflow/.local/lib/python3.7/site-packages/airflow/example_dags/example_branch_operator.py took 0.105 seconds
[2022-10-06 23:44:37,111] {processor.py:153} INFO - Started process (PID=45656) to work on /home/airflow/.local/lib/python3.7/site-packages/airflow/example_dags/example_branch_operator.py
[2022-10-06 23:44:37,112] {processor.py:641} INFO - Processing file /home/airflow/.local/lib/python3.7/site-packages/airflow/example_dags/example_branch_operator.py for tasks to queue
[2022-10-06 23:44:37,114] {logging_mixin.py:115} INFO - [2022-10-06 23:44:37,114] {dagbag.py:507} INFO - Filling up the DagBag from /home/airflow/.local/lib/python3.7/site-packages/airflow/example_dags/example_branch_operator.py
[2022-10-06 23:44:37,128] {processor.py:651} INFO - DAG(s) dict_keys(['example_branch_operator']) retrieved from /home/airflow/.local/lib/python3.7/site-packages/airflow/example_dags/example_branch_operator.py
[2022-10-06 23:44:37,169] {logging_mixin.py:115} INFO - [2022-10-06 23:44:37,169] {dag.py:2371} INFO - Sync 1 DAGs
[2022-10-06 23:44:37,193] {logging_mixin.py:115} INFO - [2022-10-06 23:44:37,193] {dag.py:2919} INFO - Setting next_dagrun for example_branch_operator to 2022-10-05T00:00:00+00:00, run_after=2022-10-06T00:00:00+00:00
[2022-10-06 23:44:37,204] {processor.py:161} INFO - Processing /home/airflow/.local/lib/python3.7/site-packages/airflow/example_dags/example_branch_operator.py took 0.097 seconds
[2022-10-06 23:45:07,690] {processor.py:153} INFO - Started process (PID=45733) to work on /home/airflow/.local/lib/python3.7/site-packages/airflow/example_dags/example_branch_operator.py
[2022-10-06 23:45:07,691] {processor.py:641} INFO - Processing file /home/airflow/.local/lib/python3.7/site-packages/airflow/example_dags/example_branch_operator.py for tasks to queue
[2022-10-06 23:45:07,692] {logging_mixin.py:115} INFO - [2022-10-06 23:45:07,692] {dagbag.py:507} INFO - Filling up the DagBag from /home/airflow/.local/lib/python3.7/site-packages/airflow/example_dags/example_branch_operator.py
[2022-10-06 23:45:07,706] {processor.py:651} INFO - DAG(s) dict_keys(['example_branch_operator']) retrieved from /home/airflow/.local/lib/python3.7/site-packages/airflow/example_dags/example_branch_operator.py
[2022-10-06 23:45:07,739] {logging_mixin.py:115} INFO - [2022-10-06 23:45:07,738] {dag.py:2371} INFO - Sync 1 DAGs
[2022-10-06 23:45:07,763] {logging_mixin.py:115} INFO - [2022-10-06 23:45:07,763] {dag.py:2919} INFO - Setting next_dagrun for example_branch_operator to 2022-10-05T00:00:00+00:00, run_after=2022-10-06T00:00:00+00:00
[2022-10-06 23:45:07,776] {processor.py:161} INFO - Processing /home/airflow/.local/lib/python3.7/site-packages/airflow/example_dags/example_branch_operator.py took 0.090 seconds
[2022-10-06 23:45:40,765] {processor.py:153} INFO - Started process (PID=45810) to work on /home/airflow/.local/lib/python3.7/site-packages/airflow/example_dags/example_branch_operator.py
[2022-10-06 23:45:40,767] {processor.py:641} INFO - Processing file /home/airflow/.local/lib/python3.7/site-packages/airflow/example_dags/example_branch_operator.py for tasks to queue
[2022-10-06 23:45:40,769] {logging_mixin.py:115} INFO - [2022-10-06 23:45:40,769] {dagbag.py:507} INFO - Filling up the DagBag from /home/airflow/.local/lib/python3.7/site-packages/airflow/example_dags/example_branch_operator.py
[2022-10-06 23:45:40,794] {processor.py:651} INFO - DAG(s) dict_keys(['example_branch_operator']) retrieved from /home/airflow/.local/lib/python3.7/site-packages/airflow/example_dags/example_branch_operator.py
[2022-10-06 23:45:40,845] {logging_mixin.py:115} INFO - [2022-10-06 23:45:40,845] {dag.py:2371} INFO - Sync 1 DAGs
[2022-10-06 23:45:40,893] {logging_mixin.py:115} INFO - [2022-10-06 23:45:40,893] {dag.py:2919} INFO - Setting next_dagrun for example_branch_operator to 2022-10-05T00:00:00+00:00, run_after=2022-10-06T00:00:00+00:00
[2022-10-06 23:45:40,919] {processor.py:161} INFO - Processing /home/airflow/.local/lib/python3.7/site-packages/airflow/example_dags/example_branch_operator.py took 0.161 seconds
[2022-10-06 23:46:11,243] {processor.py:153} INFO - Started process (PID=45878) to work on /home/airflow/.local/lib/python3.7/site-packages/airflow/example_dags/example_branch_operator.py
[2022-10-06 23:46:11,245] {processor.py:641} INFO - Processing file /home/airflow/.local/lib/python3.7/site-packages/airflow/example_dags/example_branch_operator.py for tasks to queue
[2022-10-06 23:46:11,246] {logging_mixin.py:115} INFO - [2022-10-06 23:46:11,246] {dagbag.py:507} INFO - Filling up the DagBag from /home/airflow/.local/lib/python3.7/site-packages/airflow/example_dags/example_branch_operator.py
[2022-10-06 23:46:11,263] {processor.py:651} INFO - DAG(s) dict_keys(['example_branch_operator']) retrieved from /home/airflow/.local/lib/python3.7/site-packages/airflow/example_dags/example_branch_operator.py
[2022-10-06 23:46:11,304] {logging_mixin.py:115} INFO - [2022-10-06 23:46:11,304] {dag.py:2371} INFO - Sync 1 DAGs
[2022-10-06 23:46:11,333] {logging_mixin.py:115} INFO - [2022-10-06 23:46:11,333] {dag.py:2919} INFO - Setting next_dagrun for example_branch_operator to 2022-10-05T00:00:00+00:00, run_after=2022-10-06T00:00:00+00:00
[2022-10-06 23:46:11,348] {processor.py:161} INFO - Processing /home/airflow/.local/lib/python3.7/site-packages/airflow/example_dags/example_branch_operator.py took 0.110 seconds
[2022-10-06 23:46:41,654] {processor.py:153} INFO - Started process (PID=45955) to work on /home/airflow/.local/lib/python3.7/site-packages/airflow/example_dags/example_branch_operator.py
[2022-10-06 23:46:41,657] {processor.py:641} INFO - Processing file /home/airflow/.local/lib/python3.7/site-packages/airflow/example_dags/example_branch_operator.py for tasks to queue
[2022-10-06 23:46:41,659] {logging_mixin.py:115} INFO - [2022-10-06 23:46:41,659] {dagbag.py:507} INFO - Filling up the DagBag from /home/airflow/.local/lib/python3.7/site-packages/airflow/example_dags/example_branch_operator.py
[2022-10-06 23:46:41,678] {processor.py:651} INFO - DAG(s) dict_keys(['example_branch_operator']) retrieved from /home/airflow/.local/lib/python3.7/site-packages/airflow/example_dags/example_branch_operator.py
[2022-10-06 23:46:41,711] {logging_mixin.py:115} INFO - [2022-10-06 23:46:41,711] {dag.py:2371} INFO - Sync 1 DAGs
[2022-10-06 23:46:41,739] {logging_mixin.py:115} INFO - [2022-10-06 23:46:41,738] {dag.py:2919} INFO - Setting next_dagrun for example_branch_operator to 2022-10-05T00:00:00+00:00, run_after=2022-10-06T00:00:00+00:00
[2022-10-06 23:46:41,757] {processor.py:161} INFO - Processing /home/airflow/.local/lib/python3.7/site-packages/airflow/example_dags/example_branch_operator.py took 0.106 seconds
[2022-10-06 23:47:11,825] {processor.py:153} INFO - Started process (PID=46022) to work on /home/airflow/.local/lib/python3.7/site-packages/airflow/example_dags/example_branch_operator.py
[2022-10-06 23:47:11,826] {processor.py:641} INFO - Processing file /home/airflow/.local/lib/python3.7/site-packages/airflow/example_dags/example_branch_operator.py for tasks to queue
[2022-10-06 23:47:11,827] {logging_mixin.py:115} INFO - [2022-10-06 23:47:11,827] {dagbag.py:507} INFO - Filling up the DagBag from /home/airflow/.local/lib/python3.7/site-packages/airflow/example_dags/example_branch_operator.py
[2022-10-06 23:47:11,840] {processor.py:651} INFO - DAG(s) dict_keys(['example_branch_operator']) retrieved from /home/airflow/.local/lib/python3.7/site-packages/airflow/example_dags/example_branch_operator.py
[2022-10-06 23:47:11,871] {logging_mixin.py:115} INFO - [2022-10-06 23:47:11,871] {dag.py:2371} INFO - Sync 1 DAGs
[2022-10-06 23:47:11,893] {logging_mixin.py:115} INFO - [2022-10-06 23:47:11,893] {dag.py:2919} INFO - Setting next_dagrun for example_branch_operator to 2022-10-05T00:00:00+00:00, run_after=2022-10-06T00:00:00+00:00
[2022-10-06 23:47:11,904] {processor.py:161} INFO - Processing /home/airflow/.local/lib/python3.7/site-packages/airflow/example_dags/example_branch_operator.py took 0.083 seconds
[2022-10-06 23:47:42,566] {processor.py:153} INFO - Started process (PID=46100) to work on /home/airflow/.local/lib/python3.7/site-packages/airflow/example_dags/example_branch_operator.py
[2022-10-06 23:47:42,568] {processor.py:641} INFO - Processing file /home/airflow/.local/lib/python3.7/site-packages/airflow/example_dags/example_branch_operator.py for tasks to queue
[2022-10-06 23:47:42,569] {logging_mixin.py:115} INFO - [2022-10-06 23:47:42,569] {dagbag.py:507} INFO - Filling up the DagBag from /home/airflow/.local/lib/python3.7/site-packages/airflow/example_dags/example_branch_operator.py
[2022-10-06 23:47:42,582] {processor.py:651} INFO - DAG(s) dict_keys(['example_branch_operator']) retrieved from /home/airflow/.local/lib/python3.7/site-packages/airflow/example_dags/example_branch_operator.py
[2022-10-06 23:47:42,611] {logging_mixin.py:115} INFO - [2022-10-06 23:47:42,610] {dag.py:2371} INFO - Sync 1 DAGs
[2022-10-06 23:47:42,632] {logging_mixin.py:115} INFO - [2022-10-06 23:47:42,632] {dag.py:2919} INFO - Setting next_dagrun for example_branch_operator to 2022-10-05T00:00:00+00:00, run_after=2022-10-06T00:00:00+00:00
[2022-10-06 23:47:42,642] {processor.py:161} INFO - Processing /home/airflow/.local/lib/python3.7/site-packages/airflow/example_dags/example_branch_operator.py took 0.080 seconds
[2022-10-06 23:48:13,427] {processor.py:153} INFO - Started process (PID=46177) to work on /home/airflow/.local/lib/python3.7/site-packages/airflow/example_dags/example_branch_operator.py
[2022-10-06 23:48:13,429] {processor.py:641} INFO - Processing file /home/airflow/.local/lib/python3.7/site-packages/airflow/example_dags/example_branch_operator.py for tasks to queue
[2022-10-06 23:48:13,430] {logging_mixin.py:115} INFO - [2022-10-06 23:48:13,430] {dagbag.py:507} INFO - Filling up the DagBag from /home/airflow/.local/lib/python3.7/site-packages/airflow/example_dags/example_branch_operator.py
[2022-10-06 23:48:13,444] {processor.py:651} INFO - DAG(s) dict_keys(['example_branch_operator']) retrieved from /home/airflow/.local/lib/python3.7/site-packages/airflow/example_dags/example_branch_operator.py
[2022-10-06 23:48:13,476] {logging_mixin.py:115} INFO - [2022-10-06 23:48:13,476] {dag.py:2371} INFO - Sync 1 DAGs
[2022-10-06 23:48:13,498] {logging_mixin.py:115} INFO - [2022-10-06 23:48:13,498] {dag.py:2919} INFO - Setting next_dagrun for example_branch_operator to 2022-10-05T00:00:00+00:00, run_after=2022-10-06T00:00:00+00:00
[2022-10-06 23:48:13,510] {processor.py:161} INFO - Processing /home/airflow/.local/lib/python3.7/site-packages/airflow/example_dags/example_branch_operator.py took 0.087 seconds
[2022-10-06 23:48:43,815] {processor.py:153} INFO - Started process (PID=46245) to work on /home/airflow/.local/lib/python3.7/site-packages/airflow/example_dags/example_branch_operator.py
[2022-10-06 23:48:43,818] {processor.py:641} INFO - Processing file /home/airflow/.local/lib/python3.7/site-packages/airflow/example_dags/example_branch_operator.py for tasks to queue
[2022-10-06 23:48:43,821] {logging_mixin.py:115} INFO - [2022-10-06 23:48:43,821] {dagbag.py:507} INFO - Filling up the DagBag from /home/airflow/.local/lib/python3.7/site-packages/airflow/example_dags/example_branch_operator.py
[2022-10-06 23:48:43,835] {processor.py:651} INFO - DAG(s) dict_keys(['example_branch_operator']) retrieved from /home/airflow/.local/lib/python3.7/site-packages/airflow/example_dags/example_branch_operator.py
[2022-10-06 23:48:43,891] {logging_mixin.py:115} INFO - [2022-10-06 23:48:43,891] {dag.py:2371} INFO - Sync 1 DAGs
[2022-10-06 23:48:43,921] {logging_mixin.py:115} INFO - [2022-10-06 23:48:43,921] {dag.py:2919} INFO - Setting next_dagrun for example_branch_operator to 2022-10-05T00:00:00+00:00, run_after=2022-10-06T00:00:00+00:00
[2022-10-06 23:48:43,935] {processor.py:161} INFO - Processing /home/airflow/.local/lib/python3.7/site-packages/airflow/example_dags/example_branch_operator.py took 0.125 seconds
[2022-10-06 23:49:14,355] {processor.py:153} INFO - Started process (PID=46322) to work on /home/airflow/.local/lib/python3.7/site-packages/airflow/example_dags/example_branch_operator.py
[2022-10-06 23:49:14,356] {processor.py:641} INFO - Processing file /home/airflow/.local/lib/python3.7/site-packages/airflow/example_dags/example_branch_operator.py for tasks to queue
[2022-10-06 23:49:14,357] {logging_mixin.py:115} INFO - [2022-10-06 23:49:14,357] {dagbag.py:507} INFO - Filling up the DagBag from /home/airflow/.local/lib/python3.7/site-packages/airflow/example_dags/example_branch_operator.py
[2022-10-06 23:49:14,370] {processor.py:651} INFO - DAG(s) dict_keys(['example_branch_operator']) retrieved from /home/airflow/.local/lib/python3.7/site-packages/airflow/example_dags/example_branch_operator.py
[2022-10-06 23:49:14,399] {logging_mixin.py:115} INFO - [2022-10-06 23:49:14,399] {dag.py:2371} INFO - Sync 1 DAGs
[2022-10-06 23:49:14,422] {logging_mixin.py:115} INFO - [2022-10-06 23:49:14,422] {dag.py:2919} INFO - Setting next_dagrun for example_branch_operator to 2022-10-05T00:00:00+00:00, run_after=2022-10-06T00:00:00+00:00
[2022-10-06 23:49:14,434] {processor.py:161} INFO - Processing /home/airflow/.local/lib/python3.7/site-packages/airflow/example_dags/example_branch_operator.py took 0.083 seconds
[2022-10-06 23:49:44,945] {processor.py:153} INFO - Started process (PID=46399) to work on /home/airflow/.local/lib/python3.7/site-packages/airflow/example_dags/example_branch_operator.py
[2022-10-06 23:49:44,946] {processor.py:641} INFO - Processing file /home/airflow/.local/lib/python3.7/site-packages/airflow/example_dags/example_branch_operator.py for tasks to queue
[2022-10-06 23:49:44,947] {logging_mixin.py:115} INFO - [2022-10-06 23:49:44,947] {dagbag.py:507} INFO - Filling up the DagBag from /home/airflow/.local/lib/python3.7/site-packages/airflow/example_dags/example_branch_operator.py
[2022-10-06 23:49:44,960] {processor.py:651} INFO - DAG(s) dict_keys(['example_branch_operator']) retrieved from /home/airflow/.local/lib/python3.7/site-packages/airflow/example_dags/example_branch_operator.py
[2022-10-06 23:49:44,994] {logging_mixin.py:115} INFO - [2022-10-06 23:49:44,993] {dag.py:2371} INFO - Sync 1 DAGs
[2022-10-06 23:49:45,017] {logging_mixin.py:115} INFO - [2022-10-06 23:49:45,017] {dag.py:2919} INFO - Setting next_dagrun for example_branch_operator to 2022-10-05T00:00:00+00:00, run_after=2022-10-06T00:00:00+00:00
[2022-10-06 23:49:45,030] {processor.py:161} INFO - Processing /home/airflow/.local/lib/python3.7/site-packages/airflow/example_dags/example_branch_operator.py took 0.089 seconds
[2022-10-06 23:50:15,465] {processor.py:153} INFO - Started process (PID=46467) to work on /home/airflow/.local/lib/python3.7/site-packages/airflow/example_dags/example_branch_operator.py
[2022-10-06 23:50:15,466] {processor.py:641} INFO - Processing file /home/airflow/.local/lib/python3.7/site-packages/airflow/example_dags/example_branch_operator.py for tasks to queue
[2022-10-06 23:50:15,467] {logging_mixin.py:115} INFO - [2022-10-06 23:50:15,467] {dagbag.py:507} INFO - Filling up the DagBag from /home/airflow/.local/lib/python3.7/site-packages/airflow/example_dags/example_branch_operator.py
[2022-10-06 23:50:15,481] {processor.py:651} INFO - DAG(s) dict_keys(['example_branch_operator']) retrieved from /home/airflow/.local/lib/python3.7/site-packages/airflow/example_dags/example_branch_operator.py
[2022-10-06 23:50:15,511] {logging_mixin.py:115} INFO - [2022-10-06 23:50:15,510] {dag.py:2371} INFO - Sync 1 DAGs
[2022-10-06 23:50:15,534] {logging_mixin.py:115} INFO - [2022-10-06 23:50:15,534] {dag.py:2919} INFO - Setting next_dagrun for example_branch_operator to 2022-10-05T00:00:00+00:00, run_after=2022-10-06T00:00:00+00:00
[2022-10-06 23:50:15,546] {processor.py:161} INFO - Processing /home/airflow/.local/lib/python3.7/site-packages/airflow/example_dags/example_branch_operator.py took 0.085 seconds
[2022-10-06 23:50:46,033] {processor.py:153} INFO - Started process (PID=46544) to work on /home/airflow/.local/lib/python3.7/site-packages/airflow/example_dags/example_branch_operator.py
[2022-10-06 23:50:46,034] {processor.py:641} INFO - Processing file /home/airflow/.local/lib/python3.7/site-packages/airflow/example_dags/example_branch_operator.py for tasks to queue
[2022-10-06 23:50:46,035] {logging_mixin.py:115} INFO - [2022-10-06 23:50:46,035] {dagbag.py:507} INFO - Filling up the DagBag from /home/airflow/.local/lib/python3.7/site-packages/airflow/example_dags/example_branch_operator.py
[2022-10-06 23:50:46,048] {processor.py:651} INFO - DAG(s) dict_keys(['example_branch_operator']) retrieved from /home/airflow/.local/lib/python3.7/site-packages/airflow/example_dags/example_branch_operator.py
[2022-10-06 23:50:46,077] {logging_mixin.py:115} INFO - [2022-10-06 23:50:46,077] {dag.py:2371} INFO - Sync 1 DAGs
[2022-10-06 23:50:46,099] {logging_mixin.py:115} INFO - [2022-10-06 23:50:46,099] {dag.py:2919} INFO - Setting next_dagrun for example_branch_operator to 2022-10-05T00:00:00+00:00, run_after=2022-10-06T00:00:00+00:00
[2022-10-06 23:50:46,110] {processor.py:161} INFO - Processing /home/airflow/.local/lib/python3.7/site-packages/airflow/example_dags/example_branch_operator.py took 0.080 seconds
[2022-10-06 23:51:16,511] {processor.py:153} INFO - Started process (PID=46621) to work on /home/airflow/.local/lib/python3.7/site-packages/airflow/example_dags/example_branch_operator.py
[2022-10-06 23:51:16,513] {processor.py:641} INFO - Processing file /home/airflow/.local/lib/python3.7/site-packages/airflow/example_dags/example_branch_operator.py for tasks to queue
[2022-10-06 23:51:16,514] {logging_mixin.py:115} INFO - [2022-10-06 23:51:16,514] {dagbag.py:507} INFO - Filling up the DagBag from /home/airflow/.local/lib/python3.7/site-packages/airflow/example_dags/example_branch_operator.py
[2022-10-06 23:51:16,531] {processor.py:651} INFO - DAG(s) dict_keys(['example_branch_operator']) retrieved from /home/airflow/.local/lib/python3.7/site-packages/airflow/example_dags/example_branch_operator.py
[2022-10-06 23:51:16,570] {logging_mixin.py:115} INFO - [2022-10-06 23:51:16,570] {dag.py:2371} INFO - Sync 1 DAGs
[2022-10-06 23:51:16,600] {logging_mixin.py:115} INFO - [2022-10-06 23:51:16,600] {dag.py:2919} INFO - Setting next_dagrun for example_branch_operator to 2022-10-05T00:00:00+00:00, run_after=2022-10-06T00:00:00+00:00
[2022-10-06 23:51:16,615] {processor.py:161} INFO - Processing /home/airflow/.local/lib/python3.7/site-packages/airflow/example_dags/example_branch_operator.py took 0.109 seconds
[2022-10-06 23:51:47,486] {processor.py:153} INFO - Started process (PID=46688) to work on /home/airflow/.local/lib/python3.7/site-packages/airflow/example_dags/example_branch_operator.py
[2022-10-06 23:51:47,487] {processor.py:641} INFO - Processing file /home/airflow/.local/lib/python3.7/site-packages/airflow/example_dags/example_branch_operator.py for tasks to queue
[2022-10-06 23:51:47,489] {logging_mixin.py:115} INFO - [2022-10-06 23:51:47,489] {dagbag.py:507} INFO - Filling up the DagBag from /home/airflow/.local/lib/python3.7/site-packages/airflow/example_dags/example_branch_operator.py
[2022-10-06 23:51:47,506] {processor.py:651} INFO - DAG(s) dict_keys(['example_branch_operator']) retrieved from /home/airflow/.local/lib/python3.7/site-packages/airflow/example_dags/example_branch_operator.py
[2022-10-06 23:51:47,542] {logging_mixin.py:115} INFO - [2022-10-06 23:51:47,542] {dag.py:2371} INFO - Sync 1 DAGs
[2022-10-06 23:51:47,567] {logging_mixin.py:115} INFO - [2022-10-06 23:51:47,567] {dag.py:2919} INFO - Setting next_dagrun for example_branch_operator to 2022-10-05T00:00:00+00:00, run_after=2022-10-06T00:00:00+00:00
[2022-10-06 23:51:47,584] {processor.py:161} INFO - Processing /home/airflow/.local/lib/python3.7/site-packages/airflow/example_dags/example_branch_operator.py took 0.102 seconds
[2022-10-06 23:52:17,842] {processor.py:153} INFO - Started process (PID=46764) to work on /home/airflow/.local/lib/python3.7/site-packages/airflow/example_dags/example_branch_operator.py
[2022-10-06 23:52:17,859] {processor.py:641} INFO - Processing file /home/airflow/.local/lib/python3.7/site-packages/airflow/example_dags/example_branch_operator.py for tasks to queue
[2022-10-06 23:52:17,860] {logging_mixin.py:115} INFO - [2022-10-06 23:52:17,860] {dagbag.py:507} INFO - Filling up the DagBag from /home/airflow/.local/lib/python3.7/site-packages/airflow/example_dags/example_branch_operator.py
[2022-10-06 23:52:17,878] {processor.py:651} INFO - DAG(s) dict_keys(['example_branch_operator']) retrieved from /home/airflow/.local/lib/python3.7/site-packages/airflow/example_dags/example_branch_operator.py
[2022-10-06 23:52:17,949] {logging_mixin.py:115} INFO - [2022-10-06 23:52:17,949] {dag.py:2371} INFO - Sync 1 DAGs
[2022-10-06 23:52:17,991] {logging_mixin.py:115} INFO - [2022-10-06 23:52:17,991] {dag.py:2919} INFO - Setting next_dagrun for example_branch_operator to 2022-10-05T00:00:00+00:00, run_after=2022-10-06T00:00:00+00:00
[2022-10-06 23:52:18,010] {processor.py:161} INFO - Processing /home/airflow/.local/lib/python3.7/site-packages/airflow/example_dags/example_branch_operator.py took 0.172 seconds
[2022-10-06 23:52:48,352] {processor.py:153} INFO - Started process (PID=46842) to work on /home/airflow/.local/lib/python3.7/site-packages/airflow/example_dags/example_branch_operator.py
[2022-10-06 23:52:48,353] {processor.py:641} INFO - Processing file /home/airflow/.local/lib/python3.7/site-packages/airflow/example_dags/example_branch_operator.py for tasks to queue
[2022-10-06 23:52:48,354] {logging_mixin.py:115} INFO - [2022-10-06 23:52:48,354] {dagbag.py:507} INFO - Filling up the DagBag from /home/airflow/.local/lib/python3.7/site-packages/airflow/example_dags/example_branch_operator.py
[2022-10-06 23:52:48,371] {processor.py:651} INFO - DAG(s) dict_keys(['example_branch_operator']) retrieved from /home/airflow/.local/lib/python3.7/site-packages/airflow/example_dags/example_branch_operator.py
[2022-10-06 23:52:48,412] {logging_mixin.py:115} INFO - [2022-10-06 23:52:48,411] {dag.py:2371} INFO - Sync 1 DAGs
[2022-10-06 23:52:48,440] {logging_mixin.py:115} INFO - [2022-10-06 23:52:48,439] {dag.py:2919} INFO - Setting next_dagrun for example_branch_operator to 2022-10-05T00:00:00+00:00, run_after=2022-10-06T00:00:00+00:00
[2022-10-06 23:52:48,456] {processor.py:161} INFO - Processing /home/airflow/.local/lib/python3.7/site-packages/airflow/example_dags/example_branch_operator.py took 0.109 seconds
[2022-10-06 23:53:18,599] {processor.py:153} INFO - Started process (PID=46910) to work on /home/airflow/.local/lib/python3.7/site-packages/airflow/example_dags/example_branch_operator.py
[2022-10-06 23:53:18,601] {processor.py:641} INFO - Processing file /home/airflow/.local/lib/python3.7/site-packages/airflow/example_dags/example_branch_operator.py for tasks to queue
[2022-10-06 23:53:18,602] {logging_mixin.py:115} INFO - [2022-10-06 23:53:18,602] {dagbag.py:507} INFO - Filling up the DagBag from /home/airflow/.local/lib/python3.7/site-packages/airflow/example_dags/example_branch_operator.py
[2022-10-06 23:53:18,614] {processor.py:651} INFO - DAG(s) dict_keys(['example_branch_operator']) retrieved from /home/airflow/.local/lib/python3.7/site-packages/airflow/example_dags/example_branch_operator.py
[2022-10-06 23:53:18,643] {logging_mixin.py:115} INFO - [2022-10-06 23:53:18,643] {dag.py:2371} INFO - Sync 1 DAGs
[2022-10-06 23:53:18,666] {logging_mixin.py:115} INFO - [2022-10-06 23:53:18,666] {dag.py:2919} INFO - Setting next_dagrun for example_branch_operator to 2022-10-05T00:00:00+00:00, run_after=2022-10-06T00:00:00+00:00
[2022-10-06 23:53:18,679] {processor.py:161} INFO - Processing /home/airflow/.local/lib/python3.7/site-packages/airflow/example_dags/example_branch_operator.py took 0.084 seconds
[2022-10-06 23:53:49,525] {processor.py:153} INFO - Started process (PID=46986) to work on /home/airflow/.local/lib/python3.7/site-packages/airflow/example_dags/example_branch_operator.py
[2022-10-06 23:53:49,528] {processor.py:641} INFO - Processing file /home/airflow/.local/lib/python3.7/site-packages/airflow/example_dags/example_branch_operator.py for tasks to queue
[2022-10-06 23:53:49,533] {logging_mixin.py:115} INFO - [2022-10-06 23:53:49,532] {dagbag.py:507} INFO - Filling up the DagBag from /home/airflow/.local/lib/python3.7/site-packages/airflow/example_dags/example_branch_operator.py
[2022-10-06 23:53:49,551] {processor.py:651} INFO - DAG(s) dict_keys(['example_branch_operator']) retrieved from /home/airflow/.local/lib/python3.7/site-packages/airflow/example_dags/example_branch_operator.py
[2022-10-06 23:53:49,596] {logging_mixin.py:115} INFO - [2022-10-06 23:53:49,596] {dag.py:2371} INFO - Sync 1 DAGs
[2022-10-06 23:53:49,628] {logging_mixin.py:115} INFO - [2022-10-06 23:53:49,628] {dag.py:2919} INFO - Setting next_dagrun for example_branch_operator to 2022-10-05T00:00:00+00:00, run_after=2022-10-06T00:00:00+00:00
[2022-10-06 23:53:49,645] {processor.py:161} INFO - Processing /home/airflow/.local/lib/python3.7/site-packages/airflow/example_dags/example_branch_operator.py took 0.128 seconds
