[2022-10-06 04:58:15,175] {processor.py:153} INFO - Started process (PID=44946) to work on /home/airflow/.local/lib/python3.7/site-packages/airflow/example_dags/example_skip_dag.py
[2022-10-06 04:58:15,176] {processor.py:641} INFO - Processing file /home/airflow/.local/lib/python3.7/site-packages/airflow/example_dags/example_skip_dag.py for tasks to queue
[2022-10-06 04:58:15,178] {logging_mixin.py:115} INFO - [2022-10-06 04:58:15,177] {dagbag.py:507} INFO - Filling up the DagBag from /home/airflow/.local/lib/python3.7/site-packages/airflow/example_dags/example_skip_dag.py
[2022-10-06 04:58:15,185] {processor.py:651} INFO - DAG(s) dict_keys(['example_skip_dag']) retrieved from /home/airflow/.local/lib/python3.7/site-packages/airflow/example_dags/example_skip_dag.py
[2022-10-06 04:58:15,217] {logging_mixin.py:115} INFO - [2022-10-06 04:58:15,217] {dag.py:2371} INFO - Sync 1 DAGs
[2022-10-06 04:58:15,241] {logging_mixin.py:115} INFO - [2022-10-06 04:58:15,241] {dag.py:2919} INFO - Setting next_dagrun for example_skip_dag to 2022-10-05T04:58:15.240601+00:00, run_after=2022-10-06T04:58:15.240601+00:00
[2022-10-06 04:58:15,256] {processor.py:161} INFO - Processing /home/airflow/.local/lib/python3.7/site-packages/airflow/example_dags/example_skip_dag.py took 0.085 seconds
[2022-10-06 12:13:21,331] {processor.py:153} INFO - Started process (PID=45014) to work on /home/airflow/.local/lib/python3.7/site-packages/airflow/example_dags/example_skip_dag.py
[2022-10-06 12:13:21,332] {processor.py:641} INFO - Processing file /home/airflow/.local/lib/python3.7/site-packages/airflow/example_dags/example_skip_dag.py for tasks to queue
[2022-10-06 12:13:21,333] {logging_mixin.py:115} INFO - [2022-10-06 12:13:21,333] {dagbag.py:507} INFO - Filling up the DagBag from /home/airflow/.local/lib/python3.7/site-packages/airflow/example_dags/example_skip_dag.py
[2022-10-06 12:13:21,340] {processor.py:651} INFO - DAG(s) dict_keys(['example_skip_dag']) retrieved from /home/airflow/.local/lib/python3.7/site-packages/airflow/example_dags/example_skip_dag.py
[2022-10-06 12:13:21,373] {logging_mixin.py:115} INFO - [2022-10-06 12:13:21,372] {dag.py:2371} INFO - Sync 1 DAGs
[2022-10-06 12:13:21,393] {logging_mixin.py:115} INFO - [2022-10-06 12:13:21,393] {dag.py:2919} INFO - Setting next_dagrun for example_skip_dag to 2022-10-05T12:13:21.393277+00:00, run_after=2022-10-06T12:13:21.393277+00:00
[2022-10-06 12:13:21,408] {processor.py:161} INFO - Processing /home/airflow/.local/lib/python3.7/site-packages/airflow/example_dags/example_skip_dag.py took 0.082 seconds
[2022-10-06 12:13:51,495] {processor.py:153} INFO - Started process (PID=45090) to work on /home/airflow/.local/lib/python3.7/site-packages/airflow/example_dags/example_skip_dag.py
[2022-10-06 12:13:51,497] {processor.py:641} INFO - Processing file /home/airflow/.local/lib/python3.7/site-packages/airflow/example_dags/example_skip_dag.py for tasks to queue
[2022-10-06 12:13:51,498] {logging_mixin.py:115} INFO - [2022-10-06 12:13:51,498] {dagbag.py:507} INFO - Filling up the DagBag from /home/airflow/.local/lib/python3.7/site-packages/airflow/example_dags/example_skip_dag.py
[2022-10-06 12:13:51,504] {processor.py:651} INFO - DAG(s) dict_keys(['example_skip_dag']) retrieved from /home/airflow/.local/lib/python3.7/site-packages/airflow/example_dags/example_skip_dag.py
[2022-10-06 12:13:51,533] {logging_mixin.py:115} INFO - [2022-10-06 12:13:51,533] {dag.py:2371} INFO - Sync 1 DAGs
[2022-10-06 12:13:51,554] {logging_mixin.py:115} INFO - [2022-10-06 12:13:51,554] {dag.py:2919} INFO - Setting next_dagrun for example_skip_dag to 2022-10-05T12:13:51.554233+00:00, run_after=2022-10-06T12:13:51.554233+00:00
[2022-10-06 12:13:51,567] {processor.py:161} INFO - Processing /home/airflow/.local/lib/python3.7/site-packages/airflow/example_dags/example_skip_dag.py took 0.075 seconds
[2022-10-06 17:15:20,693] {processor.py:153} INFO - Started process (PID=45159) to work on /home/airflow/.local/lib/python3.7/site-packages/airflow/example_dags/example_skip_dag.py
[2022-10-06 17:15:20,694] {processor.py:641} INFO - Processing file /home/airflow/.local/lib/python3.7/site-packages/airflow/example_dags/example_skip_dag.py for tasks to queue
[2022-10-06 17:15:20,696] {logging_mixin.py:115} INFO - [2022-10-06 17:15:20,696] {dagbag.py:507} INFO - Filling up the DagBag from /home/airflow/.local/lib/python3.7/site-packages/airflow/example_dags/example_skip_dag.py
[2022-10-06 17:15:20,705] {processor.py:651} INFO - DAG(s) dict_keys(['example_skip_dag']) retrieved from /home/airflow/.local/lib/python3.7/site-packages/airflow/example_dags/example_skip_dag.py
[2022-10-06 17:15:20,737] {logging_mixin.py:115} INFO - [2022-10-06 17:15:20,737] {dag.py:2371} INFO - Sync 1 DAGs
[2022-10-06 17:15:20,765] {logging_mixin.py:115} INFO - [2022-10-06 17:15:20,765] {dag.py:2919} INFO - Setting next_dagrun for example_skip_dag to 2022-10-05T17:15:20.764653+00:00, run_after=2022-10-06T17:15:20.764653+00:00
[2022-10-06 17:15:20,783] {processor.py:161} INFO - Processing /home/airflow/.local/lib/python3.7/site-packages/airflow/example_dags/example_skip_dag.py took 0.094 seconds
[2022-10-06 17:16:00,673] {processor.py:153} INFO - Started process (PID=45228) to work on /home/airflow/.local/lib/python3.7/site-packages/airflow/example_dags/example_skip_dag.py
[2022-10-06 17:16:00,677] {processor.py:641} INFO - Processing file /home/airflow/.local/lib/python3.7/site-packages/airflow/example_dags/example_skip_dag.py for tasks to queue
[2022-10-06 17:16:00,683] {logging_mixin.py:115} INFO - [2022-10-06 17:16:00,682] {dagbag.py:507} INFO - Filling up the DagBag from /home/airflow/.local/lib/python3.7/site-packages/airflow/example_dags/example_skip_dag.py
[2022-10-06 17:16:00,722] {processor.py:651} INFO - DAG(s) dict_keys(['example_skip_dag']) retrieved from /home/airflow/.local/lib/python3.7/site-packages/airflow/example_dags/example_skip_dag.py
[2022-10-06 17:16:00,880] {logging_mixin.py:115} INFO - [2022-10-06 17:16:00,879] {dag.py:2371} INFO - Sync 1 DAGs
[2022-10-06 17:16:01,006] {logging_mixin.py:115} INFO - [2022-10-06 17:16:01,005] {dag.py:2919} INFO - Setting next_dagrun for example_skip_dag to 2022-10-05T17:16:01.004554+00:00, run_after=2022-10-06T17:16:01.004554+00:00
[2022-10-06 17:16:01,060] {processor.py:161} INFO - Processing /home/airflow/.local/lib/python3.7/site-packages/airflow/example_dags/example_skip_dag.py took 0.406 seconds
[2022-10-06 23:42:03,241] {processor.py:153} INFO - Started process (PID=45296) to work on /home/airflow/.local/lib/python3.7/site-packages/airflow/example_dags/example_skip_dag.py
[2022-10-06 23:42:03,243] {processor.py:641} INFO - Processing file /home/airflow/.local/lib/python3.7/site-packages/airflow/example_dags/example_skip_dag.py for tasks to queue
[2022-10-06 23:42:03,244] {logging_mixin.py:115} INFO - [2022-10-06 23:42:03,244] {dagbag.py:507} INFO - Filling up the DagBag from /home/airflow/.local/lib/python3.7/site-packages/airflow/example_dags/example_skip_dag.py
[2022-10-06 23:42:03,252] {processor.py:651} INFO - DAG(s) dict_keys(['example_skip_dag']) retrieved from /home/airflow/.local/lib/python3.7/site-packages/airflow/example_dags/example_skip_dag.py
[2022-10-06 23:42:03,290] {logging_mixin.py:115} INFO - [2022-10-06 23:42:03,290] {dag.py:2371} INFO - Sync 1 DAGs
[2022-10-06 23:42:03,314] {logging_mixin.py:115} INFO - [2022-10-06 23:42:03,314] {dag.py:2919} INFO - Setting next_dagrun for example_skip_dag to 2022-10-05T23:42:03.314442+00:00, run_after=2022-10-06T23:42:03.314442+00:00
[2022-10-06 23:42:03,329] {processor.py:161} INFO - Processing /home/airflow/.local/lib/python3.7/site-packages/airflow/example_dags/example_skip_dag.py took 0.093 seconds
[2022-10-06 23:42:33,523] {processor.py:153} INFO - Started process (PID=45363) to work on /home/airflow/.local/lib/python3.7/site-packages/airflow/example_dags/example_skip_dag.py
[2022-10-06 23:42:33,524] {processor.py:641} INFO - Processing file /home/airflow/.local/lib/python3.7/site-packages/airflow/example_dags/example_skip_dag.py for tasks to queue
[2022-10-06 23:42:33,526] {logging_mixin.py:115} INFO - [2022-10-06 23:42:33,526] {dagbag.py:507} INFO - Filling up the DagBag from /home/airflow/.local/lib/python3.7/site-packages/airflow/example_dags/example_skip_dag.py
[2022-10-06 23:42:33,539] {processor.py:651} INFO - DAG(s) dict_keys(['example_skip_dag']) retrieved from /home/airflow/.local/lib/python3.7/site-packages/airflow/example_dags/example_skip_dag.py
[2022-10-06 23:42:33,578] {logging_mixin.py:115} INFO - [2022-10-06 23:42:33,578] {dag.py:2371} INFO - Sync 1 DAGs
[2022-10-06 23:42:33,602] {logging_mixin.py:115} INFO - [2022-10-06 23:42:33,602] {dag.py:2919} INFO - Setting next_dagrun for example_skip_dag to 2022-10-05T23:42:33.601886+00:00, run_after=2022-10-06T23:42:33.601886+00:00
[2022-10-06 23:42:33,616] {processor.py:161} INFO - Processing /home/airflow/.local/lib/python3.7/site-packages/airflow/example_dags/example_skip_dag.py took 0.101 seconds
[2022-10-06 23:43:04,126] {processor.py:153} INFO - Started process (PID=45440) to work on /home/airflow/.local/lib/python3.7/site-packages/airflow/example_dags/example_skip_dag.py
[2022-10-06 23:43:04,127] {processor.py:641} INFO - Processing file /home/airflow/.local/lib/python3.7/site-packages/airflow/example_dags/example_skip_dag.py for tasks to queue
[2022-10-06 23:43:04,129] {logging_mixin.py:115} INFO - [2022-10-06 23:43:04,128] {dagbag.py:507} INFO - Filling up the DagBag from /home/airflow/.local/lib/python3.7/site-packages/airflow/example_dags/example_skip_dag.py
[2022-10-06 23:43:04,135] {processor.py:651} INFO - DAG(s) dict_keys(['example_skip_dag']) retrieved from /home/airflow/.local/lib/python3.7/site-packages/airflow/example_dags/example_skip_dag.py
[2022-10-06 23:43:04,165] {logging_mixin.py:115} INFO - [2022-10-06 23:43:04,165] {dag.py:2371} INFO - Sync 1 DAGs
[2022-10-06 23:43:04,188] {logging_mixin.py:115} INFO - [2022-10-06 23:43:04,188] {dag.py:2919} INFO - Setting next_dagrun for example_skip_dag to 2022-10-05T23:43:04.188120+00:00, run_after=2022-10-06T23:43:04.188120+00:00
[2022-10-06 23:43:04,200] {processor.py:161} INFO - Processing /home/airflow/.local/lib/python3.7/site-packages/airflow/example_dags/example_skip_dag.py took 0.077 seconds
[2022-10-06 23:43:35,099] {processor.py:153} INFO - Started process (PID=45518) to work on /home/airflow/.local/lib/python3.7/site-packages/airflow/example_dags/example_skip_dag.py
[2022-10-06 23:43:35,101] {processor.py:641} INFO - Processing file /home/airflow/.local/lib/python3.7/site-packages/airflow/example_dags/example_skip_dag.py for tasks to queue
[2022-10-06 23:43:35,102] {logging_mixin.py:115} INFO - [2022-10-06 23:43:35,102] {dagbag.py:507} INFO - Filling up the DagBag from /home/airflow/.local/lib/python3.7/site-packages/airflow/example_dags/example_skip_dag.py
[2022-10-06 23:43:35,108] {processor.py:651} INFO - DAG(s) dict_keys(['example_skip_dag']) retrieved from /home/airflow/.local/lib/python3.7/site-packages/airflow/example_dags/example_skip_dag.py
[2022-10-06 23:43:35,141] {logging_mixin.py:115} INFO - [2022-10-06 23:43:35,140] {dag.py:2371} INFO - Sync 1 DAGs
[2022-10-06 23:43:35,164] {logging_mixin.py:115} INFO - [2022-10-06 23:43:35,164] {dag.py:2919} INFO - Setting next_dagrun for example_skip_dag to 2022-10-05T23:43:35.163644+00:00, run_after=2022-10-06T23:43:35.163644+00:00
[2022-10-06 23:43:35,178] {processor.py:161} INFO - Processing /home/airflow/.local/lib/python3.7/site-packages/airflow/example_dags/example_skip_dag.py took 0.083 seconds
[2022-10-06 23:44:06,452] {processor.py:153} INFO - Started process (PID=45586) to work on /home/airflow/.local/lib/python3.7/site-packages/airflow/example_dags/example_skip_dag.py
[2022-10-06 23:44:06,453] {processor.py:641} INFO - Processing file /home/airflow/.local/lib/python3.7/site-packages/airflow/example_dags/example_skip_dag.py for tasks to queue
[2022-10-06 23:44:06,455] {logging_mixin.py:115} INFO - [2022-10-06 23:44:06,454] {dagbag.py:507} INFO - Filling up the DagBag from /home/airflow/.local/lib/python3.7/site-packages/airflow/example_dags/example_skip_dag.py
[2022-10-06 23:44:06,461] {processor.py:651} INFO - DAG(s) dict_keys(['example_skip_dag']) retrieved from /home/airflow/.local/lib/python3.7/site-packages/airflow/example_dags/example_skip_dag.py
[2022-10-06 23:44:06,506] {logging_mixin.py:115} INFO - [2022-10-06 23:44:06,506] {dag.py:2371} INFO - Sync 1 DAGs
[2022-10-06 23:44:06,541] {logging_mixin.py:115} INFO - [2022-10-06 23:44:06,541] {dag.py:2919} INFO - Setting next_dagrun for example_skip_dag to 2022-10-05T23:44:06.541182+00:00, run_after=2022-10-06T23:44:06.541182+00:00
[2022-10-06 23:44:06,559] {processor.py:161} INFO - Processing /home/airflow/.local/lib/python3.7/site-packages/airflow/example_dags/example_skip_dag.py took 0.110 seconds
[2022-10-06 23:44:37,499] {processor.py:153} INFO - Started process (PID=45663) to work on /home/airflow/.local/lib/python3.7/site-packages/airflow/example_dags/example_skip_dag.py
[2022-10-06 23:44:37,500] {processor.py:641} INFO - Processing file /home/airflow/.local/lib/python3.7/site-packages/airflow/example_dags/example_skip_dag.py for tasks to queue
[2022-10-06 23:44:37,501] {logging_mixin.py:115} INFO - [2022-10-06 23:44:37,501] {dagbag.py:507} INFO - Filling up the DagBag from /home/airflow/.local/lib/python3.7/site-packages/airflow/example_dags/example_skip_dag.py
[2022-10-06 23:44:37,508] {processor.py:651} INFO - DAG(s) dict_keys(['example_skip_dag']) retrieved from /home/airflow/.local/lib/python3.7/site-packages/airflow/example_dags/example_skip_dag.py
[2022-10-06 23:44:37,539] {logging_mixin.py:115} INFO - [2022-10-06 23:44:37,539] {dag.py:2371} INFO - Sync 1 DAGs
[2022-10-06 23:44:37,562] {logging_mixin.py:115} INFO - [2022-10-06 23:44:37,562] {dag.py:2919} INFO - Setting next_dagrun for example_skip_dag to 2022-10-05T23:44:37.561911+00:00, run_after=2022-10-06T23:44:37.561911+00:00
[2022-10-06 23:44:37,574] {processor.py:161} INFO - Processing /home/airflow/.local/lib/python3.7/site-packages/airflow/example_dags/example_skip_dag.py took 0.080 seconds
[2022-10-06 23:45:08,035] {processor.py:153} INFO - Started process (PID=45739) to work on /home/airflow/.local/lib/python3.7/site-packages/airflow/example_dags/example_skip_dag.py
[2022-10-06 23:45:08,036] {processor.py:641} INFO - Processing file /home/airflow/.local/lib/python3.7/site-packages/airflow/example_dags/example_skip_dag.py for tasks to queue
[2022-10-06 23:45:08,037] {logging_mixin.py:115} INFO - [2022-10-06 23:45:08,037] {dagbag.py:507} INFO - Filling up the DagBag from /home/airflow/.local/lib/python3.7/site-packages/airflow/example_dags/example_skip_dag.py
[2022-10-06 23:45:08,045] {processor.py:651} INFO - DAG(s) dict_keys(['example_skip_dag']) retrieved from /home/airflow/.local/lib/python3.7/site-packages/airflow/example_dags/example_skip_dag.py
[2022-10-06 23:45:08,081] {logging_mixin.py:115} INFO - [2022-10-06 23:45:08,081] {dag.py:2371} INFO - Sync 1 DAGs
[2022-10-06 23:45:08,104] {logging_mixin.py:115} INFO - [2022-10-06 23:45:08,104] {dag.py:2919} INFO - Setting next_dagrun for example_skip_dag to 2022-10-05T23:45:08.104462+00:00, run_after=2022-10-06T23:45:08.104462+00:00
[2022-10-06 23:45:08,118] {processor.py:161} INFO - Processing /home/airflow/.local/lib/python3.7/site-packages/airflow/example_dags/example_skip_dag.py took 0.087 seconds
[2022-10-06 23:45:42,332] {processor.py:153} INFO - Started process (PID=45818) to work on /home/airflow/.local/lib/python3.7/site-packages/airflow/example_dags/example_skip_dag.py
[2022-10-06 23:45:42,351] {processor.py:641} INFO - Processing file /home/airflow/.local/lib/python3.7/site-packages/airflow/example_dags/example_skip_dag.py for tasks to queue
[2022-10-06 23:45:42,353] {logging_mixin.py:115} INFO - [2022-10-06 23:45:42,353] {dagbag.py:507} INFO - Filling up the DagBag from /home/airflow/.local/lib/python3.7/site-packages/airflow/example_dags/example_skip_dag.py
[2022-10-06 23:45:42,377] {processor.py:651} INFO - DAG(s) dict_keys(['example_skip_dag']) retrieved from /home/airflow/.local/lib/python3.7/site-packages/airflow/example_dags/example_skip_dag.py
[2022-10-06 23:45:42,448] {logging_mixin.py:115} INFO - [2022-10-06 23:45:42,448] {dag.py:2371} INFO - Sync 1 DAGs
[2022-10-06 23:45:42,481] {logging_mixin.py:115} INFO - [2022-10-06 23:45:42,481] {dag.py:2919} INFO - Setting next_dagrun for example_skip_dag to 2022-10-05T23:45:42.481443+00:00, run_after=2022-10-06T23:45:42.481443+00:00
[2022-10-06 23:45:42,502] {processor.py:161} INFO - Processing /home/airflow/.local/lib/python3.7/site-packages/airflow/example_dags/example_skip_dag.py took 0.177 seconds
[2022-10-06 23:46:12,753] {processor.py:153} INFO - Started process (PID=45885) to work on /home/airflow/.local/lib/python3.7/site-packages/airflow/example_dags/example_skip_dag.py
[2022-10-06 23:46:12,755] {processor.py:641} INFO - Processing file /home/airflow/.local/lib/python3.7/site-packages/airflow/example_dags/example_skip_dag.py for tasks to queue
[2022-10-06 23:46:12,756] {logging_mixin.py:115} INFO - [2022-10-06 23:46:12,756] {dagbag.py:507} INFO - Filling up the DagBag from /home/airflow/.local/lib/python3.7/site-packages/airflow/example_dags/example_skip_dag.py
[2022-10-06 23:46:12,766] {processor.py:651} INFO - DAG(s) dict_keys(['example_skip_dag']) retrieved from /home/airflow/.local/lib/python3.7/site-packages/airflow/example_dags/example_skip_dag.py
[2022-10-06 23:46:12,805] {logging_mixin.py:115} INFO - [2022-10-06 23:46:12,805] {dag.py:2371} INFO - Sync 1 DAGs
[2022-10-06 23:46:12,831] {logging_mixin.py:115} INFO - [2022-10-06 23:46:12,831] {dag.py:2919} INFO - Setting next_dagrun for example_skip_dag to 2022-10-05T23:46:12.831250+00:00, run_after=2022-10-06T23:46:12.831250+00:00
[2022-10-06 23:46:12,856] {processor.py:161} INFO - Processing /home/airflow/.local/lib/python3.7/site-packages/airflow/example_dags/example_skip_dag.py took 0.108 seconds
[2022-10-06 23:46:43,089] {processor.py:153} INFO - Started process (PID=45961) to work on /home/airflow/.local/lib/python3.7/site-packages/airflow/example_dags/example_skip_dag.py
[2022-10-06 23:46:43,091] {processor.py:641} INFO - Processing file /home/airflow/.local/lib/python3.7/site-packages/airflow/example_dags/example_skip_dag.py for tasks to queue
[2022-10-06 23:46:43,092] {logging_mixin.py:115} INFO - [2022-10-06 23:46:43,092] {dagbag.py:507} INFO - Filling up the DagBag from /home/airflow/.local/lib/python3.7/site-packages/airflow/example_dags/example_skip_dag.py
[2022-10-06 23:46:43,099] {processor.py:651} INFO - DAG(s) dict_keys(['example_skip_dag']) retrieved from /home/airflow/.local/lib/python3.7/site-packages/airflow/example_dags/example_skip_dag.py
[2022-10-06 23:46:43,131] {logging_mixin.py:115} INFO - [2022-10-06 23:46:43,131] {dag.py:2371} INFO - Sync 1 DAGs
[2022-10-06 23:46:43,153] {logging_mixin.py:115} INFO - [2022-10-06 23:46:43,153] {dag.py:2919} INFO - Setting next_dagrun for example_skip_dag to 2022-10-05T23:46:43.153274+00:00, run_after=2022-10-06T23:46:43.153274+00:00
[2022-10-06 23:46:43,167] {processor.py:161} INFO - Processing /home/airflow/.local/lib/python3.7/site-packages/airflow/example_dags/example_skip_dag.py took 0.082 seconds
[2022-10-06 23:47:13,414] {processor.py:153} INFO - Started process (PID=46029) to work on /home/airflow/.local/lib/python3.7/site-packages/airflow/example_dags/example_skip_dag.py
[2022-10-06 23:47:13,415] {processor.py:641} INFO - Processing file /home/airflow/.local/lib/python3.7/site-packages/airflow/example_dags/example_skip_dag.py for tasks to queue
[2022-10-06 23:47:13,417] {logging_mixin.py:115} INFO - [2022-10-06 23:47:13,417] {dagbag.py:507} INFO - Filling up the DagBag from /home/airflow/.local/lib/python3.7/site-packages/airflow/example_dags/example_skip_dag.py
[2022-10-06 23:47:13,423] {processor.py:651} INFO - DAG(s) dict_keys(['example_skip_dag']) retrieved from /home/airflow/.local/lib/python3.7/site-packages/airflow/example_dags/example_skip_dag.py
[2022-10-06 23:47:13,453] {logging_mixin.py:115} INFO - [2022-10-06 23:47:13,453] {dag.py:2371} INFO - Sync 1 DAGs
[2022-10-06 23:47:13,474] {logging_mixin.py:115} INFO - [2022-10-06 23:47:13,474] {dag.py:2919} INFO - Setting next_dagrun for example_skip_dag to 2022-10-05T23:47:13.473662+00:00, run_after=2022-10-06T23:47:13.473662+00:00
[2022-10-06 23:47:13,485] {processor.py:161} INFO - Processing /home/airflow/.local/lib/python3.7/site-packages/airflow/example_dags/example_skip_dag.py took 0.075 seconds
[2022-10-06 23:47:43,981] {processor.py:153} INFO - Started process (PID=46106) to work on /home/airflow/.local/lib/python3.7/site-packages/airflow/example_dags/example_skip_dag.py
[2022-10-06 23:47:43,982] {processor.py:641} INFO - Processing file /home/airflow/.local/lib/python3.7/site-packages/airflow/example_dags/example_skip_dag.py for tasks to queue
[2022-10-06 23:47:43,983] {logging_mixin.py:115} INFO - [2022-10-06 23:47:43,983] {dagbag.py:507} INFO - Filling up the DagBag from /home/airflow/.local/lib/python3.7/site-packages/airflow/example_dags/example_skip_dag.py
[2022-10-06 23:47:43,990] {processor.py:651} INFO - DAG(s) dict_keys(['example_skip_dag']) retrieved from /home/airflow/.local/lib/python3.7/site-packages/airflow/example_dags/example_skip_dag.py
[2022-10-06 23:47:44,019] {logging_mixin.py:115} INFO - [2022-10-06 23:47:44,019] {dag.py:2371} INFO - Sync 1 DAGs
[2022-10-06 23:47:44,039] {logging_mixin.py:115} INFO - [2022-10-06 23:47:44,039] {dag.py:2919} INFO - Setting next_dagrun for example_skip_dag to 2022-10-05T23:47:44.039223+00:00, run_after=2022-10-06T23:47:44.039223+00:00
[2022-10-06 23:47:44,051] {processor.py:161} INFO - Processing /home/airflow/.local/lib/python3.7/site-packages/airflow/example_dags/example_skip_dag.py took 0.073 seconds
[2022-10-06 23:48:14,912] {processor.py:153} INFO - Started process (PID=46184) to work on /home/airflow/.local/lib/python3.7/site-packages/airflow/example_dags/example_skip_dag.py
[2022-10-06 23:48:14,914] {processor.py:641} INFO - Processing file /home/airflow/.local/lib/python3.7/site-packages/airflow/example_dags/example_skip_dag.py for tasks to queue
[2022-10-06 23:48:14,915] {logging_mixin.py:115} INFO - [2022-10-06 23:48:14,915] {dagbag.py:507} INFO - Filling up the DagBag from /home/airflow/.local/lib/python3.7/site-packages/airflow/example_dags/example_skip_dag.py
[2022-10-06 23:48:14,921] {processor.py:651} INFO - DAG(s) dict_keys(['example_skip_dag']) retrieved from /home/airflow/.local/lib/python3.7/site-packages/airflow/example_dags/example_skip_dag.py
[2022-10-06 23:48:14,952] {logging_mixin.py:115} INFO - [2022-10-06 23:48:14,952] {dag.py:2371} INFO - Sync 1 DAGs
[2022-10-06 23:48:14,973] {logging_mixin.py:115} INFO - [2022-10-06 23:48:14,973] {dag.py:2919} INFO - Setting next_dagrun for example_skip_dag to 2022-10-05T23:48:14.973511+00:00, run_after=2022-10-06T23:48:14.973511+00:00
[2022-10-06 23:48:14,985] {processor.py:161} INFO - Processing /home/airflow/.local/lib/python3.7/site-packages/airflow/example_dags/example_skip_dag.py took 0.077 seconds
[2022-10-06 23:48:45,356] {processor.py:153} INFO - Started process (PID=46252) to work on /home/airflow/.local/lib/python3.7/site-packages/airflow/example_dags/example_skip_dag.py
[2022-10-06 23:48:45,358] {processor.py:641} INFO - Processing file /home/airflow/.local/lib/python3.7/site-packages/airflow/example_dags/example_skip_dag.py for tasks to queue
[2022-10-06 23:48:45,359] {logging_mixin.py:115} INFO - [2022-10-06 23:48:45,359] {dagbag.py:507} INFO - Filling up the DagBag from /home/airflow/.local/lib/python3.7/site-packages/airflow/example_dags/example_skip_dag.py
[2022-10-06 23:48:45,366] {processor.py:651} INFO - DAG(s) dict_keys(['example_skip_dag']) retrieved from /home/airflow/.local/lib/python3.7/site-packages/airflow/example_dags/example_skip_dag.py
[2022-10-06 23:48:45,397] {logging_mixin.py:115} INFO - [2022-10-06 23:48:45,396] {dag.py:2371} INFO - Sync 1 DAGs
[2022-10-06 23:48:45,418] {logging_mixin.py:115} INFO - [2022-10-06 23:48:45,418] {dag.py:2919} INFO - Setting next_dagrun for example_skip_dag to 2022-10-05T23:48:45.418295+00:00, run_after=2022-10-06T23:48:45.418295+00:00
[2022-10-06 23:48:45,433] {processor.py:161} INFO - Processing /home/airflow/.local/lib/python3.7/site-packages/airflow/example_dags/example_skip_dag.py took 0.082 seconds
[2022-10-06 23:49:15,881] {processor.py:153} INFO - Started process (PID=46329) to work on /home/airflow/.local/lib/python3.7/site-packages/airflow/example_dags/example_skip_dag.py
[2022-10-06 23:49:15,883] {processor.py:641} INFO - Processing file /home/airflow/.local/lib/python3.7/site-packages/airflow/example_dags/example_skip_dag.py for tasks to queue
[2022-10-06 23:49:15,884] {logging_mixin.py:115} INFO - [2022-10-06 23:49:15,884] {dagbag.py:507} INFO - Filling up the DagBag from /home/airflow/.local/lib/python3.7/site-packages/airflow/example_dags/example_skip_dag.py
[2022-10-06 23:49:15,891] {processor.py:651} INFO - DAG(s) dict_keys(['example_skip_dag']) retrieved from /home/airflow/.local/lib/python3.7/site-packages/airflow/example_dags/example_skip_dag.py
[2022-10-06 23:49:15,925] {logging_mixin.py:115} INFO - [2022-10-06 23:49:15,925] {dag.py:2371} INFO - Sync 1 DAGs
[2022-10-06 23:49:15,950] {logging_mixin.py:115} INFO - [2022-10-06 23:49:15,950] {dag.py:2919} INFO - Setting next_dagrun for example_skip_dag to 2022-10-05T23:49:15.950349+00:00, run_after=2022-10-06T23:49:15.950349+00:00
[2022-10-06 23:49:15,968] {processor.py:161} INFO - Processing /home/airflow/.local/lib/python3.7/site-packages/airflow/example_dags/example_skip_dag.py took 0.090 seconds
[2022-10-06 23:49:46,466] {processor.py:153} INFO - Started process (PID=46406) to work on /home/airflow/.local/lib/python3.7/site-packages/airflow/example_dags/example_skip_dag.py
[2022-10-06 23:49:46,467] {processor.py:641} INFO - Processing file /home/airflow/.local/lib/python3.7/site-packages/airflow/example_dags/example_skip_dag.py for tasks to queue
[2022-10-06 23:49:46,468] {logging_mixin.py:115} INFO - [2022-10-06 23:49:46,468] {dagbag.py:507} INFO - Filling up the DagBag from /home/airflow/.local/lib/python3.7/site-packages/airflow/example_dags/example_skip_dag.py
[2022-10-06 23:49:46,475] {processor.py:651} INFO - DAG(s) dict_keys(['example_skip_dag']) retrieved from /home/airflow/.local/lib/python3.7/site-packages/airflow/example_dags/example_skip_dag.py
[2022-10-06 23:49:46,506] {logging_mixin.py:115} INFO - [2022-10-06 23:49:46,505] {dag.py:2371} INFO - Sync 1 DAGs
[2022-10-06 23:49:46,529] {logging_mixin.py:115} INFO - [2022-10-06 23:49:46,529] {dag.py:2919} INFO - Setting next_dagrun for example_skip_dag to 2022-10-05T23:49:46.529128+00:00, run_after=2022-10-06T23:49:46.529128+00:00
[2022-10-06 23:49:46,542] {processor.py:161} INFO - Processing /home/airflow/.local/lib/python3.7/site-packages/airflow/example_dags/example_skip_dag.py took 0.081 seconds
[2022-10-06 23:50:16,962] {processor.py:153} INFO - Started process (PID=46481) to work on /home/airflow/.local/lib/python3.7/site-packages/airflow/example_dags/example_skip_dag.py
[2022-10-06 23:50:16,964] {processor.py:641} INFO - Processing file /home/airflow/.local/lib/python3.7/site-packages/airflow/example_dags/example_skip_dag.py for tasks to queue
[2022-10-06 23:50:16,965] {logging_mixin.py:115} INFO - [2022-10-06 23:50:16,965] {dagbag.py:507} INFO - Filling up the DagBag from /home/airflow/.local/lib/python3.7/site-packages/airflow/example_dags/example_skip_dag.py
[2022-10-06 23:50:16,972] {processor.py:651} INFO - DAG(s) dict_keys(['example_skip_dag']) retrieved from /home/airflow/.local/lib/python3.7/site-packages/airflow/example_dags/example_skip_dag.py
[2022-10-06 23:50:17,019] {logging_mixin.py:115} INFO - [2022-10-06 23:50:17,019] {dag.py:2371} INFO - Sync 1 DAGs
[2022-10-06 23:50:17,059] {logging_mixin.py:115} INFO - [2022-10-06 23:50:17,058] {dag.py:2919} INFO - Setting next_dagrun for example_skip_dag to 2022-10-05T23:50:17.057922+00:00, run_after=2022-10-06T23:50:17.057922+00:00
[2022-10-06 23:50:17,092] {processor.py:161} INFO - Processing /home/airflow/.local/lib/python3.7/site-packages/airflow/example_dags/example_skip_dag.py took 0.134 seconds
[2022-10-06 23:50:47,526] {processor.py:153} INFO - Started process (PID=46551) to work on /home/airflow/.local/lib/python3.7/site-packages/airflow/example_dags/example_skip_dag.py
[2022-10-06 23:50:47,532] {processor.py:641} INFO - Processing file /home/airflow/.local/lib/python3.7/site-packages/airflow/example_dags/example_skip_dag.py for tasks to queue
[2022-10-06 23:50:47,533] {logging_mixin.py:115} INFO - [2022-10-06 23:50:47,533] {dagbag.py:507} INFO - Filling up the DagBag from /home/airflow/.local/lib/python3.7/site-packages/airflow/example_dags/example_skip_dag.py
[2022-10-06 23:50:47,542] {processor.py:651} INFO - DAG(s) dict_keys(['example_skip_dag']) retrieved from /home/airflow/.local/lib/python3.7/site-packages/airflow/example_dags/example_skip_dag.py
[2022-10-06 23:50:47,577] {logging_mixin.py:115} INFO - [2022-10-06 23:50:47,577] {dag.py:2371} INFO - Sync 1 DAGs
[2022-10-06 23:50:47,604] {logging_mixin.py:115} INFO - [2022-10-06 23:50:47,604] {dag.py:2919} INFO - Setting next_dagrun for example_skip_dag to 2022-10-05T23:50:47.604021+00:00, run_after=2022-10-06T23:50:47.604021+00:00
[2022-10-06 23:50:47,622] {processor.py:161} INFO - Processing /home/airflow/.local/lib/python3.7/site-packages/airflow/example_dags/example_skip_dag.py took 0.101 seconds
[2022-10-06 23:51:18,117] {processor.py:153} INFO - Started process (PID=46628) to work on /home/airflow/.local/lib/python3.7/site-packages/airflow/example_dags/example_skip_dag.py
[2022-10-06 23:51:18,120] {processor.py:641} INFO - Processing file /home/airflow/.local/lib/python3.7/site-packages/airflow/example_dags/example_skip_dag.py for tasks to queue
[2022-10-06 23:51:18,123] {logging_mixin.py:115} INFO - [2022-10-06 23:51:18,122] {dagbag.py:507} INFO - Filling up the DagBag from /home/airflow/.local/lib/python3.7/site-packages/airflow/example_dags/example_skip_dag.py
[2022-10-06 23:51:18,135] {processor.py:651} INFO - DAG(s) dict_keys(['example_skip_dag']) retrieved from /home/airflow/.local/lib/python3.7/site-packages/airflow/example_dags/example_skip_dag.py
[2022-10-06 23:51:18,182] {logging_mixin.py:115} INFO - [2022-10-06 23:51:18,182] {dag.py:2371} INFO - Sync 1 DAGs
[2022-10-06 23:51:18,214] {logging_mixin.py:115} INFO - [2022-10-06 23:51:18,214] {dag.py:2919} INFO - Setting next_dagrun for example_skip_dag to 2022-10-05T23:51:18.214216+00:00, run_after=2022-10-06T23:51:18.214216+00:00
[2022-10-06 23:51:18,234] {processor.py:161} INFO - Processing /home/airflow/.local/lib/python3.7/site-packages/airflow/example_dags/example_skip_dag.py took 0.122 seconds
[2022-10-06 23:51:49,049] {processor.py:153} INFO - Started process (PID=46704) to work on /home/airflow/.local/lib/python3.7/site-packages/airflow/example_dags/example_skip_dag.py
[2022-10-06 23:51:49,051] {processor.py:641} INFO - Processing file /home/airflow/.local/lib/python3.7/site-packages/airflow/example_dags/example_skip_dag.py for tasks to queue
[2022-10-06 23:51:49,052] {logging_mixin.py:115} INFO - [2022-10-06 23:51:49,052] {dagbag.py:507} INFO - Filling up the DagBag from /home/airflow/.local/lib/python3.7/site-packages/airflow/example_dags/example_skip_dag.py
[2022-10-06 23:51:49,059] {processor.py:651} INFO - DAG(s) dict_keys(['example_skip_dag']) retrieved from /home/airflow/.local/lib/python3.7/site-packages/airflow/example_dags/example_skip_dag.py
[2022-10-06 23:51:49,092] {logging_mixin.py:115} INFO - [2022-10-06 23:51:49,091] {dag.py:2371} INFO - Sync 1 DAGs
[2022-10-06 23:51:49,114] {logging_mixin.py:115} INFO - [2022-10-06 23:51:49,114] {dag.py:2919} INFO - Setting next_dagrun for example_skip_dag to 2022-10-05T23:51:49.114201+00:00, run_after=2022-10-06T23:51:49.114201+00:00
[2022-10-06 23:51:49,127] {processor.py:161} INFO - Processing /home/airflow/.local/lib/python3.7/site-packages/airflow/example_dags/example_skip_dag.py took 0.082 seconds
[2022-10-06 23:52:19,882] {processor.py:153} INFO - Started process (PID=46772) to work on /home/airflow/.local/lib/python3.7/site-packages/airflow/example_dags/example_skip_dag.py
[2022-10-06 23:52:19,884] {processor.py:641} INFO - Processing file /home/airflow/.local/lib/python3.7/site-packages/airflow/example_dags/example_skip_dag.py for tasks to queue
[2022-10-06 23:52:19,886] {logging_mixin.py:115} INFO - [2022-10-06 23:52:19,886] {dagbag.py:507} INFO - Filling up the DagBag from /home/airflow/.local/lib/python3.7/site-packages/airflow/example_dags/example_skip_dag.py
[2022-10-06 23:52:19,893] {processor.py:651} INFO - DAG(s) dict_keys(['example_skip_dag']) retrieved from /home/airflow/.local/lib/python3.7/site-packages/airflow/example_dags/example_skip_dag.py
[2022-10-06 23:52:19,955] {logging_mixin.py:115} INFO - [2022-10-06 23:52:19,955] {dag.py:2371} INFO - Sync 1 DAGs
[2022-10-06 23:52:19,987] {logging_mixin.py:115} INFO - [2022-10-06 23:52:19,987] {dag.py:2919} INFO - Setting next_dagrun for example_skip_dag to 2022-10-05T23:52:19.986592+00:00, run_after=2022-10-06T23:52:19.986592+00:00
[2022-10-06 23:52:20,019] {processor.py:161} INFO - Processing /home/airflow/.local/lib/python3.7/site-packages/airflow/example_dags/example_skip_dag.py took 0.140 seconds
[2022-10-06 23:52:50,106] {processor.py:153} INFO - Started process (PID=46850) to work on /home/airflow/.local/lib/python3.7/site-packages/airflow/example_dags/example_skip_dag.py
[2022-10-06 23:52:50,109] {processor.py:641} INFO - Processing file /home/airflow/.local/lib/python3.7/site-packages/airflow/example_dags/example_skip_dag.py for tasks to queue
[2022-10-06 23:52:50,112] {logging_mixin.py:115} INFO - [2022-10-06 23:52:50,111] {dagbag.py:507} INFO - Filling up the DagBag from /home/airflow/.local/lib/python3.7/site-packages/airflow/example_dags/example_skip_dag.py
[2022-10-06 23:52:50,124] {processor.py:651} INFO - DAG(s) dict_keys(['example_skip_dag']) retrieved from /home/airflow/.local/lib/python3.7/site-packages/airflow/example_dags/example_skip_dag.py
[2022-10-06 23:52:50,165] {logging_mixin.py:115} INFO - [2022-10-06 23:52:50,165] {dag.py:2371} INFO - Sync 1 DAGs
[2022-10-06 23:52:50,193] {logging_mixin.py:115} INFO - [2022-10-06 23:52:50,192] {dag.py:2919} INFO - Setting next_dagrun for example_skip_dag to 2022-10-05T23:52:50.192655+00:00, run_after=2022-10-06T23:52:50.192655+00:00
[2022-10-06 23:52:50,205] {processor.py:161} INFO - Processing /home/airflow/.local/lib/python3.7/site-packages/airflow/example_dags/example_skip_dag.py took 0.105 seconds
[2022-10-06 23:53:21,072] {processor.py:153} INFO - Started process (PID=46927) to work on /home/airflow/.local/lib/python3.7/site-packages/airflow/example_dags/example_skip_dag.py
[2022-10-06 23:53:21,074] {processor.py:641} INFO - Processing file /home/airflow/.local/lib/python3.7/site-packages/airflow/example_dags/example_skip_dag.py for tasks to queue
[2022-10-06 23:53:21,076] {logging_mixin.py:115} INFO - [2022-10-06 23:53:21,075] {dagbag.py:507} INFO - Filling up the DagBag from /home/airflow/.local/lib/python3.7/site-packages/airflow/example_dags/example_skip_dag.py
[2022-10-06 23:53:21,088] {processor.py:651} INFO - DAG(s) dict_keys(['example_skip_dag']) retrieved from /home/airflow/.local/lib/python3.7/site-packages/airflow/example_dags/example_skip_dag.py
[2022-10-06 23:53:21,124] {logging_mixin.py:115} INFO - [2022-10-06 23:53:21,124] {dag.py:2371} INFO - Sync 1 DAGs
[2022-10-06 23:53:21,146] {logging_mixin.py:115} INFO - [2022-10-06 23:53:21,146] {dag.py:2919} INFO - Setting next_dagrun for example_skip_dag to 2022-10-05T23:53:21.146251+00:00, run_after=2022-10-06T23:53:21.146251+00:00
[2022-10-06 23:53:21,160] {processor.py:161} INFO - Processing /home/airflow/.local/lib/python3.7/site-packages/airflow/example_dags/example_skip_dag.py took 0.094 seconds
[2022-10-06 23:53:51,290] {processor.py:153} INFO - Started process (PID=46993) to work on /home/airflow/.local/lib/python3.7/site-packages/airflow/example_dags/example_skip_dag.py
[2022-10-06 23:53:51,293] {processor.py:641} INFO - Processing file /home/airflow/.local/lib/python3.7/site-packages/airflow/example_dags/example_skip_dag.py for tasks to queue
[2022-10-06 23:53:51,295] {logging_mixin.py:115} INFO - [2022-10-06 23:53:51,295] {dagbag.py:507} INFO - Filling up the DagBag from /home/airflow/.local/lib/python3.7/site-packages/airflow/example_dags/example_skip_dag.py
[2022-10-06 23:53:51,308] {processor.py:651} INFO - DAG(s) dict_keys(['example_skip_dag']) retrieved from /home/airflow/.local/lib/python3.7/site-packages/airflow/example_dags/example_skip_dag.py
[2022-10-06 23:53:51,362] {logging_mixin.py:115} INFO - [2022-10-06 23:53:51,362] {dag.py:2371} INFO - Sync 1 DAGs
[2022-10-06 23:53:51,394] {logging_mixin.py:115} INFO - [2022-10-06 23:53:51,393] {dag.py:2919} INFO - Setting next_dagrun for example_skip_dag to 2022-10-05T23:53:51.393219+00:00, run_after=2022-10-06T23:53:51.393219+00:00
[2022-10-06 23:53:51,419] {processor.py:161} INFO - Processing /home/airflow/.local/lib/python3.7/site-packages/airflow/example_dags/example_skip_dag.py took 0.138 seconds
