[2022-10-06 04:58:14,766] {processor.py:153} INFO - Started process (PID=44941) to work on /home/airflow/.local/lib/python3.7/site-packages/airflow/example_dags/example_bash_operator.py
[2022-10-06 04:58:14,768] {processor.py:641} INFO - Processing file /home/airflow/.local/lib/python3.7/site-packages/airflow/example_dags/example_bash_operator.py for tasks to queue
[2022-10-06 04:58:14,769] {logging_mixin.py:115} INFO - [2022-10-06 04:58:14,769] {dagbag.py:507} INFO - Filling up the DagBag from /home/airflow/.local/lib/python3.7/site-packages/airflow/example_dags/example_bash_operator.py
[2022-10-06 04:58:14,792] {processor.py:651} INFO - DAG(s) dict_keys(['example_bash_operator']) retrieved from /home/airflow/.local/lib/python3.7/site-packages/airflow/example_dags/example_bash_operator.py
[2022-10-06 04:58:14,823] {logging_mixin.py:115} INFO - [2022-10-06 04:58:14,823] {dag.py:2371} INFO - Sync 1 DAGs
[2022-10-06 04:58:14,846] {logging_mixin.py:115} INFO - [2022-10-06 04:58:14,846] {dag.py:2919} INFO - Setting next_dagrun for example_bash_operator to 2022-10-05T00:00:00+00:00, run_after=2022-10-06T00:00:00+00:00
[2022-10-06 04:58:14,858] {processor.py:161} INFO - Processing /home/airflow/.local/lib/python3.7/site-packages/airflow/example_dags/example_bash_operator.py took 0.096 seconds
[2022-10-06 12:13:20,967] {processor.py:153} INFO - Started process (PID=45009) to work on /home/airflow/.local/lib/python3.7/site-packages/airflow/example_dags/example_bash_operator.py
[2022-10-06 12:13:20,968] {processor.py:641} INFO - Processing file /home/airflow/.local/lib/python3.7/site-packages/airflow/example_dags/example_bash_operator.py for tasks to queue
[2022-10-06 12:13:20,970] {logging_mixin.py:115} INFO - [2022-10-06 12:13:20,970] {dagbag.py:507} INFO - Filling up the DagBag from /home/airflow/.local/lib/python3.7/site-packages/airflow/example_dags/example_bash_operator.py
[2022-10-06 12:13:20,984] {processor.py:651} INFO - DAG(s) dict_keys(['example_bash_operator']) retrieved from /home/airflow/.local/lib/python3.7/site-packages/airflow/example_dags/example_bash_operator.py
[2022-10-06 12:13:21,014] {logging_mixin.py:115} INFO - [2022-10-06 12:13:21,014] {dag.py:2371} INFO - Sync 1 DAGs
[2022-10-06 12:13:21,038] {logging_mixin.py:115} INFO - [2022-10-06 12:13:21,038] {dag.py:2919} INFO - Setting next_dagrun for example_bash_operator to 2022-10-05T00:00:00+00:00, run_after=2022-10-06T00:00:00+00:00
[2022-10-06 12:13:21,051] {processor.py:161} INFO - Processing /home/airflow/.local/lib/python3.7/site-packages/airflow/example_dags/example_bash_operator.py took 0.088 seconds
[2022-10-06 12:13:51,280] {processor.py:153} INFO - Started process (PID=45086) to work on /home/airflow/.local/lib/python3.7/site-packages/airflow/example_dags/example_bash_operator.py
[2022-10-06 12:13:51,281] {processor.py:641} INFO - Processing file /home/airflow/.local/lib/python3.7/site-packages/airflow/example_dags/example_bash_operator.py for tasks to queue
[2022-10-06 12:13:51,282] {logging_mixin.py:115} INFO - [2022-10-06 12:13:51,282] {dagbag.py:507} INFO - Filling up the DagBag from /home/airflow/.local/lib/python3.7/site-packages/airflow/example_dags/example_bash_operator.py
[2022-10-06 12:13:51,296] {processor.py:651} INFO - DAG(s) dict_keys(['example_bash_operator']) retrieved from /home/airflow/.local/lib/python3.7/site-packages/airflow/example_dags/example_bash_operator.py
[2022-10-06 12:13:51,325] {logging_mixin.py:115} INFO - [2022-10-06 12:13:51,324] {dag.py:2371} INFO - Sync 1 DAGs
[2022-10-06 12:13:51,347] {logging_mixin.py:115} INFO - [2022-10-06 12:13:51,347] {dag.py:2919} INFO - Setting next_dagrun for example_bash_operator to 2022-10-05T00:00:00+00:00, run_after=2022-10-06T00:00:00+00:00
[2022-10-06 12:13:51,359] {processor.py:161} INFO - Processing /home/airflow/.local/lib/python3.7/site-packages/airflow/example_dags/example_bash_operator.py took 0.083 seconds
[2022-10-06 17:15:20,377] {processor.py:153} INFO - Started process (PID=45154) to work on /home/airflow/.local/lib/python3.7/site-packages/airflow/example_dags/example_bash_operator.py
[2022-10-06 17:15:20,379] {processor.py:641} INFO - Processing file /home/airflow/.local/lib/python3.7/site-packages/airflow/example_dags/example_bash_operator.py for tasks to queue
[2022-10-06 17:15:20,380] {logging_mixin.py:115} INFO - [2022-10-06 17:15:20,380] {dagbag.py:507} INFO - Filling up the DagBag from /home/airflow/.local/lib/python3.7/site-packages/airflow/example_dags/example_bash_operator.py
[2022-10-06 17:15:20,394] {processor.py:651} INFO - DAG(s) dict_keys(['example_bash_operator']) retrieved from /home/airflow/.local/lib/python3.7/site-packages/airflow/example_dags/example_bash_operator.py
[2022-10-06 17:15:20,424] {logging_mixin.py:115} INFO - [2022-10-06 17:15:20,424] {dag.py:2371} INFO - Sync 1 DAGs
[2022-10-06 17:15:20,447] {logging_mixin.py:115} INFO - [2022-10-06 17:15:20,447] {dag.py:2919} INFO - Setting next_dagrun for example_bash_operator to 2022-10-05T00:00:00+00:00, run_after=2022-10-06T00:00:00+00:00
[2022-10-06 17:15:20,461] {processor.py:161} INFO - Processing /home/airflow/.local/lib/python3.7/site-packages/airflow/example_dags/example_bash_operator.py took 0.087 seconds
[2022-10-06 17:15:59,576] {processor.py:153} INFO - Started process (PID=45223) to work on /home/airflow/.local/lib/python3.7/site-packages/airflow/example_dags/example_bash_operator.py
[2022-10-06 17:15:59,581] {processor.py:641} INFO - Processing file /home/airflow/.local/lib/python3.7/site-packages/airflow/example_dags/example_bash_operator.py for tasks to queue
[2022-10-06 17:15:59,587] {logging_mixin.py:115} INFO - [2022-10-06 17:15:59,586] {dagbag.py:507} INFO - Filling up the DagBag from /home/airflow/.local/lib/python3.7/site-packages/airflow/example_dags/example_bash_operator.py
[2022-10-06 17:15:59,651] {processor.py:651} INFO - DAG(s) dict_keys(['example_bash_operator']) retrieved from /home/airflow/.local/lib/python3.7/site-packages/airflow/example_dags/example_bash_operator.py
[2022-10-06 17:15:59,810] {logging_mixin.py:115} INFO - [2022-10-06 17:15:59,809] {dag.py:2371} INFO - Sync 1 DAGs
[2022-10-06 17:15:59,931] {logging_mixin.py:115} INFO - [2022-10-06 17:15:59,930] {dag.py:2919} INFO - Setting next_dagrun for example_bash_operator to 2022-10-05T00:00:00+00:00, run_after=2022-10-06T00:00:00+00:00
[2022-10-06 17:15:59,982] {processor.py:161} INFO - Processing /home/airflow/.local/lib/python3.7/site-packages/airflow/example_dags/example_bash_operator.py took 0.426 seconds
[2022-10-06 23:42:02,890] {processor.py:153} INFO - Started process (PID=45291) to work on /home/airflow/.local/lib/python3.7/site-packages/airflow/example_dags/example_bash_operator.py
[2022-10-06 23:42:02,892] {processor.py:641} INFO - Processing file /home/airflow/.local/lib/python3.7/site-packages/airflow/example_dags/example_bash_operator.py for tasks to queue
[2022-10-06 23:42:02,894] {logging_mixin.py:115} INFO - [2022-10-06 23:42:02,894] {dagbag.py:507} INFO - Filling up the DagBag from /home/airflow/.local/lib/python3.7/site-packages/airflow/example_dags/example_bash_operator.py
[2022-10-06 23:42:02,910] {processor.py:651} INFO - DAG(s) dict_keys(['example_bash_operator']) retrieved from /home/airflow/.local/lib/python3.7/site-packages/airflow/example_dags/example_bash_operator.py
[2022-10-06 23:42:02,954] {logging_mixin.py:115} INFO - [2022-10-06 23:42:02,954] {dag.py:2371} INFO - Sync 1 DAGs
[2022-10-06 23:42:02,989] {logging_mixin.py:115} INFO - [2022-10-06 23:42:02,989] {dag.py:2919} INFO - Setting next_dagrun for example_bash_operator to 2022-10-05T00:00:00+00:00, run_after=2022-10-06T00:00:00+00:00
[2022-10-06 23:42:03,008] {processor.py:161} INFO - Processing /home/airflow/.local/lib/python3.7/site-packages/airflow/example_dags/example_bash_operator.py took 0.123 seconds
[2022-10-06 23:42:33,245] {processor.py:153} INFO - Started process (PID=45359) to work on /home/airflow/.local/lib/python3.7/site-packages/airflow/example_dags/example_bash_operator.py
[2022-10-06 23:42:33,246] {processor.py:641} INFO - Processing file /home/airflow/.local/lib/python3.7/site-packages/airflow/example_dags/example_bash_operator.py for tasks to queue
[2022-10-06 23:42:33,247] {logging_mixin.py:115} INFO - [2022-10-06 23:42:33,247] {dagbag.py:507} INFO - Filling up the DagBag from /home/airflow/.local/lib/python3.7/site-packages/airflow/example_dags/example_bash_operator.py
[2022-10-06 23:42:33,259] {processor.py:651} INFO - DAG(s) dict_keys(['example_bash_operator']) retrieved from /home/airflow/.local/lib/python3.7/site-packages/airflow/example_dags/example_bash_operator.py
[2022-10-06 23:42:33,291] {logging_mixin.py:115} INFO - [2022-10-06 23:42:33,290] {dag.py:2371} INFO - Sync 1 DAGs
[2022-10-06 23:42:33,316] {logging_mixin.py:115} INFO - [2022-10-06 23:42:33,316] {dag.py:2919} INFO - Setting next_dagrun for example_bash_operator to 2022-10-05T00:00:00+00:00, run_after=2022-10-06T00:00:00+00:00
[2022-10-06 23:42:33,329] {processor.py:161} INFO - Processing /home/airflow/.local/lib/python3.7/site-packages/airflow/example_dags/example_bash_operator.py took 0.088 seconds
[2022-10-06 23:43:03,896] {processor.py:153} INFO - Started process (PID=45436) to work on /home/airflow/.local/lib/python3.7/site-packages/airflow/example_dags/example_bash_operator.py
[2022-10-06 23:43:03,898] {processor.py:641} INFO - Processing file /home/airflow/.local/lib/python3.7/site-packages/airflow/example_dags/example_bash_operator.py for tasks to queue
[2022-10-06 23:43:03,899] {logging_mixin.py:115} INFO - [2022-10-06 23:43:03,899] {dagbag.py:507} INFO - Filling up the DagBag from /home/airflow/.local/lib/python3.7/site-packages/airflow/example_dags/example_bash_operator.py
[2022-10-06 23:43:03,916] {processor.py:651} INFO - DAG(s) dict_keys(['example_bash_operator']) retrieved from /home/airflow/.local/lib/python3.7/site-packages/airflow/example_dags/example_bash_operator.py
[2022-10-06 23:43:03,947] {logging_mixin.py:115} INFO - [2022-10-06 23:43:03,947] {dag.py:2371} INFO - Sync 1 DAGs
[2022-10-06 23:43:03,975] {logging_mixin.py:115} INFO - [2022-10-06 23:43:03,975] {dag.py:2919} INFO - Setting next_dagrun for example_bash_operator to 2022-10-05T00:00:00+00:00, run_after=2022-10-06T00:00:00+00:00
[2022-10-06 23:43:03,987] {processor.py:161} INFO - Processing /home/airflow/.local/lib/python3.7/site-packages/airflow/example_dags/example_bash_operator.py took 0.094 seconds
[2022-10-06 23:43:34,789] {processor.py:153} INFO - Started process (PID=45513) to work on /home/airflow/.local/lib/python3.7/site-packages/airflow/example_dags/example_bash_operator.py
[2022-10-06 23:43:34,790] {processor.py:641} INFO - Processing file /home/airflow/.local/lib/python3.7/site-packages/airflow/example_dags/example_bash_operator.py for tasks to queue
[2022-10-06 23:43:34,791] {logging_mixin.py:115} INFO - [2022-10-06 23:43:34,791] {dagbag.py:507} INFO - Filling up the DagBag from /home/airflow/.local/lib/python3.7/site-packages/airflow/example_dags/example_bash_operator.py
[2022-10-06 23:43:34,804] {processor.py:651} INFO - DAG(s) dict_keys(['example_bash_operator']) retrieved from /home/airflow/.local/lib/python3.7/site-packages/airflow/example_dags/example_bash_operator.py
[2022-10-06 23:43:34,835] {logging_mixin.py:115} INFO - [2022-10-06 23:43:34,834] {dag.py:2371} INFO - Sync 1 DAGs
[2022-10-06 23:43:34,860] {logging_mixin.py:115} INFO - [2022-10-06 23:43:34,860] {dag.py:2919} INFO - Setting next_dagrun for example_bash_operator to 2022-10-05T00:00:00+00:00, run_after=2022-10-06T00:00:00+00:00
[2022-10-06 23:43:34,877] {processor.py:161} INFO - Processing /home/airflow/.local/lib/python3.7/site-packages/airflow/example_dags/example_bash_operator.py took 0.092 seconds
[2022-10-06 23:44:06,154] {processor.py:153} INFO - Started process (PID=45581) to work on /home/airflow/.local/lib/python3.7/site-packages/airflow/example_dags/example_bash_operator.py
[2022-10-06 23:44:06,155] {processor.py:641} INFO - Processing file /home/airflow/.local/lib/python3.7/site-packages/airflow/example_dags/example_bash_operator.py for tasks to queue
[2022-10-06 23:44:06,157] {logging_mixin.py:115} INFO - [2022-10-06 23:44:06,157] {dagbag.py:507} INFO - Filling up the DagBag from /home/airflow/.local/lib/python3.7/site-packages/airflow/example_dags/example_bash_operator.py
[2022-10-06 23:44:06,174] {processor.py:651} INFO - DAG(s) dict_keys(['example_bash_operator']) retrieved from /home/airflow/.local/lib/python3.7/site-packages/airflow/example_dags/example_bash_operator.py
[2022-10-06 23:44:06,205] {logging_mixin.py:115} INFO - [2022-10-06 23:44:06,205] {dag.py:2371} INFO - Sync 1 DAGs
[2022-10-06 23:44:06,240] {logging_mixin.py:115} INFO - [2022-10-06 23:44:06,240] {dag.py:2919} INFO - Setting next_dagrun for example_bash_operator to 2022-10-05T00:00:00+00:00, run_after=2022-10-06T00:00:00+00:00
[2022-10-06 23:44:06,253] {processor.py:161} INFO - Processing /home/airflow/.local/lib/python3.7/site-packages/airflow/example_dags/example_bash_operator.py took 0.105 seconds
[2022-10-06 23:44:37,230] {processor.py:153} INFO - Started process (PID=45658) to work on /home/airflow/.local/lib/python3.7/site-packages/airflow/example_dags/example_bash_operator.py
[2022-10-06 23:44:37,231] {processor.py:641} INFO - Processing file /home/airflow/.local/lib/python3.7/site-packages/airflow/example_dags/example_bash_operator.py for tasks to queue
[2022-10-06 23:44:37,232] {logging_mixin.py:115} INFO - [2022-10-06 23:44:37,232] {dagbag.py:507} INFO - Filling up the DagBag from /home/airflow/.local/lib/python3.7/site-packages/airflow/example_dags/example_bash_operator.py
[2022-10-06 23:44:37,245] {processor.py:651} INFO - DAG(s) dict_keys(['example_bash_operator']) retrieved from /home/airflow/.local/lib/python3.7/site-packages/airflow/example_dags/example_bash_operator.py
[2022-10-06 23:44:37,275] {logging_mixin.py:115} INFO - [2022-10-06 23:44:37,274] {dag.py:2371} INFO - Sync 1 DAGs
[2022-10-06 23:44:37,297] {logging_mixin.py:115} INFO - [2022-10-06 23:44:37,297] {dag.py:2919} INFO - Setting next_dagrun for example_bash_operator to 2022-10-05T00:00:00+00:00, run_after=2022-10-06T00:00:00+00:00
[2022-10-06 23:44:37,309] {processor.py:161} INFO - Processing /home/airflow/.local/lib/python3.7/site-packages/airflow/example_dags/example_bash_operator.py took 0.083 seconds
[2022-10-06 23:45:07,803] {processor.py:153} INFO - Started process (PID=45735) to work on /home/airflow/.local/lib/python3.7/site-packages/airflow/example_dags/example_bash_operator.py
[2022-10-06 23:45:07,804] {processor.py:641} INFO - Processing file /home/airflow/.local/lib/python3.7/site-packages/airflow/example_dags/example_bash_operator.py for tasks to queue
[2022-10-06 23:45:07,805] {logging_mixin.py:115} INFO - [2022-10-06 23:45:07,805] {dagbag.py:507} INFO - Filling up the DagBag from /home/airflow/.local/lib/python3.7/site-packages/airflow/example_dags/example_bash_operator.py
[2022-10-06 23:45:07,819] {processor.py:651} INFO - DAG(s) dict_keys(['example_bash_operator']) retrieved from /home/airflow/.local/lib/python3.7/site-packages/airflow/example_dags/example_bash_operator.py
[2022-10-06 23:45:07,852] {logging_mixin.py:115} INFO - [2022-10-06 23:45:07,852] {dag.py:2371} INFO - Sync 1 DAGs
[2022-10-06 23:45:07,876] {logging_mixin.py:115} INFO - [2022-10-06 23:45:07,876] {dag.py:2919} INFO - Setting next_dagrun for example_bash_operator to 2022-10-05T00:00:00+00:00, run_after=2022-10-06T00:00:00+00:00
[2022-10-06 23:45:07,888] {processor.py:161} INFO - Processing /home/airflow/.local/lib/python3.7/site-packages/airflow/example_dags/example_bash_operator.py took 0.089 seconds
[2022-10-06 23:45:40,967] {processor.py:153} INFO - Started process (PID=45812) to work on /home/airflow/.local/lib/python3.7/site-packages/airflow/example_dags/example_bash_operator.py
[2022-10-06 23:45:40,969] {processor.py:641} INFO - Processing file /home/airflow/.local/lib/python3.7/site-packages/airflow/example_dags/example_bash_operator.py for tasks to queue
[2022-10-06 23:45:40,972] {logging_mixin.py:115} INFO - [2022-10-06 23:45:40,972] {dagbag.py:507} INFO - Filling up the DagBag from /home/airflow/.local/lib/python3.7/site-packages/airflow/example_dags/example_bash_operator.py
[2022-10-06 23:45:41,001] {processor.py:651} INFO - DAG(s) dict_keys(['example_bash_operator']) retrieved from /home/airflow/.local/lib/python3.7/site-packages/airflow/example_dags/example_bash_operator.py
[2022-10-06 23:45:41,084] {logging_mixin.py:115} INFO - [2022-10-06 23:45:41,084] {dag.py:2371} INFO - Sync 1 DAGs
[2022-10-06 23:45:41,133] {logging_mixin.py:115} INFO - [2022-10-06 23:45:41,133] {dag.py:2919} INFO - Setting next_dagrun for example_bash_operator to 2022-10-05T00:00:00+00:00, run_after=2022-10-06T00:00:00+00:00
[2022-10-06 23:45:41,174] {processor.py:161} INFO - Processing /home/airflow/.local/lib/python3.7/site-packages/airflow/example_dags/example_bash_operator.py took 0.217 seconds
[2022-10-06 23:46:11,386] {processor.py:153} INFO - Started process (PID=45880) to work on /home/airflow/.local/lib/python3.7/site-packages/airflow/example_dags/example_bash_operator.py
[2022-10-06 23:46:11,387] {processor.py:641} INFO - Processing file /home/airflow/.local/lib/python3.7/site-packages/airflow/example_dags/example_bash_operator.py for tasks to queue
[2022-10-06 23:46:11,389] {logging_mixin.py:115} INFO - [2022-10-06 23:46:11,389] {dagbag.py:507} INFO - Filling up the DagBag from /home/airflow/.local/lib/python3.7/site-packages/airflow/example_dags/example_bash_operator.py
[2022-10-06 23:46:11,407] {processor.py:651} INFO - DAG(s) dict_keys(['example_bash_operator']) retrieved from /home/airflow/.local/lib/python3.7/site-packages/airflow/example_dags/example_bash_operator.py
[2022-10-06 23:46:11,449] {logging_mixin.py:115} INFO - [2022-10-06 23:46:11,449] {dag.py:2371} INFO - Sync 1 DAGs
[2022-10-06 23:46:11,490] {logging_mixin.py:115} INFO - [2022-10-06 23:46:11,489] {dag.py:2919} INFO - Setting next_dagrun for example_bash_operator to 2022-10-05T00:00:00+00:00, run_after=2022-10-06T00:00:00+00:00
[2022-10-06 23:46:11,515] {processor.py:161} INFO - Processing /home/airflow/.local/lib/python3.7/site-packages/airflow/example_dags/example_bash_operator.py took 0.135 seconds
[2022-10-06 23:46:41,945] {processor.py:153} INFO - Started process (PID=45957) to work on /home/airflow/.local/lib/python3.7/site-packages/airflow/example_dags/example_bash_operator.py
[2022-10-06 23:46:41,946] {processor.py:641} INFO - Processing file /home/airflow/.local/lib/python3.7/site-packages/airflow/example_dags/example_bash_operator.py for tasks to queue
[2022-10-06 23:46:41,948] {logging_mixin.py:115} INFO - [2022-10-06 23:46:41,948] {dagbag.py:507} INFO - Filling up the DagBag from /home/airflow/.local/lib/python3.7/site-packages/airflow/example_dags/example_bash_operator.py
[2022-10-06 23:46:41,963] {processor.py:651} INFO - DAG(s) dict_keys(['example_bash_operator']) retrieved from /home/airflow/.local/lib/python3.7/site-packages/airflow/example_dags/example_bash_operator.py
[2022-10-06 23:46:42,001] {logging_mixin.py:115} INFO - [2022-10-06 23:46:42,001] {dag.py:2371} INFO - Sync 1 DAGs
[2022-10-06 23:46:42,031] {logging_mixin.py:115} INFO - [2022-10-06 23:46:42,031] {dag.py:2919} INFO - Setting next_dagrun for example_bash_operator to 2022-10-05T00:00:00+00:00, run_after=2022-10-06T00:00:00+00:00
[2022-10-06 23:46:42,046] {processor.py:161} INFO - Processing /home/airflow/.local/lib/python3.7/site-packages/airflow/example_dags/example_bash_operator.py took 0.105 seconds
[2022-10-06 23:47:12,176] {processor.py:153} INFO - Started process (PID=46025) to work on /home/airflow/.local/lib/python3.7/site-packages/airflow/example_dags/example_bash_operator.py
[2022-10-06 23:47:12,177] {processor.py:641} INFO - Processing file /home/airflow/.local/lib/python3.7/site-packages/airflow/example_dags/example_bash_operator.py for tasks to queue
[2022-10-06 23:47:12,178] {logging_mixin.py:115} INFO - [2022-10-06 23:47:12,178] {dagbag.py:507} INFO - Filling up the DagBag from /home/airflow/.local/lib/python3.7/site-packages/airflow/example_dags/example_bash_operator.py
[2022-10-06 23:47:12,190] {processor.py:651} INFO - DAG(s) dict_keys(['example_bash_operator']) retrieved from /home/airflow/.local/lib/python3.7/site-packages/airflow/example_dags/example_bash_operator.py
[2022-10-06 23:47:12,219] {logging_mixin.py:115} INFO - [2022-10-06 23:47:12,219] {dag.py:2371} INFO - Sync 1 DAGs
[2022-10-06 23:47:12,249] {logging_mixin.py:115} INFO - [2022-10-06 23:47:12,249] {dag.py:2919} INFO - Setting next_dagrun for example_bash_operator to 2022-10-05T00:00:00+00:00, run_after=2022-10-06T00:00:00+00:00
[2022-10-06 23:47:12,263] {processor.py:161} INFO - Processing /home/airflow/.local/lib/python3.7/site-packages/airflow/example_dags/example_bash_operator.py took 0.091 seconds
[2022-10-06 23:47:42,672] {processor.py:153} INFO - Started process (PID=46102) to work on /home/airflow/.local/lib/python3.7/site-packages/airflow/example_dags/example_bash_operator.py
[2022-10-06 23:47:42,673] {processor.py:641} INFO - Processing file /home/airflow/.local/lib/python3.7/site-packages/airflow/example_dags/example_bash_operator.py for tasks to queue
[2022-10-06 23:47:42,674] {logging_mixin.py:115} INFO - [2022-10-06 23:47:42,674] {dagbag.py:507} INFO - Filling up the DagBag from /home/airflow/.local/lib/python3.7/site-packages/airflow/example_dags/example_bash_operator.py
[2022-10-06 23:47:42,686] {processor.py:651} INFO - DAG(s) dict_keys(['example_bash_operator']) retrieved from /home/airflow/.local/lib/python3.7/site-packages/airflow/example_dags/example_bash_operator.py
[2022-10-06 23:47:42,715] {logging_mixin.py:115} INFO - [2022-10-06 23:47:42,715] {dag.py:2371} INFO - Sync 1 DAGs
[2022-10-06 23:47:42,736] {logging_mixin.py:115} INFO - [2022-10-06 23:47:42,736] {dag.py:2919} INFO - Setting next_dagrun for example_bash_operator to 2022-10-05T00:00:00+00:00, run_after=2022-10-06T00:00:00+00:00
[2022-10-06 23:47:42,748] {processor.py:161} INFO - Processing /home/airflow/.local/lib/python3.7/site-packages/airflow/example_dags/example_bash_operator.py took 0.079 seconds
[2022-10-06 23:48:13,644] {processor.py:153} INFO - Started process (PID=46180) to work on /home/airflow/.local/lib/python3.7/site-packages/airflow/example_dags/example_bash_operator.py
[2022-10-06 23:48:13,645] {processor.py:641} INFO - Processing file /home/airflow/.local/lib/python3.7/site-packages/airflow/example_dags/example_bash_operator.py for tasks to queue
[2022-10-06 23:48:13,646] {logging_mixin.py:115} INFO - [2022-10-06 23:48:13,646] {dagbag.py:507} INFO - Filling up the DagBag from /home/airflow/.local/lib/python3.7/site-packages/airflow/example_dags/example_bash_operator.py
[2022-10-06 23:48:13,659] {processor.py:651} INFO - DAG(s) dict_keys(['example_bash_operator']) retrieved from /home/airflow/.local/lib/python3.7/site-packages/airflow/example_dags/example_bash_operator.py
[2022-10-06 23:48:13,689] {logging_mixin.py:115} INFO - [2022-10-06 23:48:13,689] {dag.py:2371} INFO - Sync 1 DAGs
[2022-10-06 23:48:13,713] {logging_mixin.py:115} INFO - [2022-10-06 23:48:13,713] {dag.py:2919} INFO - Setting next_dagrun for example_bash_operator to 2022-10-05T00:00:00+00:00, run_after=2022-10-06T00:00:00+00:00
[2022-10-06 23:48:13,724] {processor.py:161} INFO - Processing /home/airflow/.local/lib/python3.7/site-packages/airflow/example_dags/example_bash_operator.py took 0.084 seconds
[2022-10-06 23:48:44,090] {processor.py:153} INFO - Started process (PID=46248) to work on /home/airflow/.local/lib/python3.7/site-packages/airflow/example_dags/example_bash_operator.py
[2022-10-06 23:48:44,091] {processor.py:641} INFO - Processing file /home/airflow/.local/lib/python3.7/site-packages/airflow/example_dags/example_bash_operator.py for tasks to queue
[2022-10-06 23:48:44,092] {logging_mixin.py:115} INFO - [2022-10-06 23:48:44,092] {dagbag.py:507} INFO - Filling up the DagBag from /home/airflow/.local/lib/python3.7/site-packages/airflow/example_dags/example_bash_operator.py
[2022-10-06 23:48:44,104] {processor.py:651} INFO - DAG(s) dict_keys(['example_bash_operator']) retrieved from /home/airflow/.local/lib/python3.7/site-packages/airflow/example_dags/example_bash_operator.py
[2022-10-06 23:48:44,135] {logging_mixin.py:115} INFO - [2022-10-06 23:48:44,135] {dag.py:2371} INFO - Sync 1 DAGs
[2022-10-06 23:48:44,157] {logging_mixin.py:115} INFO - [2022-10-06 23:48:44,157] {dag.py:2919} INFO - Setting next_dagrun for example_bash_operator to 2022-10-05T00:00:00+00:00, run_after=2022-10-06T00:00:00+00:00
[2022-10-06 23:48:44,174] {processor.py:161} INFO - Processing /home/airflow/.local/lib/python3.7/site-packages/airflow/example_dags/example_bash_operator.py took 0.088 seconds
[2022-10-06 23:49:14,573] {processor.py:153} INFO - Started process (PID=46325) to work on /home/airflow/.local/lib/python3.7/site-packages/airflow/example_dags/example_bash_operator.py
[2022-10-06 23:49:14,574] {processor.py:641} INFO - Processing file /home/airflow/.local/lib/python3.7/site-packages/airflow/example_dags/example_bash_operator.py for tasks to queue
[2022-10-06 23:49:14,575] {logging_mixin.py:115} INFO - [2022-10-06 23:49:14,575] {dagbag.py:507} INFO - Filling up the DagBag from /home/airflow/.local/lib/python3.7/site-packages/airflow/example_dags/example_bash_operator.py
[2022-10-06 23:49:14,587] {processor.py:651} INFO - DAG(s) dict_keys(['example_bash_operator']) retrieved from /home/airflow/.local/lib/python3.7/site-packages/airflow/example_dags/example_bash_operator.py
[2022-10-06 23:49:14,619] {logging_mixin.py:115} INFO - [2022-10-06 23:49:14,619] {dag.py:2371} INFO - Sync 1 DAGs
[2022-10-06 23:49:14,642] {logging_mixin.py:115} INFO - [2022-10-06 23:49:14,642] {dag.py:2919} INFO - Setting next_dagrun for example_bash_operator to 2022-10-05T00:00:00+00:00, run_after=2022-10-06T00:00:00+00:00
[2022-10-06 23:49:14,654] {processor.py:161} INFO - Processing /home/airflow/.local/lib/python3.7/site-packages/airflow/example_dags/example_bash_operator.py took 0.085 seconds
[2022-10-06 23:49:45,169] {processor.py:153} INFO - Started process (PID=46402) to work on /home/airflow/.local/lib/python3.7/site-packages/airflow/example_dags/example_bash_operator.py
[2022-10-06 23:49:45,171] {processor.py:641} INFO - Processing file /home/airflow/.local/lib/python3.7/site-packages/airflow/example_dags/example_bash_operator.py for tasks to queue
[2022-10-06 23:49:45,173] {logging_mixin.py:115} INFO - [2022-10-06 23:49:45,173] {dagbag.py:507} INFO - Filling up the DagBag from /home/airflow/.local/lib/python3.7/site-packages/airflow/example_dags/example_bash_operator.py
[2022-10-06 23:49:45,185] {processor.py:651} INFO - DAG(s) dict_keys(['example_bash_operator']) retrieved from /home/airflow/.local/lib/python3.7/site-packages/airflow/example_dags/example_bash_operator.py
[2022-10-06 23:49:45,213] {logging_mixin.py:115} INFO - [2022-10-06 23:49:45,213] {dag.py:2371} INFO - Sync 1 DAGs
[2022-10-06 23:49:45,240] {logging_mixin.py:115} INFO - [2022-10-06 23:49:45,240] {dag.py:2919} INFO - Setting next_dagrun for example_bash_operator to 2022-10-05T00:00:00+00:00, run_after=2022-10-06T00:00:00+00:00
[2022-10-06 23:49:45,251] {processor.py:161} INFO - Processing /home/airflow/.local/lib/python3.7/site-packages/airflow/example_dags/example_bash_operator.py took 0.086 seconds
[2022-10-06 23:50:15,685] {processor.py:153} INFO - Started process (PID=46470) to work on /home/airflow/.local/lib/python3.7/site-packages/airflow/example_dags/example_bash_operator.py
[2022-10-06 23:50:15,686] {processor.py:641} INFO - Processing file /home/airflow/.local/lib/python3.7/site-packages/airflow/example_dags/example_bash_operator.py for tasks to queue
[2022-10-06 23:50:15,687] {logging_mixin.py:115} INFO - [2022-10-06 23:50:15,687] {dagbag.py:507} INFO - Filling up the DagBag from /home/airflow/.local/lib/python3.7/site-packages/airflow/example_dags/example_bash_operator.py
[2022-10-06 23:50:15,699] {processor.py:651} INFO - DAG(s) dict_keys(['example_bash_operator']) retrieved from /home/airflow/.local/lib/python3.7/site-packages/airflow/example_dags/example_bash_operator.py
[2022-10-06 23:50:15,731] {logging_mixin.py:115} INFO - [2022-10-06 23:50:15,731] {dag.py:2371} INFO - Sync 1 DAGs
[2022-10-06 23:50:15,754] {logging_mixin.py:115} INFO - [2022-10-06 23:50:15,754] {dag.py:2919} INFO - Setting next_dagrun for example_bash_operator to 2022-10-05T00:00:00+00:00, run_after=2022-10-06T00:00:00+00:00
[2022-10-06 23:50:15,766] {processor.py:161} INFO - Processing /home/airflow/.local/lib/python3.7/site-packages/airflow/example_dags/example_bash_operator.py took 0.085 seconds
[2022-10-06 23:50:46,251] {processor.py:153} INFO - Started process (PID=46547) to work on /home/airflow/.local/lib/python3.7/site-packages/airflow/example_dags/example_bash_operator.py
[2022-10-06 23:50:46,252] {processor.py:641} INFO - Processing file /home/airflow/.local/lib/python3.7/site-packages/airflow/example_dags/example_bash_operator.py for tasks to queue
[2022-10-06 23:50:46,253] {logging_mixin.py:115} INFO - [2022-10-06 23:50:46,253] {dagbag.py:507} INFO - Filling up the DagBag from /home/airflow/.local/lib/python3.7/site-packages/airflow/example_dags/example_bash_operator.py
[2022-10-06 23:50:46,265] {processor.py:651} INFO - DAG(s) dict_keys(['example_bash_operator']) retrieved from /home/airflow/.local/lib/python3.7/site-packages/airflow/example_dags/example_bash_operator.py
[2022-10-06 23:50:46,294] {logging_mixin.py:115} INFO - [2022-10-06 23:50:46,294] {dag.py:2371} INFO - Sync 1 DAGs
[2022-10-06 23:50:46,317] {logging_mixin.py:115} INFO - [2022-10-06 23:50:46,317] {dag.py:2919} INFO - Setting next_dagrun for example_bash_operator to 2022-10-05T00:00:00+00:00, run_after=2022-10-06T00:00:00+00:00
[2022-10-06 23:50:46,329] {processor.py:161} INFO - Processing /home/airflow/.local/lib/python3.7/site-packages/airflow/example_dags/example_bash_operator.py took 0.082 seconds
[2022-10-06 23:51:16,782] {processor.py:153} INFO - Started process (PID=46624) to work on /home/airflow/.local/lib/python3.7/site-packages/airflow/example_dags/example_bash_operator.py
[2022-10-06 23:51:16,784] {processor.py:641} INFO - Processing file /home/airflow/.local/lib/python3.7/site-packages/airflow/example_dags/example_bash_operator.py for tasks to queue
[2022-10-06 23:51:16,785] {logging_mixin.py:115} INFO - [2022-10-06 23:51:16,785] {dagbag.py:507} INFO - Filling up the DagBag from /home/airflow/.local/lib/python3.7/site-packages/airflow/example_dags/example_bash_operator.py
[2022-10-06 23:51:16,802] {processor.py:651} INFO - DAG(s) dict_keys(['example_bash_operator']) retrieved from /home/airflow/.local/lib/python3.7/site-packages/airflow/example_dags/example_bash_operator.py
[2022-10-06 23:51:16,839] {logging_mixin.py:115} INFO - [2022-10-06 23:51:16,838] {dag.py:2371} INFO - Sync 1 DAGs
[2022-10-06 23:51:16,865] {logging_mixin.py:115} INFO - [2022-10-06 23:51:16,865] {dag.py:2919} INFO - Setting next_dagrun for example_bash_operator to 2022-10-05T00:00:00+00:00, run_after=2022-10-06T00:00:00+00:00
[2022-10-06 23:51:16,896] {processor.py:161} INFO - Processing /home/airflow/.local/lib/python3.7/site-packages/airflow/example_dags/example_bash_operator.py took 0.118 seconds
[2022-10-06 23:51:47,785] {processor.py:153} INFO - Started process (PID=46691) to work on /home/airflow/.local/lib/python3.7/site-packages/airflow/example_dags/example_bash_operator.py
[2022-10-06 23:51:47,787] {processor.py:641} INFO - Processing file /home/airflow/.local/lib/python3.7/site-packages/airflow/example_dags/example_bash_operator.py for tasks to queue
[2022-10-06 23:51:47,788] {logging_mixin.py:115} INFO - [2022-10-06 23:51:47,788] {dagbag.py:507} INFO - Filling up the DagBag from /home/airflow/.local/lib/python3.7/site-packages/airflow/example_dags/example_bash_operator.py
[2022-10-06 23:51:47,801] {processor.py:651} INFO - DAG(s) dict_keys(['example_bash_operator']) retrieved from /home/airflow/.local/lib/python3.7/site-packages/airflow/example_dags/example_bash_operator.py
[2022-10-06 23:51:47,831] {logging_mixin.py:115} INFO - [2022-10-06 23:51:47,831] {dag.py:2371} INFO - Sync 1 DAGs
[2022-10-06 23:51:47,854] {logging_mixin.py:115} INFO - [2022-10-06 23:51:47,854] {dag.py:2919} INFO - Setting next_dagrun for example_bash_operator to 2022-10-05T00:00:00+00:00, run_after=2022-10-06T00:00:00+00:00
[2022-10-06 23:51:47,865] {processor.py:161} INFO - Processing /home/airflow/.local/lib/python3.7/site-packages/airflow/example_dags/example_bash_operator.py took 0.085 seconds
[2022-10-06 23:52:18,155] {processor.py:153} INFO - Started process (PID=46767) to work on /home/airflow/.local/lib/python3.7/site-packages/airflow/example_dags/example_bash_operator.py
[2022-10-06 23:52:18,173] {processor.py:641} INFO - Processing file /home/airflow/.local/lib/python3.7/site-packages/airflow/example_dags/example_bash_operator.py for tasks to queue
[2022-10-06 23:52:18,175] {logging_mixin.py:115} INFO - [2022-10-06 23:52:18,175] {dagbag.py:507} INFO - Filling up the DagBag from /home/airflow/.local/lib/python3.7/site-packages/airflow/example_dags/example_bash_operator.py
[2022-10-06 23:52:18,197] {processor.py:651} INFO - DAG(s) dict_keys(['example_bash_operator']) retrieved from /home/airflow/.local/lib/python3.7/site-packages/airflow/example_dags/example_bash_operator.py
[2022-10-06 23:52:18,250] {logging_mixin.py:115} INFO - [2022-10-06 23:52:18,250] {dag.py:2371} INFO - Sync 1 DAGs
[2022-10-06 23:52:18,314] {logging_mixin.py:115} INFO - [2022-10-06 23:52:18,314] {dag.py:2919} INFO - Setting next_dagrun for example_bash_operator to 2022-10-05T00:00:00+00:00, run_after=2022-10-06T00:00:00+00:00
[2022-10-06 23:52:18,356] {processor.py:161} INFO - Processing /home/airflow/.local/lib/python3.7/site-packages/airflow/example_dags/example_bash_operator.py took 0.209 seconds
[2022-10-06 23:52:48,491] {processor.py:153} INFO - Started process (PID=46844) to work on /home/airflow/.local/lib/python3.7/site-packages/airflow/example_dags/example_bash_operator.py
[2022-10-06 23:52:48,493] {processor.py:641} INFO - Processing file /home/airflow/.local/lib/python3.7/site-packages/airflow/example_dags/example_bash_operator.py for tasks to queue
[2022-10-06 23:52:48,494] {logging_mixin.py:115} INFO - [2022-10-06 23:52:48,494] {dagbag.py:507} INFO - Filling up the DagBag from /home/airflow/.local/lib/python3.7/site-packages/airflow/example_dags/example_bash_operator.py
[2022-10-06 23:52:48,514] {processor.py:651} INFO - DAG(s) dict_keys(['example_bash_operator']) retrieved from /home/airflow/.local/lib/python3.7/site-packages/airflow/example_dags/example_bash_operator.py
[2022-10-06 23:52:48,548] {logging_mixin.py:115} INFO - [2022-10-06 23:52:48,548] {dag.py:2371} INFO - Sync 1 DAGs
[2022-10-06 23:52:48,575] {logging_mixin.py:115} INFO - [2022-10-06 23:52:48,575] {dag.py:2919} INFO - Setting next_dagrun for example_bash_operator to 2022-10-05T00:00:00+00:00, run_after=2022-10-06T00:00:00+00:00
[2022-10-06 23:52:48,588] {processor.py:161} INFO - Processing /home/airflow/.local/lib/python3.7/site-packages/airflow/example_dags/example_bash_operator.py took 0.102 seconds
[2022-10-06 23:53:18,760] {processor.py:153} INFO - Started process (PID=46912) to work on /home/airflow/.local/lib/python3.7/site-packages/airflow/example_dags/example_bash_operator.py
[2022-10-06 23:53:18,761] {processor.py:641} INFO - Processing file /home/airflow/.local/lib/python3.7/site-packages/airflow/example_dags/example_bash_operator.py for tasks to queue
[2022-10-06 23:53:18,762] {logging_mixin.py:115} INFO - [2022-10-06 23:53:18,762] {dagbag.py:507} INFO - Filling up the DagBag from /home/airflow/.local/lib/python3.7/site-packages/airflow/example_dags/example_bash_operator.py
[2022-10-06 23:53:18,778] {processor.py:651} INFO - DAG(s) dict_keys(['example_bash_operator']) retrieved from /home/airflow/.local/lib/python3.7/site-packages/airflow/example_dags/example_bash_operator.py
[2022-10-06 23:53:18,809] {logging_mixin.py:115} INFO - [2022-10-06 23:53:18,809] {dag.py:2371} INFO - Sync 1 DAGs
[2022-10-06 23:53:18,836] {logging_mixin.py:115} INFO - [2022-10-06 23:53:18,836] {dag.py:2919} INFO - Setting next_dagrun for example_bash_operator to 2022-10-05T00:00:00+00:00, run_after=2022-10-06T00:00:00+00:00
[2022-10-06 23:53:18,848] {processor.py:161} INFO - Processing /home/airflow/.local/lib/python3.7/site-packages/airflow/example_dags/example_bash_operator.py took 0.092 seconds
[2022-10-06 23:53:49,919] {processor.py:153} INFO - Started process (PID=46989) to work on /home/airflow/.local/lib/python3.7/site-packages/airflow/example_dags/example_bash_operator.py
[2022-10-06 23:53:49,921] {processor.py:641} INFO - Processing file /home/airflow/.local/lib/python3.7/site-packages/airflow/example_dags/example_bash_operator.py for tasks to queue
[2022-10-06 23:53:49,923] {logging_mixin.py:115} INFO - [2022-10-06 23:53:49,923] {dagbag.py:507} INFO - Filling up the DagBag from /home/airflow/.local/lib/python3.7/site-packages/airflow/example_dags/example_bash_operator.py
[2022-10-06 23:53:49,940] {processor.py:651} INFO - DAG(s) dict_keys(['example_bash_operator']) retrieved from /home/airflow/.local/lib/python3.7/site-packages/airflow/example_dags/example_bash_operator.py
[2022-10-06 23:53:49,999] {logging_mixin.py:115} INFO - [2022-10-06 23:53:49,998] {dag.py:2371} INFO - Sync 1 DAGs
[2022-10-06 23:53:50,053] {logging_mixin.py:115} INFO - [2022-10-06 23:53:50,053] {dag.py:2919} INFO - Setting next_dagrun for example_bash_operator to 2022-10-05T00:00:00+00:00, run_after=2022-10-06T00:00:00+00:00
[2022-10-06 23:53:50,077] {processor.py:161} INFO - Processing /home/airflow/.local/lib/python3.7/site-packages/airflow/example_dags/example_bash_operator.py took 0.164 seconds
