[2022-10-06 04:58:16,016] {processor.py:153} INFO - Started process (PID=44956) to work on /home/airflow/.local/lib/python3.7/site-packages/airflow/example_dags/example_xcom.py
[2022-10-06 04:58:16,017] {processor.py:641} INFO - Processing file /home/airflow/.local/lib/python3.7/site-packages/airflow/example_dags/example_xcom.py for tasks to queue
[2022-10-06 04:58:16,019] {logging_mixin.py:115} INFO - [2022-10-06 04:58:16,018] {dagbag.py:507} INFO - Filling up the DagBag from /home/airflow/.local/lib/python3.7/site-packages/airflow/example_dags/example_xcom.py
[2022-10-06 04:58:16,039] {processor.py:651} INFO - DAG(s) dict_keys(['example_xcom']) retrieved from /home/airflow/.local/lib/python3.7/site-packages/airflow/example_dags/example_xcom.py
[2022-10-06 04:58:16,068] {logging_mixin.py:115} INFO - [2022-10-06 04:58:16,068] {dag.py:2371} INFO - Sync 1 DAGs
[2022-10-06 04:58:16,088] {logging_mixin.py:115} INFO - [2022-10-06 04:58:16,088] {dag.py:2919} INFO - Setting next_dagrun for example_xcom to 2021-01-01T00:00:00+00:00, run_after=2021-01-01T00:00:00+00:00
[2022-10-06 04:58:16,100] {processor.py:161} INFO - Processing /home/airflow/.local/lib/python3.7/site-packages/airflow/example_dags/example_xcom.py took 0.087 seconds
[2022-10-06 12:13:22,159] {processor.py:153} INFO - Started process (PID=45024) to work on /home/airflow/.local/lib/python3.7/site-packages/airflow/example_dags/example_xcom.py
[2022-10-06 12:13:22,161] {processor.py:641} INFO - Processing file /home/airflow/.local/lib/python3.7/site-packages/airflow/example_dags/example_xcom.py for tasks to queue
[2022-10-06 12:13:22,162] {logging_mixin.py:115} INFO - [2022-10-06 12:13:22,162] {dagbag.py:507} INFO - Filling up the DagBag from /home/airflow/.local/lib/python3.7/site-packages/airflow/example_dags/example_xcom.py
[2022-10-06 12:13:22,183] {processor.py:651} INFO - DAG(s) dict_keys(['example_xcom']) retrieved from /home/airflow/.local/lib/python3.7/site-packages/airflow/example_dags/example_xcom.py
[2022-10-06 12:13:22,213] {logging_mixin.py:115} INFO - [2022-10-06 12:13:22,213] {dag.py:2371} INFO - Sync 1 DAGs
[2022-10-06 12:13:22,233] {logging_mixin.py:115} INFO - [2022-10-06 12:13:22,233] {dag.py:2919} INFO - Setting next_dagrun for example_xcom to 2021-01-01T00:00:00+00:00, run_after=2021-01-01T00:00:00+00:00
[2022-10-06 12:13:22,244] {processor.py:161} INFO - Processing /home/airflow/.local/lib/python3.7/site-packages/airflow/example_dags/example_xcom.py took 0.088 seconds
[2022-10-06 12:13:53,302] {processor.py:153} INFO - Started process (PID=45101) to work on /home/airflow/.local/lib/python3.7/site-packages/airflow/example_dags/example_xcom.py
[2022-10-06 12:13:53,303] {processor.py:641} INFO - Processing file /home/airflow/.local/lib/python3.7/site-packages/airflow/example_dags/example_xcom.py for tasks to queue
[2022-10-06 12:13:53,304] {logging_mixin.py:115} INFO - [2022-10-06 12:13:53,304] {dagbag.py:507} INFO - Filling up the DagBag from /home/airflow/.local/lib/python3.7/site-packages/airflow/example_dags/example_xcom.py
[2022-10-06 12:13:53,323] {processor.py:651} INFO - DAG(s) dict_keys(['example_xcom']) retrieved from /home/airflow/.local/lib/python3.7/site-packages/airflow/example_dags/example_xcom.py
[2022-10-06 12:13:53,389] {logging_mixin.py:115} INFO - [2022-10-06 12:13:53,388] {dag.py:2371} INFO - Sync 1 DAGs
[2022-10-06 12:13:53,405] {logging_mixin.py:115} INFO - [2022-10-06 12:13:53,405] {dag.py:2919} INFO - Setting next_dagrun for example_xcom to 2021-01-01T00:00:00+00:00, run_after=2021-01-01T00:00:00+00:00
[2022-10-06 12:13:53,419] {processor.py:161} INFO - Processing /home/airflow/.local/lib/python3.7/site-packages/airflow/example_dags/example_xcom.py took 0.120 seconds
[2022-10-06 17:15:21,500] {processor.py:153} INFO - Started process (PID=45169) to work on /home/airflow/.local/lib/python3.7/site-packages/airflow/example_dags/example_xcom.py
[2022-10-06 17:15:21,501] {processor.py:641} INFO - Processing file /home/airflow/.local/lib/python3.7/site-packages/airflow/example_dags/example_xcom.py for tasks to queue
[2022-10-06 17:15:21,502] {logging_mixin.py:115} INFO - [2022-10-06 17:15:21,502] {dagbag.py:507} INFO - Filling up the DagBag from /home/airflow/.local/lib/python3.7/site-packages/airflow/example_dags/example_xcom.py
[2022-10-06 17:15:21,523] {processor.py:651} INFO - DAG(s) dict_keys(['example_xcom']) retrieved from /home/airflow/.local/lib/python3.7/site-packages/airflow/example_dags/example_xcom.py
[2022-10-06 17:15:21,594] {logging_mixin.py:115} INFO - [2022-10-06 17:15:21,594] {dag.py:2371} INFO - Sync 1 DAGs
[2022-10-06 17:15:21,612] {logging_mixin.py:115} INFO - [2022-10-06 17:15:21,612] {dag.py:2919} INFO - Setting next_dagrun for example_xcom to 2021-01-01T00:00:00+00:00, run_after=2021-01-01T00:00:00+00:00
[2022-10-06 17:15:21,630] {processor.py:161} INFO - Processing /home/airflow/.local/lib/python3.7/site-packages/airflow/example_dags/example_xcom.py took 0.134 seconds
[2022-10-06 17:16:04,139] {processor.py:153} INFO - Started process (PID=45238) to work on /home/airflow/.local/lib/python3.7/site-packages/airflow/example_dags/example_xcom.py
[2022-10-06 17:16:04,144] {processor.py:641} INFO - Processing file /home/airflow/.local/lib/python3.7/site-packages/airflow/example_dags/example_xcom.py for tasks to queue
[2022-10-06 17:16:04,149] {logging_mixin.py:115} INFO - [2022-10-06 17:16:04,149] {dagbag.py:507} INFO - Filling up the DagBag from /home/airflow/.local/lib/python3.7/site-packages/airflow/example_dags/example_xcom.py
[2022-10-06 17:16:04,245] {processor.py:651} INFO - DAG(s) dict_keys(['example_xcom']) retrieved from /home/airflow/.local/lib/python3.7/site-packages/airflow/example_dags/example_xcom.py
[2022-10-06 17:16:04,639] {logging_mixin.py:115} INFO - [2022-10-06 17:16:04,638] {dag.py:2371} INFO - Sync 1 DAGs
[2022-10-06 17:16:04,751] {logging_mixin.py:115} INFO - [2022-10-06 17:16:04,751] {dag.py:2919} INFO - Setting next_dagrun for example_xcom to 2021-01-01T00:00:00+00:00, run_after=2021-01-01T00:00:00+00:00
[2022-10-06 17:16:04,814] {processor.py:161} INFO - Processing /home/airflow/.local/lib/python3.7/site-packages/airflow/example_dags/example_xcom.py took 0.692 seconds
[2022-10-06 23:42:04,225] {processor.py:153} INFO - Started process (PID=45306) to work on /home/airflow/.local/lib/python3.7/site-packages/airflow/example_dags/example_xcom.py
[2022-10-06 23:42:04,227] {processor.py:641} INFO - Processing file /home/airflow/.local/lib/python3.7/site-packages/airflow/example_dags/example_xcom.py for tasks to queue
[2022-10-06 23:42:04,228] {logging_mixin.py:115} INFO - [2022-10-06 23:42:04,228] {dagbag.py:507} INFO - Filling up the DagBag from /home/airflow/.local/lib/python3.7/site-packages/airflow/example_dags/example_xcom.py
[2022-10-06 23:42:04,253] {processor.py:651} INFO - DAG(s) dict_keys(['example_xcom']) retrieved from /home/airflow/.local/lib/python3.7/site-packages/airflow/example_dags/example_xcom.py
[2022-10-06 23:42:04,340] {logging_mixin.py:115} INFO - [2022-10-06 23:42:04,340] {dag.py:2371} INFO - Sync 1 DAGs
[2022-10-06 23:42:04,360] {logging_mixin.py:115} INFO - [2022-10-06 23:42:04,360] {dag.py:2919} INFO - Setting next_dagrun for example_xcom to 2021-01-01T00:00:00+00:00, run_after=2021-01-01T00:00:00+00:00
[2022-10-06 23:42:04,378] {processor.py:161} INFO - Processing /home/airflow/.local/lib/python3.7/site-packages/airflow/example_dags/example_xcom.py took 0.157 seconds
[2022-10-06 23:42:34,531] {processor.py:153} INFO - Started process (PID=45383) to work on /home/airflow/.local/lib/python3.7/site-packages/airflow/example_dags/example_xcom.py
[2022-10-06 23:42:34,532] {processor.py:641} INFO - Processing file /home/airflow/.local/lib/python3.7/site-packages/airflow/example_dags/example_xcom.py for tasks to queue
[2022-10-06 23:42:34,533] {logging_mixin.py:115} INFO - [2022-10-06 23:42:34,533] {dagbag.py:507} INFO - Filling up the DagBag from /home/airflow/.local/lib/python3.7/site-packages/airflow/example_dags/example_xcom.py
[2022-10-06 23:42:34,556] {processor.py:651} INFO - DAG(s) dict_keys(['example_xcom']) retrieved from /home/airflow/.local/lib/python3.7/site-packages/airflow/example_dags/example_xcom.py
[2022-10-06 23:42:34,635] {logging_mixin.py:115} INFO - [2022-10-06 23:42:34,635] {dag.py:2371} INFO - Sync 1 DAGs
[2022-10-06 23:42:34,655] {logging_mixin.py:115} INFO - [2022-10-06 23:42:34,655] {dag.py:2919} INFO - Setting next_dagrun for example_xcom to 2021-01-01T00:00:00+00:00, run_after=2021-01-01T00:00:00+00:00
[2022-10-06 23:42:34,671] {processor.py:161} INFO - Processing /home/airflow/.local/lib/python3.7/site-packages/airflow/example_dags/example_xcom.py took 0.144 seconds
[2022-10-06 23:43:05,097] {processor.py:153} INFO - Started process (PID=45452) to work on /home/airflow/.local/lib/python3.7/site-packages/airflow/example_dags/example_xcom.py
[2022-10-06 23:43:05,098] {processor.py:641} INFO - Processing file /home/airflow/.local/lib/python3.7/site-packages/airflow/example_dags/example_xcom.py for tasks to queue
[2022-10-06 23:43:05,099] {logging_mixin.py:115} INFO - [2022-10-06 23:43:05,099] {dagbag.py:507} INFO - Filling up the DagBag from /home/airflow/.local/lib/python3.7/site-packages/airflow/example_dags/example_xcom.py
[2022-10-06 23:43:05,120] {processor.py:651} INFO - DAG(s) dict_keys(['example_xcom']) retrieved from /home/airflow/.local/lib/python3.7/site-packages/airflow/example_dags/example_xcom.py
[2022-10-06 23:43:05,199] {logging_mixin.py:115} INFO - [2022-10-06 23:43:05,199] {dag.py:2371} INFO - Sync 1 DAGs
[2022-10-06 23:43:05,221] {logging_mixin.py:115} INFO - [2022-10-06 23:43:05,221] {dag.py:2919} INFO - Setting next_dagrun for example_xcom to 2021-01-01T00:00:00+00:00, run_after=2021-01-01T00:00:00+00:00
[2022-10-06 23:43:05,239] {processor.py:161} INFO - Processing /home/airflow/.local/lib/python3.7/site-packages/airflow/example_dags/example_xcom.py took 0.146 seconds
[2022-10-06 23:43:35,889] {processor.py:153} INFO - Started process (PID=45528) to work on /home/airflow/.local/lib/python3.7/site-packages/airflow/example_dags/example_xcom.py
[2022-10-06 23:43:35,890] {processor.py:641} INFO - Processing file /home/airflow/.local/lib/python3.7/site-packages/airflow/example_dags/example_xcom.py for tasks to queue
[2022-10-06 23:43:35,892] {logging_mixin.py:115} INFO - [2022-10-06 23:43:35,892] {dagbag.py:507} INFO - Filling up the DagBag from /home/airflow/.local/lib/python3.7/site-packages/airflow/example_dags/example_xcom.py
[2022-10-06 23:43:35,925] {processor.py:651} INFO - DAG(s) dict_keys(['example_xcom']) retrieved from /home/airflow/.local/lib/python3.7/site-packages/airflow/example_dags/example_xcom.py
[2022-10-06 23:43:36,035] {logging_mixin.py:115} INFO - [2022-10-06 23:43:36,035] {dag.py:2371} INFO - Sync 1 DAGs
[2022-10-06 23:43:36,059] {logging_mixin.py:115} INFO - [2022-10-06 23:43:36,059] {dag.py:2919} INFO - Setting next_dagrun for example_xcom to 2021-01-01T00:00:00+00:00, run_after=2021-01-01T00:00:00+00:00
[2022-10-06 23:43:36,075] {processor.py:161} INFO - Processing /home/airflow/.local/lib/python3.7/site-packages/airflow/example_dags/example_xcom.py took 0.193 seconds
[2022-10-06 23:44:07,455] {processor.py:153} INFO - Started process (PID=45605) to work on /home/airflow/.local/lib/python3.7/site-packages/airflow/example_dags/example_xcom.py
[2022-10-06 23:44:07,456] {processor.py:641} INFO - Processing file /home/airflow/.local/lib/python3.7/site-packages/airflow/example_dags/example_xcom.py for tasks to queue
[2022-10-06 23:44:07,458] {logging_mixin.py:115} INFO - [2022-10-06 23:44:07,458] {dagbag.py:507} INFO - Filling up the DagBag from /home/airflow/.local/lib/python3.7/site-packages/airflow/example_dags/example_xcom.py
[2022-10-06 23:44:07,489] {processor.py:651} INFO - DAG(s) dict_keys(['example_xcom']) retrieved from /home/airflow/.local/lib/python3.7/site-packages/airflow/example_dags/example_xcom.py
[2022-10-06 23:44:07,586] {logging_mixin.py:115} INFO - [2022-10-06 23:44:07,585] {dag.py:2371} INFO - Sync 1 DAGs
[2022-10-06 23:44:07,619] {logging_mixin.py:115} INFO - [2022-10-06 23:44:07,619] {dag.py:2919} INFO - Setting next_dagrun for example_xcom to 2021-01-01T00:00:00+00:00, run_after=2021-01-01T00:00:00+00:00
[2022-10-06 23:44:07,647] {processor.py:161} INFO - Processing /home/airflow/.local/lib/python3.7/site-packages/airflow/example_dags/example_xcom.py took 0.197 seconds
[2022-10-06 23:44:38,277] {processor.py:153} INFO - Started process (PID=45673) to work on /home/airflow/.local/lib/python3.7/site-packages/airflow/example_dags/example_xcom.py
[2022-10-06 23:44:38,278] {processor.py:641} INFO - Processing file /home/airflow/.local/lib/python3.7/site-packages/airflow/example_dags/example_xcom.py for tasks to queue
[2022-10-06 23:44:38,279] {logging_mixin.py:115} INFO - [2022-10-06 23:44:38,279] {dagbag.py:507} INFO - Filling up the DagBag from /home/airflow/.local/lib/python3.7/site-packages/airflow/example_dags/example_xcom.py
[2022-10-06 23:44:38,302] {processor.py:651} INFO - DAG(s) dict_keys(['example_xcom']) retrieved from /home/airflow/.local/lib/python3.7/site-packages/airflow/example_dags/example_xcom.py
[2022-10-06 23:44:38,384] {logging_mixin.py:115} INFO - [2022-10-06 23:44:38,384] {dag.py:2371} INFO - Sync 1 DAGs
[2022-10-06 23:44:38,427] {logging_mixin.py:115} INFO - [2022-10-06 23:44:38,427] {dag.py:2919} INFO - Setting next_dagrun for example_xcom to 2021-01-01T00:00:00+00:00, run_after=2021-01-01T00:00:00+00:00
[2022-10-06 23:44:38,442] {processor.py:161} INFO - Processing /home/airflow/.local/lib/python3.7/site-packages/airflow/example_dags/example_xcom.py took 0.170 seconds
[2022-10-06 23:45:08,822] {processor.py:153} INFO - Started process (PID=45750) to work on /home/airflow/.local/lib/python3.7/site-packages/airflow/example_dags/example_xcom.py
[2022-10-06 23:45:08,823] {processor.py:641} INFO - Processing file /home/airflow/.local/lib/python3.7/site-packages/airflow/example_dags/example_xcom.py for tasks to queue
[2022-10-06 23:45:08,825] {logging_mixin.py:115} INFO - [2022-10-06 23:45:08,825] {dagbag.py:507} INFO - Filling up the DagBag from /home/airflow/.local/lib/python3.7/site-packages/airflow/example_dags/example_xcom.py
[2022-10-06 23:45:08,847] {processor.py:651} INFO - DAG(s) dict_keys(['example_xcom']) retrieved from /home/airflow/.local/lib/python3.7/site-packages/airflow/example_dags/example_xcom.py
[2022-10-06 23:45:08,925] {logging_mixin.py:115} INFO - [2022-10-06 23:45:08,925] {dag.py:2371} INFO - Sync 1 DAGs
[2022-10-06 23:45:08,943] {logging_mixin.py:115} INFO - [2022-10-06 23:45:08,943] {dag.py:2919} INFO - Setting next_dagrun for example_xcom to 2021-01-01T00:00:00+00:00, run_after=2021-01-01T00:00:00+00:00
[2022-10-06 23:45:08,957] {processor.py:161} INFO - Processing /home/airflow/.local/lib/python3.7/site-packages/airflow/example_dags/example_xcom.py took 0.139 seconds
[2022-10-06 23:45:43,134] {processor.py:153} INFO - Started process (PID=45827) to work on /home/airflow/.local/lib/python3.7/site-packages/airflow/example_dags/example_xcom.py
[2022-10-06 23:45:43,135] {processor.py:641} INFO - Processing file /home/airflow/.local/lib/python3.7/site-packages/airflow/example_dags/example_xcom.py for tasks to queue
[2022-10-06 23:45:43,137] {logging_mixin.py:115} INFO - [2022-10-06 23:45:43,137] {dagbag.py:507} INFO - Filling up the DagBag from /home/airflow/.local/lib/python3.7/site-packages/airflow/example_dags/example_xcom.py
[2022-10-06 23:45:43,165] {processor.py:651} INFO - DAG(s) dict_keys(['example_xcom']) retrieved from /home/airflow/.local/lib/python3.7/site-packages/airflow/example_dags/example_xcom.py
[2022-10-06 23:45:43,208] {logging_mixin.py:115} INFO - [2022-10-06 23:45:43,208] {dag.py:2371} INFO - Sync 1 DAGs
[2022-10-06 23:45:43,236] {logging_mixin.py:115} INFO - [2022-10-06 23:45:43,236] {dag.py:2919} INFO - Setting next_dagrun for example_xcom to 2021-01-01T00:00:00+00:00, run_after=2021-01-01T00:00:00+00:00
[2022-10-06 23:45:43,251] {processor.py:161} INFO - Processing /home/airflow/.local/lib/python3.7/site-packages/airflow/example_dags/example_xcom.py took 0.121 seconds
[2022-10-06 23:46:13,695] {processor.py:153} INFO - Started process (PID=45895) to work on /home/airflow/.local/lib/python3.7/site-packages/airflow/example_dags/example_xcom.py
[2022-10-06 23:46:13,696] {processor.py:641} INFO - Processing file /home/airflow/.local/lib/python3.7/site-packages/airflow/example_dags/example_xcom.py for tasks to queue
[2022-10-06 23:46:13,698] {logging_mixin.py:115} INFO - [2022-10-06 23:46:13,698] {dagbag.py:507} INFO - Filling up the DagBag from /home/airflow/.local/lib/python3.7/site-packages/airflow/example_dags/example_xcom.py
[2022-10-06 23:46:13,724] {processor.py:651} INFO - DAG(s) dict_keys(['example_xcom']) retrieved from /home/airflow/.local/lib/python3.7/site-packages/airflow/example_dags/example_xcom.py
[2022-10-06 23:46:13,768] {logging_mixin.py:115} INFO - [2022-10-06 23:46:13,768] {dag.py:2371} INFO - Sync 1 DAGs
[2022-10-06 23:46:13,818] {logging_mixin.py:115} INFO - [2022-10-06 23:46:13,818] {dag.py:2919} INFO - Setting next_dagrun for example_xcom to 2021-01-01T00:00:00+00:00, run_after=2021-01-01T00:00:00+00:00
[2022-10-06 23:46:13,847] {processor.py:161} INFO - Processing /home/airflow/.local/lib/python3.7/site-packages/airflow/example_dags/example_xcom.py took 0.157 seconds
[2022-10-06 23:46:44,171] {processor.py:153} INFO - Started process (PID=45972) to work on /home/airflow/.local/lib/python3.7/site-packages/airflow/example_dags/example_xcom.py
[2022-10-06 23:46:44,173] {processor.py:641} INFO - Processing file /home/airflow/.local/lib/python3.7/site-packages/airflow/example_dags/example_xcom.py for tasks to queue
[2022-10-06 23:46:44,175] {logging_mixin.py:115} INFO - [2022-10-06 23:46:44,175] {dagbag.py:507} INFO - Filling up the DagBag from /home/airflow/.local/lib/python3.7/site-packages/airflow/example_dags/example_xcom.py
[2022-10-06 23:46:44,196] {processor.py:651} INFO - DAG(s) dict_keys(['example_xcom']) retrieved from /home/airflow/.local/lib/python3.7/site-packages/airflow/example_dags/example_xcom.py
[2022-10-06 23:46:44,229] {logging_mixin.py:115} INFO - [2022-10-06 23:46:44,229] {dag.py:2371} INFO - Sync 1 DAGs
[2022-10-06 23:46:44,252] {logging_mixin.py:115} INFO - [2022-10-06 23:46:44,252] {dag.py:2919} INFO - Setting next_dagrun for example_xcom to 2021-01-01T00:00:00+00:00, run_after=2021-01-01T00:00:00+00:00
[2022-10-06 23:46:44,265] {processor.py:161} INFO - Processing /home/airflow/.local/lib/python3.7/site-packages/airflow/example_dags/example_xcom.py took 0.097 seconds
[2022-10-06 23:47:15,147] {processor.py:153} INFO - Started process (PID=46040) to work on /home/airflow/.local/lib/python3.7/site-packages/airflow/example_dags/example_xcom.py
[2022-10-06 23:47:15,149] {processor.py:641} INFO - Processing file /home/airflow/.local/lib/python3.7/site-packages/airflow/example_dags/example_xcom.py for tasks to queue
[2022-10-06 23:47:15,150] {logging_mixin.py:115} INFO - [2022-10-06 23:47:15,150] {dagbag.py:507} INFO - Filling up the DagBag from /home/airflow/.local/lib/python3.7/site-packages/airflow/example_dags/example_xcom.py
[2022-10-06 23:47:15,173] {processor.py:651} INFO - DAG(s) dict_keys(['example_xcom']) retrieved from /home/airflow/.local/lib/python3.7/site-packages/airflow/example_dags/example_xcom.py
[2022-10-06 23:47:15,250] {logging_mixin.py:115} INFO - [2022-10-06 23:47:15,250] {dag.py:2371} INFO - Sync 1 DAGs
[2022-10-06 23:47:15,267] {logging_mixin.py:115} INFO - [2022-10-06 23:47:15,267] {dag.py:2919} INFO - Setting next_dagrun for example_xcom to 2021-01-01T00:00:00+00:00, run_after=2021-01-01T00:00:00+00:00
[2022-10-06 23:47:15,281] {processor.py:161} INFO - Processing /home/airflow/.local/lib/python3.7/site-packages/airflow/example_dags/example_xcom.py took 0.137 seconds
[2022-10-06 23:47:45,683] {processor.py:153} INFO - Started process (PID=46117) to work on /home/airflow/.local/lib/python3.7/site-packages/airflow/example_dags/example_xcom.py
[2022-10-06 23:47:45,684] {processor.py:641} INFO - Processing file /home/airflow/.local/lib/python3.7/site-packages/airflow/example_dags/example_xcom.py for tasks to queue
[2022-10-06 23:47:45,685] {logging_mixin.py:115} INFO - [2022-10-06 23:47:45,685] {dagbag.py:507} INFO - Filling up the DagBag from /home/airflow/.local/lib/python3.7/site-packages/airflow/example_dags/example_xcom.py
[2022-10-06 23:47:45,707] {processor.py:651} INFO - DAG(s) dict_keys(['example_xcom']) retrieved from /home/airflow/.local/lib/python3.7/site-packages/airflow/example_dags/example_xcom.py
[2022-10-06 23:47:45,784] {logging_mixin.py:115} INFO - [2022-10-06 23:47:45,784] {dag.py:2371} INFO - Sync 1 DAGs
[2022-10-06 23:47:45,820] {logging_mixin.py:115} INFO - [2022-10-06 23:47:45,820] {dag.py:2919} INFO - Setting next_dagrun for example_xcom to 2021-01-01T00:00:00+00:00, run_after=2021-01-01T00:00:00+00:00
[2022-10-06 23:47:45,863] {processor.py:161} INFO - Processing /home/airflow/.local/lib/python3.7/site-packages/airflow/example_dags/example_xcom.py took 0.184 seconds
[2022-10-06 23:48:16,638] {processor.py:153} INFO - Started process (PID=46195) to work on /home/airflow/.local/lib/python3.7/site-packages/airflow/example_dags/example_xcom.py
[2022-10-06 23:48:16,640] {processor.py:641} INFO - Processing file /home/airflow/.local/lib/python3.7/site-packages/airflow/example_dags/example_xcom.py for tasks to queue
[2022-10-06 23:48:16,641] {logging_mixin.py:115} INFO - [2022-10-06 23:48:16,641] {dagbag.py:507} INFO - Filling up the DagBag from /home/airflow/.local/lib/python3.7/site-packages/airflow/example_dags/example_xcom.py
[2022-10-06 23:48:16,662] {processor.py:651} INFO - DAG(s) dict_keys(['example_xcom']) retrieved from /home/airflow/.local/lib/python3.7/site-packages/airflow/example_dags/example_xcom.py
[2022-10-06 23:48:16,693] {logging_mixin.py:115} INFO - [2022-10-06 23:48:16,693] {dag.py:2371} INFO - Sync 1 DAGs
[2022-10-06 23:48:16,716] {logging_mixin.py:115} INFO - [2022-10-06 23:48:16,716] {dag.py:2919} INFO - Setting next_dagrun for example_xcom to 2021-01-01T00:00:00+00:00, run_after=2021-01-01T00:00:00+00:00
[2022-10-06 23:48:16,729] {processor.py:161} INFO - Processing /home/airflow/.local/lib/python3.7/site-packages/airflow/example_dags/example_xcom.py took 0.096 seconds
[2022-10-06 23:48:47,148] {processor.py:153} INFO - Started process (PID=46272) to work on /home/airflow/.local/lib/python3.7/site-packages/airflow/example_dags/example_xcom.py
[2022-10-06 23:48:47,149] {processor.py:641} INFO - Processing file /home/airflow/.local/lib/python3.7/site-packages/airflow/example_dags/example_xcom.py for tasks to queue
[2022-10-06 23:48:47,150] {logging_mixin.py:115} INFO - [2022-10-06 23:48:47,150] {dagbag.py:507} INFO - Filling up the DagBag from /home/airflow/.local/lib/python3.7/site-packages/airflow/example_dags/example_xcom.py
[2022-10-06 23:48:47,171] {processor.py:651} INFO - DAG(s) dict_keys(['example_xcom']) retrieved from /home/airflow/.local/lib/python3.7/site-packages/airflow/example_dags/example_xcom.py
[2022-10-06 23:48:47,243] {logging_mixin.py:115} INFO - [2022-10-06 23:48:47,243] {dag.py:2371} INFO - Sync 1 DAGs
[2022-10-06 23:48:47,260] {logging_mixin.py:115} INFO - [2022-10-06 23:48:47,260] {dag.py:2919} INFO - Setting next_dagrun for example_xcom to 2021-01-01T00:00:00+00:00, run_after=2021-01-01T00:00:00+00:00
[2022-10-06 23:48:47,274] {processor.py:161} INFO - Processing /home/airflow/.local/lib/python3.7/site-packages/airflow/example_dags/example_xcom.py took 0.129 seconds
[2022-10-06 23:49:17,669] {processor.py:153} INFO - Started process (PID=46340) to work on /home/airflow/.local/lib/python3.7/site-packages/airflow/example_dags/example_xcom.py
[2022-10-06 23:49:17,671] {processor.py:641} INFO - Processing file /home/airflow/.local/lib/python3.7/site-packages/airflow/example_dags/example_xcom.py for tasks to queue
[2022-10-06 23:49:17,672] {logging_mixin.py:115} INFO - [2022-10-06 23:49:17,672] {dagbag.py:507} INFO - Filling up the DagBag from /home/airflow/.local/lib/python3.7/site-packages/airflow/example_dags/example_xcom.py
[2022-10-06 23:49:17,693] {processor.py:651} INFO - DAG(s) dict_keys(['example_xcom']) retrieved from /home/airflow/.local/lib/python3.7/site-packages/airflow/example_dags/example_xcom.py
[2022-10-06 23:49:17,723] {logging_mixin.py:115} INFO - [2022-10-06 23:49:17,723] {dag.py:2371} INFO - Sync 1 DAGs
[2022-10-06 23:49:17,744] {logging_mixin.py:115} INFO - [2022-10-06 23:49:17,744] {dag.py:2919} INFO - Setting next_dagrun for example_xcom to 2021-01-01T00:00:00+00:00, run_after=2021-01-01T00:00:00+00:00
[2022-10-06 23:49:17,756] {processor.py:161} INFO - Processing /home/airflow/.local/lib/python3.7/site-packages/airflow/example_dags/example_xcom.py took 0.092 seconds
[2022-10-06 23:49:48,244] {processor.py:153} INFO - Started process (PID=46417) to work on /home/airflow/.local/lib/python3.7/site-packages/airflow/example_dags/example_xcom.py
[2022-10-06 23:49:48,245] {processor.py:641} INFO - Processing file /home/airflow/.local/lib/python3.7/site-packages/airflow/example_dags/example_xcom.py for tasks to queue
[2022-10-06 23:49:48,246] {logging_mixin.py:115} INFO - [2022-10-06 23:49:48,246] {dagbag.py:507} INFO - Filling up the DagBag from /home/airflow/.local/lib/python3.7/site-packages/airflow/example_dags/example_xcom.py
[2022-10-06 23:49:48,271] {processor.py:651} INFO - DAG(s) dict_keys(['example_xcom']) retrieved from /home/airflow/.local/lib/python3.7/site-packages/airflow/example_dags/example_xcom.py
[2022-10-06 23:49:48,303] {logging_mixin.py:115} INFO - [2022-10-06 23:49:48,303] {dag.py:2371} INFO - Sync 1 DAGs
[2022-10-06 23:49:48,333] {logging_mixin.py:115} INFO - [2022-10-06 23:49:48,333] {dag.py:2919} INFO - Setting next_dagrun for example_xcom to 2021-01-01T00:00:00+00:00, run_after=2021-01-01T00:00:00+00:00
[2022-10-06 23:49:48,354] {processor.py:161} INFO - Processing /home/airflow/.local/lib/python3.7/site-packages/airflow/example_dags/example_xcom.py took 0.114 seconds
[2022-10-06 23:50:18,883] {processor.py:153} INFO - Started process (PID=46494) to work on /home/airflow/.local/lib/python3.7/site-packages/airflow/example_dags/example_xcom.py
[2022-10-06 23:50:18,884] {processor.py:641} INFO - Processing file /home/airflow/.local/lib/python3.7/site-packages/airflow/example_dags/example_xcom.py for tasks to queue
[2022-10-06 23:50:18,885] {logging_mixin.py:115} INFO - [2022-10-06 23:50:18,885] {dagbag.py:507} INFO - Filling up the DagBag from /home/airflow/.local/lib/python3.7/site-packages/airflow/example_dags/example_xcom.py
[2022-10-06 23:50:18,907] {processor.py:651} INFO - DAG(s) dict_keys(['example_xcom']) retrieved from /home/airflow/.local/lib/python3.7/site-packages/airflow/example_dags/example_xcom.py
[2022-10-06 23:50:18,935] {logging_mixin.py:115} INFO - [2022-10-06 23:50:18,935] {dag.py:2371} INFO - Sync 1 DAGs
[2022-10-06 23:50:18,956] {logging_mixin.py:115} INFO - [2022-10-06 23:50:18,956] {dag.py:2919} INFO - Setting next_dagrun for example_xcom to 2021-01-01T00:00:00+00:00, run_after=2021-01-01T00:00:00+00:00
[2022-10-06 23:50:18,968] {processor.py:161} INFO - Processing /home/airflow/.local/lib/python3.7/site-packages/airflow/example_dags/example_xcom.py took 0.089 seconds
[2022-10-06 23:50:49,302] {processor.py:153} INFO - Started process (PID=46562) to work on /home/airflow/.local/lib/python3.7/site-packages/airflow/example_dags/example_xcom.py
[2022-10-06 23:50:49,303] {processor.py:641} INFO - Processing file /home/airflow/.local/lib/python3.7/site-packages/airflow/example_dags/example_xcom.py for tasks to queue
[2022-10-06 23:50:49,304] {logging_mixin.py:115} INFO - [2022-10-06 23:50:49,304] {dagbag.py:507} INFO - Filling up the DagBag from /home/airflow/.local/lib/python3.7/site-packages/airflow/example_dags/example_xcom.py
[2022-10-06 23:50:49,325] {processor.py:651} INFO - DAG(s) dict_keys(['example_xcom']) retrieved from /home/airflow/.local/lib/python3.7/site-packages/airflow/example_dags/example_xcom.py
[2022-10-06 23:50:49,398] {logging_mixin.py:115} INFO - [2022-10-06 23:50:49,397] {dag.py:2371} INFO - Sync 1 DAGs
[2022-10-06 23:50:49,415] {logging_mixin.py:115} INFO - [2022-10-06 23:50:49,415] {dag.py:2919} INFO - Setting next_dagrun for example_xcom to 2021-01-01T00:00:00+00:00, run_after=2021-01-01T00:00:00+00:00
[2022-10-06 23:50:49,431] {processor.py:161} INFO - Processing /home/airflow/.local/lib/python3.7/site-packages/airflow/example_dags/example_xcom.py took 0.132 seconds
[2022-10-06 23:51:20,334] {processor.py:153} INFO - Started process (PID=46639) to work on /home/airflow/.local/lib/python3.7/site-packages/airflow/example_dags/example_xcom.py
[2022-10-06 23:51:20,336] {processor.py:641} INFO - Processing file /home/airflow/.local/lib/python3.7/site-packages/airflow/example_dags/example_xcom.py for tasks to queue
[2022-10-06 23:51:20,338] {logging_mixin.py:115} INFO - [2022-10-06 23:51:20,338] {dagbag.py:507} INFO - Filling up the DagBag from /home/airflow/.local/lib/python3.7/site-packages/airflow/example_dags/example_xcom.py
[2022-10-06 23:51:20,381] {processor.py:651} INFO - DAG(s) dict_keys(['example_xcom']) retrieved from /home/airflow/.local/lib/python3.7/site-packages/airflow/example_dags/example_xcom.py
[2022-10-06 23:51:20,518] {logging_mixin.py:115} INFO - [2022-10-06 23:51:20,517] {dag.py:2371} INFO - Sync 1 DAGs
[2022-10-06 23:51:20,543] {logging_mixin.py:115} INFO - [2022-10-06 23:51:20,543] {dag.py:2919} INFO - Setting next_dagrun for example_xcom to 2021-01-01T00:00:00+00:00, run_after=2021-01-01T00:00:00+00:00
[2022-10-06 23:51:20,562] {processor.py:161} INFO - Processing /home/airflow/.local/lib/python3.7/site-packages/airflow/example_dags/example_xcom.py took 0.233 seconds
[2022-10-06 23:51:51,004] {processor.py:153} INFO - Started process (PID=46715) to work on /home/airflow/.local/lib/python3.7/site-packages/airflow/example_dags/example_xcom.py
[2022-10-06 23:51:51,006] {processor.py:641} INFO - Processing file /home/airflow/.local/lib/python3.7/site-packages/airflow/example_dags/example_xcom.py for tasks to queue
[2022-10-06 23:51:51,007] {logging_mixin.py:115} INFO - [2022-10-06 23:51:51,007] {dagbag.py:507} INFO - Filling up the DagBag from /home/airflow/.local/lib/python3.7/site-packages/airflow/example_dags/example_xcom.py
[2022-10-06 23:51:51,044] {processor.py:651} INFO - DAG(s) dict_keys(['example_xcom']) retrieved from /home/airflow/.local/lib/python3.7/site-packages/airflow/example_dags/example_xcom.py
[2022-10-06 23:51:51,131] {logging_mixin.py:115} INFO - [2022-10-06 23:51:51,130] {dag.py:2371} INFO - Sync 1 DAGs
[2022-10-06 23:51:51,148] {logging_mixin.py:115} INFO - [2022-10-06 23:51:51,148] {dag.py:2919} INFO - Setting next_dagrun for example_xcom to 2021-01-01T00:00:00+00:00, run_after=2021-01-01T00:00:00+00:00
[2022-10-06 23:51:51,163] {processor.py:161} INFO - Processing /home/airflow/.local/lib/python3.7/site-packages/airflow/example_dags/example_xcom.py took 0.163 seconds
[2022-10-06 23:52:21,969] {processor.py:153} INFO - Started process (PID=46783) to work on /home/airflow/.local/lib/python3.7/site-packages/airflow/example_dags/example_xcom.py
[2022-10-06 23:52:21,986] {processor.py:641} INFO - Processing file /home/airflow/.local/lib/python3.7/site-packages/airflow/example_dags/example_xcom.py for tasks to queue
[2022-10-06 23:52:21,988] {logging_mixin.py:115} INFO - [2022-10-06 23:52:21,988] {dagbag.py:507} INFO - Filling up the DagBag from /home/airflow/.local/lib/python3.7/site-packages/airflow/example_dags/example_xcom.py
[2022-10-06 23:52:22,009] {processor.py:651} INFO - DAG(s) dict_keys(['example_xcom']) retrieved from /home/airflow/.local/lib/python3.7/site-packages/airflow/example_dags/example_xcom.py
[2022-10-06 23:52:22,104] {logging_mixin.py:115} INFO - [2022-10-06 23:52:22,104] {dag.py:2371} INFO - Sync 1 DAGs
[2022-10-06 23:52:22,127] {logging_mixin.py:115} INFO - [2022-10-06 23:52:22,127] {dag.py:2919} INFO - Setting next_dagrun for example_xcom to 2021-01-01T00:00:00+00:00, run_after=2021-01-01T00:00:00+00:00
[2022-10-06 23:52:22,146] {processor.py:161} INFO - Processing /home/airflow/.local/lib/python3.7/site-packages/airflow/example_dags/example_xcom.py took 0.180 seconds
[2022-10-06 23:52:52,941] {processor.py:153} INFO - Started process (PID=46861) to work on /home/airflow/.local/lib/python3.7/site-packages/airflow/example_dags/example_xcom.py
[2022-10-06 23:52:52,943] {processor.py:641} INFO - Processing file /home/airflow/.local/lib/python3.7/site-packages/airflow/example_dags/example_xcom.py for tasks to queue
[2022-10-06 23:52:52,944] {logging_mixin.py:115} INFO - [2022-10-06 23:52:52,944] {dagbag.py:507} INFO - Filling up the DagBag from /home/airflow/.local/lib/python3.7/site-packages/airflow/example_dags/example_xcom.py
[2022-10-06 23:52:52,965] {processor.py:651} INFO - DAG(s) dict_keys(['example_xcom']) retrieved from /home/airflow/.local/lib/python3.7/site-packages/airflow/example_dags/example_xcom.py
[2022-10-06 23:52:53,035] {logging_mixin.py:115} INFO - [2022-10-06 23:52:53,035] {dag.py:2371} INFO - Sync 1 DAGs
[2022-10-06 23:52:53,054] {logging_mixin.py:115} INFO - [2022-10-06 23:52:53,054] {dag.py:2919} INFO - Setting next_dagrun for example_xcom to 2021-01-01T00:00:00+00:00, run_after=2021-01-01T00:00:00+00:00
[2022-10-06 23:52:53,070] {processor.py:161} INFO - Processing /home/airflow/.local/lib/python3.7/site-packages/airflow/example_dags/example_xcom.py took 0.132 seconds
[2022-10-06 23:53:23,264] {processor.py:153} INFO - Started process (PID=46938) to work on /home/airflow/.local/lib/python3.7/site-packages/airflow/example_dags/example_xcom.py
[2022-10-06 23:53:23,266] {processor.py:641} INFO - Processing file /home/airflow/.local/lib/python3.7/site-packages/airflow/example_dags/example_xcom.py for tasks to queue
[2022-10-06 23:53:23,268] {logging_mixin.py:115} INFO - [2022-10-06 23:53:23,267] {dagbag.py:507} INFO - Filling up the DagBag from /home/airflow/.local/lib/python3.7/site-packages/airflow/example_dags/example_xcom.py
[2022-10-06 23:53:23,297] {processor.py:651} INFO - DAG(s) dict_keys(['example_xcom']) retrieved from /home/airflow/.local/lib/python3.7/site-packages/airflow/example_dags/example_xcom.py
[2022-10-06 23:53:23,380] {logging_mixin.py:115} INFO - [2022-10-06 23:53:23,379] {dag.py:2371} INFO - Sync 1 DAGs
[2022-10-06 23:53:23,397] {logging_mixin.py:115} INFO - [2022-10-06 23:53:23,397] {dag.py:2919} INFO - Setting next_dagrun for example_xcom to 2021-01-01T00:00:00+00:00, run_after=2021-01-01T00:00:00+00:00
[2022-10-06 23:53:23,413] {processor.py:161} INFO - Processing /home/airflow/.local/lib/python3.7/site-packages/airflow/example_dags/example_xcom.py took 0.154 seconds
[2022-10-06 23:53:53,771] {processor.py:153} INFO - Started process (PID=47006) to work on /home/airflow/.local/lib/python3.7/site-packages/airflow/example_dags/example_xcom.py
[2022-10-06 23:53:53,776] {processor.py:641} INFO - Processing file /home/airflow/.local/lib/python3.7/site-packages/airflow/example_dags/example_xcom.py for tasks to queue
[2022-10-06 23:53:53,779] {logging_mixin.py:115} INFO - [2022-10-06 23:53:53,779] {dagbag.py:507} INFO - Filling up the DagBag from /home/airflow/.local/lib/python3.7/site-packages/airflow/example_dags/example_xcom.py
[2022-10-06 23:53:53,806] {processor.py:651} INFO - DAG(s) dict_keys(['example_xcom']) retrieved from /home/airflow/.local/lib/python3.7/site-packages/airflow/example_dags/example_xcom.py
[2022-10-06 23:53:53,898] {logging_mixin.py:115} INFO - [2022-10-06 23:53:53,897] {dag.py:2371} INFO - Sync 1 DAGs
[2022-10-06 23:53:53,920] {logging_mixin.py:115} INFO - [2022-10-06 23:53:53,920] {dag.py:2919} INFO - Setting next_dagrun for example_xcom to 2021-01-01T00:00:00+00:00, run_after=2021-01-01T00:00:00+00:00
[2022-10-06 23:53:53,952] {processor.py:161} INFO - Processing /home/airflow/.local/lib/python3.7/site-packages/airflow/example_dags/example_xcom.py took 0.188 seconds
