[2022-10-06 04:58:14,756] {processor.py:153} INFO - Started process (PID=44940) to work on /home/airflow/.local/lib/python3.7/site-packages/airflow/example_dags/example_branch_operator_decorator.py
[2022-10-06 04:58:14,758] {processor.py:641} INFO - Processing file /home/airflow/.local/lib/python3.7/site-packages/airflow/example_dags/example_branch_operator_decorator.py for tasks to queue
[2022-10-06 04:58:14,760] {logging_mixin.py:115} INFO - [2022-10-06 04:58:14,760] {dagbag.py:507} INFO - Filling up the DagBag from /home/airflow/.local/lib/python3.7/site-packages/airflow/example_dags/example_branch_operator_decorator.py
[2022-10-06 04:58:14,788] {processor.py:651} INFO - DAG(s) dict_keys(['example_branch_python_operator_decorator']) retrieved from /home/airflow/.local/lib/python3.7/site-packages/airflow/example_dags/example_branch_operator_decorator.py
[2022-10-06 04:58:14,821] {logging_mixin.py:115} INFO - [2022-10-06 04:58:14,821] {dag.py:2371} INFO - Sync 1 DAGs
[2022-10-06 04:58:14,846] {logging_mixin.py:115} INFO - [2022-10-06 04:58:14,846] {dag.py:2919} INFO - Setting next_dagrun for example_branch_python_operator_decorator to 2022-10-05T00:00:00+00:00, run_after=2022-10-06T00:00:00+00:00
[2022-10-06 04:58:14,858] {processor.py:161} INFO - Processing /home/airflow/.local/lib/python3.7/site-packages/airflow/example_dags/example_branch_operator_decorator.py took 0.107 seconds
[2022-10-06 12:13:20,962] {processor.py:153} INFO - Started process (PID=45008) to work on /home/airflow/.local/lib/python3.7/site-packages/airflow/example_dags/example_branch_operator_decorator.py
[2022-10-06 12:13:20,963] {processor.py:641} INFO - Processing file /home/airflow/.local/lib/python3.7/site-packages/airflow/example_dags/example_branch_operator_decorator.py for tasks to queue
[2022-10-06 12:13:20,964] {logging_mixin.py:115} INFO - [2022-10-06 12:13:20,964] {dagbag.py:507} INFO - Filling up the DagBag from /home/airflow/.local/lib/python3.7/site-packages/airflow/example_dags/example_branch_operator_decorator.py
[2022-10-06 12:13:20,986] {processor.py:651} INFO - DAG(s) dict_keys(['example_branch_python_operator_decorator']) retrieved from /home/airflow/.local/lib/python3.7/site-packages/airflow/example_dags/example_branch_operator_decorator.py
[2022-10-06 12:13:21,017] {logging_mixin.py:115} INFO - [2022-10-06 12:13:21,017] {dag.py:2371} INFO - Sync 1 DAGs
[2022-10-06 12:13:21,042] {logging_mixin.py:115} INFO - [2022-10-06 12:13:21,042] {dag.py:2919} INFO - Setting next_dagrun for example_branch_python_operator_decorator to 2022-10-05T00:00:00+00:00, run_after=2022-10-06T00:00:00+00:00
[2022-10-06 12:13:21,058] {processor.py:161} INFO - Processing /home/airflow/.local/lib/python3.7/site-packages/airflow/example_dags/example_branch_operator_decorator.py took 0.100 seconds
[2022-10-06 12:13:51,256] {processor.py:153} INFO - Started process (PID=45085) to work on /home/airflow/.local/lib/python3.7/site-packages/airflow/example_dags/example_branch_operator_decorator.py
[2022-10-06 12:13:51,257] {processor.py:641} INFO - Processing file /home/airflow/.local/lib/python3.7/site-packages/airflow/example_dags/example_branch_operator_decorator.py for tasks to queue
[2022-10-06 12:13:51,259] {logging_mixin.py:115} INFO - [2022-10-06 12:13:51,259] {dagbag.py:507} INFO - Filling up the DagBag from /home/airflow/.local/lib/python3.7/site-packages/airflow/example_dags/example_branch_operator_decorator.py
[2022-10-06 12:13:51,280] {processor.py:651} INFO - DAG(s) dict_keys(['example_branch_python_operator_decorator']) retrieved from /home/airflow/.local/lib/python3.7/site-packages/airflow/example_dags/example_branch_operator_decorator.py
[2022-10-06 12:13:51,307] {logging_mixin.py:115} INFO - [2022-10-06 12:13:51,307] {dag.py:2371} INFO - Sync 1 DAGs
[2022-10-06 12:13:51,328] {logging_mixin.py:115} INFO - [2022-10-06 12:13:51,328] {dag.py:2919} INFO - Setting next_dagrun for example_branch_python_operator_decorator to 2022-10-05T00:00:00+00:00, run_after=2022-10-06T00:00:00+00:00
[2022-10-06 12:13:51,339] {processor.py:161} INFO - Processing /home/airflow/.local/lib/python3.7/site-packages/airflow/example_dags/example_branch_operator_decorator.py took 0.087 seconds
[2022-10-06 17:15:20,284] {processor.py:153} INFO - Started process (PID=45153) to work on /home/airflow/.local/lib/python3.7/site-packages/airflow/example_dags/example_branch_operator_decorator.py
[2022-10-06 17:15:20,285] {processor.py:641} INFO - Processing file /home/airflow/.local/lib/python3.7/site-packages/airflow/example_dags/example_branch_operator_decorator.py for tasks to queue
[2022-10-06 17:15:20,287] {logging_mixin.py:115} INFO - [2022-10-06 17:15:20,286] {dagbag.py:507} INFO - Filling up the DagBag from /home/airflow/.local/lib/python3.7/site-packages/airflow/example_dags/example_branch_operator_decorator.py
[2022-10-06 17:15:20,307] {processor.py:651} INFO - DAG(s) dict_keys(['example_branch_python_operator_decorator']) retrieved from /home/airflow/.local/lib/python3.7/site-packages/airflow/example_dags/example_branch_operator_decorator.py
[2022-10-06 17:15:20,336] {logging_mixin.py:115} INFO - [2022-10-06 17:15:20,336] {dag.py:2371} INFO - Sync 1 DAGs
[2022-10-06 17:15:20,361] {logging_mixin.py:115} INFO - [2022-10-06 17:15:20,361] {dag.py:2919} INFO - Setting next_dagrun for example_branch_python_operator_decorator to 2022-10-05T00:00:00+00:00, run_after=2022-10-06T00:00:00+00:00
[2022-10-06 17:15:20,374] {processor.py:161} INFO - Processing /home/airflow/.local/lib/python3.7/site-packages/airflow/example_dags/example_branch_operator_decorator.py took 0.094 seconds
[2022-10-06 17:15:59,061] {processor.py:153} INFO - Started process (PID=45222) to work on /home/airflow/.local/lib/python3.7/site-packages/airflow/example_dags/example_branch_operator_decorator.py
[2022-10-06 17:15:59,074] {processor.py:641} INFO - Processing file /home/airflow/.local/lib/python3.7/site-packages/airflow/example_dags/example_branch_operator_decorator.py for tasks to queue
[2022-10-06 17:15:59,094] {logging_mixin.py:115} INFO - [2022-10-06 17:15:59,090] {dagbag.py:507} INFO - Filling up the DagBag from /home/airflow/.local/lib/python3.7/site-packages/airflow/example_dags/example_branch_operator_decorator.py
[2022-10-06 17:15:59,234] {processor.py:651} INFO - DAG(s) dict_keys(['example_branch_python_operator_decorator']) retrieved from /home/airflow/.local/lib/python3.7/site-packages/airflow/example_dags/example_branch_operator_decorator.py
[2022-10-06 17:15:59,408] {logging_mixin.py:115} INFO - [2022-10-06 17:15:59,408] {dag.py:2371} INFO - Sync 1 DAGs
[2022-10-06 17:15:59,559] {logging_mixin.py:115} INFO - [2022-10-06 17:15:59,558] {dag.py:2919} INFO - Setting next_dagrun for example_branch_python_operator_decorator to 2022-10-05T00:00:00+00:00, run_after=2022-10-06T00:00:00+00:00
[2022-10-06 17:15:59,618] {processor.py:161} INFO - Processing /home/airflow/.local/lib/python3.7/site-packages/airflow/example_dags/example_branch_operator_decorator.py took 0.586 seconds
[2022-10-06 23:42:02,785] {processor.py:153} INFO - Started process (PID=45290) to work on /home/airflow/.local/lib/python3.7/site-packages/airflow/example_dags/example_branch_operator_decorator.py
[2022-10-06 23:42:02,788] {processor.py:641} INFO - Processing file /home/airflow/.local/lib/python3.7/site-packages/airflow/example_dags/example_branch_operator_decorator.py for tasks to queue
[2022-10-06 23:42:02,791] {logging_mixin.py:115} INFO - [2022-10-06 23:42:02,790] {dagbag.py:507} INFO - Filling up the DagBag from /home/airflow/.local/lib/python3.7/site-packages/airflow/example_dags/example_branch_operator_decorator.py
[2022-10-06 23:42:02,827] {processor.py:651} INFO - DAG(s) dict_keys(['example_branch_python_operator_decorator']) retrieved from /home/airflow/.local/lib/python3.7/site-packages/airflow/example_dags/example_branch_operator_decorator.py
[2022-10-06 23:42:02,861] {logging_mixin.py:115} INFO - [2022-10-06 23:42:02,861] {dag.py:2371} INFO - Sync 1 DAGs
[2022-10-06 23:42:02,903] {logging_mixin.py:115} INFO - [2022-10-06 23:42:02,903] {dag.py:2919} INFO - Setting next_dagrun for example_branch_python_operator_decorator to 2022-10-05T00:00:00+00:00, run_after=2022-10-06T00:00:00+00:00
[2022-10-06 23:42:02,923] {processor.py:161} INFO - Processing /home/airflow/.local/lib/python3.7/site-packages/airflow/example_dags/example_branch_operator_decorator.py took 0.145 seconds
[2022-10-06 23:42:33,195] {processor.py:153} INFO - Started process (PID=45358) to work on /home/airflow/.local/lib/python3.7/site-packages/airflow/example_dags/example_branch_operator_decorator.py
[2022-10-06 23:42:33,196] {processor.py:641} INFO - Processing file /home/airflow/.local/lib/python3.7/site-packages/airflow/example_dags/example_branch_operator_decorator.py for tasks to queue
[2022-10-06 23:42:33,197] {logging_mixin.py:115} INFO - [2022-10-06 23:42:33,197] {dagbag.py:507} INFO - Filling up the DagBag from /home/airflow/.local/lib/python3.7/site-packages/airflow/example_dags/example_branch_operator_decorator.py
[2022-10-06 23:42:33,217] {processor.py:651} INFO - DAG(s) dict_keys(['example_branch_python_operator_decorator']) retrieved from /home/airflow/.local/lib/python3.7/site-packages/airflow/example_dags/example_branch_operator_decorator.py
[2022-10-06 23:42:33,245] {logging_mixin.py:115} INFO - [2022-10-06 23:42:33,245] {dag.py:2371} INFO - Sync 1 DAGs
[2022-10-06 23:42:33,267] {logging_mixin.py:115} INFO - [2022-10-06 23:42:33,267] {dag.py:2919} INFO - Setting next_dagrun for example_branch_python_operator_decorator to 2022-10-05T00:00:00+00:00, run_after=2022-10-06T00:00:00+00:00
[2022-10-06 23:42:33,280] {processor.py:161} INFO - Processing /home/airflow/.local/lib/python3.7/site-packages/airflow/example_dags/example_branch_operator_decorator.py took 0.088 seconds
[2022-10-06 23:43:03,805] {processor.py:153} INFO - Started process (PID=45435) to work on /home/airflow/.local/lib/python3.7/site-packages/airflow/example_dags/example_branch_operator_decorator.py
[2022-10-06 23:43:03,806] {processor.py:641} INFO - Processing file /home/airflow/.local/lib/python3.7/site-packages/airflow/example_dags/example_branch_operator_decorator.py for tasks to queue
[2022-10-06 23:43:03,807] {logging_mixin.py:115} INFO - [2022-10-06 23:43:03,807] {dagbag.py:507} INFO - Filling up the DagBag from /home/airflow/.local/lib/python3.7/site-packages/airflow/example_dags/example_branch_operator_decorator.py
[2022-10-06 23:43:03,829] {processor.py:651} INFO - DAG(s) dict_keys(['example_branch_python_operator_decorator']) retrieved from /home/airflow/.local/lib/python3.7/site-packages/airflow/example_dags/example_branch_operator_decorator.py
[2022-10-06 23:43:03,858] {logging_mixin.py:115} INFO - [2022-10-06 23:43:03,857] {dag.py:2371} INFO - Sync 1 DAGs
[2022-10-06 23:43:03,881] {logging_mixin.py:115} INFO - [2022-10-06 23:43:03,881] {dag.py:2919} INFO - Setting next_dagrun for example_branch_python_operator_decorator to 2022-10-05T00:00:00+00:00, run_after=2022-10-06T00:00:00+00:00
[2022-10-06 23:43:03,894] {processor.py:161} INFO - Processing /home/airflow/.local/lib/python3.7/site-packages/airflow/example_dags/example_branch_operator_decorator.py took 0.093 seconds
[2022-10-06 23:43:34,739] {processor.py:153} INFO - Started process (PID=45512) to work on /home/airflow/.local/lib/python3.7/site-packages/airflow/example_dags/example_branch_operator_decorator.py
[2022-10-06 23:43:34,740] {processor.py:641} INFO - Processing file /home/airflow/.local/lib/python3.7/site-packages/airflow/example_dags/example_branch_operator_decorator.py for tasks to queue
[2022-10-06 23:43:34,741] {logging_mixin.py:115} INFO - [2022-10-06 23:43:34,741] {dagbag.py:507} INFO - Filling up the DagBag from /home/airflow/.local/lib/python3.7/site-packages/airflow/example_dags/example_branch_operator_decorator.py
[2022-10-06 23:43:34,764] {processor.py:651} INFO - DAG(s) dict_keys(['example_branch_python_operator_decorator']) retrieved from /home/airflow/.local/lib/python3.7/site-packages/airflow/example_dags/example_branch_operator_decorator.py
[2022-10-06 23:43:34,796] {logging_mixin.py:115} INFO - [2022-10-06 23:43:34,796] {dag.py:2371} INFO - Sync 1 DAGs
[2022-10-06 23:43:34,821] {logging_mixin.py:115} INFO - [2022-10-06 23:43:34,821] {dag.py:2919} INFO - Setting next_dagrun for example_branch_python_operator_decorator to 2022-10-05T00:00:00+00:00, run_after=2022-10-06T00:00:00+00:00
[2022-10-06 23:43:34,834] {processor.py:161} INFO - Processing /home/airflow/.local/lib/python3.7/site-packages/airflow/example_dags/example_branch_operator_decorator.py took 0.099 seconds
[2022-10-06 23:44:06,060] {processor.py:153} INFO - Started process (PID=45580) to work on /home/airflow/.local/lib/python3.7/site-packages/airflow/example_dags/example_branch_operator_decorator.py
[2022-10-06 23:44:06,061] {processor.py:641} INFO - Processing file /home/airflow/.local/lib/python3.7/site-packages/airflow/example_dags/example_branch_operator_decorator.py for tasks to queue
[2022-10-06 23:44:06,063] {logging_mixin.py:115} INFO - [2022-10-06 23:44:06,063] {dagbag.py:507} INFO - Filling up the DagBag from /home/airflow/.local/lib/python3.7/site-packages/airflow/example_dags/example_branch_operator_decorator.py
[2022-10-06 23:44:06,089] {processor.py:651} INFO - DAG(s) dict_keys(['example_branch_python_operator_decorator']) retrieved from /home/airflow/.local/lib/python3.7/site-packages/airflow/example_dags/example_branch_operator_decorator.py
[2022-10-06 23:44:06,128] {logging_mixin.py:115} INFO - [2022-10-06 23:44:06,128] {dag.py:2371} INFO - Sync 1 DAGs
[2022-10-06 23:44:06,157] {logging_mixin.py:115} INFO - [2022-10-06 23:44:06,157] {dag.py:2919} INFO - Setting next_dagrun for example_branch_python_operator_decorator to 2022-10-05T00:00:00+00:00, run_after=2022-10-06T00:00:00+00:00
[2022-10-06 23:44:06,175] {processor.py:161} INFO - Processing /home/airflow/.local/lib/python3.7/site-packages/airflow/example_dags/example_branch_operator_decorator.py took 0.119 seconds
[2022-10-06 23:44:37,165] {processor.py:153} INFO - Started process (PID=45657) to work on /home/airflow/.local/lib/python3.7/site-packages/airflow/example_dags/example_branch_operator_decorator.py
[2022-10-06 23:44:37,166] {processor.py:641} INFO - Processing file /home/airflow/.local/lib/python3.7/site-packages/airflow/example_dags/example_branch_operator_decorator.py for tasks to queue
[2022-10-06 23:44:37,167] {logging_mixin.py:115} INFO - [2022-10-06 23:44:37,167] {dagbag.py:507} INFO - Filling up the DagBag from /home/airflow/.local/lib/python3.7/site-packages/airflow/example_dags/example_branch_operator_decorator.py
[2022-10-06 23:44:37,188] {processor.py:651} INFO - DAG(s) dict_keys(['example_branch_python_operator_decorator']) retrieved from /home/airflow/.local/lib/python3.7/site-packages/airflow/example_dags/example_branch_operator_decorator.py
[2022-10-06 23:44:37,218] {logging_mixin.py:115} INFO - [2022-10-06 23:44:37,218] {dag.py:2371} INFO - Sync 1 DAGs
[2022-10-06 23:44:37,242] {logging_mixin.py:115} INFO - [2022-10-06 23:44:37,242] {dag.py:2919} INFO - Setting next_dagrun for example_branch_python_operator_decorator to 2022-10-05T00:00:00+00:00, run_after=2022-10-06T00:00:00+00:00
[2022-10-06 23:44:37,253] {processor.py:161} INFO - Processing /home/airflow/.local/lib/python3.7/site-packages/airflow/example_dags/example_branch_operator_decorator.py took 0.093 seconds
[2022-10-06 23:45:07,730] {processor.py:153} INFO - Started process (PID=45734) to work on /home/airflow/.local/lib/python3.7/site-packages/airflow/example_dags/example_branch_operator_decorator.py
[2022-10-06 23:45:07,731] {processor.py:641} INFO - Processing file /home/airflow/.local/lib/python3.7/site-packages/airflow/example_dags/example_branch_operator_decorator.py for tasks to queue
[2022-10-06 23:45:07,732] {logging_mixin.py:115} INFO - [2022-10-06 23:45:07,732] {dagbag.py:507} INFO - Filling up the DagBag from /home/airflow/.local/lib/python3.7/site-packages/airflow/example_dags/example_branch_operator_decorator.py
[2022-10-06 23:45:07,755] {processor.py:651} INFO - DAG(s) dict_keys(['example_branch_python_operator_decorator']) retrieved from /home/airflow/.local/lib/python3.7/site-packages/airflow/example_dags/example_branch_operator_decorator.py
[2022-10-06 23:45:07,784] {logging_mixin.py:115} INFO - [2022-10-06 23:45:07,784] {dag.py:2371} INFO - Sync 1 DAGs
[2022-10-06 23:45:07,809] {logging_mixin.py:115} INFO - [2022-10-06 23:45:07,809] {dag.py:2919} INFO - Setting next_dagrun for example_branch_python_operator_decorator to 2022-10-05T00:00:00+00:00, run_after=2022-10-06T00:00:00+00:00
[2022-10-06 23:45:07,822] {processor.py:161} INFO - Processing /home/airflow/.local/lib/python3.7/site-packages/airflow/example_dags/example_branch_operator_decorator.py took 0.096 seconds
[2022-10-06 23:45:40,792] {processor.py:153} INFO - Started process (PID=45811) to work on /home/airflow/.local/lib/python3.7/site-packages/airflow/example_dags/example_branch_operator_decorator.py
[2022-10-06 23:45:40,794] {processor.py:641} INFO - Processing file /home/airflow/.local/lib/python3.7/site-packages/airflow/example_dags/example_branch_operator_decorator.py for tasks to queue
[2022-10-06 23:45:40,795] {logging_mixin.py:115} INFO - [2022-10-06 23:45:40,795] {dagbag.py:507} INFO - Filling up the DagBag from /home/airflow/.local/lib/python3.7/site-packages/airflow/example_dags/example_branch_operator_decorator.py
[2022-10-06 23:45:40,834] {processor.py:651} INFO - DAG(s) dict_keys(['example_branch_python_operator_decorator']) retrieved from /home/airflow/.local/lib/python3.7/site-packages/airflow/example_dags/example_branch_operator_decorator.py
[2022-10-06 23:45:40,894] {logging_mixin.py:115} INFO - [2022-10-06 23:45:40,893] {dag.py:2371} INFO - Sync 1 DAGs
[2022-10-06 23:45:40,942] {logging_mixin.py:115} INFO - [2022-10-06 23:45:40,941] {dag.py:2919} INFO - Setting next_dagrun for example_branch_python_operator_decorator to 2022-10-05T00:00:00+00:00, run_after=2022-10-06T00:00:00+00:00
[2022-10-06 23:45:40,973] {processor.py:161} INFO - Processing /home/airflow/.local/lib/python3.7/site-packages/airflow/example_dags/example_branch_operator_decorator.py took 0.187 seconds
[2022-10-06 23:46:11,311] {processor.py:153} INFO - Started process (PID=45879) to work on /home/airflow/.local/lib/python3.7/site-packages/airflow/example_dags/example_branch_operator_decorator.py
[2022-10-06 23:46:11,312] {processor.py:641} INFO - Processing file /home/airflow/.local/lib/python3.7/site-packages/airflow/example_dags/example_branch_operator_decorator.py for tasks to queue
[2022-10-06 23:46:11,314] {logging_mixin.py:115} INFO - [2022-10-06 23:46:11,314] {dagbag.py:507} INFO - Filling up the DagBag from /home/airflow/.local/lib/python3.7/site-packages/airflow/example_dags/example_branch_operator_decorator.py
[2022-10-06 23:46:11,341] {processor.py:651} INFO - DAG(s) dict_keys(['example_branch_python_operator_decorator']) retrieved from /home/airflow/.local/lib/python3.7/site-packages/airflow/example_dags/example_branch_operator_decorator.py
[2022-10-06 23:46:11,382] {logging_mixin.py:115} INFO - [2022-10-06 23:46:11,382] {dag.py:2371} INFO - Sync 1 DAGs
[2022-10-06 23:46:11,415] {logging_mixin.py:115} INFO - [2022-10-06 23:46:11,415] {dag.py:2919} INFO - Setting next_dagrun for example_branch_python_operator_decorator to 2022-10-05T00:00:00+00:00, run_after=2022-10-06T00:00:00+00:00
[2022-10-06 23:46:11,433] {processor.py:161} INFO - Processing /home/airflow/.local/lib/python3.7/site-packages/airflow/example_dags/example_branch_operator_decorator.py took 0.127 seconds
[2022-10-06 23:46:41,785] {processor.py:153} INFO - Started process (PID=45956) to work on /home/airflow/.local/lib/python3.7/site-packages/airflow/example_dags/example_branch_operator_decorator.py
[2022-10-06 23:46:41,787] {processor.py:641} INFO - Processing file /home/airflow/.local/lib/python3.7/site-packages/airflow/example_dags/example_branch_operator_decorator.py for tasks to queue
[2022-10-06 23:46:41,788] {logging_mixin.py:115} INFO - [2022-10-06 23:46:41,788] {dagbag.py:507} INFO - Filling up the DagBag from /home/airflow/.local/lib/python3.7/site-packages/airflow/example_dags/example_branch_operator_decorator.py
[2022-10-06 23:46:41,820] {processor.py:651} INFO - DAG(s) dict_keys(['example_branch_python_operator_decorator']) retrieved from /home/airflow/.local/lib/python3.7/site-packages/airflow/example_dags/example_branch_operator_decorator.py
[2022-10-06 23:46:41,875] {logging_mixin.py:115} INFO - [2022-10-06 23:46:41,875] {dag.py:2371} INFO - Sync 1 DAGs
[2022-10-06 23:46:41,900] {logging_mixin.py:115} INFO - [2022-10-06 23:46:41,900] {dag.py:2919} INFO - Setting next_dagrun for example_branch_python_operator_decorator to 2022-10-05T00:00:00+00:00, run_after=2022-10-06T00:00:00+00:00
[2022-10-06 23:46:41,914] {processor.py:161} INFO - Processing /home/airflow/.local/lib/python3.7/site-packages/airflow/example_dags/example_branch_operator_decorator.py took 0.133 seconds
[2022-10-06 23:47:12,171] {processor.py:153} INFO - Started process (PID=46024) to work on /home/airflow/.local/lib/python3.7/site-packages/airflow/example_dags/example_branch_operator_decorator.py
[2022-10-06 23:47:12,172] {processor.py:641} INFO - Processing file /home/airflow/.local/lib/python3.7/site-packages/airflow/example_dags/example_branch_operator_decorator.py for tasks to queue
[2022-10-06 23:47:12,173] {logging_mixin.py:115} INFO - [2022-10-06 23:47:12,173] {dagbag.py:507} INFO - Filling up the DagBag from /home/airflow/.local/lib/python3.7/site-packages/airflow/example_dags/example_branch_operator_decorator.py
[2022-10-06 23:47:12,195] {processor.py:651} INFO - DAG(s) dict_keys(['example_branch_python_operator_decorator']) retrieved from /home/airflow/.local/lib/python3.7/site-packages/airflow/example_dags/example_branch_operator_decorator.py
[2022-10-06 23:47:12,225] {logging_mixin.py:115} INFO - [2022-10-06 23:47:12,225] {dag.py:2371} INFO - Sync 1 DAGs
[2022-10-06 23:47:12,247] {logging_mixin.py:115} INFO - [2022-10-06 23:47:12,247] {dag.py:2919} INFO - Setting next_dagrun for example_branch_python_operator_decorator to 2022-10-05T00:00:00+00:00, run_after=2022-10-06T00:00:00+00:00
[2022-10-06 23:47:12,258] {processor.py:161} INFO - Processing /home/airflow/.local/lib/python3.7/site-packages/airflow/example_dags/example_branch_operator_decorator.py took 0.091 seconds
[2022-10-06 23:47:42,668] {processor.py:153} INFO - Started process (PID=46101) to work on /home/airflow/.local/lib/python3.7/site-packages/airflow/example_dags/example_branch_operator_decorator.py
[2022-10-06 23:47:42,669] {processor.py:641} INFO - Processing file /home/airflow/.local/lib/python3.7/site-packages/airflow/example_dags/example_branch_operator_decorator.py for tasks to queue
[2022-10-06 23:47:42,670] {logging_mixin.py:115} INFO - [2022-10-06 23:47:42,670] {dagbag.py:507} INFO - Filling up the DagBag from /home/airflow/.local/lib/python3.7/site-packages/airflow/example_dags/example_branch_operator_decorator.py
[2022-10-06 23:47:42,690] {processor.py:651} INFO - DAG(s) dict_keys(['example_branch_python_operator_decorator']) retrieved from /home/airflow/.local/lib/python3.7/site-packages/airflow/example_dags/example_branch_operator_decorator.py
[2022-10-06 23:47:42,717] {logging_mixin.py:115} INFO - [2022-10-06 23:47:42,717] {dag.py:2371} INFO - Sync 1 DAGs
[2022-10-06 23:47:42,738] {logging_mixin.py:115} INFO - [2022-10-06 23:47:42,738] {dag.py:2919} INFO - Setting next_dagrun for example_branch_python_operator_decorator to 2022-10-05T00:00:00+00:00, run_after=2022-10-06T00:00:00+00:00
[2022-10-06 23:47:42,749] {processor.py:161} INFO - Processing /home/airflow/.local/lib/python3.7/site-packages/airflow/example_dags/example_branch_operator_decorator.py took 0.085 seconds
[2022-10-06 23:48:13,534] {processor.py:153} INFO - Started process (PID=46179) to work on /home/airflow/.local/lib/python3.7/site-packages/airflow/example_dags/example_branch_operator_decorator.py
[2022-10-06 23:48:13,536] {processor.py:641} INFO - Processing file /home/airflow/.local/lib/python3.7/site-packages/airflow/example_dags/example_branch_operator_decorator.py for tasks to queue
[2022-10-06 23:48:13,537] {logging_mixin.py:115} INFO - [2022-10-06 23:48:13,537] {dagbag.py:507} INFO - Filling up the DagBag from /home/airflow/.local/lib/python3.7/site-packages/airflow/example_dags/example_branch_operator_decorator.py
[2022-10-06 23:48:13,558] {processor.py:651} INFO - DAG(s) dict_keys(['example_branch_python_operator_decorator']) retrieved from /home/airflow/.local/lib/python3.7/site-packages/airflow/example_dags/example_branch_operator_decorator.py
[2022-10-06 23:48:13,586] {logging_mixin.py:115} INFO - [2022-10-06 23:48:13,586] {dag.py:2371} INFO - Sync 1 DAGs
[2022-10-06 23:48:13,606] {logging_mixin.py:115} INFO - [2022-10-06 23:48:13,606] {dag.py:2919} INFO - Setting next_dagrun for example_branch_python_operator_decorator to 2022-10-05T00:00:00+00:00, run_after=2022-10-06T00:00:00+00:00
[2022-10-06 23:48:13,618] {processor.py:161} INFO - Processing /home/airflow/.local/lib/python3.7/site-packages/airflow/example_dags/example_branch_operator_decorator.py took 0.087 seconds
[2022-10-06 23:48:43,964] {processor.py:153} INFO - Started process (PID=46247) to work on /home/airflow/.local/lib/python3.7/site-packages/airflow/example_dags/example_branch_operator_decorator.py
[2022-10-06 23:48:43,965] {processor.py:641} INFO - Processing file /home/airflow/.local/lib/python3.7/site-packages/airflow/example_dags/example_branch_operator_decorator.py for tasks to queue
[2022-10-06 23:48:43,971] {logging_mixin.py:115} INFO - [2022-10-06 23:48:43,971] {dagbag.py:507} INFO - Filling up the DagBag from /home/airflow/.local/lib/python3.7/site-packages/airflow/example_dags/example_branch_operator_decorator.py
[2022-10-06 23:48:43,994] {processor.py:651} INFO - DAG(s) dict_keys(['example_branch_python_operator_decorator']) retrieved from /home/airflow/.local/lib/python3.7/site-packages/airflow/example_dags/example_branch_operator_decorator.py
[2022-10-06 23:48:44,028] {logging_mixin.py:115} INFO - [2022-10-06 23:48:44,028] {dag.py:2371} INFO - Sync 1 DAGs
[2022-10-06 23:48:44,052] {logging_mixin.py:115} INFO - [2022-10-06 23:48:44,052] {dag.py:2919} INFO - Setting next_dagrun for example_branch_python_operator_decorator to 2022-10-05T00:00:00+00:00, run_after=2022-10-06T00:00:00+00:00
[2022-10-06 23:48:44,064] {processor.py:161} INFO - Processing /home/airflow/.local/lib/python3.7/site-packages/airflow/example_dags/example_branch_operator_decorator.py took 0.105 seconds
[2022-10-06 23:49:14,460] {processor.py:153} INFO - Started process (PID=46324) to work on /home/airflow/.local/lib/python3.7/site-packages/airflow/example_dags/example_branch_operator_decorator.py
[2022-10-06 23:49:14,462] {processor.py:641} INFO - Processing file /home/airflow/.local/lib/python3.7/site-packages/airflow/example_dags/example_branch_operator_decorator.py for tasks to queue
[2022-10-06 23:49:14,463] {logging_mixin.py:115} INFO - [2022-10-06 23:49:14,463] {dagbag.py:507} INFO - Filling up the DagBag from /home/airflow/.local/lib/python3.7/site-packages/airflow/example_dags/example_branch_operator_decorator.py
[2022-10-06 23:49:14,485] {processor.py:651} INFO - DAG(s) dict_keys(['example_branch_python_operator_decorator']) retrieved from /home/airflow/.local/lib/python3.7/site-packages/airflow/example_dags/example_branch_operator_decorator.py
[2022-10-06 23:49:14,514] {logging_mixin.py:115} INFO - [2022-10-06 23:49:14,513] {dag.py:2371} INFO - Sync 1 DAGs
[2022-10-06 23:49:14,536] {logging_mixin.py:115} INFO - [2022-10-06 23:49:14,536] {dag.py:2919} INFO - Setting next_dagrun for example_branch_python_operator_decorator to 2022-10-05T00:00:00+00:00, run_after=2022-10-06T00:00:00+00:00
[2022-10-06 23:49:14,547] {processor.py:161} INFO - Processing /home/airflow/.local/lib/python3.7/site-packages/airflow/example_dags/example_branch_operator_decorator.py took 0.092 seconds
[2022-10-06 23:49:45,055] {processor.py:153} INFO - Started process (PID=46401) to work on /home/airflow/.local/lib/python3.7/site-packages/airflow/example_dags/example_branch_operator_decorator.py
[2022-10-06 23:49:45,056] {processor.py:641} INFO - Processing file /home/airflow/.local/lib/python3.7/site-packages/airflow/example_dags/example_branch_operator_decorator.py for tasks to queue
[2022-10-06 23:49:45,057] {logging_mixin.py:115} INFO - [2022-10-06 23:49:45,057] {dagbag.py:507} INFO - Filling up the DagBag from /home/airflow/.local/lib/python3.7/site-packages/airflow/example_dags/example_branch_operator_decorator.py
[2022-10-06 23:49:45,080] {processor.py:651} INFO - DAG(s) dict_keys(['example_branch_python_operator_decorator']) retrieved from /home/airflow/.local/lib/python3.7/site-packages/airflow/example_dags/example_branch_operator_decorator.py
[2022-10-06 23:49:45,106] {logging_mixin.py:115} INFO - [2022-10-06 23:49:45,105] {dag.py:2371} INFO - Sync 1 DAGs
[2022-10-06 23:49:45,131] {logging_mixin.py:115} INFO - [2022-10-06 23:49:45,131] {dag.py:2919} INFO - Setting next_dagrun for example_branch_python_operator_decorator to 2022-10-05T00:00:00+00:00, run_after=2022-10-06T00:00:00+00:00
[2022-10-06 23:49:45,142] {processor.py:161} INFO - Processing /home/airflow/.local/lib/python3.7/site-packages/airflow/example_dags/example_branch_operator_decorator.py took 0.091 seconds
[2022-10-06 23:50:15,571] {processor.py:153} INFO - Started process (PID=46469) to work on /home/airflow/.local/lib/python3.7/site-packages/airflow/example_dags/example_branch_operator_decorator.py
[2022-10-06 23:50:15,572] {processor.py:641} INFO - Processing file /home/airflow/.local/lib/python3.7/site-packages/airflow/example_dags/example_branch_operator_decorator.py for tasks to queue
[2022-10-06 23:50:15,573] {logging_mixin.py:115} INFO - [2022-10-06 23:50:15,573] {dagbag.py:507} INFO - Filling up the DagBag from /home/airflow/.local/lib/python3.7/site-packages/airflow/example_dags/example_branch_operator_decorator.py
[2022-10-06 23:50:15,594] {processor.py:651} INFO - DAG(s) dict_keys(['example_branch_python_operator_decorator']) retrieved from /home/airflow/.local/lib/python3.7/site-packages/airflow/example_dags/example_branch_operator_decorator.py
[2022-10-06 23:50:15,625] {logging_mixin.py:115} INFO - [2022-10-06 23:50:15,625] {dag.py:2371} INFO - Sync 1 DAGs
[2022-10-06 23:50:15,647] {logging_mixin.py:115} INFO - [2022-10-06 23:50:15,647] {dag.py:2919} INFO - Setting next_dagrun for example_branch_python_operator_decorator to 2022-10-05T00:00:00+00:00, run_after=2022-10-06T00:00:00+00:00
[2022-10-06 23:50:15,659] {processor.py:161} INFO - Processing /home/airflow/.local/lib/python3.7/site-packages/airflow/example_dags/example_branch_operator_decorator.py took 0.092 seconds
[2022-10-06 23:50:46,134] {processor.py:153} INFO - Started process (PID=46546) to work on /home/airflow/.local/lib/python3.7/site-packages/airflow/example_dags/example_branch_operator_decorator.py
[2022-10-06 23:50:46,135] {processor.py:641} INFO - Processing file /home/airflow/.local/lib/python3.7/site-packages/airflow/example_dags/example_branch_operator_decorator.py for tasks to queue
[2022-10-06 23:50:46,136] {logging_mixin.py:115} INFO - [2022-10-06 23:50:46,136] {dagbag.py:507} INFO - Filling up the DagBag from /home/airflow/.local/lib/python3.7/site-packages/airflow/example_dags/example_branch_operator_decorator.py
[2022-10-06 23:50:46,158] {processor.py:651} INFO - DAG(s) dict_keys(['example_branch_python_operator_decorator']) retrieved from /home/airflow/.local/lib/python3.7/site-packages/airflow/example_dags/example_branch_operator_decorator.py
[2022-10-06 23:50:46,190] {logging_mixin.py:115} INFO - [2022-10-06 23:50:46,190] {dag.py:2371} INFO - Sync 1 DAGs
[2022-10-06 23:50:46,214] {logging_mixin.py:115} INFO - [2022-10-06 23:50:46,214] {dag.py:2919} INFO - Setting next_dagrun for example_branch_python_operator_decorator to 2022-10-05T00:00:00+00:00, run_after=2022-10-06T00:00:00+00:00
[2022-10-06 23:50:46,226] {processor.py:161} INFO - Processing /home/airflow/.local/lib/python3.7/site-packages/airflow/example_dags/example_branch_operator_decorator.py took 0.096 seconds
[2022-10-06 23:51:16,647] {processor.py:153} INFO - Started process (PID=46623) to work on /home/airflow/.local/lib/python3.7/site-packages/airflow/example_dags/example_branch_operator_decorator.py
[2022-10-06 23:51:16,648] {processor.py:641} INFO - Processing file /home/airflow/.local/lib/python3.7/site-packages/airflow/example_dags/example_branch_operator_decorator.py for tasks to queue
[2022-10-06 23:51:16,649] {logging_mixin.py:115} INFO - [2022-10-06 23:51:16,649] {dagbag.py:507} INFO - Filling up the DagBag from /home/airflow/.local/lib/python3.7/site-packages/airflow/example_dags/example_branch_operator_decorator.py
[2022-10-06 23:51:16,674] {processor.py:651} INFO - DAG(s) dict_keys(['example_branch_python_operator_decorator']) retrieved from /home/airflow/.local/lib/python3.7/site-packages/airflow/example_dags/example_branch_operator_decorator.py
[2022-10-06 23:51:16,707] {logging_mixin.py:115} INFO - [2022-10-06 23:51:16,707] {dag.py:2371} INFO - Sync 1 DAGs
[2022-10-06 23:51:16,734] {logging_mixin.py:115} INFO - [2022-10-06 23:51:16,734] {dag.py:2919} INFO - Setting next_dagrun for example_branch_python_operator_decorator to 2022-10-05T00:00:00+00:00, run_after=2022-10-06T00:00:00+00:00
[2022-10-06 23:51:16,748] {processor.py:161} INFO - Processing /home/airflow/.local/lib/python3.7/site-packages/airflow/example_dags/example_branch_operator_decorator.py took 0.106 seconds
[2022-10-06 23:51:47,627] {processor.py:153} INFO - Started process (PID=46690) to work on /home/airflow/.local/lib/python3.7/site-packages/airflow/example_dags/example_branch_operator_decorator.py
[2022-10-06 23:51:47,628] {processor.py:641} INFO - Processing file /home/airflow/.local/lib/python3.7/site-packages/airflow/example_dags/example_branch_operator_decorator.py for tasks to queue
[2022-10-06 23:51:47,630] {logging_mixin.py:115} INFO - [2022-10-06 23:51:47,630] {dagbag.py:507} INFO - Filling up the DagBag from /home/airflow/.local/lib/python3.7/site-packages/airflow/example_dags/example_branch_operator_decorator.py
[2022-10-06 23:51:47,660] {processor.py:651} INFO - DAG(s) dict_keys(['example_branch_python_operator_decorator']) retrieved from /home/airflow/.local/lib/python3.7/site-packages/airflow/example_dags/example_branch_operator_decorator.py
[2022-10-06 23:51:47,700] {logging_mixin.py:115} INFO - [2022-10-06 23:51:47,700] {dag.py:2371} INFO - Sync 1 DAGs
[2022-10-06 23:51:47,734] {logging_mixin.py:115} INFO - [2022-10-06 23:51:47,734] {dag.py:2919} INFO - Setting next_dagrun for example_branch_python_operator_decorator to 2022-10-05T00:00:00+00:00, run_after=2022-10-06T00:00:00+00:00
[2022-10-06 23:51:47,751] {processor.py:161} INFO - Processing /home/airflow/.local/lib/python3.7/site-packages/airflow/example_dags/example_branch_operator_decorator.py took 0.130 seconds
[2022-10-06 23:52:17,897] {processor.py:153} INFO - Started process (PID=46765) to work on /home/airflow/.local/lib/python3.7/site-packages/airflow/example_dags/example_branch_operator_decorator.py
[2022-10-06 23:52:17,903] {processor.py:641} INFO - Processing file /home/airflow/.local/lib/python3.7/site-packages/airflow/example_dags/example_branch_operator_decorator.py for tasks to queue
[2022-10-06 23:52:17,905] {logging_mixin.py:115} INFO - [2022-10-06 23:52:17,905] {dagbag.py:507} INFO - Filling up the DagBag from /home/airflow/.local/lib/python3.7/site-packages/airflow/example_dags/example_branch_operator_decorator.py
[2022-10-06 23:52:17,933] {processor.py:651} INFO - DAG(s) dict_keys(['example_branch_python_operator_decorator']) retrieved from /home/airflow/.local/lib/python3.7/site-packages/airflow/example_dags/example_branch_operator_decorator.py
[2022-10-06 23:52:17,994] {logging_mixin.py:115} INFO - [2022-10-06 23:52:17,994] {dag.py:2371} INFO - Sync 1 DAGs
[2022-10-06 23:52:18,057] {logging_mixin.py:115} INFO - [2022-10-06 23:52:18,056] {dag.py:2919} INFO - Setting next_dagrun for example_branch_python_operator_decorator to 2022-10-05T00:00:00+00:00, run_after=2022-10-06T00:00:00+00:00
[2022-10-06 23:52:18,106] {processor.py:161} INFO - Processing /home/airflow/.local/lib/python3.7/site-packages/airflow/example_dags/example_branch_operator_decorator.py took 0.213 seconds
[2022-10-06 23:52:48,401] {processor.py:153} INFO - Started process (PID=46843) to work on /home/airflow/.local/lib/python3.7/site-packages/airflow/example_dags/example_branch_operator_decorator.py
[2022-10-06 23:52:48,403] {processor.py:641} INFO - Processing file /home/airflow/.local/lib/python3.7/site-packages/airflow/example_dags/example_branch_operator_decorator.py for tasks to queue
[2022-10-06 23:52:48,404] {logging_mixin.py:115} INFO - [2022-10-06 23:52:48,404] {dagbag.py:507} INFO - Filling up the DagBag from /home/airflow/.local/lib/python3.7/site-packages/airflow/example_dags/example_branch_operator_decorator.py
[2022-10-06 23:52:48,432] {processor.py:651} INFO - DAG(s) dict_keys(['example_branch_python_operator_decorator']) retrieved from /home/airflow/.local/lib/python3.7/site-packages/airflow/example_dags/example_branch_operator_decorator.py
[2022-10-06 23:52:48,470] {logging_mixin.py:115} INFO - [2022-10-06 23:52:48,470] {dag.py:2371} INFO - Sync 1 DAGs
[2022-10-06 23:52:48,500] {logging_mixin.py:115} INFO - [2022-10-06 23:52:48,500] {dag.py:2919} INFO - Setting next_dagrun for example_branch_python_operator_decorator to 2022-10-05T00:00:00+00:00, run_after=2022-10-06T00:00:00+00:00
[2022-10-06 23:52:48,516] {processor.py:161} INFO - Processing /home/airflow/.local/lib/python3.7/site-packages/airflow/example_dags/example_branch_operator_decorator.py took 0.121 seconds
[2022-10-06 23:53:18,709] {processor.py:153} INFO - Started process (PID=46911) to work on /home/airflow/.local/lib/python3.7/site-packages/airflow/example_dags/example_branch_operator_decorator.py
[2022-10-06 23:53:18,711] {processor.py:641} INFO - Processing file /home/airflow/.local/lib/python3.7/site-packages/airflow/example_dags/example_branch_operator_decorator.py for tasks to queue
[2022-10-06 23:53:18,712] {logging_mixin.py:115} INFO - [2022-10-06 23:53:18,712] {dagbag.py:507} INFO - Filling up the DagBag from /home/airflow/.local/lib/python3.7/site-packages/airflow/example_dags/example_branch_operator_decorator.py
[2022-10-06 23:53:18,735] {processor.py:651} INFO - DAG(s) dict_keys(['example_branch_python_operator_decorator']) retrieved from /home/airflow/.local/lib/python3.7/site-packages/airflow/example_dags/example_branch_operator_decorator.py
[2022-10-06 23:53:18,765] {logging_mixin.py:115} INFO - [2022-10-06 23:53:18,765] {dag.py:2371} INFO - Sync 1 DAGs
[2022-10-06 23:53:18,791] {logging_mixin.py:115} INFO - [2022-10-06 23:53:18,791] {dag.py:2919} INFO - Setting next_dagrun for example_branch_python_operator_decorator to 2022-10-05T00:00:00+00:00, run_after=2022-10-06T00:00:00+00:00
[2022-10-06 23:53:18,803] {processor.py:161} INFO - Processing /home/airflow/.local/lib/python3.7/site-packages/airflow/example_dags/example_branch_operator_decorator.py took 0.099 seconds
[2022-10-06 23:53:49,696] {processor.py:153} INFO - Started process (PID=46988) to work on /home/airflow/.local/lib/python3.7/site-packages/airflow/example_dags/example_branch_operator_decorator.py
[2022-10-06 23:53:49,698] {processor.py:641} INFO - Processing file /home/airflow/.local/lib/python3.7/site-packages/airflow/example_dags/example_branch_operator_decorator.py for tasks to queue
[2022-10-06 23:53:49,699] {logging_mixin.py:115} INFO - [2022-10-06 23:53:49,699] {dagbag.py:507} INFO - Filling up the DagBag from /home/airflow/.local/lib/python3.7/site-packages/airflow/example_dags/example_branch_operator_decorator.py
[2022-10-06 23:53:49,746] {processor.py:651} INFO - DAG(s) dict_keys(['example_branch_python_operator_decorator']) retrieved from /home/airflow/.local/lib/python3.7/site-packages/airflow/example_dags/example_branch_operator_decorator.py
[2022-10-06 23:53:49,821] {logging_mixin.py:115} INFO - [2022-10-06 23:53:49,821] {dag.py:2371} INFO - Sync 1 DAGs
[2022-10-06 23:53:49,864] {logging_mixin.py:115} INFO - [2022-10-06 23:53:49,864] {dag.py:2919} INFO - Setting next_dagrun for example_branch_python_operator_decorator to 2022-10-05T00:00:00+00:00, run_after=2022-10-06T00:00:00+00:00
[2022-10-06 23:53:49,886] {processor.py:161} INFO - Processing /home/airflow/.local/lib/python3.7/site-packages/airflow/example_dags/example_branch_operator_decorator.py took 0.196 seconds
