[2022-10-06 04:58:15,287] {processor.py:153} INFO - Started process (PID=44948) to work on /home/airflow/.local/lib/python3.7/site-packages/airflow/example_dags/example_python_operator.py
[2022-10-06 04:58:15,289] {processor.py:641} INFO - Processing file /home/airflow/.local/lib/python3.7/site-packages/airflow/example_dags/example_python_operator.py for tasks to queue
[2022-10-06 04:58:15,291] {logging_mixin.py:115} INFO - [2022-10-06 04:58:15,291] {dagbag.py:507} INFO - Filling up the DagBag from /home/airflow/.local/lib/python3.7/site-packages/airflow/example_dags/example_python_operator.py
[2022-10-06 04:58:15,317] {processor.py:651} INFO - DAG(s) dict_keys(['example_python_operator']) retrieved from /home/airflow/.local/lib/python3.7/site-packages/airflow/example_dags/example_python_operator.py
[2022-10-06 04:58:15,358] {logging_mixin.py:115} INFO - [2022-10-06 04:58:15,357] {dag.py:2371} INFO - Sync 1 DAGs
[2022-10-06 04:58:15,383] {logging_mixin.py:115} INFO - [2022-10-06 04:58:15,383] {dag.py:2919} INFO - Setting next_dagrun for example_python_operator to None, run_after=None
[2022-10-06 04:58:15,401] {processor.py:161} INFO - Processing /home/airflow/.local/lib/python3.7/site-packages/airflow/example_dags/example_python_operator.py took 0.119 seconds
[2022-10-06 12:13:21,437] {processor.py:153} INFO - Started process (PID=45016) to work on /home/airflow/.local/lib/python3.7/site-packages/airflow/example_dags/example_python_operator.py
[2022-10-06 12:13:21,439] {processor.py:641} INFO - Processing file /home/airflow/.local/lib/python3.7/site-packages/airflow/example_dags/example_python_operator.py for tasks to queue
[2022-10-06 12:13:21,440] {logging_mixin.py:115} INFO - [2022-10-06 12:13:21,440] {dagbag.py:507} INFO - Filling up the DagBag from /home/airflow/.local/lib/python3.7/site-packages/airflow/example_dags/example_python_operator.py
[2022-10-06 12:13:21,461] {processor.py:651} INFO - DAG(s) dict_keys(['example_python_operator']) retrieved from /home/airflow/.local/lib/python3.7/site-packages/airflow/example_dags/example_python_operator.py
[2022-10-06 12:13:21,491] {logging_mixin.py:115} INFO - [2022-10-06 12:13:21,491] {dag.py:2371} INFO - Sync 1 DAGs
[2022-10-06 12:13:21,517] {logging_mixin.py:115} INFO - [2022-10-06 12:13:21,517] {dag.py:2919} INFO - Setting next_dagrun for example_python_operator to None, run_after=None
[2022-10-06 12:13:21,531] {processor.py:161} INFO - Processing /home/airflow/.local/lib/python3.7/site-packages/airflow/example_dags/example_python_operator.py took 0.098 seconds
[2022-10-06 12:13:51,558] {processor.py:153} INFO - Started process (PID=45091) to work on /home/airflow/.local/lib/python3.7/site-packages/airflow/example_dags/example_python_operator.py
[2022-10-06 12:13:51,560] {processor.py:641} INFO - Processing file /home/airflow/.local/lib/python3.7/site-packages/airflow/example_dags/example_python_operator.py for tasks to queue
[2022-10-06 12:13:51,561] {logging_mixin.py:115} INFO - [2022-10-06 12:13:51,561] {dagbag.py:507} INFO - Filling up the DagBag from /home/airflow/.local/lib/python3.7/site-packages/airflow/example_dags/example_python_operator.py
[2022-10-06 12:13:51,581] {processor.py:651} INFO - DAG(s) dict_keys(['example_python_operator']) retrieved from /home/airflow/.local/lib/python3.7/site-packages/airflow/example_dags/example_python_operator.py
[2022-10-06 12:13:51,607] {logging_mixin.py:115} INFO - [2022-10-06 12:13:51,607] {dag.py:2371} INFO - Sync 1 DAGs
[2022-10-06 12:13:51,628] {logging_mixin.py:115} INFO - [2022-10-06 12:13:51,627] {dag.py:2919} INFO - Setting next_dagrun for example_python_operator to None, run_after=None
[2022-10-06 12:13:51,640] {processor.py:161} INFO - Processing /home/airflow/.local/lib/python3.7/site-packages/airflow/example_dags/example_python_operator.py took 0.085 seconds
[2022-10-06 17:15:20,809] {processor.py:153} INFO - Started process (PID=45161) to work on /home/airflow/.local/lib/python3.7/site-packages/airflow/example_dags/example_python_operator.py
[2022-10-06 17:15:20,810] {processor.py:641} INFO - Processing file /home/airflow/.local/lib/python3.7/site-packages/airflow/example_dags/example_python_operator.py for tasks to queue
[2022-10-06 17:15:20,812] {logging_mixin.py:115} INFO - [2022-10-06 17:15:20,812] {dagbag.py:507} INFO - Filling up the DagBag from /home/airflow/.local/lib/python3.7/site-packages/airflow/example_dags/example_python_operator.py
[2022-10-06 17:15:20,834] {processor.py:651} INFO - DAG(s) dict_keys(['example_python_operator']) retrieved from /home/airflow/.local/lib/python3.7/site-packages/airflow/example_dags/example_python_operator.py
[2022-10-06 17:15:20,871] {logging_mixin.py:115} INFO - [2022-10-06 17:15:20,871] {dag.py:2371} INFO - Sync 1 DAGs
[2022-10-06 17:15:20,893] {logging_mixin.py:115} INFO - [2022-10-06 17:15:20,893] {dag.py:2919} INFO - Setting next_dagrun for example_python_operator to None, run_after=None
[2022-10-06 17:15:20,907] {processor.py:161} INFO - Processing /home/airflow/.local/lib/python3.7/site-packages/airflow/example_dags/example_python_operator.py took 0.102 seconds
[2022-10-06 17:16:01,159] {processor.py:153} INFO - Started process (PID=45230) to work on /home/airflow/.local/lib/python3.7/site-packages/airflow/example_dags/example_python_operator.py
[2022-10-06 17:16:01,163] {processor.py:641} INFO - Processing file /home/airflow/.local/lib/python3.7/site-packages/airflow/example_dags/example_python_operator.py for tasks to queue
[2022-10-06 17:16:01,169] {logging_mixin.py:115} INFO - [2022-10-06 17:16:01,169] {dagbag.py:507} INFO - Filling up the DagBag from /home/airflow/.local/lib/python3.7/site-packages/airflow/example_dags/example_python_operator.py
[2022-10-06 17:16:01,267] {processor.py:651} INFO - DAG(s) dict_keys(['example_python_operator']) retrieved from /home/airflow/.local/lib/python3.7/site-packages/airflow/example_dags/example_python_operator.py
[2022-10-06 17:16:01,396] {logging_mixin.py:115} INFO - [2022-10-06 17:16:01,396] {dag.py:2371} INFO - Sync 1 DAGs
[2022-10-06 17:16:01,489] {logging_mixin.py:115} INFO - [2022-10-06 17:16:01,489] {dag.py:2919} INFO - Setting next_dagrun for example_python_operator to None, run_after=None
[2022-10-06 17:16:01,542] {processor.py:161} INFO - Processing /home/airflow/.local/lib/python3.7/site-packages/airflow/example_dags/example_python_operator.py took 0.401 seconds
[2022-10-06 23:42:03,359] {processor.py:153} INFO - Started process (PID=45298) to work on /home/airflow/.local/lib/python3.7/site-packages/airflow/example_dags/example_python_operator.py
[2022-10-06 23:42:03,360] {processor.py:641} INFO - Processing file /home/airflow/.local/lib/python3.7/site-packages/airflow/example_dags/example_python_operator.py for tasks to queue
[2022-10-06 23:42:03,361] {logging_mixin.py:115} INFO - [2022-10-06 23:42:03,361] {dagbag.py:507} INFO - Filling up the DagBag from /home/airflow/.local/lib/python3.7/site-packages/airflow/example_dags/example_python_operator.py
[2022-10-06 23:42:03,384] {processor.py:651} INFO - DAG(s) dict_keys(['example_python_operator']) retrieved from /home/airflow/.local/lib/python3.7/site-packages/airflow/example_dags/example_python_operator.py
[2022-10-06 23:42:03,418] {logging_mixin.py:115} INFO - [2022-10-06 23:42:03,418] {dag.py:2371} INFO - Sync 1 DAGs
[2022-10-06 23:42:03,452] {logging_mixin.py:115} INFO - [2022-10-06 23:42:03,452] {dag.py:2919} INFO - Setting next_dagrun for example_python_operator to None, run_after=None
[2022-10-06 23:42:03,471] {processor.py:161} INFO - Processing /home/airflow/.local/lib/python3.7/site-packages/airflow/example_dags/example_python_operator.py took 0.116 seconds
[2022-10-06 23:42:33,562] {processor.py:153} INFO - Started process (PID=45364) to work on /home/airflow/.local/lib/python3.7/site-packages/airflow/example_dags/example_python_operator.py
[2022-10-06 23:42:33,563] {processor.py:641} INFO - Processing file /home/airflow/.local/lib/python3.7/site-packages/airflow/example_dags/example_python_operator.py for tasks to queue
[2022-10-06 23:42:33,564] {logging_mixin.py:115} INFO - [2022-10-06 23:42:33,564] {dagbag.py:507} INFO - Filling up the DagBag from /home/airflow/.local/lib/python3.7/site-packages/airflow/example_dags/example_python_operator.py
[2022-10-06 23:42:33,589] {processor.py:651} INFO - DAG(s) dict_keys(['example_python_operator']) retrieved from /home/airflow/.local/lib/python3.7/site-packages/airflow/example_dags/example_python_operator.py
[2022-10-06 23:42:33,621] {logging_mixin.py:115} INFO - [2022-10-06 23:42:33,621] {dag.py:2371} INFO - Sync 1 DAGs
[2022-10-06 23:42:33,642] {logging_mixin.py:115} INFO - [2022-10-06 23:42:33,642] {dag.py:2919} INFO - Setting next_dagrun for example_python_operator to None, run_after=None
[2022-10-06 23:42:33,653] {processor.py:161} INFO - Processing /home/airflow/.local/lib/python3.7/site-packages/airflow/example_dags/example_python_operator.py took 0.096 seconds
[2022-10-06 23:43:04,227] {processor.py:153} INFO - Started process (PID=45441) to work on /home/airflow/.local/lib/python3.7/site-packages/airflow/example_dags/example_python_operator.py
[2022-10-06 23:43:04,229] {processor.py:641} INFO - Processing file /home/airflow/.local/lib/python3.7/site-packages/airflow/example_dags/example_python_operator.py for tasks to queue
[2022-10-06 23:43:04,230] {logging_mixin.py:115} INFO - [2022-10-06 23:43:04,230] {dagbag.py:507} INFO - Filling up the DagBag from /home/airflow/.local/lib/python3.7/site-packages/airflow/example_dags/example_python_operator.py
[2022-10-06 23:43:04,253] {processor.py:651} INFO - DAG(s) dict_keys(['example_python_operator']) retrieved from /home/airflow/.local/lib/python3.7/site-packages/airflow/example_dags/example_python_operator.py
[2022-10-06 23:43:04,288] {logging_mixin.py:115} INFO - [2022-10-06 23:43:04,288] {dag.py:2371} INFO - Sync 1 DAGs
[2022-10-06 23:43:04,319] {logging_mixin.py:115} INFO - [2022-10-06 23:43:04,319] {dag.py:2919} INFO - Setting next_dagrun for example_python_operator to None, run_after=None
[2022-10-06 23:43:04,334] {processor.py:161} INFO - Processing /home/airflow/.local/lib/python3.7/site-packages/airflow/example_dags/example_python_operator.py took 0.111 seconds
[2022-10-06 23:43:35,206] {processor.py:153} INFO - Started process (PID=45520) to work on /home/airflow/.local/lib/python3.7/site-packages/airflow/example_dags/example_python_operator.py
[2022-10-06 23:43:35,207] {processor.py:641} INFO - Processing file /home/airflow/.local/lib/python3.7/site-packages/airflow/example_dags/example_python_operator.py for tasks to queue
[2022-10-06 23:43:35,209] {logging_mixin.py:115} INFO - [2022-10-06 23:43:35,208] {dagbag.py:507} INFO - Filling up the DagBag from /home/airflow/.local/lib/python3.7/site-packages/airflow/example_dags/example_python_operator.py
[2022-10-06 23:43:35,232] {processor.py:651} INFO - DAG(s) dict_keys(['example_python_operator']) retrieved from /home/airflow/.local/lib/python3.7/site-packages/airflow/example_dags/example_python_operator.py
[2022-10-06 23:43:35,265] {logging_mixin.py:115} INFO - [2022-10-06 23:43:35,265] {dag.py:2371} INFO - Sync 1 DAGs
[2022-10-06 23:43:35,286] {logging_mixin.py:115} INFO - [2022-10-06 23:43:35,286] {dag.py:2919} INFO - Setting next_dagrun for example_python_operator to None, run_after=None
[2022-10-06 23:43:35,299] {processor.py:161} INFO - Processing /home/airflow/.local/lib/python3.7/site-packages/airflow/example_dags/example_python_operator.py took 0.098 seconds
[2022-10-06 23:44:06,596] {processor.py:153} INFO - Started process (PID=45594) to work on /home/airflow/.local/lib/python3.7/site-packages/airflow/example_dags/example_python_operator.py
[2022-10-06 23:44:06,597] {processor.py:641} INFO - Processing file /home/airflow/.local/lib/python3.7/site-packages/airflow/example_dags/example_python_operator.py for tasks to queue
[2022-10-06 23:44:06,599] {logging_mixin.py:115} INFO - [2022-10-06 23:44:06,599] {dagbag.py:507} INFO - Filling up the DagBag from /home/airflow/.local/lib/python3.7/site-packages/airflow/example_dags/example_python_operator.py
[2022-10-06 23:44:06,626] {processor.py:651} INFO - DAG(s) dict_keys(['example_python_operator']) retrieved from /home/airflow/.local/lib/python3.7/site-packages/airflow/example_dags/example_python_operator.py
[2022-10-06 23:44:06,660] {logging_mixin.py:115} INFO - [2022-10-06 23:44:06,660] {dag.py:2371} INFO - Sync 1 DAGs
[2022-10-06 23:44:06,685] {logging_mixin.py:115} INFO - [2022-10-06 23:44:06,685] {dag.py:2919} INFO - Setting next_dagrun for example_python_operator to None, run_after=None
[2022-10-06 23:44:06,698] {processor.py:161} INFO - Processing /home/airflow/.local/lib/python3.7/site-packages/airflow/example_dags/example_python_operator.py took 0.108 seconds
[2022-10-06 23:44:37,602] {processor.py:153} INFO - Started process (PID=45665) to work on /home/airflow/.local/lib/python3.7/site-packages/airflow/example_dags/example_python_operator.py
[2022-10-06 23:44:37,603] {processor.py:641} INFO - Processing file /home/airflow/.local/lib/python3.7/site-packages/airflow/example_dags/example_python_operator.py for tasks to queue
[2022-10-06 23:44:37,604] {logging_mixin.py:115} INFO - [2022-10-06 23:44:37,604] {dagbag.py:507} INFO - Filling up the DagBag from /home/airflow/.local/lib/python3.7/site-packages/airflow/example_dags/example_python_operator.py
[2022-10-06 23:44:37,626] {processor.py:651} INFO - DAG(s) dict_keys(['example_python_operator']) retrieved from /home/airflow/.local/lib/python3.7/site-packages/airflow/example_dags/example_python_operator.py
[2022-10-06 23:44:37,657] {logging_mixin.py:115} INFO - [2022-10-06 23:44:37,657] {dag.py:2371} INFO - Sync 1 DAGs
[2022-10-06 23:44:37,678] {logging_mixin.py:115} INFO - [2022-10-06 23:44:37,678] {dag.py:2919} INFO - Setting next_dagrun for example_python_operator to None, run_after=None
[2022-10-06 23:44:37,690] {processor.py:161} INFO - Processing /home/airflow/.local/lib/python3.7/site-packages/airflow/example_dags/example_python_operator.py took 0.092 seconds
[2022-10-06 23:45:08,143] {processor.py:153} INFO - Started process (PID=45741) to work on /home/airflow/.local/lib/python3.7/site-packages/airflow/example_dags/example_python_operator.py
[2022-10-06 23:45:08,144] {processor.py:641} INFO - Processing file /home/airflow/.local/lib/python3.7/site-packages/airflow/example_dags/example_python_operator.py for tasks to queue
[2022-10-06 23:45:08,145] {logging_mixin.py:115} INFO - [2022-10-06 23:45:08,145] {dagbag.py:507} INFO - Filling up the DagBag from /home/airflow/.local/lib/python3.7/site-packages/airflow/example_dags/example_python_operator.py
[2022-10-06 23:45:08,165] {processor.py:651} INFO - DAG(s) dict_keys(['example_python_operator']) retrieved from /home/airflow/.local/lib/python3.7/site-packages/airflow/example_dags/example_python_operator.py
[2022-10-06 23:45:08,196] {logging_mixin.py:115} INFO - [2022-10-06 23:45:08,196] {dag.py:2371} INFO - Sync 1 DAGs
[2022-10-06 23:45:08,218] {logging_mixin.py:115} INFO - [2022-10-06 23:45:08,218] {dag.py:2919} INFO - Setting next_dagrun for example_python_operator to None, run_after=None
[2022-10-06 23:45:08,229] {processor.py:161} INFO - Processing /home/airflow/.local/lib/python3.7/site-packages/airflow/example_dags/example_python_operator.py took 0.090 seconds
[2022-10-06 23:45:42,381] {processor.py:153} INFO - Started process (PID=45819) to work on /home/airflow/.local/lib/python3.7/site-packages/airflow/example_dags/example_python_operator.py
[2022-10-06 23:45:42,384] {processor.py:641} INFO - Processing file /home/airflow/.local/lib/python3.7/site-packages/airflow/example_dags/example_python_operator.py for tasks to queue
[2022-10-06 23:45:42,387] {logging_mixin.py:115} INFO - [2022-10-06 23:45:42,386] {dagbag.py:507} INFO - Filling up the DagBag from /home/airflow/.local/lib/python3.7/site-packages/airflow/example_dags/example_python_operator.py
[2022-10-06 23:45:42,445] {processor.py:651} INFO - DAG(s) dict_keys(['example_python_operator']) retrieved from /home/airflow/.local/lib/python3.7/site-packages/airflow/example_dags/example_python_operator.py
[2022-10-06 23:45:42,491] {logging_mixin.py:115} INFO - [2022-10-06 23:45:42,491] {dag.py:2371} INFO - Sync 1 DAGs
[2022-10-06 23:45:42,529] {logging_mixin.py:115} INFO - [2022-10-06 23:45:42,528] {dag.py:2919} INFO - Setting next_dagrun for example_python_operator to None, run_after=None
[2022-10-06 23:45:42,546] {processor.py:161} INFO - Processing /home/airflow/.local/lib/python3.7/site-packages/airflow/example_dags/example_python_operator.py took 0.177 seconds
[2022-10-06 23:46:12,893] {processor.py:153} INFO - Started process (PID=45886) to work on /home/airflow/.local/lib/python3.7/site-packages/airflow/example_dags/example_python_operator.py
[2022-10-06 23:46:12,895] {processor.py:641} INFO - Processing file /home/airflow/.local/lib/python3.7/site-packages/airflow/example_dags/example_python_operator.py for tasks to queue
[2022-10-06 23:46:12,896] {logging_mixin.py:115} INFO - [2022-10-06 23:46:12,896] {dagbag.py:507} INFO - Filling up the DagBag from /home/airflow/.local/lib/python3.7/site-packages/airflow/example_dags/example_python_operator.py
[2022-10-06 23:46:12,922] {processor.py:651} INFO - DAG(s) dict_keys(['example_python_operator']) retrieved from /home/airflow/.local/lib/python3.7/site-packages/airflow/example_dags/example_python_operator.py
[2022-10-06 23:46:12,962] {logging_mixin.py:115} INFO - [2022-10-06 23:46:12,962] {dag.py:2371} INFO - Sync 1 DAGs
[2022-10-06 23:46:12,993] {logging_mixin.py:115} INFO - [2022-10-06 23:46:12,992] {dag.py:2919} INFO - Setting next_dagrun for example_python_operator to None, run_after=None
[2022-10-06 23:46:13,008] {processor.py:161} INFO - Processing /home/airflow/.local/lib/python3.7/site-packages/airflow/example_dags/example_python_operator.py took 0.120 seconds
[2022-10-06 23:46:43,094] {processor.py:153} INFO - Started process (PID=45962) to work on /home/airflow/.local/lib/python3.7/site-packages/airflow/example_dags/example_python_operator.py
[2022-10-06 23:46:43,095] {processor.py:641} INFO - Processing file /home/airflow/.local/lib/python3.7/site-packages/airflow/example_dags/example_python_operator.py for tasks to queue
[2022-10-06 23:46:43,096] {logging_mixin.py:115} INFO - [2022-10-06 23:46:43,096] {dagbag.py:507} INFO - Filling up the DagBag from /home/airflow/.local/lib/python3.7/site-packages/airflow/example_dags/example_python_operator.py
[2022-10-06 23:46:43,117] {processor.py:651} INFO - DAG(s) dict_keys(['example_python_operator']) retrieved from /home/airflow/.local/lib/python3.7/site-packages/airflow/example_dags/example_python_operator.py
[2022-10-06 23:46:43,146] {logging_mixin.py:115} INFO - [2022-10-06 23:46:43,146] {dag.py:2371} INFO - Sync 1 DAGs
[2022-10-06 23:46:43,168] {logging_mixin.py:115} INFO - [2022-10-06 23:46:43,168] {dag.py:2919} INFO - Setting next_dagrun for example_python_operator to None, run_after=None
[2022-10-06 23:46:43,182] {processor.py:161} INFO - Processing /home/airflow/.local/lib/python3.7/site-packages/airflow/example_dags/example_python_operator.py took 0.092 seconds
[2022-10-06 23:47:13,419] {processor.py:153} INFO - Started process (PID=46030) to work on /home/airflow/.local/lib/python3.7/site-packages/airflow/example_dags/example_python_operator.py
[2022-10-06 23:47:13,421] {processor.py:641} INFO - Processing file /home/airflow/.local/lib/python3.7/site-packages/airflow/example_dags/example_python_operator.py for tasks to queue
[2022-10-06 23:47:13,422] {logging_mixin.py:115} INFO - [2022-10-06 23:47:13,422] {dagbag.py:507} INFO - Filling up the DagBag from /home/airflow/.local/lib/python3.7/site-packages/airflow/example_dags/example_python_operator.py
[2022-10-06 23:47:13,442] {processor.py:651} INFO - DAG(s) dict_keys(['example_python_operator']) retrieved from /home/airflow/.local/lib/python3.7/site-packages/airflow/example_dags/example_python_operator.py
[2022-10-06 23:47:13,469] {logging_mixin.py:115} INFO - [2022-10-06 23:47:13,469] {dag.py:2371} INFO - Sync 1 DAGs
[2022-10-06 23:47:13,490] {logging_mixin.py:115} INFO - [2022-10-06 23:47:13,490] {dag.py:2919} INFO - Setting next_dagrun for example_python_operator to None, run_after=None
[2022-10-06 23:47:13,501] {processor.py:161} INFO - Processing /home/airflow/.local/lib/python3.7/site-packages/airflow/example_dags/example_python_operator.py took 0.086 seconds
[2022-10-06 23:47:43,985] {processor.py:153} INFO - Started process (PID=46107) to work on /home/airflow/.local/lib/python3.7/site-packages/airflow/example_dags/example_python_operator.py
[2022-10-06 23:47:43,986] {processor.py:641} INFO - Processing file /home/airflow/.local/lib/python3.7/site-packages/airflow/example_dags/example_python_operator.py for tasks to queue
[2022-10-06 23:47:43,987] {logging_mixin.py:115} INFO - [2022-10-06 23:47:43,987] {dagbag.py:507} INFO - Filling up the DagBag from /home/airflow/.local/lib/python3.7/site-packages/airflow/example_dags/example_python_operator.py
[2022-10-06 23:47:44,007] {processor.py:651} INFO - DAG(s) dict_keys(['example_python_operator']) retrieved from /home/airflow/.local/lib/python3.7/site-packages/airflow/example_dags/example_python_operator.py
[2022-10-06 23:47:44,035] {logging_mixin.py:115} INFO - [2022-10-06 23:47:44,035] {dag.py:2371} INFO - Sync 1 DAGs
[2022-10-06 23:47:44,055] {logging_mixin.py:115} INFO - [2022-10-06 23:47:44,055] {dag.py:2919} INFO - Setting next_dagrun for example_python_operator to None, run_after=None
[2022-10-06 23:47:44,067] {processor.py:161} INFO - Processing /home/airflow/.local/lib/python3.7/site-packages/airflow/example_dags/example_python_operator.py took 0.085 seconds
[2022-10-06 23:48:14,915] {processor.py:153} INFO - Started process (PID=46185) to work on /home/airflow/.local/lib/python3.7/site-packages/airflow/example_dags/example_python_operator.py
[2022-10-06 23:48:14,916] {processor.py:641} INFO - Processing file /home/airflow/.local/lib/python3.7/site-packages/airflow/example_dags/example_python_operator.py for tasks to queue
[2022-10-06 23:48:14,917] {logging_mixin.py:115} INFO - [2022-10-06 23:48:14,917] {dagbag.py:507} INFO - Filling up the DagBag from /home/airflow/.local/lib/python3.7/site-packages/airflow/example_dags/example_python_operator.py
[2022-10-06 23:48:14,938] {processor.py:651} INFO - DAG(s) dict_keys(['example_python_operator']) retrieved from /home/airflow/.local/lib/python3.7/site-packages/airflow/example_dags/example_python_operator.py
[2022-10-06 23:48:14,965] {logging_mixin.py:115} INFO - [2022-10-06 23:48:14,965] {dag.py:2371} INFO - Sync 1 DAGs
[2022-10-06 23:48:14,985] {logging_mixin.py:115} INFO - [2022-10-06 23:48:14,985] {dag.py:2919} INFO - Setting next_dagrun for example_python_operator to None, run_after=None
[2022-10-06 23:48:14,997] {processor.py:161} INFO - Processing /home/airflow/.local/lib/python3.7/site-packages/airflow/example_dags/example_python_operator.py took 0.086 seconds
[2022-10-06 23:48:45,362] {processor.py:153} INFO - Started process (PID=46253) to work on /home/airflow/.local/lib/python3.7/site-packages/airflow/example_dags/example_python_operator.py
[2022-10-06 23:48:45,363] {processor.py:641} INFO - Processing file /home/airflow/.local/lib/python3.7/site-packages/airflow/example_dags/example_python_operator.py for tasks to queue
[2022-10-06 23:48:45,365] {logging_mixin.py:115} INFO - [2022-10-06 23:48:45,364] {dagbag.py:507} INFO - Filling up the DagBag from /home/airflow/.local/lib/python3.7/site-packages/airflow/example_dags/example_python_operator.py
[2022-10-06 23:48:45,385] {processor.py:651} INFO - DAG(s) dict_keys(['example_python_operator']) retrieved from /home/airflow/.local/lib/python3.7/site-packages/airflow/example_dags/example_python_operator.py
[2022-10-06 23:48:45,414] {logging_mixin.py:115} INFO - [2022-10-06 23:48:45,414] {dag.py:2371} INFO - Sync 1 DAGs
[2022-10-06 23:48:45,435] {logging_mixin.py:115} INFO - [2022-10-06 23:48:45,435] {dag.py:2919} INFO - Setting next_dagrun for example_python_operator to None, run_after=None
[2022-10-06 23:48:45,447] {processor.py:161} INFO - Processing /home/airflow/.local/lib/python3.7/site-packages/airflow/example_dags/example_python_operator.py took 0.088 seconds
[2022-10-06 23:49:15,885] {processor.py:153} INFO - Started process (PID=46330) to work on /home/airflow/.local/lib/python3.7/site-packages/airflow/example_dags/example_python_operator.py
[2022-10-06 23:49:15,887] {processor.py:641} INFO - Processing file /home/airflow/.local/lib/python3.7/site-packages/airflow/example_dags/example_python_operator.py for tasks to queue
[2022-10-06 23:49:15,888] {logging_mixin.py:115} INFO - [2022-10-06 23:49:15,888] {dagbag.py:507} INFO - Filling up the DagBag from /home/airflow/.local/lib/python3.7/site-packages/airflow/example_dags/example_python_operator.py
[2022-10-06 23:49:15,908] {processor.py:651} INFO - DAG(s) dict_keys(['example_python_operator']) retrieved from /home/airflow/.local/lib/python3.7/site-packages/airflow/example_dags/example_python_operator.py
[2022-10-06 23:49:15,939] {logging_mixin.py:115} INFO - [2022-10-06 23:49:15,939] {dag.py:2371} INFO - Sync 1 DAGs
[2022-10-06 23:49:15,958] {logging_mixin.py:115} INFO - [2022-10-06 23:49:15,958] {dag.py:2919} INFO - Setting next_dagrun for example_python_operator to None, run_after=None
[2022-10-06 23:49:15,972] {processor.py:161} INFO - Processing /home/airflow/.local/lib/python3.7/site-packages/airflow/example_dags/example_python_operator.py took 0.090 seconds
[2022-10-06 23:49:46,470] {processor.py:153} INFO - Started process (PID=46407) to work on /home/airflow/.local/lib/python3.7/site-packages/airflow/example_dags/example_python_operator.py
[2022-10-06 23:49:46,472] {processor.py:641} INFO - Processing file /home/airflow/.local/lib/python3.7/site-packages/airflow/example_dags/example_python_operator.py for tasks to queue
[2022-10-06 23:49:46,473] {logging_mixin.py:115} INFO - [2022-10-06 23:49:46,473] {dagbag.py:507} INFO - Filling up the DagBag from /home/airflow/.local/lib/python3.7/site-packages/airflow/example_dags/example_python_operator.py
[2022-10-06 23:49:46,494] {processor.py:651} INFO - DAG(s) dict_keys(['example_python_operator']) retrieved from /home/airflow/.local/lib/python3.7/site-packages/airflow/example_dags/example_python_operator.py
[2022-10-06 23:49:46,525] {logging_mixin.py:115} INFO - [2022-10-06 23:49:46,525] {dag.py:2371} INFO - Sync 1 DAGs
[2022-10-06 23:49:46,545] {logging_mixin.py:115} INFO - [2022-10-06 23:49:46,545] {dag.py:2919} INFO - Setting next_dagrun for example_python_operator to None, run_after=None
[2022-10-06 23:49:46,557] {processor.py:161} INFO - Processing /home/airflow/.local/lib/python3.7/site-packages/airflow/example_dags/example_python_operator.py took 0.091 seconds
[2022-10-06 23:50:16,966] {processor.py:153} INFO - Started process (PID=46482) to work on /home/airflow/.local/lib/python3.7/site-packages/airflow/example_dags/example_python_operator.py
[2022-10-06 23:50:16,967] {processor.py:641} INFO - Processing file /home/airflow/.local/lib/python3.7/site-packages/airflow/example_dags/example_python_operator.py for tasks to queue
[2022-10-06 23:50:16,968] {logging_mixin.py:115} INFO - [2022-10-06 23:50:16,968] {dagbag.py:507} INFO - Filling up the DagBag from /home/airflow/.local/lib/python3.7/site-packages/airflow/example_dags/example_python_operator.py
[2022-10-06 23:50:16,990] {processor.py:651} INFO - DAG(s) dict_keys(['example_python_operator']) retrieved from /home/airflow/.local/lib/python3.7/site-packages/airflow/example_dags/example_python_operator.py
[2022-10-06 23:50:17,029] {logging_mixin.py:115} INFO - [2022-10-06 23:50:17,028] {dag.py:2371} INFO - Sync 1 DAGs
[2022-10-06 23:50:17,075] {logging_mixin.py:115} INFO - [2022-10-06 23:50:17,075] {dag.py:2919} INFO - Setting next_dagrun for example_python_operator to None, run_after=None
[2022-10-06 23:50:17,093] {processor.py:161} INFO - Processing /home/airflow/.local/lib/python3.7/site-packages/airflow/example_dags/example_python_operator.py took 0.131 seconds
[2022-10-06 23:50:47,538] {processor.py:153} INFO - Started process (PID=46552) to work on /home/airflow/.local/lib/python3.7/site-packages/airflow/example_dags/example_python_operator.py
[2022-10-06 23:50:47,539] {processor.py:641} INFO - Processing file /home/airflow/.local/lib/python3.7/site-packages/airflow/example_dags/example_python_operator.py for tasks to queue
[2022-10-06 23:50:47,540] {logging_mixin.py:115} INFO - [2022-10-06 23:50:47,540] {dagbag.py:507} INFO - Filling up the DagBag from /home/airflow/.local/lib/python3.7/site-packages/airflow/example_dags/example_python_operator.py
[2022-10-06 23:50:47,562] {processor.py:651} INFO - DAG(s) dict_keys(['example_python_operator']) retrieved from /home/airflow/.local/lib/python3.7/site-packages/airflow/example_dags/example_python_operator.py
[2022-10-06 23:50:47,592] {logging_mixin.py:115} INFO - [2022-10-06 23:50:47,592] {dag.py:2371} INFO - Sync 1 DAGs
[2022-10-06 23:50:47,618] {logging_mixin.py:115} INFO - [2022-10-06 23:50:47,618] {dag.py:2919} INFO - Setting next_dagrun for example_python_operator to None, run_after=None
[2022-10-06 23:50:47,631] {processor.py:161} INFO - Processing /home/airflow/.local/lib/python3.7/site-packages/airflow/example_dags/example_python_operator.py took 0.098 seconds
[2022-10-06 23:51:18,127] {processor.py:153} INFO - Started process (PID=46629) to work on /home/airflow/.local/lib/python3.7/site-packages/airflow/example_dags/example_python_operator.py
[2022-10-06 23:51:18,129] {processor.py:641} INFO - Processing file /home/airflow/.local/lib/python3.7/site-packages/airflow/example_dags/example_python_operator.py for tasks to queue
[2022-10-06 23:51:18,131] {logging_mixin.py:115} INFO - [2022-10-06 23:51:18,131] {dagbag.py:507} INFO - Filling up the DagBag from /home/airflow/.local/lib/python3.7/site-packages/airflow/example_dags/example_python_operator.py
[2022-10-06 23:51:18,159] {processor.py:651} INFO - DAG(s) dict_keys(['example_python_operator']) retrieved from /home/airflow/.local/lib/python3.7/site-packages/airflow/example_dags/example_python_operator.py
[2022-10-06 23:51:18,204] {logging_mixin.py:115} INFO - [2022-10-06 23:51:18,204] {dag.py:2371} INFO - Sync 1 DAGs
[2022-10-06 23:51:18,237] {logging_mixin.py:115} INFO - [2022-10-06 23:51:18,237] {dag.py:2919} INFO - Setting next_dagrun for example_python_operator to None, run_after=None
[2022-10-06 23:51:18,259] {processor.py:161} INFO - Processing /home/airflow/.local/lib/python3.7/site-packages/airflow/example_dags/example_python_operator.py took 0.142 seconds
[2022-10-06 23:51:49,054] {processor.py:153} INFO - Started process (PID=46705) to work on /home/airflow/.local/lib/python3.7/site-packages/airflow/example_dags/example_python_operator.py
[2022-10-06 23:51:49,056] {processor.py:641} INFO - Processing file /home/airflow/.local/lib/python3.7/site-packages/airflow/example_dags/example_python_operator.py for tasks to queue
[2022-10-06 23:51:49,057] {logging_mixin.py:115} INFO - [2022-10-06 23:51:49,056] {dagbag.py:507} INFO - Filling up the DagBag from /home/airflow/.local/lib/python3.7/site-packages/airflow/example_dags/example_python_operator.py
[2022-10-06 23:51:49,078] {processor.py:651} INFO - DAG(s) dict_keys(['example_python_operator']) retrieved from /home/airflow/.local/lib/python3.7/site-packages/airflow/example_dags/example_python_operator.py
[2022-10-06 23:51:49,109] {logging_mixin.py:115} INFO - [2022-10-06 23:51:49,109] {dag.py:2371} INFO - Sync 1 DAGs
[2022-10-06 23:51:49,131] {logging_mixin.py:115} INFO - [2022-10-06 23:51:49,131] {dag.py:2919} INFO - Setting next_dagrun for example_python_operator to None, run_after=None
[2022-10-06 23:51:49,145] {processor.py:161} INFO - Processing /home/airflow/.local/lib/python3.7/site-packages/airflow/example_dags/example_python_operator.py took 0.095 seconds
[2022-10-06 23:52:19,890] {processor.py:153} INFO - Started process (PID=46773) to work on /home/airflow/.local/lib/python3.7/site-packages/airflow/example_dags/example_python_operator.py
[2022-10-06 23:52:19,891] {processor.py:641} INFO - Processing file /home/airflow/.local/lib/python3.7/site-packages/airflow/example_dags/example_python_operator.py for tasks to queue
[2022-10-06 23:52:19,892] {logging_mixin.py:115} INFO - [2022-10-06 23:52:19,892] {dagbag.py:507} INFO - Filling up the DagBag from /home/airflow/.local/lib/python3.7/site-packages/airflow/example_dags/example_python_operator.py
[2022-10-06 23:52:19,937] {processor.py:651} INFO - DAG(s) dict_keys(['example_python_operator']) retrieved from /home/airflow/.local/lib/python3.7/site-packages/airflow/example_dags/example_python_operator.py
[2022-10-06 23:52:19,985] {logging_mixin.py:115} INFO - [2022-10-06 23:52:19,984] {dag.py:2371} INFO - Sync 1 DAGs
[2022-10-06 23:52:20,029] {logging_mixin.py:115} INFO - [2022-10-06 23:52:20,028] {dag.py:2919} INFO - Setting next_dagrun for example_python_operator to None, run_after=None
[2022-10-06 23:52:20,049] {processor.py:161} INFO - Processing /home/airflow/.local/lib/python3.7/site-packages/airflow/example_dags/example_python_operator.py took 0.164 seconds
[2022-10-06 23:52:50,194] {processor.py:153} INFO - Started process (PID=46851) to work on /home/airflow/.local/lib/python3.7/site-packages/airflow/example_dags/example_python_operator.py
[2022-10-06 23:52:50,195] {processor.py:641} INFO - Processing file /home/airflow/.local/lib/python3.7/site-packages/airflow/example_dags/example_python_operator.py for tasks to queue
[2022-10-06 23:52:50,196] {logging_mixin.py:115} INFO - [2022-10-06 23:52:50,196] {dagbag.py:507} INFO - Filling up the DagBag from /home/airflow/.local/lib/python3.7/site-packages/airflow/example_dags/example_python_operator.py
[2022-10-06 23:52:50,218] {processor.py:651} INFO - DAG(s) dict_keys(['example_python_operator']) retrieved from /home/airflow/.local/lib/python3.7/site-packages/airflow/example_dags/example_python_operator.py
[2022-10-06 23:52:50,249] {logging_mixin.py:115} INFO - [2022-10-06 23:52:50,249] {dag.py:2371} INFO - Sync 1 DAGs
[2022-10-06 23:52:50,288] {logging_mixin.py:115} INFO - [2022-10-06 23:52:50,287] {dag.py:2919} INFO - Setting next_dagrun for example_python_operator to None, run_after=None
[2022-10-06 23:52:50,304] {processor.py:161} INFO - Processing /home/airflow/.local/lib/python3.7/site-packages/airflow/example_dags/example_python_operator.py took 0.114 seconds
[2022-10-06 23:53:21,189] {processor.py:153} INFO - Started process (PID=46928) to work on /home/airflow/.local/lib/python3.7/site-packages/airflow/example_dags/example_python_operator.py
[2022-10-06 23:53:21,191] {processor.py:641} INFO - Processing file /home/airflow/.local/lib/python3.7/site-packages/airflow/example_dags/example_python_operator.py for tasks to queue
[2022-10-06 23:53:21,192] {logging_mixin.py:115} INFO - [2022-10-06 23:53:21,192] {dagbag.py:507} INFO - Filling up the DagBag from /home/airflow/.local/lib/python3.7/site-packages/airflow/example_dags/example_python_operator.py
[2022-10-06 23:53:21,213] {processor.py:651} INFO - DAG(s) dict_keys(['example_python_operator']) retrieved from /home/airflow/.local/lib/python3.7/site-packages/airflow/example_dags/example_python_operator.py
[2022-10-06 23:53:21,244] {logging_mixin.py:115} INFO - [2022-10-06 23:53:21,244] {dag.py:2371} INFO - Sync 1 DAGs
[2022-10-06 23:53:21,265] {logging_mixin.py:115} INFO - [2022-10-06 23:53:21,265] {dag.py:2919} INFO - Setting next_dagrun for example_python_operator to None, run_after=None
[2022-10-06 23:53:21,280] {processor.py:161} INFO - Processing /home/airflow/.local/lib/python3.7/site-packages/airflow/example_dags/example_python_operator.py took 0.095 seconds
[2022-10-06 23:53:51,454] {processor.py:153} INFO - Started process (PID=46994) to work on /home/airflow/.local/lib/python3.7/site-packages/airflow/example_dags/example_python_operator.py
[2022-10-06 23:53:51,456] {processor.py:641} INFO - Processing file /home/airflow/.local/lib/python3.7/site-packages/airflow/example_dags/example_python_operator.py for tasks to queue
[2022-10-06 23:53:51,457] {logging_mixin.py:115} INFO - [2022-10-06 23:53:51,457] {dagbag.py:507} INFO - Filling up the DagBag from /home/airflow/.local/lib/python3.7/site-packages/airflow/example_dags/example_python_operator.py
[2022-10-06 23:53:51,485] {processor.py:651} INFO - DAG(s) dict_keys(['example_python_operator']) retrieved from /home/airflow/.local/lib/python3.7/site-packages/airflow/example_dags/example_python_operator.py
[2022-10-06 23:53:51,523] {logging_mixin.py:115} INFO - [2022-10-06 23:53:51,523] {dag.py:2371} INFO - Sync 1 DAGs
[2022-10-06 23:53:51,551] {logging_mixin.py:115} INFO - [2022-10-06 23:53:51,551] {dag.py:2919} INFO - Setting next_dagrun for example_python_operator to None, run_after=None
[2022-10-06 23:53:51,566] {processor.py:161} INFO - Processing /home/airflow/.local/lib/python3.7/site-packages/airflow/example_dags/example_python_operator.py took 0.116 seconds
