[2022-10-06 04:58:13,852] {processor.py:153} INFO - Started process (PID=44929) to work on /home/airflow/.local/lib/python3.7/site-packages/airflow/example_dags/tutorial.py
[2022-10-06 04:58:13,853] {processor.py:641} INFO - Processing file /home/airflow/.local/lib/python3.7/site-packages/airflow/example_dags/tutorial.py for tasks to queue
[2022-10-06 04:58:13,855] {logging_mixin.py:115} INFO - [2022-10-06 04:58:13,855] {dagbag.py:507} INFO - Filling up the DagBag from /home/airflow/.local/lib/python3.7/site-packages/airflow/example_dags/tutorial.py
[2022-10-06 04:58:13,863] {processor.py:651} INFO - DAG(s) dict_keys(['tutorial']) retrieved from /home/airflow/.local/lib/python3.7/site-packages/airflow/example_dags/tutorial.py
[2022-10-06 04:58:13,898] {logging_mixin.py:115} INFO - [2022-10-06 04:58:13,898] {dag.py:2371} INFO - Sync 1 DAGs
[2022-10-06 04:58:13,925] {logging_mixin.py:115} INFO - [2022-10-06 04:58:13,925] {dag.py:2919} INFO - Setting next_dagrun for tutorial to 2022-10-05T04:58:13.925361+00:00, run_after=2022-10-06T04:58:13.925361+00:00
[2022-10-06 04:58:13,940] {processor.py:161} INFO - Processing /home/airflow/.local/lib/python3.7/site-packages/airflow/example_dags/tutorial.py took 0.092 seconds
[2022-10-06 12:13:20,057] {processor.py:153} INFO - Started process (PID=44997) to work on /home/airflow/.local/lib/python3.7/site-packages/airflow/example_dags/tutorial.py
[2022-10-06 12:13:20,058] {processor.py:641} INFO - Processing file /home/airflow/.local/lib/python3.7/site-packages/airflow/example_dags/tutorial.py for tasks to queue
[2022-10-06 12:13:20,060] {logging_mixin.py:115} INFO - [2022-10-06 12:13:20,059] {dagbag.py:507} INFO - Filling up the DagBag from /home/airflow/.local/lib/python3.7/site-packages/airflow/example_dags/tutorial.py
[2022-10-06 12:13:20,067] {processor.py:651} INFO - DAG(s) dict_keys(['tutorial']) retrieved from /home/airflow/.local/lib/python3.7/site-packages/airflow/example_dags/tutorial.py
[2022-10-06 12:13:20,097] {logging_mixin.py:115} INFO - [2022-10-06 12:13:20,097] {dag.py:2371} INFO - Sync 1 DAGs
[2022-10-06 12:13:20,119] {logging_mixin.py:115} INFO - [2022-10-06 12:13:20,119] {dag.py:2919} INFO - Setting next_dagrun for tutorial to 2022-10-05T12:13:20.118948+00:00, run_after=2022-10-06T12:13:20.118948+00:00
[2022-10-06 12:13:20,136] {processor.py:161} INFO - Processing /home/airflow/.local/lib/python3.7/site-packages/airflow/example_dags/tutorial.py took 0.084 seconds
[2022-10-06 12:13:50,493] {processor.py:153} INFO - Started process (PID=45074) to work on /home/airflow/.local/lib/python3.7/site-packages/airflow/example_dags/tutorial.py
[2022-10-06 12:13:50,494] {processor.py:641} INFO - Processing file /home/airflow/.local/lib/python3.7/site-packages/airflow/example_dags/tutorial.py for tasks to queue
[2022-10-06 12:13:50,495] {logging_mixin.py:115} INFO - [2022-10-06 12:13:50,495] {dagbag.py:507} INFO - Filling up the DagBag from /home/airflow/.local/lib/python3.7/site-packages/airflow/example_dags/tutorial.py
[2022-10-06 12:13:50,502] {processor.py:651} INFO - DAG(s) dict_keys(['tutorial']) retrieved from /home/airflow/.local/lib/python3.7/site-packages/airflow/example_dags/tutorial.py
[2022-10-06 12:13:50,533] {logging_mixin.py:115} INFO - [2022-10-06 12:13:50,533] {dag.py:2371} INFO - Sync 1 DAGs
[2022-10-06 12:13:50,555] {logging_mixin.py:115} INFO - [2022-10-06 12:13:50,555] {dag.py:2919} INFO - Setting next_dagrun for tutorial to 2022-10-05T12:13:50.555304+00:00, run_after=2022-10-06T12:13:50.555304+00:00
[2022-10-06 12:13:50,568] {processor.py:161} INFO - Processing /home/airflow/.local/lib/python3.7/site-packages/airflow/example_dags/tutorial.py took 0.079 seconds
[2022-10-06 17:15:19,525] {processor.py:153} INFO - Started process (PID=45142) to work on /home/airflow/.local/lib/python3.7/site-packages/airflow/example_dags/tutorial.py
[2022-10-06 17:15:19,527] {processor.py:641} INFO - Processing file /home/airflow/.local/lib/python3.7/site-packages/airflow/example_dags/tutorial.py for tasks to queue
[2022-10-06 17:15:19,529] {logging_mixin.py:115} INFO - [2022-10-06 17:15:19,528] {dagbag.py:507} INFO - Filling up the DagBag from /home/airflow/.local/lib/python3.7/site-packages/airflow/example_dags/tutorial.py
[2022-10-06 17:15:19,540] {processor.py:651} INFO - DAG(s) dict_keys(['tutorial']) retrieved from /home/airflow/.local/lib/python3.7/site-packages/airflow/example_dags/tutorial.py
[2022-10-06 17:15:19,584] {logging_mixin.py:115} INFO - [2022-10-06 17:15:19,584] {dag.py:2371} INFO - Sync 1 DAGs
[2022-10-06 17:15:19,611] {logging_mixin.py:115} INFO - [2022-10-06 17:15:19,611] {dag.py:2919} INFO - Setting next_dagrun for tutorial to 2022-10-05T17:15:19.611257+00:00, run_after=2022-10-06T17:15:19.611257+00:00
[2022-10-06 17:15:19,629] {processor.py:161} INFO - Processing /home/airflow/.local/lib/python3.7/site-packages/airflow/example_dags/tutorial.py took 0.108 seconds
[2022-10-06 17:15:56,077] {processor.py:153} INFO - Started process (PID=45211) to work on /home/airflow/.local/lib/python3.7/site-packages/airflow/example_dags/tutorial.py
[2022-10-06 17:15:56,081] {processor.py:641} INFO - Processing file /home/airflow/.local/lib/python3.7/site-packages/airflow/example_dags/tutorial.py for tasks to queue
[2022-10-06 17:15:56,086] {logging_mixin.py:115} INFO - [2022-10-06 17:15:56,086] {dagbag.py:507} INFO - Filling up the DagBag from /home/airflow/.local/lib/python3.7/site-packages/airflow/example_dags/tutorial.py
[2022-10-06 17:15:56,122] {processor.py:651} INFO - DAG(s) dict_keys(['tutorial']) retrieved from /home/airflow/.local/lib/python3.7/site-packages/airflow/example_dags/tutorial.py
[2022-10-06 17:15:56,257] {logging_mixin.py:115} INFO - [2022-10-06 17:15:56,256] {dag.py:2371} INFO - Sync 1 DAGs
[2022-10-06 17:15:56,371] {logging_mixin.py:115} INFO - [2022-10-06 17:15:56,371] {dag.py:2919} INFO - Setting next_dagrun for tutorial to 2022-10-05T17:15:56.369914+00:00, run_after=2022-10-06T17:15:56.369914+00:00
[2022-10-06 17:15:56,425] {processor.py:161} INFO - Processing /home/airflow/.local/lib/python3.7/site-packages/airflow/example_dags/tutorial.py took 0.370 seconds
[2022-10-06 23:42:01,851] {processor.py:153} INFO - Started process (PID=45279) to work on /home/airflow/.local/lib/python3.7/site-packages/airflow/example_dags/tutorial.py
[2022-10-06 23:42:01,853] {processor.py:641} INFO - Processing file /home/airflow/.local/lib/python3.7/site-packages/airflow/example_dags/tutorial.py for tasks to queue
[2022-10-06 23:42:01,855] {logging_mixin.py:115} INFO - [2022-10-06 23:42:01,854] {dagbag.py:507} INFO - Filling up the DagBag from /home/airflow/.local/lib/python3.7/site-packages/airflow/example_dags/tutorial.py
[2022-10-06 23:42:01,866] {processor.py:651} INFO - DAG(s) dict_keys(['tutorial']) retrieved from /home/airflow/.local/lib/python3.7/site-packages/airflow/example_dags/tutorial.py
[2022-10-06 23:42:01,916] {logging_mixin.py:115} INFO - [2022-10-06 23:42:01,916] {dag.py:2371} INFO - Sync 1 DAGs
[2022-10-06 23:42:01,950] {logging_mixin.py:115} INFO - [2022-10-06 23:42:01,950] {dag.py:2919} INFO - Setting next_dagrun for tutorial to 2022-10-05T23:42:01.950098+00:00, run_after=2022-10-06T23:42:01.950098+00:00
[2022-10-06 23:42:01,973] {processor.py:161} INFO - Processing /home/airflow/.local/lib/python3.7/site-packages/airflow/example_dags/tutorial.py took 0.128 seconds
[2022-10-06 23:42:32,548] {processor.py:153} INFO - Started process (PID=45347) to work on /home/airflow/.local/lib/python3.7/site-packages/airflow/example_dags/tutorial.py
[2022-10-06 23:42:32,549] {processor.py:641} INFO - Processing file /home/airflow/.local/lib/python3.7/site-packages/airflow/example_dags/tutorial.py for tasks to queue
[2022-10-06 23:42:32,550] {logging_mixin.py:115} INFO - [2022-10-06 23:42:32,550] {dagbag.py:507} INFO - Filling up the DagBag from /home/airflow/.local/lib/python3.7/site-packages/airflow/example_dags/tutorial.py
[2022-10-06 23:42:32,557] {processor.py:651} INFO - DAG(s) dict_keys(['tutorial']) retrieved from /home/airflow/.local/lib/python3.7/site-packages/airflow/example_dags/tutorial.py
[2022-10-06 23:42:32,587] {logging_mixin.py:115} INFO - [2022-10-06 23:42:32,586] {dag.py:2371} INFO - Sync 1 DAGs
[2022-10-06 23:42:32,607] {logging_mixin.py:115} INFO - [2022-10-06 23:42:32,607] {dag.py:2919} INFO - Setting next_dagrun for tutorial to 2022-10-05T23:42:32.607363+00:00, run_after=2022-10-06T23:42:32.607363+00:00
[2022-10-06 23:42:32,618] {processor.py:161} INFO - Processing /home/airflow/.local/lib/python3.7/site-packages/airflow/example_dags/tutorial.py took 0.074 seconds
[2022-10-06 23:43:03,100] {processor.py:153} INFO - Started process (PID=45424) to work on /home/airflow/.local/lib/python3.7/site-packages/airflow/example_dags/tutorial.py
[2022-10-06 23:43:03,101] {processor.py:641} INFO - Processing file /home/airflow/.local/lib/python3.7/site-packages/airflow/example_dags/tutorial.py for tasks to queue
[2022-10-06 23:43:03,102] {logging_mixin.py:115} INFO - [2022-10-06 23:43:03,102] {dagbag.py:507} INFO - Filling up the DagBag from /home/airflow/.local/lib/python3.7/site-packages/airflow/example_dags/tutorial.py
[2022-10-06 23:43:03,109] {processor.py:651} INFO - DAG(s) dict_keys(['tutorial']) retrieved from /home/airflow/.local/lib/python3.7/site-packages/airflow/example_dags/tutorial.py
[2022-10-06 23:43:03,137] {logging_mixin.py:115} INFO - [2022-10-06 23:43:03,137] {dag.py:2371} INFO - Sync 1 DAGs
[2022-10-06 23:43:03,157] {logging_mixin.py:115} INFO - [2022-10-06 23:43:03,157] {dag.py:2919} INFO - Setting next_dagrun for tutorial to 2022-10-05T23:43:03.156915+00:00, run_after=2022-10-06T23:43:03.156915+00:00
[2022-10-06 23:43:03,169] {processor.py:161} INFO - Processing /home/airflow/.local/lib/python3.7/site-packages/airflow/example_dags/tutorial.py took 0.073 seconds
[2022-10-06 23:43:33,904] {processor.py:153} INFO - Started process (PID=45501) to work on /home/airflow/.local/lib/python3.7/site-packages/airflow/example_dags/tutorial.py
[2022-10-06 23:43:33,906] {processor.py:641} INFO - Processing file /home/airflow/.local/lib/python3.7/site-packages/airflow/example_dags/tutorial.py for tasks to queue
[2022-10-06 23:43:33,907] {logging_mixin.py:115} INFO - [2022-10-06 23:43:33,907] {dagbag.py:507} INFO - Filling up the DagBag from /home/airflow/.local/lib/python3.7/site-packages/airflow/example_dags/tutorial.py
[2022-10-06 23:43:33,915] {processor.py:651} INFO - DAG(s) dict_keys(['tutorial']) retrieved from /home/airflow/.local/lib/python3.7/site-packages/airflow/example_dags/tutorial.py
[2022-10-06 23:43:33,952] {logging_mixin.py:115} INFO - [2022-10-06 23:43:33,951] {dag.py:2371} INFO - Sync 1 DAGs
[2022-10-06 23:43:33,977] {logging_mixin.py:115} INFO - [2022-10-06 23:43:33,977] {dag.py:2919} INFO - Setting next_dagrun for tutorial to 2022-10-05T23:43:33.976554+00:00, run_after=2022-10-06T23:43:33.976554+00:00
[2022-10-06 23:43:33,990] {processor.py:161} INFO - Processing /home/airflow/.local/lib/python3.7/site-packages/airflow/example_dags/tutorial.py took 0.092 seconds
[2022-10-06 23:44:05,151] {processor.py:153} INFO - Started process (PID=45569) to work on /home/airflow/.local/lib/python3.7/site-packages/airflow/example_dags/tutorial.py
[2022-10-06 23:44:05,152] {processor.py:641} INFO - Processing file /home/airflow/.local/lib/python3.7/site-packages/airflow/example_dags/tutorial.py for tasks to queue
[2022-10-06 23:44:05,153] {logging_mixin.py:115} INFO - [2022-10-06 23:44:05,153] {dagbag.py:507} INFO - Filling up the DagBag from /home/airflow/.local/lib/python3.7/site-packages/airflow/example_dags/tutorial.py
[2022-10-06 23:44:05,161] {processor.py:651} INFO - DAG(s) dict_keys(['tutorial']) retrieved from /home/airflow/.local/lib/python3.7/site-packages/airflow/example_dags/tutorial.py
[2022-10-06 23:44:05,198] {logging_mixin.py:115} INFO - [2022-10-06 23:44:05,198] {dag.py:2371} INFO - Sync 1 DAGs
[2022-10-06 23:44:05,227] {logging_mixin.py:115} INFO - [2022-10-06 23:44:05,226] {dag.py:2919} INFO - Setting next_dagrun for tutorial to 2022-10-05T23:44:05.226595+00:00, run_after=2022-10-06T23:44:05.226595+00:00
[2022-10-06 23:44:05,240] {processor.py:161} INFO - Processing /home/airflow/.local/lib/python3.7/site-packages/airflow/example_dags/tutorial.py took 0.093 seconds
[2022-10-06 23:44:36,318] {processor.py:153} INFO - Started process (PID=45646) to work on /home/airflow/.local/lib/python3.7/site-packages/airflow/example_dags/tutorial.py
[2022-10-06 23:44:36,319] {processor.py:641} INFO - Processing file /home/airflow/.local/lib/python3.7/site-packages/airflow/example_dags/tutorial.py for tasks to queue
[2022-10-06 23:44:36,321] {logging_mixin.py:115} INFO - [2022-10-06 23:44:36,321] {dagbag.py:507} INFO - Filling up the DagBag from /home/airflow/.local/lib/python3.7/site-packages/airflow/example_dags/tutorial.py
[2022-10-06 23:44:36,328] {processor.py:651} INFO - DAG(s) dict_keys(['tutorial']) retrieved from /home/airflow/.local/lib/python3.7/site-packages/airflow/example_dags/tutorial.py
[2022-10-06 23:44:36,365] {logging_mixin.py:115} INFO - [2022-10-06 23:44:36,365] {dag.py:2371} INFO - Sync 1 DAGs
[2022-10-06 23:44:36,389] {logging_mixin.py:115} INFO - [2022-10-06 23:44:36,389] {dag.py:2919} INFO - Setting next_dagrun for tutorial to 2022-10-05T23:44:36.388987+00:00, run_after=2022-10-06T23:44:36.388987+00:00
[2022-10-06 23:44:36,402] {processor.py:161} INFO - Processing /home/airflow/.local/lib/python3.7/site-packages/airflow/example_dags/tutorial.py took 0.090 seconds
[2022-10-06 23:45:07,031] {processor.py:153} INFO - Started process (PID=45723) to work on /home/airflow/.local/lib/python3.7/site-packages/airflow/example_dags/tutorial.py
[2022-10-06 23:45:07,032] {processor.py:641} INFO - Processing file /home/airflow/.local/lib/python3.7/site-packages/airflow/example_dags/tutorial.py for tasks to queue
[2022-10-06 23:45:07,033] {logging_mixin.py:115} INFO - [2022-10-06 23:45:07,033] {dagbag.py:507} INFO - Filling up the DagBag from /home/airflow/.local/lib/python3.7/site-packages/airflow/example_dags/tutorial.py
[2022-10-06 23:45:07,040] {processor.py:651} INFO - DAG(s) dict_keys(['tutorial']) retrieved from /home/airflow/.local/lib/python3.7/site-packages/airflow/example_dags/tutorial.py
[2022-10-06 23:45:07,070] {logging_mixin.py:115} INFO - [2022-10-06 23:45:07,070] {dag.py:2371} INFO - Sync 1 DAGs
[2022-10-06 23:45:07,094] {logging_mixin.py:115} INFO - [2022-10-06 23:45:07,093] {dag.py:2919} INFO - Setting next_dagrun for tutorial to 2022-10-05T23:45:07.093575+00:00, run_after=2022-10-06T23:45:07.093575+00:00
[2022-10-06 23:45:07,106] {processor.py:161} INFO - Processing /home/airflow/.local/lib/python3.7/site-packages/airflow/example_dags/tutorial.py took 0.079 seconds
[2022-10-06 23:45:38,227] {processor.py:153} INFO - Started process (PID=45791) to work on /home/airflow/.local/lib/python3.7/site-packages/airflow/example_dags/tutorial.py
[2022-10-06 23:45:38,230] {processor.py:641} INFO - Processing file /home/airflow/.local/lib/python3.7/site-packages/airflow/example_dags/tutorial.py for tasks to queue
[2022-10-06 23:45:38,233] {logging_mixin.py:115} INFO - [2022-10-06 23:45:38,233] {dagbag.py:507} INFO - Filling up the DagBag from /home/airflow/.local/lib/python3.7/site-packages/airflow/example_dags/tutorial.py
[2022-10-06 23:45:38,250] {processor.py:651} INFO - DAG(s) dict_keys(['tutorial']) retrieved from /home/airflow/.local/lib/python3.7/site-packages/airflow/example_dags/tutorial.py
[2022-10-06 23:45:38,333] {logging_mixin.py:115} INFO - [2022-10-06 23:45:38,333] {dag.py:2371} INFO - Sync 1 DAGs
[2022-10-06 23:45:38,429] {logging_mixin.py:115} INFO - [2022-10-06 23:45:38,429] {dag.py:2919} INFO - Setting next_dagrun for tutorial to 2022-10-05T23:45:38.428481+00:00, run_after=2022-10-06T23:45:38.428481+00:00
[2022-10-06 23:45:38,511] {processor.py:161} INFO - Processing /home/airflow/.local/lib/python3.7/site-packages/airflow/example_dags/tutorial.py took 0.297 seconds
[2022-10-06 23:46:08,837] {processor.py:153} INFO - Started process (PID=45868) to work on /home/airflow/.local/lib/python3.7/site-packages/airflow/example_dags/tutorial.py
[2022-10-06 23:46:08,840] {processor.py:641} INFO - Processing file /home/airflow/.local/lib/python3.7/site-packages/airflow/example_dags/tutorial.py for tasks to queue
[2022-10-06 23:46:08,841] {logging_mixin.py:115} INFO - [2022-10-06 23:46:08,841] {dagbag.py:507} INFO - Filling up the DagBag from /home/airflow/.local/lib/python3.7/site-packages/airflow/example_dags/tutorial.py
[2022-10-06 23:46:08,852] {processor.py:651} INFO - DAG(s) dict_keys(['tutorial']) retrieved from /home/airflow/.local/lib/python3.7/site-packages/airflow/example_dags/tutorial.py
[2022-10-06 23:46:08,915] {logging_mixin.py:115} INFO - [2022-10-06 23:46:08,915] {dag.py:2371} INFO - Sync 1 DAGs
[2022-10-06 23:46:08,952] {logging_mixin.py:115} INFO - [2022-10-06 23:46:08,952] {dag.py:2919} INFO - Setting next_dagrun for tutorial to 2022-10-05T23:46:08.951828+00:00, run_after=2022-10-06T23:46:08.951828+00:00
[2022-10-06 23:46:08,976] {processor.py:161} INFO - Processing /home/airflow/.local/lib/python3.7/site-packages/airflow/example_dags/tutorial.py took 0.146 seconds
[2022-10-06 23:46:39,591] {processor.py:153} INFO - Started process (PID=45935) to work on /home/airflow/.local/lib/python3.7/site-packages/airflow/example_dags/tutorial.py
[2022-10-06 23:46:39,593] {processor.py:641} INFO - Processing file /home/airflow/.local/lib/python3.7/site-packages/airflow/example_dags/tutorial.py for tasks to queue
[2022-10-06 23:46:39,594] {logging_mixin.py:115} INFO - [2022-10-06 23:46:39,594] {dagbag.py:507} INFO - Filling up the DagBag from /home/airflow/.local/lib/python3.7/site-packages/airflow/example_dags/tutorial.py
[2022-10-06 23:46:39,601] {processor.py:651} INFO - DAG(s) dict_keys(['tutorial']) retrieved from /home/airflow/.local/lib/python3.7/site-packages/airflow/example_dags/tutorial.py
[2022-10-06 23:46:39,634] {logging_mixin.py:115} INFO - [2022-10-06 23:46:39,634] {dag.py:2371} INFO - Sync 1 DAGs
[2022-10-06 23:46:39,658] {logging_mixin.py:115} INFO - [2022-10-06 23:46:39,658] {dag.py:2919} INFO - Setting next_dagrun for tutorial to 2022-10-05T23:46:39.657900+00:00, run_after=2022-10-06T23:46:39.657900+00:00
[2022-10-06 23:46:39,673] {processor.py:161} INFO - Processing /home/airflow/.local/lib/python3.7/site-packages/airflow/example_dags/tutorial.py took 0.086 seconds
[2022-10-06 23:47:10,111] {processor.py:153} INFO - Started process (PID=46012) to work on /home/airflow/.local/lib/python3.7/site-packages/airflow/example_dags/tutorial.py
[2022-10-06 23:47:10,112] {processor.py:641} INFO - Processing file /home/airflow/.local/lib/python3.7/site-packages/airflow/example_dags/tutorial.py for tasks to queue
[2022-10-06 23:47:10,114] {logging_mixin.py:115} INFO - [2022-10-06 23:47:10,113] {dagbag.py:507} INFO - Filling up the DagBag from /home/airflow/.local/lib/python3.7/site-packages/airflow/example_dags/tutorial.py
[2022-10-06 23:47:10,122] {processor.py:651} INFO - DAG(s) dict_keys(['tutorial']) retrieved from /home/airflow/.local/lib/python3.7/site-packages/airflow/example_dags/tutorial.py
[2022-10-06 23:47:10,156] {logging_mixin.py:115} INFO - [2022-10-06 23:47:10,155] {dag.py:2371} INFO - Sync 1 DAGs
[2022-10-06 23:47:10,178] {logging_mixin.py:115} INFO - [2022-10-06 23:47:10,178] {dag.py:2919} INFO - Setting next_dagrun for tutorial to 2022-10-05T23:47:10.178340+00:00, run_after=2022-10-06T23:47:10.178340+00:00
[2022-10-06 23:47:10,190] {processor.py:161} INFO - Processing /home/airflow/.local/lib/python3.7/site-packages/airflow/example_dags/tutorial.py took 0.083 seconds
[2022-10-06 23:47:40,536] {processor.py:153} INFO - Started process (PID=46089) to work on /home/airflow/.local/lib/python3.7/site-packages/airflow/example_dags/tutorial.py
[2022-10-06 23:47:40,538] {processor.py:641} INFO - Processing file /home/airflow/.local/lib/python3.7/site-packages/airflow/example_dags/tutorial.py for tasks to queue
[2022-10-06 23:47:40,539] {logging_mixin.py:115} INFO - [2022-10-06 23:47:40,538] {dagbag.py:507} INFO - Filling up the DagBag from /home/airflow/.local/lib/python3.7/site-packages/airflow/example_dags/tutorial.py
[2022-10-06 23:47:40,548] {processor.py:651} INFO - DAG(s) dict_keys(['tutorial']) retrieved from /home/airflow/.local/lib/python3.7/site-packages/airflow/example_dags/tutorial.py
[2022-10-06 23:47:40,579] {logging_mixin.py:115} INFO - [2022-10-06 23:47:40,579] {dag.py:2371} INFO - Sync 1 DAGs
[2022-10-06 23:47:40,602] {logging_mixin.py:115} INFO - [2022-10-06 23:47:40,602] {dag.py:2919} INFO - Setting next_dagrun for tutorial to 2022-10-05T23:47:40.602051+00:00, run_after=2022-10-06T23:47:40.602051+00:00
[2022-10-06 23:47:40,616] {processor.py:161} INFO - Processing /home/airflow/.local/lib/python3.7/site-packages/airflow/example_dags/tutorial.py took 0.083 seconds
[2022-10-06 23:48:10,673] {processor.py:153} INFO - Started process (PID=46155) to work on /home/airflow/.local/lib/python3.7/site-packages/airflow/example_dags/tutorial.py
[2022-10-06 23:48:10,674] {processor.py:641} INFO - Processing file /home/airflow/.local/lib/python3.7/site-packages/airflow/example_dags/tutorial.py for tasks to queue
[2022-10-06 23:48:10,675] {logging_mixin.py:115} INFO - [2022-10-06 23:48:10,675] {dagbag.py:507} INFO - Filling up the DagBag from /home/airflow/.local/lib/python3.7/site-packages/airflow/example_dags/tutorial.py
[2022-10-06 23:48:10,682] {processor.py:651} INFO - DAG(s) dict_keys(['tutorial']) retrieved from /home/airflow/.local/lib/python3.7/site-packages/airflow/example_dags/tutorial.py
[2022-10-06 23:48:10,710] {logging_mixin.py:115} INFO - [2022-10-06 23:48:10,710] {dag.py:2371} INFO - Sync 1 DAGs
[2022-10-06 23:48:10,737] {logging_mixin.py:115} INFO - [2022-10-06 23:48:10,737] {dag.py:2919} INFO - Setting next_dagrun for tutorial to 2022-10-05T23:48:10.736652+00:00, run_after=2022-10-06T23:48:10.736652+00:00
[2022-10-06 23:48:10,750] {processor.py:161} INFO - Processing /home/airflow/.local/lib/python3.7/site-packages/airflow/example_dags/tutorial.py took 0.081 seconds
[2022-10-06 23:48:40,811] {processor.py:153} INFO - Started process (PID=46232) to work on /home/airflow/.local/lib/python3.7/site-packages/airflow/example_dags/tutorial.py
[2022-10-06 23:48:40,812] {processor.py:641} INFO - Processing file /home/airflow/.local/lib/python3.7/site-packages/airflow/example_dags/tutorial.py for tasks to queue
[2022-10-06 23:48:40,813] {logging_mixin.py:115} INFO - [2022-10-06 23:48:40,813] {dagbag.py:507} INFO - Filling up the DagBag from /home/airflow/.local/lib/python3.7/site-packages/airflow/example_dags/tutorial.py
[2022-10-06 23:48:40,820] {processor.py:651} INFO - DAG(s) dict_keys(['tutorial']) retrieved from /home/airflow/.local/lib/python3.7/site-packages/airflow/example_dags/tutorial.py
[2022-10-06 23:48:40,850] {logging_mixin.py:115} INFO - [2022-10-06 23:48:40,850] {dag.py:2371} INFO - Sync 1 DAGs
[2022-10-06 23:48:40,870] {logging_mixin.py:115} INFO - [2022-10-06 23:48:40,870] {dag.py:2919} INFO - Setting next_dagrun for tutorial to 2022-10-05T23:48:40.870349+00:00, run_after=2022-10-06T23:48:40.870349+00:00
[2022-10-06 23:48:40,882] {processor.py:161} INFO - Processing /home/airflow/.local/lib/python3.7/site-packages/airflow/example_dags/tutorial.py took 0.075 seconds
[2022-10-06 23:49:10,921] {processor.py:153} INFO - Started process (PID=46307) to work on /home/airflow/.local/lib/python3.7/site-packages/airflow/example_dags/tutorial.py
[2022-10-06 23:49:10,923] {processor.py:641} INFO - Processing file /home/airflow/.local/lib/python3.7/site-packages/airflow/example_dags/tutorial.py for tasks to queue
[2022-10-06 23:49:10,925] {logging_mixin.py:115} INFO - [2022-10-06 23:49:10,924] {dagbag.py:507} INFO - Filling up the DagBag from /home/airflow/.local/lib/python3.7/site-packages/airflow/example_dags/tutorial.py
[2022-10-06 23:49:10,933] {processor.py:651} INFO - DAG(s) dict_keys(['tutorial']) retrieved from /home/airflow/.local/lib/python3.7/site-packages/airflow/example_dags/tutorial.py
[2022-10-06 23:49:10,964] {logging_mixin.py:115} INFO - [2022-10-06 23:49:10,964] {dag.py:2371} INFO - Sync 1 DAGs
[2022-10-06 23:49:10,987] {logging_mixin.py:115} INFO - [2022-10-06 23:49:10,987] {dag.py:2919} INFO - Setting next_dagrun for tutorial to 2022-10-05T23:49:10.987537+00:00, run_after=2022-10-06T23:49:10.987537+00:00
[2022-10-06 23:49:10,999] {processor.py:161} INFO - Processing /home/airflow/.local/lib/python3.7/site-packages/airflow/example_dags/tutorial.py took 0.083 seconds
[2022-10-06 23:49:41,383] {processor.py:153} INFO - Started process (PID=46375) to work on /home/airflow/.local/lib/python3.7/site-packages/airflow/example_dags/tutorial.py
[2022-10-06 23:49:41,384] {processor.py:641} INFO - Processing file /home/airflow/.local/lib/python3.7/site-packages/airflow/example_dags/tutorial.py for tasks to queue
[2022-10-06 23:49:41,385] {logging_mixin.py:115} INFO - [2022-10-06 23:49:41,385] {dagbag.py:507} INFO - Filling up the DagBag from /home/airflow/.local/lib/python3.7/site-packages/airflow/example_dags/tutorial.py
[2022-10-06 23:49:41,392] {processor.py:651} INFO - DAG(s) dict_keys(['tutorial']) retrieved from /home/airflow/.local/lib/python3.7/site-packages/airflow/example_dags/tutorial.py
[2022-10-06 23:49:41,430] {logging_mixin.py:115} INFO - [2022-10-06 23:49:41,430] {dag.py:2371} INFO - Sync 1 DAGs
[2022-10-06 23:49:41,452] {logging_mixin.py:115} INFO - [2022-10-06 23:49:41,451] {dag.py:2919} INFO - Setting next_dagrun for tutorial to 2022-10-05T23:49:41.451382+00:00, run_after=2022-10-06T23:49:41.451382+00:00
[2022-10-06 23:49:41,464] {processor.py:161} INFO - Processing /home/airflow/.local/lib/python3.7/site-packages/airflow/example_dags/tutorial.py took 0.086 seconds
[2022-10-06 23:50:12,051] {processor.py:153} INFO - Started process (PID=46452) to work on /home/airflow/.local/lib/python3.7/site-packages/airflow/example_dags/tutorial.py
[2022-10-06 23:50:12,052] {processor.py:641} INFO - Processing file /home/airflow/.local/lib/python3.7/site-packages/airflow/example_dags/tutorial.py for tasks to queue
[2022-10-06 23:50:12,053] {logging_mixin.py:115} INFO - [2022-10-06 23:50:12,053] {dagbag.py:507} INFO - Filling up the DagBag from /home/airflow/.local/lib/python3.7/site-packages/airflow/example_dags/tutorial.py
[2022-10-06 23:50:12,060] {processor.py:651} INFO - DAG(s) dict_keys(['tutorial']) retrieved from /home/airflow/.local/lib/python3.7/site-packages/airflow/example_dags/tutorial.py
[2022-10-06 23:50:12,089] {logging_mixin.py:115} INFO - [2022-10-06 23:50:12,089] {dag.py:2371} INFO - Sync 1 DAGs
[2022-10-06 23:50:12,110] {logging_mixin.py:115} INFO - [2022-10-06 23:50:12,110] {dag.py:2919} INFO - Setting next_dagrun for tutorial to 2022-10-05T23:50:12.110136+00:00, run_after=2022-10-06T23:50:12.110136+00:00
[2022-10-06 23:50:12,123] {processor.py:161} INFO - Processing /home/airflow/.local/lib/python3.7/site-packages/airflow/example_dags/tutorial.py took 0.076 seconds
[2022-10-06 23:50:42,743] {processor.py:153} INFO - Started process (PID=46529) to work on /home/airflow/.local/lib/python3.7/site-packages/airflow/example_dags/tutorial.py
[2022-10-06 23:50:42,744] {processor.py:641} INFO - Processing file /home/airflow/.local/lib/python3.7/site-packages/airflow/example_dags/tutorial.py for tasks to queue
[2022-10-06 23:50:42,745] {logging_mixin.py:115} INFO - [2022-10-06 23:50:42,745] {dagbag.py:507} INFO - Filling up the DagBag from /home/airflow/.local/lib/python3.7/site-packages/airflow/example_dags/tutorial.py
[2022-10-06 23:50:42,752] {processor.py:651} INFO - DAG(s) dict_keys(['tutorial']) retrieved from /home/airflow/.local/lib/python3.7/site-packages/airflow/example_dags/tutorial.py
[2022-10-06 23:50:42,782] {logging_mixin.py:115} INFO - [2022-10-06 23:50:42,782] {dag.py:2371} INFO - Sync 1 DAGs
[2022-10-06 23:50:42,802] {logging_mixin.py:115} INFO - [2022-10-06 23:50:42,802] {dag.py:2919} INFO - Setting next_dagrun for tutorial to 2022-10-05T23:50:42.801687+00:00, run_after=2022-10-06T23:50:42.801687+00:00
[2022-10-06 23:50:42,816] {processor.py:161} INFO - Processing /home/airflow/.local/lib/python3.7/site-packages/airflow/example_dags/tutorial.py took 0.077 seconds
[2022-10-06 23:51:13,164] {processor.py:153} INFO - Started process (PID=46597) to work on /home/airflow/.local/lib/python3.7/site-packages/airflow/example_dags/tutorial.py
[2022-10-06 23:51:13,166] {processor.py:641} INFO - Processing file /home/airflow/.local/lib/python3.7/site-packages/airflow/example_dags/tutorial.py for tasks to queue
[2022-10-06 23:51:13,168] {logging_mixin.py:115} INFO - [2022-10-06 23:51:13,167] {dagbag.py:507} INFO - Filling up the DagBag from /home/airflow/.local/lib/python3.7/site-packages/airflow/example_dags/tutorial.py
[2022-10-06 23:51:13,179] {processor.py:651} INFO - DAG(s) dict_keys(['tutorial']) retrieved from /home/airflow/.local/lib/python3.7/site-packages/airflow/example_dags/tutorial.py
[2022-10-06 23:51:13,226] {logging_mixin.py:115} INFO - [2022-10-06 23:51:13,226] {dag.py:2371} INFO - Sync 1 DAGs
[2022-10-06 23:51:13,258] {logging_mixin.py:115} INFO - [2022-10-06 23:51:13,258] {dag.py:2919} INFO - Setting next_dagrun for tutorial to 2022-10-05T23:51:13.258321+00:00, run_after=2022-10-06T23:51:13.258321+00:00
[2022-10-06 23:51:13,290] {processor.py:161} INFO - Processing /home/airflow/.local/lib/python3.7/site-packages/airflow/example_dags/tutorial.py took 0.131 seconds
[2022-10-06 23:51:43,356] {processor.py:153} INFO - Started process (PID=46673) to work on /home/airflow/.local/lib/python3.7/site-packages/airflow/example_dags/tutorial.py
[2022-10-06 23:51:43,357] {processor.py:641} INFO - Processing file /home/airflow/.local/lib/python3.7/site-packages/airflow/example_dags/tutorial.py for tasks to queue
[2022-10-06 23:51:43,358] {logging_mixin.py:115} INFO - [2022-10-06 23:51:43,358] {dagbag.py:507} INFO - Filling up the DagBag from /home/airflow/.local/lib/python3.7/site-packages/airflow/example_dags/tutorial.py
[2022-10-06 23:51:43,366] {processor.py:651} INFO - DAG(s) dict_keys(['tutorial']) retrieved from /home/airflow/.local/lib/python3.7/site-packages/airflow/example_dags/tutorial.py
[2022-10-06 23:51:43,400] {logging_mixin.py:115} INFO - [2022-10-06 23:51:43,399] {dag.py:2371} INFO - Sync 1 DAGs
[2022-10-06 23:51:43,426] {logging_mixin.py:115} INFO - [2022-10-06 23:51:43,426] {dag.py:2919} INFO - Setting next_dagrun for tutorial to 2022-10-05T23:51:43.425850+00:00, run_after=2022-10-06T23:51:43.425850+00:00
[2022-10-06 23:51:43,439] {processor.py:161} INFO - Processing /home/airflow/.local/lib/python3.7/site-packages/airflow/example_dags/tutorial.py took 0.088 seconds
[2022-10-06 23:52:14,024] {processor.py:153} INFO - Started process (PID=46750) to work on /home/airflow/.local/lib/python3.7/site-packages/airflow/example_dags/tutorial.py
[2022-10-06 23:52:14,027] {processor.py:641} INFO - Processing file /home/airflow/.local/lib/python3.7/site-packages/airflow/example_dags/tutorial.py for tasks to queue
[2022-10-06 23:52:14,032] {logging_mixin.py:115} INFO - [2022-10-06 23:52:14,032] {dagbag.py:507} INFO - Filling up the DagBag from /home/airflow/.local/lib/python3.7/site-packages/airflow/example_dags/tutorial.py
[2022-10-06 23:52:14,040] {processor.py:651} INFO - DAG(s) dict_keys(['tutorial']) retrieved from /home/airflow/.local/lib/python3.7/site-packages/airflow/example_dags/tutorial.py
[2022-10-06 23:52:14,073] {logging_mixin.py:115} INFO - [2022-10-06 23:52:14,072] {dag.py:2371} INFO - Sync 1 DAGs
[2022-10-06 23:52:14,098] {logging_mixin.py:115} INFO - [2022-10-06 23:52:14,098] {dag.py:2919} INFO - Setting next_dagrun for tutorial to 2022-10-05T23:52:14.098001+00:00, run_after=2022-10-06T23:52:14.098001+00:00
[2022-10-06 23:52:14,114] {processor.py:161} INFO - Processing /home/airflow/.local/lib/python3.7/site-packages/airflow/example_dags/tutorial.py took 0.095 seconds
[2022-10-06 23:52:44,146] {processor.py:153} INFO - Started process (PID=46818) to work on /home/airflow/.local/lib/python3.7/site-packages/airflow/example_dags/tutorial.py
[2022-10-06 23:52:44,148] {processor.py:641} INFO - Processing file /home/airflow/.local/lib/python3.7/site-packages/airflow/example_dags/tutorial.py for tasks to queue
[2022-10-06 23:52:44,149] {logging_mixin.py:115} INFO - [2022-10-06 23:52:44,149] {dagbag.py:507} INFO - Filling up the DagBag from /home/airflow/.local/lib/python3.7/site-packages/airflow/example_dags/tutorial.py
[2022-10-06 23:52:44,156] {processor.py:651} INFO - DAG(s) dict_keys(['tutorial']) retrieved from /home/airflow/.local/lib/python3.7/site-packages/airflow/example_dags/tutorial.py
[2022-10-06 23:52:44,196] {logging_mixin.py:115} INFO - [2022-10-06 23:52:44,196] {dag.py:2371} INFO - Sync 1 DAGs
[2022-10-06 23:52:44,219] {logging_mixin.py:115} INFO - [2022-10-06 23:52:44,219] {dag.py:2919} INFO - Setting next_dagrun for tutorial to 2022-10-05T23:52:44.218661+00:00, run_after=2022-10-06T23:52:44.218661+00:00
[2022-10-06 23:52:44,231] {processor.py:161} INFO - Processing /home/airflow/.local/lib/python3.7/site-packages/airflow/example_dags/tutorial.py took 0.089 seconds
[2022-10-06 23:53:14,637] {processor.py:153} INFO - Started process (PID=46896) to work on /home/airflow/.local/lib/python3.7/site-packages/airflow/example_dags/tutorial.py
[2022-10-06 23:53:14,638] {processor.py:641} INFO - Processing file /home/airflow/.local/lib/python3.7/site-packages/airflow/example_dags/tutorial.py for tasks to queue
[2022-10-06 23:53:14,639] {logging_mixin.py:115} INFO - [2022-10-06 23:53:14,639] {dagbag.py:507} INFO - Filling up the DagBag from /home/airflow/.local/lib/python3.7/site-packages/airflow/example_dags/tutorial.py
[2022-10-06 23:53:14,646] {processor.py:651} INFO - DAG(s) dict_keys(['tutorial']) retrieved from /home/airflow/.local/lib/python3.7/site-packages/airflow/example_dags/tutorial.py
[2022-10-06 23:53:14,678] {logging_mixin.py:115} INFO - [2022-10-06 23:53:14,678] {dag.py:2371} INFO - Sync 1 DAGs
[2022-10-06 23:53:14,698] {logging_mixin.py:115} INFO - [2022-10-06 23:53:14,698] {dag.py:2919} INFO - Setting next_dagrun for tutorial to 2022-10-05T23:53:14.697707+00:00, run_after=2022-10-06T23:53:14.697707+00:00
[2022-10-06 23:53:14,713] {processor.py:161} INFO - Processing /home/airflow/.local/lib/python3.7/site-packages/airflow/example_dags/tutorial.py took 0.079 seconds
[2022-10-06 23:53:45,467] {processor.py:153} INFO - Started process (PID=46973) to work on /home/airflow/.local/lib/python3.7/site-packages/airflow/example_dags/tutorial.py
[2022-10-06 23:53:45,469] {processor.py:641} INFO - Processing file /home/airflow/.local/lib/python3.7/site-packages/airflow/example_dags/tutorial.py for tasks to queue
[2022-10-06 23:53:45,471] {logging_mixin.py:115} INFO - [2022-10-06 23:53:45,470] {dagbag.py:507} INFO - Filling up the DagBag from /home/airflow/.local/lib/python3.7/site-packages/airflow/example_dags/tutorial.py
[2022-10-06 23:53:45,480] {processor.py:651} INFO - DAG(s) dict_keys(['tutorial']) retrieved from /home/airflow/.local/lib/python3.7/site-packages/airflow/example_dags/tutorial.py
[2022-10-06 23:53:45,537] {logging_mixin.py:115} INFO - [2022-10-06 23:53:45,536] {dag.py:2371} INFO - Sync 1 DAGs
[2022-10-06 23:53:45,564] {logging_mixin.py:115} INFO - [2022-10-06 23:53:45,564] {dag.py:2919} INFO - Setting next_dagrun for tutorial to 2022-10-05T23:53:45.564353+00:00, run_after=2022-10-06T23:53:45.564353+00:00
[2022-10-06 23:53:45,580] {processor.py:161} INFO - Processing /home/airflow/.local/lib/python3.7/site-packages/airflow/example_dags/tutorial.py took 0.118 seconds
