[2022-07-24 19:19:06,709] {taskinstance.py:1159} INFO - Dependencies all met for <TaskInstance: user_processing.process_user scheduled__2022-07-23T00:00:00+00:00 [queued]>
[2022-07-24 19:19:06,718] {taskinstance.py:1159} INFO - Dependencies all met for <TaskInstance: user_processing.process_user scheduled__2022-07-23T00:00:00+00:00 [queued]>
[2022-07-24 19:19:06,719] {taskinstance.py:1356} INFO - 
--------------------------------------------------------------------------------
[2022-07-24 19:19:06,719] {taskinstance.py:1357} INFO - Starting attempt 1 of 1
[2022-07-24 19:19:06,720] {taskinstance.py:1358} INFO - 
--------------------------------------------------------------------------------
[2022-07-24 19:19:06,734] {taskinstance.py:1377} INFO - Executing <Task(PythonOperator): process_user> on 2022-07-23 00:00:00+00:00
[2022-07-24 19:19:06,740] {standard_task_runner.py:52} INFO - Started process 1028 to run task
[2022-07-24 19:19:06,745] {standard_task_runner.py:79} INFO - Running: ['***', 'tasks', 'run', 'user_processing', 'process_user', 'scheduled__2022-07-23T00:00:00+00:00', '--job-id', '103', '--raw', '--subdir', 'DAGS_FOLDER/user_processing.py', '--cfg-path', '/tmp/tmp9kii4pjg', '--error-file', '/tmp/tmp6hcw51xx']
[2022-07-24 19:19:06,746] {standard_task_runner.py:80} INFO - Job 103: Subtask process_user
[2022-07-24 19:19:06,820] {task_command.py:369} INFO - Running <TaskInstance: user_processing.process_user scheduled__2022-07-23T00:00:00+00:00 [running]> on host 8694d477c774
[2022-07-24 19:19:06,918] {taskinstance.py:1571} INFO - Exporting the following env vars:
AIRFLOW_CTX_DAG_OWNER=***
AIRFLOW_CTX_DAG_ID=user_processing
AIRFLOW_CTX_TASK_ID=process_user
AIRFLOW_CTX_EXECUTION_DATE=2022-07-23T00:00:00+00:00
AIRFLOW_CTX_TRY_NUMBER=1
AIRFLOW_CTX_DAG_RUN_ID=scheduled__2022-07-23T00:00:00+00:00
[2022-07-24 19:19:06,940] {python.py:173} INFO - Done. Returned value was: None
[2022-07-24 19:19:06,952] {taskinstance.py:1400} INFO - Marking task as SUCCESS. dag_id=user_processing, task_id=process_user, execution_date=20220723T000000, start_date=20220724T191906, end_date=20220724T191906
[2022-07-24 19:19:06,999] {local_task_job.py:156} INFO - Task exited with return code 0
[2022-07-24 19:19:07,032] {local_task_job.py:273} INFO - 1 downstream tasks scheduled from follow-on schedule check
