[2022-08-18 04:08:15,663] {taskinstance.py:1159} INFO - Dependencies all met for <TaskInstance: docker_dag.print_current_date manual__2022-08-18T04:08:13.934091+00:00 [queued]>
[2022-08-18 04:08:15,677] {taskinstance.py:1159} INFO - Dependencies all met for <TaskInstance: docker_dag.print_current_date manual__2022-08-18T04:08:13.934091+00:00 [queued]>
[2022-08-18 04:08:15,685] {taskinstance.py:1356} INFO - 
--------------------------------------------------------------------------------
[2022-08-18 04:08:15,721] {taskinstance.py:1357} INFO - Starting attempt 1 of 2
[2022-08-18 04:08:15,721] {taskinstance.py:1358} INFO - 
--------------------------------------------------------------------------------
[2022-08-18 04:08:15,758] {taskinstance.py:1377} INFO - Executing <Task(BashOperator): print_current_date> on 2022-08-18 04:08:13.934091+00:00
[2022-08-18 04:08:15,765] {standard_task_runner.py:52} INFO - Started process 11083 to run task
[2022-08-18 04:08:15,769] {standard_task_runner.py:79} INFO - Running: ['***', 'tasks', 'run', 'docker_dag', 'print_current_date', 'manual__2022-08-18T04:08:13.934091+00:00', '--job-id', '500', '--raw', '--subdir', 'DAGS_FOLDER/docker_dag.py', '--cfg-path', '/tmp/tmp6rox8uhr', '--error-file', '/tmp/tmpsa6oju0e']
[2022-08-18 04:08:15,770] {standard_task_runner.py:80} INFO - Job 500: Subtask print_current_date
[2022-08-18 04:08:15,838] {task_command.py:369} INFO - Running <TaskInstance: docker_dag.print_current_date manual__2022-08-18T04:08:13.934091+00:00 [running]> on host e8f82214d52e
[2022-08-18 04:08:15,912] {taskinstance.py:1571} INFO - Exporting the following env vars:
AIRFLOW_CTX_DAG_OWNER=***
AIRFLOW_CTX_DAG_ID=docker_dag
AIRFLOW_CTX_TASK_ID=print_current_date
AIRFLOW_CTX_EXECUTION_DATE=2022-08-18T04:08:13.934091+00:00
AIRFLOW_CTX_TRY_NUMBER=1
AIRFLOW_CTX_DAG_RUN_ID=manual__2022-08-18T04:08:13.934091+00:00
[2022-08-18 04:08:15,915] {subprocess.py:62} INFO - Tmp dir root location: 
 /tmp
[2022-08-18 04:08:15,916] {subprocess.py:74} INFO - Running command: ['bash', '-c', 'date']
[2022-08-18 04:08:15,930] {subprocess.py:85} INFO - Output:
[2022-08-18 04:08:15,934] {subprocess.py:92} INFO - Thu Aug 18 04:08:15 UTC 2022
[2022-08-18 04:08:15,935] {subprocess.py:96} INFO - Command exited with return code 0
[2022-08-18 04:08:15,968] {taskinstance.py:1400} INFO - Marking task as SUCCESS. dag_id=docker_dag, task_id=print_current_date, execution_date=20220818T040813, start_date=20220818T040815, end_date=20220818T040815
[2022-08-18 04:08:16,022] {local_task_job.py:156} INFO - Task exited with return code 0
[2022-08-18 04:08:16,062] {local_task_job.py:273} INFO - 1 downstream tasks scheduled from follow-on schedule check
