[2022-10-27 02:46:57,795] {taskinstance.py:1159} INFO - Dependencies all met for <TaskInstance: spark_job_dag.dummy manual__2022-10-27T02:46:55.556684+00:00 [queued]>
[2022-10-27 02:46:57,805] {taskinstance.py:1159} INFO - Dependencies all met for <TaskInstance: spark_job_dag.dummy manual__2022-10-27T02:46:55.556684+00:00 [queued]>
[2022-10-27 02:46:57,805] {taskinstance.py:1356} INFO - 
--------------------------------------------------------------------------------
[2022-10-27 02:46:57,806] {taskinstance.py:1357} INFO - Starting attempt 1 of 2
[2022-10-27 02:46:57,807] {taskinstance.py:1358} INFO - 
--------------------------------------------------------------------------------
[2022-10-27 02:46:57,818] {taskinstance.py:1377} INFO - Executing <Task(BashOperator): dummy> on 2022-10-27 02:46:55.556684+00:00
[2022-10-27 02:46:57,823] {standard_task_runner.py:52} INFO - Started process 5960 to run task
[2022-10-27 02:46:57,828] {standard_task_runner.py:79} INFO - Running: ['***', 'tasks', 'run', 'spark_job_dag', 'dummy', 'manual__2022-10-27T02:46:55.556684+00:00', '--job-id', '61', '--raw', '--subdir', 'DAGS_FOLDER/spark_job_dag.py', '--cfg-path', '/tmp/tmpei80nxe3', '--error-file', '/tmp/tmpeudvulzj']
[2022-10-27 02:46:57,830] {standard_task_runner.py:80} INFO - Job 61: Subtask dummy
[2022-10-27 02:46:57,887] {task_command.py:369} INFO - Running <TaskInstance: spark_job_dag.dummy manual__2022-10-27T02:46:55.556684+00:00 [running]> on host abbfe66d2e6a
[2022-10-27 02:46:57,957] {taskinstance.py:1571} INFO - Exporting the following env vars:
AIRFLOW_CTX_DAG_OWNER=***
AIRFLOW_CTX_DAG_ID=spark_job_dag
AIRFLOW_CTX_TASK_ID=dummy
AIRFLOW_CTX_EXECUTION_DATE=2022-10-27T02:46:55.556684+00:00
AIRFLOW_CTX_TRY_NUMBER=1
AIRFLOW_CTX_DAG_RUN_ID=manual__2022-10-27T02:46:55.556684+00:00
[2022-10-27 02:46:57,959] {subprocess.py:62} INFO - Tmp dir root location: 
 /tmp
[2022-10-27 02:46:57,961] {subprocess.py:74} INFO - Running command: ['bash', '-c', 'sleep 1']
[2022-10-27 02:46:57,979] {subprocess.py:85} INFO - Output:
[2022-10-27 02:46:58,962] {subprocess.py:96} INFO - Command exited with return code 0
[2022-10-27 02:46:58,995] {taskinstance.py:1400} INFO - Marking task as SUCCESS. dag_id=spark_job_dag, task_id=dummy, execution_date=20221027T024655, start_date=20221027T024657, end_date=20221027T024658
[2022-10-27 02:46:59,037] {local_task_job.py:156} INFO - Task exited with return code 0
[2022-10-27 02:46:59,080] {local_task_job.py:273} INFO - 1 downstream tasks scheduled from follow-on schedule check
