[2022-10-27 02:57:28,589] {taskinstance.py:1159} INFO - Dependencies all met for <TaskInstance: spark_job_dag.is_repo_exists manual__2022-10-27T02:57:26.771756+00:00 [queued]>
[2022-10-27 02:57:28,599] {taskinstance.py:1159} INFO - Dependencies all met for <TaskInstance: spark_job_dag.is_repo_exists manual__2022-10-27T02:57:26.771756+00:00 [queued]>
[2022-10-27 02:57:28,600] {taskinstance.py:1356} INFO - 
--------------------------------------------------------------------------------
[2022-10-27 02:57:28,600] {taskinstance.py:1357} INFO - Starting attempt 1 of 2
[2022-10-27 02:57:28,601] {taskinstance.py:1358} INFO - 
--------------------------------------------------------------------------------
[2022-10-27 02:57:28,614] {taskinstance.py:1377} INFO - Executing <Task(BranchPythonOperator): is_repo_exists> on 2022-10-27 02:57:26.771756+00:00
[2022-10-27 02:57:28,620] {standard_task_runner.py:52} INFO - Started process 159 to run task
[2022-10-27 02:57:28,623] {standard_task_runner.py:79} INFO - Running: ['***', 'tasks', 'run', 'spark_job_dag', 'is_repo_exists', 'manual__2022-10-27T02:57:26.771756+00:00', '--job-id', '73', '--raw', '--subdir', 'DAGS_FOLDER/spark_job_dag.py', '--cfg-path', '/tmp/tmprq4fjulp', '--error-file', '/tmp/tmpfnwrnqph']
[2022-10-27 02:57:28,624] {standard_task_runner.py:80} INFO - Job 73: Subtask is_repo_exists
[2022-10-27 02:57:28,684] {task_command.py:369} INFO - Running <TaskInstance: spark_job_dag.is_repo_exists manual__2022-10-27T02:57:26.771756+00:00 [running]> on host 7a39bdd9f452
[2022-10-27 02:57:28,755] {taskinstance.py:1571} INFO - Exporting the following env vars:
AIRFLOW_CTX_DAG_OWNER=***
AIRFLOW_CTX_DAG_ID=spark_job_dag
AIRFLOW_CTX_TASK_ID=is_repo_exists
AIRFLOW_CTX_EXECUTION_DATE=2022-10-27T02:57:26.771756+00:00
AIRFLOW_CTX_TRY_NUMBER=1
AIRFLOW_CTX_DAG_RUN_ID=manual__2022-10-27T02:57:26.771756+00:00
[2022-10-27 02:57:28,757] {python.py:173} INFO - Done. Returned value was: git_clone
[2022-10-27 02:57:28,757] {skipmixin.py:140} INFO - Following branch git_clone
[2022-10-27 02:57:28,758] {skipmixin.py:175} INFO - Skipping tasks ['dummy']
[2022-10-27 02:57:28,804] {taskinstance.py:1400} INFO - Marking task as SUCCESS. dag_id=spark_job_dag, task_id=is_repo_exists, execution_date=20221027T025726, start_date=20221027T025728, end_date=20221027T025728
[2022-10-27 02:57:28,838] {local_task_job.py:156} INFO - Task exited with return code 0
[2022-10-27 02:57:28,889] {local_task_job.py:273} INFO - 1 downstream tasks scheduled from follow-on schedule check
