[2022-08-14 13:49:09,131] {taskinstance.py:1159} INFO - Dependencies all met for <TaskInstance: xcom_dag.processing_tasks.training_model_c scheduled__2022-08-12T00:00:00+00:00 [queued]>
[2022-08-14 13:49:09,203] {taskinstance.py:1159} INFO - Dependencies all met for <TaskInstance: xcom_dag.processing_tasks.training_model_c scheduled__2022-08-12T00:00:00+00:00 [queued]>
[2022-08-14 13:49:09,211] {taskinstance.py:1356} INFO - 
--------------------------------------------------------------------------------
[2022-08-14 13:49:09,219] {taskinstance.py:1357} INFO - Starting attempt 1 of 1
[2022-08-14 13:49:09,222] {taskinstance.py:1358} INFO - 
--------------------------------------------------------------------------------
[2022-08-14 13:49:09,315] {taskinstance.py:1377} INFO - Executing <Task(PythonOperator): processing_tasks.training_model_c> on 2022-08-12 00:00:00+00:00
[2022-08-14 13:49:09,342] {standard_task_runner.py:52} INFO - Started process 9772 to run task
[2022-08-14 13:49:09,368] {standard_task_runner.py:79} INFO - Running: ['***', 'tasks', 'run', 'xcom_dag', 'processing_tasks.training_model_c', 'scheduled__2022-08-12T00:00:00+00:00', '--job-id', '403', '--raw', '--subdir', 'DAGS_FOLDER/xcom_dag.py', '--cfg-path', '/tmp/tmpse428kf_', '--error-file', '/tmp/tmpbedmrjh9']
[2022-08-14 13:49:09,376] {standard_task_runner.py:80} INFO - Job 403: Subtask processing_tasks.training_model_c
[2022-08-14 13:49:09,995] {task_command.py:369} INFO - Running <TaskInstance: xcom_dag.processing_tasks.training_model_c scheduled__2022-08-12T00:00:00+00:00 [running]> on host a1c9528fe5e1
[2022-08-14 13:49:11,508] {taskinstance.py:1571} INFO - Exporting the following env vars:
AIRFLOW_CTX_DAG_OWNER=***
AIRFLOW_CTX_DAG_ID=xcom_dag
AIRFLOW_CTX_TASK_ID=processing_tasks.training_model_c
AIRFLOW_CTX_EXECUTION_DATE=2022-08-12T00:00:00+00:00
AIRFLOW_CTX_TRY_NUMBER=1
AIRFLOW_CTX_DAG_RUN_ID=scheduled__2022-08-12T00:00:00+00:00
[2022-08-14 13:49:11,554] {logging_mixin.py:115} INFO - model's accuracy: 4.394642982135447
[2022-08-14 13:49:11,683] {python.py:173} INFO - Done. Returned value was: None
[2022-08-14 13:49:12,026] {taskinstance.py:1400} INFO - Marking task as SUCCESS. dag_id=xcom_dag, task_id=processing_tasks.training_model_c, execution_date=20220812T000000, start_date=20220814T134909, end_date=20220814T134912
[2022-08-14 13:49:12,507] {local_task_job.py:156} INFO - Task exited with return code 0
[2022-08-14 13:49:13,140] {local_task_job.py:273} INFO - 0 downstream tasks scheduled from follow-on schedule check
