[2022-07-31 00:05:40,407] {processor.py:153} INFO - Started process (PID=47281) to work on /home/airflow/.local/lib/python3.7/site-packages/airflow/example_dags/example_local_kubernetes_executor.py
[2022-07-31 00:05:40,408] {processor.py:641} INFO - Processing file /home/airflow/.local/lib/python3.7/site-packages/airflow/example_dags/example_local_kubernetes_executor.py for tasks to queue
[2022-07-31 00:05:40,409] {logging_mixin.py:115} INFO - [2022-07-31 00:05:40,409] {dagbag.py:507} INFO - Filling up the DagBag from /home/airflow/.local/lib/python3.7/site-packages/airflow/example_dags/example_local_kubernetes_executor.py
[2022-07-31 00:05:40,431] {processor.py:651} INFO - DAG(s) dict_keys(['example_local_kubernetes_executor']) retrieved from /home/airflow/.local/lib/python3.7/site-packages/airflow/example_dags/example_local_kubernetes_executor.py
[2022-07-31 00:05:40,456] {logging_mixin.py:115} INFO - [2022-07-31 00:05:40,455] {dag.py:2371} INFO - Sync 1 DAGs
[2022-07-31 00:05:40,476] {logging_mixin.py:115} INFO - [2022-07-31 00:05:40,476] {dag.py:2919} INFO - Setting next_dagrun for example_local_kubernetes_executor to None, run_after=None
[2022-07-31 00:05:40,487] {processor.py:161} INFO - Processing /home/airflow/.local/lib/python3.7/site-packages/airflow/example_dags/example_local_kubernetes_executor.py took 0.083 seconds
[2022-07-31 02:05:48,539] {processor.py:153} INFO - Started process (PID=47337) to work on /home/airflow/.local/lib/python3.7/site-packages/airflow/example_dags/example_local_kubernetes_executor.py
[2022-07-31 02:05:48,540] {processor.py:641} INFO - Processing file /home/airflow/.local/lib/python3.7/site-packages/airflow/example_dags/example_local_kubernetes_executor.py for tasks to queue
[2022-07-31 02:05:48,542] {logging_mixin.py:115} INFO - [2022-07-31 02:05:48,541] {dagbag.py:507} INFO - Filling up the DagBag from /home/airflow/.local/lib/python3.7/site-packages/airflow/example_dags/example_local_kubernetes_executor.py
[2022-07-31 02:05:48,562] {processor.py:651} INFO - DAG(s) dict_keys(['example_local_kubernetes_executor']) retrieved from /home/airflow/.local/lib/python3.7/site-packages/airflow/example_dags/example_local_kubernetes_executor.py
[2022-07-31 02:05:48,587] {logging_mixin.py:115} INFO - [2022-07-31 02:05:48,587] {dag.py:2371} INFO - Sync 1 DAGs
[2022-07-31 02:05:48,607] {logging_mixin.py:115} INFO - [2022-07-31 02:05:48,607] {dag.py:2919} INFO - Setting next_dagrun for example_local_kubernetes_executor to None, run_after=None
[2022-07-31 02:05:48,619] {processor.py:161} INFO - Processing /home/airflow/.local/lib/python3.7/site-packages/airflow/example_dags/example_local_kubernetes_executor.py took 0.084 seconds
[2022-07-31 02:59:01,022] {processor.py:153} INFO - Started process (PID=47388) to work on /home/airflow/.local/lib/python3.7/site-packages/airflow/example_dags/example_local_kubernetes_executor.py
[2022-07-31 02:59:01,023] {processor.py:641} INFO - Processing file /home/airflow/.local/lib/python3.7/site-packages/airflow/example_dags/example_local_kubernetes_executor.py for tasks to queue
[2022-07-31 02:59:01,024] {logging_mixin.py:115} INFO - [2022-07-31 02:59:01,024] {dagbag.py:507} INFO - Filling up the DagBag from /home/airflow/.local/lib/python3.7/site-packages/airflow/example_dags/example_local_kubernetes_executor.py
[2022-07-31 02:59:01,044] {processor.py:651} INFO - DAG(s) dict_keys(['example_local_kubernetes_executor']) retrieved from /home/airflow/.local/lib/python3.7/site-packages/airflow/example_dags/example_local_kubernetes_executor.py
[2022-07-31 02:59:01,068] {logging_mixin.py:115} INFO - [2022-07-31 02:59:01,068] {dag.py:2371} INFO - Sync 1 DAGs
[2022-07-31 02:59:01,088] {logging_mixin.py:115} INFO - [2022-07-31 02:59:01,088] {dag.py:2919} INFO - Setting next_dagrun for example_local_kubernetes_executor to None, run_after=None
[2022-07-31 02:59:01,099] {processor.py:161} INFO - Processing /home/airflow/.local/lib/python3.7/site-packages/airflow/example_dags/example_local_kubernetes_executor.py took 0.081 seconds
[2022-07-31 06:29:21,437] {processor.py:153} INFO - Started process (PID=47447) to work on /home/airflow/.local/lib/python3.7/site-packages/airflow/example_dags/example_local_kubernetes_executor.py
[2022-07-31 06:29:21,439] {processor.py:641} INFO - Processing file /home/airflow/.local/lib/python3.7/site-packages/airflow/example_dags/example_local_kubernetes_executor.py for tasks to queue
[2022-07-31 06:29:21,440] {logging_mixin.py:115} INFO - [2022-07-31 06:29:21,440] {dagbag.py:507} INFO - Filling up the DagBag from /home/airflow/.local/lib/python3.7/site-packages/airflow/example_dags/example_local_kubernetes_executor.py
[2022-07-31 06:29:21,463] {processor.py:651} INFO - DAG(s) dict_keys(['example_local_kubernetes_executor']) retrieved from /home/airflow/.local/lib/python3.7/site-packages/airflow/example_dags/example_local_kubernetes_executor.py
[2022-07-31 06:29:21,488] {logging_mixin.py:115} INFO - [2022-07-31 06:29:21,487] {dag.py:2371} INFO - Sync 1 DAGs
[2022-07-31 06:29:21,507] {logging_mixin.py:115} INFO - [2022-07-31 06:29:21,507] {dag.py:2919} INFO - Setting next_dagrun for example_local_kubernetes_executor to None, run_after=None
[2022-07-31 06:29:21,518] {processor.py:161} INFO - Processing /home/airflow/.local/lib/python3.7/site-packages/airflow/example_dags/example_local_kubernetes_executor.py took 0.085 seconds
[2022-07-31 07:07:10,097] {processor.py:153} INFO - Started process (PID=47506) to work on /home/airflow/.local/lib/python3.7/site-packages/airflow/example_dags/example_local_kubernetes_executor.py
[2022-07-31 07:07:10,098] {processor.py:641} INFO - Processing file /home/airflow/.local/lib/python3.7/site-packages/airflow/example_dags/example_local_kubernetes_executor.py for tasks to queue
[2022-07-31 07:07:10,099] {logging_mixin.py:115} INFO - [2022-07-31 07:07:10,099] {dagbag.py:507} INFO - Filling up the DagBag from /home/airflow/.local/lib/python3.7/site-packages/airflow/example_dags/example_local_kubernetes_executor.py
[2022-07-31 07:07:10,119] {processor.py:651} INFO - DAG(s) dict_keys(['example_local_kubernetes_executor']) retrieved from /home/airflow/.local/lib/python3.7/site-packages/airflow/example_dags/example_local_kubernetes_executor.py
[2022-07-31 07:07:10,147] {logging_mixin.py:115} INFO - [2022-07-31 07:07:10,146] {dag.py:2371} INFO - Sync 1 DAGs
[2022-07-31 07:07:10,167] {logging_mixin.py:115} INFO - [2022-07-31 07:07:10,167] {dag.py:2919} INFO - Setting next_dagrun for example_local_kubernetes_executor to None, run_after=None
[2022-07-31 07:07:10,179] {processor.py:161} INFO - Processing /home/airflow/.local/lib/python3.7/site-packages/airflow/example_dags/example_local_kubernetes_executor.py took 0.087 seconds
[2022-07-31 10:04:23,751] {processor.py:153} INFO - Started process (PID=47600) to work on /home/airflow/.local/lib/python3.7/site-packages/airflow/example_dags/example_local_kubernetes_executor.py
[2022-07-31 10:04:23,752] {processor.py:641} INFO - Processing file /home/airflow/.local/lib/python3.7/site-packages/airflow/example_dags/example_local_kubernetes_executor.py for tasks to queue
[2022-07-31 10:04:23,753] {logging_mixin.py:115} INFO - [2022-07-31 10:04:23,753] {dagbag.py:507} INFO - Filling up the DagBag from /home/airflow/.local/lib/python3.7/site-packages/airflow/example_dags/example_local_kubernetes_executor.py
[2022-07-31 10:04:23,772] {processor.py:651} INFO - DAG(s) dict_keys(['example_local_kubernetes_executor']) retrieved from /home/airflow/.local/lib/python3.7/site-packages/airflow/example_dags/example_local_kubernetes_executor.py
[2022-07-31 10:04:23,797] {logging_mixin.py:115} INFO - [2022-07-31 10:04:23,797] {dag.py:2371} INFO - Sync 1 DAGs
[2022-07-31 10:04:23,817] {logging_mixin.py:115} INFO - [2022-07-31 10:04:23,817] {dag.py:2919} INFO - Setting next_dagrun for example_local_kubernetes_executor to None, run_after=None
[2022-07-31 10:04:23,829] {processor.py:161} INFO - Processing /home/airflow/.local/lib/python3.7/site-packages/airflow/example_dags/example_local_kubernetes_executor.py took 0.082 seconds
[2022-07-31 14:58:30,969] {processor.py:153} INFO - Started process (PID=47669) to work on /home/airflow/.local/lib/python3.7/site-packages/airflow/example_dags/example_local_kubernetes_executor.py
[2022-07-31 14:58:30,971] {processor.py:641} INFO - Processing file /home/airflow/.local/lib/python3.7/site-packages/airflow/example_dags/example_local_kubernetes_executor.py for tasks to queue
[2022-07-31 14:58:30,972] {logging_mixin.py:115} INFO - [2022-07-31 14:58:30,972] {dagbag.py:507} INFO - Filling up the DagBag from /home/airflow/.local/lib/python3.7/site-packages/airflow/example_dags/example_local_kubernetes_executor.py
[2022-07-31 14:58:30,992] {processor.py:651} INFO - DAG(s) dict_keys(['example_local_kubernetes_executor']) retrieved from /home/airflow/.local/lib/python3.7/site-packages/airflow/example_dags/example_local_kubernetes_executor.py
[2022-07-31 14:58:31,019] {logging_mixin.py:115} INFO - [2022-07-31 14:58:31,018] {dag.py:2371} INFO - Sync 1 DAGs
[2022-07-31 14:58:31,040] {logging_mixin.py:115} INFO - [2022-07-31 14:58:31,040] {dag.py:2919} INFO - Setting next_dagrun for example_local_kubernetes_executor to None, run_after=None
[2022-07-31 14:58:31,051] {processor.py:161} INFO - Processing /home/airflow/.local/lib/python3.7/site-packages/airflow/example_dags/example_local_kubernetes_executor.py took 0.086 seconds
