[2022-07-31 00:05:38,546] {processor.py:153} INFO - Started process (PID=47259) to work on /home/airflow/.local/lib/python3.7/site-packages/airflow/example_dags/example_kubernetes_executor.py
[2022-07-31 00:05:38,548] {processor.py:641} INFO - Processing file /home/airflow/.local/lib/python3.7/site-packages/airflow/example_dags/example_kubernetes_executor.py for tasks to queue
[2022-07-31 00:05:38,551] {logging_mixin.py:115} INFO - [2022-07-31 00:05:38,551] {dagbag.py:507} INFO - Filling up the DagBag from /home/airflow/.local/lib/python3.7/site-packages/airflow/example_dags/example_kubernetes_executor.py
[2022-07-31 00:05:38,589] {processor.py:651} INFO - DAG(s) dict_keys(['example_kubernetes_executor']) retrieved from /home/airflow/.local/lib/python3.7/site-packages/airflow/example_dags/example_kubernetes_executor.py
[2022-07-31 00:05:38,645] {logging_mixin.py:115} INFO - [2022-07-31 00:05:38,645] {dag.py:2371} INFO - Sync 1 DAGs
[2022-07-31 00:05:38,672] {logging_mixin.py:115} INFO - [2022-07-31 00:05:38,672] {dag.py:2919} INFO - Setting next_dagrun for example_kubernetes_executor to None, run_after=None
[2022-07-31 00:05:38,687] {processor.py:161} INFO - Processing /home/airflow/.local/lib/python3.7/site-packages/airflow/example_dags/example_kubernetes_executor.py took 0.145 seconds
[2022-07-31 02:05:47,076] {processor.py:153} INFO - Started process (PID=47315) to work on /home/airflow/.local/lib/python3.7/site-packages/airflow/example_dags/example_kubernetes_executor.py
[2022-07-31 02:05:47,078] {processor.py:641} INFO - Processing file /home/airflow/.local/lib/python3.7/site-packages/airflow/example_dags/example_kubernetes_executor.py for tasks to queue
[2022-07-31 02:05:47,080] {logging_mixin.py:115} INFO - [2022-07-31 02:05:47,080] {dagbag.py:507} INFO - Filling up the DagBag from /home/airflow/.local/lib/python3.7/site-packages/airflow/example_dags/example_kubernetes_executor.py
[2022-07-31 02:05:47,123] {processor.py:651} INFO - DAG(s) dict_keys(['example_kubernetes_executor']) retrieved from /home/airflow/.local/lib/python3.7/site-packages/airflow/example_dags/example_kubernetes_executor.py
[2022-07-31 02:05:47,168] {logging_mixin.py:115} INFO - [2022-07-31 02:05:47,168] {dag.py:2371} INFO - Sync 1 DAGs
[2022-07-31 02:05:47,201] {logging_mixin.py:115} INFO - [2022-07-31 02:05:47,201] {dag.py:2919} INFO - Setting next_dagrun for example_kubernetes_executor to None, run_after=None
[2022-07-31 02:05:47,228] {processor.py:161} INFO - Processing /home/airflow/.local/lib/python3.7/site-packages/airflow/example_dags/example_kubernetes_executor.py took 0.158 seconds
[2022-07-31 02:58:59,616] {processor.py:153} INFO - Started process (PID=47366) to work on /home/airflow/.local/lib/python3.7/site-packages/airflow/example_dags/example_kubernetes_executor.py
[2022-07-31 02:58:59,618] {processor.py:641} INFO - Processing file /home/airflow/.local/lib/python3.7/site-packages/airflow/example_dags/example_kubernetes_executor.py for tasks to queue
[2022-07-31 02:58:59,619] {logging_mixin.py:115} INFO - [2022-07-31 02:58:59,619] {dagbag.py:507} INFO - Filling up the DagBag from /home/airflow/.local/lib/python3.7/site-packages/airflow/example_dags/example_kubernetes_executor.py
[2022-07-31 02:58:59,646] {processor.py:651} INFO - DAG(s) dict_keys(['example_kubernetes_executor']) retrieved from /home/airflow/.local/lib/python3.7/site-packages/airflow/example_dags/example_kubernetes_executor.py
[2022-07-31 02:58:59,679] {logging_mixin.py:115} INFO - [2022-07-31 02:58:59,679] {dag.py:2371} INFO - Sync 1 DAGs
[2022-07-31 02:58:59,705] {logging_mixin.py:115} INFO - [2022-07-31 02:58:59,705] {dag.py:2919} INFO - Setting next_dagrun for example_kubernetes_executor to None, run_after=None
[2022-07-31 02:58:59,717] {processor.py:161} INFO - Processing /home/airflow/.local/lib/python3.7/site-packages/airflow/example_dags/example_kubernetes_executor.py took 0.105 seconds
[2022-07-31 06:29:19,920] {processor.py:153} INFO - Started process (PID=47425) to work on /home/airflow/.local/lib/python3.7/site-packages/airflow/example_dags/example_kubernetes_executor.py
[2022-07-31 06:29:19,922] {processor.py:641} INFO - Processing file /home/airflow/.local/lib/python3.7/site-packages/airflow/example_dags/example_kubernetes_executor.py for tasks to queue
[2022-07-31 06:29:19,923] {logging_mixin.py:115} INFO - [2022-07-31 06:29:19,923] {dagbag.py:507} INFO - Filling up the DagBag from /home/airflow/.local/lib/python3.7/site-packages/airflow/example_dags/example_kubernetes_executor.py
[2022-07-31 06:29:19,960] {processor.py:651} INFO - DAG(s) dict_keys(['example_kubernetes_executor']) retrieved from /home/airflow/.local/lib/python3.7/site-packages/airflow/example_dags/example_kubernetes_executor.py
[2022-07-31 06:29:19,999] {logging_mixin.py:115} INFO - [2022-07-31 06:29:19,999] {dag.py:2371} INFO - Sync 1 DAGs
[2022-07-31 06:29:20,026] {logging_mixin.py:115} INFO - [2022-07-31 06:29:20,025] {dag.py:2919} INFO - Setting next_dagrun for example_kubernetes_executor to None, run_after=None
[2022-07-31 06:29:20,040] {processor.py:161} INFO - Processing /home/airflow/.local/lib/python3.7/site-packages/airflow/example_dags/example_kubernetes_executor.py took 0.126 seconds
[2022-07-31 07:07:08,501] {processor.py:153} INFO - Started process (PID=47484) to work on /home/airflow/.local/lib/python3.7/site-packages/airflow/example_dags/example_kubernetes_executor.py
[2022-07-31 07:07:08,503] {processor.py:641} INFO - Processing file /home/airflow/.local/lib/python3.7/site-packages/airflow/example_dags/example_kubernetes_executor.py for tasks to queue
[2022-07-31 07:07:08,505] {logging_mixin.py:115} INFO - [2022-07-31 07:07:08,505] {dagbag.py:507} INFO - Filling up the DagBag from /home/airflow/.local/lib/python3.7/site-packages/airflow/example_dags/example_kubernetes_executor.py
[2022-07-31 07:07:08,543] {processor.py:651} INFO - DAG(s) dict_keys(['example_kubernetes_executor']) retrieved from /home/airflow/.local/lib/python3.7/site-packages/airflow/example_dags/example_kubernetes_executor.py
[2022-07-31 07:07:08,577] {logging_mixin.py:115} INFO - [2022-07-31 07:07:08,577] {dag.py:2371} INFO - Sync 1 DAGs
[2022-07-31 07:07:08,621] {logging_mixin.py:115} INFO - [2022-07-31 07:07:08,620] {dag.py:2919} INFO - Setting next_dagrun for example_kubernetes_executor to None, run_after=None
[2022-07-31 07:07:08,636] {processor.py:161} INFO - Processing /home/airflow/.local/lib/python3.7/site-packages/airflow/example_dags/example_kubernetes_executor.py took 0.140 seconds
[2022-07-31 07:07:42,347] {processor.py:153} INFO - Started process (PID=47544) to work on /home/airflow/.local/lib/python3.7/site-packages/airflow/example_dags/example_kubernetes_executor.py
[2022-07-31 07:07:42,352] {processor.py:641} INFO - Processing file /home/airflow/.local/lib/python3.7/site-packages/airflow/example_dags/example_kubernetes_executor.py for tasks to queue
[2022-07-31 07:07:42,356] {logging_mixin.py:115} INFO - [2022-07-31 07:07:42,356] {dagbag.py:507} INFO - Filling up the DagBag from /home/airflow/.local/lib/python3.7/site-packages/airflow/example_dags/example_kubernetes_executor.py
[2022-07-31 07:07:42,480] {processor.py:651} INFO - DAG(s) dict_keys(['example_kubernetes_executor']) retrieved from /home/airflow/.local/lib/python3.7/site-packages/airflow/example_dags/example_kubernetes_executor.py
[2022-07-31 07:07:42,611] {logging_mixin.py:115} INFO - [2022-07-31 07:07:42,611] {dag.py:2371} INFO - Sync 1 DAGs
[2022-07-31 07:07:42,706] {logging_mixin.py:115} INFO - [2022-07-31 07:07:42,706] {dag.py:2919} INFO - Setting next_dagrun for example_kubernetes_executor to None, run_after=None
[2022-07-31 07:07:42,760] {processor.py:161} INFO - Processing /home/airflow/.local/lib/python3.7/site-packages/airflow/example_dags/example_kubernetes_executor.py took 0.430 seconds
[2022-07-31 10:04:22,623] {processor.py:153} INFO - Started process (PID=47583) to work on /home/airflow/.local/lib/python3.7/site-packages/airflow/example_dags/example_kubernetes_executor.py
[2022-07-31 10:04:22,624] {processor.py:641} INFO - Processing file /home/airflow/.local/lib/python3.7/site-packages/airflow/example_dags/example_kubernetes_executor.py for tasks to queue
[2022-07-31 10:04:22,626] {logging_mixin.py:115} INFO - [2022-07-31 10:04:22,626] {dagbag.py:507} INFO - Filling up the DagBag from /home/airflow/.local/lib/python3.7/site-packages/airflow/example_dags/example_kubernetes_executor.py
[2022-07-31 10:04:22,658] {processor.py:651} INFO - DAG(s) dict_keys(['example_kubernetes_executor']) retrieved from /home/airflow/.local/lib/python3.7/site-packages/airflow/example_dags/example_kubernetes_executor.py
[2022-07-31 10:04:22,693] {logging_mixin.py:115} INFO - [2022-07-31 10:04:22,692] {dag.py:2371} INFO - Sync 1 DAGs
[2022-07-31 10:04:22,716] {logging_mixin.py:115} INFO - [2022-07-31 10:04:22,716] {dag.py:2919} INFO - Setting next_dagrun for example_kubernetes_executor to None, run_after=None
[2022-07-31 10:04:22,728] {processor.py:161} INFO - Processing /home/airflow/.local/lib/python3.7/site-packages/airflow/example_dags/example_kubernetes_executor.py took 0.114 seconds
[2022-07-31 14:58:18,588] {processor.py:153} INFO - Started process (PID=47638) to work on /home/airflow/.local/lib/python3.7/site-packages/airflow/example_dags/example_kubernetes_executor.py
[2022-07-31 14:58:18,589] {processor.py:641} INFO - Processing file /home/airflow/.local/lib/python3.7/site-packages/airflow/example_dags/example_kubernetes_executor.py for tasks to queue
[2022-07-31 14:58:18,590] {logging_mixin.py:115} INFO - [2022-07-31 14:58:18,590] {dagbag.py:507} INFO - Filling up the DagBag from /home/airflow/.local/lib/python3.7/site-packages/airflow/example_dags/example_kubernetes_executor.py
[2022-07-31 14:58:18,616] {processor.py:651} INFO - DAG(s) dict_keys(['example_kubernetes_executor']) retrieved from /home/airflow/.local/lib/python3.7/site-packages/airflow/example_dags/example_kubernetes_executor.py
[2022-07-31 14:58:18,650] {logging_mixin.py:115} INFO - [2022-07-31 14:58:18,650] {dag.py:2371} INFO - Sync 1 DAGs
[2022-07-31 14:58:18,702] {logging_mixin.py:115} INFO - [2022-07-31 14:58:18,702] {dag.py:2919} INFO - Setting next_dagrun for example_kubernetes_executor to None, run_after=None
[2022-07-31 14:58:18,754] {processor.py:161} INFO - Processing /home/airflow/.local/lib/python3.7/site-packages/airflow/example_dags/example_kubernetes_executor.py took 0.169 seconds
