[2022-08-18 00:38:11,355] {taskinstance.py:1159} INFO - Dependencies all met for <TaskInstance: spark_job_dag.is_repo_exists scheduled__2022-08-17T00:38:08.969799+00:00 [queued]>
[2022-08-18 00:38:11,376] {taskinstance.py:1159} INFO - Dependencies all met for <TaskInstance: spark_job_dag.is_repo_exists scheduled__2022-08-17T00:38:08.969799+00:00 [queued]>
[2022-08-18 00:38:11,377] {taskinstance.py:1356} INFO - 
--------------------------------------------------------------------------------
[2022-08-18 00:38:11,377] {taskinstance.py:1357} INFO - Starting attempt 1 of 2
[2022-08-18 00:38:11,378] {taskinstance.py:1358} INFO - 
--------------------------------------------------------------------------------
[2022-08-18 00:38:11,407] {taskinstance.py:1377} INFO - Executing <Task(BranchPythonOperator): is_repo_exists> on 2022-08-17 00:38:08.969799+00:00
[2022-08-18 00:38:11,420] {standard_task_runner.py:52} INFO - Started process 354 to run task
[2022-08-18 00:38:11,430] {standard_task_runner.py:79} INFO - Running: ['***', 'tasks', 'run', 'spark_job_dag', 'is_repo_exists', 'scheduled__2022-08-17T00:38:08.969799+00:00', '--job-id', '482', '--raw', '--subdir', 'DAGS_FOLDER/spark_job_dag.py', '--cfg-path', '/tmp/tmpcpgq2l75', '--error-file', '/tmp/tmpqe978_54']
[2022-08-18 00:38:11,433] {standard_task_runner.py:80} INFO - Job 482: Subtask is_repo_exists
[2022-08-18 00:38:11,579] {task_command.py:369} INFO - Running <TaskInstance: spark_job_dag.is_repo_exists scheduled__2022-08-17T00:38:08.969799+00:00 [running]> on host e8f82214d52e
[2022-08-18 00:38:11,709] {taskinstance.py:1571} INFO - Exporting the following env vars:
AIRFLOW_CTX_DAG_OWNER=***
AIRFLOW_CTX_DAG_ID=spark_job_dag
AIRFLOW_CTX_TASK_ID=is_repo_exists
AIRFLOW_CTX_EXECUTION_DATE=2022-08-17T00:38:08.969799+00:00
AIRFLOW_CTX_TRY_NUMBER=1
AIRFLOW_CTX_DAG_RUN_ID=scheduled__2022-08-17T00:38:08.969799+00:00
[2022-08-18 00:38:11,714] {python.py:173} INFO - Done. Returned value was: git_clone
[2022-08-18 00:38:11,720] {skipmixin.py:140} INFO - Following branch git_clone
[2022-08-18 00:38:11,722] {skipmixin.py:175} INFO - Skipping tasks ['t_dummy']
[2022-08-18 00:38:11,839] {taskinstance.py:1400} INFO - Marking task as SUCCESS. dag_id=spark_job_dag, task_id=is_repo_exists, execution_date=20220817T003808, start_date=20220818T003811, end_date=20220818T003811
[2022-08-18 00:38:11,895] {local_task_job.py:156} INFO - Task exited with return code 0
[2022-08-18 00:38:11,983] {local_task_job.py:273} INFO - 1 downstream tasks scheduled from follow-on schedule check
