[2022-07-31 00:05:43,152] {taskinstance.py:1159} INFO - Dependencies all met for <TaskInstance: xcom_dag.choose_best_model scheduled__2022-07-30T00:00:00+00:00 [queued]>
[2022-07-31 00:05:43,164] {taskinstance.py:1159} INFO - Dependencies all met for <TaskInstance: xcom_dag.choose_best_model scheduled__2022-07-30T00:00:00+00:00 [queued]>
[2022-07-31 00:05:43,165] {taskinstance.py:1356} INFO - 
--------------------------------------------------------------------------------
[2022-07-31 00:05:43,166] {taskinstance.py:1357} INFO - Starting attempt 1 of 1
[2022-07-31 00:05:43,167] {taskinstance.py:1358} INFO - 
--------------------------------------------------------------------------------
[2022-07-31 00:05:43,179] {taskinstance.py:1377} INFO - Executing <Task(BranchPythonOperator): choose_best_model> on 2022-07-30 00:00:00+00:00
[2022-07-31 00:05:43,184] {standard_task_runner.py:52} INFO - Started process 17024 to run task
[2022-07-31 00:05:43,187] {standard_task_runner.py:79} INFO - Running: ['***', 'tasks', 'run', 'xcom_dag', 'choose_best_model', 'scheduled__2022-07-30T00:00:00+00:00', '--job-id', '272', '--raw', '--subdir', 'DAGS_FOLDER/xcom_dag.py', '--cfg-path', '/tmp/tmpxc2lu5kb', '--error-file', '/tmp/tmpvxrxuz0f']
[2022-07-31 00:05:43,188] {standard_task_runner.py:80} INFO - Job 272: Subtask choose_best_model
[2022-07-31 00:05:43,288] {task_command.py:369} INFO - Running <TaskInstance: xcom_dag.choose_best_model scheduled__2022-07-30T00:00:00+00:00 [running]> on host 2525a2c6e2b8
[2022-07-31 00:05:43,352] {taskinstance.py:1571} INFO - Exporting the following env vars:
AIRFLOW_CTX_DAG_OWNER=***
AIRFLOW_CTX_DAG_ID=xcom_dag
AIRFLOW_CTX_TASK_ID=choose_best_model
AIRFLOW_CTX_EXECUTION_DATE=2022-07-30T00:00:00+00:00
AIRFLOW_CTX_TRY_NUMBER=1
AIRFLOW_CTX_DAG_RUN_ID=scheduled__2022-07-30T00:00:00+00:00
[2022-07-31 00:05:43,354] {logging_mixin.py:115} INFO - choose best model
[2022-07-31 00:05:43,363] {logging_mixin.py:115} INFO - [9.926181239945569, 1.8618254668046885, 7.529819615382913]
[2022-07-31 00:05:43,364] {python.py:173} INFO - Done. Returned value was: accurate
[2022-07-31 00:05:43,364] {skipmixin.py:140} INFO - Following branch accurate
[2022-07-31 00:05:43,365] {skipmixin.py:175} INFO - Skipping tasks ['innacurate']
[2022-07-31 00:05:43,405] {taskinstance.py:1400} INFO - Marking task as SUCCESS. dag_id=xcom_dag, task_id=choose_best_model, execution_date=20220730T000000, start_date=20220731T000543, end_date=20220731T000543
[2022-07-31 00:05:43,443] {local_task_job.py:156} INFO - Task exited with return code 0
[2022-07-31 00:05:43,486] {local_task_job.py:273} INFO - 1 downstream tasks scheduled from follow-on schedule check
