[2022-07-27 18:11:07,912] {taskinstance.py:1159} INFO - Dependencies all met for <TaskInstance: xcom_dag.downloading_data manual__2022-07-27T18:11:07.380399+00:00 [queued]>
[2022-07-27 18:11:07,920] {taskinstance.py:1159} INFO - Dependencies all met for <TaskInstance: xcom_dag.downloading_data manual__2022-07-27T18:11:07.380399+00:00 [queued]>
[2022-07-27 18:11:07,921] {taskinstance.py:1356} INFO - 
--------------------------------------------------------------------------------
[2022-07-27 18:11:07,921] {taskinstance.py:1357} INFO - Starting attempt 1 of 1
[2022-07-27 18:11:07,922] {taskinstance.py:1358} INFO - 
--------------------------------------------------------------------------------
[2022-07-27 18:11:07,933] {taskinstance.py:1377} INFO - Executing <Task(BashOperator): downloading_data> on 2022-07-27 18:11:07.380399+00:00
[2022-07-27 18:11:07,937] {standard_task_runner.py:52} INFO - Started process 35071 to run task
[2022-07-27 18:11:07,940] {standard_task_runner.py:79} INFO - Running: ['***', 'tasks', 'run', 'xcom_dag', 'downloading_data', 'manual__2022-07-27T18:11:07.380399+00:00', '--job-id', '162', '--raw', '--subdir', 'DAGS_FOLDER/xcom_dag.py', '--cfg-path', '/tmp/tmpkvribn07', '--error-file', '/tmp/tmp9cukhny8']
[2022-07-27 18:11:07,941] {standard_task_runner.py:80} INFO - Job 162: Subtask downloading_data
[2022-07-27 18:11:07,994] {task_command.py:369} INFO - Running <TaskInstance: xcom_dag.downloading_data manual__2022-07-27T18:11:07.380399+00:00 [running]> on host 8694d477c774
[2022-07-27 18:11:08,060] {taskinstance.py:1571} INFO - Exporting the following env vars:
AIRFLOW_CTX_DAG_OWNER=***
AIRFLOW_CTX_DAG_ID=xcom_dag
AIRFLOW_CTX_TASK_ID=downloading_data
AIRFLOW_CTX_EXECUTION_DATE=2022-07-27T18:11:07.380399+00:00
AIRFLOW_CTX_TRY_NUMBER=1
AIRFLOW_CTX_DAG_RUN_ID=manual__2022-07-27T18:11:07.380399+00:00
[2022-07-27 18:11:08,062] {subprocess.py:62} INFO - Tmp dir root location: 
 /tmp
[2022-07-27 18:11:08,063] {subprocess.py:74} INFO - Running command: ['bash', '-c', 'sleep 3']
[2022-07-27 18:11:08,072] {subprocess.py:85} INFO - Output:
[2022-07-27 18:11:11,076] {subprocess.py:96} INFO - Command exited with return code 0
[2022-07-27 18:11:11,108] {taskinstance.py:1400} INFO - Marking task as SUCCESS. dag_id=xcom_dag, task_id=downloading_data, execution_date=20220727T181107, start_date=20220727T181107, end_date=20220727T181111
[2022-07-27 18:11:11,158] {local_task_job.py:156} INFO - Task exited with return code 0
[2022-07-27 18:11:11,200] {local_task_job.py:273} INFO - 3 downstream tasks scheduled from follow-on schedule check
