[2022-08-02 17:44:06,373] {taskinstance.py:1159} INFO - Dependencies all met for <TaskInstance: trigger_rule_dag.task_3 scheduled__2022-08-01T00:00:00+00:00 [queued]>
[2022-08-02 17:44:06,389] {taskinstance.py:1159} INFO - Dependencies all met for <TaskInstance: trigger_rule_dag.task_3 scheduled__2022-08-01T00:00:00+00:00 [queued]>
[2022-08-02 17:44:06,390] {taskinstance.py:1356} INFO - 
--------------------------------------------------------------------------------
[2022-08-02 17:44:06,391] {taskinstance.py:1357} INFO - Starting attempt 1 of 1
[2022-08-02 17:44:06,391] {taskinstance.py:1358} INFO - 
--------------------------------------------------------------------------------
[2022-08-02 17:44:06,419] {taskinstance.py:1377} INFO - Executing <Task(BashOperator): task_3> on 2022-08-01 00:00:00+00:00
[2022-08-02 17:44:06,426] {standard_task_runner.py:52} INFO - Started process 17195 to run task
[2022-08-02 17:44:06,431] {standard_task_runner.py:79} INFO - Running: ['***', 'tasks', 'run', 'trigger_rule_dag', 'task_3', 'scheduled__2022-08-01T00:00:00+00:00', '--job-id', '284', '--raw', '--subdir', 'DAGS_FOLDER/trigger_rule_dag.py', '--cfg-path', '/tmp/tmp_xr4et9y', '--error-file', '/tmp/tmp8pe4x8d6']
[2022-08-02 17:44:06,432] {standard_task_runner.py:80} INFO - Job 284: Subtask task_3
[2022-08-02 17:44:06,528] {task_command.py:369} INFO - Running <TaskInstance: trigger_rule_dag.task_3 scheduled__2022-08-01T00:00:00+00:00 [running]> on host 2525a2c6e2b8
[2022-08-02 17:44:06,702] {taskinstance.py:1571} INFO - Exporting the following env vars:
AIRFLOW_CTX_DAG_OWNER=***
AIRFLOW_CTX_DAG_ID=trigger_rule_dag
AIRFLOW_CTX_TASK_ID=task_3
AIRFLOW_CTX_EXECUTION_DATE=2022-08-01T00:00:00+00:00
AIRFLOW_CTX_TRY_NUMBER=1
AIRFLOW_CTX_DAG_RUN_ID=scheduled__2022-08-01T00:00:00+00:00
[2022-08-02 17:44:06,704] {subprocess.py:62} INFO - Tmp dir root location: 
 /tmp
[2022-08-02 17:44:06,705] {subprocess.py:74} INFO - Running command: ['bash', '-c', 'exit 0']
[2022-08-02 17:44:06,724] {subprocess.py:85} INFO - Output:
[2022-08-02 17:44:06,726] {subprocess.py:96} INFO - Command exited with return code 0
[2022-08-02 17:44:06,747] {taskinstance.py:1400} INFO - Marking task as SUCCESS. dag_id=trigger_rule_dag, task_id=task_3, execution_date=20220801T000000, start_date=20220802T174406, end_date=20220802T174406
[2022-08-02 17:44:06,805] {local_task_job.py:156} INFO - Task exited with return code 0
[2022-08-02 17:44:06,838] {local_task_job.py:273} INFO - 0 downstream tasks scheduled from follow-on schedule check
