[2022-07-27 19:48:00,949] {taskinstance.py:1159} INFO - Dependencies all met for <TaskInstance: xcom_dag.processing_tasks.training_model_b manual__2022-07-27T19:47:55.691161+00:00 [queued]>
[2022-07-27 19:48:00,961] {taskinstance.py:1159} INFO - Dependencies all met for <TaskInstance: xcom_dag.processing_tasks.training_model_b manual__2022-07-27T19:47:55.691161+00:00 [queued]>
[2022-07-27 19:48:00,962] {taskinstance.py:1356} INFO - 
--------------------------------------------------------------------------------
[2022-07-27 19:48:00,963] {taskinstance.py:1357} INFO - Starting attempt 1 of 1
[2022-07-27 19:48:00,964] {taskinstance.py:1358} INFO - 
--------------------------------------------------------------------------------
[2022-07-27 19:48:00,979] {taskinstance.py:1377} INFO - Executing <Task(PythonOperator): processing_tasks.training_model_b> on 2022-07-27 19:47:55.691161+00:00
[2022-07-27 19:48:00,984] {standard_task_runner.py:52} INFO - Started process 431 to run task
[2022-07-27 19:48:00,987] {standard_task_runner.py:79} INFO - Running: ['***', 'tasks', 'run', 'xcom_dag', 'processing_tasks.training_model_b', 'manual__2022-07-27T19:47:55.691161+00:00', '--job-id', '170', '--raw', '--subdir', 'DAGS_FOLDER/xcom_dag.py', '--cfg-path', '/tmp/tmpkflynsto', '--error-file', '/tmp/tmpq93hlwkc']
[2022-07-27 19:48:00,988] {standard_task_runner.py:80} INFO - Job 170: Subtask processing_tasks.training_model_b
[2022-07-27 19:48:01,048] {task_command.py:369} INFO - Running <TaskInstance: xcom_dag.processing_tasks.training_model_b manual__2022-07-27T19:47:55.691161+00:00 [running]> on host 8694d477c774
[2022-07-27 19:48:01,130] {taskinstance.py:1571} INFO - Exporting the following env vars:
AIRFLOW_CTX_DAG_OWNER=***
AIRFLOW_CTX_DAG_ID=xcom_dag
AIRFLOW_CTX_TASK_ID=processing_tasks.training_model_b
AIRFLOW_CTX_EXECUTION_DATE=2022-07-27T19:47:55.691161+00:00
AIRFLOW_CTX_TRY_NUMBER=1
AIRFLOW_CTX_DAG_RUN_ID=manual__2022-07-27T19:47:55.691161+00:00
[2022-07-27 19:48:01,133] {logging_mixin.py:115} INFO - model's accuracy: 2.0131232527172354
[2022-07-27 19:48:01,147] {python.py:173} INFO - Done. Returned value was: None
[2022-07-27 19:48:01,163] {taskinstance.py:1400} INFO - Marking task as SUCCESS. dag_id=xcom_dag, task_id=processing_tasks.training_model_b, execution_date=20220727T194755, start_date=20220727T194800, end_date=20220727T194801
[2022-07-27 19:48:01,201] {local_task_job.py:156} INFO - Task exited with return code 0
[2022-07-27 19:48:01,245] {local_task_job.py:273} INFO - 0 downstream tasks scheduled from follow-on schedule check
