[2022-07-27 17:42:22,301] {taskinstance.py:1159} INFO - Dependencies all met for <TaskInstance: xcom_dag.downloading_data manual__2022-07-27T17:42:21.316645+00:00 [queued]>
[2022-07-27 17:42:22,313] {taskinstance.py:1159} INFO - Dependencies all met for <TaskInstance: xcom_dag.downloading_data manual__2022-07-27T17:42:21.316645+00:00 [queued]>
[2022-07-27 17:42:22,314] {taskinstance.py:1356} INFO - 
--------------------------------------------------------------------------------
[2022-07-27 17:42:22,315] {taskinstance.py:1357} INFO - Starting attempt 1 of 1
[2022-07-27 17:42:22,317] {taskinstance.py:1358} INFO - 
--------------------------------------------------------------------------------
[2022-07-27 17:42:22,335] {taskinstance.py:1377} INFO - Executing <Task(BashOperator): downloading_data> on 2022-07-27 17:42:21.316645+00:00
[2022-07-27 17:42:22,341] {standard_task_runner.py:52} INFO - Started process 33679 to run task
[2022-07-27 17:42:22,345] {standard_task_runner.py:79} INFO - Running: ['***', 'tasks', 'run', 'xcom_dag', 'downloading_data', 'manual__2022-07-27T17:42:21.316645+00:00', '--job-id', '146', '--raw', '--subdir', 'DAGS_FOLDER/xcom_dag.py', '--cfg-path', '/tmp/tmpz8cq3mxg', '--error-file', '/tmp/tmpfgdzdn7y']
[2022-07-27 17:42:22,346] {standard_task_runner.py:80} INFO - Job 146: Subtask downloading_data
[2022-07-27 17:42:22,402] {task_command.py:369} INFO - Running <TaskInstance: xcom_dag.downloading_data manual__2022-07-27T17:42:21.316645+00:00 [running]> on host 8694d477c774
[2022-07-27 17:42:22,474] {taskinstance.py:1571} INFO - Exporting the following env vars:
AIRFLOW_CTX_DAG_OWNER=***
AIRFLOW_CTX_DAG_ID=xcom_dag
AIRFLOW_CTX_TASK_ID=downloading_data
AIRFLOW_CTX_EXECUTION_DATE=2022-07-27T17:42:21.316645+00:00
AIRFLOW_CTX_TRY_NUMBER=1
AIRFLOW_CTX_DAG_RUN_ID=manual__2022-07-27T17:42:21.316645+00:00
[2022-07-27 17:42:22,476] {subprocess.py:62} INFO - Tmp dir root location: 
 /tmp
[2022-07-27 17:42:22,477] {subprocess.py:74} INFO - Running command: ['bash', '-c', 'sleep 3']
[2022-07-27 17:42:22,488] {subprocess.py:85} INFO - Output:
[2022-07-27 17:42:25,493] {subprocess.py:96} INFO - Command exited with return code 0
[2022-07-27 17:42:25,522] {taskinstance.py:1400} INFO - Marking task as SUCCESS. dag_id=xcom_dag, task_id=downloading_data, execution_date=20220727T174221, start_date=20220727T174222, end_date=20220727T174225
[2022-07-27 17:42:25,570] {local_task_job.py:156} INFO - Task exited with return code 0
[2022-07-27 17:42:25,615] {local_task_job.py:273} INFO - 3 downstream tasks scheduled from follow-on schedule check
