[2022-08-14 18:19:38,228] {taskinstance.py:1159} INFO - Dependencies all met for <TaskInstance: spark_job_dag.is_repo_exists scheduled__2022-08-13T18:19:09.951551+00:00 [queued]>
[2022-08-14 18:19:38,237] {taskinstance.py:1159} INFO - Dependencies all met for <TaskInstance: spark_job_dag.is_repo_exists scheduled__2022-08-13T18:19:09.951551+00:00 [queued]>
[2022-08-14 18:19:38,237] {taskinstance.py:1356} INFO - 
--------------------------------------------------------------------------------
[2022-08-14 18:19:38,238] {taskinstance.py:1357} INFO - Starting attempt 1 of 2
[2022-08-14 18:19:38,238] {taskinstance.py:1358} INFO - 
--------------------------------------------------------------------------------
[2022-08-14 18:19:38,253] {taskinstance.py:1377} INFO - Executing <Task(BranchPythonOperator): is_repo_exists> on 2022-08-13 18:19:09.951551+00:00
[2022-08-14 18:19:38,259] {standard_task_runner.py:52} INFO - Started process 3804 to run task
[2022-08-14 18:19:38,264] {standard_task_runner.py:79} INFO - Running: ['***', 'tasks', 'run', 'spark_job_dag', 'is_repo_exists', 'scheduled__2022-08-13T18:19:09.951551+00:00', '--job-id', '446', '--raw', '--subdir', 'DAGS_FOLDER/spark_job_dag.py', '--cfg-path', '/tmp/tmpt_zmwptg', '--error-file', '/tmp/tmp488eghz0']
[2022-08-14 18:19:38,266] {standard_task_runner.py:80} INFO - Job 446: Subtask is_repo_exists
[2022-08-14 18:19:38,326] {task_command.py:369} INFO - Running <TaskInstance: spark_job_dag.is_repo_exists scheduled__2022-08-13T18:19:09.951551+00:00 [running]> on host 976456e83212
[2022-08-14 18:19:38,397] {taskinstance.py:1571} INFO - Exporting the following env vars:
AIRFLOW_CTX_DAG_OWNER=***
AIRFLOW_CTX_DAG_ID=spark_job_dag
AIRFLOW_CTX_TASK_ID=is_repo_exists
AIRFLOW_CTX_EXECUTION_DATE=2022-08-13T18:19:09.951551+00:00
AIRFLOW_CTX_TRY_NUMBER=1
AIRFLOW_CTX_DAG_RUN_ID=scheduled__2022-08-13T18:19:09.951551+00:00
[2022-08-14 18:19:38,400] {python.py:173} INFO - Done. Returned value was: git_clone
[2022-08-14 18:19:38,400] {skipmixin.py:140} INFO - Following branch git_clone
[2022-08-14 18:19:38,401] {skipmixin.py:175} INFO - Skipping tasks ['t_dummy']
[2022-08-14 18:19:38,484] {taskinstance.py:1400} INFO - Marking task as SUCCESS. dag_id=spark_job_dag, task_id=is_repo_exists, execution_date=20220813T181909, start_date=20220814T181938, end_date=20220814T181938
[2022-08-14 18:19:38,517] {local_task_job.py:156} INFO - Task exited with return code 0
[2022-08-14 18:19:38,568] {local_task_job.py:273} INFO - 1 downstream tasks scheduled from follow-on schedule check
