[2022-07-31 00:05:37,498] {taskinstance.py:1159} INFO - Dependencies all met for <TaskInstance: trigger_rule_dag.task_1 scheduled__2022-07-30T00:00:00+00:00 [queued]>
[2022-07-31 00:05:37,539] {taskinstance.py:1159} INFO - Dependencies all met for <TaskInstance: trigger_rule_dag.task_1 scheduled__2022-07-30T00:00:00+00:00 [queued]>
[2022-07-31 00:05:37,541] {taskinstance.py:1356} INFO - 
--------------------------------------------------------------------------------
[2022-07-31 00:05:37,542] {taskinstance.py:1357} INFO - Starting attempt 1 of 1
[2022-07-31 00:05:37,545] {taskinstance.py:1358} INFO - 
--------------------------------------------------------------------------------
[2022-07-31 00:05:37,603] {taskinstance.py:1377} INFO - Executing <Task(BashOperator): task_1> on 2022-07-30 00:00:00+00:00
[2022-07-31 00:05:37,618] {standard_task_runner.py:79} INFO - Running: ['***', 'tasks', 'run', 'trigger_rule_dag', 'task_1', 'scheduled__2022-07-30T00:00:00+00:00', '--job-id', '265', '--raw', '--subdir', 'DAGS_FOLDER/trigger_rule_dag.py', '--cfg-path', '/tmp/tmpw0l6p8_g', '--error-file', '/tmp/tmpwp4fvzr0']
[2022-07-31 00:05:37,623] {standard_task_runner.py:80} INFO - Job 265: Subtask task_1
[2022-07-31 00:05:37,612] {standard_task_runner.py:52} INFO - Started process 17008 to run task
[2022-07-31 00:05:37,817] {task_command.py:369} INFO - Running <TaskInstance: trigger_rule_dag.task_1 scheduled__2022-07-30T00:00:00+00:00 [running]> on host 2525a2c6e2b8
[2022-07-31 00:05:38,006] {taskinstance.py:1571} INFO - Exporting the following env vars:
AIRFLOW_CTX_DAG_OWNER=***
AIRFLOW_CTX_DAG_ID=trigger_rule_dag
AIRFLOW_CTX_TASK_ID=task_1
AIRFLOW_CTX_EXECUTION_DATE=2022-07-30T00:00:00+00:00
AIRFLOW_CTX_TRY_NUMBER=1
AIRFLOW_CTX_DAG_RUN_ID=scheduled__2022-07-30T00:00:00+00:00
[2022-07-31 00:05:38,011] {subprocess.py:62} INFO - Tmp dir root location: 
 /tmp
[2022-07-31 00:05:38,013] {subprocess.py:74} INFO - Running command: ['bash', '-c', 'sleep 30']
[2022-07-31 00:05:38,066] {subprocess.py:85} INFO - Output:
[2022-07-31 02:05:44,910] {subprocess.py:96} INFO - Command exited with return code 0
[2022-07-31 02:05:45,271] {taskinstance.py:1400} INFO - Marking task as SUCCESS. dag_id=trigger_rule_dag, task_id=task_1, execution_date=20220730T000000, start_date=20220731T000537, end_date=20220731T020545
[2022-07-31 02:05:45,304] {local_task_job.py:221} WARNING - State of this instance has been externally set to success. Terminating instance.
