[2022-07-31 00:05:42,101] {taskinstance.py:1159} INFO - Dependencies all met for <TaskInstance: xcom_dag.processing_tasks.training_model_c scheduled__2022-07-30T00:00:00+00:00 [queued]>
[2022-07-31 00:05:42,113] {taskinstance.py:1159} INFO - Dependencies all met for <TaskInstance: xcom_dag.processing_tasks.training_model_c scheduled__2022-07-30T00:00:00+00:00 [queued]>
[2022-07-31 00:05:42,114] {taskinstance.py:1356} INFO - 
--------------------------------------------------------------------------------
[2022-07-31 00:05:42,114] {taskinstance.py:1357} INFO - Starting attempt 1 of 1
[2022-07-31 00:05:42,115] {taskinstance.py:1358} INFO - 
--------------------------------------------------------------------------------
[2022-07-31 00:05:42,129] {taskinstance.py:1377} INFO - Executing <Task(PythonOperator): processing_tasks.training_model_c> on 2022-07-30 00:00:00+00:00
[2022-07-31 00:05:42,135] {standard_task_runner.py:52} INFO - Started process 17022 to run task
[2022-07-31 00:05:42,140] {standard_task_runner.py:79} INFO - Running: ['***', 'tasks', 'run', 'xcom_dag', 'processing_tasks.training_model_c', 'scheduled__2022-07-30T00:00:00+00:00', '--job-id', '271', '--raw', '--subdir', 'DAGS_FOLDER/xcom_dag.py', '--cfg-path', '/tmp/tmpprot05s2', '--error-file', '/tmp/tmp2a1_ya5l']
[2022-07-31 00:05:42,141] {standard_task_runner.py:80} INFO - Job 271: Subtask processing_tasks.training_model_c
[2022-07-31 00:05:42,204] {task_command.py:369} INFO - Running <TaskInstance: xcom_dag.processing_tasks.training_model_c scheduled__2022-07-30T00:00:00+00:00 [running]> on host 2525a2c6e2b8
[2022-07-31 00:05:42,277] {taskinstance.py:1571} INFO - Exporting the following env vars:
AIRFLOW_CTX_DAG_OWNER=***
AIRFLOW_CTX_DAG_ID=xcom_dag
AIRFLOW_CTX_TASK_ID=processing_tasks.training_model_c
AIRFLOW_CTX_EXECUTION_DATE=2022-07-30T00:00:00+00:00
AIRFLOW_CTX_TRY_NUMBER=1
AIRFLOW_CTX_DAG_RUN_ID=scheduled__2022-07-30T00:00:00+00:00
[2022-07-31 00:05:42,280] {logging_mixin.py:115} INFO - model's accuracy: 7.529819615382913
[2022-07-31 00:05:42,293] {python.py:173} INFO - Done. Returned value was: None
[2022-07-31 00:05:42,305] {taskinstance.py:1400} INFO - Marking task as SUCCESS. dag_id=xcom_dag, task_id=processing_tasks.training_model_c, execution_date=20220730T000000, start_date=20220731T000542, end_date=20220731T000542
[2022-07-31 00:05:42,357] {local_task_job.py:156} INFO - Task exited with return code 0
[2022-07-31 00:05:42,403] {local_task_job.py:273} INFO - 1 downstream tasks scheduled from follow-on schedule check
