[2022-10-27 03:13:02,505] {taskinstance.py:1159} INFO - Dependencies all met for <TaskInstance: spark_job_dag.is_repo_exists manual__2022-10-27T03:13:01.207922+00:00 [queued]>
[2022-10-27 03:13:02,514] {taskinstance.py:1159} INFO - Dependencies all met for <TaskInstance: spark_job_dag.is_repo_exists manual__2022-10-27T03:13:01.207922+00:00 [queued]>
[2022-10-27 03:13:02,515] {taskinstance.py:1356} INFO - 
--------------------------------------------------------------------------------
[2022-10-27 03:13:02,515] {taskinstance.py:1357} INFO - Starting attempt 1 of 2
[2022-10-27 03:13:02,516] {taskinstance.py:1358} INFO - 
--------------------------------------------------------------------------------
[2022-10-27 03:13:02,529] {taskinstance.py:1377} INFO - Executing <Task(BranchPythonOperator): is_repo_exists> on 2022-10-27 03:13:01.207922+00:00
[2022-10-27 03:13:02,535] {standard_task_runner.py:52} INFO - Started process 545 to run task
[2022-10-27 03:13:02,539] {standard_task_runner.py:79} INFO - Running: ['***', 'tasks', 'run', 'spark_job_dag', 'is_repo_exists', 'manual__2022-10-27T03:13:01.207922+00:00', '--job-id', '93', '--raw', '--subdir', 'DAGS_FOLDER/spark_job_dag.py', '--cfg-path', '/tmp/tmpqm6ihqia', '--error-file', '/tmp/tmpmd0g4n0i']
[2022-10-27 03:13:02,541] {standard_task_runner.py:80} INFO - Job 93: Subtask is_repo_exists
[2022-10-27 03:13:02,599] {task_command.py:369} INFO - Running <TaskInstance: spark_job_dag.is_repo_exists manual__2022-10-27T03:13:01.207922+00:00 [running]> on host 972da7c49be0
[2022-10-27 03:13:02,666] {taskinstance.py:1571} INFO - Exporting the following env vars:
AIRFLOW_CTX_DAG_OWNER=***
AIRFLOW_CTX_DAG_ID=spark_job_dag
AIRFLOW_CTX_TASK_ID=is_repo_exists
AIRFLOW_CTX_EXECUTION_DATE=2022-10-27T03:13:01.207922+00:00
AIRFLOW_CTX_TRY_NUMBER=1
AIRFLOW_CTX_DAG_RUN_ID=manual__2022-10-27T03:13:01.207922+00:00
[2022-10-27 03:13:02,668] {python.py:173} INFO - Done. Returned value was: dummy
[2022-10-27 03:13:02,669] {skipmixin.py:140} INFO - Following branch dummy
[2022-10-27 03:13:02,670] {skipmixin.py:175} INFO - Skipping tasks ['git_clone']
[2022-10-27 03:13:02,714] {taskinstance.py:1400} INFO - Marking task as SUCCESS. dag_id=spark_job_dag, task_id=is_repo_exists, execution_date=20221027T031301, start_date=20221027T031302, end_date=20221027T031302
[2022-10-27 03:13:02,753] {local_task_job.py:156} INFO - Task exited with return code 0
[2022-10-27 03:13:02,803] {local_task_job.py:273} INFO - 1 downstream tasks scheduled from follow-on schedule check
