[2022-08-22 23:38:33,286] {processor.py:153} INFO - Started process (PID=52) to work on /opt/airflow/dags/elastic_dag.py
[2022-08-22 23:38:33,289] {processor.py:641} INFO - Processing file /opt/airflow/dags/elastic_dag.py for tasks to queue
[2022-08-22 23:38:33,292] {logging_mixin.py:115} INFO - [2022-08-22 23:38:33,291] {dagbag.py:507} INFO - Filling up the DagBag from /opt/airflow/dags/elastic_dag.py
[2022-08-22 23:38:34,657] {processor.py:651} INFO - DAG(s) dict_keys(['elasticsearch_dag']) retrieved from /opt/airflow/dags/elastic_dag.py
[2022-08-22 23:38:34,709] {logging_mixin.py:115} INFO - [2022-08-22 23:38:34,708] {dag.py:2371} INFO - Sync 1 DAGs
[2022-08-22 23:38:34,761] {logging_mixin.py:115} INFO - [2022-08-22 23:38:34,760] {dag.py:2919} INFO - Setting next_dagrun for elasticsearch_dag to 2022-08-21T00:00:00+00:00, run_after=2022-08-22T00:00:00+00:00
[2022-08-22 23:38:34,781] {processor.py:161} INFO - Processing /opt/airflow/dags/elastic_dag.py took 1.503 seconds
[2022-08-22 23:39:05,265] {processor.py:153} INFO - Started process (PID=125) to work on /opt/airflow/dags/elastic_dag.py
[2022-08-22 23:39:05,279] {processor.py:641} INFO - Processing file /opt/airflow/dags/elastic_dag.py for tasks to queue
[2022-08-22 23:39:05,283] {logging_mixin.py:115} INFO - [2022-08-22 23:39:05,283] {dagbag.py:507} INFO - Filling up the DagBag from /opt/airflow/dags/elastic_dag.py
[2022-08-22 23:39:07,377] {processor.py:651} INFO - DAG(s) dict_keys(['elasticsearch_dag']) retrieved from /opt/airflow/dags/elastic_dag.py
[2022-08-22 23:39:07,438] {logging_mixin.py:115} INFO - [2022-08-22 23:39:07,435] {dag.py:2371} INFO - Sync 1 DAGs
[2022-08-22 23:39:07,506] {logging_mixin.py:115} INFO - [2022-08-22 23:39:07,506] {dag.py:2919} INFO - Setting next_dagrun for elasticsearch_dag to 2022-08-21T00:00:00+00:00, run_after=2022-08-22T00:00:00+00:00
[2022-08-22 23:39:07,562] {processor.py:161} INFO - Processing /opt/airflow/dags/elastic_dag.py took 2.362 seconds
[2022-08-22 23:39:38,062] {processor.py:153} INFO - Started process (PID=205) to work on /opt/airflow/dags/elastic_dag.py
[2022-08-22 23:39:38,065] {processor.py:641} INFO - Processing file /opt/airflow/dags/elastic_dag.py for tasks to queue
[2022-08-22 23:39:38,067] {logging_mixin.py:115} INFO - [2022-08-22 23:39:38,067] {dagbag.py:507} INFO - Filling up the DagBag from /opt/airflow/dags/elastic_dag.py
[2022-08-22 23:39:38,864] {processor.py:651} INFO - DAG(s) dict_keys(['elasticsearch_dag']) retrieved from /opt/airflow/dags/elastic_dag.py
[2022-08-22 23:39:38,908] {logging_mixin.py:115} INFO - [2022-08-22 23:39:38,907] {dag.py:2371} INFO - Sync 1 DAGs
[2022-08-22 23:39:38,973] {logging_mixin.py:115} INFO - [2022-08-22 23:39:38,973] {dag.py:2919} INFO - Setting next_dagrun for elasticsearch_dag to 2022-08-21T00:00:00+00:00, run_after=2022-08-22T00:00:00+00:00
[2022-08-22 23:39:38,994] {processor.py:161} INFO - Processing /opt/airflow/dags/elastic_dag.py took 0.940 seconds
[2022-08-22 23:40:09,720] {processor.py:153} INFO - Started process (PID=273) to work on /opt/airflow/dags/elastic_dag.py
[2022-08-22 23:40:09,722] {processor.py:641} INFO - Processing file /opt/airflow/dags/elastic_dag.py for tasks to queue
[2022-08-22 23:40:09,725] {logging_mixin.py:115} INFO - [2022-08-22 23:40:09,725] {dagbag.py:507} INFO - Filling up the DagBag from /opt/airflow/dags/elastic_dag.py
[2022-08-22 23:40:10,634] {processor.py:651} INFO - DAG(s) dict_keys(['elasticsearch_dag']) retrieved from /opt/airflow/dags/elastic_dag.py
[2022-08-22 23:40:10,695] {logging_mixin.py:115} INFO - [2022-08-22 23:40:10,693] {dag.py:2371} INFO - Sync 1 DAGs
[2022-08-22 23:40:10,751] {logging_mixin.py:115} INFO - [2022-08-22 23:40:10,751] {dag.py:2919} INFO - Setting next_dagrun for elasticsearch_dag to 2022-08-21T00:00:00+00:00, run_after=2022-08-22T00:00:00+00:00
[2022-08-22 23:40:10,774] {processor.py:161} INFO - Processing /opt/airflow/dags/elastic_dag.py took 1.062 seconds
[2022-08-22 23:40:41,091] {processor.py:153} INFO - Started process (PID=343) to work on /opt/airflow/dags/elastic_dag.py
[2022-08-22 23:40:41,096] {processor.py:641} INFO - Processing file /opt/airflow/dags/elastic_dag.py for tasks to queue
[2022-08-22 23:40:41,101] {logging_mixin.py:115} INFO - [2022-08-22 23:40:41,101] {dagbag.py:507} INFO - Filling up the DagBag from /opt/airflow/dags/elastic_dag.py
[2022-08-22 23:40:42,199] {processor.py:651} INFO - DAG(s) dict_keys(['elasticsearch_dag']) retrieved from /opt/airflow/dags/elastic_dag.py
[2022-08-22 23:40:42,323] {logging_mixin.py:115} INFO - [2022-08-22 23:40:42,321] {dag.py:2371} INFO - Sync 1 DAGs
[2022-08-22 23:40:42,401] {logging_mixin.py:115} INFO - [2022-08-22 23:40:42,401] {dag.py:2919} INFO - Setting next_dagrun for elasticsearch_dag to 2022-08-21T00:00:00+00:00, run_after=2022-08-22T00:00:00+00:00
[2022-08-22 23:40:42,438] {processor.py:161} INFO - Processing /opt/airflow/dags/elastic_dag.py took 1.370 seconds
[2022-08-22 23:41:12,924] {processor.py:153} INFO - Started process (PID=420) to work on /opt/airflow/dags/elastic_dag.py
[2022-08-22 23:41:12,933] {processor.py:641} INFO - Processing file /opt/airflow/dags/elastic_dag.py for tasks to queue
[2022-08-22 23:41:12,936] {logging_mixin.py:115} INFO - [2022-08-22 23:41:12,935] {dagbag.py:507} INFO - Filling up the DagBag from /opt/airflow/dags/elastic_dag.py
[2022-08-22 23:41:13,795] {processor.py:651} INFO - DAG(s) dict_keys(['elasticsearch_dag']) retrieved from /opt/airflow/dags/elastic_dag.py
[2022-08-22 23:41:13,845] {logging_mixin.py:115} INFO - [2022-08-22 23:41:13,843] {dag.py:2371} INFO - Sync 1 DAGs
[2022-08-22 23:41:13,907] {logging_mixin.py:115} INFO - [2022-08-22 23:41:13,907] {dag.py:2919} INFO - Setting next_dagrun for elasticsearch_dag to 2022-08-21T00:00:00+00:00, run_after=2022-08-22T00:00:00+00:00
[2022-08-22 23:41:13,938] {processor.py:161} INFO - Processing /opt/airflow/dags/elastic_dag.py took 1.023 seconds
[2022-08-22 23:41:44,289] {processor.py:153} INFO - Started process (PID=487) to work on /opt/airflow/dags/elastic_dag.py
[2022-08-22 23:41:44,292] {processor.py:641} INFO - Processing file /opt/airflow/dags/elastic_dag.py for tasks to queue
[2022-08-22 23:41:44,295] {logging_mixin.py:115} INFO - [2022-08-22 23:41:44,295] {dagbag.py:507} INFO - Filling up the DagBag from /opt/airflow/dags/elastic_dag.py
[2022-08-22 23:41:45,165] {processor.py:651} INFO - DAG(s) dict_keys(['elasticsearch_dag']) retrieved from /opt/airflow/dags/elastic_dag.py
[2022-08-22 23:41:45,216] {logging_mixin.py:115} INFO - [2022-08-22 23:41:45,214] {dag.py:2371} INFO - Sync 1 DAGs
[2022-08-22 23:41:45,278] {logging_mixin.py:115} INFO - [2022-08-22 23:41:45,278] {dag.py:2919} INFO - Setting next_dagrun for elasticsearch_dag to 2022-08-21T00:00:00+00:00, run_after=2022-08-22T00:00:00+00:00
[2022-08-22 23:41:45,309] {processor.py:161} INFO - Processing /opt/airflow/dags/elastic_dag.py took 1.030 seconds
[2022-08-22 23:42:15,844] {processor.py:153} INFO - Started process (PID=556) to work on /opt/airflow/dags/elastic_dag.py
[2022-08-22 23:42:15,851] {processor.py:641} INFO - Processing file /opt/airflow/dags/elastic_dag.py for tasks to queue
[2022-08-22 23:42:15,853] {logging_mixin.py:115} INFO - [2022-08-22 23:42:15,853] {dagbag.py:507} INFO - Filling up the DagBag from /opt/airflow/dags/elastic_dag.py
[2022-08-22 23:42:16,661] {processor.py:651} INFO - DAG(s) dict_keys(['elasticsearch_dag']) retrieved from /opt/airflow/dags/elastic_dag.py
[2022-08-22 23:42:16,711] {logging_mixin.py:115} INFO - [2022-08-22 23:42:16,710] {dag.py:2371} INFO - Sync 1 DAGs
[2022-08-22 23:42:16,771] {logging_mixin.py:115} INFO - [2022-08-22 23:42:16,771] {dag.py:2919} INFO - Setting next_dagrun for elasticsearch_dag to 2022-08-21T00:00:00+00:00, run_after=2022-08-22T00:00:00+00:00
[2022-08-22 23:42:16,806] {processor.py:161} INFO - Processing /opt/airflow/dags/elastic_dag.py took 0.974 seconds
[2022-08-22 23:42:47,586] {processor.py:153} INFO - Started process (PID=635) to work on /opt/airflow/dags/elastic_dag.py
[2022-08-22 23:42:47,589] {processor.py:641} INFO - Processing file /opt/airflow/dags/elastic_dag.py for tasks to queue
[2022-08-22 23:42:47,592] {logging_mixin.py:115} INFO - [2022-08-22 23:42:47,592] {dagbag.py:507} INFO - Filling up the DagBag from /opt/airflow/dags/elastic_dag.py
[2022-08-22 23:42:48,381] {processor.py:651} INFO - DAG(s) dict_keys(['elasticsearch_dag']) retrieved from /opt/airflow/dags/elastic_dag.py
[2022-08-22 23:42:48,425] {logging_mixin.py:115} INFO - [2022-08-22 23:42:48,424] {dag.py:2371} INFO - Sync 1 DAGs
[2022-08-22 23:42:48,479] {logging_mixin.py:115} INFO - [2022-08-22 23:42:48,479] {dag.py:2919} INFO - Setting next_dagrun for elasticsearch_dag to 2022-08-21T00:00:00+00:00, run_after=2022-08-22T00:00:00+00:00
[2022-08-22 23:42:48,508] {processor.py:161} INFO - Processing /opt/airflow/dags/elastic_dag.py took 0.934 seconds
[2022-08-22 23:43:18,579] {processor.py:153} INFO - Started process (PID=703) to work on /opt/airflow/dags/elastic_dag.py
[2022-08-22 23:43:18,581] {processor.py:641} INFO - Processing file /opt/airflow/dags/elastic_dag.py for tasks to queue
[2022-08-22 23:43:18,583] {logging_mixin.py:115} INFO - [2022-08-22 23:43:18,583] {dagbag.py:507} INFO - Filling up the DagBag from /opt/airflow/dags/elastic_dag.py
[2022-08-22 23:43:19,356] {processor.py:651} INFO - DAG(s) dict_keys(['elasticsearch_dag']) retrieved from /opt/airflow/dags/elastic_dag.py
[2022-08-22 23:43:19,398] {logging_mixin.py:115} INFO - [2022-08-22 23:43:19,397] {dag.py:2371} INFO - Sync 1 DAGs
[2022-08-22 23:43:19,452] {logging_mixin.py:115} INFO - [2022-08-22 23:43:19,452] {dag.py:2919} INFO - Setting next_dagrun for elasticsearch_dag to 2022-08-21T00:00:00+00:00, run_after=2022-08-22T00:00:00+00:00
[2022-08-22 23:43:19,473] {processor.py:161} INFO - Processing /opt/airflow/dags/elastic_dag.py took 0.902 seconds
[2022-08-22 23:43:49,716] {processor.py:153} INFO - Started process (PID=780) to work on /opt/airflow/dags/elastic_dag.py
[2022-08-22 23:43:49,719] {processor.py:641} INFO - Processing file /opt/airflow/dags/elastic_dag.py for tasks to queue
[2022-08-22 23:43:49,721] {logging_mixin.py:115} INFO - [2022-08-22 23:43:49,721] {dagbag.py:507} INFO - Filling up the DagBag from /opt/airflow/dags/elastic_dag.py
[2022-08-22 23:43:50,613] {processor.py:651} INFO - DAG(s) dict_keys(['elasticsearch_dag']) retrieved from /opt/airflow/dags/elastic_dag.py
[2022-08-22 23:43:50,687] {logging_mixin.py:115} INFO - [2022-08-22 23:43:50,686] {dag.py:2371} INFO - Sync 1 DAGs
[2022-08-22 23:43:50,770] {logging_mixin.py:115} INFO - [2022-08-22 23:43:50,770] {dag.py:2919} INFO - Setting next_dagrun for elasticsearch_dag to 2022-08-21T00:00:00+00:00, run_after=2022-08-22T00:00:00+00:00
[2022-08-22 23:43:50,819] {processor.py:161} INFO - Processing /opt/airflow/dags/elastic_dag.py took 1.112 seconds
[2022-08-22 23:44:21,462] {processor.py:153} INFO - Started process (PID=850) to work on /opt/airflow/dags/elastic_dag.py
[2022-08-22 23:44:21,463] {processor.py:641} INFO - Processing file /opt/airflow/dags/elastic_dag.py for tasks to queue
[2022-08-22 23:44:21,465] {logging_mixin.py:115} INFO - [2022-08-22 23:44:21,465] {dagbag.py:507} INFO - Filling up the DagBag from /opt/airflow/dags/elastic_dag.py
[2022-08-22 23:44:22,188] {processor.py:651} INFO - DAG(s) dict_keys(['elasticsearch_dag']) retrieved from /opt/airflow/dags/elastic_dag.py
[2022-08-22 23:44:22,253] {logging_mixin.py:115} INFO - [2022-08-22 23:44:22,252] {dag.py:2371} INFO - Sync 1 DAGs
[2022-08-22 23:44:22,296] {logging_mixin.py:115} INFO - [2022-08-22 23:44:22,295] {dag.py:2919} INFO - Setting next_dagrun for elasticsearch_dag to 2022-08-21T00:00:00+00:00, run_after=2022-08-22T00:00:00+00:00
[2022-08-22 23:44:22,316] {processor.py:161} INFO - Processing /opt/airflow/dags/elastic_dag.py took 0.861 seconds
[2022-08-22 23:44:52,536] {processor.py:153} INFO - Started process (PID=931) to work on /opt/airflow/dags/elastic_dag.py
[2022-08-22 23:44:52,544] {processor.py:641} INFO - Processing file /opt/airflow/dags/elastic_dag.py for tasks to queue
[2022-08-22 23:44:52,580] {logging_mixin.py:115} INFO - [2022-08-22 23:44:52,580] {dagbag.py:507} INFO - Filling up the DagBag from /opt/airflow/dags/elastic_dag.py
[2022-08-22 23:44:52,944] {processor.py:651} INFO - DAG(s) dict_keys(['elasticsearch_dag']) retrieved from /opt/airflow/dags/elastic_dag.py
[2022-08-22 23:44:52,966] {logging_mixin.py:115} INFO - [2022-08-22 23:44:52,966] {dag.py:2371} INFO - Sync 1 DAGs
[2022-08-22 23:44:52,986] {logging_mixin.py:115} INFO - [2022-08-22 23:44:52,986] {dag.py:2919} INFO - Setting next_dagrun for elasticsearch_dag to 2022-08-21T00:00:00+00:00, run_after=2022-08-22T00:00:00+00:00
[2022-08-22 23:44:52,999] {processor.py:161} INFO - Processing /opt/airflow/dags/elastic_dag.py took 0.466 seconds
[2022-08-22 23:45:23,189] {processor.py:153} INFO - Started process (PID=995) to work on /opt/airflow/dags/elastic_dag.py
[2022-08-22 23:45:23,190] {processor.py:641} INFO - Processing file /opt/airflow/dags/elastic_dag.py for tasks to queue
[2022-08-22 23:45:23,192] {logging_mixin.py:115} INFO - [2022-08-22 23:45:23,192] {dagbag.py:507} INFO - Filling up the DagBag from /opt/airflow/dags/elastic_dag.py
[2022-08-22 23:45:23,645] {processor.py:651} INFO - DAG(s) dict_keys(['elasticsearch_dag']) retrieved from /opt/airflow/dags/elastic_dag.py
[2022-08-22 23:45:23,666] {logging_mixin.py:115} INFO - [2022-08-22 23:45:23,665] {dag.py:2371} INFO - Sync 1 DAGs
[2022-08-22 23:45:23,693] {logging_mixin.py:115} INFO - [2022-08-22 23:45:23,693] {dag.py:2919} INFO - Setting next_dagrun for elasticsearch_dag to 2022-08-21T00:00:00+00:00, run_after=2022-08-22T00:00:00+00:00
[2022-08-22 23:45:23,740] {processor.py:161} INFO - Processing /opt/airflow/dags/elastic_dag.py took 0.556 seconds
[2022-08-22 23:45:53,863] {processor.py:153} INFO - Started process (PID=1075) to work on /opt/airflow/dags/elastic_dag.py
[2022-08-22 23:45:53,865] {processor.py:641} INFO - Processing file /opt/airflow/dags/elastic_dag.py for tasks to queue
[2022-08-22 23:45:53,866] {logging_mixin.py:115} INFO - [2022-08-22 23:45:53,865] {dagbag.py:507} INFO - Filling up the DagBag from /opt/airflow/dags/elastic_dag.py
[2022-08-22 23:45:54,205] {processor.py:651} INFO - DAG(s) dict_keys(['elasticsearch_dag']) retrieved from /opt/airflow/dags/elastic_dag.py
[2022-08-22 23:45:54,221] {logging_mixin.py:115} INFO - [2022-08-22 23:45:54,221] {dag.py:2371} INFO - Sync 1 DAGs
[2022-08-22 23:45:54,240] {logging_mixin.py:115} INFO - [2022-08-22 23:45:54,240] {dag.py:2919} INFO - Setting next_dagrun for elasticsearch_dag to 2022-08-21T00:00:00+00:00, run_after=2022-08-22T00:00:00+00:00
[2022-08-22 23:45:54,250] {processor.py:161} INFO - Processing /opt/airflow/dags/elastic_dag.py took 0.390 seconds
[2022-08-22 23:46:25,066] {processor.py:153} INFO - Started process (PID=1153) to work on /opt/airflow/dags/elastic_dag.py
[2022-08-22 23:46:25,068] {processor.py:641} INFO - Processing file /opt/airflow/dags/elastic_dag.py for tasks to queue
[2022-08-22 23:46:25,069] {logging_mixin.py:115} INFO - [2022-08-22 23:46:25,069] {dagbag.py:507} INFO - Filling up the DagBag from /opt/airflow/dags/elastic_dag.py
[2022-08-22 23:46:25,382] {processor.py:651} INFO - DAG(s) dict_keys(['elasticsearch_dag']) retrieved from /opt/airflow/dags/elastic_dag.py
[2022-08-22 23:46:25,400] {logging_mixin.py:115} INFO - [2022-08-22 23:46:25,400] {dag.py:2371} INFO - Sync 1 DAGs
[2022-08-22 23:46:25,418] {logging_mixin.py:115} INFO - [2022-08-22 23:46:25,418] {dag.py:2919} INFO - Setting next_dagrun for elasticsearch_dag to 2022-08-21T00:00:00+00:00, run_after=2022-08-22T00:00:00+00:00
[2022-08-22 23:46:25,429] {processor.py:161} INFO - Processing /opt/airflow/dags/elastic_dag.py took 0.366 seconds
[2022-08-22 23:46:55,598] {processor.py:153} INFO - Started process (PID=1230) to work on /opt/airflow/dags/elastic_dag.py
[2022-08-22 23:46:55,599] {processor.py:641} INFO - Processing file /opt/airflow/dags/elastic_dag.py for tasks to queue
[2022-08-22 23:46:55,600] {logging_mixin.py:115} INFO - [2022-08-22 23:46:55,600] {dagbag.py:507} INFO - Filling up the DagBag from /opt/airflow/dags/elastic_dag.py
[2022-08-22 23:46:55,950] {processor.py:651} INFO - DAG(s) dict_keys(['elasticsearch_dag']) retrieved from /opt/airflow/dags/elastic_dag.py
[2022-08-22 23:46:55,966] {logging_mixin.py:115} INFO - [2022-08-22 23:46:55,966] {dag.py:2371} INFO - Sync 1 DAGs
[2022-08-22 23:46:55,984] {logging_mixin.py:115} INFO - [2022-08-22 23:46:55,984] {dag.py:2919} INFO - Setting next_dagrun for elasticsearch_dag to 2022-08-21T00:00:00+00:00, run_after=2022-08-22T00:00:00+00:00
[2022-08-22 23:46:55,993] {processor.py:161} INFO - Processing /opt/airflow/dags/elastic_dag.py took 0.399 seconds
[2022-08-22 23:47:26,071] {processor.py:153} INFO - Started process (PID=1298) to work on /opt/airflow/dags/elastic_dag.py
[2022-08-22 23:47:26,073] {processor.py:641} INFO - Processing file /opt/airflow/dags/elastic_dag.py for tasks to queue
[2022-08-22 23:47:26,074] {logging_mixin.py:115} INFO - [2022-08-22 23:47:26,074] {dagbag.py:507} INFO - Filling up the DagBag from /opt/airflow/dags/elastic_dag.py
[2022-08-22 23:47:26,438] {processor.py:651} INFO - DAG(s) dict_keys(['elasticsearch_dag']) retrieved from /opt/airflow/dags/elastic_dag.py
[2022-08-22 23:47:26,456] {logging_mixin.py:115} INFO - [2022-08-22 23:47:26,456] {dag.py:2371} INFO - Sync 1 DAGs
[2022-08-22 23:47:26,483] {logging_mixin.py:115} INFO - [2022-08-22 23:47:26,483] {dag.py:2919} INFO - Setting next_dagrun for elasticsearch_dag to 2022-08-21T00:00:00+00:00, run_after=2022-08-22T00:00:00+00:00
[2022-08-22 23:47:26,500] {processor.py:161} INFO - Processing /opt/airflow/dags/elastic_dag.py took 0.432 seconds
[2022-08-22 23:47:56,778] {processor.py:153} INFO - Started process (PID=1375) to work on /opt/airflow/dags/elastic_dag.py
[2022-08-22 23:47:56,780] {processor.py:641} INFO - Processing file /opt/airflow/dags/elastic_dag.py for tasks to queue
[2022-08-22 23:47:56,781] {logging_mixin.py:115} INFO - [2022-08-22 23:47:56,781] {dagbag.py:507} INFO - Filling up the DagBag from /opt/airflow/dags/elastic_dag.py
[2022-08-22 23:47:57,114] {processor.py:651} INFO - DAG(s) dict_keys(['elasticsearch_dag']) retrieved from /opt/airflow/dags/elastic_dag.py
[2022-08-22 23:47:57,130] {logging_mixin.py:115} INFO - [2022-08-22 23:47:57,130] {dag.py:2371} INFO - Sync 1 DAGs
[2022-08-22 23:47:57,147] {logging_mixin.py:115} INFO - [2022-08-22 23:47:57,147] {dag.py:2919} INFO - Setting next_dagrun for elasticsearch_dag to 2022-08-21T00:00:00+00:00, run_after=2022-08-22T00:00:00+00:00
[2022-08-22 23:47:57,156] {processor.py:161} INFO - Processing /opt/airflow/dags/elastic_dag.py took 0.382 seconds
[2022-08-22 23:48:27,692] {processor.py:153} INFO - Started process (PID=1452) to work on /opt/airflow/dags/elastic_dag.py
[2022-08-22 23:48:27,694] {processor.py:641} INFO - Processing file /opt/airflow/dags/elastic_dag.py for tasks to queue
[2022-08-22 23:48:27,695] {logging_mixin.py:115} INFO - [2022-08-22 23:48:27,694] {dagbag.py:507} INFO - Filling up the DagBag from /opt/airflow/dags/elastic_dag.py
[2022-08-22 23:48:28,032] {processor.py:651} INFO - DAG(s) dict_keys(['elasticsearch_dag']) retrieved from /opt/airflow/dags/elastic_dag.py
[2022-08-22 23:48:28,050] {logging_mixin.py:115} INFO - [2022-08-22 23:48:28,049] {dag.py:2371} INFO - Sync 1 DAGs
[2022-08-22 23:48:28,068] {logging_mixin.py:115} INFO - [2022-08-22 23:48:28,068] {dag.py:2919} INFO - Setting next_dagrun for elasticsearch_dag to 2022-08-21T00:00:00+00:00, run_after=2022-08-22T00:00:00+00:00
[2022-08-22 23:48:28,077] {processor.py:161} INFO - Processing /opt/airflow/dags/elastic_dag.py took 0.388 seconds
[2022-08-22 23:48:58,111] {processor.py:153} INFO - Started process (PID=1529) to work on /opt/airflow/dags/elastic_dag.py
[2022-08-22 23:48:58,113] {processor.py:641} INFO - Processing file /opt/airflow/dags/elastic_dag.py for tasks to queue
[2022-08-22 23:48:58,114] {logging_mixin.py:115} INFO - [2022-08-22 23:48:58,114] {dagbag.py:507} INFO - Filling up the DagBag from /opt/airflow/dags/elastic_dag.py
[2022-08-22 23:48:58,464] {processor.py:651} INFO - DAG(s) dict_keys(['elasticsearch_dag']) retrieved from /opt/airflow/dags/elastic_dag.py
[2022-08-22 23:48:58,480] {logging_mixin.py:115} INFO - [2022-08-22 23:48:58,480] {dag.py:2371} INFO - Sync 1 DAGs
[2022-08-22 23:48:58,497] {logging_mixin.py:115} INFO - [2022-08-22 23:48:58,497] {dag.py:2919} INFO - Setting next_dagrun for elasticsearch_dag to 2022-08-21T00:00:00+00:00, run_after=2022-08-22T00:00:00+00:00
[2022-08-22 23:48:58,507] {processor.py:161} INFO - Processing /opt/airflow/dags/elastic_dag.py took 0.399 seconds
[2022-08-22 23:49:28,903] {processor.py:153} INFO - Started process (PID=1597) to work on /opt/airflow/dags/elastic_dag.py
[2022-08-22 23:49:28,907] {processor.py:641} INFO - Processing file /opt/airflow/dags/elastic_dag.py for tasks to queue
[2022-08-22 23:49:28,908] {logging_mixin.py:115} INFO - [2022-08-22 23:49:28,908] {dagbag.py:507} INFO - Filling up the DagBag from /opt/airflow/dags/elastic_dag.py
[2022-08-22 23:49:29,290] {processor.py:651} INFO - DAG(s) dict_keys(['elasticsearch_dag']) retrieved from /opt/airflow/dags/elastic_dag.py
[2022-08-22 23:49:29,310] {logging_mixin.py:115} INFO - [2022-08-22 23:49:29,309] {dag.py:2371} INFO - Sync 1 DAGs
[2022-08-22 23:49:29,331] {logging_mixin.py:115} INFO - [2022-08-22 23:49:29,331] {dag.py:2919} INFO - Setting next_dagrun for elasticsearch_dag to 2022-08-21T00:00:00+00:00, run_after=2022-08-22T00:00:00+00:00
[2022-08-22 23:49:29,342] {processor.py:161} INFO - Processing /opt/airflow/dags/elastic_dag.py took 0.443 seconds
[2022-08-22 23:49:59,378] {processor.py:153} INFO - Started process (PID=1674) to work on /opt/airflow/dags/elastic_dag.py
[2022-08-22 23:49:59,380] {processor.py:641} INFO - Processing file /opt/airflow/dags/elastic_dag.py for tasks to queue
[2022-08-22 23:49:59,381] {logging_mixin.py:115} INFO - [2022-08-22 23:49:59,381] {dagbag.py:507} INFO - Filling up the DagBag from /opt/airflow/dags/elastic_dag.py
[2022-08-22 23:49:59,736] {processor.py:651} INFO - DAG(s) dict_keys(['elasticsearch_dag']) retrieved from /opt/airflow/dags/elastic_dag.py
[2022-08-22 23:49:59,753] {logging_mixin.py:115} INFO - [2022-08-22 23:49:59,752] {dag.py:2371} INFO - Sync 1 DAGs
[2022-08-22 23:49:59,771] {logging_mixin.py:115} INFO - [2022-08-22 23:49:59,771] {dag.py:2919} INFO - Setting next_dagrun for elasticsearch_dag to 2022-08-21T00:00:00+00:00, run_after=2022-08-22T00:00:00+00:00
[2022-08-22 23:49:59,781] {processor.py:161} INFO - Processing /opt/airflow/dags/elastic_dag.py took 0.406 seconds
[2022-08-22 23:50:30,675] {processor.py:153} INFO - Started process (PID=1751) to work on /opt/airflow/dags/elastic_dag.py
[2022-08-22 23:50:30,676] {processor.py:641} INFO - Processing file /opt/airflow/dags/elastic_dag.py for tasks to queue
[2022-08-22 23:50:30,677] {logging_mixin.py:115} INFO - [2022-08-22 23:50:30,677] {dagbag.py:507} INFO - Filling up the DagBag from /opt/airflow/dags/elastic_dag.py
[2022-08-22 23:50:31,036] {processor.py:651} INFO - DAG(s) dict_keys(['elasticsearch_dag']) retrieved from /opt/airflow/dags/elastic_dag.py
[2022-08-22 23:50:31,055] {logging_mixin.py:115} INFO - [2022-08-22 23:50:31,054] {dag.py:2371} INFO - Sync 1 DAGs
[2022-08-22 23:50:31,075] {logging_mixin.py:115} INFO - [2022-08-22 23:50:31,075] {dag.py:2919} INFO - Setting next_dagrun for elasticsearch_dag to 2022-08-21T00:00:00+00:00, run_after=2022-08-22T00:00:00+00:00
[2022-08-22 23:50:31,086] {processor.py:161} INFO - Processing /opt/airflow/dags/elastic_dag.py took 0.415 seconds
[2022-08-22 23:51:01,196] {processor.py:153} INFO - Started process (PID=1828) to work on /opt/airflow/dags/elastic_dag.py
[2022-08-22 23:51:01,197] {processor.py:641} INFO - Processing file /opt/airflow/dags/elastic_dag.py for tasks to queue
[2022-08-22 23:51:01,198] {logging_mixin.py:115} INFO - [2022-08-22 23:51:01,198] {dagbag.py:507} INFO - Filling up the DagBag from /opt/airflow/dags/elastic_dag.py
[2022-08-22 23:51:01,540] {processor.py:651} INFO - DAG(s) dict_keys(['elasticsearch_dag']) retrieved from /opt/airflow/dags/elastic_dag.py
[2022-08-22 23:51:01,559] {logging_mixin.py:115} INFO - [2022-08-22 23:51:01,558] {dag.py:2371} INFO - Sync 1 DAGs
[2022-08-22 23:51:01,576] {logging_mixin.py:115} INFO - [2022-08-22 23:51:01,576] {dag.py:2919} INFO - Setting next_dagrun for elasticsearch_dag to 2022-08-21T00:00:00+00:00, run_after=2022-08-22T00:00:00+00:00
[2022-08-22 23:51:01,586] {processor.py:161} INFO - Processing /opt/airflow/dags/elastic_dag.py took 0.394 seconds
[2022-08-22 23:51:31,690] {processor.py:153} INFO - Started process (PID=1896) to work on /opt/airflow/dags/elastic_dag.py
[2022-08-22 23:51:31,691] {processor.py:641} INFO - Processing file /opt/airflow/dags/elastic_dag.py for tasks to queue
[2022-08-22 23:51:31,692] {logging_mixin.py:115} INFO - [2022-08-22 23:51:31,692] {dagbag.py:507} INFO - Filling up the DagBag from /opt/airflow/dags/elastic_dag.py
[2022-08-22 23:51:32,016] {processor.py:651} INFO - DAG(s) dict_keys(['elasticsearch_dag']) retrieved from /opt/airflow/dags/elastic_dag.py
[2022-08-22 23:51:32,033] {logging_mixin.py:115} INFO - [2022-08-22 23:51:32,033] {dag.py:2371} INFO - Sync 1 DAGs
[2022-08-22 23:51:32,051] {logging_mixin.py:115} INFO - [2022-08-22 23:51:32,051] {dag.py:2919} INFO - Setting next_dagrun for elasticsearch_dag to 2022-08-21T00:00:00+00:00, run_after=2022-08-22T00:00:00+00:00
[2022-08-22 23:51:32,060] {processor.py:161} INFO - Processing /opt/airflow/dags/elastic_dag.py took 0.373 seconds
[2022-08-22 23:52:02,622] {processor.py:153} INFO - Started process (PID=1973) to work on /opt/airflow/dags/elastic_dag.py
[2022-08-22 23:52:02,623] {processor.py:641} INFO - Processing file /opt/airflow/dags/elastic_dag.py for tasks to queue
[2022-08-22 23:52:02,624] {logging_mixin.py:115} INFO - [2022-08-22 23:52:02,624] {dagbag.py:507} INFO - Filling up the DagBag from /opt/airflow/dags/elastic_dag.py
[2022-08-22 23:52:02,954] {processor.py:651} INFO - DAG(s) dict_keys(['elasticsearch_dag']) retrieved from /opt/airflow/dags/elastic_dag.py
[2022-08-22 23:52:02,971] {logging_mixin.py:115} INFO - [2022-08-22 23:52:02,970] {dag.py:2371} INFO - Sync 1 DAGs
[2022-08-22 23:52:02,988] {logging_mixin.py:115} INFO - [2022-08-22 23:52:02,988] {dag.py:2919} INFO - Setting next_dagrun for elasticsearch_dag to 2022-08-21T00:00:00+00:00, run_after=2022-08-22T00:00:00+00:00
[2022-08-22 23:52:02,998] {processor.py:161} INFO - Processing /opt/airflow/dags/elastic_dag.py took 0.380 seconds
[2022-08-22 23:52:33,243] {processor.py:153} INFO - Started process (PID=2050) to work on /opt/airflow/dags/elastic_dag.py
[2022-08-22 23:52:33,245] {processor.py:641} INFO - Processing file /opt/airflow/dags/elastic_dag.py for tasks to queue
[2022-08-22 23:52:33,246] {logging_mixin.py:115} INFO - [2022-08-22 23:52:33,246] {dagbag.py:507} INFO - Filling up the DagBag from /opt/airflow/dags/elastic_dag.py
[2022-08-22 23:52:33,574] {processor.py:651} INFO - DAG(s) dict_keys(['elasticsearch_dag']) retrieved from /opt/airflow/dags/elastic_dag.py
[2022-08-22 23:52:33,590] {logging_mixin.py:115} INFO - [2022-08-22 23:52:33,590] {dag.py:2371} INFO - Sync 1 DAGs
[2022-08-22 23:52:33,607] {logging_mixin.py:115} INFO - [2022-08-22 23:52:33,607] {dag.py:2919} INFO - Setting next_dagrun for elasticsearch_dag to 2022-08-21T00:00:00+00:00, run_after=2022-08-22T00:00:00+00:00
[2022-08-22 23:52:33,616] {processor.py:161} INFO - Processing /opt/airflow/dags/elastic_dag.py took 0.377 seconds
[2022-08-22 23:53:03,752] {processor.py:153} INFO - Started process (PID=2127) to work on /opt/airflow/dags/elastic_dag.py
[2022-08-22 23:53:03,753] {processor.py:641} INFO - Processing file /opt/airflow/dags/elastic_dag.py for tasks to queue
[2022-08-22 23:53:03,754] {logging_mixin.py:115} INFO - [2022-08-22 23:53:03,754] {dagbag.py:507} INFO - Filling up the DagBag from /opt/airflow/dags/elastic_dag.py
[2022-08-22 23:53:04,104] {processor.py:651} INFO - DAG(s) dict_keys(['elasticsearch_dag']) retrieved from /opt/airflow/dags/elastic_dag.py
[2022-08-22 23:53:04,120] {logging_mixin.py:115} INFO - [2022-08-22 23:53:04,119] {dag.py:2371} INFO - Sync 1 DAGs
[2022-08-22 23:53:04,137] {logging_mixin.py:115} INFO - [2022-08-22 23:53:04,137] {dag.py:2919} INFO - Setting next_dagrun for elasticsearch_dag to 2022-08-21T00:00:00+00:00, run_after=2022-08-22T00:00:00+00:00
[2022-08-22 23:53:04,148] {processor.py:161} INFO - Processing /opt/airflow/dags/elastic_dag.py took 0.400 seconds
[2022-08-22 23:53:34,338] {processor.py:153} INFO - Started process (PID=2195) to work on /opt/airflow/dags/elastic_dag.py
[2022-08-22 23:53:34,339] {processor.py:641} INFO - Processing file /opt/airflow/dags/elastic_dag.py for tasks to queue
[2022-08-22 23:53:34,340] {logging_mixin.py:115} INFO - [2022-08-22 23:53:34,340] {dagbag.py:507} INFO - Filling up the DagBag from /opt/airflow/dags/elastic_dag.py
[2022-08-22 23:53:34,680] {processor.py:651} INFO - DAG(s) dict_keys(['elasticsearch_dag']) retrieved from /opt/airflow/dags/elastic_dag.py
[2022-08-22 23:53:34,699] {logging_mixin.py:115} INFO - [2022-08-22 23:53:34,698] {dag.py:2371} INFO - Sync 1 DAGs
[2022-08-22 23:53:34,719] {logging_mixin.py:115} INFO - [2022-08-22 23:53:34,719] {dag.py:2919} INFO - Setting next_dagrun for elasticsearch_dag to 2022-08-21T00:00:00+00:00, run_after=2022-08-22T00:00:00+00:00
[2022-08-22 23:53:34,729] {processor.py:161} INFO - Processing /opt/airflow/dags/elastic_dag.py took 0.395 seconds
[2022-08-22 23:54:04,940] {processor.py:153} INFO - Started process (PID=2272) to work on /opt/airflow/dags/elastic_dag.py
[2022-08-22 23:54:04,941] {processor.py:641} INFO - Processing file /opt/airflow/dags/elastic_dag.py for tasks to queue
[2022-08-22 23:54:04,942] {logging_mixin.py:115} INFO - [2022-08-22 23:54:04,942] {dagbag.py:507} INFO - Filling up the DagBag from /opt/airflow/dags/elastic_dag.py
[2022-08-22 23:54:05,323] {processor.py:651} INFO - DAG(s) dict_keys(['elasticsearch_dag']) retrieved from /opt/airflow/dags/elastic_dag.py
[2022-08-22 23:54:05,339] {logging_mixin.py:115} INFO - [2022-08-22 23:54:05,339] {dag.py:2371} INFO - Sync 1 DAGs
[2022-08-22 23:54:05,357] {logging_mixin.py:115} INFO - [2022-08-22 23:54:05,356] {dag.py:2919} INFO - Setting next_dagrun for elasticsearch_dag to 2022-08-21T00:00:00+00:00, run_after=2022-08-22T00:00:00+00:00
[2022-08-22 23:54:05,366] {processor.py:161} INFO - Processing /opt/airflow/dags/elastic_dag.py took 0.432 seconds
[2022-08-22 23:54:35,602] {processor.py:153} INFO - Started process (PID=2349) to work on /opt/airflow/dags/elastic_dag.py
[2022-08-22 23:54:35,603] {processor.py:641} INFO - Processing file /opt/airflow/dags/elastic_dag.py for tasks to queue
[2022-08-22 23:54:35,605] {logging_mixin.py:115} INFO - [2022-08-22 23:54:35,604] {dagbag.py:507} INFO - Filling up the DagBag from /opt/airflow/dags/elastic_dag.py
[2022-08-22 23:54:35,941] {processor.py:651} INFO - DAG(s) dict_keys(['elasticsearch_dag']) retrieved from /opt/airflow/dags/elastic_dag.py
[2022-08-22 23:54:35,959] {logging_mixin.py:115} INFO - [2022-08-22 23:54:35,959] {dag.py:2371} INFO - Sync 1 DAGs
[2022-08-22 23:54:35,980] {logging_mixin.py:115} INFO - [2022-08-22 23:54:35,980] {dag.py:2919} INFO - Setting next_dagrun for elasticsearch_dag to 2022-08-21T00:00:00+00:00, run_after=2022-08-22T00:00:00+00:00
[2022-08-22 23:54:35,989] {processor.py:161} INFO - Processing /opt/airflow/dags/elastic_dag.py took 0.391 seconds
[2022-08-22 23:55:06,059] {processor.py:153} INFO - Started process (PID=2426) to work on /opt/airflow/dags/elastic_dag.py
[2022-08-22 23:55:06,060] {processor.py:641} INFO - Processing file /opt/airflow/dags/elastic_dag.py for tasks to queue
[2022-08-22 23:55:06,062] {logging_mixin.py:115} INFO - [2022-08-22 23:55:06,061] {dagbag.py:507} INFO - Filling up the DagBag from /opt/airflow/dags/elastic_dag.py
[2022-08-22 23:55:06,377] {processor.py:651} INFO - DAG(s) dict_keys(['elasticsearch_dag']) retrieved from /opt/airflow/dags/elastic_dag.py
[2022-08-22 23:55:06,395] {logging_mixin.py:115} INFO - [2022-08-22 23:55:06,394] {dag.py:2371} INFO - Sync 1 DAGs
[2022-08-22 23:55:06,415] {logging_mixin.py:115} INFO - [2022-08-22 23:55:06,414] {dag.py:2919} INFO - Setting next_dagrun for elasticsearch_dag to 2022-08-21T00:00:00+00:00, run_after=2022-08-22T00:00:00+00:00
[2022-08-22 23:55:06,424] {processor.py:161} INFO - Processing /opt/airflow/dags/elastic_dag.py took 0.368 seconds
[2022-08-22 23:55:36,634] {processor.py:153} INFO - Started process (PID=2494) to work on /opt/airflow/dags/elastic_dag.py
[2022-08-22 23:55:36,635] {processor.py:641} INFO - Processing file /opt/airflow/dags/elastic_dag.py for tasks to queue
[2022-08-22 23:55:36,636] {logging_mixin.py:115} INFO - [2022-08-22 23:55:36,636] {dagbag.py:507} INFO - Filling up the DagBag from /opt/airflow/dags/elastic_dag.py
[2022-08-22 23:55:36,989] {processor.py:651} INFO - DAG(s) dict_keys(['elasticsearch_dag']) retrieved from /opt/airflow/dags/elastic_dag.py
[2022-08-22 23:55:37,010] {logging_mixin.py:115} INFO - [2022-08-22 23:55:37,009] {dag.py:2371} INFO - Sync 1 DAGs
[2022-08-22 23:55:37,030] {logging_mixin.py:115} INFO - [2022-08-22 23:55:37,030] {dag.py:2919} INFO - Setting next_dagrun for elasticsearch_dag to 2022-08-21T00:00:00+00:00, run_after=2022-08-22T00:00:00+00:00
[2022-08-22 23:55:37,039] {processor.py:161} INFO - Processing /opt/airflow/dags/elastic_dag.py took 0.409 seconds
[2022-08-22 23:56:07,232] {processor.py:153} INFO - Started process (PID=2571) to work on /opt/airflow/dags/elastic_dag.py
[2022-08-22 23:56:07,233] {processor.py:641} INFO - Processing file /opt/airflow/dags/elastic_dag.py for tasks to queue
[2022-08-22 23:56:07,234] {logging_mixin.py:115} INFO - [2022-08-22 23:56:07,234] {dagbag.py:507} INFO - Filling up the DagBag from /opt/airflow/dags/elastic_dag.py
[2022-08-22 23:56:07,559] {processor.py:651} INFO - DAG(s) dict_keys(['elasticsearch_dag']) retrieved from /opt/airflow/dags/elastic_dag.py
[2022-08-22 23:56:07,576] {logging_mixin.py:115} INFO - [2022-08-22 23:56:07,575] {dag.py:2371} INFO - Sync 1 DAGs
[2022-08-22 23:56:07,592] {logging_mixin.py:115} INFO - [2022-08-22 23:56:07,592] {dag.py:2919} INFO - Setting next_dagrun for elasticsearch_dag to 2022-08-21T00:00:00+00:00, run_after=2022-08-22T00:00:00+00:00
[2022-08-22 23:56:07,601] {processor.py:161} INFO - Processing /opt/airflow/dags/elastic_dag.py took 0.375 seconds
[2022-08-22 23:56:37,710] {processor.py:153} INFO - Started process (PID=2648) to work on /opt/airflow/dags/elastic_dag.py
[2022-08-22 23:56:37,710] {processor.py:641} INFO - Processing file /opt/airflow/dags/elastic_dag.py for tasks to queue
[2022-08-22 23:56:37,711] {logging_mixin.py:115} INFO - [2022-08-22 23:56:37,711] {dagbag.py:507} INFO - Filling up the DagBag from /opt/airflow/dags/elastic_dag.py
[2022-08-22 23:56:38,047] {processor.py:651} INFO - DAG(s) dict_keys(['elasticsearch_dag']) retrieved from /opt/airflow/dags/elastic_dag.py
[2022-08-22 23:56:38,067] {logging_mixin.py:115} INFO - [2022-08-22 23:56:38,066] {dag.py:2371} INFO - Sync 1 DAGs
[2022-08-22 23:56:38,086] {logging_mixin.py:115} INFO - [2022-08-22 23:56:38,086] {dag.py:2919} INFO - Setting next_dagrun for elasticsearch_dag to 2022-08-21T00:00:00+00:00, run_after=2022-08-22T00:00:00+00:00
[2022-08-22 23:56:38,095] {processor.py:161} INFO - Processing /opt/airflow/dags/elastic_dag.py took 0.389 seconds
[2022-08-22 23:57:08,159] {processor.py:153} INFO - Started process (PID=2725) to work on /opt/airflow/dags/elastic_dag.py
[2022-08-22 23:57:08,161] {processor.py:641} INFO - Processing file /opt/airflow/dags/elastic_dag.py for tasks to queue
[2022-08-22 23:57:08,162] {logging_mixin.py:115} INFO - [2022-08-22 23:57:08,162] {dagbag.py:507} INFO - Filling up the DagBag from /opt/airflow/dags/elastic_dag.py
[2022-08-22 23:57:08,463] {processor.py:651} INFO - DAG(s) dict_keys(['elasticsearch_dag']) retrieved from /opt/airflow/dags/elastic_dag.py
[2022-08-22 23:57:08,479] {logging_mixin.py:115} INFO - [2022-08-22 23:57:08,479] {dag.py:2371} INFO - Sync 1 DAGs
[2022-08-22 23:57:08,496] {logging_mixin.py:115} INFO - [2022-08-22 23:57:08,496] {dag.py:2919} INFO - Setting next_dagrun for elasticsearch_dag to 2022-08-21T00:00:00+00:00, run_after=2022-08-22T00:00:00+00:00
[2022-08-22 23:57:08,505] {processor.py:161} INFO - Processing /opt/airflow/dags/elastic_dag.py took 0.370 seconds
[2022-08-22 23:57:39,173] {processor.py:153} INFO - Started process (PID=2793) to work on /opt/airflow/dags/elastic_dag.py
[2022-08-22 23:57:39,175] {processor.py:641} INFO - Processing file /opt/airflow/dags/elastic_dag.py for tasks to queue
[2022-08-22 23:57:39,176] {logging_mixin.py:115} INFO - [2022-08-22 23:57:39,176] {dagbag.py:507} INFO - Filling up the DagBag from /opt/airflow/dags/elastic_dag.py
[2022-08-22 23:57:39,508] {processor.py:651} INFO - DAG(s) dict_keys(['elasticsearch_dag']) retrieved from /opt/airflow/dags/elastic_dag.py
[2022-08-22 23:57:39,526] {logging_mixin.py:115} INFO - [2022-08-22 23:57:39,525] {dag.py:2371} INFO - Sync 1 DAGs
[2022-08-22 23:57:39,544] {logging_mixin.py:115} INFO - [2022-08-22 23:57:39,544] {dag.py:2919} INFO - Setting next_dagrun for elasticsearch_dag to 2022-08-21T00:00:00+00:00, run_after=2022-08-22T00:00:00+00:00
[2022-08-22 23:57:39,553] {processor.py:161} INFO - Processing /opt/airflow/dags/elastic_dag.py took 0.383 seconds
[2022-08-22 23:58:09,937] {processor.py:153} INFO - Started process (PID=2870) to work on /opt/airflow/dags/elastic_dag.py
[2022-08-22 23:58:09,938] {processor.py:641} INFO - Processing file /opt/airflow/dags/elastic_dag.py for tasks to queue
[2022-08-22 23:58:09,939] {logging_mixin.py:115} INFO - [2022-08-22 23:58:09,939] {dagbag.py:507} INFO - Filling up the DagBag from /opt/airflow/dags/elastic_dag.py
[2022-08-22 23:58:10,300] {processor.py:651} INFO - DAG(s) dict_keys(['elasticsearch_dag']) retrieved from /opt/airflow/dags/elastic_dag.py
[2022-08-22 23:58:10,318] {logging_mixin.py:115} INFO - [2022-08-22 23:58:10,318] {dag.py:2371} INFO - Sync 1 DAGs
[2022-08-22 23:58:10,338] {logging_mixin.py:115} INFO - [2022-08-22 23:58:10,338] {dag.py:2919} INFO - Setting next_dagrun for elasticsearch_dag to 2022-08-21T00:00:00+00:00, run_after=2022-08-22T00:00:00+00:00
[2022-08-22 23:58:10,348] {processor.py:161} INFO - Processing /opt/airflow/dags/elastic_dag.py took 0.414 seconds
[2022-08-22 23:58:40,858] {processor.py:153} INFO - Started process (PID=2947) to work on /opt/airflow/dags/elastic_dag.py
[2022-08-22 23:58:40,859] {processor.py:641} INFO - Processing file /opt/airflow/dags/elastic_dag.py for tasks to queue
[2022-08-22 23:58:40,860] {logging_mixin.py:115} INFO - [2022-08-22 23:58:40,860] {dagbag.py:507} INFO - Filling up the DagBag from /opt/airflow/dags/elastic_dag.py
[2022-08-22 23:58:41,221] {processor.py:651} INFO - DAG(s) dict_keys(['elasticsearch_dag']) retrieved from /opt/airflow/dags/elastic_dag.py
[2022-08-22 23:58:41,239] {logging_mixin.py:115} INFO - [2022-08-22 23:58:41,238] {dag.py:2371} INFO - Sync 1 DAGs
[2022-08-22 23:58:41,259] {logging_mixin.py:115} INFO - [2022-08-22 23:58:41,259] {dag.py:2919} INFO - Setting next_dagrun for elasticsearch_dag to 2022-08-21T00:00:00+00:00, run_after=2022-08-22T00:00:00+00:00
[2022-08-22 23:58:41,269] {processor.py:161} INFO - Processing /opt/airflow/dags/elastic_dag.py took 0.416 seconds
[2022-08-22 23:59:11,371] {processor.py:153} INFO - Started process (PID=3024) to work on /opt/airflow/dags/elastic_dag.py
[2022-08-22 23:59:11,372] {processor.py:641} INFO - Processing file /opt/airflow/dags/elastic_dag.py for tasks to queue
[2022-08-22 23:59:11,373] {logging_mixin.py:115} INFO - [2022-08-22 23:59:11,373] {dagbag.py:507} INFO - Filling up the DagBag from /opt/airflow/dags/elastic_dag.py
[2022-08-22 23:59:11,770] {processor.py:651} INFO - DAG(s) dict_keys(['elasticsearch_dag']) retrieved from /opt/airflow/dags/elastic_dag.py
[2022-08-22 23:59:11,789] {logging_mixin.py:115} INFO - [2022-08-22 23:59:11,789] {dag.py:2371} INFO - Sync 1 DAGs
[2022-08-22 23:59:11,810] {logging_mixin.py:115} INFO - [2022-08-22 23:59:11,810] {dag.py:2919} INFO - Setting next_dagrun for elasticsearch_dag to 2022-08-21T00:00:00+00:00, run_after=2022-08-22T00:00:00+00:00
[2022-08-22 23:59:11,819] {processor.py:161} INFO - Processing /opt/airflow/dags/elastic_dag.py took 0.452 seconds
[2022-08-22 23:59:41,998] {processor.py:153} INFO - Started process (PID=3092) to work on /opt/airflow/dags/elastic_dag.py
[2022-08-22 23:59:41,999] {processor.py:641} INFO - Processing file /opt/airflow/dags/elastic_dag.py for tasks to queue
[2022-08-22 23:59:42,000] {logging_mixin.py:115} INFO - [2022-08-22 23:59:42,000] {dagbag.py:507} INFO - Filling up the DagBag from /opt/airflow/dags/elastic_dag.py
[2022-08-22 23:59:42,353] {processor.py:651} INFO - DAG(s) dict_keys(['elasticsearch_dag']) retrieved from /opt/airflow/dags/elastic_dag.py
[2022-08-22 23:59:42,373] {logging_mixin.py:115} INFO - [2022-08-22 23:59:42,373] {dag.py:2371} INFO - Sync 1 DAGs
[2022-08-22 23:59:42,396] {logging_mixin.py:115} INFO - [2022-08-22 23:59:42,396] {dag.py:2919} INFO - Setting next_dagrun for elasticsearch_dag to 2022-08-21T00:00:00+00:00, run_after=2022-08-22T00:00:00+00:00
[2022-08-22 23:59:42,406] {processor.py:161} INFO - Processing /opt/airflow/dags/elastic_dag.py took 0.412 seconds
