[2022-08-22 23:38:34,256] {processor.py:153} INFO - Started process (PID=60) to work on /opt/airflow/dags/task_group_dag.py
[2022-08-22 23:38:34,260] {processor.py:641} INFO - Processing file /opt/airflow/dags/task_group_dag.py for tasks to queue
[2022-08-22 23:38:34,265] {logging_mixin.py:115} INFO - [2022-08-22 23:38:34,265] {dagbag.py:507} INFO - Filling up the DagBag from /opt/airflow/dags/task_group_dag.py
[2022-08-22 23:38:34,326] {processor.py:651} INFO - DAG(s) dict_keys(['task_group_dag']) retrieved from /opt/airflow/dags/task_group_dag.py
[2022-08-22 23:38:34,401] {logging_mixin.py:115} INFO - [2022-08-22 23:38:34,401] {dag.py:2371} INFO - Sync 1 DAGs
[2022-08-22 23:38:34,466] {logging_mixin.py:115} INFO - [2022-08-22 23:38:34,466] {dag.py:2919} INFO - Setting next_dagrun for task_group_dag to 2022-08-21T00:00:00+00:00, run_after=2022-08-22T00:00:00+00:00
[2022-08-22 23:38:34,498] {processor.py:161} INFO - Processing /opt/airflow/dags/task_group_dag.py took 0.261 seconds
[2022-08-22 23:39:06,362] {processor.py:153} INFO - Started process (PID=127) to work on /opt/airflow/dags/task_group_dag.py
[2022-08-22 23:39:06,368] {processor.py:641} INFO - Processing file /opt/airflow/dags/task_group_dag.py for tasks to queue
[2022-08-22 23:39:06,372] {logging_mixin.py:115} INFO - [2022-08-22 23:39:06,371] {dagbag.py:507} INFO - Filling up the DagBag from /opt/airflow/dags/task_group_dag.py
[2022-08-22 23:39:06,432] {processor.py:651} INFO - DAG(s) dict_keys(['task_group_dag']) retrieved from /opt/airflow/dags/task_group_dag.py
[2022-08-22 23:39:06,525] {logging_mixin.py:115} INFO - [2022-08-22 23:39:06,524] {dag.py:2371} INFO - Sync 1 DAGs
[2022-08-22 23:39:06,592] {logging_mixin.py:115} INFO - [2022-08-22 23:39:06,592] {dag.py:2919} INFO - Setting next_dagrun for task_group_dag to 2022-08-21T00:00:00+00:00, run_after=2022-08-22T00:00:00+00:00
[2022-08-22 23:39:06,622] {processor.py:161} INFO - Processing /opt/airflow/dags/task_group_dag.py took 0.288 seconds
[2022-08-22 23:39:36,784] {processor.py:153} INFO - Started process (PID=201) to work on /opt/airflow/dags/task_group_dag.py
[2022-08-22 23:39:36,787] {processor.py:641} INFO - Processing file /opt/airflow/dags/task_group_dag.py for tasks to queue
[2022-08-22 23:39:36,791] {logging_mixin.py:115} INFO - [2022-08-22 23:39:36,790] {dagbag.py:507} INFO - Filling up the DagBag from /opt/airflow/dags/task_group_dag.py
[2022-08-22 23:39:36,840] {processor.py:651} INFO - DAG(s) dict_keys(['task_group_dag']) retrieved from /opt/airflow/dags/task_group_dag.py
[2022-08-22 23:39:36,918] {logging_mixin.py:115} INFO - [2022-08-22 23:39:36,917] {dag.py:2371} INFO - Sync 1 DAGs
[2022-08-22 23:39:36,975] {logging_mixin.py:115} INFO - [2022-08-22 23:39:36,974] {dag.py:2919} INFO - Setting next_dagrun for task_group_dag to 2022-08-21T00:00:00+00:00, run_after=2022-08-22T00:00:00+00:00
[2022-08-22 23:39:37,006] {processor.py:161} INFO - Processing /opt/airflow/dags/task_group_dag.py took 0.230 seconds
[2022-08-22 23:40:07,507] {processor.py:153} INFO - Started process (PID=271) to work on /opt/airflow/dags/task_group_dag.py
[2022-08-22 23:40:07,510] {processor.py:641} INFO - Processing file /opt/airflow/dags/task_group_dag.py for tasks to queue
[2022-08-22 23:40:07,512] {logging_mixin.py:115} INFO - [2022-08-22 23:40:07,512] {dagbag.py:507} INFO - Filling up the DagBag from /opt/airflow/dags/task_group_dag.py
[2022-08-22 23:40:07,546] {processor.py:651} INFO - DAG(s) dict_keys(['task_group_dag']) retrieved from /opt/airflow/dags/task_group_dag.py
[2022-08-22 23:40:07,606] {logging_mixin.py:115} INFO - [2022-08-22 23:40:07,605] {dag.py:2371} INFO - Sync 1 DAGs
[2022-08-22 23:40:07,658] {logging_mixin.py:115} INFO - [2022-08-22 23:40:07,658] {dag.py:2919} INFO - Setting next_dagrun for task_group_dag to 2022-08-21T00:00:00+00:00, run_after=2022-08-22T00:00:00+00:00
[2022-08-22 23:40:07,683] {processor.py:161} INFO - Processing /opt/airflow/dags/task_group_dag.py took 0.185 seconds
[2022-08-22 23:40:38,447] {processor.py:153} INFO - Started process (PID=339) to work on /opt/airflow/dags/task_group_dag.py
[2022-08-22 23:40:38,451] {processor.py:641} INFO - Processing file /opt/airflow/dags/task_group_dag.py for tasks to queue
[2022-08-22 23:40:38,454] {logging_mixin.py:115} INFO - [2022-08-22 23:40:38,454] {dagbag.py:507} INFO - Filling up the DagBag from /opt/airflow/dags/task_group_dag.py
[2022-08-22 23:40:38,490] {processor.py:651} INFO - DAG(s) dict_keys(['task_group_dag']) retrieved from /opt/airflow/dags/task_group_dag.py
[2022-08-22 23:40:38,562] {logging_mixin.py:115} INFO - [2022-08-22 23:40:38,562] {dag.py:2371} INFO - Sync 1 DAGs
[2022-08-22 23:40:38,629] {logging_mixin.py:115} INFO - [2022-08-22 23:40:38,628] {dag.py:2919} INFO - Setting next_dagrun for task_group_dag to 2022-08-21T00:00:00+00:00, run_after=2022-08-22T00:00:00+00:00
[2022-08-22 23:40:38,664] {processor.py:161} INFO - Processing /opt/airflow/dags/task_group_dag.py took 0.224 seconds
[2022-08-22 23:41:09,339] {processor.py:153} INFO - Started process (PID=407) to work on /opt/airflow/dags/task_group_dag.py
[2022-08-22 23:41:09,342] {processor.py:641} INFO - Processing file /opt/airflow/dags/task_group_dag.py for tasks to queue
[2022-08-22 23:41:09,345] {logging_mixin.py:115} INFO - [2022-08-22 23:41:09,344] {dagbag.py:507} INFO - Filling up the DagBag from /opt/airflow/dags/task_group_dag.py
[2022-08-22 23:41:09,386] {processor.py:651} INFO - DAG(s) dict_keys(['task_group_dag']) retrieved from /opt/airflow/dags/task_group_dag.py
[2022-08-22 23:41:09,456] {logging_mixin.py:115} INFO - [2022-08-22 23:41:09,456] {dag.py:2371} INFO - Sync 1 DAGs
[2022-08-22 23:41:09,525] {logging_mixin.py:115} INFO - [2022-08-22 23:41:09,525] {dag.py:2919} INFO - Setting next_dagrun for task_group_dag to 2022-08-21T00:00:00+00:00, run_after=2022-08-22T00:00:00+00:00
[2022-08-22 23:41:09,566] {processor.py:161} INFO - Processing /opt/airflow/dags/task_group_dag.py took 0.238 seconds
[2022-08-22 23:41:39,773] {processor.py:153} INFO - Started process (PID=483) to work on /opt/airflow/dags/task_group_dag.py
[2022-08-22 23:41:39,775] {processor.py:641} INFO - Processing file /opt/airflow/dags/task_group_dag.py for tasks to queue
[2022-08-22 23:41:39,778] {logging_mixin.py:115} INFO - [2022-08-22 23:41:39,778] {dagbag.py:507} INFO - Filling up the DagBag from /opt/airflow/dags/task_group_dag.py
[2022-08-22 23:41:39,817] {processor.py:651} INFO - DAG(s) dict_keys(['task_group_dag']) retrieved from /opt/airflow/dags/task_group_dag.py
[2022-08-22 23:41:39,888] {logging_mixin.py:115} INFO - [2022-08-22 23:41:39,888] {dag.py:2371} INFO - Sync 1 DAGs
[2022-08-22 23:41:39,953] {logging_mixin.py:115} INFO - [2022-08-22 23:41:39,953] {dag.py:2919} INFO - Setting next_dagrun for task_group_dag to 2022-08-21T00:00:00+00:00, run_after=2022-08-22T00:00:00+00:00
[2022-08-22 23:41:39,983] {processor.py:161} INFO - Processing /opt/airflow/dags/task_group_dag.py took 0.219 seconds
[2022-08-22 23:42:10,460] {processor.py:153} INFO - Started process (PID=552) to work on /opt/airflow/dags/task_group_dag.py
[2022-08-22 23:42:10,463] {processor.py:641} INFO - Processing file /opt/airflow/dags/task_group_dag.py for tasks to queue
[2022-08-22 23:42:10,465] {logging_mixin.py:115} INFO - [2022-08-22 23:42:10,465] {dagbag.py:507} INFO - Filling up the DagBag from /opt/airflow/dags/task_group_dag.py
[2022-08-22 23:42:10,507] {processor.py:651} INFO - DAG(s) dict_keys(['task_group_dag']) retrieved from /opt/airflow/dags/task_group_dag.py
[2022-08-22 23:42:10,567] {logging_mixin.py:115} INFO - [2022-08-22 23:42:10,567] {dag.py:2371} INFO - Sync 1 DAGs
[2022-08-22 23:42:10,628] {logging_mixin.py:115} INFO - [2022-08-22 23:42:10,628] {dag.py:2919} INFO - Setting next_dagrun for task_group_dag to 2022-08-21T00:00:00+00:00, run_after=2022-08-22T00:00:00+00:00
[2022-08-22 23:42:10,669] {processor.py:161} INFO - Processing /opt/airflow/dags/task_group_dag.py took 0.215 seconds
[2022-08-22 23:42:42,045] {processor.py:153} INFO - Started process (PID=622) to work on /opt/airflow/dags/task_group_dag.py
[2022-08-22 23:42:42,048] {processor.py:641} INFO - Processing file /opt/airflow/dags/task_group_dag.py for tasks to queue
[2022-08-22 23:42:42,052] {logging_mixin.py:115} INFO - [2022-08-22 23:42:42,051] {dagbag.py:507} INFO - Filling up the DagBag from /opt/airflow/dags/task_group_dag.py
[2022-08-22 23:42:42,089] {processor.py:651} INFO - DAG(s) dict_keys(['task_group_dag']) retrieved from /opt/airflow/dags/task_group_dag.py
[2022-08-22 23:42:42,150] {logging_mixin.py:115} INFO - [2022-08-22 23:42:42,150] {dag.py:2371} INFO - Sync 1 DAGs
[2022-08-22 23:42:42,207] {logging_mixin.py:115} INFO - [2022-08-22 23:42:42,207] {dag.py:2919} INFO - Setting next_dagrun for task_group_dag to 2022-08-21T00:00:00+00:00, run_after=2022-08-22T00:00:00+00:00
[2022-08-22 23:42:42,231] {processor.py:161} INFO - Processing /opt/airflow/dags/task_group_dag.py took 0.197 seconds
[2022-08-22 23:43:13,112] {processor.py:153} INFO - Started process (PID=699) to work on /opt/airflow/dags/task_group_dag.py
[2022-08-22 23:43:13,114] {processor.py:641} INFO - Processing file /opt/airflow/dags/task_group_dag.py for tasks to queue
[2022-08-22 23:43:13,117] {logging_mixin.py:115} INFO - [2022-08-22 23:43:13,117] {dagbag.py:507} INFO - Filling up the DagBag from /opt/airflow/dags/task_group_dag.py
[2022-08-22 23:43:13,156] {processor.py:651} INFO - DAG(s) dict_keys(['task_group_dag']) retrieved from /opt/airflow/dags/task_group_dag.py
[2022-08-22 23:43:13,222] {logging_mixin.py:115} INFO - [2022-08-22 23:43:13,222] {dag.py:2371} INFO - Sync 1 DAGs
[2022-08-22 23:43:13,280] {logging_mixin.py:115} INFO - [2022-08-22 23:43:13,279] {dag.py:2919} INFO - Setting next_dagrun for task_group_dag to 2022-08-21T00:00:00+00:00, run_after=2022-08-22T00:00:00+00:00
[2022-08-22 23:43:13,307] {processor.py:161} INFO - Processing /opt/airflow/dags/task_group_dag.py took 0.202 seconds
[2022-08-22 23:43:44,162] {processor.py:153} INFO - Started process (PID=767) to work on /opt/airflow/dags/task_group_dag.py
[2022-08-22 23:43:44,165] {processor.py:641} INFO - Processing file /opt/airflow/dags/task_group_dag.py for tasks to queue
[2022-08-22 23:43:44,167] {logging_mixin.py:115} INFO - [2022-08-22 23:43:44,167] {dagbag.py:507} INFO - Filling up the DagBag from /opt/airflow/dags/task_group_dag.py
[2022-08-22 23:43:44,204] {processor.py:651} INFO - DAG(s) dict_keys(['task_group_dag']) retrieved from /opt/airflow/dags/task_group_dag.py
[2022-08-22 23:43:44,274] {logging_mixin.py:115} INFO - [2022-08-22 23:43:44,274] {dag.py:2371} INFO - Sync 1 DAGs
[2022-08-22 23:43:44,338] {logging_mixin.py:115} INFO - [2022-08-22 23:43:44,338] {dag.py:2919} INFO - Setting next_dagrun for task_group_dag to 2022-08-21T00:00:00+00:00, run_after=2022-08-22T00:00:00+00:00
[2022-08-22 23:43:44,365] {processor.py:161} INFO - Processing /opt/airflow/dags/task_group_dag.py took 0.209 seconds
[2022-08-22 23:44:14,738] {processor.py:153} INFO - Started process (PID=843) to work on /opt/airflow/dags/task_group_dag.py
[2022-08-22 23:44:14,741] {processor.py:641} INFO - Processing file /opt/airflow/dags/task_group_dag.py for tasks to queue
[2022-08-22 23:44:14,743] {logging_mixin.py:115} INFO - [2022-08-22 23:44:14,743] {dagbag.py:507} INFO - Filling up the DagBag from /opt/airflow/dags/task_group_dag.py
[2022-08-22 23:44:14,775] {processor.py:651} INFO - DAG(s) dict_keys(['task_group_dag']) retrieved from /opt/airflow/dags/task_group_dag.py
[2022-08-22 23:44:14,831] {logging_mixin.py:115} INFO - [2022-08-22 23:44:14,831] {dag.py:2371} INFO - Sync 1 DAGs
[2022-08-22 23:44:14,882] {logging_mixin.py:115} INFO - [2022-08-22 23:44:14,882] {dag.py:2919} INFO - Setting next_dagrun for task_group_dag to 2022-08-21T00:00:00+00:00, run_after=2022-08-22T00:00:00+00:00
[2022-08-22 23:44:14,908] {processor.py:161} INFO - Processing /opt/airflow/dags/task_group_dag.py took 0.177 seconds
[2022-08-22 23:44:45,041] {processor.py:153} INFO - Started process (PID=912) to work on /opt/airflow/dags/task_group_dag.py
[2022-08-22 23:44:45,042] {processor.py:641} INFO - Processing file /opt/airflow/dags/task_group_dag.py for tasks to queue
[2022-08-22 23:44:45,043] {logging_mixin.py:115} INFO - [2022-08-22 23:44:45,043] {dagbag.py:507} INFO - Filling up the DagBag from /opt/airflow/dags/task_group_dag.py
[2022-08-22 23:44:45,059] {processor.py:651} INFO - DAG(s) dict_keys(['task_group_dag']) retrieved from /opt/airflow/dags/task_group_dag.py
[2022-08-22 23:44:45,086] {logging_mixin.py:115} INFO - [2022-08-22 23:44:45,086] {dag.py:2371} INFO - Sync 1 DAGs
[2022-08-22 23:44:45,113] {logging_mixin.py:115} INFO - [2022-08-22 23:44:45,113] {dag.py:2919} INFO - Setting next_dagrun for task_group_dag to 2022-08-21T00:00:00+00:00, run_after=2022-08-22T00:00:00+00:00
[2022-08-22 23:44:45,123] {processor.py:161} INFO - Processing /opt/airflow/dags/task_group_dag.py took 0.085 seconds
[2022-08-22 23:45:15,885] {processor.py:153} INFO - Started process (PID=988) to work on /opt/airflow/dags/task_group_dag.py
[2022-08-22 23:45:15,899] {processor.py:641} INFO - Processing file /opt/airflow/dags/task_group_dag.py for tasks to queue
[2022-08-22 23:45:15,900] {logging_mixin.py:115} INFO - [2022-08-22 23:45:15,900] {dagbag.py:507} INFO - Filling up the DagBag from /opt/airflow/dags/task_group_dag.py
[2022-08-22 23:45:15,917] {processor.py:651} INFO - DAG(s) dict_keys(['task_group_dag']) retrieved from /opt/airflow/dags/task_group_dag.py
[2022-08-22 23:45:15,948] {logging_mixin.py:115} INFO - [2022-08-22 23:45:15,948] {dag.py:2371} INFO - Sync 1 DAGs
[2022-08-22 23:45:15,973] {logging_mixin.py:115} INFO - [2022-08-22 23:45:15,973] {dag.py:2919} INFO - Setting next_dagrun for task_group_dag to 2022-08-21T00:00:00+00:00, run_after=2022-08-22T00:00:00+00:00
[2022-08-22 23:45:15,985] {processor.py:161} INFO - Processing /opt/airflow/dags/task_group_dag.py took 0.104 seconds
[2022-08-22 23:45:46,417] {processor.py:153} INFO - Started process (PID=1056) to work on /opt/airflow/dags/task_group_dag.py
[2022-08-22 23:45:46,418] {processor.py:641} INFO - Processing file /opt/airflow/dags/task_group_dag.py for tasks to queue
[2022-08-22 23:45:46,419] {logging_mixin.py:115} INFO - [2022-08-22 23:45:46,419] {dagbag.py:507} INFO - Filling up the DagBag from /opt/airflow/dags/task_group_dag.py
[2022-08-22 23:45:46,432] {processor.py:651} INFO - DAG(s) dict_keys(['task_group_dag']) retrieved from /opt/airflow/dags/task_group_dag.py
[2022-08-22 23:45:46,458] {logging_mixin.py:115} INFO - [2022-08-22 23:45:46,458] {dag.py:2371} INFO - Sync 1 DAGs
[2022-08-22 23:45:46,482] {logging_mixin.py:115} INFO - [2022-08-22 23:45:46,482] {dag.py:2919} INFO - Setting next_dagrun for task_group_dag to 2022-08-21T00:00:00+00:00, run_after=2022-08-22T00:00:00+00:00
[2022-08-22 23:45:46,492] {processor.py:161} INFO - Processing /opt/airflow/dags/task_group_dag.py took 0.079 seconds
[2022-08-22 23:46:17,481] {processor.py:153} INFO - Started process (PID=1133) to work on /opt/airflow/dags/task_group_dag.py
[2022-08-22 23:46:17,482] {processor.py:641} INFO - Processing file /opt/airflow/dags/task_group_dag.py for tasks to queue
[2022-08-22 23:46:17,482] {logging_mixin.py:115} INFO - [2022-08-22 23:46:17,482] {dagbag.py:507} INFO - Filling up the DagBag from /opt/airflow/dags/task_group_dag.py
[2022-08-22 23:46:17,496] {processor.py:651} INFO - DAG(s) dict_keys(['task_group_dag']) retrieved from /opt/airflow/dags/task_group_dag.py
[2022-08-22 23:46:17,522] {logging_mixin.py:115} INFO - [2022-08-22 23:46:17,522] {dag.py:2371} INFO - Sync 1 DAGs
[2022-08-22 23:46:17,545] {logging_mixin.py:115} INFO - [2022-08-22 23:46:17,545] {dag.py:2919} INFO - Setting next_dagrun for task_group_dag to 2022-08-21T00:00:00+00:00, run_after=2022-08-22T00:00:00+00:00
[2022-08-22 23:46:17,556] {processor.py:161} INFO - Processing /opt/airflow/dags/task_group_dag.py took 0.079 seconds
[2022-08-22 23:46:48,000] {processor.py:153} INFO - Started process (PID=1210) to work on /opt/airflow/dags/task_group_dag.py
[2022-08-22 23:46:48,001] {processor.py:641} INFO - Processing file /opt/airflow/dags/task_group_dag.py for tasks to queue
[2022-08-22 23:46:48,002] {logging_mixin.py:115} INFO - [2022-08-22 23:46:48,002] {dagbag.py:507} INFO - Filling up the DagBag from /opt/airflow/dags/task_group_dag.py
[2022-08-22 23:46:48,015] {processor.py:651} INFO - DAG(s) dict_keys(['task_group_dag']) retrieved from /opt/airflow/dags/task_group_dag.py
[2022-08-22 23:46:48,042] {logging_mixin.py:115} INFO - [2022-08-22 23:46:48,042] {dag.py:2371} INFO - Sync 1 DAGs
[2022-08-22 23:46:48,065] {logging_mixin.py:115} INFO - [2022-08-22 23:46:48,065] {dag.py:2919} INFO - Setting next_dagrun for task_group_dag to 2022-08-21T00:00:00+00:00, run_after=2022-08-22T00:00:00+00:00
[2022-08-22 23:46:48,077] {processor.py:161} INFO - Processing /opt/airflow/dags/task_group_dag.py took 0.081 seconds
[2022-08-22 23:47:18,534] {processor.py:153} INFO - Started process (PID=1287) to work on /opt/airflow/dags/task_group_dag.py
[2022-08-22 23:47:18,535] {processor.py:641} INFO - Processing file /opt/airflow/dags/task_group_dag.py for tasks to queue
[2022-08-22 23:47:18,536] {logging_mixin.py:115} INFO - [2022-08-22 23:47:18,536] {dagbag.py:507} INFO - Filling up the DagBag from /opt/airflow/dags/task_group_dag.py
[2022-08-22 23:47:18,550] {processor.py:651} INFO - DAG(s) dict_keys(['task_group_dag']) retrieved from /opt/airflow/dags/task_group_dag.py
[2022-08-22 23:47:18,577] {logging_mixin.py:115} INFO - [2022-08-22 23:47:18,577] {dag.py:2371} INFO - Sync 1 DAGs
[2022-08-22 23:47:18,600] {logging_mixin.py:115} INFO - [2022-08-22 23:47:18,600] {dag.py:2919} INFO - Setting next_dagrun for task_group_dag to 2022-08-21T00:00:00+00:00, run_after=2022-08-22T00:00:00+00:00
[2022-08-22 23:47:18,610] {processor.py:161} INFO - Processing /opt/airflow/dags/task_group_dag.py took 0.079 seconds
[2022-08-22 23:47:49,188] {processor.py:153} INFO - Started process (PID=1355) to work on /opt/airflow/dags/task_group_dag.py
[2022-08-22 23:47:49,189] {processor.py:641} INFO - Processing file /opt/airflow/dags/task_group_dag.py for tasks to queue
[2022-08-22 23:47:49,190] {logging_mixin.py:115} INFO - [2022-08-22 23:47:49,190] {dagbag.py:507} INFO - Filling up the DagBag from /opt/airflow/dags/task_group_dag.py
[2022-08-22 23:47:49,204] {processor.py:651} INFO - DAG(s) dict_keys(['task_group_dag']) retrieved from /opt/airflow/dags/task_group_dag.py
[2022-08-22 23:47:49,231] {logging_mixin.py:115} INFO - [2022-08-22 23:47:49,230] {dag.py:2371} INFO - Sync 1 DAGs
[2022-08-22 23:47:49,254] {logging_mixin.py:115} INFO - [2022-08-22 23:47:49,254] {dag.py:2919} INFO - Setting next_dagrun for task_group_dag to 2022-08-21T00:00:00+00:00, run_after=2022-08-22T00:00:00+00:00
[2022-08-22 23:47:49,265] {processor.py:161} INFO - Processing /opt/airflow/dags/task_group_dag.py took 0.080 seconds
[2022-08-22 23:48:20,165] {processor.py:153} INFO - Started process (PID=1432) to work on /opt/airflow/dags/task_group_dag.py
[2022-08-22 23:48:20,166] {processor.py:641} INFO - Processing file /opt/airflow/dags/task_group_dag.py for tasks to queue
[2022-08-22 23:48:20,167] {logging_mixin.py:115} INFO - [2022-08-22 23:48:20,167] {dagbag.py:507} INFO - Filling up the DagBag from /opt/airflow/dags/task_group_dag.py
[2022-08-22 23:48:20,180] {processor.py:651} INFO - DAG(s) dict_keys(['task_group_dag']) retrieved from /opt/airflow/dags/task_group_dag.py
[2022-08-22 23:48:20,205] {logging_mixin.py:115} INFO - [2022-08-22 23:48:20,205] {dag.py:2371} INFO - Sync 1 DAGs
[2022-08-22 23:48:20,227] {logging_mixin.py:115} INFO - [2022-08-22 23:48:20,227] {dag.py:2919} INFO - Setting next_dagrun for task_group_dag to 2022-08-21T00:00:00+00:00, run_after=2022-08-22T00:00:00+00:00
[2022-08-22 23:48:20,237] {processor.py:161} INFO - Processing /opt/airflow/dags/task_group_dag.py took 0.075 seconds
[2022-08-22 23:48:50,631] {processor.py:153} INFO - Started process (PID=1509) to work on /opt/airflow/dags/task_group_dag.py
[2022-08-22 23:48:50,632] {processor.py:641} INFO - Processing file /opt/airflow/dags/task_group_dag.py for tasks to queue
[2022-08-22 23:48:50,633] {logging_mixin.py:115} INFO - [2022-08-22 23:48:50,633] {dagbag.py:507} INFO - Filling up the DagBag from /opt/airflow/dags/task_group_dag.py
[2022-08-22 23:48:50,647] {processor.py:651} INFO - DAG(s) dict_keys(['task_group_dag']) retrieved from /opt/airflow/dags/task_group_dag.py
[2022-08-22 23:48:50,672] {logging_mixin.py:115} INFO - [2022-08-22 23:48:50,672] {dag.py:2371} INFO - Sync 1 DAGs
[2022-08-22 23:48:50,695] {logging_mixin.py:115} INFO - [2022-08-22 23:48:50,694] {dag.py:2919} INFO - Setting next_dagrun for task_group_dag to 2022-08-21T00:00:00+00:00, run_after=2022-08-22T00:00:00+00:00
[2022-08-22 23:48:50,704] {processor.py:161} INFO - Processing /opt/airflow/dags/task_group_dag.py took 0.076 seconds
[2022-08-22 23:49:21,251] {processor.py:153} INFO - Started process (PID=1586) to work on /opt/airflow/dags/task_group_dag.py
[2022-08-22 23:49:21,252] {processor.py:641} INFO - Processing file /opt/airflow/dags/task_group_dag.py for tasks to queue
[2022-08-22 23:49:21,253] {logging_mixin.py:115} INFO - [2022-08-22 23:49:21,253] {dagbag.py:507} INFO - Filling up the DagBag from /opt/airflow/dags/task_group_dag.py
[2022-08-22 23:49:21,267] {processor.py:651} INFO - DAG(s) dict_keys(['task_group_dag']) retrieved from /opt/airflow/dags/task_group_dag.py
[2022-08-22 23:49:21,293] {logging_mixin.py:115} INFO - [2022-08-22 23:49:21,293] {dag.py:2371} INFO - Sync 1 DAGs
[2022-08-22 23:49:21,343] {logging_mixin.py:115} INFO - [2022-08-22 23:49:21,343] {dag.py:2919} INFO - Setting next_dagrun for task_group_dag to 2022-08-21T00:00:00+00:00, run_after=2022-08-22T00:00:00+00:00
[2022-08-22 23:49:21,353] {processor.py:161} INFO - Processing /opt/airflow/dags/task_group_dag.py took 0.105 seconds
[2022-08-22 23:49:51,848] {processor.py:153} INFO - Started process (PID=1654) to work on /opt/airflow/dags/task_group_dag.py
[2022-08-22 23:49:51,849] {processor.py:641} INFO - Processing file /opt/airflow/dags/task_group_dag.py for tasks to queue
[2022-08-22 23:49:51,850] {logging_mixin.py:115} INFO - [2022-08-22 23:49:51,850] {dagbag.py:507} INFO - Filling up the DagBag from /opt/airflow/dags/task_group_dag.py
[2022-08-22 23:49:51,865] {processor.py:651} INFO - DAG(s) dict_keys(['task_group_dag']) retrieved from /opt/airflow/dags/task_group_dag.py
[2022-08-22 23:49:51,890] {logging_mixin.py:115} INFO - [2022-08-22 23:49:51,890] {dag.py:2371} INFO - Sync 1 DAGs
[2022-08-22 23:49:51,915] {logging_mixin.py:115} INFO - [2022-08-22 23:49:51,915] {dag.py:2919} INFO - Setting next_dagrun for task_group_dag to 2022-08-21T00:00:00+00:00, run_after=2022-08-22T00:00:00+00:00
[2022-08-22 23:49:51,926] {processor.py:161} INFO - Processing /opt/airflow/dags/task_group_dag.py took 0.082 seconds
[2022-08-22 23:50:22,154] {processor.py:153} INFO - Started process (PID=1731) to work on /opt/airflow/dags/task_group_dag.py
[2022-08-22 23:50:22,156] {processor.py:641} INFO - Processing file /opt/airflow/dags/task_group_dag.py for tasks to queue
[2022-08-22 23:50:22,157] {logging_mixin.py:115} INFO - [2022-08-22 23:50:22,157] {dagbag.py:507} INFO - Filling up the DagBag from /opt/airflow/dags/task_group_dag.py
[2022-08-22 23:50:22,171] {processor.py:651} INFO - DAG(s) dict_keys(['task_group_dag']) retrieved from /opt/airflow/dags/task_group_dag.py
[2022-08-22 23:50:22,197] {logging_mixin.py:115} INFO - [2022-08-22 23:50:22,197] {dag.py:2371} INFO - Sync 1 DAGs
[2022-08-22 23:50:22,221] {logging_mixin.py:115} INFO - [2022-08-22 23:50:22,221] {dag.py:2919} INFO - Setting next_dagrun for task_group_dag to 2022-08-21T00:00:00+00:00, run_after=2022-08-22T00:00:00+00:00
[2022-08-22 23:50:22,232] {processor.py:161} INFO - Processing /opt/airflow/dags/task_group_dag.py took 0.082 seconds
[2022-08-22 23:50:52,739] {processor.py:153} INFO - Started process (PID=1808) to work on /opt/airflow/dags/task_group_dag.py
[2022-08-22 23:50:52,740] {processor.py:641} INFO - Processing file /opt/airflow/dags/task_group_dag.py for tasks to queue
[2022-08-22 23:50:52,741] {logging_mixin.py:115} INFO - [2022-08-22 23:50:52,741] {dagbag.py:507} INFO - Filling up the DagBag from /opt/airflow/dags/task_group_dag.py
[2022-08-22 23:50:52,756] {processor.py:651} INFO - DAG(s) dict_keys(['task_group_dag']) retrieved from /opt/airflow/dags/task_group_dag.py
[2022-08-22 23:50:52,782] {logging_mixin.py:115} INFO - [2022-08-22 23:50:52,782] {dag.py:2371} INFO - Sync 1 DAGs
[2022-08-22 23:50:52,805] {logging_mixin.py:115} INFO - [2022-08-22 23:50:52,805] {dag.py:2919} INFO - Setting next_dagrun for task_group_dag to 2022-08-21T00:00:00+00:00, run_after=2022-08-22T00:00:00+00:00
[2022-08-22 23:50:52,815] {processor.py:161} INFO - Processing /opt/airflow/dags/task_group_dag.py took 0.079 seconds
[2022-08-22 23:51:23,236] {processor.py:153} INFO - Started process (PID=1883) to work on /opt/airflow/dags/task_group_dag.py
[2022-08-22 23:51:23,237] {processor.py:641} INFO - Processing file /opt/airflow/dags/task_group_dag.py for tasks to queue
[2022-08-22 23:51:23,238] {logging_mixin.py:115} INFO - [2022-08-22 23:51:23,237] {dagbag.py:507} INFO - Filling up the DagBag from /opt/airflow/dags/task_group_dag.py
[2022-08-22 23:51:23,252] {processor.py:651} INFO - DAG(s) dict_keys(['task_group_dag']) retrieved from /opt/airflow/dags/task_group_dag.py
[2022-08-22 23:51:23,279] {logging_mixin.py:115} INFO - [2022-08-22 23:51:23,279] {dag.py:2371} INFO - Sync 1 DAGs
[2022-08-22 23:51:23,304] {logging_mixin.py:115} INFO - [2022-08-22 23:51:23,303] {dag.py:2919} INFO - Setting next_dagrun for task_group_dag to 2022-08-21T00:00:00+00:00, run_after=2022-08-22T00:00:00+00:00
[2022-08-22 23:51:23,314] {processor.py:161} INFO - Processing /opt/airflow/dags/task_group_dag.py took 0.082 seconds
[2022-08-22 23:51:54,032] {processor.py:153} INFO - Started process (PID=1953) to work on /opt/airflow/dags/task_group_dag.py
[2022-08-22 23:51:54,033] {processor.py:641} INFO - Processing file /opt/airflow/dags/task_group_dag.py for tasks to queue
[2022-08-22 23:51:54,034] {logging_mixin.py:115} INFO - [2022-08-22 23:51:54,034] {dagbag.py:507} INFO - Filling up the DagBag from /opt/airflow/dags/task_group_dag.py
[2022-08-22 23:51:54,047] {processor.py:651} INFO - DAG(s) dict_keys(['task_group_dag']) retrieved from /opt/airflow/dags/task_group_dag.py
[2022-08-22 23:51:54,073] {logging_mixin.py:115} INFO - [2022-08-22 23:51:54,073] {dag.py:2371} INFO - Sync 1 DAGs
[2022-08-22 23:51:54,097] {logging_mixin.py:115} INFO - [2022-08-22 23:51:54,096] {dag.py:2919} INFO - Setting next_dagrun for task_group_dag to 2022-08-21T00:00:00+00:00, run_after=2022-08-22T00:00:00+00:00
[2022-08-22 23:51:54,109] {processor.py:161} INFO - Processing /opt/airflow/dags/task_group_dag.py took 0.080 seconds
[2022-08-22 23:52:24,698] {processor.py:153} INFO - Started process (PID=2030) to work on /opt/airflow/dags/task_group_dag.py
[2022-08-22 23:52:24,699] {processor.py:641} INFO - Processing file /opt/airflow/dags/task_group_dag.py for tasks to queue
[2022-08-22 23:52:24,700] {logging_mixin.py:115} INFO - [2022-08-22 23:52:24,700] {dagbag.py:507} INFO - Filling up the DagBag from /opt/airflow/dags/task_group_dag.py
[2022-08-22 23:52:24,715] {processor.py:651} INFO - DAG(s) dict_keys(['task_group_dag']) retrieved from /opt/airflow/dags/task_group_dag.py
[2022-08-22 23:52:24,740] {logging_mixin.py:115} INFO - [2022-08-22 23:52:24,739] {dag.py:2371} INFO - Sync 1 DAGs
[2022-08-22 23:52:24,765] {logging_mixin.py:115} INFO - [2022-08-22 23:52:24,765] {dag.py:2919} INFO - Setting next_dagrun for task_group_dag to 2022-08-21T00:00:00+00:00, run_after=2022-08-22T00:00:00+00:00
[2022-08-22 23:52:24,775] {processor.py:161} INFO - Processing /opt/airflow/dags/task_group_dag.py took 0.080 seconds
[2022-08-22 23:52:55,047] {processor.py:153} INFO - Started process (PID=2107) to work on /opt/airflow/dags/task_group_dag.py
[2022-08-22 23:52:55,047] {processor.py:641} INFO - Processing file /opt/airflow/dags/task_group_dag.py for tasks to queue
[2022-08-22 23:52:55,048] {logging_mixin.py:115} INFO - [2022-08-22 23:52:55,048] {dagbag.py:507} INFO - Filling up the DagBag from /opt/airflow/dags/task_group_dag.py
[2022-08-22 23:52:55,061] {processor.py:651} INFO - DAG(s) dict_keys(['task_group_dag']) retrieved from /opt/airflow/dags/task_group_dag.py
[2022-08-22 23:52:55,086] {logging_mixin.py:115} INFO - [2022-08-22 23:52:55,086] {dag.py:2371} INFO - Sync 1 DAGs
[2022-08-22 23:52:55,109] {logging_mixin.py:115} INFO - [2022-08-22 23:52:55,109] {dag.py:2919} INFO - Setting next_dagrun for task_group_dag to 2022-08-21T00:00:00+00:00, run_after=2022-08-22T00:00:00+00:00
[2022-08-22 23:52:55,124] {processor.py:161} INFO - Processing /opt/airflow/dags/task_group_dag.py took 0.081 seconds
[2022-08-22 23:53:25,823] {processor.py:153} INFO - Started process (PID=2184) to work on /opt/airflow/dags/task_group_dag.py
[2022-08-22 23:53:25,824] {processor.py:641} INFO - Processing file /opt/airflow/dags/task_group_dag.py for tasks to queue
[2022-08-22 23:53:25,825] {logging_mixin.py:115} INFO - [2022-08-22 23:53:25,825] {dagbag.py:507} INFO - Filling up the DagBag from /opt/airflow/dags/task_group_dag.py
[2022-08-22 23:53:25,839] {processor.py:651} INFO - DAG(s) dict_keys(['task_group_dag']) retrieved from /opt/airflow/dags/task_group_dag.py
[2022-08-22 23:53:25,865] {logging_mixin.py:115} INFO - [2022-08-22 23:53:25,865] {dag.py:2371} INFO - Sync 1 DAGs
[2022-08-22 23:53:25,889] {logging_mixin.py:115} INFO - [2022-08-22 23:53:25,889] {dag.py:2919} INFO - Setting next_dagrun for task_group_dag to 2022-08-21T00:00:00+00:00, run_after=2022-08-22T00:00:00+00:00
[2022-08-22 23:53:25,900] {processor.py:161} INFO - Processing /opt/airflow/dags/task_group_dag.py took 0.081 seconds
[2022-08-22 23:53:56,455] {processor.py:153} INFO - Started process (PID=2252) to work on /opt/airflow/dags/task_group_dag.py
[2022-08-22 23:53:56,456] {processor.py:641} INFO - Processing file /opt/airflow/dags/task_group_dag.py for tasks to queue
[2022-08-22 23:53:56,457] {logging_mixin.py:115} INFO - [2022-08-22 23:53:56,457] {dagbag.py:507} INFO - Filling up the DagBag from /opt/airflow/dags/task_group_dag.py
[2022-08-22 23:53:56,470] {processor.py:651} INFO - DAG(s) dict_keys(['task_group_dag']) retrieved from /opt/airflow/dags/task_group_dag.py
[2022-08-22 23:53:56,495] {logging_mixin.py:115} INFO - [2022-08-22 23:53:56,495] {dag.py:2371} INFO - Sync 1 DAGs
[2022-08-22 23:53:56,517] {logging_mixin.py:115} INFO - [2022-08-22 23:53:56,517] {dag.py:2919} INFO - Setting next_dagrun for task_group_dag to 2022-08-21T00:00:00+00:00, run_after=2022-08-22T00:00:00+00:00
[2022-08-22 23:53:56,527] {processor.py:161} INFO - Processing /opt/airflow/dags/task_group_dag.py took 0.075 seconds
[2022-08-22 23:54:27,102] {processor.py:153} INFO - Started process (PID=2329) to work on /opt/airflow/dags/task_group_dag.py
[2022-08-22 23:54:27,103] {processor.py:641} INFO - Processing file /opt/airflow/dags/task_group_dag.py for tasks to queue
[2022-08-22 23:54:27,104] {logging_mixin.py:115} INFO - [2022-08-22 23:54:27,104] {dagbag.py:507} INFO - Filling up the DagBag from /opt/airflow/dags/task_group_dag.py
[2022-08-22 23:54:27,117] {processor.py:651} INFO - DAG(s) dict_keys(['task_group_dag']) retrieved from /opt/airflow/dags/task_group_dag.py
[2022-08-22 23:54:27,142] {logging_mixin.py:115} INFO - [2022-08-22 23:54:27,141] {dag.py:2371} INFO - Sync 1 DAGs
[2022-08-22 23:54:27,164] {logging_mixin.py:115} INFO - [2022-08-22 23:54:27,164] {dag.py:2919} INFO - Setting next_dagrun for task_group_dag to 2022-08-21T00:00:00+00:00, run_after=2022-08-22T00:00:00+00:00
[2022-08-22 23:54:27,174] {processor.py:161} INFO - Processing /opt/airflow/dags/task_group_dag.py took 0.076 seconds
[2022-08-22 23:54:57,548] {processor.py:153} INFO - Started process (PID=2406) to work on /opt/airflow/dags/task_group_dag.py
[2022-08-22 23:54:57,549] {processor.py:641} INFO - Processing file /opt/airflow/dags/task_group_dag.py for tasks to queue
[2022-08-22 23:54:57,550] {logging_mixin.py:115} INFO - [2022-08-22 23:54:57,550] {dagbag.py:507} INFO - Filling up the DagBag from /opt/airflow/dags/task_group_dag.py
[2022-08-22 23:54:57,565] {processor.py:651} INFO - DAG(s) dict_keys(['task_group_dag']) retrieved from /opt/airflow/dags/task_group_dag.py
[2022-08-22 23:54:57,590] {logging_mixin.py:115} INFO - [2022-08-22 23:54:57,590] {dag.py:2371} INFO - Sync 1 DAGs
[2022-08-22 23:54:57,612] {logging_mixin.py:115} INFO - [2022-08-22 23:54:57,612] {dag.py:2919} INFO - Setting next_dagrun for task_group_dag to 2022-08-21T00:00:00+00:00, run_after=2022-08-22T00:00:00+00:00
[2022-08-22 23:54:57,624] {processor.py:161} INFO - Processing /opt/airflow/dags/task_group_dag.py took 0.080 seconds
[2022-08-22 23:55:28,126] {processor.py:153} INFO - Started process (PID=2483) to work on /opt/airflow/dags/task_group_dag.py
[2022-08-22 23:55:28,127] {processor.py:641} INFO - Processing file /opt/airflow/dags/task_group_dag.py for tasks to queue
[2022-08-22 23:55:28,128] {logging_mixin.py:115} INFO - [2022-08-22 23:55:28,128] {dagbag.py:507} INFO - Filling up the DagBag from /opt/airflow/dags/task_group_dag.py
[2022-08-22 23:55:28,141] {processor.py:651} INFO - DAG(s) dict_keys(['task_group_dag']) retrieved from /opt/airflow/dags/task_group_dag.py
[2022-08-22 23:55:28,165] {logging_mixin.py:115} INFO - [2022-08-22 23:55:28,165] {dag.py:2371} INFO - Sync 1 DAGs
[2022-08-22 23:55:28,188] {logging_mixin.py:115} INFO - [2022-08-22 23:55:28,188] {dag.py:2919} INFO - Setting next_dagrun for task_group_dag to 2022-08-21T00:00:00+00:00, run_after=2022-08-22T00:00:00+00:00
[2022-08-22 23:55:28,199] {processor.py:161} INFO - Processing /opt/airflow/dags/task_group_dag.py took 0.076 seconds
[2022-08-22 23:55:58,661] {processor.py:153} INFO - Started process (PID=2551) to work on /opt/airflow/dags/task_group_dag.py
[2022-08-22 23:55:58,662] {processor.py:641} INFO - Processing file /opt/airflow/dags/task_group_dag.py for tasks to queue
[2022-08-22 23:55:58,663] {logging_mixin.py:115} INFO - [2022-08-22 23:55:58,662] {dagbag.py:507} INFO - Filling up the DagBag from /opt/airflow/dags/task_group_dag.py
[2022-08-22 23:55:58,676] {processor.py:651} INFO - DAG(s) dict_keys(['task_group_dag']) retrieved from /opt/airflow/dags/task_group_dag.py
[2022-08-22 23:55:58,700] {logging_mixin.py:115} INFO - [2022-08-22 23:55:58,700] {dag.py:2371} INFO - Sync 1 DAGs
[2022-08-22 23:55:58,722] {logging_mixin.py:115} INFO - [2022-08-22 23:55:58,722] {dag.py:2919} INFO - Setting next_dagrun for task_group_dag to 2022-08-21T00:00:00+00:00, run_after=2022-08-22T00:00:00+00:00
[2022-08-22 23:55:58,732] {processor.py:161} INFO - Processing /opt/airflow/dags/task_group_dag.py took 0.075 seconds
[2022-08-22 23:56:29,222] {processor.py:153} INFO - Started process (PID=2628) to work on /opt/airflow/dags/task_group_dag.py
[2022-08-22 23:56:29,222] {processor.py:641} INFO - Processing file /opt/airflow/dags/task_group_dag.py for tasks to queue
[2022-08-22 23:56:29,223] {logging_mixin.py:115} INFO - [2022-08-22 23:56:29,223] {dagbag.py:507} INFO - Filling up the DagBag from /opt/airflow/dags/task_group_dag.py
[2022-08-22 23:56:29,236] {processor.py:651} INFO - DAG(s) dict_keys(['task_group_dag']) retrieved from /opt/airflow/dags/task_group_dag.py
[2022-08-22 23:56:29,261] {logging_mixin.py:115} INFO - [2022-08-22 23:56:29,261] {dag.py:2371} INFO - Sync 1 DAGs
[2022-08-22 23:56:29,284] {logging_mixin.py:115} INFO - [2022-08-22 23:56:29,283] {dag.py:2919} INFO - Setting next_dagrun for task_group_dag to 2022-08-21T00:00:00+00:00, run_after=2022-08-22T00:00:00+00:00
[2022-08-22 23:56:29,293] {processor.py:161} INFO - Processing /opt/airflow/dags/task_group_dag.py took 0.074 seconds
[2022-08-22 23:56:59,663] {processor.py:153} INFO - Started process (PID=2706) to work on /opt/airflow/dags/task_group_dag.py
[2022-08-22 23:56:59,664] {processor.py:641} INFO - Processing file /opt/airflow/dags/task_group_dag.py for tasks to queue
[2022-08-22 23:56:59,665] {logging_mixin.py:115} INFO - [2022-08-22 23:56:59,665] {dagbag.py:507} INFO - Filling up the DagBag from /opt/airflow/dags/task_group_dag.py
[2022-08-22 23:56:59,679] {processor.py:651} INFO - DAG(s) dict_keys(['task_group_dag']) retrieved from /opt/airflow/dags/task_group_dag.py
[2022-08-22 23:56:59,704] {logging_mixin.py:115} INFO - [2022-08-22 23:56:59,704] {dag.py:2371} INFO - Sync 1 DAGs
[2022-08-22 23:56:59,726] {logging_mixin.py:115} INFO - [2022-08-22 23:56:59,726] {dag.py:2919} INFO - Setting next_dagrun for task_group_dag to 2022-08-21T00:00:00+00:00, run_after=2022-08-22T00:00:00+00:00
[2022-08-22 23:56:59,735] {processor.py:161} INFO - Processing /opt/airflow/dags/task_group_dag.py took 0.075 seconds
[2022-08-22 23:57:30,628] {processor.py:153} INFO - Started process (PID=2782) to work on /opt/airflow/dags/task_group_dag.py
[2022-08-22 23:57:30,629] {processor.py:641} INFO - Processing file /opt/airflow/dags/task_group_dag.py for tasks to queue
[2022-08-22 23:57:30,630] {logging_mixin.py:115} INFO - [2022-08-22 23:57:30,630] {dagbag.py:507} INFO - Filling up the DagBag from /opt/airflow/dags/task_group_dag.py
[2022-08-22 23:57:30,644] {processor.py:651} INFO - DAG(s) dict_keys(['task_group_dag']) retrieved from /opt/airflow/dags/task_group_dag.py
[2022-08-22 23:57:30,668] {logging_mixin.py:115} INFO - [2022-08-22 23:57:30,668] {dag.py:2371} INFO - Sync 1 DAGs
[2022-08-22 23:57:30,690] {logging_mixin.py:115} INFO - [2022-08-22 23:57:30,690] {dag.py:2919} INFO - Setting next_dagrun for task_group_dag to 2022-08-21T00:00:00+00:00, run_after=2022-08-22T00:00:00+00:00
[2022-08-22 23:57:30,699] {processor.py:161} INFO - Processing /opt/airflow/dags/task_group_dag.py took 0.074 seconds
[2022-08-22 23:58:01,468] {processor.py:153} INFO - Started process (PID=2850) to work on /opt/airflow/dags/task_group_dag.py
[2022-08-22 23:58:01,469] {processor.py:641} INFO - Processing file /opt/airflow/dags/task_group_dag.py for tasks to queue
[2022-08-22 23:58:01,470] {logging_mixin.py:115} INFO - [2022-08-22 23:58:01,470] {dagbag.py:507} INFO - Filling up the DagBag from /opt/airflow/dags/task_group_dag.py
[2022-08-22 23:58:01,484] {processor.py:651} INFO - DAG(s) dict_keys(['task_group_dag']) retrieved from /opt/airflow/dags/task_group_dag.py
[2022-08-22 23:58:01,509] {logging_mixin.py:115} INFO - [2022-08-22 23:58:01,509] {dag.py:2371} INFO - Sync 1 DAGs
[2022-08-22 23:58:01,530] {logging_mixin.py:115} INFO - [2022-08-22 23:58:01,530] {dag.py:2919} INFO - Setting next_dagrun for task_group_dag to 2022-08-21T00:00:00+00:00, run_after=2022-08-22T00:00:00+00:00
[2022-08-22 23:58:01,540] {processor.py:161} INFO - Processing /opt/airflow/dags/task_group_dag.py took 0.075 seconds
[2022-08-22 23:58:32,257] {processor.py:153} INFO - Started process (PID=2927) to work on /opt/airflow/dags/task_group_dag.py
[2022-08-22 23:58:32,257] {processor.py:641} INFO - Processing file /opt/airflow/dags/task_group_dag.py for tasks to queue
[2022-08-22 23:58:32,258] {logging_mixin.py:115} INFO - [2022-08-22 23:58:32,258] {dagbag.py:507} INFO - Filling up the DagBag from /opt/airflow/dags/task_group_dag.py
[2022-08-22 23:58:32,272] {processor.py:651} INFO - DAG(s) dict_keys(['task_group_dag']) retrieved from /opt/airflow/dags/task_group_dag.py
[2022-08-22 23:58:32,296] {logging_mixin.py:115} INFO - [2022-08-22 23:58:32,296] {dag.py:2371} INFO - Sync 1 DAGs
[2022-08-22 23:58:32,319] {logging_mixin.py:115} INFO - [2022-08-22 23:58:32,319] {dag.py:2919} INFO - Setting next_dagrun for task_group_dag to 2022-08-21T00:00:00+00:00, run_after=2022-08-22T00:00:00+00:00
[2022-08-22 23:58:32,328] {processor.py:161} INFO - Processing /opt/airflow/dags/task_group_dag.py took 0.074 seconds
[2022-08-22 23:59:02,736] {processor.py:153} INFO - Started process (PID=3004) to work on /opt/airflow/dags/task_group_dag.py
[2022-08-22 23:59:02,738] {processor.py:641} INFO - Processing file /opt/airflow/dags/task_group_dag.py for tasks to queue
[2022-08-22 23:59:02,738] {logging_mixin.py:115} INFO - [2022-08-22 23:59:02,738] {dagbag.py:507} INFO - Filling up the DagBag from /opt/airflow/dags/task_group_dag.py
[2022-08-22 23:59:02,752] {processor.py:651} INFO - DAG(s) dict_keys(['task_group_dag']) retrieved from /opt/airflow/dags/task_group_dag.py
[2022-08-22 23:59:02,778] {logging_mixin.py:115} INFO - [2022-08-22 23:59:02,778] {dag.py:2371} INFO - Sync 1 DAGs
[2022-08-22 23:59:02,803] {logging_mixin.py:115} INFO - [2022-08-22 23:59:02,803] {dag.py:2919} INFO - Setting next_dagrun for task_group_dag to 2022-08-21T00:00:00+00:00, run_after=2022-08-22T00:00:00+00:00
[2022-08-22 23:59:02,816] {processor.py:161} INFO - Processing /opt/airflow/dags/task_group_dag.py took 0.083 seconds
[2022-08-22 23:59:33,388] {processor.py:153} INFO - Started process (PID=3081) to work on /opt/airflow/dags/task_group_dag.py
[2022-08-22 23:59:33,390] {processor.py:641} INFO - Processing file /opt/airflow/dags/task_group_dag.py for tasks to queue
[2022-08-22 23:59:33,391] {logging_mixin.py:115} INFO - [2022-08-22 23:59:33,390] {dagbag.py:507} INFO - Filling up the DagBag from /opt/airflow/dags/task_group_dag.py
[2022-08-22 23:59:33,405] {processor.py:651} INFO - DAG(s) dict_keys(['task_group_dag']) retrieved from /opt/airflow/dags/task_group_dag.py
[2022-08-22 23:59:33,430] {logging_mixin.py:115} INFO - [2022-08-22 23:59:33,430] {dag.py:2371} INFO - Sync 1 DAGs
[2022-08-22 23:59:33,455] {logging_mixin.py:115} INFO - [2022-08-22 23:59:33,454] {dag.py:2919} INFO - Setting next_dagrun for task_group_dag to 2022-08-21T00:00:00+00:00, run_after=2022-08-22T00:00:00+00:00
[2022-08-22 23:59:33,466] {processor.py:161} INFO - Processing /opt/airflow/dags/task_group_dag.py took 0.082 seconds
