[2022-08-22 23:38:33,562] {processor.py:153} INFO - Started process (PID=57) to work on /opt/airflow/dags/xcom_dag.py
[2022-08-22 23:38:33,564] {processor.py:641} INFO - Processing file /opt/airflow/dags/xcom_dag.py for tasks to queue
[2022-08-22 23:38:33,566] {logging_mixin.py:115} INFO - [2022-08-22 23:38:33,566] {dagbag.py:507} INFO - Filling up the DagBag from /opt/airflow/dags/xcom_dag.py
[2022-08-22 23:38:33,607] {logging_mixin.py:115} WARNING - /home/airflow/.local/lib/python3.7/site-packages/airflow/models/baseoperator.py:390 DeprecationWarning: none_failed_or_skipped Trigger Rule is deprecated. Please use `none_failed_min_one_success`.
[2022-08-22 23:38:33,610] {processor.py:651} INFO - DAG(s) dict_keys(['xcom_dag']) retrieved from /opt/airflow/dags/xcom_dag.py
[2022-08-22 23:38:33,696] {logging_mixin.py:115} INFO - [2022-08-22 23:38:33,695] {dag.py:2371} INFO - Sync 1 DAGs
[2022-08-22 23:38:33,775] {logging_mixin.py:115} INFO - [2022-08-22 23:38:33,775] {dag.py:2919} INFO - Setting next_dagrun for xcom_dag to 2022-08-21T00:00:00+00:00, run_after=2022-08-22T00:00:00+00:00
[2022-08-22 23:38:33,813] {processor.py:161} INFO - Processing /opt/airflow/dags/xcom_dag.py took 0.258 seconds
[2022-08-22 23:39:04,449] {processor.py:153} INFO - Started process (PID=124) to work on /opt/airflow/dags/xcom_dag.py
[2022-08-22 23:39:04,452] {processor.py:641} INFO - Processing file /opt/airflow/dags/xcom_dag.py for tasks to queue
[2022-08-22 23:39:04,456] {logging_mixin.py:115} INFO - [2022-08-22 23:39:04,456] {dagbag.py:507} INFO - Filling up the DagBag from /opt/airflow/dags/xcom_dag.py
[2022-08-22 23:39:04,518] {logging_mixin.py:115} WARNING - /home/airflow/.local/lib/python3.7/site-packages/airflow/models/baseoperator.py:390 DeprecationWarning: none_failed_or_skipped Trigger Rule is deprecated. Please use `none_failed_min_one_success`.
[2022-08-22 23:39:04,522] {processor.py:651} INFO - DAG(s) dict_keys(['xcom_dag']) retrieved from /opt/airflow/dags/xcom_dag.py
[2022-08-22 23:39:04,596] {logging_mixin.py:115} INFO - [2022-08-22 23:39:04,596] {dag.py:2371} INFO - Sync 1 DAGs
[2022-08-22 23:39:04,951] {logging_mixin.py:115} INFO - [2022-08-22 23:39:04,946] {dag.py:2919} INFO - Setting next_dagrun for xcom_dag to 2022-08-21T00:00:00+00:00, run_after=2022-08-22T00:00:00+00:00
[2022-08-22 23:39:05,157] {processor.py:161} INFO - Processing /opt/airflow/dags/xcom_dag.py took 0.716 seconds
[2022-08-22 23:39:35,748] {processor.py:153} INFO - Started process (PID=192) to work on /opt/airflow/dags/xcom_dag.py
[2022-08-22 23:39:35,756] {processor.py:641} INFO - Processing file /opt/airflow/dags/xcom_dag.py for tasks to queue
[2022-08-22 23:39:35,793] {logging_mixin.py:115} INFO - [2022-08-22 23:39:35,793] {dagbag.py:507} INFO - Filling up the DagBag from /opt/airflow/dags/xcom_dag.py
[2022-08-22 23:39:35,857] {logging_mixin.py:115} WARNING - /home/airflow/.local/lib/python3.7/site-packages/airflow/models/baseoperator.py:390 DeprecationWarning: none_failed_or_skipped Trigger Rule is deprecated. Please use `none_failed_min_one_success`.
[2022-08-22 23:39:35,863] {processor.py:651} INFO - DAG(s) dict_keys(['xcom_dag']) retrieved from /opt/airflow/dags/xcom_dag.py
[2022-08-22 23:39:35,926] {logging_mixin.py:115} INFO - [2022-08-22 23:39:35,925] {dag.py:2371} INFO - Sync 1 DAGs
[2022-08-22 23:39:35,986] {logging_mixin.py:115} INFO - [2022-08-22 23:39:35,986] {dag.py:2919} INFO - Setting next_dagrun for xcom_dag to 2022-08-21T00:00:00+00:00, run_after=2022-08-22T00:00:00+00:00
[2022-08-22 23:39:36,041] {processor.py:161} INFO - Processing /opt/airflow/dags/xcom_dag.py took 0.303 seconds
[2022-08-22 23:40:06,481] {processor.py:153} INFO - Started process (PID=269) to work on /opt/airflow/dags/xcom_dag.py
[2022-08-22 23:40:06,483] {processor.py:641} INFO - Processing file /opt/airflow/dags/xcom_dag.py for tasks to queue
[2022-08-22 23:40:06,484] {logging_mixin.py:115} INFO - [2022-08-22 23:40:06,484] {dagbag.py:507} INFO - Filling up the DagBag from /opt/airflow/dags/xcom_dag.py
[2022-08-22 23:40:06,528] {logging_mixin.py:115} WARNING - /home/airflow/.local/lib/python3.7/site-packages/airflow/models/baseoperator.py:390 DeprecationWarning: none_failed_or_skipped Trigger Rule is deprecated. Please use `none_failed_min_one_success`.
[2022-08-22 23:40:06,533] {processor.py:651} INFO - DAG(s) dict_keys(['xcom_dag']) retrieved from /opt/airflow/dags/xcom_dag.py
[2022-08-22 23:40:06,591] {logging_mixin.py:115} INFO - [2022-08-22 23:40:06,591] {dag.py:2371} INFO - Sync 1 DAGs
[2022-08-22 23:40:06,645] {logging_mixin.py:115} INFO - [2022-08-22 23:40:06,645] {dag.py:2919} INFO - Setting next_dagrun for xcom_dag to 2022-08-21T00:00:00+00:00, run_after=2022-08-22T00:00:00+00:00
[2022-08-22 23:40:06,673] {processor.py:161} INFO - Processing /opt/airflow/dags/xcom_dag.py took 0.199 seconds
[2022-08-22 23:40:37,404] {processor.py:153} INFO - Started process (PID=337) to work on /opt/airflow/dags/xcom_dag.py
[2022-08-22 23:40:37,407] {processor.py:641} INFO - Processing file /opt/airflow/dags/xcom_dag.py for tasks to queue
[2022-08-22 23:40:37,410] {logging_mixin.py:115} INFO - [2022-08-22 23:40:37,410] {dagbag.py:507} INFO - Filling up the DagBag from /opt/airflow/dags/xcom_dag.py
[2022-08-22 23:40:37,460] {logging_mixin.py:115} WARNING - /home/airflow/.local/lib/python3.7/site-packages/airflow/models/baseoperator.py:390 DeprecationWarning: none_failed_or_skipped Trigger Rule is deprecated. Please use `none_failed_min_one_success`.
[2022-08-22 23:40:37,465] {processor.py:651} INFO - DAG(s) dict_keys(['xcom_dag']) retrieved from /opt/airflow/dags/xcom_dag.py
[2022-08-22 23:40:37,539] {logging_mixin.py:115} INFO - [2022-08-22 23:40:37,539] {dag.py:2371} INFO - Sync 1 DAGs
[2022-08-22 23:40:37,600] {logging_mixin.py:115} INFO - [2022-08-22 23:40:37,600] {dag.py:2919} INFO - Setting next_dagrun for xcom_dag to 2022-08-21T00:00:00+00:00, run_after=2022-08-22T00:00:00+00:00
[2022-08-22 23:40:37,630] {processor.py:161} INFO - Processing /opt/airflow/dags/xcom_dag.py took 0.236 seconds
[2022-08-22 23:41:08,329] {processor.py:153} INFO - Started process (PID=405) to work on /opt/airflow/dags/xcom_dag.py
[2022-08-22 23:41:08,333] {processor.py:641} INFO - Processing file /opt/airflow/dags/xcom_dag.py for tasks to queue
[2022-08-22 23:41:08,335] {logging_mixin.py:115} INFO - [2022-08-22 23:41:08,335] {dagbag.py:507} INFO - Filling up the DagBag from /opt/airflow/dags/xcom_dag.py
[2022-08-22 23:41:08,382] {logging_mixin.py:115} WARNING - /home/airflow/.local/lib/python3.7/site-packages/airflow/models/baseoperator.py:390 DeprecationWarning: none_failed_or_skipped Trigger Rule is deprecated. Please use `none_failed_min_one_success`.
[2022-08-22 23:41:08,390] {processor.py:651} INFO - DAG(s) dict_keys(['xcom_dag']) retrieved from /opt/airflow/dags/xcom_dag.py
[2022-08-22 23:41:08,485] {logging_mixin.py:115} INFO - [2022-08-22 23:41:08,485] {dag.py:2371} INFO - Sync 1 DAGs
[2022-08-22 23:41:08,560] {logging_mixin.py:115} INFO - [2022-08-22 23:41:08,560] {dag.py:2919} INFO - Setting next_dagrun for xcom_dag to 2022-08-21T00:00:00+00:00, run_after=2022-08-22T00:00:00+00:00
[2022-08-22 23:41:08,585] {processor.py:161} INFO - Processing /opt/airflow/dags/xcom_dag.py took 0.264 seconds
[2022-08-22 23:41:39,484] {processor.py:153} INFO - Started process (PID=481) to work on /opt/airflow/dags/xcom_dag.py
[2022-08-22 23:41:39,486] {processor.py:641} INFO - Processing file /opt/airflow/dags/xcom_dag.py for tasks to queue
[2022-08-22 23:41:39,488] {logging_mixin.py:115} INFO - [2022-08-22 23:41:39,488] {dagbag.py:507} INFO - Filling up the DagBag from /opt/airflow/dags/xcom_dag.py
[2022-08-22 23:41:39,534] {logging_mixin.py:115} WARNING - /home/airflow/.local/lib/python3.7/site-packages/airflow/models/baseoperator.py:390 DeprecationWarning: none_failed_or_skipped Trigger Rule is deprecated. Please use `none_failed_min_one_success`.
[2022-08-22 23:41:39,538] {processor.py:651} INFO - DAG(s) dict_keys(['xcom_dag']) retrieved from /opt/airflow/dags/xcom_dag.py
[2022-08-22 23:41:39,607] {logging_mixin.py:115} INFO - [2022-08-22 23:41:39,607] {dag.py:2371} INFO - Sync 1 DAGs
[2022-08-22 23:41:39,671] {logging_mixin.py:115} INFO - [2022-08-22 23:41:39,670] {dag.py:2919} INFO - Setting next_dagrun for xcom_dag to 2022-08-21T00:00:00+00:00, run_after=2022-08-22T00:00:00+00:00
[2022-08-22 23:41:39,703] {processor.py:161} INFO - Processing /opt/airflow/dags/xcom_dag.py took 0.230 seconds
[2022-08-22 23:42:10,215] {processor.py:153} INFO - Started process (PID=550) to work on /opt/airflow/dags/xcom_dag.py
[2022-08-22 23:42:10,217] {processor.py:641} INFO - Processing file /opt/airflow/dags/xcom_dag.py for tasks to queue
[2022-08-22 23:42:10,219] {logging_mixin.py:115} INFO - [2022-08-22 23:42:10,219] {dagbag.py:507} INFO - Filling up the DagBag from /opt/airflow/dags/xcom_dag.py
[2022-08-22 23:42:10,265] {logging_mixin.py:115} WARNING - /home/airflow/.local/lib/python3.7/site-packages/airflow/models/baseoperator.py:390 DeprecationWarning: none_failed_or_skipped Trigger Rule is deprecated. Please use `none_failed_min_one_success`.
[2022-08-22 23:42:10,269] {processor.py:651} INFO - DAG(s) dict_keys(['xcom_dag']) retrieved from /opt/airflow/dags/xcom_dag.py
[2022-08-22 23:42:10,338] {logging_mixin.py:115} INFO - [2022-08-22 23:42:10,337] {dag.py:2371} INFO - Sync 1 DAGs
[2022-08-22 23:42:10,398] {logging_mixin.py:115} INFO - [2022-08-22 23:42:10,398] {dag.py:2919} INFO - Setting next_dagrun for xcom_dag to 2022-08-21T00:00:00+00:00, run_after=2022-08-22T00:00:00+00:00
[2022-08-22 23:42:10,423] {processor.py:161} INFO - Processing /opt/airflow/dags/xcom_dag.py took 0.215 seconds
[2022-08-22 23:42:41,751] {processor.py:153} INFO - Started process (PID=620) to work on /opt/airflow/dags/xcom_dag.py
[2022-08-22 23:42:41,753] {processor.py:641} INFO - Processing file /opt/airflow/dags/xcom_dag.py for tasks to queue
[2022-08-22 23:42:41,755] {logging_mixin.py:115} INFO - [2022-08-22 23:42:41,755] {dagbag.py:507} INFO - Filling up the DagBag from /opt/airflow/dags/xcom_dag.py
[2022-08-22 23:42:41,805] {logging_mixin.py:115} WARNING - /home/airflow/.local/lib/python3.7/site-packages/airflow/models/baseoperator.py:390 DeprecationWarning: none_failed_or_skipped Trigger Rule is deprecated. Please use `none_failed_min_one_success`.
[2022-08-22 23:42:41,810] {processor.py:651} INFO - DAG(s) dict_keys(['xcom_dag']) retrieved from /opt/airflow/dags/xcom_dag.py
[2022-08-22 23:42:41,891] {logging_mixin.py:115} INFO - [2022-08-22 23:42:41,890] {dag.py:2371} INFO - Sync 1 DAGs
[2022-08-22 23:42:41,956] {logging_mixin.py:115} INFO - [2022-08-22 23:42:41,956] {dag.py:2919} INFO - Setting next_dagrun for xcom_dag to 2022-08-21T00:00:00+00:00, run_after=2022-08-22T00:00:00+00:00
[2022-08-22 23:42:41,983] {processor.py:161} INFO - Processing /opt/airflow/dags/xcom_dag.py took 0.242 seconds
[2022-08-22 23:43:12,861] {processor.py:153} INFO - Started process (PID=697) to work on /opt/airflow/dags/xcom_dag.py
[2022-08-22 23:43:12,863] {processor.py:641} INFO - Processing file /opt/airflow/dags/xcom_dag.py for tasks to queue
[2022-08-22 23:43:12,865] {logging_mixin.py:115} INFO - [2022-08-22 23:43:12,865] {dagbag.py:507} INFO - Filling up the DagBag from /opt/airflow/dags/xcom_dag.py
[2022-08-22 23:43:12,908] {logging_mixin.py:115} WARNING - /home/airflow/.local/lib/python3.7/site-packages/airflow/models/baseoperator.py:390 DeprecationWarning: none_failed_or_skipped Trigger Rule is deprecated. Please use `none_failed_min_one_success`.
[2022-08-22 23:43:12,911] {processor.py:651} INFO - DAG(s) dict_keys(['xcom_dag']) retrieved from /opt/airflow/dags/xcom_dag.py
[2022-08-22 23:43:12,969] {logging_mixin.py:115} INFO - [2022-08-22 23:43:12,969] {dag.py:2371} INFO - Sync 1 DAGs
[2022-08-22 23:43:13,029] {logging_mixin.py:115} INFO - [2022-08-22 23:43:13,028] {dag.py:2919} INFO - Setting next_dagrun for xcom_dag to 2022-08-21T00:00:00+00:00, run_after=2022-08-22T00:00:00+00:00
[2022-08-22 23:43:13,058] {processor.py:161} INFO - Processing /opt/airflow/dags/xcom_dag.py took 0.203 seconds
[2022-08-22 23:43:43,907] {processor.py:153} INFO - Started process (PID=765) to work on /opt/airflow/dags/xcom_dag.py
[2022-08-22 23:43:43,908] {processor.py:641} INFO - Processing file /opt/airflow/dags/xcom_dag.py for tasks to queue
[2022-08-22 23:43:43,911] {logging_mixin.py:115} INFO - [2022-08-22 23:43:43,911] {dagbag.py:507} INFO - Filling up the DagBag from /opt/airflow/dags/xcom_dag.py
[2022-08-22 23:43:43,952] {logging_mixin.py:115} WARNING - /home/airflow/.local/lib/python3.7/site-packages/airflow/models/baseoperator.py:390 DeprecationWarning: none_failed_or_skipped Trigger Rule is deprecated. Please use `none_failed_min_one_success`.
[2022-08-22 23:43:43,956] {processor.py:651} INFO - DAG(s) dict_keys(['xcom_dag']) retrieved from /opt/airflow/dags/xcom_dag.py
[2022-08-22 23:43:44,015] {logging_mixin.py:115} INFO - [2022-08-22 23:43:44,015] {dag.py:2371} INFO - Sync 1 DAGs
[2022-08-22 23:43:44,079] {logging_mixin.py:115} INFO - [2022-08-22 23:43:44,078] {dag.py:2919} INFO - Setting next_dagrun for xcom_dag to 2022-08-21T00:00:00+00:00, run_after=2022-08-22T00:00:00+00:00
[2022-08-22 23:43:44,109] {processor.py:161} INFO - Processing /opt/airflow/dags/xcom_dag.py took 0.209 seconds
[2022-08-22 23:44:14,528] {processor.py:153} INFO - Started process (PID=839) to work on /opt/airflow/dags/xcom_dag.py
[2022-08-22 23:44:14,548] {processor.py:641} INFO - Processing file /opt/airflow/dags/xcom_dag.py for tasks to queue
[2022-08-22 23:44:14,551] {logging_mixin.py:115} INFO - [2022-08-22 23:44:14,551] {dagbag.py:507} INFO - Filling up the DagBag from /opt/airflow/dags/xcom_dag.py
[2022-08-22 23:44:14,588] {logging_mixin.py:115} WARNING - /home/airflow/.local/lib/python3.7/site-packages/airflow/models/baseoperator.py:390 DeprecationWarning: none_failed_or_skipped Trigger Rule is deprecated. Please use `none_failed_min_one_success`.
[2022-08-22 23:44:14,592] {processor.py:651} INFO - DAG(s) dict_keys(['xcom_dag']) retrieved from /opt/airflow/dags/xcom_dag.py
[2022-08-22 23:44:14,649] {logging_mixin.py:115} INFO - [2022-08-22 23:44:14,649] {dag.py:2371} INFO - Sync 1 DAGs
[2022-08-22 23:44:14,702] {logging_mixin.py:115} INFO - [2022-08-22 23:44:14,702] {dag.py:2919} INFO - Setting next_dagrun for xcom_dag to 2022-08-21T00:00:00+00:00, run_after=2022-08-22T00:00:00+00:00
[2022-08-22 23:44:14,730] {processor.py:161} INFO - Processing /opt/airflow/dags/xcom_dag.py took 0.210 seconds
[2022-08-22 23:44:44,893] {processor.py:153} INFO - Started process (PID=909) to work on /opt/airflow/dags/xcom_dag.py
[2022-08-22 23:44:44,894] {processor.py:641} INFO - Processing file /opt/airflow/dags/xcom_dag.py for tasks to queue
[2022-08-22 23:44:44,895] {logging_mixin.py:115} INFO - [2022-08-22 23:44:44,895] {dagbag.py:507} INFO - Filling up the DagBag from /opt/airflow/dags/xcom_dag.py
[2022-08-22 23:44:44,913] {logging_mixin.py:115} WARNING - /home/airflow/.local/lib/python3.7/site-packages/airflow/models/baseoperator.py:390 DeprecationWarning: none_failed_or_skipped Trigger Rule is deprecated. Please use `none_failed_min_one_success`.
[2022-08-22 23:44:44,915] {processor.py:651} INFO - DAG(s) dict_keys(['xcom_dag']) retrieved from /opt/airflow/dags/xcom_dag.py
[2022-08-22 23:44:44,940] {logging_mixin.py:115} INFO - [2022-08-22 23:44:44,940] {dag.py:2371} INFO - Sync 1 DAGs
[2022-08-22 23:44:44,964] {logging_mixin.py:115} INFO - [2022-08-22 23:44:44,964] {dag.py:2919} INFO - Setting next_dagrun for xcom_dag to 2022-08-21T00:00:00+00:00, run_after=2022-08-22T00:00:00+00:00
[2022-08-22 23:44:44,974] {processor.py:161} INFO - Processing /opt/airflow/dags/xcom_dag.py took 0.085 seconds
[2022-08-22 23:45:15,767] {processor.py:153} INFO - Started process (PID=986) to work on /opt/airflow/dags/xcom_dag.py
[2022-08-22 23:45:15,768] {processor.py:641} INFO - Processing file /opt/airflow/dags/xcom_dag.py for tasks to queue
[2022-08-22 23:45:15,769] {logging_mixin.py:115} INFO - [2022-08-22 23:45:15,769] {dagbag.py:507} INFO - Filling up the DagBag from /opt/airflow/dags/xcom_dag.py
[2022-08-22 23:45:15,788] {logging_mixin.py:115} WARNING - /home/airflow/.local/lib/python3.7/site-packages/airflow/models/baseoperator.py:390 DeprecationWarning: none_failed_or_skipped Trigger Rule is deprecated. Please use `none_failed_min_one_success`.
[2022-08-22 23:45:15,791] {processor.py:651} INFO - DAG(s) dict_keys(['xcom_dag']) retrieved from /opt/airflow/dags/xcom_dag.py
[2022-08-22 23:45:15,821] {logging_mixin.py:115} INFO - [2022-08-22 23:45:15,821] {dag.py:2371} INFO - Sync 1 DAGs
[2022-08-22 23:45:15,850] {logging_mixin.py:115} INFO - [2022-08-22 23:45:15,850] {dag.py:2919} INFO - Setting next_dagrun for xcom_dag to 2022-08-21T00:00:00+00:00, run_after=2022-08-22T00:00:00+00:00
[2022-08-22 23:45:15,863] {processor.py:161} INFO - Processing /opt/airflow/dags/xcom_dag.py took 0.100 seconds
[2022-08-22 23:45:46,319] {processor.py:153} INFO - Started process (PID=1054) to work on /opt/airflow/dags/xcom_dag.py
[2022-08-22 23:45:46,320] {processor.py:641} INFO - Processing file /opt/airflow/dags/xcom_dag.py for tasks to queue
[2022-08-22 23:45:46,321] {logging_mixin.py:115} INFO - [2022-08-22 23:45:46,321] {dagbag.py:507} INFO - Filling up the DagBag from /opt/airflow/dags/xcom_dag.py
[2022-08-22 23:45:46,339] {logging_mixin.py:115} WARNING - /home/airflow/.local/lib/python3.7/site-packages/airflow/models/baseoperator.py:390 DeprecationWarning: none_failed_or_skipped Trigger Rule is deprecated. Please use `none_failed_min_one_success`.
[2022-08-22 23:45:46,340] {processor.py:651} INFO - DAG(s) dict_keys(['xcom_dag']) retrieved from /opt/airflow/dags/xcom_dag.py
[2022-08-22 23:45:46,366] {logging_mixin.py:115} INFO - [2022-08-22 23:45:46,366] {dag.py:2371} INFO - Sync 1 DAGs
[2022-08-22 23:45:46,389] {logging_mixin.py:115} INFO - [2022-08-22 23:45:46,389] {dag.py:2919} INFO - Setting next_dagrun for xcom_dag to 2022-08-21T00:00:00+00:00, run_after=2022-08-22T00:00:00+00:00
[2022-08-22 23:45:46,400] {processor.py:161} INFO - Processing /opt/airflow/dags/xcom_dag.py took 0.084 seconds
[2022-08-22 23:46:17,369] {processor.py:153} INFO - Started process (PID=1131) to work on /opt/airflow/dags/xcom_dag.py
[2022-08-22 23:46:17,370] {processor.py:641} INFO - Processing file /opt/airflow/dags/xcom_dag.py for tasks to queue
[2022-08-22 23:46:17,371] {logging_mixin.py:115} INFO - [2022-08-22 23:46:17,371] {dagbag.py:507} INFO - Filling up the DagBag from /opt/airflow/dags/xcom_dag.py
[2022-08-22 23:46:17,392] {logging_mixin.py:115} WARNING - /home/airflow/.local/lib/python3.7/site-packages/airflow/models/baseoperator.py:390 DeprecationWarning: none_failed_or_skipped Trigger Rule is deprecated. Please use `none_failed_min_one_success`.
[2022-08-22 23:46:17,393] {processor.py:651} INFO - DAG(s) dict_keys(['xcom_dag']) retrieved from /opt/airflow/dags/xcom_dag.py
[2022-08-22 23:46:17,421] {logging_mixin.py:115} INFO - [2022-08-22 23:46:17,420] {dag.py:2371} INFO - Sync 1 DAGs
[2022-08-22 23:46:17,446] {logging_mixin.py:115} INFO - [2022-08-22 23:46:17,446] {dag.py:2919} INFO - Setting next_dagrun for xcom_dag to 2022-08-21T00:00:00+00:00, run_after=2022-08-22T00:00:00+00:00
[2022-08-22 23:46:17,457] {processor.py:161} INFO - Processing /opt/airflow/dags/xcom_dag.py took 0.092 seconds
[2022-08-22 23:46:47,892] {processor.py:153} INFO - Started process (PID=1208) to work on /opt/airflow/dags/xcom_dag.py
[2022-08-22 23:46:47,893] {processor.py:641} INFO - Processing file /opt/airflow/dags/xcom_dag.py for tasks to queue
[2022-08-22 23:46:47,894] {logging_mixin.py:115} INFO - [2022-08-22 23:46:47,894] {dagbag.py:507} INFO - Filling up the DagBag from /opt/airflow/dags/xcom_dag.py
[2022-08-22 23:46:47,912] {logging_mixin.py:115} WARNING - /home/airflow/.local/lib/python3.7/site-packages/airflow/models/baseoperator.py:390 DeprecationWarning: none_failed_or_skipped Trigger Rule is deprecated. Please use `none_failed_min_one_success`.
[2022-08-22 23:46:47,914] {processor.py:651} INFO - DAG(s) dict_keys(['xcom_dag']) retrieved from /opt/airflow/dags/xcom_dag.py
[2022-08-22 23:46:47,940] {logging_mixin.py:115} INFO - [2022-08-22 23:46:47,939] {dag.py:2371} INFO - Sync 1 DAGs
[2022-08-22 23:46:47,963] {logging_mixin.py:115} INFO - [2022-08-22 23:46:47,963] {dag.py:2919} INFO - Setting next_dagrun for xcom_dag to 2022-08-21T00:00:00+00:00, run_after=2022-08-22T00:00:00+00:00
[2022-08-22 23:46:47,974] {processor.py:161} INFO - Processing /opt/airflow/dags/xcom_dag.py took 0.086 seconds
[2022-08-22 23:47:18,440] {processor.py:153} INFO - Started process (PID=1285) to work on /opt/airflow/dags/xcom_dag.py
[2022-08-22 23:47:18,441] {processor.py:641} INFO - Processing file /opt/airflow/dags/xcom_dag.py for tasks to queue
[2022-08-22 23:47:18,442] {logging_mixin.py:115} INFO - [2022-08-22 23:47:18,442] {dagbag.py:507} INFO - Filling up the DagBag from /opt/airflow/dags/xcom_dag.py
[2022-08-22 23:47:18,460] {logging_mixin.py:115} WARNING - /home/airflow/.local/lib/python3.7/site-packages/airflow/models/baseoperator.py:390 DeprecationWarning: none_failed_or_skipped Trigger Rule is deprecated. Please use `none_failed_min_one_success`.
[2022-08-22 23:47:18,462] {processor.py:651} INFO - DAG(s) dict_keys(['xcom_dag']) retrieved from /opt/airflow/dags/xcom_dag.py
[2022-08-22 23:47:18,488] {logging_mixin.py:115} INFO - [2022-08-22 23:47:18,487] {dag.py:2371} INFO - Sync 1 DAGs
[2022-08-22 23:47:18,511] {logging_mixin.py:115} INFO - [2022-08-22 23:47:18,511] {dag.py:2919} INFO - Setting next_dagrun for xcom_dag to 2022-08-21T00:00:00+00:00, run_after=2022-08-22T00:00:00+00:00
[2022-08-22 23:47:18,521] {processor.py:161} INFO - Processing /opt/airflow/dags/xcom_dag.py took 0.085 seconds
[2022-08-22 23:47:49,081] {processor.py:153} INFO - Started process (PID=1353) to work on /opt/airflow/dags/xcom_dag.py
[2022-08-22 23:47:49,082] {processor.py:641} INFO - Processing file /opt/airflow/dags/xcom_dag.py for tasks to queue
[2022-08-22 23:47:49,083] {logging_mixin.py:115} INFO - [2022-08-22 23:47:49,083] {dagbag.py:507} INFO - Filling up the DagBag from /opt/airflow/dags/xcom_dag.py
[2022-08-22 23:47:49,102] {logging_mixin.py:115} WARNING - /home/airflow/.local/lib/python3.7/site-packages/airflow/models/baseoperator.py:390 DeprecationWarning: none_failed_or_skipped Trigger Rule is deprecated. Please use `none_failed_min_one_success`.
[2022-08-22 23:47:49,104] {processor.py:651} INFO - DAG(s) dict_keys(['xcom_dag']) retrieved from /opt/airflow/dags/xcom_dag.py
[2022-08-22 23:47:49,130] {logging_mixin.py:115} INFO - [2022-08-22 23:47:49,130] {dag.py:2371} INFO - Sync 1 DAGs
[2022-08-22 23:47:49,154] {logging_mixin.py:115} INFO - [2022-08-22 23:47:49,154] {dag.py:2919} INFO - Setting next_dagrun for xcom_dag to 2022-08-21T00:00:00+00:00, run_after=2022-08-22T00:00:00+00:00
[2022-08-22 23:47:49,165] {processor.py:161} INFO - Processing /opt/airflow/dags/xcom_dag.py took 0.088 seconds
[2022-08-22 23:48:20,073] {processor.py:153} INFO - Started process (PID=1430) to work on /opt/airflow/dags/xcom_dag.py
[2022-08-22 23:48:20,074] {processor.py:641} INFO - Processing file /opt/airflow/dags/xcom_dag.py for tasks to queue
[2022-08-22 23:48:20,075] {logging_mixin.py:115} INFO - [2022-08-22 23:48:20,075] {dagbag.py:507} INFO - Filling up the DagBag from /opt/airflow/dags/xcom_dag.py
[2022-08-22 23:48:20,093] {logging_mixin.py:115} WARNING - /home/airflow/.local/lib/python3.7/site-packages/airflow/models/baseoperator.py:390 DeprecationWarning: none_failed_or_skipped Trigger Rule is deprecated. Please use `none_failed_min_one_success`.
[2022-08-22 23:48:20,094] {processor.py:651} INFO - DAG(s) dict_keys(['xcom_dag']) retrieved from /opt/airflow/dags/xcom_dag.py
[2022-08-22 23:48:20,118] {logging_mixin.py:115} INFO - [2022-08-22 23:48:20,118] {dag.py:2371} INFO - Sync 1 DAGs
[2022-08-22 23:48:20,140] {logging_mixin.py:115} INFO - [2022-08-22 23:48:20,140] {dag.py:2919} INFO - Setting next_dagrun for xcom_dag to 2022-08-21T00:00:00+00:00, run_after=2022-08-22T00:00:00+00:00
[2022-08-22 23:48:20,151] {processor.py:161} INFO - Processing /opt/airflow/dags/xcom_dag.py took 0.081 seconds
[2022-08-22 23:48:50,537] {processor.py:153} INFO - Started process (PID=1507) to work on /opt/airflow/dags/xcom_dag.py
[2022-08-22 23:48:50,539] {processor.py:641} INFO - Processing file /opt/airflow/dags/xcom_dag.py for tasks to queue
[2022-08-22 23:48:50,540] {logging_mixin.py:115} INFO - [2022-08-22 23:48:50,539] {dagbag.py:507} INFO - Filling up the DagBag from /opt/airflow/dags/xcom_dag.py
[2022-08-22 23:48:50,560] {logging_mixin.py:115} WARNING - /home/airflow/.local/lib/python3.7/site-packages/airflow/models/baseoperator.py:390 DeprecationWarning: none_failed_or_skipped Trigger Rule is deprecated. Please use `none_failed_min_one_success`.
[2022-08-22 23:48:50,561] {processor.py:651} INFO - DAG(s) dict_keys(['xcom_dag']) retrieved from /opt/airflow/dags/xcom_dag.py
[2022-08-22 23:48:50,587] {logging_mixin.py:115} INFO - [2022-08-22 23:48:50,587] {dag.py:2371} INFO - Sync 1 DAGs
[2022-08-22 23:48:50,609] {logging_mixin.py:115} INFO - [2022-08-22 23:48:50,609] {dag.py:2919} INFO - Setting next_dagrun for xcom_dag to 2022-08-21T00:00:00+00:00, run_after=2022-08-22T00:00:00+00:00
[2022-08-22 23:48:50,621] {processor.py:161} INFO - Processing /opt/airflow/dags/xcom_dag.py took 0.088 seconds
[2022-08-22 23:49:21,150] {processor.py:153} INFO - Started process (PID=1584) to work on /opt/airflow/dags/xcom_dag.py
[2022-08-22 23:49:21,152] {processor.py:641} INFO - Processing file /opt/airflow/dags/xcom_dag.py for tasks to queue
[2022-08-22 23:49:21,153] {logging_mixin.py:115} INFO - [2022-08-22 23:49:21,152] {dagbag.py:507} INFO - Filling up the DagBag from /opt/airflow/dags/xcom_dag.py
[2022-08-22 23:49:21,170] {logging_mixin.py:115} WARNING - /home/airflow/.local/lib/python3.7/site-packages/airflow/models/baseoperator.py:390 DeprecationWarning: none_failed_or_skipped Trigger Rule is deprecated. Please use `none_failed_min_one_success`.
[2022-08-22 23:49:21,172] {processor.py:651} INFO - DAG(s) dict_keys(['xcom_dag']) retrieved from /opt/airflow/dags/xcom_dag.py
[2022-08-22 23:49:21,198] {logging_mixin.py:115} INFO - [2022-08-22 23:49:21,197] {dag.py:2371} INFO - Sync 1 DAGs
[2022-08-22 23:49:21,220] {logging_mixin.py:115} INFO - [2022-08-22 23:49:21,220] {dag.py:2919} INFO - Setting next_dagrun for xcom_dag to 2022-08-21T00:00:00+00:00, run_after=2022-08-22T00:00:00+00:00
[2022-08-22 23:49:21,230] {processor.py:161} INFO - Processing /opt/airflow/dags/xcom_dag.py took 0.083 seconds
[2022-08-22 23:49:51,739] {processor.py:153} INFO - Started process (PID=1652) to work on /opt/airflow/dags/xcom_dag.py
[2022-08-22 23:49:51,740] {processor.py:641} INFO - Processing file /opt/airflow/dags/xcom_dag.py for tasks to queue
[2022-08-22 23:49:51,742] {logging_mixin.py:115} INFO - [2022-08-22 23:49:51,741] {dagbag.py:507} INFO - Filling up the DagBag from /opt/airflow/dags/xcom_dag.py
[2022-08-22 23:49:51,760] {logging_mixin.py:115} WARNING - /home/airflow/.local/lib/python3.7/site-packages/airflow/models/baseoperator.py:390 DeprecationWarning: none_failed_or_skipped Trigger Rule is deprecated. Please use `none_failed_min_one_success`.
[2022-08-22 23:49:51,762] {processor.py:651} INFO - DAG(s) dict_keys(['xcom_dag']) retrieved from /opt/airflow/dags/xcom_dag.py
[2022-08-22 23:49:51,788] {logging_mixin.py:115} INFO - [2022-08-22 23:49:51,788] {dag.py:2371} INFO - Sync 1 DAGs
[2022-08-22 23:49:51,813] {logging_mixin.py:115} INFO - [2022-08-22 23:49:51,812] {dag.py:2919} INFO - Setting next_dagrun for xcom_dag to 2022-08-21T00:00:00+00:00, run_after=2022-08-22T00:00:00+00:00
[2022-08-22 23:49:51,823] {processor.py:161} INFO - Processing /opt/airflow/dags/xcom_dag.py took 0.087 seconds
[2022-08-22 23:50:22,046] {processor.py:153} INFO - Started process (PID=1729) to work on /opt/airflow/dags/xcom_dag.py
[2022-08-22 23:50:22,047] {processor.py:641} INFO - Processing file /opt/airflow/dags/xcom_dag.py for tasks to queue
[2022-08-22 23:50:22,048] {logging_mixin.py:115} INFO - [2022-08-22 23:50:22,048] {dagbag.py:507} INFO - Filling up the DagBag from /opt/airflow/dags/xcom_dag.py
[2022-08-22 23:50:22,065] {logging_mixin.py:115} WARNING - /home/airflow/.local/lib/python3.7/site-packages/airflow/models/baseoperator.py:390 DeprecationWarning: none_failed_or_skipped Trigger Rule is deprecated. Please use `none_failed_min_one_success`.
[2022-08-22 23:50:22,067] {processor.py:651} INFO - DAG(s) dict_keys(['xcom_dag']) retrieved from /opt/airflow/dags/xcom_dag.py
[2022-08-22 23:50:22,094] {logging_mixin.py:115} INFO - [2022-08-22 23:50:22,094] {dag.py:2371} INFO - Sync 1 DAGs
[2022-08-22 23:50:22,119] {logging_mixin.py:115} INFO - [2022-08-22 23:50:22,119] {dag.py:2919} INFO - Setting next_dagrun for xcom_dag to 2022-08-21T00:00:00+00:00, run_after=2022-08-22T00:00:00+00:00
[2022-08-22 23:50:22,130] {processor.py:161} INFO - Processing /opt/airflow/dags/xcom_dag.py took 0.087 seconds
[2022-08-22 23:50:52,641] {processor.py:153} INFO - Started process (PID=1806) to work on /opt/airflow/dags/xcom_dag.py
[2022-08-22 23:50:52,642] {processor.py:641} INFO - Processing file /opt/airflow/dags/xcom_dag.py for tasks to queue
[2022-08-22 23:50:52,643] {logging_mixin.py:115} INFO - [2022-08-22 23:50:52,643] {dagbag.py:507} INFO - Filling up the DagBag from /opt/airflow/dags/xcom_dag.py
[2022-08-22 23:50:52,663] {logging_mixin.py:115} WARNING - /home/airflow/.local/lib/python3.7/site-packages/airflow/models/baseoperator.py:390 DeprecationWarning: none_failed_or_skipped Trigger Rule is deprecated. Please use `none_failed_min_one_success`.
[2022-08-22 23:50:52,665] {processor.py:651} INFO - DAG(s) dict_keys(['xcom_dag']) retrieved from /opt/airflow/dags/xcom_dag.py
[2022-08-22 23:50:52,691] {logging_mixin.py:115} INFO - [2022-08-22 23:50:52,691] {dag.py:2371} INFO - Sync 1 DAGs
[2022-08-22 23:50:52,714] {logging_mixin.py:115} INFO - [2022-08-22 23:50:52,714] {dag.py:2919} INFO - Setting next_dagrun for xcom_dag to 2022-08-21T00:00:00+00:00, run_after=2022-08-22T00:00:00+00:00
[2022-08-22 23:50:52,724] {processor.py:161} INFO - Processing /opt/airflow/dags/xcom_dag.py took 0.087 seconds
[2022-08-22 23:51:23,037] {processor.py:153} INFO - Started process (PID=1874) to work on /opt/airflow/dags/xcom_dag.py
[2022-08-22 23:51:23,039] {processor.py:641} INFO - Processing file /opt/airflow/dags/xcom_dag.py for tasks to queue
[2022-08-22 23:51:23,041] {logging_mixin.py:115} INFO - [2022-08-22 23:51:23,040] {dagbag.py:507} INFO - Filling up the DagBag from /opt/airflow/dags/xcom_dag.py
[2022-08-22 23:51:23,059] {logging_mixin.py:115} WARNING - /home/airflow/.local/lib/python3.7/site-packages/airflow/models/baseoperator.py:390 DeprecationWarning: none_failed_or_skipped Trigger Rule is deprecated. Please use `none_failed_min_one_success`.
[2022-08-22 23:51:23,062] {processor.py:651} INFO - DAG(s) dict_keys(['xcom_dag']) retrieved from /opt/airflow/dags/xcom_dag.py
[2022-08-22 23:51:23,091] {logging_mixin.py:115} INFO - [2022-08-22 23:51:23,091] {dag.py:2371} INFO - Sync 1 DAGs
[2022-08-22 23:51:23,117] {logging_mixin.py:115} INFO - [2022-08-22 23:51:23,117] {dag.py:2919} INFO - Setting next_dagrun for xcom_dag to 2022-08-21T00:00:00+00:00, run_after=2022-08-22T00:00:00+00:00
[2022-08-22 23:51:23,127] {processor.py:161} INFO - Processing /opt/airflow/dags/xcom_dag.py took 0.093 seconds
[2022-08-22 23:51:53,934] {processor.py:153} INFO - Started process (PID=1951) to work on /opt/airflow/dags/xcom_dag.py
[2022-08-22 23:51:53,935] {processor.py:641} INFO - Processing file /opt/airflow/dags/xcom_dag.py for tasks to queue
[2022-08-22 23:51:53,936] {logging_mixin.py:115} INFO - [2022-08-22 23:51:53,936] {dagbag.py:507} INFO - Filling up the DagBag from /opt/airflow/dags/xcom_dag.py
[2022-08-22 23:51:53,953] {logging_mixin.py:115} WARNING - /home/airflow/.local/lib/python3.7/site-packages/airflow/models/baseoperator.py:390 DeprecationWarning: none_failed_or_skipped Trigger Rule is deprecated. Please use `none_failed_min_one_success`.
[2022-08-22 23:51:53,955] {processor.py:651} INFO - DAG(s) dict_keys(['xcom_dag']) retrieved from /opt/airflow/dags/xcom_dag.py
[2022-08-22 23:51:53,979] {logging_mixin.py:115} INFO - [2022-08-22 23:51:53,979] {dag.py:2371} INFO - Sync 1 DAGs
[2022-08-22 23:51:54,000] {logging_mixin.py:115} INFO - [2022-08-22 23:51:54,000] {dag.py:2919} INFO - Setting next_dagrun for xcom_dag to 2022-08-21T00:00:00+00:00, run_after=2022-08-22T00:00:00+00:00
[2022-08-22 23:51:54,010] {processor.py:161} INFO - Processing /opt/airflow/dags/xcom_dag.py took 0.079 seconds
[2022-08-22 23:52:24,605] {processor.py:153} INFO - Started process (PID=2028) to work on /opt/airflow/dags/xcom_dag.py
[2022-08-22 23:52:24,607] {processor.py:641} INFO - Processing file /opt/airflow/dags/xcom_dag.py for tasks to queue
[2022-08-22 23:52:24,608] {logging_mixin.py:115} INFO - [2022-08-22 23:52:24,608] {dagbag.py:507} INFO - Filling up the DagBag from /opt/airflow/dags/xcom_dag.py
[2022-08-22 23:52:24,626] {logging_mixin.py:115} WARNING - /home/airflow/.local/lib/python3.7/site-packages/airflow/models/baseoperator.py:390 DeprecationWarning: none_failed_or_skipped Trigger Rule is deprecated. Please use `none_failed_min_one_success`.
[2022-08-22 23:52:24,627] {processor.py:651} INFO - DAG(s) dict_keys(['xcom_dag']) retrieved from /opt/airflow/dags/xcom_dag.py
[2022-08-22 23:52:24,652] {logging_mixin.py:115} INFO - [2022-08-22 23:52:24,652] {dag.py:2371} INFO - Sync 1 DAGs
[2022-08-22 23:52:24,675] {logging_mixin.py:115} INFO - [2022-08-22 23:52:24,674] {dag.py:2919} INFO - Setting next_dagrun for xcom_dag to 2022-08-21T00:00:00+00:00, run_after=2022-08-22T00:00:00+00:00
[2022-08-22 23:52:24,685] {processor.py:161} INFO - Processing /opt/airflow/dags/xcom_dag.py took 0.083 seconds
[2022-08-22 23:52:54,948] {processor.py:153} INFO - Started process (PID=2105) to work on /opt/airflow/dags/xcom_dag.py
[2022-08-22 23:52:54,949] {processor.py:641} INFO - Processing file /opt/airflow/dags/xcom_dag.py for tasks to queue
[2022-08-22 23:52:54,950] {logging_mixin.py:115} INFO - [2022-08-22 23:52:54,950] {dagbag.py:507} INFO - Filling up the DagBag from /opt/airflow/dags/xcom_dag.py
[2022-08-22 23:52:54,967] {logging_mixin.py:115} WARNING - /home/airflow/.local/lib/python3.7/site-packages/airflow/models/baseoperator.py:390 DeprecationWarning: none_failed_or_skipped Trigger Rule is deprecated. Please use `none_failed_min_one_success`.
[2022-08-22 23:52:54,969] {processor.py:651} INFO - DAG(s) dict_keys(['xcom_dag']) retrieved from /opt/airflow/dags/xcom_dag.py
[2022-08-22 23:52:54,993] {logging_mixin.py:115} INFO - [2022-08-22 23:52:54,993] {dag.py:2371} INFO - Sync 1 DAGs
[2022-08-22 23:52:55,014] {logging_mixin.py:115} INFO - [2022-08-22 23:52:55,014] {dag.py:2919} INFO - Setting next_dagrun for xcom_dag to 2022-08-21T00:00:00+00:00, run_after=2022-08-22T00:00:00+00:00
[2022-08-22 23:52:55,024] {processor.py:161} INFO - Processing /opt/airflow/dags/xcom_dag.py took 0.079 seconds
[2022-08-22 23:53:25,718] {processor.py:153} INFO - Started process (PID=2182) to work on /opt/airflow/dags/xcom_dag.py
[2022-08-22 23:53:25,719] {processor.py:641} INFO - Processing file /opt/airflow/dags/xcom_dag.py for tasks to queue
[2022-08-22 23:53:25,720] {logging_mixin.py:115} INFO - [2022-08-22 23:53:25,720] {dagbag.py:507} INFO - Filling up the DagBag from /opt/airflow/dags/xcom_dag.py
[2022-08-22 23:53:25,737] {logging_mixin.py:115} WARNING - /home/airflow/.local/lib/python3.7/site-packages/airflow/models/baseoperator.py:390 DeprecationWarning: none_failed_or_skipped Trigger Rule is deprecated. Please use `none_failed_min_one_success`.
[2022-08-22 23:53:25,738] {processor.py:651} INFO - DAG(s) dict_keys(['xcom_dag']) retrieved from /opt/airflow/dags/xcom_dag.py
[2022-08-22 23:53:25,764] {logging_mixin.py:115} INFO - [2022-08-22 23:53:25,764] {dag.py:2371} INFO - Sync 1 DAGs
[2022-08-22 23:53:25,785] {logging_mixin.py:115} INFO - [2022-08-22 23:53:25,785] {dag.py:2919} INFO - Setting next_dagrun for xcom_dag to 2022-08-21T00:00:00+00:00, run_after=2022-08-22T00:00:00+00:00
[2022-08-22 23:53:25,799] {processor.py:161} INFO - Processing /opt/airflow/dags/xcom_dag.py took 0.084 seconds
[2022-08-22 23:53:56,352] {processor.py:153} INFO - Started process (PID=2250) to work on /opt/airflow/dags/xcom_dag.py
[2022-08-22 23:53:56,353] {processor.py:641} INFO - Processing file /opt/airflow/dags/xcom_dag.py for tasks to queue
[2022-08-22 23:53:56,354] {logging_mixin.py:115} INFO - [2022-08-22 23:53:56,354] {dagbag.py:507} INFO - Filling up the DagBag from /opt/airflow/dags/xcom_dag.py
[2022-08-22 23:53:56,371] {logging_mixin.py:115} WARNING - /home/airflow/.local/lib/python3.7/site-packages/airflow/models/baseoperator.py:390 DeprecationWarning: none_failed_or_skipped Trigger Rule is deprecated. Please use `none_failed_min_one_success`.
[2022-08-22 23:53:56,373] {processor.py:651} INFO - DAG(s) dict_keys(['xcom_dag']) retrieved from /opt/airflow/dags/xcom_dag.py
[2022-08-22 23:53:56,398] {logging_mixin.py:115} INFO - [2022-08-22 23:53:56,398] {dag.py:2371} INFO - Sync 1 DAGs
[2022-08-22 23:53:56,421] {logging_mixin.py:115} INFO - [2022-08-22 23:53:56,421] {dag.py:2919} INFO - Setting next_dagrun for xcom_dag to 2022-08-21T00:00:00+00:00, run_after=2022-08-22T00:00:00+00:00
[2022-08-22 23:53:56,432] {processor.py:161} INFO - Processing /opt/airflow/dags/xcom_dag.py took 0.083 seconds
[2022-08-22 23:54:26,999] {processor.py:153} INFO - Started process (PID=2327) to work on /opt/airflow/dags/xcom_dag.py
[2022-08-22 23:54:27,000] {processor.py:641} INFO - Processing file /opt/airflow/dags/xcom_dag.py for tasks to queue
[2022-08-22 23:54:27,001] {logging_mixin.py:115} INFO - [2022-08-22 23:54:27,001] {dagbag.py:507} INFO - Filling up the DagBag from /opt/airflow/dags/xcom_dag.py
[2022-08-22 23:54:27,019] {logging_mixin.py:115} WARNING - /home/airflow/.local/lib/python3.7/site-packages/airflow/models/baseoperator.py:390 DeprecationWarning: none_failed_or_skipped Trigger Rule is deprecated. Please use `none_failed_min_one_success`.
[2022-08-22 23:54:27,021] {processor.py:651} INFO - DAG(s) dict_keys(['xcom_dag']) retrieved from /opt/airflow/dags/xcom_dag.py
[2022-08-22 23:54:27,047] {logging_mixin.py:115} INFO - [2022-08-22 23:54:27,047] {dag.py:2371} INFO - Sync 1 DAGs
[2022-08-22 23:54:27,069] {logging_mixin.py:115} INFO - [2022-08-22 23:54:27,069] {dag.py:2919} INFO - Setting next_dagrun for xcom_dag to 2022-08-21T00:00:00+00:00, run_after=2022-08-22T00:00:00+00:00
[2022-08-22 23:54:27,079] {processor.py:161} INFO - Processing /opt/airflow/dags/xcom_dag.py took 0.083 seconds
[2022-08-22 23:54:57,446] {processor.py:153} INFO - Started process (PID=2404) to work on /opt/airflow/dags/xcom_dag.py
[2022-08-22 23:54:57,447] {processor.py:641} INFO - Processing file /opt/airflow/dags/xcom_dag.py for tasks to queue
[2022-08-22 23:54:57,448] {logging_mixin.py:115} INFO - [2022-08-22 23:54:57,448] {dagbag.py:507} INFO - Filling up the DagBag from /opt/airflow/dags/xcom_dag.py
[2022-08-22 23:54:57,466] {logging_mixin.py:115} WARNING - /home/airflow/.local/lib/python3.7/site-packages/airflow/models/baseoperator.py:390 DeprecationWarning: none_failed_or_skipped Trigger Rule is deprecated. Please use `none_failed_min_one_success`.
[2022-08-22 23:54:57,467] {processor.py:651} INFO - DAG(s) dict_keys(['xcom_dag']) retrieved from /opt/airflow/dags/xcom_dag.py
[2022-08-22 23:54:57,492] {logging_mixin.py:115} INFO - [2022-08-22 23:54:57,492] {dag.py:2371} INFO - Sync 1 DAGs
[2022-08-22 23:54:57,514] {logging_mixin.py:115} INFO - [2022-08-22 23:54:57,514] {dag.py:2919} INFO - Setting next_dagrun for xcom_dag to 2022-08-21T00:00:00+00:00, run_after=2022-08-22T00:00:00+00:00
[2022-08-22 23:54:57,524] {processor.py:161} INFO - Processing /opt/airflow/dags/xcom_dag.py took 0.081 seconds
[2022-08-22 23:55:28,026] {processor.py:153} INFO - Started process (PID=2481) to work on /opt/airflow/dags/xcom_dag.py
[2022-08-22 23:55:28,027] {processor.py:641} INFO - Processing file /opt/airflow/dags/xcom_dag.py for tasks to queue
[2022-08-22 23:55:28,027] {logging_mixin.py:115} INFO - [2022-08-22 23:55:28,027] {dagbag.py:507} INFO - Filling up the DagBag from /opt/airflow/dags/xcom_dag.py
[2022-08-22 23:55:28,045] {logging_mixin.py:115} WARNING - /home/airflow/.local/lib/python3.7/site-packages/airflow/models/baseoperator.py:390 DeprecationWarning: none_failed_or_skipped Trigger Rule is deprecated. Please use `none_failed_min_one_success`.
[2022-08-22 23:55:28,047] {processor.py:651} INFO - DAG(s) dict_keys(['xcom_dag']) retrieved from /opt/airflow/dags/xcom_dag.py
[2022-08-22 23:55:28,072] {logging_mixin.py:115} INFO - [2022-08-22 23:55:28,072] {dag.py:2371} INFO - Sync 1 DAGs
[2022-08-22 23:55:28,093] {logging_mixin.py:115} INFO - [2022-08-22 23:55:28,093] {dag.py:2919} INFO - Setting next_dagrun for xcom_dag to 2022-08-21T00:00:00+00:00, run_after=2022-08-22T00:00:00+00:00
[2022-08-22 23:55:28,104] {processor.py:161} INFO - Processing /opt/airflow/dags/xcom_dag.py took 0.082 seconds
[2022-08-22 23:55:58,559] {processor.py:153} INFO - Started process (PID=2549) to work on /opt/airflow/dags/xcom_dag.py
[2022-08-22 23:55:58,560] {processor.py:641} INFO - Processing file /opt/airflow/dags/xcom_dag.py for tasks to queue
[2022-08-22 23:55:58,561] {logging_mixin.py:115} INFO - [2022-08-22 23:55:58,560] {dagbag.py:507} INFO - Filling up the DagBag from /opt/airflow/dags/xcom_dag.py
[2022-08-22 23:55:58,578] {logging_mixin.py:115} WARNING - /home/airflow/.local/lib/python3.7/site-packages/airflow/models/baseoperator.py:390 DeprecationWarning: none_failed_or_skipped Trigger Rule is deprecated. Please use `none_failed_min_one_success`.
[2022-08-22 23:55:58,579] {processor.py:651} INFO - DAG(s) dict_keys(['xcom_dag']) retrieved from /opt/airflow/dags/xcom_dag.py
[2022-08-22 23:55:58,604] {logging_mixin.py:115} INFO - [2022-08-22 23:55:58,604] {dag.py:2371} INFO - Sync 1 DAGs
[2022-08-22 23:55:58,625] {logging_mixin.py:115} INFO - [2022-08-22 23:55:58,625] {dag.py:2919} INFO - Setting next_dagrun for xcom_dag to 2022-08-21T00:00:00+00:00, run_after=2022-08-22T00:00:00+00:00
[2022-08-22 23:55:58,637] {processor.py:161} INFO - Processing /opt/airflow/dags/xcom_dag.py took 0.081 seconds
[2022-08-22 23:56:29,129] {processor.py:153} INFO - Started process (PID=2626) to work on /opt/airflow/dags/xcom_dag.py
[2022-08-22 23:56:29,130] {processor.py:641} INFO - Processing file /opt/airflow/dags/xcom_dag.py for tasks to queue
[2022-08-22 23:56:29,131] {logging_mixin.py:115} INFO - [2022-08-22 23:56:29,131] {dagbag.py:507} INFO - Filling up the DagBag from /opt/airflow/dags/xcom_dag.py
[2022-08-22 23:56:29,149] {logging_mixin.py:115} WARNING - /home/airflow/.local/lib/python3.7/site-packages/airflow/models/baseoperator.py:390 DeprecationWarning: none_failed_or_skipped Trigger Rule is deprecated. Please use `none_failed_min_one_success`.
[2022-08-22 23:56:29,151] {processor.py:651} INFO - DAG(s) dict_keys(['xcom_dag']) retrieved from /opt/airflow/dags/xcom_dag.py
[2022-08-22 23:56:29,175] {logging_mixin.py:115} INFO - [2022-08-22 23:56:29,175] {dag.py:2371} INFO - Sync 1 DAGs
[2022-08-22 23:56:29,197] {logging_mixin.py:115} INFO - [2022-08-22 23:56:29,197] {dag.py:2919} INFO - Setting next_dagrun for xcom_dag to 2022-08-21T00:00:00+00:00, run_after=2022-08-22T00:00:00+00:00
[2022-08-22 23:56:29,207] {processor.py:161} INFO - Processing /opt/airflow/dags/xcom_dag.py took 0.081 seconds
[2022-08-22 23:56:59,563] {processor.py:153} INFO - Started process (PID=2703) to work on /opt/airflow/dags/xcom_dag.py
[2022-08-22 23:56:59,563] {processor.py:641} INFO - Processing file /opt/airflow/dags/xcom_dag.py for tasks to queue
[2022-08-22 23:56:59,564] {logging_mixin.py:115} INFO - [2022-08-22 23:56:59,564] {dagbag.py:507} INFO - Filling up the DagBag from /opt/airflow/dags/xcom_dag.py
[2022-08-22 23:56:59,582] {logging_mixin.py:115} WARNING - /home/airflow/.local/lib/python3.7/site-packages/airflow/models/baseoperator.py:390 DeprecationWarning: none_failed_or_skipped Trigger Rule is deprecated. Please use `none_failed_min_one_success`.
[2022-08-22 23:56:59,584] {processor.py:651} INFO - DAG(s) dict_keys(['xcom_dag']) retrieved from /opt/airflow/dags/xcom_dag.py
[2022-08-22 23:56:59,608] {logging_mixin.py:115} INFO - [2022-08-22 23:56:59,608] {dag.py:2371} INFO - Sync 1 DAGs
[2022-08-22 23:56:59,630] {logging_mixin.py:115} INFO - [2022-08-22 23:56:59,630] {dag.py:2919} INFO - Setting next_dagrun for xcom_dag to 2022-08-21T00:00:00+00:00, run_after=2022-08-22T00:00:00+00:00
[2022-08-22 23:56:59,641] {processor.py:161} INFO - Processing /opt/airflow/dags/xcom_dag.py took 0.081 seconds
[2022-08-22 23:57:30,536] {processor.py:153} INFO - Started process (PID=2780) to work on /opt/airflow/dags/xcom_dag.py
[2022-08-22 23:57:30,537] {processor.py:641} INFO - Processing file /opt/airflow/dags/xcom_dag.py for tasks to queue
[2022-08-22 23:57:30,538] {logging_mixin.py:115} INFO - [2022-08-22 23:57:30,538] {dagbag.py:507} INFO - Filling up the DagBag from /opt/airflow/dags/xcom_dag.py
[2022-08-22 23:57:30,556] {logging_mixin.py:115} WARNING - /home/airflow/.local/lib/python3.7/site-packages/airflow/models/baseoperator.py:390 DeprecationWarning: none_failed_or_skipped Trigger Rule is deprecated. Please use `none_failed_min_one_success`.
[2022-08-22 23:57:30,558] {processor.py:651} INFO - DAG(s) dict_keys(['xcom_dag']) retrieved from /opt/airflow/dags/xcom_dag.py
[2022-08-22 23:57:30,583] {logging_mixin.py:115} INFO - [2022-08-22 23:57:30,582] {dag.py:2371} INFO - Sync 1 DAGs
[2022-08-22 23:57:30,605] {logging_mixin.py:115} INFO - [2022-08-22 23:57:30,605] {dag.py:2919} INFO - Setting next_dagrun for xcom_dag to 2022-08-21T00:00:00+00:00, run_after=2022-08-22T00:00:00+00:00
[2022-08-22 23:57:30,615] {processor.py:161} INFO - Processing /opt/airflow/dags/xcom_dag.py took 0.083 seconds
[2022-08-22 23:58:01,370] {processor.py:153} INFO - Started process (PID=2848) to work on /opt/airflow/dags/xcom_dag.py
[2022-08-22 23:58:01,373] {processor.py:641} INFO - Processing file /opt/airflow/dags/xcom_dag.py for tasks to queue
[2022-08-22 23:58:01,374] {logging_mixin.py:115} INFO - [2022-08-22 23:58:01,373] {dagbag.py:507} INFO - Filling up the DagBag from /opt/airflow/dags/xcom_dag.py
[2022-08-22 23:58:01,393] {logging_mixin.py:115} WARNING - /home/airflow/.local/lib/python3.7/site-packages/airflow/models/baseoperator.py:390 DeprecationWarning: none_failed_or_skipped Trigger Rule is deprecated. Please use `none_failed_min_one_success`.
[2022-08-22 23:58:01,394] {processor.py:651} INFO - DAG(s) dict_keys(['xcom_dag']) retrieved from /opt/airflow/dags/xcom_dag.py
[2022-08-22 23:58:01,419] {logging_mixin.py:115} INFO - [2022-08-22 23:58:01,419] {dag.py:2371} INFO - Sync 1 DAGs
[2022-08-22 23:58:01,442] {logging_mixin.py:115} INFO - [2022-08-22 23:58:01,442] {dag.py:2919} INFO - Setting next_dagrun for xcom_dag to 2022-08-21T00:00:00+00:00, run_after=2022-08-22T00:00:00+00:00
[2022-08-22 23:58:01,453] {processor.py:161} INFO - Processing /opt/airflow/dags/xcom_dag.py took 0.086 seconds
[2022-08-22 23:58:32,163] {processor.py:153} INFO - Started process (PID=2925) to work on /opt/airflow/dags/xcom_dag.py
[2022-08-22 23:58:32,165] {processor.py:641} INFO - Processing file /opt/airflow/dags/xcom_dag.py for tasks to queue
[2022-08-22 23:58:32,166] {logging_mixin.py:115} INFO - [2022-08-22 23:58:32,166] {dagbag.py:507} INFO - Filling up the DagBag from /opt/airflow/dags/xcom_dag.py
[2022-08-22 23:58:32,183] {logging_mixin.py:115} WARNING - /home/airflow/.local/lib/python3.7/site-packages/airflow/models/baseoperator.py:390 DeprecationWarning: none_failed_or_skipped Trigger Rule is deprecated. Please use `none_failed_min_one_success`.
[2022-08-22 23:58:32,185] {processor.py:651} INFO - DAG(s) dict_keys(['xcom_dag']) retrieved from /opt/airflow/dags/xcom_dag.py
[2022-08-22 23:58:32,209] {logging_mixin.py:115} INFO - [2022-08-22 23:58:32,209] {dag.py:2371} INFO - Sync 1 DAGs
[2022-08-22 23:58:32,231] {logging_mixin.py:115} INFO - [2022-08-22 23:58:32,231] {dag.py:2919} INFO - Setting next_dagrun for xcom_dag to 2022-08-21T00:00:00+00:00, run_after=2022-08-22T00:00:00+00:00
[2022-08-22 23:58:32,242] {processor.py:161} INFO - Processing /opt/airflow/dags/xcom_dag.py took 0.082 seconds
[2022-08-22 23:59:02,644] {processor.py:153} INFO - Started process (PID=3002) to work on /opt/airflow/dags/xcom_dag.py
[2022-08-22 23:59:02,645] {processor.py:641} INFO - Processing file /opt/airflow/dags/xcom_dag.py for tasks to queue
[2022-08-22 23:59:02,646] {logging_mixin.py:115} INFO - [2022-08-22 23:59:02,646] {dagbag.py:507} INFO - Filling up the DagBag from /opt/airflow/dags/xcom_dag.py
[2022-08-22 23:59:02,664] {logging_mixin.py:115} WARNING - /home/airflow/.local/lib/python3.7/site-packages/airflow/models/baseoperator.py:390 DeprecationWarning: none_failed_or_skipped Trigger Rule is deprecated. Please use `none_failed_min_one_success`.
[2022-08-22 23:59:02,666] {processor.py:651} INFO - DAG(s) dict_keys(['xcom_dag']) retrieved from /opt/airflow/dags/xcom_dag.py
[2022-08-22 23:59:02,690] {logging_mixin.py:115} INFO - [2022-08-22 23:59:02,690] {dag.py:2371} INFO - Sync 1 DAGs
[2022-08-22 23:59:02,713] {logging_mixin.py:115} INFO - [2022-08-22 23:59:02,713] {dag.py:2919} INFO - Setting next_dagrun for xcom_dag to 2022-08-21T00:00:00+00:00, run_after=2022-08-22T00:00:00+00:00
[2022-08-22 23:59:02,823] {processor.py:161} INFO - Processing /opt/airflow/dags/xcom_dag.py took 0.182 seconds
[2022-08-22 23:59:33,179] {processor.py:153} INFO - Started process (PID=3079) to work on /opt/airflow/dags/xcom_dag.py
[2022-08-22 23:59:33,181] {processor.py:641} INFO - Processing file /opt/airflow/dags/xcom_dag.py for tasks to queue
[2022-08-22 23:59:33,182] {logging_mixin.py:115} INFO - [2022-08-22 23:59:33,182] {dagbag.py:507} INFO - Filling up the DagBag from /opt/airflow/dags/xcom_dag.py
[2022-08-22 23:59:33,200] {logging_mixin.py:115} WARNING - /home/airflow/.local/lib/python3.7/site-packages/airflow/models/baseoperator.py:390 DeprecationWarning: none_failed_or_skipped Trigger Rule is deprecated. Please use `none_failed_min_one_success`.
[2022-08-22 23:59:33,202] {processor.py:651} INFO - DAG(s) dict_keys(['xcom_dag']) retrieved from /opt/airflow/dags/xcom_dag.py
[2022-08-22 23:59:33,226] {logging_mixin.py:115} INFO - [2022-08-22 23:59:33,226] {dag.py:2371} INFO - Sync 1 DAGs
[2022-08-22 23:59:33,250] {logging_mixin.py:115} INFO - [2022-08-22 23:59:33,250] {dag.py:2919} INFO - Setting next_dagrun for xcom_dag to 2022-08-21T00:00:00+00:00, run_after=2022-08-22T00:00:00+00:00
[2022-08-22 23:59:33,357] {processor.py:161} INFO - Processing /opt/airflow/dags/xcom_dag.py took 0.181 seconds
