[2022-07-27 21:24:08,387] {taskinstance.py:1159} INFO - Dependencies all met for <TaskInstance: xcom_dag.processing_tasks.training_model_b manual__2022-07-27T21:24:03.887400+00:00 [queued]>
[2022-07-27 21:24:08,399] {taskinstance.py:1159} INFO - Dependencies all met for <TaskInstance: xcom_dag.processing_tasks.training_model_b manual__2022-07-27T21:24:03.887400+00:00 [queued]>
[2022-07-27 21:24:08,399] {taskinstance.py:1356} INFO - 
--------------------------------------------------------------------------------
[2022-07-27 21:24:08,400] {taskinstance.py:1357} INFO - Starting attempt 1 of 1
[2022-07-27 21:24:08,401] {taskinstance.py:1358} INFO - 
--------------------------------------------------------------------------------
[2022-07-27 21:24:08,415] {taskinstance.py:1377} INFO - Executing <Task(PythonOperator): processing_tasks.training_model_b> on 2022-07-27 21:24:03.887400+00:00
[2022-07-27 21:24:08,420] {standard_task_runner.py:52} INFO - Started process 5047 to run task
[2022-07-27 21:24:08,424] {standard_task_runner.py:79} INFO - Running: ['***', 'tasks', 'run', 'xcom_dag', 'processing_tasks.training_model_b', 'manual__2022-07-27T21:24:03.887400+00:00', '--job-id', '208', '--raw', '--subdir', 'DAGS_FOLDER/xcom_dag.py', '--cfg-path', '/tmp/tmp2il9jiaf', '--error-file', '/tmp/tmpps_0ogg_']
[2022-07-27 21:24:08,425] {standard_task_runner.py:80} INFO - Job 208: Subtask processing_tasks.training_model_b
[2022-07-27 21:24:08,515] {task_command.py:369} INFO - Running <TaskInstance: xcom_dag.processing_tasks.training_model_b manual__2022-07-27T21:24:03.887400+00:00 [running]> on host 8694d477c774
[2022-07-27 21:24:08,597] {taskinstance.py:1571} INFO - Exporting the following env vars:
AIRFLOW_CTX_DAG_OWNER=***
AIRFLOW_CTX_DAG_ID=xcom_dag
AIRFLOW_CTX_TASK_ID=processing_tasks.training_model_b
AIRFLOW_CTX_EXECUTION_DATE=2022-07-27T21:24:03.887400+00:00
AIRFLOW_CTX_TRY_NUMBER=1
AIRFLOW_CTX_DAG_RUN_ID=manual__2022-07-27T21:24:03.887400+00:00
[2022-07-27 21:24:08,598] {logging_mixin.py:115} INFO - model's accuracy: 0.9764277595275471
[2022-07-27 21:24:08,617] {python.py:173} INFO - Done. Returned value was: None
[2022-07-27 21:24:08,645] {taskinstance.py:1400} INFO - Marking task as SUCCESS. dag_id=xcom_dag, task_id=processing_tasks.training_model_b, execution_date=20220727T212403, start_date=20220727T212408, end_date=20220727T212408
[2022-07-27 21:24:08,679] {local_task_job.py:156} INFO - Task exited with return code 0
[2022-07-27 21:24:08,721] {local_task_job.py:273} INFO - 1 downstream tasks scheduled from follow-on schedule check
