[2022-08-22 23:38:42,908] {processor.py:153} INFO - Started process (PID=102) to work on /home/airflow/.local/lib/python3.7/site-packages/airflow/example_dags/example_nested_branch_dag.py
[2022-08-22 23:38:42,912] {processor.py:641} INFO - Processing file /home/airflow/.local/lib/python3.7/site-packages/airflow/example_dags/example_nested_branch_dag.py for tasks to queue
[2022-08-22 23:38:42,915] {logging_mixin.py:115} INFO - [2022-08-22 23:38:42,915] {dagbag.py:507} INFO - Filling up the DagBag from /home/airflow/.local/lib/python3.7/site-packages/airflow/example_dags/example_nested_branch_dag.py
[2022-08-22 23:38:42,952] {processor.py:651} INFO - DAG(s) dict_keys(['example_nested_branch_dag']) retrieved from /home/airflow/.local/lib/python3.7/site-packages/airflow/example_dags/example_nested_branch_dag.py
[2022-08-22 23:38:43,047] {logging_mixin.py:115} INFO - [2022-08-22 23:38:43,046] {dag.py:2371} INFO - Sync 1 DAGs
[2022-08-22 23:38:43,140] {logging_mixin.py:115} INFO - [2022-08-22 23:38:43,139] {dag.py:2919} INFO - Setting next_dagrun for example_nested_branch_dag to 2022-08-21T00:00:00+00:00, run_after=2022-08-22T00:00:00+00:00
[2022-08-22 23:38:43,182] {processor.py:161} INFO - Processing /home/airflow/.local/lib/python3.7/site-packages/airflow/example_dags/example_nested_branch_dag.py took 0.301 seconds
[2022-08-22 23:39:15,265] {processor.py:153} INFO - Started process (PID=170) to work on /home/airflow/.local/lib/python3.7/site-packages/airflow/example_dags/example_nested_branch_dag.py
[2022-08-22 23:39:15,275] {processor.py:641} INFO - Processing file /home/airflow/.local/lib/python3.7/site-packages/airflow/example_dags/example_nested_branch_dag.py for tasks to queue
[2022-08-22 23:39:15,281] {logging_mixin.py:115} INFO - [2022-08-22 23:39:15,280] {dagbag.py:507} INFO - Filling up the DagBag from /home/airflow/.local/lib/python3.7/site-packages/airflow/example_dags/example_nested_branch_dag.py
[2022-08-22 23:39:15,321] {processor.py:651} INFO - DAG(s) dict_keys(['example_nested_branch_dag']) retrieved from /home/airflow/.local/lib/python3.7/site-packages/airflow/example_dags/example_nested_branch_dag.py
[2022-08-22 23:39:15,409] {logging_mixin.py:115} INFO - [2022-08-22 23:39:15,409] {dag.py:2371} INFO - Sync 1 DAGs
[2022-08-22 23:39:15,491] {logging_mixin.py:115} INFO - [2022-08-22 23:39:15,491] {dag.py:2919} INFO - Setting next_dagrun for example_nested_branch_dag to 2022-08-21T00:00:00+00:00, run_after=2022-08-22T00:00:00+00:00
[2022-08-22 23:39:15,526] {processor.py:161} INFO - Processing /home/airflow/.local/lib/python3.7/site-packages/airflow/example_dags/example_nested_branch_dag.py took 0.268 seconds
[2022-08-22 23:39:46,387] {processor.py:153} INFO - Started process (PID=238) to work on /home/airflow/.local/lib/python3.7/site-packages/airflow/example_dags/example_nested_branch_dag.py
[2022-08-22 23:39:46,390] {processor.py:641} INFO - Processing file /home/airflow/.local/lib/python3.7/site-packages/airflow/example_dags/example_nested_branch_dag.py for tasks to queue
[2022-08-22 23:39:46,393] {logging_mixin.py:115} INFO - [2022-08-22 23:39:46,393] {dagbag.py:507} INFO - Filling up the DagBag from /home/airflow/.local/lib/python3.7/site-packages/airflow/example_dags/example_nested_branch_dag.py
[2022-08-22 23:39:46,416] {processor.py:651} INFO - DAG(s) dict_keys(['example_nested_branch_dag']) retrieved from /home/airflow/.local/lib/python3.7/site-packages/airflow/example_dags/example_nested_branch_dag.py
[2022-08-22 23:39:46,477] {logging_mixin.py:115} INFO - [2022-08-22 23:39:46,477] {dag.py:2371} INFO - Sync 1 DAGs
[2022-08-22 23:39:46,541] {logging_mixin.py:115} INFO - [2022-08-22 23:39:46,541] {dag.py:2919} INFO - Setting next_dagrun for example_nested_branch_dag to 2022-08-21T00:00:00+00:00, run_after=2022-08-22T00:00:00+00:00
[2022-08-22 23:39:46,572] {processor.py:161} INFO - Processing /home/airflow/.local/lib/python3.7/site-packages/airflow/example_dags/example_nested_branch_dag.py took 0.195 seconds
[2022-08-22 23:40:17,471] {processor.py:153} INFO - Started process (PID=315) to work on /home/airflow/.local/lib/python3.7/site-packages/airflow/example_dags/example_nested_branch_dag.py
[2022-08-22 23:40:17,474] {processor.py:641} INFO - Processing file /home/airflow/.local/lib/python3.7/site-packages/airflow/example_dags/example_nested_branch_dag.py for tasks to queue
[2022-08-22 23:40:17,477] {logging_mixin.py:115} INFO - [2022-08-22 23:40:17,477] {dagbag.py:507} INFO - Filling up the DagBag from /home/airflow/.local/lib/python3.7/site-packages/airflow/example_dags/example_nested_branch_dag.py
[2022-08-22 23:40:17,506] {processor.py:651} INFO - DAG(s) dict_keys(['example_nested_branch_dag']) retrieved from /home/airflow/.local/lib/python3.7/site-packages/airflow/example_dags/example_nested_branch_dag.py
[2022-08-22 23:40:17,577] {logging_mixin.py:115} INFO - [2022-08-22 23:40:17,577] {dag.py:2371} INFO - Sync 1 DAGs
[2022-08-22 23:40:17,638] {logging_mixin.py:115} INFO - [2022-08-22 23:40:17,638] {dag.py:2919} INFO - Setting next_dagrun for example_nested_branch_dag to 2022-08-21T00:00:00+00:00, run_after=2022-08-22T00:00:00+00:00
[2022-08-22 23:40:17,667] {processor.py:161} INFO - Processing /home/airflow/.local/lib/python3.7/site-packages/airflow/example_dags/example_nested_branch_dag.py took 0.202 seconds
[2022-08-22 23:40:49,825] {processor.py:153} INFO - Started process (PID=382) to work on /home/airflow/.local/lib/python3.7/site-packages/airflow/example_dags/example_nested_branch_dag.py
[2022-08-22 23:40:49,829] {processor.py:641} INFO - Processing file /home/airflow/.local/lib/python3.7/site-packages/airflow/example_dags/example_nested_branch_dag.py for tasks to queue
[2022-08-22 23:40:49,833] {logging_mixin.py:115} INFO - [2022-08-22 23:40:49,832] {dagbag.py:507} INFO - Filling up the DagBag from /home/airflow/.local/lib/python3.7/site-packages/airflow/example_dags/example_nested_branch_dag.py
[2022-08-22 23:40:49,869] {processor.py:651} INFO - DAG(s) dict_keys(['example_nested_branch_dag']) retrieved from /home/airflow/.local/lib/python3.7/site-packages/airflow/example_dags/example_nested_branch_dag.py
[2022-08-22 23:40:49,964] {logging_mixin.py:115} INFO - [2022-08-22 23:40:49,963] {dag.py:2371} INFO - Sync 1 DAGs
[2022-08-22 23:40:50,058] {logging_mixin.py:115} INFO - [2022-08-22 23:40:50,058] {dag.py:2919} INFO - Setting next_dagrun for example_nested_branch_dag to 2022-08-21T00:00:00+00:00, run_after=2022-08-22T00:00:00+00:00
[2022-08-22 23:40:50,110] {processor.py:161} INFO - Processing /home/airflow/.local/lib/python3.7/site-packages/airflow/example_dags/example_nested_branch_dag.py took 0.296 seconds
[2022-08-22 23:41:20,935] {processor.py:153} INFO - Started process (PID=449) to work on /home/airflow/.local/lib/python3.7/site-packages/airflow/example_dags/example_nested_branch_dag.py
[2022-08-22 23:41:20,938] {processor.py:641} INFO - Processing file /home/airflow/.local/lib/python3.7/site-packages/airflow/example_dags/example_nested_branch_dag.py for tasks to queue
[2022-08-22 23:41:20,941] {logging_mixin.py:115} INFO - [2022-08-22 23:41:20,941] {dagbag.py:507} INFO - Filling up the DagBag from /home/airflow/.local/lib/python3.7/site-packages/airflow/example_dags/example_nested_branch_dag.py
[2022-08-22 23:41:20,964] {processor.py:651} INFO - DAG(s) dict_keys(['example_nested_branch_dag']) retrieved from /home/airflow/.local/lib/python3.7/site-packages/airflow/example_dags/example_nested_branch_dag.py
[2022-08-22 23:41:21,028] {logging_mixin.py:115} INFO - [2022-08-22 23:41:21,028] {dag.py:2371} INFO - Sync 1 DAGs
[2022-08-22 23:41:21,092] {logging_mixin.py:115} INFO - [2022-08-22 23:41:21,092] {dag.py:2919} INFO - Setting next_dagrun for example_nested_branch_dag to 2022-08-21T00:00:00+00:00, run_after=2022-08-22T00:00:00+00:00
[2022-08-22 23:41:21,119] {processor.py:161} INFO - Processing /home/airflow/.local/lib/python3.7/site-packages/airflow/example_dags/example_nested_branch_dag.py took 0.193 seconds
[2022-08-22 23:41:51,974] {processor.py:153} INFO - Started process (PID=526) to work on /home/airflow/.local/lib/python3.7/site-packages/airflow/example_dags/example_nested_branch_dag.py
[2022-08-22 23:41:51,977] {processor.py:641} INFO - Processing file /home/airflow/.local/lib/python3.7/site-packages/airflow/example_dags/example_nested_branch_dag.py for tasks to queue
[2022-08-22 23:41:51,979] {logging_mixin.py:115} INFO - [2022-08-22 23:41:51,979] {dagbag.py:507} INFO - Filling up the DagBag from /home/airflow/.local/lib/python3.7/site-packages/airflow/example_dags/example_nested_branch_dag.py
[2022-08-22 23:41:52,011] {processor.py:651} INFO - DAG(s) dict_keys(['example_nested_branch_dag']) retrieved from /home/airflow/.local/lib/python3.7/site-packages/airflow/example_dags/example_nested_branch_dag.py
[2022-08-22 23:41:52,080] {logging_mixin.py:115} INFO - [2022-08-22 23:41:52,079] {dag.py:2371} INFO - Sync 1 DAGs
[2022-08-22 23:41:52,151] {logging_mixin.py:115} INFO - [2022-08-22 23:41:52,150] {dag.py:2919} INFO - Setting next_dagrun for example_nested_branch_dag to 2022-08-21T00:00:00+00:00, run_after=2022-08-22T00:00:00+00:00
[2022-08-22 23:41:52,186] {processor.py:161} INFO - Processing /home/airflow/.local/lib/python3.7/site-packages/airflow/example_dags/example_nested_branch_dag.py took 0.221 seconds
[2022-08-22 23:42:22,710] {processor.py:153} INFO - Started process (PID=596) to work on /home/airflow/.local/lib/python3.7/site-packages/airflow/example_dags/example_nested_branch_dag.py
[2022-08-22 23:42:22,712] {processor.py:641} INFO - Processing file /home/airflow/.local/lib/python3.7/site-packages/airflow/example_dags/example_nested_branch_dag.py for tasks to queue
[2022-08-22 23:42:22,714] {logging_mixin.py:115} INFO - [2022-08-22 23:42:22,714] {dagbag.py:507} INFO - Filling up the DagBag from /home/airflow/.local/lib/python3.7/site-packages/airflow/example_dags/example_nested_branch_dag.py
[2022-08-22 23:42:22,736] {processor.py:651} INFO - DAG(s) dict_keys(['example_nested_branch_dag']) retrieved from /home/airflow/.local/lib/python3.7/site-packages/airflow/example_dags/example_nested_branch_dag.py
[2022-08-22 23:42:22,809] {logging_mixin.py:115} INFO - [2022-08-22 23:42:22,809] {dag.py:2371} INFO - Sync 1 DAGs
[2022-08-22 23:42:22,868] {logging_mixin.py:115} INFO - [2022-08-22 23:42:22,868] {dag.py:2919} INFO - Setting next_dagrun for example_nested_branch_dag to 2022-08-21T00:00:00+00:00, run_after=2022-08-22T00:00:00+00:00
[2022-08-22 23:42:22,896] {processor.py:161} INFO - Processing /home/airflow/.local/lib/python3.7/site-packages/airflow/example_dags/example_nested_branch_dag.py took 0.194 seconds
[2022-08-22 23:42:53,785] {processor.py:153} INFO - Started process (PID=664) to work on /home/airflow/.local/lib/python3.7/site-packages/airflow/example_dags/example_nested_branch_dag.py
[2022-08-22 23:42:53,787] {processor.py:641} INFO - Processing file /home/airflow/.local/lib/python3.7/site-packages/airflow/example_dags/example_nested_branch_dag.py for tasks to queue
[2022-08-22 23:42:53,791] {logging_mixin.py:115} INFO - [2022-08-22 23:42:53,790] {dagbag.py:507} INFO - Filling up the DagBag from /home/airflow/.local/lib/python3.7/site-packages/airflow/example_dags/example_nested_branch_dag.py
[2022-08-22 23:42:53,823] {processor.py:651} INFO - DAG(s) dict_keys(['example_nested_branch_dag']) retrieved from /home/airflow/.local/lib/python3.7/site-packages/airflow/example_dags/example_nested_branch_dag.py
[2022-08-22 23:42:53,890] {logging_mixin.py:115} INFO - [2022-08-22 23:42:53,890] {dag.py:2371} INFO - Sync 1 DAGs
[2022-08-22 23:42:53,959] {logging_mixin.py:115} INFO - [2022-08-22 23:42:53,959] {dag.py:2919} INFO - Setting next_dagrun for example_nested_branch_dag to 2022-08-21T00:00:00+00:00, run_after=2022-08-22T00:00:00+00:00
[2022-08-22 23:42:54,003] {processor.py:161} INFO - Processing /home/airflow/.local/lib/python3.7/site-packages/airflow/example_dags/example_nested_branch_dag.py took 0.225 seconds
[2022-08-22 23:43:24,973] {processor.py:153} INFO - Started process (PID=741) to work on /home/airflow/.local/lib/python3.7/site-packages/airflow/example_dags/example_nested_branch_dag.py
[2022-08-22 23:43:24,975] {processor.py:641} INFO - Processing file /home/airflow/.local/lib/python3.7/site-packages/airflow/example_dags/example_nested_branch_dag.py for tasks to queue
[2022-08-22 23:43:24,979] {logging_mixin.py:115} INFO - [2022-08-22 23:43:24,978] {dagbag.py:507} INFO - Filling up the DagBag from /home/airflow/.local/lib/python3.7/site-packages/airflow/example_dags/example_nested_branch_dag.py
[2022-08-22 23:43:25,005] {processor.py:651} INFO - DAG(s) dict_keys(['example_nested_branch_dag']) retrieved from /home/airflow/.local/lib/python3.7/site-packages/airflow/example_dags/example_nested_branch_dag.py
[2022-08-22 23:43:25,077] {logging_mixin.py:115} INFO - [2022-08-22 23:43:25,076] {dag.py:2371} INFO - Sync 1 DAGs
[2022-08-22 23:43:25,141] {logging_mixin.py:115} INFO - [2022-08-22 23:43:25,141] {dag.py:2919} INFO - Setting next_dagrun for example_nested_branch_dag to 2022-08-21T00:00:00+00:00, run_after=2022-08-22T00:00:00+00:00
[2022-08-22 23:43:25,169] {processor.py:161} INFO - Processing /home/airflow/.local/lib/python3.7/site-packages/airflow/example_dags/example_nested_branch_dag.py took 0.203 seconds
[2022-08-22 23:43:56,052] {processor.py:153} INFO - Started process (PID=809) to work on /home/airflow/.local/lib/python3.7/site-packages/airflow/example_dags/example_nested_branch_dag.py
[2022-08-22 23:43:56,055] {processor.py:641} INFO - Processing file /home/airflow/.local/lib/python3.7/site-packages/airflow/example_dags/example_nested_branch_dag.py for tasks to queue
[2022-08-22 23:43:56,058] {logging_mixin.py:115} INFO - [2022-08-22 23:43:56,058] {dagbag.py:507} INFO - Filling up the DagBag from /home/airflow/.local/lib/python3.7/site-packages/airflow/example_dags/example_nested_branch_dag.py
[2022-08-22 23:43:56,081] {processor.py:651} INFO - DAG(s) dict_keys(['example_nested_branch_dag']) retrieved from /home/airflow/.local/lib/python3.7/site-packages/airflow/example_dags/example_nested_branch_dag.py
[2022-08-22 23:43:56,139] {logging_mixin.py:115} INFO - [2022-08-22 23:43:56,138] {dag.py:2371} INFO - Sync 1 DAGs
[2022-08-22 23:43:56,230] {logging_mixin.py:115} INFO - [2022-08-22 23:43:56,229] {dag.py:2919} INFO - Setting next_dagrun for example_nested_branch_dag to 2022-08-21T00:00:00+00:00, run_after=2022-08-22T00:00:00+00:00
[2022-08-22 23:43:56,260] {processor.py:161} INFO - Processing /home/airflow/.local/lib/python3.7/site-packages/airflow/example_dags/example_nested_branch_dag.py took 0.220 seconds
[2022-08-22 23:44:26,998] {processor.py:153} INFO - Started process (PID=883) to work on /home/airflow/.local/lib/python3.7/site-packages/airflow/example_dags/example_nested_branch_dag.py
[2022-08-22 23:44:27,001] {processor.py:641} INFO - Processing file /home/airflow/.local/lib/python3.7/site-packages/airflow/example_dags/example_nested_branch_dag.py for tasks to queue
[2022-08-22 23:44:27,003] {logging_mixin.py:115} INFO - [2022-08-22 23:44:27,003] {dagbag.py:507} INFO - Filling up the DagBag from /home/airflow/.local/lib/python3.7/site-packages/airflow/example_dags/example_nested_branch_dag.py
[2022-08-22 23:44:27,028] {processor.py:651} INFO - DAG(s) dict_keys(['example_nested_branch_dag']) retrieved from /home/airflow/.local/lib/python3.7/site-packages/airflow/example_dags/example_nested_branch_dag.py
[2022-08-22 23:44:27,091] {logging_mixin.py:115} INFO - [2022-08-22 23:44:27,090] {dag.py:2371} INFO - Sync 1 DAGs
[2022-08-22 23:44:27,156] {logging_mixin.py:115} INFO - [2022-08-22 23:44:27,155] {dag.py:2919} INFO - Setting next_dagrun for example_nested_branch_dag to 2022-08-21T00:00:00+00:00, run_after=2022-08-22T00:00:00+00:00
[2022-08-22 23:44:27,184] {processor.py:161} INFO - Processing /home/airflow/.local/lib/python3.7/site-packages/airflow/example_dags/example_nested_branch_dag.py took 0.194 seconds
[2022-08-22 23:44:57,442] {processor.py:153} INFO - Started process (PID=953) to work on /home/airflow/.local/lib/python3.7/site-packages/airflow/example_dags/example_nested_branch_dag.py
[2022-08-22 23:44:57,443] {processor.py:641} INFO - Processing file /home/airflow/.local/lib/python3.7/site-packages/airflow/example_dags/example_nested_branch_dag.py for tasks to queue
[2022-08-22 23:44:57,444] {logging_mixin.py:115} INFO - [2022-08-22 23:44:57,444] {dagbag.py:507} INFO - Filling up the DagBag from /home/airflow/.local/lib/python3.7/site-packages/airflow/example_dags/example_nested_branch_dag.py
[2022-08-22 23:44:57,456] {processor.py:651} INFO - DAG(s) dict_keys(['example_nested_branch_dag']) retrieved from /home/airflow/.local/lib/python3.7/site-packages/airflow/example_dags/example_nested_branch_dag.py
[2022-08-22 23:44:57,484] {logging_mixin.py:115} INFO - [2022-08-22 23:44:57,484] {dag.py:2371} INFO - Sync 1 DAGs
[2022-08-22 23:44:57,511] {logging_mixin.py:115} INFO - [2022-08-22 23:44:57,511] {dag.py:2919} INFO - Setting next_dagrun for example_nested_branch_dag to 2022-08-21T00:00:00+00:00, run_after=2022-08-22T00:00:00+00:00
[2022-08-22 23:44:57,523] {processor.py:161} INFO - Processing /home/airflow/.local/lib/python3.7/site-packages/airflow/example_dags/example_nested_branch_dag.py took 0.085 seconds
[2022-08-22 23:45:27,982] {processor.py:153} INFO - Started process (PID=1030) to work on /home/airflow/.local/lib/python3.7/site-packages/airflow/example_dags/example_nested_branch_dag.py
[2022-08-22 23:45:27,999] {processor.py:641} INFO - Processing file /home/airflow/.local/lib/python3.7/site-packages/airflow/example_dags/example_nested_branch_dag.py for tasks to queue
[2022-08-22 23:45:28,001] {logging_mixin.py:115} INFO - [2022-08-22 23:45:28,001] {dagbag.py:507} INFO - Filling up the DagBag from /home/airflow/.local/lib/python3.7/site-packages/airflow/example_dags/example_nested_branch_dag.py
[2022-08-22 23:45:28,016] {processor.py:651} INFO - DAG(s) dict_keys(['example_nested_branch_dag']) retrieved from /home/airflow/.local/lib/python3.7/site-packages/airflow/example_dags/example_nested_branch_dag.py
[2022-08-22 23:45:28,081] {logging_mixin.py:115} INFO - [2022-08-22 23:45:28,081] {dag.py:2371} INFO - Sync 1 DAGs
[2022-08-22 23:45:28,126] {logging_mixin.py:115} INFO - [2022-08-22 23:45:28,126] {dag.py:2919} INFO - Setting next_dagrun for example_nested_branch_dag to 2022-08-21T00:00:00+00:00, run_after=2022-08-22T00:00:00+00:00
[2022-08-22 23:45:28,139] {processor.py:161} INFO - Processing /home/airflow/.local/lib/python3.7/site-packages/airflow/example_dags/example_nested_branch_dag.py took 0.161 seconds
[2022-08-22 23:45:58,779] {processor.py:153} INFO - Started process (PID=1107) to work on /home/airflow/.local/lib/python3.7/site-packages/airflow/example_dags/example_nested_branch_dag.py
[2022-08-22 23:45:58,781] {processor.py:641} INFO - Processing file /home/airflow/.local/lib/python3.7/site-packages/airflow/example_dags/example_nested_branch_dag.py for tasks to queue
[2022-08-22 23:45:58,782] {logging_mixin.py:115} INFO - [2022-08-22 23:45:58,782] {dagbag.py:507} INFO - Filling up the DagBag from /home/airflow/.local/lib/python3.7/site-packages/airflow/example_dags/example_nested_branch_dag.py
[2022-08-22 23:45:58,792] {processor.py:651} INFO - DAG(s) dict_keys(['example_nested_branch_dag']) retrieved from /home/airflow/.local/lib/python3.7/site-packages/airflow/example_dags/example_nested_branch_dag.py
[2022-08-22 23:45:58,820] {logging_mixin.py:115} INFO - [2022-08-22 23:45:58,820] {dag.py:2371} INFO - Sync 1 DAGs
[2022-08-22 23:45:58,845] {logging_mixin.py:115} INFO - [2022-08-22 23:45:58,845] {dag.py:2919} INFO - Setting next_dagrun for example_nested_branch_dag to 2022-08-21T00:00:00+00:00, run_after=2022-08-22T00:00:00+00:00
[2022-08-22 23:45:58,858] {processor.py:161} INFO - Processing /home/airflow/.local/lib/python3.7/site-packages/airflow/example_dags/example_nested_branch_dag.py took 0.082 seconds
[2022-08-22 23:46:29,989] {processor.py:153} INFO - Started process (PID=1175) to work on /home/airflow/.local/lib/python3.7/site-packages/airflow/example_dags/example_nested_branch_dag.py
[2022-08-22 23:46:29,990] {processor.py:641} INFO - Processing file /home/airflow/.local/lib/python3.7/site-packages/airflow/example_dags/example_nested_branch_dag.py for tasks to queue
[2022-08-22 23:46:29,992] {logging_mixin.py:115} INFO - [2022-08-22 23:46:29,991] {dagbag.py:507} INFO - Filling up the DagBag from /home/airflow/.local/lib/python3.7/site-packages/airflow/example_dags/example_nested_branch_dag.py
[2022-08-22 23:46:30,006] {processor.py:651} INFO - DAG(s) dict_keys(['example_nested_branch_dag']) retrieved from /home/airflow/.local/lib/python3.7/site-packages/airflow/example_dags/example_nested_branch_dag.py
[2022-08-22 23:46:30,041] {logging_mixin.py:115} INFO - [2022-08-22 23:46:30,041] {dag.py:2371} INFO - Sync 1 DAGs
[2022-08-22 23:46:30,077] {logging_mixin.py:115} INFO - [2022-08-22 23:46:30,077] {dag.py:2919} INFO - Setting next_dagrun for example_nested_branch_dag to 2022-08-21T00:00:00+00:00, run_after=2022-08-22T00:00:00+00:00
[2022-08-22 23:46:30,108] {processor.py:161} INFO - Processing /home/airflow/.local/lib/python3.7/site-packages/airflow/example_dags/example_nested_branch_dag.py took 0.123 seconds
[2022-08-22 23:47:00,620] {processor.py:153} INFO - Started process (PID=1252) to work on /home/airflow/.local/lib/python3.7/site-packages/airflow/example_dags/example_nested_branch_dag.py
[2022-08-22 23:47:00,621] {processor.py:641} INFO - Processing file /home/airflow/.local/lib/python3.7/site-packages/airflow/example_dags/example_nested_branch_dag.py for tasks to queue
[2022-08-22 23:47:00,622] {logging_mixin.py:115} INFO - [2022-08-22 23:47:00,622] {dagbag.py:507} INFO - Filling up the DagBag from /home/airflow/.local/lib/python3.7/site-packages/airflow/example_dags/example_nested_branch_dag.py
[2022-08-22 23:47:00,633] {processor.py:651} INFO - DAG(s) dict_keys(['example_nested_branch_dag']) retrieved from /home/airflow/.local/lib/python3.7/site-packages/airflow/example_dags/example_nested_branch_dag.py
[2022-08-22 23:47:00,667] {logging_mixin.py:115} INFO - [2022-08-22 23:47:00,667] {dag.py:2371} INFO - Sync 1 DAGs
[2022-08-22 23:47:00,690] {logging_mixin.py:115} INFO - [2022-08-22 23:47:00,690] {dag.py:2919} INFO - Setting next_dagrun for example_nested_branch_dag to 2022-08-21T00:00:00+00:00, run_after=2022-08-22T00:00:00+00:00
[2022-08-22 23:47:00,702] {processor.py:161} INFO - Processing /home/airflow/.local/lib/python3.7/site-packages/airflow/example_dags/example_nested_branch_dag.py took 0.085 seconds
[2022-08-22 23:47:31,238] {processor.py:153} INFO - Started process (PID=1329) to work on /home/airflow/.local/lib/python3.7/site-packages/airflow/example_dags/example_nested_branch_dag.py
[2022-08-22 23:47:31,240] {processor.py:641} INFO - Processing file /home/airflow/.local/lib/python3.7/site-packages/airflow/example_dags/example_nested_branch_dag.py for tasks to queue
[2022-08-22 23:47:31,241] {logging_mixin.py:115} INFO - [2022-08-22 23:47:31,240] {dagbag.py:507} INFO - Filling up the DagBag from /home/airflow/.local/lib/python3.7/site-packages/airflow/example_dags/example_nested_branch_dag.py
[2022-08-22 23:47:31,251] {processor.py:651} INFO - DAG(s) dict_keys(['example_nested_branch_dag']) retrieved from /home/airflow/.local/lib/python3.7/site-packages/airflow/example_dags/example_nested_branch_dag.py
[2022-08-22 23:47:31,278] {logging_mixin.py:115} INFO - [2022-08-22 23:47:31,278] {dag.py:2371} INFO - Sync 1 DAGs
[2022-08-22 23:47:31,303] {logging_mixin.py:115} INFO - [2022-08-22 23:47:31,302] {dag.py:2919} INFO - Setting next_dagrun for example_nested_branch_dag to 2022-08-21T00:00:00+00:00, run_after=2022-08-22T00:00:00+00:00
[2022-08-22 23:47:31,314] {processor.py:161} INFO - Processing /home/airflow/.local/lib/python3.7/site-packages/airflow/example_dags/example_nested_branch_dag.py took 0.079 seconds
[2022-08-22 23:48:01,762] {processor.py:153} INFO - Started process (PID=1404) to work on /home/airflow/.local/lib/python3.7/site-packages/airflow/example_dags/example_nested_branch_dag.py
[2022-08-22 23:48:01,763] {processor.py:641} INFO - Processing file /home/airflow/.local/lib/python3.7/site-packages/airflow/example_dags/example_nested_branch_dag.py for tasks to queue
[2022-08-22 23:48:01,764] {logging_mixin.py:115} INFO - [2022-08-22 23:48:01,764] {dagbag.py:507} INFO - Filling up the DagBag from /home/airflow/.local/lib/python3.7/site-packages/airflow/example_dags/example_nested_branch_dag.py
[2022-08-22 23:48:01,774] {processor.py:651} INFO - DAG(s) dict_keys(['example_nested_branch_dag']) retrieved from /home/airflow/.local/lib/python3.7/site-packages/airflow/example_dags/example_nested_branch_dag.py
[2022-08-22 23:48:01,800] {logging_mixin.py:115} INFO - [2022-08-22 23:48:01,800] {dag.py:2371} INFO - Sync 1 DAGs
[2022-08-22 23:48:01,822] {logging_mixin.py:115} INFO - [2022-08-22 23:48:01,822] {dag.py:2919} INFO - Setting next_dagrun for example_nested_branch_dag to 2022-08-21T00:00:00+00:00, run_after=2022-08-22T00:00:00+00:00
[2022-08-22 23:48:01,836] {processor.py:161} INFO - Processing /home/airflow/.local/lib/python3.7/site-packages/airflow/example_dags/example_nested_branch_dag.py took 0.078 seconds
[2022-08-22 23:48:32,514] {processor.py:153} INFO - Started process (PID=1474) to work on /home/airflow/.local/lib/python3.7/site-packages/airflow/example_dags/example_nested_branch_dag.py
[2022-08-22 23:48:32,516] {processor.py:641} INFO - Processing file /home/airflow/.local/lib/python3.7/site-packages/airflow/example_dags/example_nested_branch_dag.py for tasks to queue
[2022-08-22 23:48:32,517] {logging_mixin.py:115} INFO - [2022-08-22 23:48:32,517] {dagbag.py:507} INFO - Filling up the DagBag from /home/airflow/.local/lib/python3.7/site-packages/airflow/example_dags/example_nested_branch_dag.py
[2022-08-22 23:48:32,527] {processor.py:651} INFO - DAG(s) dict_keys(['example_nested_branch_dag']) retrieved from /home/airflow/.local/lib/python3.7/site-packages/airflow/example_dags/example_nested_branch_dag.py
[2022-08-22 23:48:32,555] {logging_mixin.py:115} INFO - [2022-08-22 23:48:32,555] {dag.py:2371} INFO - Sync 1 DAGs
[2022-08-22 23:48:32,584] {logging_mixin.py:115} INFO - [2022-08-22 23:48:32,584] {dag.py:2919} INFO - Setting next_dagrun for example_nested_branch_dag to 2022-08-21T00:00:00+00:00, run_after=2022-08-22T00:00:00+00:00
[2022-08-22 23:48:32,597] {processor.py:161} INFO - Processing /home/airflow/.local/lib/python3.7/site-packages/airflow/example_dags/example_nested_branch_dag.py took 0.086 seconds
[2022-08-22 23:49:02,822] {processor.py:153} INFO - Started process (PID=1550) to work on /home/airflow/.local/lib/python3.7/site-packages/airflow/example_dags/example_nested_branch_dag.py
[2022-08-22 23:49:02,823] {processor.py:641} INFO - Processing file /home/airflow/.local/lib/python3.7/site-packages/airflow/example_dags/example_nested_branch_dag.py for tasks to queue
[2022-08-22 23:49:02,824] {logging_mixin.py:115} INFO - [2022-08-22 23:49:02,824] {dagbag.py:507} INFO - Filling up the DagBag from /home/airflow/.local/lib/python3.7/site-packages/airflow/example_dags/example_nested_branch_dag.py
[2022-08-22 23:49:02,837] {processor.py:651} INFO - DAG(s) dict_keys(['example_nested_branch_dag']) retrieved from /home/airflow/.local/lib/python3.7/site-packages/airflow/example_dags/example_nested_branch_dag.py
[2022-08-22 23:49:02,867] {logging_mixin.py:115} INFO - [2022-08-22 23:49:02,867] {dag.py:2371} INFO - Sync 1 DAGs
[2022-08-22 23:49:02,891] {logging_mixin.py:115} INFO - [2022-08-22 23:49:02,890] {dag.py:2919} INFO - Setting next_dagrun for example_nested_branch_dag to 2022-08-21T00:00:00+00:00, run_after=2022-08-22T00:00:00+00:00
[2022-08-22 23:49:02,902] {processor.py:161} INFO - Processing /home/airflow/.local/lib/python3.7/site-packages/airflow/example_dags/example_nested_branch_dag.py took 0.084 seconds
[2022-08-22 23:49:33,289] {processor.py:153} INFO - Started process (PID=1626) to work on /home/airflow/.local/lib/python3.7/site-packages/airflow/example_dags/example_nested_branch_dag.py
[2022-08-22 23:49:33,290] {processor.py:641} INFO - Processing file /home/airflow/.local/lib/python3.7/site-packages/airflow/example_dags/example_nested_branch_dag.py for tasks to queue
[2022-08-22 23:49:33,291] {logging_mixin.py:115} INFO - [2022-08-22 23:49:33,291] {dagbag.py:507} INFO - Filling up the DagBag from /home/airflow/.local/lib/python3.7/site-packages/airflow/example_dags/example_nested_branch_dag.py
[2022-08-22 23:49:33,302] {processor.py:651} INFO - DAG(s) dict_keys(['example_nested_branch_dag']) retrieved from /home/airflow/.local/lib/python3.7/site-packages/airflow/example_dags/example_nested_branch_dag.py
[2022-08-22 23:49:33,328] {logging_mixin.py:115} INFO - [2022-08-22 23:49:33,328] {dag.py:2371} INFO - Sync 1 DAGs
[2022-08-22 23:49:33,352] {logging_mixin.py:115} INFO - [2022-08-22 23:49:33,352] {dag.py:2919} INFO - Setting next_dagrun for example_nested_branch_dag to 2022-08-21T00:00:00+00:00, run_after=2022-08-22T00:00:00+00:00
[2022-08-22 23:49:33,364] {processor.py:161} INFO - Processing /home/airflow/.local/lib/python3.7/site-packages/airflow/example_dags/example_nested_branch_dag.py took 0.079 seconds
[2022-08-22 23:50:03,793] {processor.py:153} INFO - Started process (PID=1694) to work on /home/airflow/.local/lib/python3.7/site-packages/airflow/example_dags/example_nested_branch_dag.py
[2022-08-22 23:50:03,795] {processor.py:641} INFO - Processing file /home/airflow/.local/lib/python3.7/site-packages/airflow/example_dags/example_nested_branch_dag.py for tasks to queue
[2022-08-22 23:50:03,796] {logging_mixin.py:115} INFO - [2022-08-22 23:50:03,796] {dagbag.py:507} INFO - Filling up the DagBag from /home/airflow/.local/lib/python3.7/site-packages/airflow/example_dags/example_nested_branch_dag.py
[2022-08-22 23:50:03,808] {processor.py:651} INFO - DAG(s) dict_keys(['example_nested_branch_dag']) retrieved from /home/airflow/.local/lib/python3.7/site-packages/airflow/example_dags/example_nested_branch_dag.py
[2022-08-22 23:50:03,837] {logging_mixin.py:115} INFO - [2022-08-22 23:50:03,836] {dag.py:2371} INFO - Sync 1 DAGs
[2022-08-22 23:50:03,864] {logging_mixin.py:115} INFO - [2022-08-22 23:50:03,864] {dag.py:2919} INFO - Setting next_dagrun for example_nested_branch_dag to 2022-08-21T00:00:00+00:00, run_after=2022-08-22T00:00:00+00:00
[2022-08-22 23:50:03,876] {processor.py:161} INFO - Processing /home/airflow/.local/lib/python3.7/site-packages/airflow/example_dags/example_nested_branch_dag.py took 0.087 seconds
[2022-08-22 23:50:34,361] {processor.py:153} INFO - Started process (PID=1771) to work on /home/airflow/.local/lib/python3.7/site-packages/airflow/example_dags/example_nested_branch_dag.py
[2022-08-22 23:50:34,362] {processor.py:641} INFO - Processing file /home/airflow/.local/lib/python3.7/site-packages/airflow/example_dags/example_nested_branch_dag.py for tasks to queue
[2022-08-22 23:50:34,363] {logging_mixin.py:115} INFO - [2022-08-22 23:50:34,363] {dagbag.py:507} INFO - Filling up the DagBag from /home/airflow/.local/lib/python3.7/site-packages/airflow/example_dags/example_nested_branch_dag.py
[2022-08-22 23:50:34,375] {processor.py:651} INFO - DAG(s) dict_keys(['example_nested_branch_dag']) retrieved from /home/airflow/.local/lib/python3.7/site-packages/airflow/example_dags/example_nested_branch_dag.py
[2022-08-22 23:50:34,407] {logging_mixin.py:115} INFO - [2022-08-22 23:50:34,407] {dag.py:2371} INFO - Sync 1 DAGs
[2022-08-22 23:50:34,432] {logging_mixin.py:115} INFO - [2022-08-22 23:50:34,432] {dag.py:2919} INFO - Setting next_dagrun for example_nested_branch_dag to 2022-08-21T00:00:00+00:00, run_after=2022-08-22T00:00:00+00:00
[2022-08-22 23:50:34,444] {processor.py:161} INFO - Processing /home/airflow/.local/lib/python3.7/site-packages/airflow/example_dags/example_nested_branch_dag.py took 0.087 seconds
[2022-08-22 23:51:04,981] {processor.py:153} INFO - Started process (PID=1848) to work on /home/airflow/.local/lib/python3.7/site-packages/airflow/example_dags/example_nested_branch_dag.py
[2022-08-22 23:51:04,982] {processor.py:641} INFO - Processing file /home/airflow/.local/lib/python3.7/site-packages/airflow/example_dags/example_nested_branch_dag.py for tasks to queue
[2022-08-22 23:51:04,983] {logging_mixin.py:115} INFO - [2022-08-22 23:51:04,983] {dagbag.py:507} INFO - Filling up the DagBag from /home/airflow/.local/lib/python3.7/site-packages/airflow/example_dags/example_nested_branch_dag.py
[2022-08-22 23:51:04,994] {processor.py:651} INFO - DAG(s) dict_keys(['example_nested_branch_dag']) retrieved from /home/airflow/.local/lib/python3.7/site-packages/airflow/example_dags/example_nested_branch_dag.py
[2022-08-22 23:51:05,020] {logging_mixin.py:115} INFO - [2022-08-22 23:51:05,020] {dag.py:2371} INFO - Sync 1 DAGs
[2022-08-22 23:51:05,044] {logging_mixin.py:115} INFO - [2022-08-22 23:51:05,044] {dag.py:2919} INFO - Setting next_dagrun for example_nested_branch_dag to 2022-08-21T00:00:00+00:00, run_after=2022-08-22T00:00:00+00:00
[2022-08-22 23:51:05,055] {processor.py:161} INFO - Processing /home/airflow/.local/lib/python3.7/site-packages/airflow/example_dags/example_nested_branch_dag.py took 0.079 seconds
[2022-08-22 23:51:35,714] {processor.py:153} INFO - Started process (PID=1925) to work on /home/airflow/.local/lib/python3.7/site-packages/airflow/example_dags/example_nested_branch_dag.py
[2022-08-22 23:51:35,715] {processor.py:641} INFO - Processing file /home/airflow/.local/lib/python3.7/site-packages/airflow/example_dags/example_nested_branch_dag.py for tasks to queue
[2022-08-22 23:51:35,716] {logging_mixin.py:115} INFO - [2022-08-22 23:51:35,716] {dagbag.py:507} INFO - Filling up the DagBag from /home/airflow/.local/lib/python3.7/site-packages/airflow/example_dags/example_nested_branch_dag.py
[2022-08-22 23:51:35,726] {processor.py:651} INFO - DAG(s) dict_keys(['example_nested_branch_dag']) retrieved from /home/airflow/.local/lib/python3.7/site-packages/airflow/example_dags/example_nested_branch_dag.py
[2022-08-22 23:51:35,754] {logging_mixin.py:115} INFO - [2022-08-22 23:51:35,754] {dag.py:2371} INFO - Sync 1 DAGs
[2022-08-22 23:51:35,780] {logging_mixin.py:115} INFO - [2022-08-22 23:51:35,779] {dag.py:2919} INFO - Setting next_dagrun for example_nested_branch_dag to 2022-08-21T00:00:00+00:00, run_after=2022-08-22T00:00:00+00:00
[2022-08-22 23:51:35,791] {processor.py:161} INFO - Processing /home/airflow/.local/lib/python3.7/site-packages/airflow/example_dags/example_nested_branch_dag.py took 0.081 seconds
[2022-08-22 23:52:06,185] {processor.py:153} INFO - Started process (PID=1993) to work on /home/airflow/.local/lib/python3.7/site-packages/airflow/example_dags/example_nested_branch_dag.py
[2022-08-22 23:52:06,186] {processor.py:641} INFO - Processing file /home/airflow/.local/lib/python3.7/site-packages/airflow/example_dags/example_nested_branch_dag.py for tasks to queue
[2022-08-22 23:52:06,187] {logging_mixin.py:115} INFO - [2022-08-22 23:52:06,187] {dagbag.py:507} INFO - Filling up the DagBag from /home/airflow/.local/lib/python3.7/site-packages/airflow/example_dags/example_nested_branch_dag.py
[2022-08-22 23:52:06,200] {processor.py:651} INFO - DAG(s) dict_keys(['example_nested_branch_dag']) retrieved from /home/airflow/.local/lib/python3.7/site-packages/airflow/example_dags/example_nested_branch_dag.py
[2022-08-22 23:52:06,227] {logging_mixin.py:115} INFO - [2022-08-22 23:52:06,227] {dag.py:2371} INFO - Sync 1 DAGs
[2022-08-22 23:52:06,251] {logging_mixin.py:115} INFO - [2022-08-22 23:52:06,251] {dag.py:2919} INFO - Setting next_dagrun for example_nested_branch_dag to 2022-08-21T00:00:00+00:00, run_after=2022-08-22T00:00:00+00:00
[2022-08-22 23:52:06,263] {processor.py:161} INFO - Processing /home/airflow/.local/lib/python3.7/site-packages/airflow/example_dags/example_nested_branch_dag.py took 0.081 seconds
[2022-08-22 23:52:36,708] {processor.py:153} INFO - Started process (PID=2070) to work on /home/airflow/.local/lib/python3.7/site-packages/airflow/example_dags/example_nested_branch_dag.py
[2022-08-22 23:52:36,709] {processor.py:641} INFO - Processing file /home/airflow/.local/lib/python3.7/site-packages/airflow/example_dags/example_nested_branch_dag.py for tasks to queue
[2022-08-22 23:52:36,710] {logging_mixin.py:115} INFO - [2022-08-22 23:52:36,710] {dagbag.py:507} INFO - Filling up the DagBag from /home/airflow/.local/lib/python3.7/site-packages/airflow/example_dags/example_nested_branch_dag.py
[2022-08-22 23:52:36,720] {processor.py:651} INFO - DAG(s) dict_keys(['example_nested_branch_dag']) retrieved from /home/airflow/.local/lib/python3.7/site-packages/airflow/example_dags/example_nested_branch_dag.py
[2022-08-22 23:52:36,744] {logging_mixin.py:115} INFO - [2022-08-22 23:52:36,744] {dag.py:2371} INFO - Sync 1 DAGs
[2022-08-22 23:52:36,766] {logging_mixin.py:115} INFO - [2022-08-22 23:52:36,766] {dag.py:2919} INFO - Setting next_dagrun for example_nested_branch_dag to 2022-08-21T00:00:00+00:00, run_after=2022-08-22T00:00:00+00:00
[2022-08-22 23:52:36,775] {processor.py:161} INFO - Processing /home/airflow/.local/lib/python3.7/site-packages/airflow/example_dags/example_nested_branch_dag.py took 0.071 seconds
[2022-08-22 23:53:07,300] {processor.py:153} INFO - Started process (PID=2147) to work on /home/airflow/.local/lib/python3.7/site-packages/airflow/example_dags/example_nested_branch_dag.py
[2022-08-22 23:53:07,301] {processor.py:641} INFO - Processing file /home/airflow/.local/lib/python3.7/site-packages/airflow/example_dags/example_nested_branch_dag.py for tasks to queue
[2022-08-22 23:53:07,302] {logging_mixin.py:115} INFO - [2022-08-22 23:53:07,302] {dagbag.py:507} INFO - Filling up the DagBag from /home/airflow/.local/lib/python3.7/site-packages/airflow/example_dags/example_nested_branch_dag.py
[2022-08-22 23:53:07,313] {processor.py:651} INFO - DAG(s) dict_keys(['example_nested_branch_dag']) retrieved from /home/airflow/.local/lib/python3.7/site-packages/airflow/example_dags/example_nested_branch_dag.py
[2022-08-22 23:53:07,338] {logging_mixin.py:115} INFO - [2022-08-22 23:53:07,338] {dag.py:2371} INFO - Sync 1 DAGs
[2022-08-22 23:53:07,361] {logging_mixin.py:115} INFO - [2022-08-22 23:53:07,361] {dag.py:2919} INFO - Setting next_dagrun for example_nested_branch_dag to 2022-08-21T00:00:00+00:00, run_after=2022-08-22T00:00:00+00:00
[2022-08-22 23:53:07,372] {processor.py:161} INFO - Processing /home/airflow/.local/lib/python3.7/site-packages/airflow/example_dags/example_nested_branch_dag.py took 0.075 seconds
[2022-08-22 23:53:37,911] {processor.py:153} INFO - Started process (PID=2224) to work on /home/airflow/.local/lib/python3.7/site-packages/airflow/example_dags/example_nested_branch_dag.py
[2022-08-22 23:53:37,912] {processor.py:641} INFO - Processing file /home/airflow/.local/lib/python3.7/site-packages/airflow/example_dags/example_nested_branch_dag.py for tasks to queue
[2022-08-22 23:53:37,913] {logging_mixin.py:115} INFO - [2022-08-22 23:53:37,913] {dagbag.py:507} INFO - Filling up the DagBag from /home/airflow/.local/lib/python3.7/site-packages/airflow/example_dags/example_nested_branch_dag.py
[2022-08-22 23:53:37,923] {processor.py:651} INFO - DAG(s) dict_keys(['example_nested_branch_dag']) retrieved from /home/airflow/.local/lib/python3.7/site-packages/airflow/example_dags/example_nested_branch_dag.py
[2022-08-22 23:53:37,949] {logging_mixin.py:115} INFO - [2022-08-22 23:53:37,948] {dag.py:2371} INFO - Sync 1 DAGs
[2022-08-22 23:53:37,969] {logging_mixin.py:115} INFO - [2022-08-22 23:53:37,969] {dag.py:2919} INFO - Setting next_dagrun for example_nested_branch_dag to 2022-08-21T00:00:00+00:00, run_after=2022-08-22T00:00:00+00:00
[2022-08-22 23:53:37,979] {processor.py:161} INFO - Processing /home/airflow/.local/lib/python3.7/site-packages/airflow/example_dags/example_nested_branch_dag.py took 0.072 seconds
[2022-08-22 23:54:08,488] {processor.py:153} INFO - Started process (PID=2292) to work on /home/airflow/.local/lib/python3.7/site-packages/airflow/example_dags/example_nested_branch_dag.py
[2022-08-22 23:54:08,489] {processor.py:641} INFO - Processing file /home/airflow/.local/lib/python3.7/site-packages/airflow/example_dags/example_nested_branch_dag.py for tasks to queue
[2022-08-22 23:54:08,490] {logging_mixin.py:115} INFO - [2022-08-22 23:54:08,490] {dagbag.py:507} INFO - Filling up the DagBag from /home/airflow/.local/lib/python3.7/site-packages/airflow/example_dags/example_nested_branch_dag.py
[2022-08-22 23:54:08,500] {processor.py:651} INFO - DAG(s) dict_keys(['example_nested_branch_dag']) retrieved from /home/airflow/.local/lib/python3.7/site-packages/airflow/example_dags/example_nested_branch_dag.py
[2022-08-22 23:54:08,524] {logging_mixin.py:115} INFO - [2022-08-22 23:54:08,524] {dag.py:2371} INFO - Sync 1 DAGs
[2022-08-22 23:54:08,546] {logging_mixin.py:115} INFO - [2022-08-22 23:54:08,546] {dag.py:2919} INFO - Setting next_dagrun for example_nested_branch_dag to 2022-08-21T00:00:00+00:00, run_after=2022-08-22T00:00:00+00:00
[2022-08-22 23:54:08,556] {processor.py:161} INFO - Processing /home/airflow/.local/lib/python3.7/site-packages/airflow/example_dags/example_nested_branch_dag.py took 0.071 seconds
[2022-08-22 23:54:39,105] {processor.py:153} INFO - Started process (PID=2369) to work on /home/airflow/.local/lib/python3.7/site-packages/airflow/example_dags/example_nested_branch_dag.py
[2022-08-22 23:54:39,106] {processor.py:641} INFO - Processing file /home/airflow/.local/lib/python3.7/site-packages/airflow/example_dags/example_nested_branch_dag.py for tasks to queue
[2022-08-22 23:54:39,107] {logging_mixin.py:115} INFO - [2022-08-22 23:54:39,107] {dagbag.py:507} INFO - Filling up the DagBag from /home/airflow/.local/lib/python3.7/site-packages/airflow/example_dags/example_nested_branch_dag.py
[2022-08-22 23:54:39,117] {processor.py:651} INFO - DAG(s) dict_keys(['example_nested_branch_dag']) retrieved from /home/airflow/.local/lib/python3.7/site-packages/airflow/example_dags/example_nested_branch_dag.py
[2022-08-22 23:54:39,142] {logging_mixin.py:115} INFO - [2022-08-22 23:54:39,141] {dag.py:2371} INFO - Sync 1 DAGs
[2022-08-22 23:54:39,163] {logging_mixin.py:115} INFO - [2022-08-22 23:54:39,163] {dag.py:2919} INFO - Setting next_dagrun for example_nested_branch_dag to 2022-08-21T00:00:00+00:00, run_after=2022-08-22T00:00:00+00:00
[2022-08-22 23:54:39,174] {processor.py:161} INFO - Processing /home/airflow/.local/lib/python3.7/site-packages/airflow/example_dags/example_nested_branch_dag.py took 0.073 seconds
[2022-08-22 23:55:10,093] {processor.py:153} INFO - Started process (PID=2448) to work on /home/airflow/.local/lib/python3.7/site-packages/airflow/example_dags/example_nested_branch_dag.py
[2022-08-22 23:55:10,094] {processor.py:641} INFO - Processing file /home/airflow/.local/lib/python3.7/site-packages/airflow/example_dags/example_nested_branch_dag.py for tasks to queue
[2022-08-22 23:55:10,095] {logging_mixin.py:115} INFO - [2022-08-22 23:55:10,095] {dagbag.py:507} INFO - Filling up the DagBag from /home/airflow/.local/lib/python3.7/site-packages/airflow/example_dags/example_nested_branch_dag.py
[2022-08-22 23:55:10,105] {processor.py:651} INFO - DAG(s) dict_keys(['example_nested_branch_dag']) retrieved from /home/airflow/.local/lib/python3.7/site-packages/airflow/example_dags/example_nested_branch_dag.py
[2022-08-22 23:55:10,131] {logging_mixin.py:115} INFO - [2022-08-22 23:55:10,131] {dag.py:2371} INFO - Sync 1 DAGs
[2022-08-22 23:55:10,153] {logging_mixin.py:115} INFO - [2022-08-22 23:55:10,153] {dag.py:2919} INFO - Setting next_dagrun for example_nested_branch_dag to 2022-08-21T00:00:00+00:00, run_after=2022-08-22T00:00:00+00:00
[2022-08-22 23:55:10,164] {processor.py:161} INFO - Processing /home/airflow/.local/lib/python3.7/site-packages/airflow/example_dags/example_nested_branch_dag.py took 0.075 seconds
[2022-08-22 23:55:40,554] {processor.py:153} INFO - Started process (PID=2525) to work on /home/airflow/.local/lib/python3.7/site-packages/airflow/example_dags/example_nested_branch_dag.py
[2022-08-22 23:55:40,555] {processor.py:641} INFO - Processing file /home/airflow/.local/lib/python3.7/site-packages/airflow/example_dags/example_nested_branch_dag.py for tasks to queue
[2022-08-22 23:55:40,556] {logging_mixin.py:115} INFO - [2022-08-22 23:55:40,556] {dagbag.py:507} INFO - Filling up the DagBag from /home/airflow/.local/lib/python3.7/site-packages/airflow/example_dags/example_nested_branch_dag.py
[2022-08-22 23:55:40,566] {processor.py:651} INFO - DAG(s) dict_keys(['example_nested_branch_dag']) retrieved from /home/airflow/.local/lib/python3.7/site-packages/airflow/example_dags/example_nested_branch_dag.py
[2022-08-22 23:55:40,592] {logging_mixin.py:115} INFO - [2022-08-22 23:55:40,592] {dag.py:2371} INFO - Sync 1 DAGs
[2022-08-22 23:55:40,615] {logging_mixin.py:115} INFO - [2022-08-22 23:55:40,614] {dag.py:2919} INFO - Setting next_dagrun for example_nested_branch_dag to 2022-08-21T00:00:00+00:00, run_after=2022-08-22T00:00:00+00:00
[2022-08-22 23:55:40,626] {processor.py:161} INFO - Processing /home/airflow/.local/lib/python3.7/site-packages/airflow/example_dags/example_nested_branch_dag.py took 0.075 seconds
[2022-08-22 23:56:11,194] {processor.py:153} INFO - Started process (PID=2593) to work on /home/airflow/.local/lib/python3.7/site-packages/airflow/example_dags/example_nested_branch_dag.py
[2022-08-22 23:56:11,195] {processor.py:641} INFO - Processing file /home/airflow/.local/lib/python3.7/site-packages/airflow/example_dags/example_nested_branch_dag.py for tasks to queue
[2022-08-22 23:56:11,196] {logging_mixin.py:115} INFO - [2022-08-22 23:56:11,196] {dagbag.py:507} INFO - Filling up the DagBag from /home/airflow/.local/lib/python3.7/site-packages/airflow/example_dags/example_nested_branch_dag.py
[2022-08-22 23:56:11,207] {processor.py:651} INFO - DAG(s) dict_keys(['example_nested_branch_dag']) retrieved from /home/airflow/.local/lib/python3.7/site-packages/airflow/example_dags/example_nested_branch_dag.py
[2022-08-22 23:56:11,234] {logging_mixin.py:115} INFO - [2022-08-22 23:56:11,234] {dag.py:2371} INFO - Sync 1 DAGs
[2022-08-22 23:56:11,256] {logging_mixin.py:115} INFO - [2022-08-22 23:56:11,256] {dag.py:2919} INFO - Setting next_dagrun for example_nested_branch_dag to 2022-08-21T00:00:00+00:00, run_after=2022-08-22T00:00:00+00:00
[2022-08-22 23:56:11,267] {processor.py:161} INFO - Processing /home/airflow/.local/lib/python3.7/site-packages/airflow/example_dags/example_nested_branch_dag.py took 0.076 seconds
[2022-08-22 23:56:41,623] {processor.py:153} INFO - Started process (PID=2670) to work on /home/airflow/.local/lib/python3.7/site-packages/airflow/example_dags/example_nested_branch_dag.py
[2022-08-22 23:56:41,624] {processor.py:641} INFO - Processing file /home/airflow/.local/lib/python3.7/site-packages/airflow/example_dags/example_nested_branch_dag.py for tasks to queue
[2022-08-22 23:56:41,625] {logging_mixin.py:115} INFO - [2022-08-22 23:56:41,625] {dagbag.py:507} INFO - Filling up the DagBag from /home/airflow/.local/lib/python3.7/site-packages/airflow/example_dags/example_nested_branch_dag.py
[2022-08-22 23:56:41,640] {processor.py:651} INFO - DAG(s) dict_keys(['example_nested_branch_dag']) retrieved from /home/airflow/.local/lib/python3.7/site-packages/airflow/example_dags/example_nested_branch_dag.py
[2022-08-22 23:56:41,666] {logging_mixin.py:115} INFO - [2022-08-22 23:56:41,665] {dag.py:2371} INFO - Sync 1 DAGs
[2022-08-22 23:56:41,690] {logging_mixin.py:115} INFO - [2022-08-22 23:56:41,690] {dag.py:2919} INFO - Setting next_dagrun for example_nested_branch_dag to 2022-08-21T00:00:00+00:00, run_after=2022-08-22T00:00:00+00:00
[2022-08-22 23:56:41,701] {processor.py:161} INFO - Processing /home/airflow/.local/lib/python3.7/site-packages/airflow/example_dags/example_nested_branch_dag.py took 0.081 seconds
[2022-08-22 23:57:12,188] {processor.py:153} INFO - Started process (PID=2747) to work on /home/airflow/.local/lib/python3.7/site-packages/airflow/example_dags/example_nested_branch_dag.py
[2022-08-22 23:57:12,189] {processor.py:641} INFO - Processing file /home/airflow/.local/lib/python3.7/site-packages/airflow/example_dags/example_nested_branch_dag.py for tasks to queue
[2022-08-22 23:57:12,190] {logging_mixin.py:115} INFO - [2022-08-22 23:57:12,190] {dagbag.py:507} INFO - Filling up the DagBag from /home/airflow/.local/lib/python3.7/site-packages/airflow/example_dags/example_nested_branch_dag.py
[2022-08-22 23:57:12,200] {processor.py:651} INFO - DAG(s) dict_keys(['example_nested_branch_dag']) retrieved from /home/airflow/.local/lib/python3.7/site-packages/airflow/example_dags/example_nested_branch_dag.py
[2022-08-22 23:57:12,225] {logging_mixin.py:115} INFO - [2022-08-22 23:57:12,225] {dag.py:2371} INFO - Sync 1 DAGs
[2022-08-22 23:57:12,248] {logging_mixin.py:115} INFO - [2022-08-22 23:57:12,248] {dag.py:2919} INFO - Setting next_dagrun for example_nested_branch_dag to 2022-08-21T00:00:00+00:00, run_after=2022-08-22T00:00:00+00:00
[2022-08-22 23:57:12,259] {processor.py:161} INFO - Processing /home/airflow/.local/lib/python3.7/site-packages/airflow/example_dags/example_nested_branch_dag.py took 0.075 seconds
[2022-08-22 23:57:43,063] {processor.py:153} INFO - Started process (PID=2824) to work on /home/airflow/.local/lib/python3.7/site-packages/airflow/example_dags/example_nested_branch_dag.py
[2022-08-22 23:57:43,063] {processor.py:641} INFO - Processing file /home/airflow/.local/lib/python3.7/site-packages/airflow/example_dags/example_nested_branch_dag.py for tasks to queue
[2022-08-22 23:57:43,064] {logging_mixin.py:115} INFO - [2022-08-22 23:57:43,064] {dagbag.py:507} INFO - Filling up the DagBag from /home/airflow/.local/lib/python3.7/site-packages/airflow/example_dags/example_nested_branch_dag.py
[2022-08-22 23:57:43,075] {processor.py:651} INFO - DAG(s) dict_keys(['example_nested_branch_dag']) retrieved from /home/airflow/.local/lib/python3.7/site-packages/airflow/example_dags/example_nested_branch_dag.py
[2022-08-22 23:57:43,101] {logging_mixin.py:115} INFO - [2022-08-22 23:57:43,101] {dag.py:2371} INFO - Sync 1 DAGs
[2022-08-22 23:57:43,123] {logging_mixin.py:115} INFO - [2022-08-22 23:57:43,123] {dag.py:2919} INFO - Setting next_dagrun for example_nested_branch_dag to 2022-08-21T00:00:00+00:00, run_after=2022-08-22T00:00:00+00:00
[2022-08-22 23:57:43,133] {processor.py:161} INFO - Processing /home/airflow/.local/lib/python3.7/site-packages/airflow/example_dags/example_nested_branch_dag.py took 0.074 seconds
[2022-08-22 23:58:13,715] {processor.py:153} INFO - Started process (PID=2901) to work on /home/airflow/.local/lib/python3.7/site-packages/airflow/example_dags/example_nested_branch_dag.py
[2022-08-22 23:58:13,716] {processor.py:641} INFO - Processing file /home/airflow/.local/lib/python3.7/site-packages/airflow/example_dags/example_nested_branch_dag.py for tasks to queue
[2022-08-22 23:58:13,717] {logging_mixin.py:115} INFO - [2022-08-22 23:58:13,717] {dagbag.py:507} INFO - Filling up the DagBag from /home/airflow/.local/lib/python3.7/site-packages/airflow/example_dags/example_nested_branch_dag.py
[2022-08-22 23:58:13,727] {processor.py:651} INFO - DAG(s) dict_keys(['example_nested_branch_dag']) retrieved from /home/airflow/.local/lib/python3.7/site-packages/airflow/example_dags/example_nested_branch_dag.py
[2022-08-22 23:58:13,753] {logging_mixin.py:115} INFO - [2022-08-22 23:58:13,753] {dag.py:2371} INFO - Sync 1 DAGs
[2022-08-22 23:58:13,776] {logging_mixin.py:115} INFO - [2022-08-22 23:58:13,776] {dag.py:2919} INFO - Setting next_dagrun for example_nested_branch_dag to 2022-08-21T00:00:00+00:00, run_after=2022-08-22T00:00:00+00:00
[2022-08-22 23:58:13,788] {processor.py:161} INFO - Processing /home/airflow/.local/lib/python3.7/site-packages/airflow/example_dags/example_nested_branch_dag.py took 0.076 seconds
[2022-08-22 23:58:44,781] {processor.py:153} INFO - Started process (PID=2969) to work on /home/airflow/.local/lib/python3.7/site-packages/airflow/example_dags/example_nested_branch_dag.py
[2022-08-22 23:58:44,782] {processor.py:641} INFO - Processing file /home/airflow/.local/lib/python3.7/site-packages/airflow/example_dags/example_nested_branch_dag.py for tasks to queue
[2022-08-22 23:58:44,783] {logging_mixin.py:115} INFO - [2022-08-22 23:58:44,783] {dagbag.py:507} INFO - Filling up the DagBag from /home/airflow/.local/lib/python3.7/site-packages/airflow/example_dags/example_nested_branch_dag.py
[2022-08-22 23:58:44,793] {processor.py:651} INFO - DAG(s) dict_keys(['example_nested_branch_dag']) retrieved from /home/airflow/.local/lib/python3.7/site-packages/airflow/example_dags/example_nested_branch_dag.py
[2022-08-22 23:58:44,820] {logging_mixin.py:115} INFO - [2022-08-22 23:58:44,820] {dag.py:2371} INFO - Sync 1 DAGs
[2022-08-22 23:58:44,842] {logging_mixin.py:115} INFO - [2022-08-22 23:58:44,842] {dag.py:2919} INFO - Setting next_dagrun for example_nested_branch_dag to 2022-08-21T00:00:00+00:00, run_after=2022-08-22T00:00:00+00:00
[2022-08-22 23:58:44,853] {processor.py:161} INFO - Processing /home/airflow/.local/lib/python3.7/site-packages/airflow/example_dags/example_nested_branch_dag.py took 0.075 seconds
[2022-08-22 23:59:15,313] {processor.py:153} INFO - Started process (PID=3046) to work on /home/airflow/.local/lib/python3.7/site-packages/airflow/example_dags/example_nested_branch_dag.py
[2022-08-22 23:59:15,314] {processor.py:641} INFO - Processing file /home/airflow/.local/lib/python3.7/site-packages/airflow/example_dags/example_nested_branch_dag.py for tasks to queue
[2022-08-22 23:59:15,315] {logging_mixin.py:115} INFO - [2022-08-22 23:59:15,315] {dagbag.py:507} INFO - Filling up the DagBag from /home/airflow/.local/lib/python3.7/site-packages/airflow/example_dags/example_nested_branch_dag.py
[2022-08-22 23:59:15,325] {processor.py:651} INFO - DAG(s) dict_keys(['example_nested_branch_dag']) retrieved from /home/airflow/.local/lib/python3.7/site-packages/airflow/example_dags/example_nested_branch_dag.py
[2022-08-22 23:59:15,352] {logging_mixin.py:115} INFO - [2022-08-22 23:59:15,351] {dag.py:2371} INFO - Sync 1 DAGs
[2022-08-22 23:59:15,374] {logging_mixin.py:115} INFO - [2022-08-22 23:59:15,373] {dag.py:2919} INFO - Setting next_dagrun for example_nested_branch_dag to 2022-08-21T00:00:00+00:00, run_after=2022-08-22T00:00:00+00:00
[2022-08-22 23:59:15,385] {processor.py:161} INFO - Processing /home/airflow/.local/lib/python3.7/site-packages/airflow/example_dags/example_nested_branch_dag.py took 0.076 seconds
[2022-08-22 23:59:45,919] {processor.py:153} INFO - Started process (PID=3123) to work on /home/airflow/.local/lib/python3.7/site-packages/airflow/example_dags/example_nested_branch_dag.py
[2022-08-22 23:59:45,920] {processor.py:641} INFO - Processing file /home/airflow/.local/lib/python3.7/site-packages/airflow/example_dags/example_nested_branch_dag.py for tasks to queue
[2022-08-22 23:59:45,921] {logging_mixin.py:115} INFO - [2022-08-22 23:59:45,921] {dagbag.py:507} INFO - Filling up the DagBag from /home/airflow/.local/lib/python3.7/site-packages/airflow/example_dags/example_nested_branch_dag.py
[2022-08-22 23:59:45,940] {processor.py:651} INFO - DAG(s) dict_keys(['example_nested_branch_dag']) retrieved from /home/airflow/.local/lib/python3.7/site-packages/airflow/example_dags/example_nested_branch_dag.py
[2022-08-22 23:59:45,967] {logging_mixin.py:115} INFO - [2022-08-22 23:59:45,967] {dag.py:2371} INFO - Sync 1 DAGs
[2022-08-22 23:59:45,990] {logging_mixin.py:115} INFO - [2022-08-22 23:59:45,990] {dag.py:2919} INFO - Setting next_dagrun for example_nested_branch_dag to 2022-08-21T00:00:00+00:00, run_after=2022-08-22T00:00:00+00:00
[2022-08-22 23:59:46,002] {processor.py:161} INFO - Processing /home/airflow/.local/lib/python3.7/site-packages/airflow/example_dags/example_nested_branch_dag.py took 0.086 seconds
