[2022-08-22 23:38:39,526] {processor.py:153} INFO - Started process (PID=92) to work on /home/airflow/.local/lib/python3.7/site-packages/airflow/example_dags/example_sla_dag.py
[2022-08-22 23:38:39,531] {processor.py:641} INFO - Processing file /home/airflow/.local/lib/python3.7/site-packages/airflow/example_dags/example_sla_dag.py for tasks to queue
[2022-08-22 23:38:39,537] {logging_mixin.py:115} INFO - [2022-08-22 23:38:39,536] {dagbag.py:507} INFO - Filling up the DagBag from /home/airflow/.local/lib/python3.7/site-packages/airflow/example_dags/example_sla_dag.py
[2022-08-22 23:38:39,614] {processor.py:651} INFO - DAG(s) dict_keys(['example_sla_dag']) retrieved from /home/airflow/.local/lib/python3.7/site-packages/airflow/example_dags/example_sla_dag.py
[2022-08-22 23:38:39,738] {logging_mixin.py:115} INFO - [2022-08-22 23:38:39,737] {dag.py:2371} INFO - Sync 1 DAGs
[2022-08-22 23:38:39,935] {logging_mixin.py:115} INFO - [2022-08-22 23:38:39,935] {dag.py:2919} INFO - Setting next_dagrun for example_sla_dag to 2022-08-22T23:36:00+00:00, run_after=2022-08-22T23:38:00+00:00
[2022-08-22 23:38:39,967] {processor.py:161} INFO - Processing /home/airflow/.local/lib/python3.7/site-packages/airflow/example_dags/example_sla_dag.py took 0.454 seconds
[2022-08-22 23:39:12,681] {processor.py:153} INFO - Started process (PID=160) to work on /home/airflow/.local/lib/python3.7/site-packages/airflow/example_dags/example_sla_dag.py
[2022-08-22 23:39:12,684] {processor.py:641} INFO - Processing file /home/airflow/.local/lib/python3.7/site-packages/airflow/example_dags/example_sla_dag.py for tasks to queue
[2022-08-22 23:39:12,688] {logging_mixin.py:115} INFO - [2022-08-22 23:39:12,687] {dagbag.py:507} INFO - Filling up the DagBag from /home/airflow/.local/lib/python3.7/site-packages/airflow/example_dags/example_sla_dag.py
[2022-08-22 23:39:12,744] {processor.py:651} INFO - DAG(s) dict_keys(['example_sla_dag']) retrieved from /home/airflow/.local/lib/python3.7/site-packages/airflow/example_dags/example_sla_dag.py
[2022-08-22 23:39:12,813] {logging_mixin.py:115} INFO - [2022-08-22 23:39:12,813] {dag.py:2371} INFO - Sync 1 DAGs
[2022-08-22 23:39:12,898] {logging_mixin.py:115} INFO - [2022-08-22 23:39:12,898] {dag.py:2919} INFO - Setting next_dagrun for example_sla_dag to 2022-08-22T23:36:00+00:00, run_after=2022-08-22T23:38:00+00:00
[2022-08-22 23:39:12,932] {processor.py:161} INFO - Processing /home/airflow/.local/lib/python3.7/site-packages/airflow/example_dags/example_sla_dag.py took 0.262 seconds
[2022-08-22 23:39:43,608] {processor.py:153} INFO - Started process (PID=228) to work on /home/airflow/.local/lib/python3.7/site-packages/airflow/example_dags/example_sla_dag.py
[2022-08-22 23:39:43,610] {processor.py:641} INFO - Processing file /home/airflow/.local/lib/python3.7/site-packages/airflow/example_dags/example_sla_dag.py for tasks to queue
[2022-08-22 23:39:43,612] {logging_mixin.py:115} INFO - [2022-08-22 23:39:43,612] {dagbag.py:507} INFO - Filling up the DagBag from /home/airflow/.local/lib/python3.7/site-packages/airflow/example_dags/example_sla_dag.py
[2022-08-22 23:39:43,663] {processor.py:651} INFO - DAG(s) dict_keys(['example_sla_dag']) retrieved from /home/airflow/.local/lib/python3.7/site-packages/airflow/example_dags/example_sla_dag.py
[2022-08-22 23:39:43,729] {logging_mixin.py:115} INFO - [2022-08-22 23:39:43,729] {dag.py:2371} INFO - Sync 1 DAGs
[2022-08-22 23:39:43,798] {logging_mixin.py:115} INFO - [2022-08-22 23:39:43,798] {dag.py:2919} INFO - Setting next_dagrun for example_sla_dag to 2022-08-22T23:36:00+00:00, run_after=2022-08-22T23:38:00+00:00
[2022-08-22 23:39:43,823] {processor.py:161} INFO - Processing /home/airflow/.local/lib/python3.7/site-packages/airflow/example_dags/example_sla_dag.py took 0.222 seconds
[2022-08-22 23:40:14,238] {processor.py:153} INFO - Started process (PID=296) to work on /home/airflow/.local/lib/python3.7/site-packages/airflow/example_dags/example_sla_dag.py
[2022-08-22 23:40:14,240] {processor.py:641} INFO - Processing file /home/airflow/.local/lib/python3.7/site-packages/airflow/example_dags/example_sla_dag.py for tasks to queue
[2022-08-22 23:40:14,244] {logging_mixin.py:115} INFO - [2022-08-22 23:40:14,244] {dagbag.py:507} INFO - Filling up the DagBag from /home/airflow/.local/lib/python3.7/site-packages/airflow/example_dags/example_sla_dag.py
[2022-08-22 23:40:14,293] {processor.py:651} INFO - DAG(s) dict_keys(['example_sla_dag']) retrieved from /home/airflow/.local/lib/python3.7/site-packages/airflow/example_dags/example_sla_dag.py
[2022-08-22 23:40:14,359] {logging_mixin.py:115} INFO - [2022-08-22 23:40:14,358] {dag.py:2371} INFO - Sync 1 DAGs
[2022-08-22 23:40:14,431] {logging_mixin.py:115} INFO - [2022-08-22 23:40:14,431] {dag.py:2919} INFO - Setting next_dagrun for example_sla_dag to 2022-08-22T23:38:00+00:00, run_after=2022-08-22T23:40:00+00:00
[2022-08-22 23:40:14,460] {processor.py:161} INFO - Processing /home/airflow/.local/lib/python3.7/site-packages/airflow/example_dags/example_sla_dag.py took 0.233 seconds
[2022-08-22 23:40:47,693] {processor.py:153} INFO - Started process (PID=373) to work on /home/airflow/.local/lib/python3.7/site-packages/airflow/example_dags/example_sla_dag.py
[2022-08-22 23:40:47,698] {processor.py:641} INFO - Processing file /home/airflow/.local/lib/python3.7/site-packages/airflow/example_dags/example_sla_dag.py for tasks to queue
[2022-08-22 23:40:47,701] {logging_mixin.py:115} INFO - [2022-08-22 23:40:47,701] {dagbag.py:507} INFO - Filling up the DagBag from /home/airflow/.local/lib/python3.7/site-packages/airflow/example_dags/example_sla_dag.py
[2022-08-22 23:40:47,754] {processor.py:651} INFO - DAG(s) dict_keys(['example_sla_dag']) retrieved from /home/airflow/.local/lib/python3.7/site-packages/airflow/example_dags/example_sla_dag.py
[2022-08-22 23:40:47,848] {logging_mixin.py:115} INFO - [2022-08-22 23:40:47,848] {dag.py:2371} INFO - Sync 1 DAGs
[2022-08-22 23:40:47,950] {logging_mixin.py:115} INFO - [2022-08-22 23:40:47,950] {dag.py:2919} INFO - Setting next_dagrun for example_sla_dag to 2022-08-22T23:38:00+00:00, run_after=2022-08-22T23:40:00+00:00
[2022-08-22 23:40:47,998] {processor.py:161} INFO - Processing /home/airflow/.local/lib/python3.7/site-packages/airflow/example_dags/example_sla_dag.py took 0.316 seconds
[2022-08-22 23:41:18,589] {processor.py:153} INFO - Started process (PID=441) to work on /home/airflow/.local/lib/python3.7/site-packages/airflow/example_dags/example_sla_dag.py
[2022-08-22 23:41:18,594] {processor.py:641} INFO - Processing file /home/airflow/.local/lib/python3.7/site-packages/airflow/example_dags/example_sla_dag.py for tasks to queue
[2022-08-22 23:41:18,597] {logging_mixin.py:115} INFO - [2022-08-22 23:41:18,597] {dagbag.py:507} INFO - Filling up the DagBag from /home/airflow/.local/lib/python3.7/site-packages/airflow/example_dags/example_sla_dag.py
[2022-08-22 23:41:18,649] {processor.py:651} INFO - DAG(s) dict_keys(['example_sla_dag']) retrieved from /home/airflow/.local/lib/python3.7/site-packages/airflow/example_dags/example_sla_dag.py
[2022-08-22 23:41:18,716] {logging_mixin.py:115} INFO - [2022-08-22 23:41:18,716] {dag.py:2371} INFO - Sync 1 DAGs
[2022-08-22 23:41:18,797] {logging_mixin.py:115} INFO - [2022-08-22 23:41:18,797] {dag.py:2919} INFO - Setting next_dagrun for example_sla_dag to 2022-08-22T23:38:00+00:00, run_after=2022-08-22T23:40:00+00:00
[2022-08-22 23:41:18,824] {processor.py:161} INFO - Processing /home/airflow/.local/lib/python3.7/site-packages/airflow/example_dags/example_sla_dag.py took 0.245 seconds
[2022-08-22 23:41:49,742] {processor.py:153} INFO - Started process (PID=508) to work on /home/airflow/.local/lib/python3.7/site-packages/airflow/example_dags/example_sla_dag.py
[2022-08-22 23:41:49,744] {processor.py:641} INFO - Processing file /home/airflow/.local/lib/python3.7/site-packages/airflow/example_dags/example_sla_dag.py for tasks to queue
[2022-08-22 23:41:49,747] {logging_mixin.py:115} INFO - [2022-08-22 23:41:49,747] {dagbag.py:507} INFO - Filling up the DagBag from /home/airflow/.local/lib/python3.7/site-packages/airflow/example_dags/example_sla_dag.py
[2022-08-22 23:41:49,794] {processor.py:651} INFO - DAG(s) dict_keys(['example_sla_dag']) retrieved from /home/airflow/.local/lib/python3.7/site-packages/airflow/example_dags/example_sla_dag.py
[2022-08-22 23:41:49,876] {logging_mixin.py:115} INFO - [2022-08-22 23:41:49,876] {dag.py:2371} INFO - Sync 1 DAGs
[2022-08-22 23:41:49,955] {logging_mixin.py:115} INFO - [2022-08-22 23:41:49,955] {dag.py:2919} INFO - Setting next_dagrun for example_sla_dag to 2022-08-22T23:38:00+00:00, run_after=2022-08-22T23:40:00+00:00
[2022-08-22 23:41:49,987] {processor.py:161} INFO - Processing /home/airflow/.local/lib/python3.7/site-packages/airflow/example_dags/example_sla_dag.py took 0.255 seconds
[2022-08-22 23:42:20,596] {processor.py:153} INFO - Started process (PID=588) to work on /home/airflow/.local/lib/python3.7/site-packages/airflow/example_dags/example_sla_dag.py
[2022-08-22 23:42:20,599] {processor.py:641} INFO - Processing file /home/airflow/.local/lib/python3.7/site-packages/airflow/example_dags/example_sla_dag.py for tasks to queue
[2022-08-22 23:42:20,602] {logging_mixin.py:115} INFO - [2022-08-22 23:42:20,602] {dagbag.py:507} INFO - Filling up the DagBag from /home/airflow/.local/lib/python3.7/site-packages/airflow/example_dags/example_sla_dag.py
[2022-08-22 23:42:20,643] {processor.py:651} INFO - DAG(s) dict_keys(['example_sla_dag']) retrieved from /home/airflow/.local/lib/python3.7/site-packages/airflow/example_dags/example_sla_dag.py
[2022-08-22 23:42:20,701] {logging_mixin.py:115} INFO - [2022-08-22 23:42:20,700] {dag.py:2371} INFO - Sync 1 DAGs
[2022-08-22 23:42:20,761] {logging_mixin.py:115} INFO - [2022-08-22 23:42:20,761] {dag.py:2919} INFO - Setting next_dagrun for example_sla_dag to 2022-08-22T23:40:00+00:00, run_after=2022-08-22T23:42:00+00:00
[2022-08-22 23:42:20,786] {processor.py:161} INFO - Processing /home/airflow/.local/lib/python3.7/site-packages/airflow/example_dags/example_sla_dag.py took 0.200 seconds
[2022-08-22 23:42:51,572] {processor.py:153} INFO - Started process (PID=656) to work on /home/airflow/.local/lib/python3.7/site-packages/airflow/example_dags/example_sla_dag.py
[2022-08-22 23:42:51,574] {processor.py:641} INFO - Processing file /home/airflow/.local/lib/python3.7/site-packages/airflow/example_dags/example_sla_dag.py for tasks to queue
[2022-08-22 23:42:51,576] {logging_mixin.py:115} INFO - [2022-08-22 23:42:51,576] {dagbag.py:507} INFO - Filling up the DagBag from /home/airflow/.local/lib/python3.7/site-packages/airflow/example_dags/example_sla_dag.py
[2022-08-22 23:42:51,617] {processor.py:651} INFO - DAG(s) dict_keys(['example_sla_dag']) retrieved from /home/airflow/.local/lib/python3.7/site-packages/airflow/example_dags/example_sla_dag.py
[2022-08-22 23:42:51,678] {logging_mixin.py:115} INFO - [2022-08-22 23:42:51,677] {dag.py:2371} INFO - Sync 1 DAGs
[2022-08-22 23:42:51,749] {logging_mixin.py:115} INFO - [2022-08-22 23:42:51,749] {dag.py:2919} INFO - Setting next_dagrun for example_sla_dag to 2022-08-22T23:40:00+00:00, run_after=2022-08-22T23:42:00+00:00
[2022-08-22 23:42:51,775] {processor.py:161} INFO - Processing /home/airflow/.local/lib/python3.7/site-packages/airflow/example_dags/example_sla_dag.py took 0.212 seconds
[2022-08-22 23:43:22,260] {processor.py:153} INFO - Started process (PID=731) to work on /home/airflow/.local/lib/python3.7/site-packages/airflow/example_dags/example_sla_dag.py
[2022-08-22 23:43:22,263] {processor.py:641} INFO - Processing file /home/airflow/.local/lib/python3.7/site-packages/airflow/example_dags/example_sla_dag.py for tasks to queue
[2022-08-22 23:43:22,265] {logging_mixin.py:115} INFO - [2022-08-22 23:43:22,265] {dagbag.py:507} INFO - Filling up the DagBag from /home/airflow/.local/lib/python3.7/site-packages/airflow/example_dags/example_sla_dag.py
[2022-08-22 23:43:22,311] {processor.py:651} INFO - DAG(s) dict_keys(['example_sla_dag']) retrieved from /home/airflow/.local/lib/python3.7/site-packages/airflow/example_dags/example_sla_dag.py
[2022-08-22 23:43:22,384] {logging_mixin.py:115} INFO - [2022-08-22 23:43:22,384] {dag.py:2371} INFO - Sync 1 DAGs
[2022-08-22 23:43:22,475] {logging_mixin.py:115} INFO - [2022-08-22 23:43:22,474] {dag.py:2919} INFO - Setting next_dagrun for example_sla_dag to 2022-08-22T23:40:00+00:00, run_after=2022-08-22T23:42:00+00:00
[2022-08-22 23:43:22,503] {processor.py:161} INFO - Processing /home/airflow/.local/lib/python3.7/site-packages/airflow/example_dags/example_sla_dag.py took 0.252 seconds
[2022-08-22 23:43:53,613] {processor.py:153} INFO - Started process (PID=801) to work on /home/airflow/.local/lib/python3.7/site-packages/airflow/example_dags/example_sla_dag.py
[2022-08-22 23:43:53,615] {processor.py:641} INFO - Processing file /home/airflow/.local/lib/python3.7/site-packages/airflow/example_dags/example_sla_dag.py for tasks to queue
[2022-08-22 23:43:53,617] {logging_mixin.py:115} INFO - [2022-08-22 23:43:53,617] {dagbag.py:507} INFO - Filling up the DagBag from /home/airflow/.local/lib/python3.7/site-packages/airflow/example_dags/example_sla_dag.py
[2022-08-22 23:43:53,658] {processor.py:651} INFO - DAG(s) dict_keys(['example_sla_dag']) retrieved from /home/airflow/.local/lib/python3.7/site-packages/airflow/example_dags/example_sla_dag.py
[2022-08-22 23:43:53,719] {logging_mixin.py:115} INFO - [2022-08-22 23:43:53,719] {dag.py:2371} INFO - Sync 1 DAGs
[2022-08-22 23:43:53,771] {logging_mixin.py:115} INFO - [2022-08-22 23:43:53,770] {dag.py:2919} INFO - Setting next_dagrun for example_sla_dag to 2022-08-22T23:40:00+00:00, run_after=2022-08-22T23:42:00+00:00
[2022-08-22 23:43:53,796] {processor.py:161} INFO - Processing /home/airflow/.local/lib/python3.7/site-packages/airflow/example_dags/example_sla_dag.py took 0.190 seconds
[2022-08-22 23:44:24,567] {processor.py:153} INFO - Started process (PID=868) to work on /home/airflow/.local/lib/python3.7/site-packages/airflow/example_dags/example_sla_dag.py
[2022-08-22 23:44:24,569] {processor.py:641} INFO - Processing file /home/airflow/.local/lib/python3.7/site-packages/airflow/example_dags/example_sla_dag.py for tasks to queue
[2022-08-22 23:44:24,572] {logging_mixin.py:115} INFO - [2022-08-22 23:44:24,571] {dagbag.py:507} INFO - Filling up the DagBag from /home/airflow/.local/lib/python3.7/site-packages/airflow/example_dags/example_sla_dag.py
[2022-08-22 23:44:24,613] {processor.py:651} INFO - DAG(s) dict_keys(['example_sla_dag']) retrieved from /home/airflow/.local/lib/python3.7/site-packages/airflow/example_dags/example_sla_dag.py
[2022-08-22 23:44:24,686] {logging_mixin.py:115} INFO - [2022-08-22 23:44:24,686] {dag.py:2371} INFO - Sync 1 DAGs
[2022-08-22 23:44:24,755] {logging_mixin.py:115} INFO - [2022-08-22 23:44:24,754] {dag.py:2919} INFO - Setting next_dagrun for example_sla_dag to 2022-08-22T23:42:00+00:00, run_after=2022-08-22T23:44:00+00:00
[2022-08-22 23:44:24,781] {processor.py:161} INFO - Processing /home/airflow/.local/lib/python3.7/site-packages/airflow/example_dags/example_sla_dag.py took 0.221 seconds
[2022-08-22 23:44:55,694] {processor.py:153} INFO - Started process (PID=944) to work on /home/airflow/.local/lib/python3.7/site-packages/airflow/example_dags/example_sla_dag.py
[2022-08-22 23:44:55,695] {processor.py:641} INFO - Processing file /home/airflow/.local/lib/python3.7/site-packages/airflow/example_dags/example_sla_dag.py for tasks to queue
[2022-08-22 23:44:55,696] {logging_mixin.py:115} INFO - [2022-08-22 23:44:55,696] {dagbag.py:507} INFO - Filling up the DagBag from /home/airflow/.local/lib/python3.7/site-packages/airflow/example_dags/example_sla_dag.py
[2022-08-22 23:44:55,714] {processor.py:651} INFO - DAG(s) dict_keys(['example_sla_dag']) retrieved from /home/airflow/.local/lib/python3.7/site-packages/airflow/example_dags/example_sla_dag.py
[2022-08-22 23:44:55,738] {logging_mixin.py:115} INFO - [2022-08-22 23:44:55,738] {dag.py:2371} INFO - Sync 1 DAGs
[2022-08-22 23:44:55,765] {logging_mixin.py:115} INFO - [2022-08-22 23:44:55,764] {dag.py:2919} INFO - Setting next_dagrun for example_sla_dag to 2022-08-22T23:42:00+00:00, run_after=2022-08-22T23:44:00+00:00
[2022-08-22 23:44:55,775] {processor.py:161} INFO - Processing /home/airflow/.local/lib/python3.7/site-packages/airflow/example_dags/example_sla_dag.py took 0.085 seconds
[2022-08-22 23:45:26,686] {processor.py:153} INFO - Started process (PID=1021) to work on /home/airflow/.local/lib/python3.7/site-packages/airflow/example_dags/example_sla_dag.py
[2022-08-22 23:45:26,688] {processor.py:641} INFO - Processing file /home/airflow/.local/lib/python3.7/site-packages/airflow/example_dags/example_sla_dag.py for tasks to queue
[2022-08-22 23:45:26,689] {logging_mixin.py:115} INFO - [2022-08-22 23:45:26,688] {dagbag.py:507} INFO - Filling up the DagBag from /home/airflow/.local/lib/python3.7/site-packages/airflow/example_dags/example_sla_dag.py
[2022-08-22 23:45:26,709] {processor.py:651} INFO - DAG(s) dict_keys(['example_sla_dag']) retrieved from /home/airflow/.local/lib/python3.7/site-packages/airflow/example_dags/example_sla_dag.py
[2022-08-22 23:45:26,735] {logging_mixin.py:115} INFO - [2022-08-22 23:45:26,735] {dag.py:2371} INFO - Sync 1 DAGs
[2022-08-22 23:45:26,763] {logging_mixin.py:115} INFO - [2022-08-22 23:45:26,763] {dag.py:2919} INFO - Setting next_dagrun for example_sla_dag to 2022-08-22T23:42:00+00:00, run_after=2022-08-22T23:44:00+00:00
[2022-08-22 23:45:26,775] {processor.py:161} INFO - Processing /home/airflow/.local/lib/python3.7/site-packages/airflow/example_dags/example_sla_dag.py took 0.092 seconds
[2022-08-22 23:45:57,010] {processor.py:153} INFO - Started process (PID=1088) to work on /home/airflow/.local/lib/python3.7/site-packages/airflow/example_dags/example_sla_dag.py
[2022-08-22 23:45:57,012] {processor.py:641} INFO - Processing file /home/airflow/.local/lib/python3.7/site-packages/airflow/example_dags/example_sla_dag.py for tasks to queue
[2022-08-22 23:45:57,013] {logging_mixin.py:115} INFO - [2022-08-22 23:45:57,012] {dagbag.py:507} INFO - Filling up the DagBag from /home/airflow/.local/lib/python3.7/site-packages/airflow/example_dags/example_sla_dag.py
[2022-08-22 23:45:57,031] {processor.py:651} INFO - DAG(s) dict_keys(['example_sla_dag']) retrieved from /home/airflow/.local/lib/python3.7/site-packages/airflow/example_dags/example_sla_dag.py
[2022-08-22 23:45:57,056] {logging_mixin.py:115} INFO - [2022-08-22 23:45:57,056] {dag.py:2371} INFO - Sync 1 DAGs
[2022-08-22 23:45:57,084] {logging_mixin.py:115} INFO - [2022-08-22 23:45:57,084] {dag.py:2919} INFO - Setting next_dagrun for example_sla_dag to 2022-08-22T23:42:00+00:00, run_after=2022-08-22T23:44:00+00:00
[2022-08-22 23:45:57,097] {processor.py:161} INFO - Processing /home/airflow/.local/lib/python3.7/site-packages/airflow/example_dags/example_sla_dag.py took 0.090 seconds
[2022-08-22 23:46:28,124] {processor.py:153} INFO - Started process (PID=1165) to work on /home/airflow/.local/lib/python3.7/site-packages/airflow/example_dags/example_sla_dag.py
[2022-08-22 23:46:28,126] {processor.py:641} INFO - Processing file /home/airflow/.local/lib/python3.7/site-packages/airflow/example_dags/example_sla_dag.py for tasks to queue
[2022-08-22 23:46:28,126] {logging_mixin.py:115} INFO - [2022-08-22 23:46:28,126] {dagbag.py:507} INFO - Filling up the DagBag from /home/airflow/.local/lib/python3.7/site-packages/airflow/example_dags/example_sla_dag.py
[2022-08-22 23:46:28,145] {processor.py:651} INFO - DAG(s) dict_keys(['example_sla_dag']) retrieved from /home/airflow/.local/lib/python3.7/site-packages/airflow/example_dags/example_sla_dag.py
[2022-08-22 23:46:28,171] {logging_mixin.py:115} INFO - [2022-08-22 23:46:28,171] {dag.py:2371} INFO - Sync 1 DAGs
[2022-08-22 23:46:28,199] {logging_mixin.py:115} INFO - [2022-08-22 23:46:28,199] {dag.py:2919} INFO - Setting next_dagrun for example_sla_dag to 2022-08-22T23:44:00+00:00, run_after=2022-08-22T23:46:00+00:00
[2022-08-22 23:46:28,211] {processor.py:161} INFO - Processing /home/airflow/.local/lib/python3.7/site-packages/airflow/example_dags/example_sla_dag.py took 0.090 seconds
[2022-08-22 23:46:58,825] {processor.py:153} INFO - Started process (PID=1242) to work on /home/airflow/.local/lib/python3.7/site-packages/airflow/example_dags/example_sla_dag.py
[2022-08-22 23:46:58,827] {processor.py:641} INFO - Processing file /home/airflow/.local/lib/python3.7/site-packages/airflow/example_dags/example_sla_dag.py for tasks to queue
[2022-08-22 23:46:58,828] {logging_mixin.py:115} INFO - [2022-08-22 23:46:58,828] {dagbag.py:507} INFO - Filling up the DagBag from /home/airflow/.local/lib/python3.7/site-packages/airflow/example_dags/example_sla_dag.py
[2022-08-22 23:46:58,848] {processor.py:651} INFO - DAG(s) dict_keys(['example_sla_dag']) retrieved from /home/airflow/.local/lib/python3.7/site-packages/airflow/example_dags/example_sla_dag.py
[2022-08-22 23:46:58,879] {logging_mixin.py:115} INFO - [2022-08-22 23:46:58,879] {dag.py:2371} INFO - Sync 1 DAGs
[2022-08-22 23:46:58,915] {logging_mixin.py:115} INFO - [2022-08-22 23:46:58,915] {dag.py:2919} INFO - Setting next_dagrun for example_sla_dag to 2022-08-22T23:44:00+00:00, run_after=2022-08-22T23:46:00+00:00
[2022-08-22 23:46:58,928] {processor.py:161} INFO - Processing /home/airflow/.local/lib/python3.7/site-packages/airflow/example_dags/example_sla_dag.py took 0.106 seconds
[2022-08-22 23:47:29,414] {processor.py:153} INFO - Started process (PID=1319) to work on /home/airflow/.local/lib/python3.7/site-packages/airflow/example_dags/example_sla_dag.py
[2022-08-22 23:47:29,415] {processor.py:641} INFO - Processing file /home/airflow/.local/lib/python3.7/site-packages/airflow/example_dags/example_sla_dag.py for tasks to queue
[2022-08-22 23:47:29,416] {logging_mixin.py:115} INFO - [2022-08-22 23:47:29,416] {dagbag.py:507} INFO - Filling up the DagBag from /home/airflow/.local/lib/python3.7/site-packages/airflow/example_dags/example_sla_dag.py
[2022-08-22 23:47:29,433] {processor.py:651} INFO - DAG(s) dict_keys(['example_sla_dag']) retrieved from /home/airflow/.local/lib/python3.7/site-packages/airflow/example_dags/example_sla_dag.py
[2022-08-22 23:47:29,457] {logging_mixin.py:115} INFO - [2022-08-22 23:47:29,457] {dag.py:2371} INFO - Sync 1 DAGs
[2022-08-22 23:47:29,482] {logging_mixin.py:115} INFO - [2022-08-22 23:47:29,482] {dag.py:2919} INFO - Setting next_dagrun for example_sla_dag to 2022-08-22T23:44:00+00:00, run_after=2022-08-22T23:46:00+00:00
[2022-08-22 23:47:29,493] {processor.py:161} INFO - Processing /home/airflow/.local/lib/python3.7/site-packages/airflow/example_dags/example_sla_dag.py took 0.083 seconds
[2022-08-22 23:48:00,036] {processor.py:153} INFO - Started process (PID=1387) to work on /home/airflow/.local/lib/python3.7/site-packages/airflow/example_dags/example_sla_dag.py
[2022-08-22 23:48:00,037] {processor.py:641} INFO - Processing file /home/airflow/.local/lib/python3.7/site-packages/airflow/example_dags/example_sla_dag.py for tasks to queue
[2022-08-22 23:48:00,038] {logging_mixin.py:115} INFO - [2022-08-22 23:48:00,038] {dagbag.py:507} INFO - Filling up the DagBag from /home/airflow/.local/lib/python3.7/site-packages/airflow/example_dags/example_sla_dag.py
[2022-08-22 23:48:00,056] {processor.py:651} INFO - DAG(s) dict_keys(['example_sla_dag']) retrieved from /home/airflow/.local/lib/python3.7/site-packages/airflow/example_dags/example_sla_dag.py
[2022-08-22 23:48:00,088] {logging_mixin.py:115} INFO - [2022-08-22 23:48:00,088] {dag.py:2371} INFO - Sync 1 DAGs
[2022-08-22 23:48:00,116] {logging_mixin.py:115} INFO - [2022-08-22 23:48:00,116] {dag.py:2919} INFO - Setting next_dagrun for example_sla_dag to 2022-08-22T23:46:00+00:00, run_after=2022-08-22T23:48:00+00:00
[2022-08-22 23:48:00,128] {processor.py:161} INFO - Processing /home/airflow/.local/lib/python3.7/site-packages/airflow/example_dags/example_sla_dag.py took 0.096 seconds
[2022-08-22 23:48:30,834] {processor.py:153} INFO - Started process (PID=1464) to work on /home/airflow/.local/lib/python3.7/site-packages/airflow/example_dags/example_sla_dag.py
[2022-08-22 23:48:30,836] {processor.py:641} INFO - Processing file /home/airflow/.local/lib/python3.7/site-packages/airflow/example_dags/example_sla_dag.py for tasks to queue
[2022-08-22 23:48:30,837] {logging_mixin.py:115} INFO - [2022-08-22 23:48:30,837] {dagbag.py:507} INFO - Filling up the DagBag from /home/airflow/.local/lib/python3.7/site-packages/airflow/example_dags/example_sla_dag.py
[2022-08-22 23:48:30,858] {processor.py:651} INFO - DAG(s) dict_keys(['example_sla_dag']) retrieved from /home/airflow/.local/lib/python3.7/site-packages/airflow/example_dags/example_sla_dag.py
[2022-08-22 23:48:30,884] {logging_mixin.py:115} INFO - [2022-08-22 23:48:30,884] {dag.py:2371} INFO - Sync 1 DAGs
[2022-08-22 23:48:30,916] {logging_mixin.py:115} INFO - [2022-08-22 23:48:30,916] {dag.py:2919} INFO - Setting next_dagrun for example_sla_dag to 2022-08-22T23:46:00+00:00, run_after=2022-08-22T23:48:00+00:00
[2022-08-22 23:48:30,927] {processor.py:161} INFO - Processing /home/airflow/.local/lib/python3.7/site-packages/airflow/example_dags/example_sla_dag.py took 0.098 seconds
[2022-08-22 23:49:01,032] {processor.py:153} INFO - Started process (PID=1541) to work on /home/airflow/.local/lib/python3.7/site-packages/airflow/example_dags/example_sla_dag.py
[2022-08-22 23:49:01,033] {processor.py:641} INFO - Processing file /home/airflow/.local/lib/python3.7/site-packages/airflow/example_dags/example_sla_dag.py for tasks to queue
[2022-08-22 23:49:01,034] {logging_mixin.py:115} INFO - [2022-08-22 23:49:01,034] {dagbag.py:507} INFO - Filling up the DagBag from /home/airflow/.local/lib/python3.7/site-packages/airflow/example_dags/example_sla_dag.py
[2022-08-22 23:49:01,052] {processor.py:651} INFO - DAG(s) dict_keys(['example_sla_dag']) retrieved from /home/airflow/.local/lib/python3.7/site-packages/airflow/example_dags/example_sla_dag.py
[2022-08-22 23:49:01,077] {logging_mixin.py:115} INFO - [2022-08-22 23:49:01,077] {dag.py:2371} INFO - Sync 1 DAGs
[2022-08-22 23:49:01,105] {logging_mixin.py:115} INFO - [2022-08-22 23:49:01,105] {dag.py:2919} INFO - Setting next_dagrun for example_sla_dag to 2022-08-22T23:46:00+00:00, run_after=2022-08-22T23:48:00+00:00
[2022-08-22 23:49:01,116] {processor.py:161} INFO - Processing /home/airflow/.local/lib/python3.7/site-packages/airflow/example_dags/example_sla_dag.py took 0.088 seconds
[2022-08-22 23:49:31,785] {processor.py:153} INFO - Started process (PID=1618) to work on /home/airflow/.local/lib/python3.7/site-packages/airflow/example_dags/example_sla_dag.py
[2022-08-22 23:49:31,786] {processor.py:641} INFO - Processing file /home/airflow/.local/lib/python3.7/site-packages/airflow/example_dags/example_sla_dag.py for tasks to queue
[2022-08-22 23:49:31,787] {logging_mixin.py:115} INFO - [2022-08-22 23:49:31,787] {dagbag.py:507} INFO - Filling up the DagBag from /home/airflow/.local/lib/python3.7/site-packages/airflow/example_dags/example_sla_dag.py
[2022-08-22 23:49:31,806] {processor.py:651} INFO - DAG(s) dict_keys(['example_sla_dag']) retrieved from /home/airflow/.local/lib/python3.7/site-packages/airflow/example_dags/example_sla_dag.py
[2022-08-22 23:49:31,832] {logging_mixin.py:115} INFO - [2022-08-22 23:49:31,832] {dag.py:2371} INFO - Sync 1 DAGs
[2022-08-22 23:49:31,859] {logging_mixin.py:115} INFO - [2022-08-22 23:49:31,859] {dag.py:2919} INFO - Setting next_dagrun for example_sla_dag to 2022-08-22T23:46:00+00:00, run_after=2022-08-22T23:48:00+00:00
[2022-08-22 23:49:31,872] {processor.py:161} INFO - Processing /home/airflow/.local/lib/python3.7/site-packages/airflow/example_dags/example_sla_dag.py took 0.091 seconds
[2022-08-22 23:50:02,319] {processor.py:153} INFO - Started process (PID=1686) to work on /home/airflow/.local/lib/python3.7/site-packages/airflow/example_dags/example_sla_dag.py
[2022-08-22 23:50:02,320] {processor.py:641} INFO - Processing file /home/airflow/.local/lib/python3.7/site-packages/airflow/example_dags/example_sla_dag.py for tasks to queue
[2022-08-22 23:50:02,321] {logging_mixin.py:115} INFO - [2022-08-22 23:50:02,321] {dagbag.py:507} INFO - Filling up the DagBag from /home/airflow/.local/lib/python3.7/site-packages/airflow/example_dags/example_sla_dag.py
[2022-08-22 23:50:02,338] {processor.py:651} INFO - DAG(s) dict_keys(['example_sla_dag']) retrieved from /home/airflow/.local/lib/python3.7/site-packages/airflow/example_dags/example_sla_dag.py
[2022-08-22 23:50:02,364] {logging_mixin.py:115} INFO - [2022-08-22 23:50:02,364] {dag.py:2371} INFO - Sync 1 DAGs
[2022-08-22 23:50:02,391] {logging_mixin.py:115} INFO - [2022-08-22 23:50:02,391] {dag.py:2919} INFO - Setting next_dagrun for example_sla_dag to 2022-08-22T23:48:00+00:00, run_after=2022-08-22T23:50:00+00:00
[2022-08-22 23:50:02,402] {processor.py:161} INFO - Processing /home/airflow/.local/lib/python3.7/site-packages/airflow/example_dags/example_sla_dag.py took 0.087 seconds
[2022-08-22 23:50:32,908] {processor.py:153} INFO - Started process (PID=1763) to work on /home/airflow/.local/lib/python3.7/site-packages/airflow/example_dags/example_sla_dag.py
[2022-08-22 23:50:32,908] {processor.py:641} INFO - Processing file /home/airflow/.local/lib/python3.7/site-packages/airflow/example_dags/example_sla_dag.py for tasks to queue
[2022-08-22 23:50:32,910] {logging_mixin.py:115} INFO - [2022-08-22 23:50:32,909] {dagbag.py:507} INFO - Filling up the DagBag from /home/airflow/.local/lib/python3.7/site-packages/airflow/example_dags/example_sla_dag.py
[2022-08-22 23:50:32,929] {processor.py:651} INFO - DAG(s) dict_keys(['example_sla_dag']) retrieved from /home/airflow/.local/lib/python3.7/site-packages/airflow/example_dags/example_sla_dag.py
[2022-08-22 23:50:32,955] {logging_mixin.py:115} INFO - [2022-08-22 23:50:32,955] {dag.py:2371} INFO - Sync 1 DAGs
[2022-08-22 23:50:32,981] {logging_mixin.py:115} INFO - [2022-08-22 23:50:32,981] {dag.py:2919} INFO - Setting next_dagrun for example_sla_dag to 2022-08-22T23:48:00+00:00, run_after=2022-08-22T23:50:00+00:00
[2022-08-22 23:50:32,992] {processor.py:161} INFO - Processing /home/airflow/.local/lib/python3.7/site-packages/airflow/example_dags/example_sla_dag.py took 0.088 seconds
[2022-08-22 23:51:03,454] {processor.py:153} INFO - Started process (PID=1840) to work on /home/airflow/.local/lib/python3.7/site-packages/airflow/example_dags/example_sla_dag.py
[2022-08-22 23:51:03,455] {processor.py:641} INFO - Processing file /home/airflow/.local/lib/python3.7/site-packages/airflow/example_dags/example_sla_dag.py for tasks to queue
[2022-08-22 23:51:03,456] {logging_mixin.py:115} INFO - [2022-08-22 23:51:03,456] {dagbag.py:507} INFO - Filling up the DagBag from /home/airflow/.local/lib/python3.7/site-packages/airflow/example_dags/example_sla_dag.py
[2022-08-22 23:51:03,473] {processor.py:651} INFO - DAG(s) dict_keys(['example_sla_dag']) retrieved from /home/airflow/.local/lib/python3.7/site-packages/airflow/example_dags/example_sla_dag.py
[2022-08-22 23:51:03,499] {logging_mixin.py:115} INFO - [2022-08-22 23:51:03,499] {dag.py:2371} INFO - Sync 1 DAGs
[2022-08-22 23:51:03,525] {logging_mixin.py:115} INFO - [2022-08-22 23:51:03,525] {dag.py:2919} INFO - Setting next_dagrun for example_sla_dag to 2022-08-22T23:48:00+00:00, run_after=2022-08-22T23:50:00+00:00
[2022-08-22 23:51:03,536] {processor.py:161} INFO - Processing /home/airflow/.local/lib/python3.7/site-packages/airflow/example_dags/example_sla_dag.py took 0.085 seconds
[2022-08-22 23:51:34,213] {processor.py:153} INFO - Started process (PID=1908) to work on /home/airflow/.local/lib/python3.7/site-packages/airflow/example_dags/example_sla_dag.py
[2022-08-22 23:51:34,214] {processor.py:641} INFO - Processing file /home/airflow/.local/lib/python3.7/site-packages/airflow/example_dags/example_sla_dag.py for tasks to queue
[2022-08-22 23:51:34,215] {logging_mixin.py:115} INFO - [2022-08-22 23:51:34,215] {dagbag.py:507} INFO - Filling up the DagBag from /home/airflow/.local/lib/python3.7/site-packages/airflow/example_dags/example_sla_dag.py
[2022-08-22 23:51:34,233] {processor.py:651} INFO - DAG(s) dict_keys(['example_sla_dag']) retrieved from /home/airflow/.local/lib/python3.7/site-packages/airflow/example_dags/example_sla_dag.py
[2022-08-22 23:51:34,259] {logging_mixin.py:115} INFO - [2022-08-22 23:51:34,258] {dag.py:2371} INFO - Sync 1 DAGs
[2022-08-22 23:51:34,287] {logging_mixin.py:115} INFO - [2022-08-22 23:51:34,287] {dag.py:2919} INFO - Setting next_dagrun for example_sla_dag to 2022-08-22T23:48:00+00:00, run_after=2022-08-22T23:50:00+00:00
[2022-08-22 23:51:34,301] {processor.py:161} INFO - Processing /home/airflow/.local/lib/python3.7/site-packages/airflow/example_dags/example_sla_dag.py took 0.091 seconds
[2022-08-22 23:52:04,643] {processor.py:153} INFO - Started process (PID=1985) to work on /home/airflow/.local/lib/python3.7/site-packages/airflow/example_dags/example_sla_dag.py
[2022-08-22 23:52:04,644] {processor.py:641} INFO - Processing file /home/airflow/.local/lib/python3.7/site-packages/airflow/example_dags/example_sla_dag.py for tasks to queue
[2022-08-22 23:52:04,645] {logging_mixin.py:115} INFO - [2022-08-22 23:52:04,645] {dagbag.py:507} INFO - Filling up the DagBag from /home/airflow/.local/lib/python3.7/site-packages/airflow/example_dags/example_sla_dag.py
[2022-08-22 23:52:04,663] {processor.py:651} INFO - DAG(s) dict_keys(['example_sla_dag']) retrieved from /home/airflow/.local/lib/python3.7/site-packages/airflow/example_dags/example_sla_dag.py
[2022-08-22 23:52:04,687] {logging_mixin.py:115} INFO - [2022-08-22 23:52:04,687] {dag.py:2371} INFO - Sync 1 DAGs
[2022-08-22 23:52:04,712] {logging_mixin.py:115} INFO - [2022-08-22 23:52:04,712] {dag.py:2919} INFO - Setting next_dagrun for example_sla_dag to 2022-08-22T23:50:00+00:00, run_after=2022-08-22T23:52:00+00:00
[2022-08-22 23:52:04,723] {processor.py:161} INFO - Processing /home/airflow/.local/lib/python3.7/site-packages/airflow/example_dags/example_sla_dag.py took 0.084 seconds
[2022-08-22 23:52:35,233] {processor.py:153} INFO - Started process (PID=2062) to work on /home/airflow/.local/lib/python3.7/site-packages/airflow/example_dags/example_sla_dag.py
[2022-08-22 23:52:35,235] {processor.py:641} INFO - Processing file /home/airflow/.local/lib/python3.7/site-packages/airflow/example_dags/example_sla_dag.py for tasks to queue
[2022-08-22 23:52:35,236] {logging_mixin.py:115} INFO - [2022-08-22 23:52:35,235] {dagbag.py:507} INFO - Filling up the DagBag from /home/airflow/.local/lib/python3.7/site-packages/airflow/example_dags/example_sla_dag.py
[2022-08-22 23:52:35,253] {processor.py:651} INFO - DAG(s) dict_keys(['example_sla_dag']) retrieved from /home/airflow/.local/lib/python3.7/site-packages/airflow/example_dags/example_sla_dag.py
[2022-08-22 23:52:35,277] {logging_mixin.py:115} INFO - [2022-08-22 23:52:35,277] {dag.py:2371} INFO - Sync 1 DAGs
[2022-08-22 23:52:35,302] {logging_mixin.py:115} INFO - [2022-08-22 23:52:35,301] {dag.py:2919} INFO - Setting next_dagrun for example_sla_dag to 2022-08-22T23:50:00+00:00, run_after=2022-08-22T23:52:00+00:00
[2022-08-22 23:52:35,312] {processor.py:161} INFO - Processing /home/airflow/.local/lib/python3.7/site-packages/airflow/example_dags/example_sla_dag.py took 0.082 seconds
[2022-08-22 23:53:05,757] {processor.py:153} INFO - Started process (PID=2139) to work on /home/airflow/.local/lib/python3.7/site-packages/airflow/example_dags/example_sla_dag.py
[2022-08-22 23:53:05,758] {processor.py:641} INFO - Processing file /home/airflow/.local/lib/python3.7/site-packages/airflow/example_dags/example_sla_dag.py for tasks to queue
[2022-08-22 23:53:05,759] {logging_mixin.py:115} INFO - [2022-08-22 23:53:05,759] {dagbag.py:507} INFO - Filling up the DagBag from /home/airflow/.local/lib/python3.7/site-packages/airflow/example_dags/example_sla_dag.py
[2022-08-22 23:53:05,777] {processor.py:651} INFO - DAG(s) dict_keys(['example_sla_dag']) retrieved from /home/airflow/.local/lib/python3.7/site-packages/airflow/example_dags/example_sla_dag.py
[2022-08-22 23:53:05,802] {logging_mixin.py:115} INFO - [2022-08-22 23:53:05,802] {dag.py:2371} INFO - Sync 1 DAGs
[2022-08-22 23:53:05,827] {logging_mixin.py:115} INFO - [2022-08-22 23:53:05,827] {dag.py:2919} INFO - Setting next_dagrun for example_sla_dag to 2022-08-22T23:50:00+00:00, run_after=2022-08-22T23:52:00+00:00
[2022-08-22 23:53:05,837] {processor.py:161} INFO - Processing /home/airflow/.local/lib/python3.7/site-packages/airflow/example_dags/example_sla_dag.py took 0.084 seconds
[2022-08-22 23:53:36,304] {processor.py:153} INFO - Started process (PID=2214) to work on /home/airflow/.local/lib/python3.7/site-packages/airflow/example_dags/example_sla_dag.py
[2022-08-22 23:53:36,304] {processor.py:641} INFO - Processing file /home/airflow/.local/lib/python3.7/site-packages/airflow/example_dags/example_sla_dag.py for tasks to queue
[2022-08-22 23:53:36,306] {logging_mixin.py:115} INFO - [2022-08-22 23:53:36,306] {dagbag.py:507} INFO - Filling up the DagBag from /home/airflow/.local/lib/python3.7/site-packages/airflow/example_dags/example_sla_dag.py
[2022-08-22 23:53:36,323] {processor.py:651} INFO - DAG(s) dict_keys(['example_sla_dag']) retrieved from /home/airflow/.local/lib/python3.7/site-packages/airflow/example_dags/example_sla_dag.py
[2022-08-22 23:53:36,348] {logging_mixin.py:115} INFO - [2022-08-22 23:53:36,348] {dag.py:2371} INFO - Sync 1 DAGs
[2022-08-22 23:53:36,374] {logging_mixin.py:115} INFO - [2022-08-22 23:53:36,374] {dag.py:2919} INFO - Setting next_dagrun for example_sla_dag to 2022-08-22T23:50:00+00:00, run_after=2022-08-22T23:52:00+00:00
[2022-08-22 23:53:36,385] {processor.py:161} INFO - Processing /home/airflow/.local/lib/python3.7/site-packages/airflow/example_dags/example_sla_dag.py took 0.085 seconds
[2022-08-22 23:54:06,919] {processor.py:153} INFO - Started process (PID=2284) to work on /home/airflow/.local/lib/python3.7/site-packages/airflow/example_dags/example_sla_dag.py
[2022-08-22 23:54:06,920] {processor.py:641} INFO - Processing file /home/airflow/.local/lib/python3.7/site-packages/airflow/example_dags/example_sla_dag.py for tasks to queue
[2022-08-22 23:54:06,921] {logging_mixin.py:115} INFO - [2022-08-22 23:54:06,921] {dagbag.py:507} INFO - Filling up the DagBag from /home/airflow/.local/lib/python3.7/site-packages/airflow/example_dags/example_sla_dag.py
[2022-08-22 23:54:06,938] {processor.py:651} INFO - DAG(s) dict_keys(['example_sla_dag']) retrieved from /home/airflow/.local/lib/python3.7/site-packages/airflow/example_dags/example_sla_dag.py
[2022-08-22 23:54:06,964] {logging_mixin.py:115} INFO - [2022-08-22 23:54:06,964] {dag.py:2371} INFO - Sync 1 DAGs
[2022-08-22 23:54:06,989] {logging_mixin.py:115} INFO - [2022-08-22 23:54:06,989] {dag.py:2919} INFO - Setting next_dagrun for example_sla_dag to 2022-08-22T23:52:00+00:00, run_after=2022-08-22T23:54:00+00:00
[2022-08-22 23:54:07,000] {processor.py:161} INFO - Processing /home/airflow/.local/lib/python3.7/site-packages/airflow/example_dags/example_sla_dag.py took 0.085 seconds
[2022-08-22 23:54:37,555] {processor.py:153} INFO - Started process (PID=2361) to work on /home/airflow/.local/lib/python3.7/site-packages/airflow/example_dags/example_sla_dag.py
[2022-08-22 23:54:37,556] {processor.py:641} INFO - Processing file /home/airflow/.local/lib/python3.7/site-packages/airflow/example_dags/example_sla_dag.py for tasks to queue
[2022-08-22 23:54:37,557] {logging_mixin.py:115} INFO - [2022-08-22 23:54:37,557] {dagbag.py:507} INFO - Filling up the DagBag from /home/airflow/.local/lib/python3.7/site-packages/airflow/example_dags/example_sla_dag.py
[2022-08-22 23:54:37,573] {processor.py:651} INFO - DAG(s) dict_keys(['example_sla_dag']) retrieved from /home/airflow/.local/lib/python3.7/site-packages/airflow/example_dags/example_sla_dag.py
[2022-08-22 23:54:37,598] {logging_mixin.py:115} INFO - [2022-08-22 23:54:37,598] {dag.py:2371} INFO - Sync 1 DAGs
[2022-08-22 23:54:37,624] {logging_mixin.py:115} INFO - [2022-08-22 23:54:37,624] {dag.py:2919} INFO - Setting next_dagrun for example_sla_dag to 2022-08-22T23:52:00+00:00, run_after=2022-08-22T23:54:00+00:00
[2022-08-22 23:54:37,635] {processor.py:161} INFO - Processing /home/airflow/.local/lib/python3.7/site-packages/airflow/example_dags/example_sla_dag.py took 0.083 seconds
[2022-08-22 23:55:08,325] {processor.py:153} INFO - Started process (PID=2438) to work on /home/airflow/.local/lib/python3.7/site-packages/airflow/example_dags/example_sla_dag.py
[2022-08-22 23:55:08,326] {processor.py:641} INFO - Processing file /home/airflow/.local/lib/python3.7/site-packages/airflow/example_dags/example_sla_dag.py for tasks to queue
[2022-08-22 23:55:08,327] {logging_mixin.py:115} INFO - [2022-08-22 23:55:08,327] {dagbag.py:507} INFO - Filling up the DagBag from /home/airflow/.local/lib/python3.7/site-packages/airflow/example_dags/example_sla_dag.py
[2022-08-22 23:55:08,343] {processor.py:651} INFO - DAG(s) dict_keys(['example_sla_dag']) retrieved from /home/airflow/.local/lib/python3.7/site-packages/airflow/example_dags/example_sla_dag.py
[2022-08-22 23:55:08,368] {logging_mixin.py:115} INFO - [2022-08-22 23:55:08,368] {dag.py:2371} INFO - Sync 1 DAGs
[2022-08-22 23:55:08,391] {logging_mixin.py:115} INFO - [2022-08-22 23:55:08,391] {dag.py:2919} INFO - Setting next_dagrun for example_sla_dag to 2022-08-22T23:52:00+00:00, run_after=2022-08-22T23:54:00+00:00
[2022-08-22 23:55:08,404] {processor.py:161} INFO - Processing /home/airflow/.local/lib/python3.7/site-packages/airflow/example_dags/example_sla_dag.py took 0.083 seconds
[2022-08-22 23:55:38,823] {processor.py:153} INFO - Started process (PID=2515) to work on /home/airflow/.local/lib/python3.7/site-packages/airflow/example_dags/example_sla_dag.py
[2022-08-22 23:55:38,824] {processor.py:641} INFO - Processing file /home/airflow/.local/lib/python3.7/site-packages/airflow/example_dags/example_sla_dag.py for tasks to queue
[2022-08-22 23:55:38,824] {logging_mixin.py:115} INFO - [2022-08-22 23:55:38,824] {dagbag.py:507} INFO - Filling up the DagBag from /home/airflow/.local/lib/python3.7/site-packages/airflow/example_dags/example_sla_dag.py
[2022-08-22 23:55:38,842] {processor.py:651} INFO - DAG(s) dict_keys(['example_sla_dag']) retrieved from /home/airflow/.local/lib/python3.7/site-packages/airflow/example_dags/example_sla_dag.py
[2022-08-22 23:55:38,866] {logging_mixin.py:115} INFO - [2022-08-22 23:55:38,866] {dag.py:2371} INFO - Sync 1 DAGs
[2022-08-22 23:55:38,891] {logging_mixin.py:115} INFO - [2022-08-22 23:55:38,891] {dag.py:2919} INFO - Setting next_dagrun for example_sla_dag to 2022-08-22T23:52:00+00:00, run_after=2022-08-22T23:54:00+00:00
[2022-08-22 23:55:38,903] {processor.py:161} INFO - Processing /home/airflow/.local/lib/python3.7/site-packages/airflow/example_dags/example_sla_dag.py took 0.084 seconds
[2022-08-22 23:56:09,409] {processor.py:153} INFO - Started process (PID=2583) to work on /home/airflow/.local/lib/python3.7/site-packages/airflow/example_dags/example_sla_dag.py
[2022-08-22 23:56:09,410] {processor.py:641} INFO - Processing file /home/airflow/.local/lib/python3.7/site-packages/airflow/example_dags/example_sla_dag.py for tasks to queue
[2022-08-22 23:56:09,411] {logging_mixin.py:115} INFO - [2022-08-22 23:56:09,411] {dagbag.py:507} INFO - Filling up the DagBag from /home/airflow/.local/lib/python3.7/site-packages/airflow/example_dags/example_sla_dag.py
[2022-08-22 23:56:09,429] {processor.py:651} INFO - DAG(s) dict_keys(['example_sla_dag']) retrieved from /home/airflow/.local/lib/python3.7/site-packages/airflow/example_dags/example_sla_dag.py
[2022-08-22 23:56:09,452] {logging_mixin.py:115} INFO - [2022-08-22 23:56:09,452] {dag.py:2371} INFO - Sync 1 DAGs
[2022-08-22 23:56:09,479] {logging_mixin.py:115} INFO - [2022-08-22 23:56:09,479] {dag.py:2919} INFO - Setting next_dagrun for example_sla_dag to 2022-08-22T23:54:00+00:00, run_after=2022-08-22T23:56:00+00:00
[2022-08-22 23:56:09,491] {processor.py:161} INFO - Processing /home/airflow/.local/lib/python3.7/site-packages/airflow/example_dags/example_sla_dag.py took 0.085 seconds
[2022-08-22 23:56:39,943] {processor.py:153} INFO - Started process (PID=2660) to work on /home/airflow/.local/lib/python3.7/site-packages/airflow/example_dags/example_sla_dag.py
[2022-08-22 23:56:39,944] {processor.py:641} INFO - Processing file /home/airflow/.local/lib/python3.7/site-packages/airflow/example_dags/example_sla_dag.py for tasks to queue
[2022-08-22 23:56:39,945] {logging_mixin.py:115} INFO - [2022-08-22 23:56:39,944] {dagbag.py:507} INFO - Filling up the DagBag from /home/airflow/.local/lib/python3.7/site-packages/airflow/example_dags/example_sla_dag.py
[2022-08-22 23:56:39,962] {processor.py:651} INFO - DAG(s) dict_keys(['example_sla_dag']) retrieved from /home/airflow/.local/lib/python3.7/site-packages/airflow/example_dags/example_sla_dag.py
[2022-08-22 23:56:39,985] {logging_mixin.py:115} INFO - [2022-08-22 23:56:39,985] {dag.py:2371} INFO - Sync 1 DAGs
[2022-08-22 23:56:40,009] {logging_mixin.py:115} INFO - [2022-08-22 23:56:40,009] {dag.py:2919} INFO - Setting next_dagrun for example_sla_dag to 2022-08-22T23:54:00+00:00, run_after=2022-08-22T23:56:00+00:00
[2022-08-22 23:56:40,020] {processor.py:161} INFO - Processing /home/airflow/.local/lib/python3.7/site-packages/airflow/example_dags/example_sla_dag.py took 0.080 seconds
[2022-08-22 23:57:10,249] {processor.py:153} INFO - Started process (PID=2737) to work on /home/airflow/.local/lib/python3.7/site-packages/airflow/example_dags/example_sla_dag.py
[2022-08-22 23:57:10,250] {processor.py:641} INFO - Processing file /home/airflow/.local/lib/python3.7/site-packages/airflow/example_dags/example_sla_dag.py for tasks to queue
[2022-08-22 23:57:10,251] {logging_mixin.py:115} INFO - [2022-08-22 23:57:10,251] {dagbag.py:507} INFO - Filling up the DagBag from /home/airflow/.local/lib/python3.7/site-packages/airflow/example_dags/example_sla_dag.py
[2022-08-22 23:57:10,267] {processor.py:651} INFO - DAG(s) dict_keys(['example_sla_dag']) retrieved from /home/airflow/.local/lib/python3.7/site-packages/airflow/example_dags/example_sla_dag.py
[2022-08-22 23:57:10,291] {logging_mixin.py:115} INFO - [2022-08-22 23:57:10,291] {dag.py:2371} INFO - Sync 1 DAGs
[2022-08-22 23:57:10,315] {logging_mixin.py:115} INFO - [2022-08-22 23:57:10,315] {dag.py:2919} INFO - Setting next_dagrun for example_sla_dag to 2022-08-22T23:54:00+00:00, run_after=2022-08-22T23:56:00+00:00
[2022-08-22 23:57:10,328] {processor.py:161} INFO - Processing /home/airflow/.local/lib/python3.7/site-packages/airflow/example_dags/example_sla_dag.py took 0.082 seconds
[2022-08-22 23:57:41,357] {processor.py:153} INFO - Started process (PID=2814) to work on /home/airflow/.local/lib/python3.7/site-packages/airflow/example_dags/example_sla_dag.py
[2022-08-22 23:57:41,358] {processor.py:641} INFO - Processing file /home/airflow/.local/lib/python3.7/site-packages/airflow/example_dags/example_sla_dag.py for tasks to queue
[2022-08-22 23:57:41,359] {logging_mixin.py:115} INFO - [2022-08-22 23:57:41,359] {dagbag.py:507} INFO - Filling up the DagBag from /home/airflow/.local/lib/python3.7/site-packages/airflow/example_dags/example_sla_dag.py
[2022-08-22 23:57:41,376] {processor.py:651} INFO - DAG(s) dict_keys(['example_sla_dag']) retrieved from /home/airflow/.local/lib/python3.7/site-packages/airflow/example_dags/example_sla_dag.py
[2022-08-22 23:57:41,399] {logging_mixin.py:115} INFO - [2022-08-22 23:57:41,399] {dag.py:2371} INFO - Sync 1 DAGs
[2022-08-22 23:57:41,424] {logging_mixin.py:115} INFO - [2022-08-22 23:57:41,424] {dag.py:2919} INFO - Setting next_dagrun for example_sla_dag to 2022-08-22T23:54:00+00:00, run_after=2022-08-22T23:56:00+00:00
[2022-08-22 23:57:41,436] {processor.py:161} INFO - Processing /home/airflow/.local/lib/python3.7/site-packages/airflow/example_dags/example_sla_dag.py took 0.082 seconds
[2022-08-22 23:58:12,027] {processor.py:153} INFO - Started process (PID=2882) to work on /home/airflow/.local/lib/python3.7/site-packages/airflow/example_dags/example_sla_dag.py
[2022-08-22 23:58:12,028] {processor.py:641} INFO - Processing file /home/airflow/.local/lib/python3.7/site-packages/airflow/example_dags/example_sla_dag.py for tasks to queue
[2022-08-22 23:58:12,029] {logging_mixin.py:115} INFO - [2022-08-22 23:58:12,029] {dagbag.py:507} INFO - Filling up the DagBag from /home/airflow/.local/lib/python3.7/site-packages/airflow/example_dags/example_sla_dag.py
[2022-08-22 23:58:12,047] {processor.py:651} INFO - DAG(s) dict_keys(['example_sla_dag']) retrieved from /home/airflow/.local/lib/python3.7/site-packages/airflow/example_dags/example_sla_dag.py
[2022-08-22 23:58:12,071] {logging_mixin.py:115} INFO - [2022-08-22 23:58:12,071] {dag.py:2371} INFO - Sync 1 DAGs
[2022-08-22 23:58:12,095] {logging_mixin.py:115} INFO - [2022-08-22 23:58:12,095] {dag.py:2919} INFO - Setting next_dagrun for example_sla_dag to 2022-08-22T23:56:00+00:00, run_after=2022-08-22T23:58:00+00:00
[2022-08-22 23:58:12,106] {processor.py:161} INFO - Processing /home/airflow/.local/lib/python3.7/site-packages/airflow/example_dags/example_sla_dag.py took 0.082 seconds
[2022-08-22 23:58:42,968] {processor.py:153} INFO - Started process (PID=2959) to work on /home/airflow/.local/lib/python3.7/site-packages/airflow/example_dags/example_sla_dag.py
[2022-08-22 23:58:42,969] {processor.py:641} INFO - Processing file /home/airflow/.local/lib/python3.7/site-packages/airflow/example_dags/example_sla_dag.py for tasks to queue
[2022-08-22 23:58:42,970] {logging_mixin.py:115} INFO - [2022-08-22 23:58:42,970] {dagbag.py:507} INFO - Filling up the DagBag from /home/airflow/.local/lib/python3.7/site-packages/airflow/example_dags/example_sla_dag.py
[2022-08-22 23:58:42,988] {processor.py:651} INFO - DAG(s) dict_keys(['example_sla_dag']) retrieved from /home/airflow/.local/lib/python3.7/site-packages/airflow/example_dags/example_sla_dag.py
[2022-08-22 23:58:43,012] {logging_mixin.py:115} INFO - [2022-08-22 23:58:43,012] {dag.py:2371} INFO - Sync 1 DAGs
[2022-08-22 23:58:43,036] {logging_mixin.py:115} INFO - [2022-08-22 23:58:43,036] {dag.py:2919} INFO - Setting next_dagrun for example_sla_dag to 2022-08-22T23:56:00+00:00, run_after=2022-08-22T23:58:00+00:00
[2022-08-22 23:58:43,148] {processor.py:161} INFO - Processing /home/airflow/.local/lib/python3.7/site-packages/airflow/example_dags/example_sla_dag.py took 0.183 seconds
[2022-08-22 23:59:13,495] {processor.py:153} INFO - Started process (PID=3036) to work on /home/airflow/.local/lib/python3.7/site-packages/airflow/example_dags/example_sla_dag.py
[2022-08-22 23:59:13,496] {processor.py:641} INFO - Processing file /home/airflow/.local/lib/python3.7/site-packages/airflow/example_dags/example_sla_dag.py for tasks to queue
[2022-08-22 23:59:13,497] {logging_mixin.py:115} INFO - [2022-08-22 23:59:13,497] {dagbag.py:507} INFO - Filling up the DagBag from /home/airflow/.local/lib/python3.7/site-packages/airflow/example_dags/example_sla_dag.py
[2022-08-22 23:59:13,518] {processor.py:651} INFO - DAG(s) dict_keys(['example_sla_dag']) retrieved from /home/airflow/.local/lib/python3.7/site-packages/airflow/example_dags/example_sla_dag.py
[2022-08-22 23:59:13,544] {logging_mixin.py:115} INFO - [2022-08-22 23:59:13,544] {dag.py:2371} INFO - Sync 1 DAGs
[2022-08-22 23:59:13,570] {logging_mixin.py:115} INFO - [2022-08-22 23:59:13,570] {dag.py:2919} INFO - Setting next_dagrun for example_sla_dag to 2022-08-22T23:56:00+00:00, run_after=2022-08-22T23:58:00+00:00
[2022-08-22 23:59:13,684] {processor.py:161} INFO - Processing /home/airflow/.local/lib/python3.7/site-packages/airflow/example_dags/example_sla_dag.py took 0.193 seconds
[2022-08-22 23:59:44,096] {processor.py:153} INFO - Started process (PID=3113) to work on /home/airflow/.local/lib/python3.7/site-packages/airflow/example_dags/example_sla_dag.py
[2022-08-22 23:59:44,097] {processor.py:641} INFO - Processing file /home/airflow/.local/lib/python3.7/site-packages/airflow/example_dags/example_sla_dag.py for tasks to queue
[2022-08-22 23:59:44,098] {logging_mixin.py:115} INFO - [2022-08-22 23:59:44,098] {dagbag.py:507} INFO - Filling up the DagBag from /home/airflow/.local/lib/python3.7/site-packages/airflow/example_dags/example_sla_dag.py
[2022-08-22 23:59:44,118] {processor.py:651} INFO - DAG(s) dict_keys(['example_sla_dag']) retrieved from /home/airflow/.local/lib/python3.7/site-packages/airflow/example_dags/example_sla_dag.py
[2022-08-22 23:59:44,143] {logging_mixin.py:115} INFO - [2022-08-22 23:59:44,143] {dag.py:2371} INFO - Sync 1 DAGs
[2022-08-22 23:59:44,169] {logging_mixin.py:115} INFO - [2022-08-22 23:59:44,169] {dag.py:2919} INFO - Setting next_dagrun for example_sla_dag to 2022-08-22T23:56:00+00:00, run_after=2022-08-22T23:58:00+00:00
[2022-08-22 23:59:44,281] {processor.py:161} INFO - Processing /home/airflow/.local/lib/python3.7/site-packages/airflow/example_dags/example_sla_dag.py took 0.190 seconds
