[2022-08-22 23:38:39,446] {processor.py:153} INFO - Started process (PID=91) to work on /home/airflow/.local/lib/python3.7/site-packages/airflow/example_dags/example_task_group.py
[2022-08-22 23:38:39,450] {processor.py:641} INFO - Processing file /home/airflow/.local/lib/python3.7/site-packages/airflow/example_dags/example_task_group.py for tasks to queue
[2022-08-22 23:38:39,456] {logging_mixin.py:115} INFO - [2022-08-22 23:38:39,455] {dagbag.py:507} INFO - Filling up the DagBag from /home/airflow/.local/lib/python3.7/site-packages/airflow/example_dags/example_task_group.py
[2022-08-22 23:38:39,487] {processor.py:651} INFO - DAG(s) dict_keys(['example_task_group']) retrieved from /home/airflow/.local/lib/python3.7/site-packages/airflow/example_dags/example_task_group.py
[2022-08-22 23:38:39,618] {logging_mixin.py:115} INFO - [2022-08-22 23:38:39,618] {dag.py:2371} INFO - Sync 1 DAGs
[2022-08-22 23:38:39,683] {logging_mixin.py:115} INFO - [2022-08-22 23:38:39,683] {dag.py:2919} INFO - Setting next_dagrun for example_task_group to 2022-08-21T23:38:39.682758+00:00, run_after=2022-08-22T23:38:39.682758+00:00
[2022-08-22 23:38:39,728] {processor.py:161} INFO - Processing /home/airflow/.local/lib/python3.7/site-packages/airflow/example_dags/example_task_group.py took 0.290 seconds
[2022-08-22 23:39:12,536] {processor.py:153} INFO - Started process (PID=159) to work on /home/airflow/.local/lib/python3.7/site-packages/airflow/example_dags/example_task_group.py
[2022-08-22 23:39:12,540] {processor.py:641} INFO - Processing file /home/airflow/.local/lib/python3.7/site-packages/airflow/example_dags/example_task_group.py for tasks to queue
[2022-08-22 23:39:12,543] {logging_mixin.py:115} INFO - [2022-08-22 23:39:12,543] {dagbag.py:507} INFO - Filling up the DagBag from /home/airflow/.local/lib/python3.7/site-packages/airflow/example_dags/example_task_group.py
[2022-08-22 23:39:12,563] {processor.py:651} INFO - DAG(s) dict_keys(['example_task_group']) retrieved from /home/airflow/.local/lib/python3.7/site-packages/airflow/example_dags/example_task_group.py
[2022-08-22 23:39:12,636] {logging_mixin.py:115} INFO - [2022-08-22 23:39:12,636] {dag.py:2371} INFO - Sync 1 DAGs
[2022-08-22 23:39:12,705] {logging_mixin.py:115} INFO - [2022-08-22 23:39:12,705] {dag.py:2919} INFO - Setting next_dagrun for example_task_group to 2022-08-21T23:39:12.704606+00:00, run_after=2022-08-22T23:39:12.704606+00:00
[2022-08-22 23:39:12,741] {processor.py:161} INFO - Processing /home/airflow/.local/lib/python3.7/site-packages/airflow/example_dags/example_task_group.py took 0.214 seconds
[2022-08-22 23:39:43,400] {processor.py:153} INFO - Started process (PID=227) to work on /home/airflow/.local/lib/python3.7/site-packages/airflow/example_dags/example_task_group.py
[2022-08-22 23:39:43,415] {processor.py:641} INFO - Processing file /home/airflow/.local/lib/python3.7/site-packages/airflow/example_dags/example_task_group.py for tasks to queue
[2022-08-22 23:39:43,417] {logging_mixin.py:115} INFO - [2022-08-22 23:39:43,417] {dagbag.py:507} INFO - Filling up the DagBag from /home/airflow/.local/lib/python3.7/site-packages/airflow/example_dags/example_task_group.py
[2022-08-22 23:39:43,439] {processor.py:651} INFO - DAG(s) dict_keys(['example_task_group']) retrieved from /home/airflow/.local/lib/python3.7/site-packages/airflow/example_dags/example_task_group.py
[2022-08-22 23:39:43,502] {logging_mixin.py:115} INFO - [2022-08-22 23:39:43,502] {dag.py:2371} INFO - Sync 1 DAGs
[2022-08-22 23:39:43,554] {logging_mixin.py:115} INFO - [2022-08-22 23:39:43,553] {dag.py:2919} INFO - Setting next_dagrun for example_task_group to 2022-08-21T23:39:43.553409+00:00, run_after=2022-08-22T23:39:43.553409+00:00
[2022-08-22 23:39:43,589] {processor.py:161} INFO - Processing /home/airflow/.local/lib/python3.7/site-packages/airflow/example_dags/example_task_group.py took 0.197 seconds
[2022-08-22 23:40:14,017] {processor.py:153} INFO - Started process (PID=295) to work on /home/airflow/.local/lib/python3.7/site-packages/airflow/example_dags/example_task_group.py
[2022-08-22 23:40:14,019] {processor.py:641} INFO - Processing file /home/airflow/.local/lib/python3.7/site-packages/airflow/example_dags/example_task_group.py for tasks to queue
[2022-08-22 23:40:14,023] {logging_mixin.py:115} INFO - [2022-08-22 23:40:14,023] {dagbag.py:507} INFO - Filling up the DagBag from /home/airflow/.local/lib/python3.7/site-packages/airflow/example_dags/example_task_group.py
[2022-08-22 23:40:14,048] {processor.py:651} INFO - DAG(s) dict_keys(['example_task_group']) retrieved from /home/airflow/.local/lib/python3.7/site-packages/airflow/example_dags/example_task_group.py
[2022-08-22 23:40:14,113] {logging_mixin.py:115} INFO - [2022-08-22 23:40:14,113] {dag.py:2371} INFO - Sync 1 DAGs
[2022-08-22 23:40:14,171] {logging_mixin.py:115} INFO - [2022-08-22 23:40:14,171] {dag.py:2919} INFO - Setting next_dagrun for example_task_group to 2022-08-21T23:40:14.170498+00:00, run_after=2022-08-22T23:40:14.170498+00:00
[2022-08-22 23:40:14,215] {processor.py:161} INFO - Processing /home/airflow/.local/lib/python3.7/site-packages/airflow/example_dags/example_task_group.py took 0.204 seconds
[2022-08-22 23:40:47,568] {processor.py:153} INFO - Started process (PID=372) to work on /home/airflow/.local/lib/python3.7/site-packages/airflow/example_dags/example_task_group.py
[2022-08-22 23:40:47,571] {processor.py:641} INFO - Processing file /home/airflow/.local/lib/python3.7/site-packages/airflow/example_dags/example_task_group.py for tasks to queue
[2022-08-22 23:40:47,580] {logging_mixin.py:115} INFO - [2022-08-22 23:40:47,579] {dagbag.py:507} INFO - Filling up the DagBag from /home/airflow/.local/lib/python3.7/site-packages/airflow/example_dags/example_task_group.py
[2022-08-22 23:40:47,607] {processor.py:651} INFO - DAG(s) dict_keys(['example_task_group']) retrieved from /home/airflow/.local/lib/python3.7/site-packages/airflow/example_dags/example_task_group.py
[2022-08-22 23:40:47,712] {logging_mixin.py:115} INFO - [2022-08-22 23:40:47,712] {dag.py:2371} INFO - Sync 1 DAGs
[2022-08-22 23:40:47,790] {logging_mixin.py:115} INFO - [2022-08-22 23:40:47,790] {dag.py:2919} INFO - Setting next_dagrun for example_task_group to 2022-08-21T23:40:47.789593+00:00, run_after=2022-08-22T23:40:47.789593+00:00
[2022-08-22 23:40:47,832] {processor.py:161} INFO - Processing /home/airflow/.local/lib/python3.7/site-packages/airflow/example_dags/example_task_group.py took 0.274 seconds
[2022-08-22 23:41:18,570] {processor.py:153} INFO - Started process (PID=440) to work on /home/airflow/.local/lib/python3.7/site-packages/airflow/example_dags/example_task_group.py
[2022-08-22 23:41:18,572] {processor.py:641} INFO - Processing file /home/airflow/.local/lib/python3.7/site-packages/airflow/example_dags/example_task_group.py for tasks to queue
[2022-08-22 23:41:18,574] {logging_mixin.py:115} INFO - [2022-08-22 23:41:18,573] {dagbag.py:507} INFO - Filling up the DagBag from /home/airflow/.local/lib/python3.7/site-packages/airflow/example_dags/example_task_group.py
[2022-08-22 23:41:18,599] {processor.py:651} INFO - DAG(s) dict_keys(['example_task_group']) retrieved from /home/airflow/.local/lib/python3.7/site-packages/airflow/example_dags/example_task_group.py
[2022-08-22 23:41:18,688] {logging_mixin.py:115} INFO - [2022-08-22 23:41:18,688] {dag.py:2371} INFO - Sync 1 DAGs
[2022-08-22 23:41:18,752] {logging_mixin.py:115} INFO - [2022-08-22 23:41:18,751] {dag.py:2919} INFO - Setting next_dagrun for example_task_group to 2022-08-21T23:41:18.750790+00:00, run_after=2022-08-22T23:41:18.750790+00:00
[2022-08-22 23:41:18,790] {processor.py:161} INFO - Processing /home/airflow/.local/lib/python3.7/site-packages/airflow/example_dags/example_task_group.py took 0.227 seconds
[2022-08-22 23:41:49,513] {processor.py:153} INFO - Started process (PID=507) to work on /home/airflow/.local/lib/python3.7/site-packages/airflow/example_dags/example_task_group.py
[2022-08-22 23:41:49,515] {processor.py:641} INFO - Processing file /home/airflow/.local/lib/python3.7/site-packages/airflow/example_dags/example_task_group.py for tasks to queue
[2022-08-22 23:41:49,517] {logging_mixin.py:115} INFO - [2022-08-22 23:41:49,517] {dagbag.py:507} INFO - Filling up the DagBag from /home/airflow/.local/lib/python3.7/site-packages/airflow/example_dags/example_task_group.py
[2022-08-22 23:41:49,543] {processor.py:651} INFO - DAG(s) dict_keys(['example_task_group']) retrieved from /home/airflow/.local/lib/python3.7/site-packages/airflow/example_dags/example_task_group.py
[2022-08-22 23:41:49,607] {logging_mixin.py:115} INFO - [2022-08-22 23:41:49,607] {dag.py:2371} INFO - Sync 1 DAGs
[2022-08-22 23:41:49,663] {logging_mixin.py:115} INFO - [2022-08-22 23:41:49,662] {dag.py:2919} INFO - Setting next_dagrun for example_task_group to 2022-08-21T23:41:49.662427+00:00, run_after=2022-08-22T23:41:49.662427+00:00
[2022-08-22 23:41:49,695] {processor.py:161} INFO - Processing /home/airflow/.local/lib/python3.7/site-packages/airflow/example_dags/example_task_group.py took 0.190 seconds
[2022-08-22 23:42:20,577] {processor.py:153} INFO - Started process (PID=587) to work on /home/airflow/.local/lib/python3.7/site-packages/airflow/example_dags/example_task_group.py
[2022-08-22 23:42:20,578] {processor.py:641} INFO - Processing file /home/airflow/.local/lib/python3.7/site-packages/airflow/example_dags/example_task_group.py for tasks to queue
[2022-08-22 23:42:20,580] {logging_mixin.py:115} INFO - [2022-08-22 23:42:20,580] {dagbag.py:507} INFO - Filling up the DagBag from /home/airflow/.local/lib/python3.7/site-packages/airflow/example_dags/example_task_group.py
[2022-08-22 23:42:20,604] {processor.py:651} INFO - DAG(s) dict_keys(['example_task_group']) retrieved from /home/airflow/.local/lib/python3.7/site-packages/airflow/example_dags/example_task_group.py
[2022-08-22 23:42:20,663] {logging_mixin.py:115} INFO - [2022-08-22 23:42:20,662] {dag.py:2371} INFO - Sync 1 DAGs
[2022-08-22 23:42:20,714] {logging_mixin.py:115} INFO - [2022-08-22 23:42:20,714] {dag.py:2919} INFO - Setting next_dagrun for example_task_group to 2022-08-21T23:42:20.713696+00:00, run_after=2022-08-22T23:42:20.713696+00:00
[2022-08-22 23:42:20,738] {processor.py:161} INFO - Processing /home/airflow/.local/lib/python3.7/site-packages/airflow/example_dags/example_task_group.py took 0.167 seconds
[2022-08-22 23:42:51,533] {processor.py:153} INFO - Started process (PID=655) to work on /home/airflow/.local/lib/python3.7/site-packages/airflow/example_dags/example_task_group.py
[2022-08-22 23:42:51,535] {processor.py:641} INFO - Processing file /home/airflow/.local/lib/python3.7/site-packages/airflow/example_dags/example_task_group.py for tasks to queue
[2022-08-22 23:42:51,537] {logging_mixin.py:115} INFO - [2022-08-22 23:42:51,537] {dagbag.py:507} INFO - Filling up the DagBag from /home/airflow/.local/lib/python3.7/site-packages/airflow/example_dags/example_task_group.py
[2022-08-22 23:42:51,558] {processor.py:651} INFO - DAG(s) dict_keys(['example_task_group']) retrieved from /home/airflow/.local/lib/python3.7/site-packages/airflow/example_dags/example_task_group.py
[2022-08-22 23:42:51,624] {logging_mixin.py:115} INFO - [2022-08-22 23:42:51,623] {dag.py:2371} INFO - Sync 1 DAGs
[2022-08-22 23:42:51,676] {logging_mixin.py:115} INFO - [2022-08-22 23:42:51,676] {dag.py:2919} INFO - Setting next_dagrun for example_task_group to 2022-08-21T23:42:51.675630+00:00, run_after=2022-08-22T23:42:51.675630+00:00
[2022-08-22 23:42:51,708] {processor.py:161} INFO - Processing /home/airflow/.local/lib/python3.7/site-packages/airflow/example_dags/example_task_group.py took 0.183 seconds
[2022-08-22 23:43:21,952] {processor.py:153} INFO - Started process (PID=728) to work on /home/airflow/.local/lib/python3.7/site-packages/airflow/example_dags/example_task_group.py
[2022-08-22 23:43:21,955] {processor.py:641} INFO - Processing file /home/airflow/.local/lib/python3.7/site-packages/airflow/example_dags/example_task_group.py for tasks to queue
[2022-08-22 23:43:21,957] {logging_mixin.py:115} INFO - [2022-08-22 23:43:21,957] {dagbag.py:507} INFO - Filling up the DagBag from /home/airflow/.local/lib/python3.7/site-packages/airflow/example_dags/example_task_group.py
[2022-08-22 23:43:21,983] {processor.py:651} INFO - DAG(s) dict_keys(['example_task_group']) retrieved from /home/airflow/.local/lib/python3.7/site-packages/airflow/example_dags/example_task_group.py
[2022-08-22 23:43:22,068] {logging_mixin.py:115} INFO - [2022-08-22 23:43:22,068] {dag.py:2371} INFO - Sync 1 DAGs
[2022-08-22 23:43:22,166] {logging_mixin.py:115} INFO - [2022-08-22 23:43:22,166] {dag.py:2919} INFO - Setting next_dagrun for example_task_group to 2022-08-21T23:43:22.165420+00:00, run_after=2022-08-22T23:43:22.165420+00:00
[2022-08-22 23:43:22,208] {processor.py:161} INFO - Processing /home/airflow/.local/lib/python3.7/site-packages/airflow/example_dags/example_task_group.py took 0.267 seconds
[2022-08-22 23:43:53,397] {processor.py:153} INFO - Started process (PID=800) to work on /home/airflow/.local/lib/python3.7/site-packages/airflow/example_dags/example_task_group.py
[2022-08-22 23:43:53,400] {processor.py:641} INFO - Processing file /home/airflow/.local/lib/python3.7/site-packages/airflow/example_dags/example_task_group.py for tasks to queue
[2022-08-22 23:43:53,403] {logging_mixin.py:115} INFO - [2022-08-22 23:43:53,402] {dagbag.py:507} INFO - Filling up the DagBag from /home/airflow/.local/lib/python3.7/site-packages/airflow/example_dags/example_task_group.py
[2022-08-22 23:43:53,420] {processor.py:651} INFO - DAG(s) dict_keys(['example_task_group']) retrieved from /home/airflow/.local/lib/python3.7/site-packages/airflow/example_dags/example_task_group.py
[2022-08-22 23:43:53,484] {logging_mixin.py:115} INFO - [2022-08-22 23:43:53,483] {dag.py:2371} INFO - Sync 1 DAGs
[2022-08-22 23:43:53,536] {logging_mixin.py:115} INFO - [2022-08-22 23:43:53,536] {dag.py:2919} INFO - Setting next_dagrun for example_task_group to 2022-08-21T23:43:53.535555+00:00, run_after=2022-08-22T23:43:53.535555+00:00
[2022-08-22 23:43:53,564] {processor.py:161} INFO - Processing /home/airflow/.local/lib/python3.7/site-packages/airflow/example_dags/example_task_group.py took 0.175 seconds
[2022-08-22 23:44:24,372] {processor.py:153} INFO - Started process (PID=866) to work on /home/airflow/.local/lib/python3.7/site-packages/airflow/example_dags/example_task_group.py
[2022-08-22 23:44:24,374] {processor.py:641} INFO - Processing file /home/airflow/.local/lib/python3.7/site-packages/airflow/example_dags/example_task_group.py for tasks to queue
[2022-08-22 23:44:24,376] {logging_mixin.py:115} INFO - [2022-08-22 23:44:24,375] {dagbag.py:507} INFO - Filling up the DagBag from /home/airflow/.local/lib/python3.7/site-packages/airflow/example_dags/example_task_group.py
[2022-08-22 23:44:24,391] {processor.py:651} INFO - DAG(s) dict_keys(['example_task_group']) retrieved from /home/airflow/.local/lib/python3.7/site-packages/airflow/example_dags/example_task_group.py
[2022-08-22 23:44:24,452] {logging_mixin.py:115} INFO - [2022-08-22 23:44:24,451] {dag.py:2371} INFO - Sync 1 DAGs
[2022-08-22 23:44:24,497] {logging_mixin.py:115} INFO - [2022-08-22 23:44:24,497] {dag.py:2919} INFO - Setting next_dagrun for example_task_group to 2022-08-21T23:44:24.496567+00:00, run_after=2022-08-22T23:44:24.496567+00:00
[2022-08-22 23:44:24,523] {processor.py:161} INFO - Processing /home/airflow/.local/lib/python3.7/site-packages/airflow/example_dags/example_task_group.py took 0.158 seconds
[2022-08-22 23:44:54,685] {processor.py:153} INFO - Started process (PID=942) to work on /home/airflow/.local/lib/python3.7/site-packages/airflow/example_dags/example_task_group.py
[2022-08-22 23:44:54,686] {processor.py:641} INFO - Processing file /home/airflow/.local/lib/python3.7/site-packages/airflow/example_dags/example_task_group.py for tasks to queue
[2022-08-22 23:44:54,686] {logging_mixin.py:115} INFO - [2022-08-22 23:44:54,686] {dagbag.py:507} INFO - Filling up the DagBag from /home/airflow/.local/lib/python3.7/site-packages/airflow/example_dags/example_task_group.py
[2022-08-22 23:44:54,695] {processor.py:651} INFO - DAG(s) dict_keys(['example_task_group']) retrieved from /home/airflow/.local/lib/python3.7/site-packages/airflow/example_dags/example_task_group.py
[2022-08-22 23:44:54,730] {logging_mixin.py:115} INFO - [2022-08-22 23:44:54,730] {dag.py:2371} INFO - Sync 1 DAGs
[2022-08-22 23:44:54,754] {logging_mixin.py:115} INFO - [2022-08-22 23:44:54,754] {dag.py:2919} INFO - Setting next_dagrun for example_task_group to 2022-08-21T23:44:54.754603+00:00, run_after=2022-08-22T23:44:54.754603+00:00
[2022-08-22 23:44:54,765] {processor.py:161} INFO - Processing /home/airflow/.local/lib/python3.7/site-packages/airflow/example_dags/example_task_group.py took 0.084 seconds
[2022-08-22 23:45:25,591] {processor.py:153} INFO - Started process (PID=1019) to work on /home/airflow/.local/lib/python3.7/site-packages/airflow/example_dags/example_task_group.py
[2022-08-22 23:45:25,592] {processor.py:641} INFO - Processing file /home/airflow/.local/lib/python3.7/site-packages/airflow/example_dags/example_task_group.py for tasks to queue
[2022-08-22 23:45:25,594] {logging_mixin.py:115} INFO - [2022-08-22 23:45:25,594] {dagbag.py:507} INFO - Filling up the DagBag from /home/airflow/.local/lib/python3.7/site-packages/airflow/example_dags/example_task_group.py
[2022-08-22 23:45:25,604] {processor.py:651} INFO - DAG(s) dict_keys(['example_task_group']) retrieved from /home/airflow/.local/lib/python3.7/site-packages/airflow/example_dags/example_task_group.py
[2022-08-22 23:45:25,638] {logging_mixin.py:115} INFO - [2022-08-22 23:45:25,638] {dag.py:2371} INFO - Sync 1 DAGs
[2022-08-22 23:45:25,663] {logging_mixin.py:115} INFO - [2022-08-22 23:45:25,662] {dag.py:2919} INFO - Setting next_dagrun for example_task_group to 2022-08-21T23:45:25.662693+00:00, run_after=2022-08-22T23:45:25.662693+00:00
[2022-08-22 23:45:25,675] {processor.py:161} INFO - Processing /home/airflow/.local/lib/python3.7/site-packages/airflow/example_dags/example_task_group.py took 0.088 seconds
[2022-08-22 23:45:57,000] {processor.py:153} INFO - Started process (PID=1087) to work on /home/airflow/.local/lib/python3.7/site-packages/airflow/example_dags/example_task_group.py
[2022-08-22 23:45:57,001] {processor.py:641} INFO - Processing file /home/airflow/.local/lib/python3.7/site-packages/airflow/example_dags/example_task_group.py for tasks to queue
[2022-08-22 23:45:57,002] {logging_mixin.py:115} INFO - [2022-08-22 23:45:57,002] {dagbag.py:507} INFO - Filling up the DagBag from /home/airflow/.local/lib/python3.7/site-packages/airflow/example_dags/example_task_group.py
[2022-08-22 23:45:57,010] {processor.py:651} INFO - DAG(s) dict_keys(['example_task_group']) retrieved from /home/airflow/.local/lib/python3.7/site-packages/airflow/example_dags/example_task_group.py
[2022-08-22 23:45:57,038] {logging_mixin.py:115} INFO - [2022-08-22 23:45:57,037] {dag.py:2371} INFO - Sync 1 DAGs
[2022-08-22 23:45:57,061] {logging_mixin.py:115} INFO - [2022-08-22 23:45:57,061] {dag.py:2919} INFO - Setting next_dagrun for example_task_group to 2022-08-21T23:45:57.061401+00:00, run_after=2022-08-22T23:45:57.061401+00:00
[2022-08-22 23:45:57,073] {processor.py:161} INFO - Processing /home/airflow/.local/lib/python3.7/site-packages/airflow/example_dags/example_task_group.py took 0.077 seconds
[2022-08-22 23:46:28,078] {processor.py:153} INFO - Started process (PID=1164) to work on /home/airflow/.local/lib/python3.7/site-packages/airflow/example_dags/example_task_group.py
[2022-08-22 23:46:28,080] {processor.py:641} INFO - Processing file /home/airflow/.local/lib/python3.7/site-packages/airflow/example_dags/example_task_group.py for tasks to queue
[2022-08-22 23:46:28,081] {logging_mixin.py:115} INFO - [2022-08-22 23:46:28,081] {dagbag.py:507} INFO - Filling up the DagBag from /home/airflow/.local/lib/python3.7/site-packages/airflow/example_dags/example_task_group.py
[2022-08-22 23:46:28,088] {processor.py:651} INFO - DAG(s) dict_keys(['example_task_group']) retrieved from /home/airflow/.local/lib/python3.7/site-packages/airflow/example_dags/example_task_group.py
[2022-08-22 23:46:28,118] {logging_mixin.py:115} INFO - [2022-08-22 23:46:28,118] {dag.py:2371} INFO - Sync 1 DAGs
[2022-08-22 23:46:28,142] {logging_mixin.py:115} INFO - [2022-08-22 23:46:28,142] {dag.py:2919} INFO - Setting next_dagrun for example_task_group to 2022-08-21T23:46:28.142288+00:00, run_after=2022-08-22T23:46:28.142288+00:00
[2022-08-22 23:46:28,155] {processor.py:161} INFO - Processing /home/airflow/.local/lib/python3.7/site-packages/airflow/example_dags/example_task_group.py took 0.080 seconds
[2022-08-22 23:46:58,798] {processor.py:153} INFO - Started process (PID=1241) to work on /home/airflow/.local/lib/python3.7/site-packages/airflow/example_dags/example_task_group.py
[2022-08-22 23:46:58,799] {processor.py:641} INFO - Processing file /home/airflow/.local/lib/python3.7/site-packages/airflow/example_dags/example_task_group.py for tasks to queue
[2022-08-22 23:46:58,800] {logging_mixin.py:115} INFO - [2022-08-22 23:46:58,800] {dagbag.py:507} INFO - Filling up the DagBag from /home/airflow/.local/lib/python3.7/site-packages/airflow/example_dags/example_task_group.py
[2022-08-22 23:46:58,808] {processor.py:651} INFO - DAG(s) dict_keys(['example_task_group']) retrieved from /home/airflow/.local/lib/python3.7/site-packages/airflow/example_dags/example_task_group.py
[2022-08-22 23:46:58,838] {logging_mixin.py:115} INFO - [2022-08-22 23:46:58,837] {dag.py:2371} INFO - Sync 1 DAGs
[2022-08-22 23:46:58,862] {logging_mixin.py:115} INFO - [2022-08-22 23:46:58,861] {dag.py:2919} INFO - Setting next_dagrun for example_task_group to 2022-08-21T23:46:58.861742+00:00, run_after=2022-08-22T23:46:58.861742+00:00
[2022-08-22 23:46:58,873] {processor.py:161} INFO - Processing /home/airflow/.local/lib/python3.7/site-packages/airflow/example_dags/example_task_group.py took 0.079 seconds
[2022-08-22 23:47:29,323] {processor.py:153} INFO - Started process (PID=1318) to work on /home/airflow/.local/lib/python3.7/site-packages/airflow/example_dags/example_task_group.py
[2022-08-22 23:47:29,324] {processor.py:641} INFO - Processing file /home/airflow/.local/lib/python3.7/site-packages/airflow/example_dags/example_task_group.py for tasks to queue
[2022-08-22 23:47:29,325] {logging_mixin.py:115} INFO - [2022-08-22 23:47:29,325] {dagbag.py:507} INFO - Filling up the DagBag from /home/airflow/.local/lib/python3.7/site-packages/airflow/example_dags/example_task_group.py
[2022-08-22 23:47:29,333] {processor.py:651} INFO - DAG(s) dict_keys(['example_task_group']) retrieved from /home/airflow/.local/lib/python3.7/site-packages/airflow/example_dags/example_task_group.py
[2022-08-22 23:47:29,361] {logging_mixin.py:115} INFO - [2022-08-22 23:47:29,361] {dag.py:2371} INFO - Sync 1 DAGs
[2022-08-22 23:47:29,382] {logging_mixin.py:115} INFO - [2022-08-22 23:47:29,382] {dag.py:2919} INFO - Setting next_dagrun for example_task_group to 2022-08-21T23:47:29.382367+00:00, run_after=2022-08-22T23:47:29.382367+00:00
[2022-08-22 23:47:29,394] {processor.py:161} INFO - Processing /home/airflow/.local/lib/python3.7/site-packages/airflow/example_dags/example_task_group.py took 0.074 seconds
[2022-08-22 23:47:59,997] {processor.py:153} INFO - Started process (PID=1386) to work on /home/airflow/.local/lib/python3.7/site-packages/airflow/example_dags/example_task_group.py
[2022-08-22 23:47:59,998] {processor.py:641} INFO - Processing file /home/airflow/.local/lib/python3.7/site-packages/airflow/example_dags/example_task_group.py for tasks to queue
[2022-08-22 23:47:59,999] {logging_mixin.py:115} INFO - [2022-08-22 23:47:59,999] {dagbag.py:507} INFO - Filling up the DagBag from /home/airflow/.local/lib/python3.7/site-packages/airflow/example_dags/example_task_group.py
[2022-08-22 23:48:00,007] {processor.py:651} INFO - DAG(s) dict_keys(['example_task_group']) retrieved from /home/airflow/.local/lib/python3.7/site-packages/airflow/example_dags/example_task_group.py
[2022-08-22 23:48:00,036] {logging_mixin.py:115} INFO - [2022-08-22 23:48:00,036] {dag.py:2371} INFO - Sync 1 DAGs
[2022-08-22 23:48:00,059] {logging_mixin.py:115} INFO - [2022-08-22 23:48:00,059] {dag.py:2919} INFO - Setting next_dagrun for example_task_group to 2022-08-21T23:48:00.059116+00:00, run_after=2022-08-22T23:48:00.059116+00:00
[2022-08-22 23:48:00,070] {processor.py:161} INFO - Processing /home/airflow/.local/lib/python3.7/site-packages/airflow/example_dags/example_task_group.py took 0.077 seconds
[2022-08-22 23:48:30,420] {processor.py:153} INFO - Started process (PID=1463) to work on /home/airflow/.local/lib/python3.7/site-packages/airflow/example_dags/example_task_group.py
[2022-08-22 23:48:30,422] {processor.py:641} INFO - Processing file /home/airflow/.local/lib/python3.7/site-packages/airflow/example_dags/example_task_group.py for tasks to queue
[2022-08-22 23:48:30,422] {logging_mixin.py:115} INFO - [2022-08-22 23:48:30,422] {dagbag.py:507} INFO - Filling up the DagBag from /home/airflow/.local/lib/python3.7/site-packages/airflow/example_dags/example_task_group.py
[2022-08-22 23:48:30,430] {processor.py:651} INFO - DAG(s) dict_keys(['example_task_group']) retrieved from /home/airflow/.local/lib/python3.7/site-packages/airflow/example_dags/example_task_group.py
[2022-08-22 23:48:30,458] {logging_mixin.py:115} INFO - [2022-08-22 23:48:30,458] {dag.py:2371} INFO - Sync 1 DAGs
[2022-08-22 23:48:30,479] {logging_mixin.py:115} INFO - [2022-08-22 23:48:30,479] {dag.py:2919} INFO - Setting next_dagrun for example_task_group to 2022-08-21T23:48:30.479106+00:00, run_after=2022-08-22T23:48:30.479106+00:00
[2022-08-22 23:48:30,492] {processor.py:161} INFO - Processing /home/airflow/.local/lib/python3.7/site-packages/airflow/example_dags/example_task_group.py took 0.074 seconds
[2022-08-22 23:49:01,006] {processor.py:153} INFO - Started process (PID=1540) to work on /home/airflow/.local/lib/python3.7/site-packages/airflow/example_dags/example_task_group.py
[2022-08-22 23:49:01,007] {processor.py:641} INFO - Processing file /home/airflow/.local/lib/python3.7/site-packages/airflow/example_dags/example_task_group.py for tasks to queue
[2022-08-22 23:49:01,008] {logging_mixin.py:115} INFO - [2022-08-22 23:49:01,008] {dagbag.py:507} INFO - Filling up the DagBag from /home/airflow/.local/lib/python3.7/site-packages/airflow/example_dags/example_task_group.py
[2022-08-22 23:49:01,016] {processor.py:651} INFO - DAG(s) dict_keys(['example_task_group']) retrieved from /home/airflow/.local/lib/python3.7/site-packages/airflow/example_dags/example_task_group.py
[2022-08-22 23:49:01,043] {logging_mixin.py:115} INFO - [2022-08-22 23:49:01,043] {dag.py:2371} INFO - Sync 1 DAGs
[2022-08-22 23:49:01,065] {logging_mixin.py:115} INFO - [2022-08-22 23:49:01,065] {dag.py:2919} INFO - Setting next_dagrun for example_task_group to 2022-08-21T23:49:01.065601+00:00, run_after=2022-08-22T23:49:01.065601+00:00
[2022-08-22 23:49:01,077] {processor.py:161} INFO - Processing /home/airflow/.local/lib/python3.7/site-packages/airflow/example_dags/example_task_group.py took 0.074 seconds
[2022-08-22 23:49:31,780] {processor.py:153} INFO - Started process (PID=1617) to work on /home/airflow/.local/lib/python3.7/site-packages/airflow/example_dags/example_task_group.py
[2022-08-22 23:49:31,782] {processor.py:641} INFO - Processing file /home/airflow/.local/lib/python3.7/site-packages/airflow/example_dags/example_task_group.py for tasks to queue
[2022-08-22 23:49:31,783] {logging_mixin.py:115} INFO - [2022-08-22 23:49:31,783] {dagbag.py:507} INFO - Filling up the DagBag from /home/airflow/.local/lib/python3.7/site-packages/airflow/example_dags/example_task_group.py
[2022-08-22 23:49:31,791] {processor.py:651} INFO - DAG(s) dict_keys(['example_task_group']) retrieved from /home/airflow/.local/lib/python3.7/site-packages/airflow/example_dags/example_task_group.py
[2022-08-22 23:49:31,820] {logging_mixin.py:115} INFO - [2022-08-22 23:49:31,820] {dag.py:2371} INFO - Sync 1 DAGs
[2022-08-22 23:49:31,844] {logging_mixin.py:115} INFO - [2022-08-22 23:49:31,843] {dag.py:2919} INFO - Setting next_dagrun for example_task_group to 2022-08-21T23:49:31.843636+00:00, run_after=2022-08-22T23:49:31.843636+00:00
[2022-08-22 23:49:31,857] {processor.py:161} INFO - Processing /home/airflow/.local/lib/python3.7/site-packages/airflow/example_dags/example_task_group.py took 0.079 seconds
[2022-08-22 23:50:02,282] {processor.py:153} INFO - Started process (PID=1685) to work on /home/airflow/.local/lib/python3.7/site-packages/airflow/example_dags/example_task_group.py
[2022-08-22 23:50:02,284] {processor.py:641} INFO - Processing file /home/airflow/.local/lib/python3.7/site-packages/airflow/example_dags/example_task_group.py for tasks to queue
[2022-08-22 23:50:02,285] {logging_mixin.py:115} INFO - [2022-08-22 23:50:02,285] {dagbag.py:507} INFO - Filling up the DagBag from /home/airflow/.local/lib/python3.7/site-packages/airflow/example_dags/example_task_group.py
[2022-08-22 23:50:02,293] {processor.py:651} INFO - DAG(s) dict_keys(['example_task_group']) retrieved from /home/airflow/.local/lib/python3.7/site-packages/airflow/example_dags/example_task_group.py
[2022-08-22 23:50:02,321] {logging_mixin.py:115} INFO - [2022-08-22 23:50:02,321] {dag.py:2371} INFO - Sync 1 DAGs
[2022-08-22 23:50:02,344] {logging_mixin.py:115} INFO - [2022-08-22 23:50:02,343] {dag.py:2919} INFO - Setting next_dagrun for example_task_group to 2022-08-21T23:50:02.343689+00:00, run_after=2022-08-22T23:50:02.343689+00:00
[2022-08-22 23:50:02,355] {processor.py:161} INFO - Processing /home/airflow/.local/lib/python3.7/site-packages/airflow/example_dags/example_task_group.py took 0.076 seconds
[2022-08-22 23:50:32,829] {processor.py:153} INFO - Started process (PID=1762) to work on /home/airflow/.local/lib/python3.7/site-packages/airflow/example_dags/example_task_group.py
[2022-08-22 23:50:32,830] {processor.py:641} INFO - Processing file /home/airflow/.local/lib/python3.7/site-packages/airflow/example_dags/example_task_group.py for tasks to queue
[2022-08-22 23:50:32,831] {logging_mixin.py:115} INFO - [2022-08-22 23:50:32,831] {dagbag.py:507} INFO - Filling up the DagBag from /home/airflow/.local/lib/python3.7/site-packages/airflow/example_dags/example_task_group.py
[2022-08-22 23:50:32,839] {processor.py:651} INFO - DAG(s) dict_keys(['example_task_group']) retrieved from /home/airflow/.local/lib/python3.7/site-packages/airflow/example_dags/example_task_group.py
[2022-08-22 23:50:32,867] {logging_mixin.py:115} INFO - [2022-08-22 23:50:32,867] {dag.py:2371} INFO - Sync 1 DAGs
[2022-08-22 23:50:32,893] {logging_mixin.py:115} INFO - [2022-08-22 23:50:32,892] {dag.py:2919} INFO - Setting next_dagrun for example_task_group to 2022-08-21T23:50:32.892655+00:00, run_after=2022-08-22T23:50:32.892655+00:00
[2022-08-22 23:50:32,908] {processor.py:161} INFO - Processing /home/airflow/.local/lib/python3.7/site-packages/airflow/example_dags/example_task_group.py took 0.083 seconds
[2022-08-22 23:51:03,409] {processor.py:153} INFO - Started process (PID=1839) to work on /home/airflow/.local/lib/python3.7/site-packages/airflow/example_dags/example_task_group.py
[2022-08-22 23:51:03,410] {processor.py:641} INFO - Processing file /home/airflow/.local/lib/python3.7/site-packages/airflow/example_dags/example_task_group.py for tasks to queue
[2022-08-22 23:51:03,411] {logging_mixin.py:115} INFO - [2022-08-22 23:51:03,411] {dagbag.py:507} INFO - Filling up the DagBag from /home/airflow/.local/lib/python3.7/site-packages/airflow/example_dags/example_task_group.py
[2022-08-22 23:51:03,420] {processor.py:651} INFO - DAG(s) dict_keys(['example_task_group']) retrieved from /home/airflow/.local/lib/python3.7/site-packages/airflow/example_dags/example_task_group.py
[2022-08-22 23:51:03,446] {logging_mixin.py:115} INFO - [2022-08-22 23:51:03,446] {dag.py:2371} INFO - Sync 1 DAGs
[2022-08-22 23:51:03,470] {logging_mixin.py:115} INFO - [2022-08-22 23:51:03,470] {dag.py:2919} INFO - Setting next_dagrun for example_task_group to 2022-08-21T23:51:03.469859+00:00, run_after=2022-08-22T23:51:03.469859+00:00
[2022-08-22 23:51:03,481] {processor.py:161} INFO - Processing /home/airflow/.local/lib/python3.7/site-packages/airflow/example_dags/example_task_group.py took 0.076 seconds
[2022-08-22 23:51:34,112] {processor.py:153} INFO - Started process (PID=1907) to work on /home/airflow/.local/lib/python3.7/site-packages/airflow/example_dags/example_task_group.py
[2022-08-22 23:51:34,113] {processor.py:641} INFO - Processing file /home/airflow/.local/lib/python3.7/site-packages/airflow/example_dags/example_task_group.py for tasks to queue
[2022-08-22 23:51:34,114] {logging_mixin.py:115} INFO - [2022-08-22 23:51:34,114] {dagbag.py:507} INFO - Filling up the DagBag from /home/airflow/.local/lib/python3.7/site-packages/airflow/example_dags/example_task_group.py
[2022-08-22 23:51:34,125] {processor.py:651} INFO - DAG(s) dict_keys(['example_task_group']) retrieved from /home/airflow/.local/lib/python3.7/site-packages/airflow/example_dags/example_task_group.py
[2022-08-22 23:51:34,154] {logging_mixin.py:115} INFO - [2022-08-22 23:51:34,153] {dag.py:2371} INFO - Sync 1 DAGs
[2022-08-22 23:51:34,176] {logging_mixin.py:115} INFO - [2022-08-22 23:51:34,176] {dag.py:2919} INFO - Setting next_dagrun for example_task_group to 2022-08-21T23:51:34.176295+00:00, run_after=2022-08-22T23:51:34.176295+00:00
[2022-08-22 23:51:34,190] {processor.py:161} INFO - Processing /home/airflow/.local/lib/python3.7/site-packages/airflow/example_dags/example_task_group.py took 0.081 seconds
[2022-08-22 23:52:04,630] {processor.py:153} INFO - Started process (PID=1984) to work on /home/airflow/.local/lib/python3.7/site-packages/airflow/example_dags/example_task_group.py
[2022-08-22 23:52:04,631] {processor.py:641} INFO - Processing file /home/airflow/.local/lib/python3.7/site-packages/airflow/example_dags/example_task_group.py for tasks to queue
[2022-08-22 23:52:04,632] {logging_mixin.py:115} INFO - [2022-08-22 23:52:04,632] {dagbag.py:507} INFO - Filling up the DagBag from /home/airflow/.local/lib/python3.7/site-packages/airflow/example_dags/example_task_group.py
[2022-08-22 23:52:04,640] {processor.py:651} INFO - DAG(s) dict_keys(['example_task_group']) retrieved from /home/airflow/.local/lib/python3.7/site-packages/airflow/example_dags/example_task_group.py
[2022-08-22 23:52:04,666] {logging_mixin.py:115} INFO - [2022-08-22 23:52:04,666] {dag.py:2371} INFO - Sync 1 DAGs
[2022-08-22 23:52:04,687] {logging_mixin.py:115} INFO - [2022-08-22 23:52:04,687] {dag.py:2919} INFO - Setting next_dagrun for example_task_group to 2022-08-21T23:52:04.687310+00:00, run_after=2022-08-22T23:52:04.687310+00:00
[2022-08-22 23:52:04,701] {processor.py:161} INFO - Processing /home/airflow/.local/lib/python3.7/site-packages/airflow/example_dags/example_task_group.py took 0.075 seconds
[2022-08-22 23:52:35,224] {processor.py:153} INFO - Started process (PID=2061) to work on /home/airflow/.local/lib/python3.7/site-packages/airflow/example_dags/example_task_group.py
[2022-08-22 23:52:35,225] {processor.py:641} INFO - Processing file /home/airflow/.local/lib/python3.7/site-packages/airflow/example_dags/example_task_group.py for tasks to queue
[2022-08-22 23:52:35,226] {logging_mixin.py:115} INFO - [2022-08-22 23:52:35,226] {dagbag.py:507} INFO - Filling up the DagBag from /home/airflow/.local/lib/python3.7/site-packages/airflow/example_dags/example_task_group.py
[2022-08-22 23:52:35,235] {processor.py:651} INFO - DAG(s) dict_keys(['example_task_group']) retrieved from /home/airflow/.local/lib/python3.7/site-packages/airflow/example_dags/example_task_group.py
[2022-08-22 23:52:35,261] {logging_mixin.py:115} INFO - [2022-08-22 23:52:35,261] {dag.py:2371} INFO - Sync 1 DAGs
[2022-08-22 23:52:35,282] {logging_mixin.py:115} INFO - [2022-08-22 23:52:35,282] {dag.py:2919} INFO - Setting next_dagrun for example_task_group to 2022-08-21T23:52:35.281971+00:00, run_after=2022-08-22T23:52:35.281971+00:00
[2022-08-22 23:52:35,293] {processor.py:161} INFO - Processing /home/airflow/.local/lib/python3.7/site-packages/airflow/example_dags/example_task_group.py took 0.073 seconds
[2022-08-22 23:53:05,748] {processor.py:153} INFO - Started process (PID=2138) to work on /home/airflow/.local/lib/python3.7/site-packages/airflow/example_dags/example_task_group.py
[2022-08-22 23:53:05,749] {processor.py:641} INFO - Processing file /home/airflow/.local/lib/python3.7/site-packages/airflow/example_dags/example_task_group.py for tasks to queue
[2022-08-22 23:53:05,750] {logging_mixin.py:115} INFO - [2022-08-22 23:53:05,750] {dagbag.py:507} INFO - Filling up the DagBag from /home/airflow/.local/lib/python3.7/site-packages/airflow/example_dags/example_task_group.py
[2022-08-22 23:53:05,758] {processor.py:651} INFO - DAG(s) dict_keys(['example_task_group']) retrieved from /home/airflow/.local/lib/python3.7/site-packages/airflow/example_dags/example_task_group.py
[2022-08-22 23:53:05,785] {logging_mixin.py:115} INFO - [2022-08-22 23:53:05,784] {dag.py:2371} INFO - Sync 1 DAGs
[2022-08-22 23:53:05,806] {logging_mixin.py:115} INFO - [2022-08-22 23:53:05,806] {dag.py:2919} INFO - Setting next_dagrun for example_task_group to 2022-08-21T23:53:05.806416+00:00, run_after=2022-08-22T23:53:05.806416+00:00
[2022-08-22 23:53:05,817] {processor.py:161} INFO - Processing /home/airflow/.local/lib/python3.7/site-packages/airflow/example_dags/example_task_group.py took 0.072 seconds
[2022-08-22 23:53:36,263] {processor.py:153} INFO - Started process (PID=2213) to work on /home/airflow/.local/lib/python3.7/site-packages/airflow/example_dags/example_task_group.py
[2022-08-22 23:53:36,264] {processor.py:641} INFO - Processing file /home/airflow/.local/lib/python3.7/site-packages/airflow/example_dags/example_task_group.py for tasks to queue
[2022-08-22 23:53:36,264] {logging_mixin.py:115} INFO - [2022-08-22 23:53:36,264] {dagbag.py:507} INFO - Filling up the DagBag from /home/airflow/.local/lib/python3.7/site-packages/airflow/example_dags/example_task_group.py
[2022-08-22 23:53:36,273] {processor.py:651} INFO - DAG(s) dict_keys(['example_task_group']) retrieved from /home/airflow/.local/lib/python3.7/site-packages/airflow/example_dags/example_task_group.py
[2022-08-22 23:53:36,300] {logging_mixin.py:115} INFO - [2022-08-22 23:53:36,300] {dag.py:2371} INFO - Sync 1 DAGs
[2022-08-22 23:53:36,321] {logging_mixin.py:115} INFO - [2022-08-22 23:53:36,321] {dag.py:2919} INFO - Setting next_dagrun for example_task_group to 2022-08-21T23:53:36.321599+00:00, run_after=2022-08-22T23:53:36.321599+00:00
[2022-08-22 23:53:36,333] {processor.py:161} INFO - Processing /home/airflow/.local/lib/python3.7/site-packages/airflow/example_dags/example_task_group.py took 0.073 seconds
[2022-08-22 23:54:06,872] {processor.py:153} INFO - Started process (PID=2283) to work on /home/airflow/.local/lib/python3.7/site-packages/airflow/example_dags/example_task_group.py
[2022-08-22 23:54:06,873] {processor.py:641} INFO - Processing file /home/airflow/.local/lib/python3.7/site-packages/airflow/example_dags/example_task_group.py for tasks to queue
[2022-08-22 23:54:06,874] {logging_mixin.py:115} INFO - [2022-08-22 23:54:06,874] {dagbag.py:507} INFO - Filling up the DagBag from /home/airflow/.local/lib/python3.7/site-packages/airflow/example_dags/example_task_group.py
[2022-08-22 23:54:06,882] {processor.py:651} INFO - DAG(s) dict_keys(['example_task_group']) retrieved from /home/airflow/.local/lib/python3.7/site-packages/airflow/example_dags/example_task_group.py
[2022-08-22 23:54:06,910] {logging_mixin.py:115} INFO - [2022-08-22 23:54:06,910] {dag.py:2371} INFO - Sync 1 DAGs
[2022-08-22 23:54:06,933] {logging_mixin.py:115} INFO - [2022-08-22 23:54:06,933] {dag.py:2919} INFO - Setting next_dagrun for example_task_group to 2022-08-21T23:54:06.932814+00:00, run_after=2022-08-22T23:54:06.932814+00:00
[2022-08-22 23:54:06,944] {processor.py:161} INFO - Processing /home/airflow/.local/lib/python3.7/site-packages/airflow/example_dags/example_task_group.py took 0.076 seconds
[2022-08-22 23:54:37,467] {processor.py:153} INFO - Started process (PID=2360) to work on /home/airflow/.local/lib/python3.7/site-packages/airflow/example_dags/example_task_group.py
[2022-08-22 23:54:37,467] {processor.py:641} INFO - Processing file /home/airflow/.local/lib/python3.7/site-packages/airflow/example_dags/example_task_group.py for tasks to queue
[2022-08-22 23:54:37,468] {logging_mixin.py:115} INFO - [2022-08-22 23:54:37,468] {dagbag.py:507} INFO - Filling up the DagBag from /home/airflow/.local/lib/python3.7/site-packages/airflow/example_dags/example_task_group.py
[2022-08-22 23:54:37,476] {processor.py:651} INFO - DAG(s) dict_keys(['example_task_group']) retrieved from /home/airflow/.local/lib/python3.7/site-packages/airflow/example_dags/example_task_group.py
[2022-08-22 23:54:37,505] {logging_mixin.py:115} INFO - [2022-08-22 23:54:37,505] {dag.py:2371} INFO - Sync 1 DAGs
[2022-08-22 23:54:37,526] {logging_mixin.py:115} INFO - [2022-08-22 23:54:37,525] {dag.py:2919} INFO - Setting next_dagrun for example_task_group to 2022-08-21T23:54:37.525700+00:00, run_after=2022-08-22T23:54:37.525700+00:00
[2022-08-22 23:54:37,536] {processor.py:161} INFO - Processing /home/airflow/.local/lib/python3.7/site-packages/airflow/example_dags/example_task_group.py took 0.072 seconds
[2022-08-22 23:55:08,239] {processor.py:153} INFO - Started process (PID=2437) to work on /home/airflow/.local/lib/python3.7/site-packages/airflow/example_dags/example_task_group.py
[2022-08-22 23:55:08,239] {processor.py:641} INFO - Processing file /home/airflow/.local/lib/python3.7/site-packages/airflow/example_dags/example_task_group.py for tasks to queue
[2022-08-22 23:55:08,240] {logging_mixin.py:115} INFO - [2022-08-22 23:55:08,240] {dagbag.py:507} INFO - Filling up the DagBag from /home/airflow/.local/lib/python3.7/site-packages/airflow/example_dags/example_task_group.py
[2022-08-22 23:55:08,248] {processor.py:651} INFO - DAG(s) dict_keys(['example_task_group']) retrieved from /home/airflow/.local/lib/python3.7/site-packages/airflow/example_dags/example_task_group.py
[2022-08-22 23:55:08,273] {logging_mixin.py:115} INFO - [2022-08-22 23:55:08,273] {dag.py:2371} INFO - Sync 1 DAGs
[2022-08-22 23:55:08,295] {logging_mixin.py:115} INFO - [2022-08-22 23:55:08,295] {dag.py:2919} INFO - Setting next_dagrun for example_task_group to 2022-08-21T23:55:08.295081+00:00, run_after=2022-08-22T23:55:08.295081+00:00
[2022-08-22 23:55:08,306] {processor.py:161} INFO - Processing /home/airflow/.local/lib/python3.7/site-packages/airflow/example_dags/example_task_group.py took 0.070 seconds
[2022-08-22 23:55:38,820] {processor.py:153} INFO - Started process (PID=2514) to work on /home/airflow/.local/lib/python3.7/site-packages/airflow/example_dags/example_task_group.py
[2022-08-22 23:55:38,820] {processor.py:641} INFO - Processing file /home/airflow/.local/lib/python3.7/site-packages/airflow/example_dags/example_task_group.py for tasks to queue
[2022-08-22 23:55:38,821] {logging_mixin.py:115} INFO - [2022-08-22 23:55:38,821] {dagbag.py:507} INFO - Filling up the DagBag from /home/airflow/.local/lib/python3.7/site-packages/airflow/example_dags/example_task_group.py
[2022-08-22 23:55:38,829] {processor.py:651} INFO - DAG(s) dict_keys(['example_task_group']) retrieved from /home/airflow/.local/lib/python3.7/site-packages/airflow/example_dags/example_task_group.py
[2022-08-22 23:55:38,856] {logging_mixin.py:115} INFO - [2022-08-22 23:55:38,856] {dag.py:2371} INFO - Sync 1 DAGs
[2022-08-22 23:55:38,879] {logging_mixin.py:115} INFO - [2022-08-22 23:55:38,879] {dag.py:2919} INFO - Setting next_dagrun for example_task_group to 2022-08-21T23:55:38.879012+00:00, run_after=2022-08-22T23:55:38.879012+00:00
[2022-08-22 23:55:38,890] {processor.py:161} INFO - Processing /home/airflow/.local/lib/python3.7/site-packages/airflow/example_dags/example_task_group.py took 0.074 seconds
[2022-08-22 23:56:09,324] {processor.py:153} INFO - Started process (PID=2582) to work on /home/airflow/.local/lib/python3.7/site-packages/airflow/example_dags/example_task_group.py
[2022-08-22 23:56:09,325] {processor.py:641} INFO - Processing file /home/airflow/.local/lib/python3.7/site-packages/airflow/example_dags/example_task_group.py for tasks to queue
[2022-08-22 23:56:09,326] {logging_mixin.py:115} INFO - [2022-08-22 23:56:09,326] {dagbag.py:507} INFO - Filling up the DagBag from /home/airflow/.local/lib/python3.7/site-packages/airflow/example_dags/example_task_group.py
[2022-08-22 23:56:09,334] {processor.py:651} INFO - DAG(s) dict_keys(['example_task_group']) retrieved from /home/airflow/.local/lib/python3.7/site-packages/airflow/example_dags/example_task_group.py
[2022-08-22 23:56:09,360] {logging_mixin.py:115} INFO - [2022-08-22 23:56:09,360] {dag.py:2371} INFO - Sync 1 DAGs
[2022-08-22 23:56:09,380] {logging_mixin.py:115} INFO - [2022-08-22 23:56:09,380] {dag.py:2919} INFO - Setting next_dagrun for example_task_group to 2022-08-21T23:56:09.379953+00:00, run_after=2022-08-22T23:56:09.379953+00:00
[2022-08-22 23:56:09,390] {processor.py:161} INFO - Processing /home/airflow/.local/lib/python3.7/site-packages/airflow/example_dags/example_task_group.py took 0.070 seconds
[2022-08-22 23:56:39,856] {processor.py:153} INFO - Started process (PID=2659) to work on /home/airflow/.local/lib/python3.7/site-packages/airflow/example_dags/example_task_group.py
[2022-08-22 23:56:39,857] {processor.py:641} INFO - Processing file /home/airflow/.local/lib/python3.7/site-packages/airflow/example_dags/example_task_group.py for tasks to queue
[2022-08-22 23:56:39,858] {logging_mixin.py:115} INFO - [2022-08-22 23:56:39,858] {dagbag.py:507} INFO - Filling up the DagBag from /home/airflow/.local/lib/python3.7/site-packages/airflow/example_dags/example_task_group.py
[2022-08-22 23:56:39,866] {processor.py:651} INFO - DAG(s) dict_keys(['example_task_group']) retrieved from /home/airflow/.local/lib/python3.7/site-packages/airflow/example_dags/example_task_group.py
[2022-08-22 23:56:39,891] {logging_mixin.py:115} INFO - [2022-08-22 23:56:39,891] {dag.py:2371} INFO - Sync 1 DAGs
[2022-08-22 23:56:39,912] {logging_mixin.py:115} INFO - [2022-08-22 23:56:39,912] {dag.py:2919} INFO - Setting next_dagrun for example_task_group to 2022-08-21T23:56:39.912196+00:00, run_after=2022-08-22T23:56:39.912196+00:00
[2022-08-22 23:56:39,923] {processor.py:161} INFO - Processing /home/airflow/.local/lib/python3.7/site-packages/airflow/example_dags/example_task_group.py took 0.070 seconds
[2022-08-22 23:57:10,162] {processor.py:153} INFO - Started process (PID=2736) to work on /home/airflow/.local/lib/python3.7/site-packages/airflow/example_dags/example_task_group.py
[2022-08-22 23:57:10,163] {processor.py:641} INFO - Processing file /home/airflow/.local/lib/python3.7/site-packages/airflow/example_dags/example_task_group.py for tasks to queue
[2022-08-22 23:57:10,164] {logging_mixin.py:115} INFO - [2022-08-22 23:57:10,164] {dagbag.py:507} INFO - Filling up the DagBag from /home/airflow/.local/lib/python3.7/site-packages/airflow/example_dags/example_task_group.py
[2022-08-22 23:57:10,172] {processor.py:651} INFO - DAG(s) dict_keys(['example_task_group']) retrieved from /home/airflow/.local/lib/python3.7/site-packages/airflow/example_dags/example_task_group.py
[2022-08-22 23:57:10,198] {logging_mixin.py:115} INFO - [2022-08-22 23:57:10,198] {dag.py:2371} INFO - Sync 1 DAGs
[2022-08-22 23:57:10,219] {logging_mixin.py:115} INFO - [2022-08-22 23:57:10,218] {dag.py:2919} INFO - Setting next_dagrun for example_task_group to 2022-08-21T23:57:10.218730+00:00, run_after=2022-08-22T23:57:10.218730+00:00
[2022-08-22 23:57:10,229] {processor.py:161} INFO - Processing /home/airflow/.local/lib/python3.7/site-packages/airflow/example_dags/example_task_group.py took 0.070 seconds
[2022-08-22 23:57:41,350] {processor.py:153} INFO - Started process (PID=2813) to work on /home/airflow/.local/lib/python3.7/site-packages/airflow/example_dags/example_task_group.py
[2022-08-22 23:57:41,351] {processor.py:641} INFO - Processing file /home/airflow/.local/lib/python3.7/site-packages/airflow/example_dags/example_task_group.py for tasks to queue
[2022-08-22 23:57:41,352] {logging_mixin.py:115} INFO - [2022-08-22 23:57:41,352] {dagbag.py:507} INFO - Filling up the DagBag from /home/airflow/.local/lib/python3.7/site-packages/airflow/example_dags/example_task_group.py
[2022-08-22 23:57:41,360] {processor.py:651} INFO - DAG(s) dict_keys(['example_task_group']) retrieved from /home/airflow/.local/lib/python3.7/site-packages/airflow/example_dags/example_task_group.py
[2022-08-22 23:57:41,386] {logging_mixin.py:115} INFO - [2022-08-22 23:57:41,386] {dag.py:2371} INFO - Sync 1 DAGs
[2022-08-22 23:57:41,407] {logging_mixin.py:115} INFO - [2022-08-22 23:57:41,407] {dag.py:2919} INFO - Setting next_dagrun for example_task_group to 2022-08-21T23:57:41.407076+00:00, run_after=2022-08-22T23:57:41.407076+00:00
[2022-08-22 23:57:41,418] {processor.py:161} INFO - Processing /home/airflow/.local/lib/python3.7/site-packages/airflow/example_dags/example_task_group.py took 0.072 seconds
[2022-08-22 23:58:11,941] {processor.py:153} INFO - Started process (PID=2881) to work on /home/airflow/.local/lib/python3.7/site-packages/airflow/example_dags/example_task_group.py
[2022-08-22 23:58:11,942] {processor.py:641} INFO - Processing file /home/airflow/.local/lib/python3.7/site-packages/airflow/example_dags/example_task_group.py for tasks to queue
[2022-08-22 23:58:11,943] {logging_mixin.py:115} INFO - [2022-08-22 23:58:11,943] {dagbag.py:507} INFO - Filling up the DagBag from /home/airflow/.local/lib/python3.7/site-packages/airflow/example_dags/example_task_group.py
[2022-08-22 23:58:11,950] {processor.py:651} INFO - DAG(s) dict_keys(['example_task_group']) retrieved from /home/airflow/.local/lib/python3.7/site-packages/airflow/example_dags/example_task_group.py
[2022-08-22 23:58:11,976] {logging_mixin.py:115} INFO - [2022-08-22 23:58:11,976] {dag.py:2371} INFO - Sync 1 DAGs
[2022-08-22 23:58:11,996] {logging_mixin.py:115} INFO - [2022-08-22 23:58:11,996] {dag.py:2919} INFO - Setting next_dagrun for example_task_group to 2022-08-21T23:58:11.996695+00:00, run_after=2022-08-22T23:58:11.996695+00:00
[2022-08-22 23:58:12,007] {processor.py:161} INFO - Processing /home/airflow/.local/lib/python3.7/site-packages/airflow/example_dags/example_task_group.py took 0.069 seconds
[2022-08-22 23:58:42,866] {processor.py:153} INFO - Started process (PID=2958) to work on /home/airflow/.local/lib/python3.7/site-packages/airflow/example_dags/example_task_group.py
[2022-08-22 23:58:42,867] {processor.py:641} INFO - Processing file /home/airflow/.local/lib/python3.7/site-packages/airflow/example_dags/example_task_group.py for tasks to queue
[2022-08-22 23:58:42,868] {logging_mixin.py:115} INFO - [2022-08-22 23:58:42,868] {dagbag.py:507} INFO - Filling up the DagBag from /home/airflow/.local/lib/python3.7/site-packages/airflow/example_dags/example_task_group.py
[2022-08-22 23:58:42,877] {processor.py:651} INFO - DAG(s) dict_keys(['example_task_group']) retrieved from /home/airflow/.local/lib/python3.7/site-packages/airflow/example_dags/example_task_group.py
[2022-08-22 23:58:42,904] {logging_mixin.py:115} INFO - [2022-08-22 23:58:42,904] {dag.py:2371} INFO - Sync 1 DAGs
[2022-08-22 23:58:42,930] {logging_mixin.py:115} INFO - [2022-08-22 23:58:42,930] {dag.py:2919} INFO - Setting next_dagrun for example_task_group to 2022-08-21T23:58:42.930286+00:00, run_after=2022-08-22T23:58:42.930286+00:00
[2022-08-22 23:58:42,944] {processor.py:161} INFO - Processing /home/airflow/.local/lib/python3.7/site-packages/airflow/example_dags/example_task_group.py took 0.082 seconds
[2022-08-22 23:59:13,396] {processor.py:153} INFO - Started process (PID=3035) to work on /home/airflow/.local/lib/python3.7/site-packages/airflow/example_dags/example_task_group.py
[2022-08-22 23:59:13,397] {processor.py:641} INFO - Processing file /home/airflow/.local/lib/python3.7/site-packages/airflow/example_dags/example_task_group.py for tasks to queue
[2022-08-22 23:59:13,398] {logging_mixin.py:115} INFO - [2022-08-22 23:59:13,398] {dagbag.py:507} INFO - Filling up the DagBag from /home/airflow/.local/lib/python3.7/site-packages/airflow/example_dags/example_task_group.py
[2022-08-22 23:59:13,406] {processor.py:651} INFO - DAG(s) dict_keys(['example_task_group']) retrieved from /home/airflow/.local/lib/python3.7/site-packages/airflow/example_dags/example_task_group.py
[2022-08-22 23:59:13,434] {logging_mixin.py:115} INFO - [2022-08-22 23:59:13,434] {dag.py:2371} INFO - Sync 1 DAGs
[2022-08-22 23:59:13,457] {logging_mixin.py:115} INFO - [2022-08-22 23:59:13,457] {dag.py:2919} INFO - Setting next_dagrun for example_task_group to 2022-08-21T23:59:13.457621+00:00, run_after=2022-08-22T23:59:13.457621+00:00
[2022-08-22 23:59:13,470] {processor.py:161} INFO - Processing /home/airflow/.local/lib/python3.7/site-packages/airflow/example_dags/example_task_group.py took 0.077 seconds
[2022-08-22 23:59:43,996] {processor.py:153} INFO - Started process (PID=3112) to work on /home/airflow/.local/lib/python3.7/site-packages/airflow/example_dags/example_task_group.py
[2022-08-22 23:59:43,996] {processor.py:641} INFO - Processing file /home/airflow/.local/lib/python3.7/site-packages/airflow/example_dags/example_task_group.py for tasks to queue
[2022-08-22 23:59:43,997] {logging_mixin.py:115} INFO - [2022-08-22 23:59:43,997] {dagbag.py:507} INFO - Filling up the DagBag from /home/airflow/.local/lib/python3.7/site-packages/airflow/example_dags/example_task_group.py
[2022-08-22 23:59:44,005] {processor.py:651} INFO - DAG(s) dict_keys(['example_task_group']) retrieved from /home/airflow/.local/lib/python3.7/site-packages/airflow/example_dags/example_task_group.py
[2022-08-22 23:59:44,033] {logging_mixin.py:115} INFO - [2022-08-22 23:59:44,033] {dag.py:2371} INFO - Sync 1 DAGs
[2022-08-22 23:59:44,057] {logging_mixin.py:115} INFO - [2022-08-22 23:59:44,057] {dag.py:2919} INFO - Setting next_dagrun for example_task_group to 2022-08-21T23:59:44.056729+00:00, run_after=2022-08-22T23:59:44.056729+00:00
[2022-08-22 23:59:44,070] {processor.py:161} INFO - Processing /home/airflow/.local/lib/python3.7/site-packages/airflow/example_dags/example_task_group.py took 0.078 seconds
