[2022-08-22 23:38:38,265] {processor.py:153} INFO - Started process (PID=85) to work on /home/airflow/.local/lib/python3.7/site-packages/airflow/example_dags/example_complex.py
[2022-08-22 23:38:38,268] {processor.py:641} INFO - Processing file /home/airflow/.local/lib/python3.7/site-packages/airflow/example_dags/example_complex.py for tasks to queue
[2022-08-22 23:38:38,272] {logging_mixin.py:115} INFO - [2022-08-22 23:38:38,271] {dagbag.py:507} INFO - Filling up the DagBag from /home/airflow/.local/lib/python3.7/site-packages/airflow/example_dags/example_complex.py
[2022-08-22 23:38:38,320] {processor.py:651} INFO - DAG(s) dict_keys(['example_complex']) retrieved from /home/airflow/.local/lib/python3.7/site-packages/airflow/example_dags/example_complex.py
[2022-08-22 23:38:38,484] {logging_mixin.py:115} INFO - [2022-08-22 23:38:38,484] {dag.py:2371} INFO - Sync 1 DAGs
[2022-08-22 23:38:38,608] {logging_mixin.py:115} INFO - [2022-08-22 23:38:38,608] {dag.py:2919} INFO - Setting next_dagrun for example_complex to None, run_after=None
[2022-08-22 23:38:38,658] {processor.py:161} INFO - Processing /home/airflow/.local/lib/python3.7/site-packages/airflow/example_dags/example_complex.py took 0.404 seconds
[2022-08-22 23:39:11,058] {processor.py:153} INFO - Started process (PID=155) to work on /home/airflow/.local/lib/python3.7/site-packages/airflow/example_dags/example_complex.py
[2022-08-22 23:39:11,062] {processor.py:641} INFO - Processing file /home/airflow/.local/lib/python3.7/site-packages/airflow/example_dags/example_complex.py for tasks to queue
[2022-08-22 23:39:11,066] {logging_mixin.py:115} INFO - [2022-08-22 23:39:11,066] {dagbag.py:507} INFO - Filling up the DagBag from /home/airflow/.local/lib/python3.7/site-packages/airflow/example_dags/example_complex.py
[2022-08-22 23:39:11,180] {processor.py:651} INFO - DAG(s) dict_keys(['example_complex']) retrieved from /home/airflow/.local/lib/python3.7/site-packages/airflow/example_dags/example_complex.py
[2022-08-22 23:39:11,644] {logging_mixin.py:115} INFO - [2022-08-22 23:39:11,642] {dag.py:2371} INFO - Sync 1 DAGs
[2022-08-22 23:39:11,919] {logging_mixin.py:115} INFO - [2022-08-22 23:39:11,919] {dag.py:2919} INFO - Setting next_dagrun for example_complex to None, run_after=None
[2022-08-22 23:39:12,063] {processor.py:161} INFO - Processing /home/airflow/.local/lib/python3.7/site-packages/airflow/example_dags/example_complex.py took 1.016 seconds
[2022-08-22 23:39:42,138] {processor.py:153} INFO - Started process (PID=223) to work on /home/airflow/.local/lib/python3.7/site-packages/airflow/example_dags/example_complex.py
[2022-08-22 23:39:42,141] {processor.py:641} INFO - Processing file /home/airflow/.local/lib/python3.7/site-packages/airflow/example_dags/example_complex.py for tasks to queue
[2022-08-22 23:39:42,143] {logging_mixin.py:115} INFO - [2022-08-22 23:39:42,143] {dagbag.py:507} INFO - Filling up the DagBag from /home/airflow/.local/lib/python3.7/site-packages/airflow/example_dags/example_complex.py
[2022-08-22 23:39:42,174] {processor.py:651} INFO - DAG(s) dict_keys(['example_complex']) retrieved from /home/airflow/.local/lib/python3.7/site-packages/airflow/example_dags/example_complex.py
[2022-08-22 23:39:42,252] {logging_mixin.py:115} INFO - [2022-08-22 23:39:42,252] {dag.py:2371} INFO - Sync 1 DAGs
[2022-08-22 23:39:42,305] {logging_mixin.py:115} INFO - [2022-08-22 23:39:42,305] {dag.py:2919} INFO - Setting next_dagrun for example_complex to None, run_after=None
[2022-08-22 23:39:42,331] {processor.py:161} INFO - Processing /home/airflow/.local/lib/python3.7/site-packages/airflow/example_dags/example_complex.py took 0.207 seconds
[2022-08-22 23:40:12,753] {processor.py:153} INFO - Started process (PID=290) to work on /home/airflow/.local/lib/python3.7/site-packages/airflow/example_dags/example_complex.py
[2022-08-22 23:40:12,755] {processor.py:641} INFO - Processing file /home/airflow/.local/lib/python3.7/site-packages/airflow/example_dags/example_complex.py for tasks to queue
[2022-08-22 23:40:12,757] {logging_mixin.py:115} INFO - [2022-08-22 23:40:12,757] {dagbag.py:507} INFO - Filling up the DagBag from /home/airflow/.local/lib/python3.7/site-packages/airflow/example_dags/example_complex.py
[2022-08-22 23:40:12,799] {processor.py:651} INFO - DAG(s) dict_keys(['example_complex']) retrieved from /home/airflow/.local/lib/python3.7/site-packages/airflow/example_dags/example_complex.py
[2022-08-22 23:40:12,873] {logging_mixin.py:115} INFO - [2022-08-22 23:40:12,873] {dag.py:2371} INFO - Sync 1 DAGs
[2022-08-22 23:40:12,930] {logging_mixin.py:115} INFO - [2022-08-22 23:40:12,929] {dag.py:2919} INFO - Setting next_dagrun for example_complex to None, run_after=None
[2022-08-22 23:40:12,964] {processor.py:161} INFO - Processing /home/airflow/.local/lib/python3.7/site-packages/airflow/example_dags/example_complex.py took 0.218 seconds
[2022-08-22 23:40:46,371] {processor.py:153} INFO - Started process (PID=368) to work on /home/airflow/.local/lib/python3.7/site-packages/airflow/example_dags/example_complex.py
[2022-08-22 23:40:46,409] {processor.py:641} INFO - Processing file /home/airflow/.local/lib/python3.7/site-packages/airflow/example_dags/example_complex.py for tasks to queue
[2022-08-22 23:40:46,415] {logging_mixin.py:115} INFO - [2022-08-22 23:40:46,415] {dagbag.py:507} INFO - Filling up the DagBag from /home/airflow/.local/lib/python3.7/site-packages/airflow/example_dags/example_complex.py
[2022-08-22 23:40:46,467] {processor.py:651} INFO - DAG(s) dict_keys(['example_complex']) retrieved from /home/airflow/.local/lib/python3.7/site-packages/airflow/example_dags/example_complex.py
[2022-08-22 23:40:46,573] {logging_mixin.py:115} INFO - [2022-08-22 23:40:46,573] {dag.py:2371} INFO - Sync 1 DAGs
[2022-08-22 23:40:46,731] {logging_mixin.py:115} INFO - [2022-08-22 23:40:46,731] {dag.py:2919} INFO - Setting next_dagrun for example_complex to None, run_after=None
[2022-08-22 23:40:46,780] {processor.py:161} INFO - Processing /home/airflow/.local/lib/python3.7/site-packages/airflow/example_dags/example_complex.py took 0.420 seconds
[2022-08-22 23:41:18,011] {processor.py:153} INFO - Started process (PID=436) to work on /home/airflow/.local/lib/python3.7/site-packages/airflow/example_dags/example_complex.py
[2022-08-22 23:41:18,014] {processor.py:641} INFO - Processing file /home/airflow/.local/lib/python3.7/site-packages/airflow/example_dags/example_complex.py for tasks to queue
[2022-08-22 23:41:18,016] {logging_mixin.py:115} INFO - [2022-08-22 23:41:18,015] {dagbag.py:507} INFO - Filling up the DagBag from /home/airflow/.local/lib/python3.7/site-packages/airflow/example_dags/example_complex.py
[2022-08-22 23:41:18,057] {processor.py:651} INFO - DAG(s) dict_keys(['example_complex']) retrieved from /home/airflow/.local/lib/python3.7/site-packages/airflow/example_dags/example_complex.py
[2022-08-22 23:41:18,130] {logging_mixin.py:115} INFO - [2022-08-22 23:41:18,130] {dag.py:2371} INFO - Sync 1 DAGs
[2022-08-22 23:41:18,186] {logging_mixin.py:115} INFO - [2022-08-22 23:41:18,185] {dag.py:2919} INFO - Setting next_dagrun for example_complex to None, run_after=None
[2022-08-22 23:41:18,216] {processor.py:161} INFO - Processing /home/airflow/.local/lib/python3.7/site-packages/airflow/example_dags/example_complex.py took 0.213 seconds
[2022-08-22 23:41:48,688] {processor.py:153} INFO - Started process (PID=503) to work on /home/airflow/.local/lib/python3.7/site-packages/airflow/example_dags/example_complex.py
[2022-08-22 23:41:48,691] {processor.py:641} INFO - Processing file /home/airflow/.local/lib/python3.7/site-packages/airflow/example_dags/example_complex.py for tasks to queue
[2022-08-22 23:41:48,694] {logging_mixin.py:115} INFO - [2022-08-22 23:41:48,694] {dagbag.py:507} INFO - Filling up the DagBag from /home/airflow/.local/lib/python3.7/site-packages/airflow/example_dags/example_complex.py
[2022-08-22 23:41:48,726] {processor.py:651} INFO - DAG(s) dict_keys(['example_complex']) retrieved from /home/airflow/.local/lib/python3.7/site-packages/airflow/example_dags/example_complex.py
[2022-08-22 23:41:48,808] {logging_mixin.py:115} INFO - [2022-08-22 23:41:48,807] {dag.py:2371} INFO - Sync 1 DAGs
[2022-08-22 23:41:48,865] {logging_mixin.py:115} INFO - [2022-08-22 23:41:48,865] {dag.py:2919} INFO - Setting next_dagrun for example_complex to None, run_after=None
[2022-08-22 23:41:48,896] {processor.py:161} INFO - Processing /home/airflow/.local/lib/python3.7/site-packages/airflow/example_dags/example_complex.py took 0.218 seconds
[2022-08-22 23:42:19,798] {processor.py:153} INFO - Started process (PID=583) to work on /home/airflow/.local/lib/python3.7/site-packages/airflow/example_dags/example_complex.py
[2022-08-22 23:42:19,800] {processor.py:641} INFO - Processing file /home/airflow/.local/lib/python3.7/site-packages/airflow/example_dags/example_complex.py for tasks to queue
[2022-08-22 23:42:19,803] {logging_mixin.py:115} INFO - [2022-08-22 23:42:19,803] {dagbag.py:507} INFO - Filling up the DagBag from /home/airflow/.local/lib/python3.7/site-packages/airflow/example_dags/example_complex.py
[2022-08-22 23:42:19,833] {processor.py:651} INFO - DAG(s) dict_keys(['example_complex']) retrieved from /home/airflow/.local/lib/python3.7/site-packages/airflow/example_dags/example_complex.py
[2022-08-22 23:42:19,928] {logging_mixin.py:115} INFO - [2022-08-22 23:42:19,927] {dag.py:2371} INFO - Sync 1 DAGs
[2022-08-22 23:42:20,006] {logging_mixin.py:115} INFO - [2022-08-22 23:42:20,006] {dag.py:2919} INFO - Setting next_dagrun for example_complex to None, run_after=None
[2022-08-22 23:42:20,047] {processor.py:161} INFO - Processing /home/airflow/.local/lib/python3.7/site-packages/airflow/example_dags/example_complex.py took 0.259 seconds
[2022-08-22 23:42:50,581] {processor.py:153} INFO - Started process (PID=650) to work on /home/airflow/.local/lib/python3.7/site-packages/airflow/example_dags/example_complex.py
[2022-08-22 23:42:50,582] {processor.py:641} INFO - Processing file /home/airflow/.local/lib/python3.7/site-packages/airflow/example_dags/example_complex.py for tasks to queue
[2022-08-22 23:42:50,585] {logging_mixin.py:115} INFO - [2022-08-22 23:42:50,585] {dagbag.py:507} INFO - Filling up the DagBag from /home/airflow/.local/lib/python3.7/site-packages/airflow/example_dags/example_complex.py
[2022-08-22 23:42:50,617] {processor.py:651} INFO - DAG(s) dict_keys(['example_complex']) retrieved from /home/airflow/.local/lib/python3.7/site-packages/airflow/example_dags/example_complex.py
[2022-08-22 23:42:50,688] {logging_mixin.py:115} INFO - [2022-08-22 23:42:50,688] {dag.py:2371} INFO - Sync 1 DAGs
[2022-08-22 23:42:50,739] {logging_mixin.py:115} INFO - [2022-08-22 23:42:50,738] {dag.py:2919} INFO - Setting next_dagrun for example_complex to None, run_after=None
[2022-08-22 23:42:50,767] {processor.py:161} INFO - Processing /home/airflow/.local/lib/python3.7/site-packages/airflow/example_dags/example_complex.py took 0.193 seconds
[2022-08-22 23:43:21,154] {processor.py:153} INFO - Started process (PID=717) to work on /home/airflow/.local/lib/python3.7/site-packages/airflow/example_dags/example_complex.py
[2022-08-22 23:43:21,156] {processor.py:641} INFO - Processing file /home/airflow/.local/lib/python3.7/site-packages/airflow/example_dags/example_complex.py for tasks to queue
[2022-08-22 23:43:21,158] {logging_mixin.py:115} INFO - [2022-08-22 23:43:21,158] {dagbag.py:507} INFO - Filling up the DagBag from /home/airflow/.local/lib/python3.7/site-packages/airflow/example_dags/example_complex.py
[2022-08-22 23:43:21,195] {processor.py:651} INFO - DAG(s) dict_keys(['example_complex']) retrieved from /home/airflow/.local/lib/python3.7/site-packages/airflow/example_dags/example_complex.py
[2022-08-22 23:43:21,272] {logging_mixin.py:115} INFO - [2022-08-22 23:43:21,272] {dag.py:2371} INFO - Sync 1 DAGs
[2022-08-22 23:43:21,327] {logging_mixin.py:115} INFO - [2022-08-22 23:43:21,326] {dag.py:2919} INFO - Setting next_dagrun for example_complex to None, run_after=None
[2022-08-22 23:43:21,357] {processor.py:161} INFO - Processing /home/airflow/.local/lib/python3.7/site-packages/airflow/example_dags/example_complex.py took 0.214 seconds
[2022-08-22 23:43:52,605] {processor.py:153} INFO - Started process (PID=794) to work on /home/airflow/.local/lib/python3.7/site-packages/airflow/example_dags/example_complex.py
[2022-08-22 23:43:52,642] {processor.py:641} INFO - Processing file /home/airflow/.local/lib/python3.7/site-packages/airflow/example_dags/example_complex.py for tasks to queue
[2022-08-22 23:43:52,646] {logging_mixin.py:115} INFO - [2022-08-22 23:43:52,646] {dagbag.py:507} INFO - Filling up the DagBag from /home/airflow/.local/lib/python3.7/site-packages/airflow/example_dags/example_complex.py
[2022-08-22 23:43:52,680] {processor.py:651} INFO - DAG(s) dict_keys(['example_complex']) retrieved from /home/airflow/.local/lib/python3.7/site-packages/airflow/example_dags/example_complex.py
[2022-08-22 23:43:52,747] {logging_mixin.py:115} INFO - [2022-08-22 23:43:52,746] {dag.py:2371} INFO - Sync 1 DAGs
[2022-08-22 23:43:52,805] {logging_mixin.py:115} INFO - [2022-08-22 23:43:52,805] {dag.py:2919} INFO - Setting next_dagrun for example_complex to None, run_after=None
[2022-08-22 23:43:52,829] {processor.py:161} INFO - Processing /home/airflow/.local/lib/python3.7/site-packages/airflow/example_dags/example_complex.py took 0.234 seconds
[2022-08-22 23:44:23,514] {processor.py:153} INFO - Started process (PID=860) to work on /home/airflow/.local/lib/python3.7/site-packages/airflow/example_dags/example_complex.py
[2022-08-22 23:44:23,516] {processor.py:641} INFO - Processing file /home/airflow/.local/lib/python3.7/site-packages/airflow/example_dags/example_complex.py for tasks to queue
[2022-08-22 23:44:23,519] {logging_mixin.py:115} INFO - [2022-08-22 23:44:23,518] {dagbag.py:507} INFO - Filling up the DagBag from /home/airflow/.local/lib/python3.7/site-packages/airflow/example_dags/example_complex.py
[2022-08-22 23:44:23,554] {processor.py:651} INFO - DAG(s) dict_keys(['example_complex']) retrieved from /home/airflow/.local/lib/python3.7/site-packages/airflow/example_dags/example_complex.py
[2022-08-22 23:44:23,616] {logging_mixin.py:115} INFO - [2022-08-22 23:44:23,616] {dag.py:2371} INFO - Sync 1 DAGs
[2022-08-22 23:44:23,665] {logging_mixin.py:115} INFO - [2022-08-22 23:44:23,665] {dag.py:2919} INFO - Setting next_dagrun for example_complex to None, run_after=None
[2022-08-22 23:44:23,687] {processor.py:161} INFO - Processing /home/airflow/.local/lib/python3.7/site-packages/airflow/example_dags/example_complex.py took 0.180 seconds
[2022-08-22 23:44:53,907] {processor.py:153} INFO - Started process (PID=936) to work on /home/airflow/.local/lib/python3.7/site-packages/airflow/example_dags/example_complex.py
[2022-08-22 23:44:53,908] {processor.py:641} INFO - Processing file /home/airflow/.local/lib/python3.7/site-packages/airflow/example_dags/example_complex.py for tasks to queue
[2022-08-22 23:44:53,909] {logging_mixin.py:115} INFO - [2022-08-22 23:44:53,909] {dagbag.py:507} INFO - Filling up the DagBag from /home/airflow/.local/lib/python3.7/site-packages/airflow/example_dags/example_complex.py
[2022-08-22 23:44:53,923] {processor.py:651} INFO - DAG(s) dict_keys(['example_complex']) retrieved from /home/airflow/.local/lib/python3.7/site-packages/airflow/example_dags/example_complex.py
[2022-08-22 23:44:53,954] {logging_mixin.py:115} INFO - [2022-08-22 23:44:53,954] {dag.py:2371} INFO - Sync 1 DAGs
[2022-08-22 23:44:53,976] {logging_mixin.py:115} INFO - [2022-08-22 23:44:53,975] {dag.py:2919} INFO - Setting next_dagrun for example_complex to None, run_after=None
[2022-08-22 23:44:53,986] {processor.py:161} INFO - Processing /home/airflow/.local/lib/python3.7/site-packages/airflow/example_dags/example_complex.py took 0.082 seconds
[2022-08-22 23:45:25,309] {processor.py:153} INFO - Started process (PID=1015) to work on /home/airflow/.local/lib/python3.7/site-packages/airflow/example_dags/example_complex.py
[2022-08-22 23:45:25,310] {processor.py:641} INFO - Processing file /home/airflow/.local/lib/python3.7/site-packages/airflow/example_dags/example_complex.py for tasks to queue
[2022-08-22 23:45:25,311] {logging_mixin.py:115} INFO - [2022-08-22 23:45:25,311] {dagbag.py:507} INFO - Filling up the DagBag from /home/airflow/.local/lib/python3.7/site-packages/airflow/example_dags/example_complex.py
[2022-08-22 23:45:25,329] {processor.py:651} INFO - DAG(s) dict_keys(['example_complex']) retrieved from /home/airflow/.local/lib/python3.7/site-packages/airflow/example_dags/example_complex.py
[2022-08-22 23:45:25,368] {logging_mixin.py:115} INFO - [2022-08-22 23:45:25,368] {dag.py:2371} INFO - Sync 1 DAGs
[2022-08-22 23:45:25,397] {logging_mixin.py:115} INFO - [2022-08-22 23:45:25,397] {dag.py:2919} INFO - Setting next_dagrun for example_complex to None, run_after=None
[2022-08-22 23:45:25,414] {processor.py:161} INFO - Processing /home/airflow/.local/lib/python3.7/site-packages/airflow/example_dags/example_complex.py took 0.109 seconds
[2022-08-22 23:45:56,788] {processor.py:153} INFO - Started process (PID=1083) to work on /home/airflow/.local/lib/python3.7/site-packages/airflow/example_dags/example_complex.py
[2022-08-22 23:45:56,789] {processor.py:641} INFO - Processing file /home/airflow/.local/lib/python3.7/site-packages/airflow/example_dags/example_complex.py for tasks to queue
[2022-08-22 23:45:56,791] {logging_mixin.py:115} INFO - [2022-08-22 23:45:56,790] {dagbag.py:507} INFO - Filling up the DagBag from /home/airflow/.local/lib/python3.7/site-packages/airflow/example_dags/example_complex.py
[2022-08-22 23:45:56,804] {processor.py:651} INFO - DAG(s) dict_keys(['example_complex']) retrieved from /home/airflow/.local/lib/python3.7/site-packages/airflow/example_dags/example_complex.py
[2022-08-22 23:45:56,835] {logging_mixin.py:115} INFO - [2022-08-22 23:45:56,835] {dag.py:2371} INFO - Sync 1 DAGs
[2022-08-22 23:45:56,857] {logging_mixin.py:115} INFO - [2022-08-22 23:45:56,857] {dag.py:2919} INFO - Setting next_dagrun for example_complex to None, run_after=None
[2022-08-22 23:45:56,870] {processor.py:161} INFO - Processing /home/airflow/.local/lib/python3.7/site-packages/airflow/example_dags/example_complex.py took 0.085 seconds
[2022-08-22 23:46:27,677] {processor.py:153} INFO - Started process (PID=1160) to work on /home/airflow/.local/lib/python3.7/site-packages/airflow/example_dags/example_complex.py
[2022-08-22 23:46:27,678] {processor.py:641} INFO - Processing file /home/airflow/.local/lib/python3.7/site-packages/airflow/example_dags/example_complex.py for tasks to queue
[2022-08-22 23:46:27,679] {logging_mixin.py:115} INFO - [2022-08-22 23:46:27,679] {dagbag.py:507} INFO - Filling up the DagBag from /home/airflow/.local/lib/python3.7/site-packages/airflow/example_dags/example_complex.py
[2022-08-22 23:46:27,693] {processor.py:651} INFO - DAG(s) dict_keys(['example_complex']) retrieved from /home/airflow/.local/lib/python3.7/site-packages/airflow/example_dags/example_complex.py
[2022-08-22 23:46:27,739] {logging_mixin.py:115} INFO - [2022-08-22 23:46:27,739] {dag.py:2371} INFO - Sync 1 DAGs
[2022-08-22 23:46:27,776] {logging_mixin.py:115} INFO - [2022-08-22 23:46:27,776] {dag.py:2919} INFO - Setting next_dagrun for example_complex to None, run_after=None
[2022-08-22 23:46:27,810] {processor.py:161} INFO - Processing /home/airflow/.local/lib/python3.7/site-packages/airflow/example_dags/example_complex.py took 0.136 seconds
[2022-08-22 23:46:58,482] {processor.py:153} INFO - Started process (PID=1237) to work on /home/airflow/.local/lib/python3.7/site-packages/airflow/example_dags/example_complex.py
[2022-08-22 23:46:58,484] {processor.py:641} INFO - Processing file /home/airflow/.local/lib/python3.7/site-packages/airflow/example_dags/example_complex.py for tasks to queue
[2022-08-22 23:46:58,484] {logging_mixin.py:115} INFO - [2022-08-22 23:46:58,484] {dagbag.py:507} INFO - Filling up the DagBag from /home/airflow/.local/lib/python3.7/site-packages/airflow/example_dags/example_complex.py
[2022-08-22 23:46:58,500] {processor.py:651} INFO - DAG(s) dict_keys(['example_complex']) retrieved from /home/airflow/.local/lib/python3.7/site-packages/airflow/example_dags/example_complex.py
[2022-08-22 23:46:58,530] {logging_mixin.py:115} INFO - [2022-08-22 23:46:58,530] {dag.py:2371} INFO - Sync 1 DAGs
[2022-08-22 23:46:58,551] {logging_mixin.py:115} INFO - [2022-08-22 23:46:58,551] {dag.py:2919} INFO - Setting next_dagrun for example_complex to None, run_after=None
[2022-08-22 23:46:58,564] {processor.py:161} INFO - Processing /home/airflow/.local/lib/python3.7/site-packages/airflow/example_dags/example_complex.py took 0.085 seconds
[2022-08-22 23:47:28,994] {processor.py:153} INFO - Started process (PID=1314) to work on /home/airflow/.local/lib/python3.7/site-packages/airflow/example_dags/example_complex.py
[2022-08-22 23:47:28,995] {processor.py:641} INFO - Processing file /home/airflow/.local/lib/python3.7/site-packages/airflow/example_dags/example_complex.py for tasks to queue
[2022-08-22 23:47:28,996] {logging_mixin.py:115} INFO - [2022-08-22 23:47:28,996] {dagbag.py:507} INFO - Filling up the DagBag from /home/airflow/.local/lib/python3.7/site-packages/airflow/example_dags/example_complex.py
[2022-08-22 23:47:29,011] {processor.py:651} INFO - DAG(s) dict_keys(['example_complex']) retrieved from /home/airflow/.local/lib/python3.7/site-packages/airflow/example_dags/example_complex.py
[2022-08-22 23:47:29,044] {logging_mixin.py:115} INFO - [2022-08-22 23:47:29,044] {dag.py:2371} INFO - Sync 1 DAGs
[2022-08-22 23:47:29,070] {logging_mixin.py:115} INFO - [2022-08-22 23:47:29,070] {dag.py:2919} INFO - Setting next_dagrun for example_complex to None, run_after=None
[2022-08-22 23:47:29,081] {processor.py:161} INFO - Processing /home/airflow/.local/lib/python3.7/site-packages/airflow/example_dags/example_complex.py took 0.091 seconds
[2022-08-22 23:47:59,687] {processor.py:153} INFO - Started process (PID=1382) to work on /home/airflow/.local/lib/python3.7/site-packages/airflow/example_dags/example_complex.py
[2022-08-22 23:47:59,688] {processor.py:641} INFO - Processing file /home/airflow/.local/lib/python3.7/site-packages/airflow/example_dags/example_complex.py for tasks to queue
[2022-08-22 23:47:59,689] {logging_mixin.py:115} INFO - [2022-08-22 23:47:59,689] {dagbag.py:507} INFO - Filling up the DagBag from /home/airflow/.local/lib/python3.7/site-packages/airflow/example_dags/example_complex.py
[2022-08-22 23:47:59,702] {processor.py:651} INFO - DAG(s) dict_keys(['example_complex']) retrieved from /home/airflow/.local/lib/python3.7/site-packages/airflow/example_dags/example_complex.py
[2022-08-22 23:47:59,732] {logging_mixin.py:115} INFO - [2022-08-22 23:47:59,732] {dag.py:2371} INFO - Sync 1 DAGs
[2022-08-22 23:47:59,752] {logging_mixin.py:115} INFO - [2022-08-22 23:47:59,752] {dag.py:2919} INFO - Setting next_dagrun for example_complex to None, run_after=None
[2022-08-22 23:47:59,763] {processor.py:161} INFO - Processing /home/airflow/.local/lib/python3.7/site-packages/airflow/example_dags/example_complex.py took 0.079 seconds
[2022-08-22 23:48:30,214] {processor.py:153} INFO - Started process (PID=1459) to work on /home/airflow/.local/lib/python3.7/site-packages/airflow/example_dags/example_complex.py
[2022-08-22 23:48:30,215] {processor.py:641} INFO - Processing file /home/airflow/.local/lib/python3.7/site-packages/airflow/example_dags/example_complex.py for tasks to queue
[2022-08-22 23:48:30,216] {logging_mixin.py:115} INFO - [2022-08-22 23:48:30,216] {dagbag.py:507} INFO - Filling up the DagBag from /home/airflow/.local/lib/python3.7/site-packages/airflow/example_dags/example_complex.py
[2022-08-22 23:48:30,230] {processor.py:651} INFO - DAG(s) dict_keys(['example_complex']) retrieved from /home/airflow/.local/lib/python3.7/site-packages/airflow/example_dags/example_complex.py
[2022-08-22 23:48:30,261] {logging_mixin.py:115} INFO - [2022-08-22 23:48:30,261] {dag.py:2371} INFO - Sync 1 DAGs
[2022-08-22 23:48:30,284] {logging_mixin.py:115} INFO - [2022-08-22 23:48:30,284] {dag.py:2919} INFO - Setting next_dagrun for example_complex to None, run_after=None
[2022-08-22 23:48:30,296] {processor.py:161} INFO - Processing /home/airflow/.local/lib/python3.7/site-packages/airflow/example_dags/example_complex.py took 0.086 seconds
[2022-08-22 23:49:00,702] {processor.py:153} INFO - Started process (PID=1536) to work on /home/airflow/.local/lib/python3.7/site-packages/airflow/example_dags/example_complex.py
[2022-08-22 23:49:00,703] {processor.py:641} INFO - Processing file /home/airflow/.local/lib/python3.7/site-packages/airflow/example_dags/example_complex.py for tasks to queue
[2022-08-22 23:49:00,704] {logging_mixin.py:115} INFO - [2022-08-22 23:49:00,704] {dagbag.py:507} INFO - Filling up the DagBag from /home/airflow/.local/lib/python3.7/site-packages/airflow/example_dags/example_complex.py
[2022-08-22 23:49:00,718] {processor.py:651} INFO - DAG(s) dict_keys(['example_complex']) retrieved from /home/airflow/.local/lib/python3.7/site-packages/airflow/example_dags/example_complex.py
[2022-08-22 23:49:00,748] {logging_mixin.py:115} INFO - [2022-08-22 23:49:00,748] {dag.py:2371} INFO - Sync 1 DAGs
[2022-08-22 23:49:00,770] {logging_mixin.py:115} INFO - [2022-08-22 23:49:00,770] {dag.py:2919} INFO - Setting next_dagrun for example_complex to None, run_after=None
[2022-08-22 23:49:00,782] {processor.py:161} INFO - Processing /home/airflow/.local/lib/python3.7/site-packages/airflow/example_dags/example_complex.py took 0.083 seconds
[2022-08-22 23:49:31,455] {processor.py:153} INFO - Started process (PID=1613) to work on /home/airflow/.local/lib/python3.7/site-packages/airflow/example_dags/example_complex.py
[2022-08-22 23:49:31,456] {processor.py:641} INFO - Processing file /home/airflow/.local/lib/python3.7/site-packages/airflow/example_dags/example_complex.py for tasks to queue
[2022-08-22 23:49:31,457] {logging_mixin.py:115} INFO - [2022-08-22 23:49:31,457] {dagbag.py:507} INFO - Filling up the DagBag from /home/airflow/.local/lib/python3.7/site-packages/airflow/example_dags/example_complex.py
[2022-08-22 23:49:31,470] {processor.py:651} INFO - DAG(s) dict_keys(['example_complex']) retrieved from /home/airflow/.local/lib/python3.7/site-packages/airflow/example_dags/example_complex.py
[2022-08-22 23:49:31,501] {logging_mixin.py:115} INFO - [2022-08-22 23:49:31,501] {dag.py:2371} INFO - Sync 1 DAGs
[2022-08-22 23:49:31,523] {logging_mixin.py:115} INFO - [2022-08-22 23:49:31,523] {dag.py:2919} INFO - Setting next_dagrun for example_complex to None, run_after=None
[2022-08-22 23:49:31,536] {processor.py:161} INFO - Processing /home/airflow/.local/lib/python3.7/site-packages/airflow/example_dags/example_complex.py took 0.085 seconds
[2022-08-22 23:50:01,956] {processor.py:153} INFO - Started process (PID=1681) to work on /home/airflow/.local/lib/python3.7/site-packages/airflow/example_dags/example_complex.py
[2022-08-22 23:50:01,957] {processor.py:641} INFO - Processing file /home/airflow/.local/lib/python3.7/site-packages/airflow/example_dags/example_complex.py for tasks to queue
[2022-08-22 23:50:01,958] {logging_mixin.py:115} INFO - [2022-08-22 23:50:01,958] {dagbag.py:507} INFO - Filling up the DagBag from /home/airflow/.local/lib/python3.7/site-packages/airflow/example_dags/example_complex.py
[2022-08-22 23:50:01,972] {processor.py:651} INFO - DAG(s) dict_keys(['example_complex']) retrieved from /home/airflow/.local/lib/python3.7/site-packages/airflow/example_dags/example_complex.py
[2022-08-22 23:50:02,001] {logging_mixin.py:115} INFO - [2022-08-22 23:50:02,001] {dag.py:2371} INFO - Sync 1 DAGs
[2022-08-22 23:50:02,024] {logging_mixin.py:115} INFO - [2022-08-22 23:50:02,024] {dag.py:2919} INFO - Setting next_dagrun for example_complex to None, run_after=None
[2022-08-22 23:50:02,037] {processor.py:161} INFO - Processing /home/airflow/.local/lib/python3.7/site-packages/airflow/example_dags/example_complex.py took 0.084 seconds
[2022-08-22 23:50:32,604] {processor.py:153} INFO - Started process (PID=1757) to work on /home/airflow/.local/lib/python3.7/site-packages/airflow/example_dags/example_complex.py
[2022-08-22 23:50:32,605] {processor.py:641} INFO - Processing file /home/airflow/.local/lib/python3.7/site-packages/airflow/example_dags/example_complex.py for tasks to queue
[2022-08-22 23:50:32,606] {logging_mixin.py:115} INFO - [2022-08-22 23:50:32,605] {dagbag.py:507} INFO - Filling up the DagBag from /home/airflow/.local/lib/python3.7/site-packages/airflow/example_dags/example_complex.py
[2022-08-22 23:50:32,620] {processor.py:651} INFO - DAG(s) dict_keys(['example_complex']) retrieved from /home/airflow/.local/lib/python3.7/site-packages/airflow/example_dags/example_complex.py
[2022-08-22 23:50:32,651] {logging_mixin.py:115} INFO - [2022-08-22 23:50:32,651] {dag.py:2371} INFO - Sync 1 DAGs
[2022-08-22 23:50:32,674] {logging_mixin.py:115} INFO - [2022-08-22 23:50:32,674] {dag.py:2919} INFO - Setting next_dagrun for example_complex to None, run_after=None
[2022-08-22 23:50:32,685] {processor.py:161} INFO - Processing /home/airflow/.local/lib/python3.7/site-packages/airflow/example_dags/example_complex.py took 0.085 seconds
[2022-08-22 23:51:03,098] {processor.py:153} INFO - Started process (PID=1835) to work on /home/airflow/.local/lib/python3.7/site-packages/airflow/example_dags/example_complex.py
[2022-08-22 23:51:03,100] {processor.py:641} INFO - Processing file /home/airflow/.local/lib/python3.7/site-packages/airflow/example_dags/example_complex.py for tasks to queue
[2022-08-22 23:51:03,101] {logging_mixin.py:115} INFO - [2022-08-22 23:51:03,101] {dagbag.py:507} INFO - Filling up the DagBag from /home/airflow/.local/lib/python3.7/site-packages/airflow/example_dags/example_complex.py
[2022-08-22 23:51:03,114] {processor.py:651} INFO - DAG(s) dict_keys(['example_complex']) retrieved from /home/airflow/.local/lib/python3.7/site-packages/airflow/example_dags/example_complex.py
[2022-08-22 23:51:03,146] {logging_mixin.py:115} INFO - [2022-08-22 23:51:03,146] {dag.py:2371} INFO - Sync 1 DAGs
[2022-08-22 23:51:03,168] {logging_mixin.py:115} INFO - [2022-08-22 23:51:03,168] {dag.py:2919} INFO - Setting next_dagrun for example_complex to None, run_after=None
[2022-08-22 23:51:03,180] {processor.py:161} INFO - Processing /home/airflow/.local/lib/python3.7/site-packages/airflow/example_dags/example_complex.py took 0.085 seconds
[2022-08-22 23:51:33,779] {processor.py:153} INFO - Started process (PID=1903) to work on /home/airflow/.local/lib/python3.7/site-packages/airflow/example_dags/example_complex.py
[2022-08-22 23:51:33,780] {processor.py:641} INFO - Processing file /home/airflow/.local/lib/python3.7/site-packages/airflow/example_dags/example_complex.py for tasks to queue
[2022-08-22 23:51:33,781] {logging_mixin.py:115} INFO - [2022-08-22 23:51:33,781] {dagbag.py:507} INFO - Filling up the DagBag from /home/airflow/.local/lib/python3.7/site-packages/airflow/example_dags/example_complex.py
[2022-08-22 23:51:33,794] {processor.py:651} INFO - DAG(s) dict_keys(['example_complex']) retrieved from /home/airflow/.local/lib/python3.7/site-packages/airflow/example_dags/example_complex.py
[2022-08-22 23:51:33,824] {logging_mixin.py:115} INFO - [2022-08-22 23:51:33,824] {dag.py:2371} INFO - Sync 1 DAGs
[2022-08-22 23:51:33,845] {logging_mixin.py:115} INFO - [2022-08-22 23:51:33,845] {dag.py:2919} INFO - Setting next_dagrun for example_complex to None, run_after=None
[2022-08-22 23:51:33,856] {processor.py:161} INFO - Processing /home/airflow/.local/lib/python3.7/site-packages/airflow/example_dags/example_complex.py took 0.081 seconds
[2022-08-22 23:52:04,341] {processor.py:153} INFO - Started process (PID=1980) to work on /home/airflow/.local/lib/python3.7/site-packages/airflow/example_dags/example_complex.py
[2022-08-22 23:52:04,342] {processor.py:641} INFO - Processing file /home/airflow/.local/lib/python3.7/site-packages/airflow/example_dags/example_complex.py for tasks to queue
[2022-08-22 23:52:04,343] {logging_mixin.py:115} INFO - [2022-08-22 23:52:04,343] {dagbag.py:507} INFO - Filling up the DagBag from /home/airflow/.local/lib/python3.7/site-packages/airflow/example_dags/example_complex.py
[2022-08-22 23:52:04,356] {processor.py:651} INFO - DAG(s) dict_keys(['example_complex']) retrieved from /home/airflow/.local/lib/python3.7/site-packages/airflow/example_dags/example_complex.py
[2022-08-22 23:52:04,385] {logging_mixin.py:115} INFO - [2022-08-22 23:52:04,385] {dag.py:2371} INFO - Sync 1 DAGs
[2022-08-22 23:52:04,406] {logging_mixin.py:115} INFO - [2022-08-22 23:52:04,406] {dag.py:2919} INFO - Setting next_dagrun for example_complex to None, run_after=None
[2022-08-22 23:52:04,419] {processor.py:161} INFO - Processing /home/airflow/.local/lib/python3.7/site-packages/airflow/example_dags/example_complex.py took 0.082 seconds
[2022-08-22 23:52:34,948] {processor.py:153} INFO - Started process (PID=2057) to work on /home/airflow/.local/lib/python3.7/site-packages/airflow/example_dags/example_complex.py
[2022-08-22 23:52:34,949] {processor.py:641} INFO - Processing file /home/airflow/.local/lib/python3.7/site-packages/airflow/example_dags/example_complex.py for tasks to queue
[2022-08-22 23:52:34,950] {logging_mixin.py:115} INFO - [2022-08-22 23:52:34,950] {dagbag.py:507} INFO - Filling up the DagBag from /home/airflow/.local/lib/python3.7/site-packages/airflow/example_dags/example_complex.py
[2022-08-22 23:52:34,963] {processor.py:651} INFO - DAG(s) dict_keys(['example_complex']) retrieved from /home/airflow/.local/lib/python3.7/site-packages/airflow/example_dags/example_complex.py
[2022-08-22 23:52:34,993] {logging_mixin.py:115} INFO - [2022-08-22 23:52:34,993] {dag.py:2371} INFO - Sync 1 DAGs
[2022-08-22 23:52:35,014] {logging_mixin.py:115} INFO - [2022-08-22 23:52:35,014] {dag.py:2919} INFO - Setting next_dagrun for example_complex to None, run_after=None
[2022-08-22 23:52:35,025] {processor.py:161} INFO - Processing /home/airflow/.local/lib/python3.7/site-packages/airflow/example_dags/example_complex.py took 0.080 seconds
[2022-08-22 23:53:05,447] {processor.py:153} INFO - Started process (PID=2134) to work on /home/airflow/.local/lib/python3.7/site-packages/airflow/example_dags/example_complex.py
[2022-08-22 23:53:05,448] {processor.py:641} INFO - Processing file /home/airflow/.local/lib/python3.7/site-packages/airflow/example_dags/example_complex.py for tasks to queue
[2022-08-22 23:53:05,449] {logging_mixin.py:115} INFO - [2022-08-22 23:53:05,449] {dagbag.py:507} INFO - Filling up the DagBag from /home/airflow/.local/lib/python3.7/site-packages/airflow/example_dags/example_complex.py
[2022-08-22 23:53:05,462] {processor.py:651} INFO - DAG(s) dict_keys(['example_complex']) retrieved from /home/airflow/.local/lib/python3.7/site-packages/airflow/example_dags/example_complex.py
[2022-08-22 23:53:05,492] {logging_mixin.py:115} INFO - [2022-08-22 23:53:05,491] {dag.py:2371} INFO - Sync 1 DAGs
[2022-08-22 23:53:05,512] {logging_mixin.py:115} INFO - [2022-08-22 23:53:05,512] {dag.py:2919} INFO - Setting next_dagrun for example_complex to None, run_after=None
[2022-08-22 23:53:05,524] {processor.py:161} INFO - Processing /home/airflow/.local/lib/python3.7/site-packages/airflow/example_dags/example_complex.py took 0.080 seconds
[2022-08-22 23:53:35,933] {processor.py:153} INFO - Started process (PID=2202) to work on /home/airflow/.local/lib/python3.7/site-packages/airflow/example_dags/example_complex.py
[2022-08-22 23:53:35,934] {processor.py:641} INFO - Processing file /home/airflow/.local/lib/python3.7/site-packages/airflow/example_dags/example_complex.py for tasks to queue
[2022-08-22 23:53:35,936] {logging_mixin.py:115} INFO - [2022-08-22 23:53:35,936] {dagbag.py:507} INFO - Filling up the DagBag from /home/airflow/.local/lib/python3.7/site-packages/airflow/example_dags/example_complex.py
[2022-08-22 23:53:35,966] {processor.py:651} INFO - DAG(s) dict_keys(['example_complex']) retrieved from /home/airflow/.local/lib/python3.7/site-packages/airflow/example_dags/example_complex.py
[2022-08-22 23:53:36,006] {logging_mixin.py:115} INFO - [2022-08-22 23:53:36,006] {dag.py:2371} INFO - Sync 1 DAGs
[2022-08-22 23:53:36,028] {logging_mixin.py:115} INFO - [2022-08-22 23:53:36,028] {dag.py:2919} INFO - Setting next_dagrun for example_complex to None, run_after=None
[2022-08-22 23:53:36,040] {processor.py:161} INFO - Processing /home/airflow/.local/lib/python3.7/site-packages/airflow/example_dags/example_complex.py took 0.111 seconds
[2022-08-22 23:54:06,387] {processor.py:153} INFO - Started process (PID=2277) to work on /home/airflow/.local/lib/python3.7/site-packages/airflow/example_dags/example_complex.py
[2022-08-22 23:54:06,388] {processor.py:641} INFO - Processing file /home/airflow/.local/lib/python3.7/site-packages/airflow/example_dags/example_complex.py for tasks to queue
[2022-08-22 23:54:06,390] {logging_mixin.py:115} INFO - [2022-08-22 23:54:06,389] {dagbag.py:507} INFO - Filling up the DagBag from /home/airflow/.local/lib/python3.7/site-packages/airflow/example_dags/example_complex.py
[2022-08-22 23:54:06,403] {processor.py:651} INFO - DAG(s) dict_keys(['example_complex']) retrieved from /home/airflow/.local/lib/python3.7/site-packages/airflow/example_dags/example_complex.py
[2022-08-22 23:54:06,432] {logging_mixin.py:115} INFO - [2022-08-22 23:54:06,432] {dag.py:2371} INFO - Sync 1 DAGs
[2022-08-22 23:54:06,452] {logging_mixin.py:115} INFO - [2022-08-22 23:54:06,452] {dag.py:2919} INFO - Setting next_dagrun for example_complex to None, run_after=None
[2022-08-22 23:54:06,463] {processor.py:161} INFO - Processing /home/airflow/.local/lib/python3.7/site-packages/airflow/example_dags/example_complex.py took 0.079 seconds
[2022-08-22 23:54:37,066] {processor.py:153} INFO - Started process (PID=2354) to work on /home/airflow/.local/lib/python3.7/site-packages/airflow/example_dags/example_complex.py
[2022-08-22 23:54:37,067] {processor.py:641} INFO - Processing file /home/airflow/.local/lib/python3.7/site-packages/airflow/example_dags/example_complex.py for tasks to queue
[2022-08-22 23:54:37,068] {logging_mixin.py:115} INFO - [2022-08-22 23:54:37,068] {dagbag.py:507} INFO - Filling up the DagBag from /home/airflow/.local/lib/python3.7/site-packages/airflow/example_dags/example_complex.py
[2022-08-22 23:54:37,081] {processor.py:651} INFO - DAG(s) dict_keys(['example_complex']) retrieved from /home/airflow/.local/lib/python3.7/site-packages/airflow/example_dags/example_complex.py
[2022-08-22 23:54:37,110] {logging_mixin.py:115} INFO - [2022-08-22 23:54:37,110] {dag.py:2371} INFO - Sync 1 DAGs
[2022-08-22 23:54:37,131] {logging_mixin.py:115} INFO - [2022-08-22 23:54:37,131] {dag.py:2919} INFO - Setting next_dagrun for example_complex to None, run_after=None
[2022-08-22 23:54:37,142] {processor.py:161} INFO - Processing /home/airflow/.local/lib/python3.7/site-packages/airflow/example_dags/example_complex.py took 0.079 seconds
[2022-08-22 23:55:07,524] {processor.py:153} INFO - Started process (PID=2431) to work on /home/airflow/.local/lib/python3.7/site-packages/airflow/example_dags/example_complex.py
[2022-08-22 23:55:07,525] {processor.py:641} INFO - Processing file /home/airflow/.local/lib/python3.7/site-packages/airflow/example_dags/example_complex.py for tasks to queue
[2022-08-22 23:55:07,526] {logging_mixin.py:115} INFO - [2022-08-22 23:55:07,526] {dagbag.py:507} INFO - Filling up the DagBag from /home/airflow/.local/lib/python3.7/site-packages/airflow/example_dags/example_complex.py
[2022-08-22 23:55:07,540] {processor.py:651} INFO - DAG(s) dict_keys(['example_complex']) retrieved from /home/airflow/.local/lib/python3.7/site-packages/airflow/example_dags/example_complex.py
[2022-08-22 23:55:07,569] {logging_mixin.py:115} INFO - [2022-08-22 23:55:07,569] {dag.py:2371} INFO - Sync 1 DAGs
[2022-08-22 23:55:07,590] {logging_mixin.py:115} INFO - [2022-08-22 23:55:07,590] {dag.py:2919} INFO - Setting next_dagrun for example_complex to None, run_after=None
[2022-08-22 23:55:07,602] {processor.py:161} INFO - Processing /home/airflow/.local/lib/python3.7/site-packages/airflow/example_dags/example_complex.py took 0.081 seconds
[2022-08-22 23:55:38,120] {processor.py:153} INFO - Started process (PID=2506) to work on /home/airflow/.local/lib/python3.7/site-packages/airflow/example_dags/example_complex.py
[2022-08-22 23:55:38,121] {processor.py:641} INFO - Processing file /home/airflow/.local/lib/python3.7/site-packages/airflow/example_dags/example_complex.py for tasks to queue
[2022-08-22 23:55:38,122] {logging_mixin.py:115} INFO - [2022-08-22 23:55:38,122] {dagbag.py:507} INFO - Filling up the DagBag from /home/airflow/.local/lib/python3.7/site-packages/airflow/example_dags/example_complex.py
[2022-08-22 23:55:38,135] {processor.py:651} INFO - DAG(s) dict_keys(['example_complex']) retrieved from /home/airflow/.local/lib/python3.7/site-packages/airflow/example_dags/example_complex.py
[2022-08-22 23:55:38,165] {logging_mixin.py:115} INFO - [2022-08-22 23:55:38,165] {dag.py:2371} INFO - Sync 1 DAGs
[2022-08-22 23:55:38,187] {logging_mixin.py:115} INFO - [2022-08-22 23:55:38,187] {dag.py:2919} INFO - Setting next_dagrun for example_complex to None, run_after=None
[2022-08-22 23:55:38,199] {processor.py:161} INFO - Processing /home/airflow/.local/lib/python3.7/site-packages/airflow/example_dags/example_complex.py took 0.082 seconds
[2022-08-22 23:56:08,610] {processor.py:153} INFO - Started process (PID=2576) to work on /home/airflow/.local/lib/python3.7/site-packages/airflow/example_dags/example_complex.py
[2022-08-22 23:56:08,611] {processor.py:641} INFO - Processing file /home/airflow/.local/lib/python3.7/site-packages/airflow/example_dags/example_complex.py for tasks to queue
[2022-08-22 23:56:08,612] {logging_mixin.py:115} INFO - [2022-08-22 23:56:08,612] {dagbag.py:507} INFO - Filling up the DagBag from /home/airflow/.local/lib/python3.7/site-packages/airflow/example_dags/example_complex.py
[2022-08-22 23:56:08,625] {processor.py:651} INFO - DAG(s) dict_keys(['example_complex']) retrieved from /home/airflow/.local/lib/python3.7/site-packages/airflow/example_dags/example_complex.py
[2022-08-22 23:56:08,654] {logging_mixin.py:115} INFO - [2022-08-22 23:56:08,654] {dag.py:2371} INFO - Sync 1 DAGs
[2022-08-22 23:56:08,675] {logging_mixin.py:115} INFO - [2022-08-22 23:56:08,675] {dag.py:2919} INFO - Setting next_dagrun for example_complex to None, run_after=None
[2022-08-22 23:56:08,686] {processor.py:161} INFO - Processing /home/airflow/.local/lib/python3.7/site-packages/airflow/example_dags/example_complex.py took 0.080 seconds
[2022-08-22 23:56:38,993] {processor.py:153} INFO - Started process (PID=2652) to work on /home/airflow/.local/lib/python3.7/site-packages/airflow/example_dags/example_complex.py
[2022-08-22 23:56:38,993] {processor.py:641} INFO - Processing file /home/airflow/.local/lib/python3.7/site-packages/airflow/example_dags/example_complex.py for tasks to queue
[2022-08-22 23:56:38,994] {logging_mixin.py:115} INFO - [2022-08-22 23:56:38,994] {dagbag.py:507} INFO - Filling up the DagBag from /home/airflow/.local/lib/python3.7/site-packages/airflow/example_dags/example_complex.py
[2022-08-22 23:56:39,008] {processor.py:651} INFO - DAG(s) dict_keys(['example_complex']) retrieved from /home/airflow/.local/lib/python3.7/site-packages/airflow/example_dags/example_complex.py
[2022-08-22 23:56:39,044] {logging_mixin.py:115} INFO - [2022-08-22 23:56:39,044] {dag.py:2371} INFO - Sync 1 DAGs
[2022-08-22 23:56:39,066] {logging_mixin.py:115} INFO - [2022-08-22 23:56:39,066] {dag.py:2919} INFO - Setting next_dagrun for example_complex to None, run_after=None
[2022-08-22 23:56:39,078] {processor.py:161} INFO - Processing /home/airflow/.local/lib/python3.7/site-packages/airflow/example_dags/example_complex.py took 0.089 seconds
[2022-08-22 23:57:09,320] {processor.py:153} INFO - Started process (PID=2728) to work on /home/airflow/.local/lib/python3.7/site-packages/airflow/example_dags/example_complex.py
[2022-08-22 23:57:09,321] {processor.py:641} INFO - Processing file /home/airflow/.local/lib/python3.7/site-packages/airflow/example_dags/example_complex.py for tasks to queue
[2022-08-22 23:57:09,322] {logging_mixin.py:115} INFO - [2022-08-22 23:57:09,322] {dagbag.py:507} INFO - Filling up the DagBag from /home/airflow/.local/lib/python3.7/site-packages/airflow/example_dags/example_complex.py
[2022-08-22 23:57:09,338] {processor.py:651} INFO - DAG(s) dict_keys(['example_complex']) retrieved from /home/airflow/.local/lib/python3.7/site-packages/airflow/example_dags/example_complex.py
[2022-08-22 23:57:09,368] {logging_mixin.py:115} INFO - [2022-08-22 23:57:09,368] {dag.py:2371} INFO - Sync 1 DAGs
[2022-08-22 23:57:09,389] {logging_mixin.py:115} INFO - [2022-08-22 23:57:09,389] {dag.py:2919} INFO - Setting next_dagrun for example_complex to None, run_after=None
[2022-08-22 23:57:09,401] {processor.py:161} INFO - Processing /home/airflow/.local/lib/python3.7/site-packages/airflow/example_dags/example_complex.py took 0.085 seconds
[2022-08-22 23:57:39,589] {processor.py:153} INFO - Started process (PID=2796) to work on /home/airflow/.local/lib/python3.7/site-packages/airflow/example_dags/example_complex.py
[2022-08-22 23:57:39,590] {processor.py:641} INFO - Processing file /home/airflow/.local/lib/python3.7/site-packages/airflow/example_dags/example_complex.py for tasks to queue
[2022-08-22 23:57:39,591] {logging_mixin.py:115} INFO - [2022-08-22 23:57:39,591] {dagbag.py:507} INFO - Filling up the DagBag from /home/airflow/.local/lib/python3.7/site-packages/airflow/example_dags/example_complex.py
[2022-08-22 23:57:39,604] {processor.py:651} INFO - DAG(s) dict_keys(['example_complex']) retrieved from /home/airflow/.local/lib/python3.7/site-packages/airflow/example_dags/example_complex.py
[2022-08-22 23:57:39,634] {logging_mixin.py:115} INFO - [2022-08-22 23:57:39,633] {dag.py:2371} INFO - Sync 1 DAGs
[2022-08-22 23:57:39,654] {logging_mixin.py:115} INFO - [2022-08-22 23:57:39,654] {dag.py:2919} INFO - Setting next_dagrun for example_complex to None, run_after=None
[2022-08-22 23:57:39,665] {processor.py:161} INFO - Processing /home/airflow/.local/lib/python3.7/site-packages/airflow/example_dags/example_complex.py took 0.079 seconds
[2022-08-22 23:58:10,198] {processor.py:153} INFO - Started process (PID=2873) to work on /home/airflow/.local/lib/python3.7/site-packages/airflow/example_dags/example_complex.py
[2022-08-22 23:58:10,199] {processor.py:641} INFO - Processing file /home/airflow/.local/lib/python3.7/site-packages/airflow/example_dags/example_complex.py for tasks to queue
[2022-08-22 23:58:10,200] {logging_mixin.py:115} INFO - [2022-08-22 23:58:10,200] {dagbag.py:507} INFO - Filling up the DagBag from /home/airflow/.local/lib/python3.7/site-packages/airflow/example_dags/example_complex.py
[2022-08-22 23:58:10,215] {processor.py:651} INFO - DAG(s) dict_keys(['example_complex']) retrieved from /home/airflow/.local/lib/python3.7/site-packages/airflow/example_dags/example_complex.py
[2022-08-22 23:58:10,246] {logging_mixin.py:115} INFO - [2022-08-22 23:58:10,246] {dag.py:2371} INFO - Sync 1 DAGs
[2022-08-22 23:58:10,268] {logging_mixin.py:115} INFO - [2022-08-22 23:58:10,268] {dag.py:2919} INFO - Setting next_dagrun for example_complex to None, run_after=None
[2022-08-22 23:58:10,282] {processor.py:161} INFO - Processing /home/airflow/.local/lib/python3.7/site-packages/airflow/example_dags/example_complex.py took 0.087 seconds
[2022-08-22 23:58:41,127] {processor.py:153} INFO - Started process (PID=2950) to work on /home/airflow/.local/lib/python3.7/site-packages/airflow/example_dags/example_complex.py
[2022-08-22 23:58:41,128] {processor.py:641} INFO - Processing file /home/airflow/.local/lib/python3.7/site-packages/airflow/example_dags/example_complex.py for tasks to queue
[2022-08-22 23:58:41,129] {logging_mixin.py:115} INFO - [2022-08-22 23:58:41,129] {dagbag.py:507} INFO - Filling up the DagBag from /home/airflow/.local/lib/python3.7/site-packages/airflow/example_dags/example_complex.py
[2022-08-22 23:58:41,143] {processor.py:651} INFO - DAG(s) dict_keys(['example_complex']) retrieved from /home/airflow/.local/lib/python3.7/site-packages/airflow/example_dags/example_complex.py
[2022-08-22 23:58:41,172] {logging_mixin.py:115} INFO - [2022-08-22 23:58:41,172] {dag.py:2371} INFO - Sync 1 DAGs
[2022-08-22 23:58:41,194] {logging_mixin.py:115} INFO - [2022-08-22 23:58:41,194] {dag.py:2919} INFO - Setting next_dagrun for example_complex to None, run_after=None
[2022-08-22 23:58:41,205] {processor.py:161} INFO - Processing /home/airflow/.local/lib/python3.7/site-packages/airflow/example_dags/example_complex.py took 0.081 seconds
[2022-08-22 23:59:11,650] {processor.py:153} INFO - Started process (PID=3027) to work on /home/airflow/.local/lib/python3.7/site-packages/airflow/example_dags/example_complex.py
[2022-08-22 23:59:11,651] {processor.py:641} INFO - Processing file /home/airflow/.local/lib/python3.7/site-packages/airflow/example_dags/example_complex.py for tasks to queue
[2022-08-22 23:59:11,653] {logging_mixin.py:115} INFO - [2022-08-22 23:59:11,653] {dagbag.py:507} INFO - Filling up the DagBag from /home/airflow/.local/lib/python3.7/site-packages/airflow/example_dags/example_complex.py
[2022-08-22 23:59:11,666] {processor.py:651} INFO - DAG(s) dict_keys(['example_complex']) retrieved from /home/airflow/.local/lib/python3.7/site-packages/airflow/example_dags/example_complex.py
[2022-08-22 23:59:11,697] {logging_mixin.py:115} INFO - [2022-08-22 23:59:11,697] {dag.py:2371} INFO - Sync 1 DAGs
[2022-08-22 23:59:11,717] {logging_mixin.py:115} INFO - [2022-08-22 23:59:11,717] {dag.py:2919} INFO - Setting next_dagrun for example_complex to None, run_after=None
[2022-08-22 23:59:11,728] {processor.py:161} INFO - Processing /home/airflow/.local/lib/python3.7/site-packages/airflow/example_dags/example_complex.py took 0.081 seconds
[2022-08-22 23:59:42,253] {processor.py:153} INFO - Started process (PID=3095) to work on /home/airflow/.local/lib/python3.7/site-packages/airflow/example_dags/example_complex.py
[2022-08-22 23:59:42,254] {processor.py:641} INFO - Processing file /home/airflow/.local/lib/python3.7/site-packages/airflow/example_dags/example_complex.py for tasks to queue
[2022-08-22 23:59:42,255] {logging_mixin.py:115} INFO - [2022-08-22 23:59:42,254] {dagbag.py:507} INFO - Filling up the DagBag from /home/airflow/.local/lib/python3.7/site-packages/airflow/example_dags/example_complex.py
[2022-08-22 23:59:42,268] {processor.py:651} INFO - DAG(s) dict_keys(['example_complex']) retrieved from /home/airflow/.local/lib/python3.7/site-packages/airflow/example_dags/example_complex.py
[2022-08-22 23:59:42,300] {logging_mixin.py:115} INFO - [2022-08-22 23:59:42,299] {dag.py:2371} INFO - Sync 1 DAGs
[2022-08-22 23:59:42,324] {logging_mixin.py:115} INFO - [2022-08-22 23:59:42,324] {dag.py:2919} INFO - Setting next_dagrun for example_complex to None, run_after=None
[2022-08-22 23:59:42,339] {processor.py:161} INFO - Processing /home/airflow/.local/lib/python3.7/site-packages/airflow/example_dags/example_complex.py took 0.090 seconds
