[2022-08-22 23:38:39,049] {processor.py:153} INFO - Started process (PID=89) to work on /home/airflow/.local/lib/python3.7/site-packages/airflow/example_dags/example_branch_operator_decorator.py
[2022-08-22 23:38:39,058] {processor.py:641} INFO - Processing file /home/airflow/.local/lib/python3.7/site-packages/airflow/example_dags/example_branch_operator_decorator.py for tasks to queue
[2022-08-22 23:38:39,061] {logging_mixin.py:115} INFO - [2022-08-22 23:38:39,061] {dagbag.py:507} INFO - Filling up the DagBag from /home/airflow/.local/lib/python3.7/site-packages/airflow/example_dags/example_branch_operator_decorator.py
[2022-08-22 23:38:39,143] {processor.py:651} INFO - DAG(s) dict_keys(['example_branch_python_operator_decorator']) retrieved from /home/airflow/.local/lib/python3.7/site-packages/airflow/example_dags/example_branch_operator_decorator.py
[2022-08-22 23:38:39,270] {logging_mixin.py:115} INFO - [2022-08-22 23:38:39,270] {dag.py:2371} INFO - Sync 1 DAGs
[2022-08-22 23:38:39,358] {logging_mixin.py:115} INFO - [2022-08-22 23:38:39,357] {dag.py:2919} INFO - Setting next_dagrun for example_branch_python_operator_decorator to 2022-08-21T00:00:00+00:00, run_after=2022-08-22T00:00:00+00:00
[2022-08-22 23:38:39,388] {processor.py:161} INFO - Processing /home/airflow/.local/lib/python3.7/site-packages/airflow/example_dags/example_branch_operator_decorator.py took 0.371 seconds
[2022-08-22 23:39:12,156] {processor.py:153} INFO - Started process (PID=157) to work on /home/airflow/.local/lib/python3.7/site-packages/airflow/example_dags/example_branch_operator_decorator.py
[2022-08-22 23:39:12,160] {processor.py:641} INFO - Processing file /home/airflow/.local/lib/python3.7/site-packages/airflow/example_dags/example_branch_operator_decorator.py for tasks to queue
[2022-08-22 23:39:12,168] {logging_mixin.py:115} INFO - [2022-08-22 23:39:12,167] {dagbag.py:507} INFO - Filling up the DagBag from /home/airflow/.local/lib/python3.7/site-packages/airflow/example_dags/example_branch_operator_decorator.py
[2022-08-22 23:39:12,262] {processor.py:651} INFO - DAG(s) dict_keys(['example_branch_python_operator_decorator']) retrieved from /home/airflow/.local/lib/python3.7/site-packages/airflow/example_dags/example_branch_operator_decorator.py
[2022-08-22 23:39:12,361] {logging_mixin.py:115} INFO - [2022-08-22 23:39:12,360] {dag.py:2371} INFO - Sync 1 DAGs
[2022-08-22 23:39:12,438] {logging_mixin.py:115} INFO - [2022-08-22 23:39:12,438] {dag.py:2919} INFO - Setting next_dagrun for example_branch_python_operator_decorator to 2022-08-21T00:00:00+00:00, run_after=2022-08-22T00:00:00+00:00
[2022-08-22 23:39:12,471] {processor.py:161} INFO - Processing /home/airflow/.local/lib/python3.7/site-packages/airflow/example_dags/example_branch_operator_decorator.py took 0.332 seconds
[2022-08-22 23:39:43,153] {processor.py:153} INFO - Started process (PID=225) to work on /home/airflow/.local/lib/python3.7/site-packages/airflow/example_dags/example_branch_operator_decorator.py
[2022-08-22 23:39:43,156] {processor.py:641} INFO - Processing file /home/airflow/.local/lib/python3.7/site-packages/airflow/example_dags/example_branch_operator_decorator.py for tasks to queue
[2022-08-22 23:39:43,157] {logging_mixin.py:115} INFO - [2022-08-22 23:39:43,157] {dagbag.py:507} INFO - Filling up the DagBag from /home/airflow/.local/lib/python3.7/site-packages/airflow/example_dags/example_branch_operator_decorator.py
[2022-08-22 23:39:43,204] {processor.py:651} INFO - DAG(s) dict_keys(['example_branch_python_operator_decorator']) retrieved from /home/airflow/.local/lib/python3.7/site-packages/airflow/example_dags/example_branch_operator_decorator.py
[2022-08-22 23:39:43,263] {logging_mixin.py:115} INFO - [2022-08-22 23:39:43,262] {dag.py:2371} INFO - Sync 1 DAGs
[2022-08-22 23:39:43,318] {logging_mixin.py:115} INFO - [2022-08-22 23:39:43,317] {dag.py:2919} INFO - Setting next_dagrun for example_branch_python_operator_decorator to 2022-08-21T00:00:00+00:00, run_after=2022-08-22T00:00:00+00:00
[2022-08-22 23:39:43,349] {processor.py:161} INFO - Processing /home/airflow/.local/lib/python3.7/site-packages/airflow/example_dags/example_branch_operator_decorator.py took 0.203 seconds
[2022-08-22 23:40:13,749] {processor.py:153} INFO - Started process (PID=293) to work on /home/airflow/.local/lib/python3.7/site-packages/airflow/example_dags/example_branch_operator_decorator.py
[2022-08-22 23:40:13,751] {processor.py:641} INFO - Processing file /home/airflow/.local/lib/python3.7/site-packages/airflow/example_dags/example_branch_operator_decorator.py for tasks to queue
[2022-08-22 23:40:13,753] {logging_mixin.py:115} INFO - [2022-08-22 23:40:13,753] {dagbag.py:507} INFO - Filling up the DagBag from /home/airflow/.local/lib/python3.7/site-packages/airflow/example_dags/example_branch_operator_decorator.py
[2022-08-22 23:40:13,801] {processor.py:651} INFO - DAG(s) dict_keys(['example_branch_python_operator_decorator']) retrieved from /home/airflow/.local/lib/python3.7/site-packages/airflow/example_dags/example_branch_operator_decorator.py
[2022-08-22 23:40:13,867] {logging_mixin.py:115} INFO - [2022-08-22 23:40:13,867] {dag.py:2371} INFO - Sync 1 DAGs
[2022-08-22 23:40:13,927] {logging_mixin.py:115} INFO - [2022-08-22 23:40:13,927] {dag.py:2919} INFO - Setting next_dagrun for example_branch_python_operator_decorator to 2022-08-21T00:00:00+00:00, run_after=2022-08-22T00:00:00+00:00
[2022-08-22 23:40:13,964] {processor.py:161} INFO - Processing /home/airflow/.local/lib/python3.7/site-packages/airflow/example_dags/example_branch_operator_decorator.py took 0.224 seconds
[2022-08-22 23:40:47,132] {processor.py:153} INFO - Started process (PID=370) to work on /home/airflow/.local/lib/python3.7/site-packages/airflow/example_dags/example_branch_operator_decorator.py
[2022-08-22 23:40:47,137] {processor.py:641} INFO - Processing file /home/airflow/.local/lib/python3.7/site-packages/airflow/example_dags/example_branch_operator_decorator.py for tasks to queue
[2022-08-22 23:40:47,142] {logging_mixin.py:115} INFO - [2022-08-22 23:40:47,141] {dagbag.py:507} INFO - Filling up the DagBag from /home/airflow/.local/lib/python3.7/site-packages/airflow/example_dags/example_branch_operator_decorator.py
[2022-08-22 23:40:47,231] {processor.py:651} INFO - DAG(s) dict_keys(['example_branch_python_operator_decorator']) retrieved from /home/airflow/.local/lib/python3.7/site-packages/airflow/example_dags/example_branch_operator_decorator.py
[2022-08-22 23:40:47,334] {logging_mixin.py:115} INFO - [2022-08-22 23:40:47,334] {dag.py:2371} INFO - Sync 1 DAGs
[2022-08-22 23:40:47,429] {logging_mixin.py:115} INFO - [2022-08-22 23:40:47,429] {dag.py:2919} INFO - Setting next_dagrun for example_branch_python_operator_decorator to 2022-08-21T00:00:00+00:00, run_after=2022-08-22T00:00:00+00:00
[2022-08-22 23:40:47,498] {processor.py:161} INFO - Processing /home/airflow/.local/lib/python3.7/site-packages/airflow/example_dags/example_branch_operator_decorator.py took 0.376 seconds
[2022-08-22 23:41:18,273] {processor.py:153} INFO - Started process (PID=438) to work on /home/airflow/.local/lib/python3.7/site-packages/airflow/example_dags/example_branch_operator_decorator.py
[2022-08-22 23:41:18,276] {processor.py:641} INFO - Processing file /home/airflow/.local/lib/python3.7/site-packages/airflow/example_dags/example_branch_operator_decorator.py for tasks to queue
[2022-08-22 23:41:18,280] {logging_mixin.py:115} INFO - [2022-08-22 23:41:18,280] {dagbag.py:507} INFO - Filling up the DagBag from /home/airflow/.local/lib/python3.7/site-packages/airflow/example_dags/example_branch_operator_decorator.py
[2022-08-22 23:41:18,338] {processor.py:651} INFO - DAG(s) dict_keys(['example_branch_python_operator_decorator']) retrieved from /home/airflow/.local/lib/python3.7/site-packages/airflow/example_dags/example_branch_operator_decorator.py
[2022-08-22 23:41:18,402] {logging_mixin.py:115} INFO - [2022-08-22 23:41:18,401] {dag.py:2371} INFO - Sync 1 DAGs
[2022-08-22 23:41:18,482] {logging_mixin.py:115} INFO - [2022-08-22 23:41:18,482] {dag.py:2919} INFO - Setting next_dagrun for example_branch_python_operator_decorator to 2022-08-21T00:00:00+00:00, run_after=2022-08-22T00:00:00+00:00
[2022-08-22 23:41:18,517] {processor.py:161} INFO - Processing /home/airflow/.local/lib/python3.7/site-packages/airflow/example_dags/example_branch_operator_decorator.py took 0.252 seconds
[2022-08-22 23:41:49,217] {processor.py:153} INFO - Started process (PID=505) to work on /home/airflow/.local/lib/python3.7/site-packages/airflow/example_dags/example_branch_operator_decorator.py
[2022-08-22 23:41:49,221] {processor.py:641} INFO - Processing file /home/airflow/.local/lib/python3.7/site-packages/airflow/example_dags/example_branch_operator_decorator.py for tasks to queue
[2022-08-22 23:41:49,225] {logging_mixin.py:115} INFO - [2022-08-22 23:41:49,225] {dagbag.py:507} INFO - Filling up the DagBag from /home/airflow/.local/lib/python3.7/site-packages/airflow/example_dags/example_branch_operator_decorator.py
[2022-08-22 23:41:49,280] {processor.py:651} INFO - DAG(s) dict_keys(['example_branch_python_operator_decorator']) retrieved from /home/airflow/.local/lib/python3.7/site-packages/airflow/example_dags/example_branch_operator_decorator.py
[2022-08-22 23:41:49,360] {logging_mixin.py:115} INFO - [2022-08-22 23:41:49,360] {dag.py:2371} INFO - Sync 1 DAGs
[2022-08-22 23:41:49,426] {logging_mixin.py:115} INFO - [2022-08-22 23:41:49,426] {dag.py:2919} INFO - Setting next_dagrun for example_branch_python_operator_decorator to 2022-08-21T00:00:00+00:00, run_after=2022-08-22T00:00:00+00:00
[2022-08-22 23:41:49,458] {processor.py:161} INFO - Processing /home/airflow/.local/lib/python3.7/site-packages/airflow/example_dags/example_branch_operator_decorator.py took 0.248 seconds
[2022-08-22 23:42:20,344] {processor.py:153} INFO - Started process (PID=585) to work on /home/airflow/.local/lib/python3.7/site-packages/airflow/example_dags/example_branch_operator_decorator.py
[2022-08-22 23:42:20,347] {processor.py:641} INFO - Processing file /home/airflow/.local/lib/python3.7/site-packages/airflow/example_dags/example_branch_operator_decorator.py for tasks to queue
[2022-08-22 23:42:20,349] {logging_mixin.py:115} INFO - [2022-08-22 23:42:20,349] {dagbag.py:507} INFO - Filling up the DagBag from /home/airflow/.local/lib/python3.7/site-packages/airflow/example_dags/example_branch_operator_decorator.py
[2022-08-22 23:42:20,395] {processor.py:651} INFO - DAG(s) dict_keys(['example_branch_python_operator_decorator']) retrieved from /home/airflow/.local/lib/python3.7/site-packages/airflow/example_dags/example_branch_operator_decorator.py
[2022-08-22 23:42:20,458] {logging_mixin.py:115} INFO - [2022-08-22 23:42:20,457] {dag.py:2371} INFO - Sync 1 DAGs
[2022-08-22 23:42:20,520] {logging_mixin.py:115} INFO - [2022-08-22 23:42:20,520] {dag.py:2919} INFO - Setting next_dagrun for example_branch_python_operator_decorator to 2022-08-21T00:00:00+00:00, run_after=2022-08-22T00:00:00+00:00
[2022-08-22 23:42:20,548] {processor.py:161} INFO - Processing /home/airflow/.local/lib/python3.7/site-packages/airflow/example_dags/example_branch_operator_decorator.py took 0.214 seconds
[2022-08-22 23:42:51,055] {processor.py:153} INFO - Started process (PID=653) to work on /home/airflow/.local/lib/python3.7/site-packages/airflow/example_dags/example_branch_operator_decorator.py
[2022-08-22 23:42:51,057] {processor.py:641} INFO - Processing file /home/airflow/.local/lib/python3.7/site-packages/airflow/example_dags/example_branch_operator_decorator.py for tasks to queue
[2022-08-22 23:42:51,059] {logging_mixin.py:115} INFO - [2022-08-22 23:42:51,059] {dagbag.py:507} INFO - Filling up the DagBag from /home/airflow/.local/lib/python3.7/site-packages/airflow/example_dags/example_branch_operator_decorator.py
[2022-08-22 23:42:51,104] {processor.py:651} INFO - DAG(s) dict_keys(['example_branch_python_operator_decorator']) retrieved from /home/airflow/.local/lib/python3.7/site-packages/airflow/example_dags/example_branch_operator_decorator.py
[2022-08-22 23:42:51,171] {logging_mixin.py:115} INFO - [2022-08-22 23:42:51,170] {dag.py:2371} INFO - Sync 1 DAGs
[2022-08-22 23:42:51,226] {logging_mixin.py:115} INFO - [2022-08-22 23:42:51,226] {dag.py:2919} INFO - Setting next_dagrun for example_branch_python_operator_decorator to 2022-08-21T00:00:00+00:00, run_after=2022-08-22T00:00:00+00:00
[2022-08-22 23:42:51,255] {processor.py:161} INFO - Processing /home/airflow/.local/lib/python3.7/site-packages/airflow/example_dags/example_branch_operator_decorator.py took 0.208 seconds
[2022-08-22 23:43:21,406] {processor.py:153} INFO - Started process (PID=719) to work on /home/airflow/.local/lib/python3.7/site-packages/airflow/example_dags/example_branch_operator_decorator.py
[2022-08-22 23:43:21,408] {processor.py:641} INFO - Processing file /home/airflow/.local/lib/python3.7/site-packages/airflow/example_dags/example_branch_operator_decorator.py for tasks to queue
[2022-08-22 23:43:21,410] {logging_mixin.py:115} INFO - [2022-08-22 23:43:21,410] {dagbag.py:507} INFO - Filling up the DagBag from /home/airflow/.local/lib/python3.7/site-packages/airflow/example_dags/example_branch_operator_decorator.py
[2022-08-22 23:43:21,453] {processor.py:651} INFO - DAG(s) dict_keys(['example_branch_python_operator_decorator']) retrieved from /home/airflow/.local/lib/python3.7/site-packages/airflow/example_dags/example_branch_operator_decorator.py
[2022-08-22 23:43:21,516] {logging_mixin.py:115} INFO - [2022-08-22 23:43:21,516] {dag.py:2371} INFO - Sync 1 DAGs
[2022-08-22 23:43:21,574] {logging_mixin.py:115} INFO - [2022-08-22 23:43:21,574] {dag.py:2919} INFO - Setting next_dagrun for example_branch_python_operator_decorator to 2022-08-21T00:00:00+00:00, run_after=2022-08-22T00:00:00+00:00
[2022-08-22 23:43:21,604] {processor.py:161} INFO - Processing /home/airflow/.local/lib/python3.7/site-packages/airflow/example_dags/example_branch_operator_decorator.py took 0.206 seconds
[2022-08-22 23:43:52,905] {processor.py:153} INFO - Started process (PID=797) to work on /home/airflow/.local/lib/python3.7/site-packages/airflow/example_dags/example_branch_operator_decorator.py
[2022-08-22 23:43:52,908] {processor.py:641} INFO - Processing file /home/airflow/.local/lib/python3.7/site-packages/airflow/example_dags/example_branch_operator_decorator.py for tasks to queue
[2022-08-22 23:43:52,910] {logging_mixin.py:115} INFO - [2022-08-22 23:43:52,910] {dagbag.py:507} INFO - Filling up the DagBag from /home/airflow/.local/lib/python3.7/site-packages/airflow/example_dags/example_branch_operator_decorator.py
[2022-08-22 23:43:52,953] {processor.py:651} INFO - DAG(s) dict_keys(['example_branch_python_operator_decorator']) retrieved from /home/airflow/.local/lib/python3.7/site-packages/airflow/example_dags/example_branch_operator_decorator.py
[2022-08-22 23:43:53,020] {logging_mixin.py:115} INFO - [2022-08-22 23:43:53,019] {dag.py:2371} INFO - Sync 1 DAGs
[2022-08-22 23:43:53,079] {logging_mixin.py:115} INFO - [2022-08-22 23:43:53,078] {dag.py:2919} INFO - Setting next_dagrun for example_branch_python_operator_decorator to 2022-08-21T00:00:00+00:00, run_after=2022-08-22T00:00:00+00:00
[2022-08-22 23:43:53,106] {processor.py:161} INFO - Processing /home/airflow/.local/lib/python3.7/site-packages/airflow/example_dags/example_branch_operator_decorator.py took 0.211 seconds
[2022-08-22 23:44:23,919] {processor.py:153} INFO - Started process (PID=863) to work on /home/airflow/.local/lib/python3.7/site-packages/airflow/example_dags/example_branch_operator_decorator.py
[2022-08-22 23:44:23,921] {processor.py:641} INFO - Processing file /home/airflow/.local/lib/python3.7/site-packages/airflow/example_dags/example_branch_operator_decorator.py for tasks to queue
[2022-08-22 23:44:23,924] {logging_mixin.py:115} INFO - [2022-08-22 23:44:23,923] {dagbag.py:507} INFO - Filling up the DagBag from /home/airflow/.local/lib/python3.7/site-packages/airflow/example_dags/example_branch_operator_decorator.py
[2022-08-22 23:44:23,962] {processor.py:651} INFO - DAG(s) dict_keys(['example_branch_python_operator_decorator']) retrieved from /home/airflow/.local/lib/python3.7/site-packages/airflow/example_dags/example_branch_operator_decorator.py
[2022-08-22 23:44:24,017] {logging_mixin.py:115} INFO - [2022-08-22 23:44:24,017] {dag.py:2371} INFO - Sync 1 DAGs
[2022-08-22 23:44:24,067] {logging_mixin.py:115} INFO - [2022-08-22 23:44:24,066] {dag.py:2919} INFO - Setting next_dagrun for example_branch_python_operator_decorator to 2022-08-21T00:00:00+00:00, run_after=2022-08-22T00:00:00+00:00
[2022-08-22 23:44:24,092] {processor.py:161} INFO - Processing /home/airflow/.local/lib/python3.7/site-packages/airflow/example_dags/example_branch_operator_decorator.py took 0.179 seconds
[2022-08-22 23:44:54,128] {processor.py:153} INFO - Started process (PID=938) to work on /home/airflow/.local/lib/python3.7/site-packages/airflow/example_dags/example_branch_operator_decorator.py
[2022-08-22 23:44:54,130] {processor.py:641} INFO - Processing file /home/airflow/.local/lib/python3.7/site-packages/airflow/example_dags/example_branch_operator_decorator.py for tasks to queue
[2022-08-22 23:44:54,131] {logging_mixin.py:115} INFO - [2022-08-22 23:44:54,131] {dagbag.py:507} INFO - Filling up the DagBag from /home/airflow/.local/lib/python3.7/site-packages/airflow/example_dags/example_branch_operator_decorator.py
[2022-08-22 23:44:54,154] {processor.py:651} INFO - DAG(s) dict_keys(['example_branch_python_operator_decorator']) retrieved from /home/airflow/.local/lib/python3.7/site-packages/airflow/example_dags/example_branch_operator_decorator.py
[2022-08-22 23:44:54,180] {logging_mixin.py:115} INFO - [2022-08-22 23:44:54,180] {dag.py:2371} INFO - Sync 1 DAGs
[2022-08-22 23:44:54,204] {logging_mixin.py:115} INFO - [2022-08-22 23:44:54,204] {dag.py:2919} INFO - Setting next_dagrun for example_branch_python_operator_decorator to 2022-08-21T00:00:00+00:00, run_after=2022-08-22T00:00:00+00:00
[2022-08-22 23:44:54,214] {processor.py:161} INFO - Processing /home/airflow/.local/lib/python3.7/site-packages/airflow/example_dags/example_branch_operator_decorator.py took 0.090 seconds
[2022-08-22 23:45:25,451] {processor.py:153} INFO - Started process (PID=1017) to work on /home/airflow/.local/lib/python3.7/site-packages/airflow/example_dags/example_branch_operator_decorator.py
[2022-08-22 23:45:25,452] {processor.py:641} INFO - Processing file /home/airflow/.local/lib/python3.7/site-packages/airflow/example_dags/example_branch_operator_decorator.py for tasks to queue
[2022-08-22 23:45:25,453] {logging_mixin.py:115} INFO - [2022-08-22 23:45:25,453] {dagbag.py:507} INFO - Filling up the DagBag from /home/airflow/.local/lib/python3.7/site-packages/airflow/example_dags/example_branch_operator_decorator.py
[2022-08-22 23:45:25,477] {processor.py:651} INFO - DAG(s) dict_keys(['example_branch_python_operator_decorator']) retrieved from /home/airflow/.local/lib/python3.7/site-packages/airflow/example_dags/example_branch_operator_decorator.py
[2022-08-22 23:45:25,509] {logging_mixin.py:115} INFO - [2022-08-22 23:45:25,509] {dag.py:2371} INFO - Sync 1 DAGs
[2022-08-22 23:45:25,539] {logging_mixin.py:115} INFO - [2022-08-22 23:45:25,539] {dag.py:2919} INFO - Setting next_dagrun for example_branch_python_operator_decorator to 2022-08-21T00:00:00+00:00, run_after=2022-08-22T00:00:00+00:00
[2022-08-22 23:45:25,554] {processor.py:161} INFO - Processing /home/airflow/.local/lib/python3.7/site-packages/airflow/example_dags/example_branch_operator_decorator.py took 0.107 seconds
[2022-08-22 23:45:56,892] {processor.py:153} INFO - Started process (PID=1085) to work on /home/airflow/.local/lib/python3.7/site-packages/airflow/example_dags/example_branch_operator_decorator.py
[2022-08-22 23:45:56,893] {processor.py:641} INFO - Processing file /home/airflow/.local/lib/python3.7/site-packages/airflow/example_dags/example_branch_operator_decorator.py for tasks to queue
[2022-08-22 23:45:56,894] {logging_mixin.py:115} INFO - [2022-08-22 23:45:56,894] {dagbag.py:507} INFO - Filling up the DagBag from /home/airflow/.local/lib/python3.7/site-packages/airflow/example_dags/example_branch_operator_decorator.py
[2022-08-22 23:45:56,913] {processor.py:651} INFO - DAG(s) dict_keys(['example_branch_python_operator_decorator']) retrieved from /home/airflow/.local/lib/python3.7/site-packages/airflow/example_dags/example_branch_operator_decorator.py
[2022-08-22 23:45:56,939] {logging_mixin.py:115} INFO - [2022-08-22 23:45:56,939] {dag.py:2371} INFO - Sync 1 DAGs
[2022-08-22 23:45:56,965] {logging_mixin.py:115} INFO - [2022-08-22 23:45:56,965] {dag.py:2919} INFO - Setting next_dagrun for example_branch_python_operator_decorator to 2022-08-21T00:00:00+00:00, run_after=2022-08-22T00:00:00+00:00
[2022-08-22 23:45:56,977] {processor.py:161} INFO - Processing /home/airflow/.local/lib/python3.7/site-packages/airflow/example_dags/example_branch_operator_decorator.py took 0.089 seconds
[2022-08-22 23:46:27,956] {processor.py:153} INFO - Started process (PID=1162) to work on /home/airflow/.local/lib/python3.7/site-packages/airflow/example_dags/example_branch_operator_decorator.py
[2022-08-22 23:46:27,958] {processor.py:641} INFO - Processing file /home/airflow/.local/lib/python3.7/site-packages/airflow/example_dags/example_branch_operator_decorator.py for tasks to queue
[2022-08-22 23:46:27,959] {logging_mixin.py:115} INFO - [2022-08-22 23:46:27,959] {dagbag.py:507} INFO - Filling up the DagBag from /home/airflow/.local/lib/python3.7/site-packages/airflow/example_dags/example_branch_operator_decorator.py
[2022-08-22 23:46:27,982] {processor.py:651} INFO - DAG(s) dict_keys(['example_branch_python_operator_decorator']) retrieved from /home/airflow/.local/lib/python3.7/site-packages/airflow/example_dags/example_branch_operator_decorator.py
[2022-08-22 23:46:28,015] {logging_mixin.py:115} INFO - [2022-08-22 23:46:28,015] {dag.py:2371} INFO - Sync 1 DAGs
[2022-08-22 23:46:28,041] {logging_mixin.py:115} INFO - [2022-08-22 23:46:28,041] {dag.py:2919} INFO - Setting next_dagrun for example_branch_python_operator_decorator to 2022-08-21T00:00:00+00:00, run_after=2022-08-22T00:00:00+00:00
[2022-08-22 23:46:28,054] {processor.py:161} INFO - Processing /home/airflow/.local/lib/python3.7/site-packages/airflow/example_dags/example_branch_operator_decorator.py took 0.102 seconds
[2022-08-22 23:46:58,691] {processor.py:153} INFO - Started process (PID=1239) to work on /home/airflow/.local/lib/python3.7/site-packages/airflow/example_dags/example_branch_operator_decorator.py
[2022-08-22 23:46:58,692] {processor.py:641} INFO - Processing file /home/airflow/.local/lib/python3.7/site-packages/airflow/example_dags/example_branch_operator_decorator.py for tasks to queue
[2022-08-22 23:46:58,693] {logging_mixin.py:115} INFO - [2022-08-22 23:46:58,693] {dagbag.py:507} INFO - Filling up the DagBag from /home/airflow/.local/lib/python3.7/site-packages/airflow/example_dags/example_branch_operator_decorator.py
[2022-08-22 23:46:58,713] {processor.py:651} INFO - DAG(s) dict_keys(['example_branch_python_operator_decorator']) retrieved from /home/airflow/.local/lib/python3.7/site-packages/airflow/example_dags/example_branch_operator_decorator.py
[2022-08-22 23:46:58,741] {logging_mixin.py:115} INFO - [2022-08-22 23:46:58,741] {dag.py:2371} INFO - Sync 1 DAGs
[2022-08-22 23:46:58,764] {logging_mixin.py:115} INFO - [2022-08-22 23:46:58,764] {dag.py:2919} INFO - Setting next_dagrun for example_branch_python_operator_decorator to 2022-08-21T00:00:00+00:00, run_after=2022-08-22T00:00:00+00:00
[2022-08-22 23:46:58,775] {processor.py:161} INFO - Processing /home/airflow/.local/lib/python3.7/site-packages/airflow/example_dags/example_branch_operator_decorator.py took 0.089 seconds
[2022-08-22 23:47:29,215] {processor.py:153} INFO - Started process (PID=1316) to work on /home/airflow/.local/lib/python3.7/site-packages/airflow/example_dags/example_branch_operator_decorator.py
[2022-08-22 23:47:29,217] {processor.py:641} INFO - Processing file /home/airflow/.local/lib/python3.7/site-packages/airflow/example_dags/example_branch_operator_decorator.py for tasks to queue
[2022-08-22 23:47:29,218] {logging_mixin.py:115} INFO - [2022-08-22 23:47:29,218] {dagbag.py:507} INFO - Filling up the DagBag from /home/airflow/.local/lib/python3.7/site-packages/airflow/example_dags/example_branch_operator_decorator.py
[2022-08-22 23:47:29,240] {processor.py:651} INFO - DAG(s) dict_keys(['example_branch_python_operator_decorator']) retrieved from /home/airflow/.local/lib/python3.7/site-packages/airflow/example_dags/example_branch_operator_decorator.py
[2022-08-22 23:47:29,268] {logging_mixin.py:115} INFO - [2022-08-22 23:47:29,268] {dag.py:2371} INFO - Sync 1 DAGs
[2022-08-22 23:47:29,292] {logging_mixin.py:115} INFO - [2022-08-22 23:47:29,292] {dag.py:2919} INFO - Setting next_dagrun for example_branch_python_operator_decorator to 2022-08-21T00:00:00+00:00, run_after=2022-08-22T00:00:00+00:00
[2022-08-22 23:47:29,303] {processor.py:161} INFO - Processing /home/airflow/.local/lib/python3.7/site-packages/airflow/example_dags/example_branch_operator_decorator.py took 0.092 seconds
[2022-08-22 23:47:59,889] {processor.py:153} INFO - Started process (PID=1384) to work on /home/airflow/.local/lib/python3.7/site-packages/airflow/example_dags/example_branch_operator_decorator.py
[2022-08-22 23:47:59,891] {processor.py:641} INFO - Processing file /home/airflow/.local/lib/python3.7/site-packages/airflow/example_dags/example_branch_operator_decorator.py for tasks to queue
[2022-08-22 23:47:59,892] {logging_mixin.py:115} INFO - [2022-08-22 23:47:59,892] {dagbag.py:507} INFO - Filling up the DagBag from /home/airflow/.local/lib/python3.7/site-packages/airflow/example_dags/example_branch_operator_decorator.py
[2022-08-22 23:47:59,913] {processor.py:651} INFO - DAG(s) dict_keys(['example_branch_python_operator_decorator']) retrieved from /home/airflow/.local/lib/python3.7/site-packages/airflow/example_dags/example_branch_operator_decorator.py
[2022-08-22 23:47:59,940] {logging_mixin.py:115} INFO - [2022-08-22 23:47:59,940] {dag.py:2371} INFO - Sync 1 DAGs
[2022-08-22 23:47:59,964] {logging_mixin.py:115} INFO - [2022-08-22 23:47:59,964] {dag.py:2919} INFO - Setting next_dagrun for example_branch_python_operator_decorator to 2022-08-21T00:00:00+00:00, run_after=2022-08-22T00:00:00+00:00
[2022-08-22 23:47:59,976] {processor.py:161} INFO - Processing /home/airflow/.local/lib/python3.7/site-packages/airflow/example_dags/example_branch_operator_decorator.py took 0.090 seconds
[2022-08-22 23:48:30,318] {processor.py:153} INFO - Started process (PID=1461) to work on /home/airflow/.local/lib/python3.7/site-packages/airflow/example_dags/example_branch_operator_decorator.py
[2022-08-22 23:48:30,319] {processor.py:641} INFO - Processing file /home/airflow/.local/lib/python3.7/site-packages/airflow/example_dags/example_branch_operator_decorator.py for tasks to queue
[2022-08-22 23:48:30,320] {logging_mixin.py:115} INFO - [2022-08-22 23:48:30,320] {dagbag.py:507} INFO - Filling up the DagBag from /home/airflow/.local/lib/python3.7/site-packages/airflow/example_dags/example_branch_operator_decorator.py
[2022-08-22 23:48:30,338] {processor.py:651} INFO - DAG(s) dict_keys(['example_branch_python_operator_decorator']) retrieved from /home/airflow/.local/lib/python3.7/site-packages/airflow/example_dags/example_branch_operator_decorator.py
[2022-08-22 23:48:30,364] {logging_mixin.py:115} INFO - [2022-08-22 23:48:30,364] {dag.py:2371} INFO - Sync 1 DAGs
[2022-08-22 23:48:30,387] {logging_mixin.py:115} INFO - [2022-08-22 23:48:30,387] {dag.py:2919} INFO - Setting next_dagrun for example_branch_python_operator_decorator to 2022-08-21T00:00:00+00:00, run_after=2022-08-22T00:00:00+00:00
[2022-08-22 23:48:30,399] {processor.py:161} INFO - Processing /home/airflow/.local/lib/python3.7/site-packages/airflow/example_dags/example_branch_operator_decorator.py took 0.085 seconds
[2022-08-22 23:49:00,905] {processor.py:153} INFO - Started process (PID=1538) to work on /home/airflow/.local/lib/python3.7/site-packages/airflow/example_dags/example_branch_operator_decorator.py
[2022-08-22 23:49:00,906] {processor.py:641} INFO - Processing file /home/airflow/.local/lib/python3.7/site-packages/airflow/example_dags/example_branch_operator_decorator.py for tasks to queue
[2022-08-22 23:49:00,907] {logging_mixin.py:115} INFO - [2022-08-22 23:49:00,906] {dagbag.py:507} INFO - Filling up the DagBag from /home/airflow/.local/lib/python3.7/site-packages/airflow/example_dags/example_branch_operator_decorator.py
[2022-08-22 23:49:00,926] {processor.py:651} INFO - DAG(s) dict_keys(['example_branch_python_operator_decorator']) retrieved from /home/airflow/.local/lib/python3.7/site-packages/airflow/example_dags/example_branch_operator_decorator.py
[2022-08-22 23:49:00,952] {logging_mixin.py:115} INFO - [2022-08-22 23:49:00,952] {dag.py:2371} INFO - Sync 1 DAGs
[2022-08-22 23:49:00,975] {logging_mixin.py:115} INFO - [2022-08-22 23:49:00,974] {dag.py:2919} INFO - Setting next_dagrun for example_branch_python_operator_decorator to 2022-08-21T00:00:00+00:00, run_after=2022-08-22T00:00:00+00:00
[2022-08-22 23:49:00,985] {processor.py:161} INFO - Processing /home/airflow/.local/lib/python3.7/site-packages/airflow/example_dags/example_branch_operator_decorator.py took 0.084 seconds
[2022-08-22 23:49:31,673] {processor.py:153} INFO - Started process (PID=1615) to work on /home/airflow/.local/lib/python3.7/site-packages/airflow/example_dags/example_branch_operator_decorator.py
[2022-08-22 23:49:31,674] {processor.py:641} INFO - Processing file /home/airflow/.local/lib/python3.7/site-packages/airflow/example_dags/example_branch_operator_decorator.py for tasks to queue
[2022-08-22 23:49:31,675] {logging_mixin.py:115} INFO - [2022-08-22 23:49:31,675] {dagbag.py:507} INFO - Filling up the DagBag from /home/airflow/.local/lib/python3.7/site-packages/airflow/example_dags/example_branch_operator_decorator.py
[2022-08-22 23:49:31,695] {processor.py:651} INFO - DAG(s) dict_keys(['example_branch_python_operator_decorator']) retrieved from /home/airflow/.local/lib/python3.7/site-packages/airflow/example_dags/example_branch_operator_decorator.py
[2022-08-22 23:49:31,722] {logging_mixin.py:115} INFO - [2022-08-22 23:49:31,722] {dag.py:2371} INFO - Sync 1 DAGs
[2022-08-22 23:49:31,747] {logging_mixin.py:115} INFO - [2022-08-22 23:49:31,746] {dag.py:2919} INFO - Setting next_dagrun for example_branch_python_operator_decorator to 2022-08-21T00:00:00+00:00, run_after=2022-08-22T00:00:00+00:00
[2022-08-22 23:49:31,759] {processor.py:161} INFO - Processing /home/airflow/.local/lib/python3.7/site-packages/airflow/example_dags/example_branch_operator_decorator.py took 0.090 seconds
[2022-08-22 23:50:02,174] {processor.py:153} INFO - Started process (PID=1683) to work on /home/airflow/.local/lib/python3.7/site-packages/airflow/example_dags/example_branch_operator_decorator.py
[2022-08-22 23:50:02,175] {processor.py:641} INFO - Processing file /home/airflow/.local/lib/python3.7/site-packages/airflow/example_dags/example_branch_operator_decorator.py for tasks to queue
[2022-08-22 23:50:02,176] {logging_mixin.py:115} INFO - [2022-08-22 23:50:02,176] {dagbag.py:507} INFO - Filling up the DagBag from /home/airflow/.local/lib/python3.7/site-packages/airflow/example_dags/example_branch_operator_decorator.py
[2022-08-22 23:50:02,197] {processor.py:651} INFO - DAG(s) dict_keys(['example_branch_python_operator_decorator']) retrieved from /home/airflow/.local/lib/python3.7/site-packages/airflow/example_dags/example_branch_operator_decorator.py
[2022-08-22 23:50:02,226] {logging_mixin.py:115} INFO - [2022-08-22 23:50:02,226] {dag.py:2371} INFO - Sync 1 DAGs
[2022-08-22 23:50:02,250] {logging_mixin.py:115} INFO - [2022-08-22 23:50:02,249] {dag.py:2919} INFO - Setting next_dagrun for example_branch_python_operator_decorator to 2022-08-21T00:00:00+00:00, run_after=2022-08-22T00:00:00+00:00
[2022-08-22 23:50:02,261] {processor.py:161} INFO - Processing /home/airflow/.local/lib/python3.7/site-packages/airflow/example_dags/example_branch_operator_decorator.py took 0.091 seconds
[2022-08-22 23:50:32,723] {processor.py:153} INFO - Started process (PID=1760) to work on /home/airflow/.local/lib/python3.7/site-packages/airflow/example_dags/example_branch_operator_decorator.py
[2022-08-22 23:50:32,723] {processor.py:641} INFO - Processing file /home/airflow/.local/lib/python3.7/site-packages/airflow/example_dags/example_branch_operator_decorator.py for tasks to queue
[2022-08-22 23:50:32,725] {logging_mixin.py:115} INFO - [2022-08-22 23:50:32,724] {dagbag.py:507} INFO - Filling up the DagBag from /home/airflow/.local/lib/python3.7/site-packages/airflow/example_dags/example_branch_operator_decorator.py
[2022-08-22 23:50:32,744] {processor.py:651} INFO - DAG(s) dict_keys(['example_branch_python_operator_decorator']) retrieved from /home/airflow/.local/lib/python3.7/site-packages/airflow/example_dags/example_branch_operator_decorator.py
[2022-08-22 23:50:32,771] {logging_mixin.py:115} INFO - [2022-08-22 23:50:32,771] {dag.py:2371} INFO - Sync 1 DAGs
[2022-08-22 23:50:32,795] {logging_mixin.py:115} INFO - [2022-08-22 23:50:32,795] {dag.py:2919} INFO - Setting next_dagrun for example_branch_python_operator_decorator to 2022-08-21T00:00:00+00:00, run_after=2022-08-22T00:00:00+00:00
[2022-08-22 23:50:32,807] {processor.py:161} INFO - Processing /home/airflow/.local/lib/python3.7/site-packages/airflow/example_dags/example_branch_operator_decorator.py took 0.088 seconds
[2022-08-22 23:51:03,305] {processor.py:153} INFO - Started process (PID=1837) to work on /home/airflow/.local/lib/python3.7/site-packages/airflow/example_dags/example_branch_operator_decorator.py
[2022-08-22 23:51:03,307] {processor.py:641} INFO - Processing file /home/airflow/.local/lib/python3.7/site-packages/airflow/example_dags/example_branch_operator_decorator.py for tasks to queue
[2022-08-22 23:51:03,308] {logging_mixin.py:115} INFO - [2022-08-22 23:51:03,308] {dagbag.py:507} INFO - Filling up the DagBag from /home/airflow/.local/lib/python3.7/site-packages/airflow/example_dags/example_branch_operator_decorator.py
[2022-08-22 23:51:03,326] {processor.py:651} INFO - DAG(s) dict_keys(['example_branch_python_operator_decorator']) retrieved from /home/airflow/.local/lib/python3.7/site-packages/airflow/example_dags/example_branch_operator_decorator.py
[2022-08-22 23:51:03,354] {logging_mixin.py:115} INFO - [2022-08-22 23:51:03,354] {dag.py:2371} INFO - Sync 1 DAGs
[2022-08-22 23:51:03,377] {logging_mixin.py:115} INFO - [2022-08-22 23:51:03,377] {dag.py:2919} INFO - Setting next_dagrun for example_branch_python_operator_decorator to 2022-08-21T00:00:00+00:00, run_after=2022-08-22T00:00:00+00:00
[2022-08-22 23:51:03,388] {processor.py:161} INFO - Processing /home/airflow/.local/lib/python3.7/site-packages/airflow/example_dags/example_branch_operator_decorator.py took 0.087 seconds
[2022-08-22 23:51:33,983] {processor.py:153} INFO - Started process (PID=1905) to work on /home/airflow/.local/lib/python3.7/site-packages/airflow/example_dags/example_branch_operator_decorator.py
[2022-08-22 23:51:33,984] {processor.py:641} INFO - Processing file /home/airflow/.local/lib/python3.7/site-packages/airflow/example_dags/example_branch_operator_decorator.py for tasks to queue
[2022-08-22 23:51:33,986] {logging_mixin.py:115} INFO - [2022-08-22 23:51:33,986] {dagbag.py:507} INFO - Filling up the DagBag from /home/airflow/.local/lib/python3.7/site-packages/airflow/example_dags/example_branch_operator_decorator.py
[2022-08-22 23:51:34,015] {processor.py:651} INFO - DAG(s) dict_keys(['example_branch_python_operator_decorator']) retrieved from /home/airflow/.local/lib/python3.7/site-packages/airflow/example_dags/example_branch_operator_decorator.py
[2022-08-22 23:51:34,048] {logging_mixin.py:115} INFO - [2022-08-22 23:51:34,048] {dag.py:2371} INFO - Sync 1 DAGs
[2022-08-22 23:51:34,076] {logging_mixin.py:115} INFO - [2022-08-22 23:51:34,076] {dag.py:2919} INFO - Setting next_dagrun for example_branch_python_operator_decorator to 2022-08-21T00:00:00+00:00, run_after=2022-08-22T00:00:00+00:00
[2022-08-22 23:51:34,093] {processor.py:161} INFO - Processing /home/airflow/.local/lib/python3.7/site-packages/airflow/example_dags/example_branch_operator_decorator.py took 0.114 seconds
[2022-08-22 23:52:04,505] {processor.py:153} INFO - Started process (PID=1982) to work on /home/airflow/.local/lib/python3.7/site-packages/airflow/example_dags/example_branch_operator_decorator.py
[2022-08-22 23:52:04,506] {processor.py:641} INFO - Processing file /home/airflow/.local/lib/python3.7/site-packages/airflow/example_dags/example_branch_operator_decorator.py for tasks to queue
[2022-08-22 23:52:04,507] {logging_mixin.py:115} INFO - [2022-08-22 23:52:04,507] {dagbag.py:507} INFO - Filling up the DagBag from /home/airflow/.local/lib/python3.7/site-packages/airflow/example_dags/example_branch_operator_decorator.py
[2022-08-22 23:52:04,526] {processor.py:651} INFO - DAG(s) dict_keys(['example_branch_python_operator_decorator']) retrieved from /home/airflow/.local/lib/python3.7/site-packages/airflow/example_dags/example_branch_operator_decorator.py
[2022-08-22 23:52:04,555] {logging_mixin.py:115} INFO - [2022-08-22 23:52:04,555] {dag.py:2371} INFO - Sync 1 DAGs
[2022-08-22 23:52:04,596] {logging_mixin.py:115} INFO - [2022-08-22 23:52:04,596] {dag.py:2919} INFO - Setting next_dagrun for example_branch_python_operator_decorator to 2022-08-21T00:00:00+00:00, run_after=2022-08-22T00:00:00+00:00
[2022-08-22 23:52:04,608] {processor.py:161} INFO - Processing /home/airflow/.local/lib/python3.7/site-packages/airflow/example_dags/example_branch_operator_decorator.py took 0.107 seconds
[2022-08-22 23:52:35,121] {processor.py:153} INFO - Started process (PID=2059) to work on /home/airflow/.local/lib/python3.7/site-packages/airflow/example_dags/example_branch_operator_decorator.py
[2022-08-22 23:52:35,122] {processor.py:641} INFO - Processing file /home/airflow/.local/lib/python3.7/site-packages/airflow/example_dags/example_branch_operator_decorator.py for tasks to queue
[2022-08-22 23:52:35,123] {logging_mixin.py:115} INFO - [2022-08-22 23:52:35,123] {dagbag.py:507} INFO - Filling up the DagBag from /home/airflow/.local/lib/python3.7/site-packages/airflow/example_dags/example_branch_operator_decorator.py
[2022-08-22 23:52:35,141] {processor.py:651} INFO - DAG(s) dict_keys(['example_branch_python_operator_decorator']) retrieved from /home/airflow/.local/lib/python3.7/site-packages/airflow/example_dags/example_branch_operator_decorator.py
[2022-08-22 23:52:35,168] {logging_mixin.py:115} INFO - [2022-08-22 23:52:35,168] {dag.py:2371} INFO - Sync 1 DAGs
[2022-08-22 23:52:35,191] {logging_mixin.py:115} INFO - [2022-08-22 23:52:35,191] {dag.py:2919} INFO - Setting next_dagrun for example_branch_python_operator_decorator to 2022-08-21T00:00:00+00:00, run_after=2022-08-22T00:00:00+00:00
[2022-08-22 23:52:35,202] {processor.py:161} INFO - Processing /home/airflow/.local/lib/python3.7/site-packages/airflow/example_dags/example_branch_operator_decorator.py took 0.085 seconds
[2022-08-22 23:53:05,643] {processor.py:153} INFO - Started process (PID=2136) to work on /home/airflow/.local/lib/python3.7/site-packages/airflow/example_dags/example_branch_operator_decorator.py
[2022-08-22 23:53:05,646] {processor.py:641} INFO - Processing file /home/airflow/.local/lib/python3.7/site-packages/airflow/example_dags/example_branch_operator_decorator.py for tasks to queue
[2022-08-22 23:53:05,647] {logging_mixin.py:115} INFO - [2022-08-22 23:53:05,647] {dagbag.py:507} INFO - Filling up the DagBag from /home/airflow/.local/lib/python3.7/site-packages/airflow/example_dags/example_branch_operator_decorator.py
[2022-08-22 23:53:05,668] {processor.py:651} INFO - DAG(s) dict_keys(['example_branch_python_operator_decorator']) retrieved from /home/airflow/.local/lib/python3.7/site-packages/airflow/example_dags/example_branch_operator_decorator.py
[2022-08-22 23:53:05,694] {logging_mixin.py:115} INFO - [2022-08-22 23:53:05,694] {dag.py:2371} INFO - Sync 1 DAGs
[2022-08-22 23:53:05,717] {logging_mixin.py:115} INFO - [2022-08-22 23:53:05,717] {dag.py:2919} INFO - Setting next_dagrun for example_branch_python_operator_decorator to 2022-08-21T00:00:00+00:00, run_after=2022-08-22T00:00:00+00:00
[2022-08-22 23:53:05,728] {processor.py:161} INFO - Processing /home/airflow/.local/lib/python3.7/site-packages/airflow/example_dags/example_branch_operator_decorator.py took 0.088 seconds
[2022-08-22 23:53:36,158] {processor.py:153} INFO - Started process (PID=2210) to work on /home/airflow/.local/lib/python3.7/site-packages/airflow/example_dags/example_branch_operator_decorator.py
[2022-08-22 23:53:36,159] {processor.py:641} INFO - Processing file /home/airflow/.local/lib/python3.7/site-packages/airflow/example_dags/example_branch_operator_decorator.py for tasks to queue
[2022-08-22 23:53:36,160] {logging_mixin.py:115} INFO - [2022-08-22 23:53:36,160] {dagbag.py:507} INFO - Filling up the DagBag from /home/airflow/.local/lib/python3.7/site-packages/airflow/example_dags/example_branch_operator_decorator.py
[2022-08-22 23:53:36,178] {processor.py:651} INFO - DAG(s) dict_keys(['example_branch_python_operator_decorator']) retrieved from /home/airflow/.local/lib/python3.7/site-packages/airflow/example_dags/example_branch_operator_decorator.py
[2022-08-22 23:53:36,205] {logging_mixin.py:115} INFO - [2022-08-22 23:53:36,205] {dag.py:2371} INFO - Sync 1 DAGs
[2022-08-22 23:53:36,230] {logging_mixin.py:115} INFO - [2022-08-22 23:53:36,230] {dag.py:2919} INFO - Setting next_dagrun for example_branch_python_operator_decorator to 2022-08-21T00:00:00+00:00, run_after=2022-08-22T00:00:00+00:00
[2022-08-22 23:53:36,241] {processor.py:161} INFO - Processing /home/airflow/.local/lib/python3.7/site-packages/airflow/example_dags/example_branch_operator_decorator.py took 0.087 seconds
[2022-08-22 23:54:06,683] {processor.py:153} INFO - Started process (PID=2281) to work on /home/airflow/.local/lib/python3.7/site-packages/airflow/example_dags/example_branch_operator_decorator.py
[2022-08-22 23:54:06,684] {processor.py:641} INFO - Processing file /home/airflow/.local/lib/python3.7/site-packages/airflow/example_dags/example_branch_operator_decorator.py for tasks to queue
[2022-08-22 23:54:06,685] {logging_mixin.py:115} INFO - [2022-08-22 23:54:06,685] {dagbag.py:507} INFO - Filling up the DagBag from /home/airflow/.local/lib/python3.7/site-packages/airflow/example_dags/example_branch_operator_decorator.py
[2022-08-22 23:54:06,703] {processor.py:651} INFO - DAG(s) dict_keys(['example_branch_python_operator_decorator']) retrieved from /home/airflow/.local/lib/python3.7/site-packages/airflow/example_dags/example_branch_operator_decorator.py
[2022-08-22 23:54:06,728] {logging_mixin.py:115} INFO - [2022-08-22 23:54:06,728] {dag.py:2371} INFO - Sync 1 DAGs
[2022-08-22 23:54:06,749] {logging_mixin.py:115} INFO - [2022-08-22 23:54:06,749] {dag.py:2919} INFO - Setting next_dagrun for example_branch_python_operator_decorator to 2022-08-21T00:00:00+00:00, run_after=2022-08-22T00:00:00+00:00
[2022-08-22 23:54:06,760] {processor.py:161} INFO - Processing /home/airflow/.local/lib/python3.7/site-packages/airflow/example_dags/example_branch_operator_decorator.py took 0.080 seconds
[2022-08-22 23:54:37,257] {processor.py:153} INFO - Started process (PID=2356) to work on /home/airflow/.local/lib/python3.7/site-packages/airflow/example_dags/example_branch_operator_decorator.py
[2022-08-22 23:54:37,258] {processor.py:641} INFO - Processing file /home/airflow/.local/lib/python3.7/site-packages/airflow/example_dags/example_branch_operator_decorator.py for tasks to queue
[2022-08-22 23:54:37,259] {logging_mixin.py:115} INFO - [2022-08-22 23:54:37,259] {dagbag.py:507} INFO - Filling up the DagBag from /home/airflow/.local/lib/python3.7/site-packages/airflow/example_dags/example_branch_operator_decorator.py
[2022-08-22 23:54:37,278] {processor.py:651} INFO - DAG(s) dict_keys(['example_branch_python_operator_decorator']) retrieved from /home/airflow/.local/lib/python3.7/site-packages/airflow/example_dags/example_branch_operator_decorator.py
[2022-08-22 23:54:37,307] {logging_mixin.py:115} INFO - [2022-08-22 23:54:37,307] {dag.py:2371} INFO - Sync 1 DAGs
[2022-08-22 23:54:37,333] {logging_mixin.py:115} INFO - [2022-08-22 23:54:37,333] {dag.py:2919} INFO - Setting next_dagrun for example_branch_python_operator_decorator to 2022-08-21T00:00:00+00:00, run_after=2022-08-22T00:00:00+00:00
[2022-08-22 23:54:37,344] {processor.py:161} INFO - Processing /home/airflow/.local/lib/python3.7/site-packages/airflow/example_dags/example_branch_operator_decorator.py took 0.090 seconds
[2022-08-22 23:55:08,142] {processor.py:153} INFO - Started process (PID=2435) to work on /home/airflow/.local/lib/python3.7/site-packages/airflow/example_dags/example_branch_operator_decorator.py
[2022-08-22 23:55:08,143] {processor.py:641} INFO - Processing file /home/airflow/.local/lib/python3.7/site-packages/airflow/example_dags/example_branch_operator_decorator.py for tasks to queue
[2022-08-22 23:55:08,144] {logging_mixin.py:115} INFO - [2022-08-22 23:55:08,144] {dagbag.py:507} INFO - Filling up the DagBag from /home/airflow/.local/lib/python3.7/site-packages/airflow/example_dags/example_branch_operator_decorator.py
[2022-08-22 23:55:08,162] {processor.py:651} INFO - DAG(s) dict_keys(['example_branch_python_operator_decorator']) retrieved from /home/airflow/.local/lib/python3.7/site-packages/airflow/example_dags/example_branch_operator_decorator.py
[2022-08-22 23:55:08,188] {logging_mixin.py:115} INFO - [2022-08-22 23:55:08,188] {dag.py:2371} INFO - Sync 1 DAGs
[2022-08-22 23:55:08,210] {logging_mixin.py:115} INFO - [2022-08-22 23:55:08,210] {dag.py:2919} INFO - Setting next_dagrun for example_branch_python_operator_decorator to 2022-08-21T00:00:00+00:00, run_after=2022-08-22T00:00:00+00:00
[2022-08-22 23:55:08,222] {processor.py:161} INFO - Processing /home/airflow/.local/lib/python3.7/site-packages/airflow/example_dags/example_branch_operator_decorator.py took 0.084 seconds
[2022-08-22 23:55:38,721] {processor.py:153} INFO - Started process (PID=2512) to work on /home/airflow/.local/lib/python3.7/site-packages/airflow/example_dags/example_branch_operator_decorator.py
[2022-08-22 23:55:38,722] {processor.py:641} INFO - Processing file /home/airflow/.local/lib/python3.7/site-packages/airflow/example_dags/example_branch_operator_decorator.py for tasks to queue
[2022-08-22 23:55:38,723] {logging_mixin.py:115} INFO - [2022-08-22 23:55:38,723] {dagbag.py:507} INFO - Filling up the DagBag from /home/airflow/.local/lib/python3.7/site-packages/airflow/example_dags/example_branch_operator_decorator.py
[2022-08-22 23:55:38,741] {processor.py:651} INFO - DAG(s) dict_keys(['example_branch_python_operator_decorator']) retrieved from /home/airflow/.local/lib/python3.7/site-packages/airflow/example_dags/example_branch_operator_decorator.py
[2022-08-22 23:55:38,766] {logging_mixin.py:115} INFO - [2022-08-22 23:55:38,766] {dag.py:2371} INFO - Sync 1 DAGs
[2022-08-22 23:55:38,788] {logging_mixin.py:115} INFO - [2022-08-22 23:55:38,788] {dag.py:2919} INFO - Setting next_dagrun for example_branch_python_operator_decorator to 2022-08-21T00:00:00+00:00, run_after=2022-08-22T00:00:00+00:00
[2022-08-22 23:55:38,799] {processor.py:161} INFO - Processing /home/airflow/.local/lib/python3.7/site-packages/airflow/example_dags/example_branch_operator_decorator.py took 0.081 seconds
[2022-08-22 23:56:09,226] {processor.py:153} INFO - Started process (PID=2580) to work on /home/airflow/.local/lib/python3.7/site-packages/airflow/example_dags/example_branch_operator_decorator.py
[2022-08-22 23:56:09,227] {processor.py:641} INFO - Processing file /home/airflow/.local/lib/python3.7/site-packages/airflow/example_dags/example_branch_operator_decorator.py for tasks to queue
[2022-08-22 23:56:09,228] {logging_mixin.py:115} INFO - [2022-08-22 23:56:09,228] {dagbag.py:507} INFO - Filling up the DagBag from /home/airflow/.local/lib/python3.7/site-packages/airflow/example_dags/example_branch_operator_decorator.py
[2022-08-22 23:56:09,246] {processor.py:651} INFO - DAG(s) dict_keys(['example_branch_python_operator_decorator']) retrieved from /home/airflow/.local/lib/python3.7/site-packages/airflow/example_dags/example_branch_operator_decorator.py
[2022-08-22 23:56:09,271] {logging_mixin.py:115} INFO - [2022-08-22 23:56:09,271] {dag.py:2371} INFO - Sync 1 DAGs
[2022-08-22 23:56:09,293] {logging_mixin.py:115} INFO - [2022-08-22 23:56:09,293] {dag.py:2919} INFO - Setting next_dagrun for example_branch_python_operator_decorator to 2022-08-21T00:00:00+00:00, run_after=2022-08-22T00:00:00+00:00
[2022-08-22 23:56:09,304] {processor.py:161} INFO - Processing /home/airflow/.local/lib/python3.7/site-packages/airflow/example_dags/example_branch_operator_decorator.py took 0.081 seconds
[2022-08-22 23:56:39,761] {processor.py:153} INFO - Started process (PID=2657) to work on /home/airflow/.local/lib/python3.7/site-packages/airflow/example_dags/example_branch_operator_decorator.py
[2022-08-22 23:56:39,762] {processor.py:641} INFO - Processing file /home/airflow/.local/lib/python3.7/site-packages/airflow/example_dags/example_branch_operator_decorator.py for tasks to queue
[2022-08-22 23:56:39,763] {logging_mixin.py:115} INFO - [2022-08-22 23:56:39,763] {dagbag.py:507} INFO - Filling up the DagBag from /home/airflow/.local/lib/python3.7/site-packages/airflow/example_dags/example_branch_operator_decorator.py
[2022-08-22 23:56:39,781] {processor.py:651} INFO - DAG(s) dict_keys(['example_branch_python_operator_decorator']) retrieved from /home/airflow/.local/lib/python3.7/site-packages/airflow/example_dags/example_branch_operator_decorator.py
[2022-08-22 23:56:39,806] {logging_mixin.py:115} INFO - [2022-08-22 23:56:39,805] {dag.py:2371} INFO - Sync 1 DAGs
[2022-08-22 23:56:39,827] {logging_mixin.py:115} INFO - [2022-08-22 23:56:39,827] {dag.py:2919} INFO - Setting next_dagrun for example_branch_python_operator_decorator to 2022-08-21T00:00:00+00:00, run_after=2022-08-22T00:00:00+00:00
[2022-08-22 23:56:39,838] {processor.py:161} INFO - Processing /home/airflow/.local/lib/python3.7/site-packages/airflow/example_dags/example_branch_operator_decorator.py took 0.081 seconds
[2022-08-22 23:57:09,949] {processor.py:153} INFO - Started process (PID=2733) to work on /home/airflow/.local/lib/python3.7/site-packages/airflow/example_dags/example_branch_operator_decorator.py
[2022-08-22 23:57:09,950] {processor.py:641} INFO - Processing file /home/airflow/.local/lib/python3.7/site-packages/airflow/example_dags/example_branch_operator_decorator.py for tasks to queue
[2022-08-22 23:57:09,951] {logging_mixin.py:115} INFO - [2022-08-22 23:57:09,951] {dagbag.py:507} INFO - Filling up the DagBag from /home/airflow/.local/lib/python3.7/site-packages/airflow/example_dags/example_branch_operator_decorator.py
[2022-08-22 23:57:09,971] {processor.py:651} INFO - DAG(s) dict_keys(['example_branch_python_operator_decorator']) retrieved from /home/airflow/.local/lib/python3.7/site-packages/airflow/example_dags/example_branch_operator_decorator.py
[2022-08-22 23:57:10,002] {logging_mixin.py:115} INFO - [2022-08-22 23:57:10,002] {dag.py:2371} INFO - Sync 1 DAGs
[2022-08-22 23:57:10,028] {logging_mixin.py:115} INFO - [2022-08-22 23:57:10,028] {dag.py:2919} INFO - Setting next_dagrun for example_branch_python_operator_decorator to 2022-08-21T00:00:00+00:00, run_after=2022-08-22T00:00:00+00:00
[2022-08-22 23:57:10,040] {processor.py:161} INFO - Processing /home/airflow/.local/lib/python3.7/site-packages/airflow/example_dags/example_branch_operator_decorator.py took 0.095 seconds
[2022-08-22 23:57:41,249] {processor.py:153} INFO - Started process (PID=2811) to work on /home/airflow/.local/lib/python3.7/site-packages/airflow/example_dags/example_branch_operator_decorator.py
[2022-08-22 23:57:41,250] {processor.py:641} INFO - Processing file /home/airflow/.local/lib/python3.7/site-packages/airflow/example_dags/example_branch_operator_decorator.py for tasks to queue
[2022-08-22 23:57:41,251] {logging_mixin.py:115} INFO - [2022-08-22 23:57:41,251] {dagbag.py:507} INFO - Filling up the DagBag from /home/airflow/.local/lib/python3.7/site-packages/airflow/example_dags/example_branch_operator_decorator.py
[2022-08-22 23:57:41,270] {processor.py:651} INFO - DAG(s) dict_keys(['example_branch_python_operator_decorator']) retrieved from /home/airflow/.local/lib/python3.7/site-packages/airflow/example_dags/example_branch_operator_decorator.py
[2022-08-22 23:57:41,295] {logging_mixin.py:115} INFO - [2022-08-22 23:57:41,295] {dag.py:2371} INFO - Sync 1 DAGs
[2022-08-22 23:57:41,319] {logging_mixin.py:115} INFO - [2022-08-22 23:57:41,318] {dag.py:2919} INFO - Setting next_dagrun for example_branch_python_operator_decorator to 2022-08-21T00:00:00+00:00, run_after=2022-08-22T00:00:00+00:00
[2022-08-22 23:57:41,329] {processor.py:161} INFO - Processing /home/airflow/.local/lib/python3.7/site-packages/airflow/example_dags/example_branch_operator_decorator.py took 0.084 seconds
[2022-08-22 23:58:11,846] {processor.py:153} INFO - Started process (PID=2879) to work on /home/airflow/.local/lib/python3.7/site-packages/airflow/example_dags/example_branch_operator_decorator.py
[2022-08-22 23:58:11,847] {processor.py:641} INFO - Processing file /home/airflow/.local/lib/python3.7/site-packages/airflow/example_dags/example_branch_operator_decorator.py for tasks to queue
[2022-08-22 23:58:11,848] {logging_mixin.py:115} INFO - [2022-08-22 23:58:11,848] {dagbag.py:507} INFO - Filling up the DagBag from /home/airflow/.local/lib/python3.7/site-packages/airflow/example_dags/example_branch_operator_decorator.py
[2022-08-22 23:58:11,866] {processor.py:651} INFO - DAG(s) dict_keys(['example_branch_python_operator_decorator']) retrieved from /home/airflow/.local/lib/python3.7/site-packages/airflow/example_dags/example_branch_operator_decorator.py
[2022-08-22 23:58:11,890] {logging_mixin.py:115} INFO - [2022-08-22 23:58:11,890] {dag.py:2371} INFO - Sync 1 DAGs
[2022-08-22 23:58:11,911] {logging_mixin.py:115} INFO - [2022-08-22 23:58:11,911] {dag.py:2919} INFO - Setting next_dagrun for example_branch_python_operator_decorator to 2022-08-21T00:00:00+00:00, run_after=2022-08-22T00:00:00+00:00
[2022-08-22 23:58:11,921] {processor.py:161} INFO - Processing /home/airflow/.local/lib/python3.7/site-packages/airflow/example_dags/example_branch_operator_decorator.py took 0.078 seconds
[2022-08-22 23:58:42,763] {processor.py:153} INFO - Started process (PID=2956) to work on /home/airflow/.local/lib/python3.7/site-packages/airflow/example_dags/example_branch_operator_decorator.py
[2022-08-22 23:58:42,764] {processor.py:641} INFO - Processing file /home/airflow/.local/lib/python3.7/site-packages/airflow/example_dags/example_branch_operator_decorator.py for tasks to queue
[2022-08-22 23:58:42,764] {logging_mixin.py:115} INFO - [2022-08-22 23:58:42,764] {dagbag.py:507} INFO - Filling up the DagBag from /home/airflow/.local/lib/python3.7/site-packages/airflow/example_dags/example_branch_operator_decorator.py
[2022-08-22 23:58:42,783] {processor.py:651} INFO - DAG(s) dict_keys(['example_branch_python_operator_decorator']) retrieved from /home/airflow/.local/lib/python3.7/site-packages/airflow/example_dags/example_branch_operator_decorator.py
[2022-08-22 23:58:42,808] {logging_mixin.py:115} INFO - [2022-08-22 23:58:42,808] {dag.py:2371} INFO - Sync 1 DAGs
[2022-08-22 23:58:42,931] {logging_mixin.py:115} INFO - [2022-08-22 23:58:42,931] {dag.py:2919} INFO - Setting next_dagrun for example_branch_python_operator_decorator to 2022-08-21T00:00:00+00:00, run_after=2022-08-22T00:00:00+00:00
[2022-08-22 23:58:42,944] {processor.py:161} INFO - Processing /home/airflow/.local/lib/python3.7/site-packages/airflow/example_dags/example_branch_operator_decorator.py took 0.184 seconds
[2022-08-22 23:59:13,319] {processor.py:153} INFO - Started process (PID=3034) to work on /home/airflow/.local/lib/python3.7/site-packages/airflow/example_dags/example_branch_operator_decorator.py
[2022-08-22 23:59:13,320] {processor.py:641} INFO - Processing file /home/airflow/.local/lib/python3.7/site-packages/airflow/example_dags/example_branch_operator_decorator.py for tasks to queue
[2022-08-22 23:59:13,321] {logging_mixin.py:115} INFO - [2022-08-22 23:59:13,321] {dagbag.py:507} INFO - Filling up the DagBag from /home/airflow/.local/lib/python3.7/site-packages/airflow/example_dags/example_branch_operator_decorator.py
[2022-08-22 23:59:13,340] {processor.py:651} INFO - DAG(s) dict_keys(['example_branch_python_operator_decorator']) retrieved from /home/airflow/.local/lib/python3.7/site-packages/airflow/example_dags/example_branch_operator_decorator.py
[2022-08-22 23:59:13,366] {logging_mixin.py:115} INFO - [2022-08-22 23:59:13,366] {dag.py:2371} INFO - Sync 1 DAGs
[2022-08-22 23:59:13,493] {logging_mixin.py:115} INFO - [2022-08-22 23:59:13,493] {dag.py:2919} INFO - Setting next_dagrun for example_branch_python_operator_decorator to 2022-08-21T00:00:00+00:00, run_after=2022-08-22T00:00:00+00:00
[2022-08-22 23:59:13,506] {processor.py:161} INFO - Processing /home/airflow/.local/lib/python3.7/site-packages/airflow/example_dags/example_branch_operator_decorator.py took 0.190 seconds
[2022-08-22 23:59:43,902] {processor.py:153} INFO - Started process (PID=3111) to work on /home/airflow/.local/lib/python3.7/site-packages/airflow/example_dags/example_branch_operator_decorator.py
[2022-08-22 23:59:43,903] {processor.py:641} INFO - Processing file /home/airflow/.local/lib/python3.7/site-packages/airflow/example_dags/example_branch_operator_decorator.py for tasks to queue
[2022-08-22 23:59:43,904] {logging_mixin.py:115} INFO - [2022-08-22 23:59:43,904] {dagbag.py:507} INFO - Filling up the DagBag from /home/airflow/.local/lib/python3.7/site-packages/airflow/example_dags/example_branch_operator_decorator.py
[2022-08-22 23:59:43,922] {processor.py:651} INFO - DAG(s) dict_keys(['example_branch_python_operator_decorator']) retrieved from /home/airflow/.local/lib/python3.7/site-packages/airflow/example_dags/example_branch_operator_decorator.py
[2022-08-22 23:59:43,948] {logging_mixin.py:115} INFO - [2022-08-22 23:59:43,948] {dag.py:2371} INFO - Sync 1 DAGs
[2022-08-22 23:59:44,074] {logging_mixin.py:115} INFO - [2022-08-22 23:59:44,074] {dag.py:2919} INFO - Setting next_dagrun for example_branch_python_operator_decorator to 2022-08-21T00:00:00+00:00, run_after=2022-08-22T00:00:00+00:00
[2022-08-22 23:59:44,087] {processor.py:161} INFO - Processing /home/airflow/.local/lib/python3.7/site-packages/airflow/example_dags/example_branch_operator_decorator.py took 0.188 seconds
