[2022-08-22 23:38:36,259] {processor.py:153} INFO - Started process (PID=68) to work on /home/airflow/.local/lib/python3.7/site-packages/airflow/example_dags/example_latest_only.py
[2022-08-22 23:38:36,264] {processor.py:641} INFO - Processing file /home/airflow/.local/lib/python3.7/site-packages/airflow/example_dags/example_latest_only.py for tasks to queue
[2022-08-22 23:38:36,268] {logging_mixin.py:115} INFO - [2022-08-22 23:38:36,267] {dagbag.py:507} INFO - Filling up the DagBag from /home/airflow/.local/lib/python3.7/site-packages/airflow/example_dags/example_latest_only.py
[2022-08-22 23:38:36,286] {processor.py:651} INFO - DAG(s) dict_keys(['latest_only']) retrieved from /home/airflow/.local/lib/python3.7/site-packages/airflow/example_dags/example_latest_only.py
[2022-08-22 23:38:36,369] {logging_mixin.py:115} INFO - [2022-08-22 23:38:36,369] {dag.py:2371} INFO - Sync 1 DAGs
[2022-08-22 23:38:36,455] {logging_mixin.py:115} INFO - [2022-08-22 23:38:36,454] {dag.py:2919} INFO - Setting next_dagrun for latest_only to 2022-08-22T19:38:36.454131+00:00, run_after=2022-08-22T23:38:36.454131+00:00
[2022-08-22 23:38:36,495] {processor.py:161} INFO - Processing /home/airflow/.local/lib/python3.7/site-packages/airflow/example_dags/example_latest_only.py took 0.257 seconds
[2022-08-22 23:39:08,998] {processor.py:153} INFO - Started process (PID=145) to work on /home/airflow/.local/lib/python3.7/site-packages/airflow/example_dags/example_latest_only.py
[2022-08-22 23:39:09,002] {processor.py:641} INFO - Processing file /home/airflow/.local/lib/python3.7/site-packages/airflow/example_dags/example_latest_only.py for tasks to queue
[2022-08-22 23:39:09,004] {logging_mixin.py:115} INFO - [2022-08-22 23:39:09,004] {dagbag.py:507} INFO - Filling up the DagBag from /home/airflow/.local/lib/python3.7/site-packages/airflow/example_dags/example_latest_only.py
[2022-08-22 23:39:09,024] {processor.py:651} INFO - DAG(s) dict_keys(['latest_only']) retrieved from /home/airflow/.local/lib/python3.7/site-packages/airflow/example_dags/example_latest_only.py
[2022-08-22 23:39:09,105] {logging_mixin.py:115} INFO - [2022-08-22 23:39:09,105] {dag.py:2371} INFO - Sync 1 DAGs
[2022-08-22 23:39:09,191] {logging_mixin.py:115} INFO - [2022-08-22 23:39:09,191] {dag.py:2919} INFO - Setting next_dagrun for latest_only to 2022-08-22T19:39:09.190667+00:00, run_after=2022-08-22T23:39:09.190667+00:00
[2022-08-22 23:39:09,243] {processor.py:161} INFO - Processing /home/airflow/.local/lib/python3.7/site-packages/airflow/example_dags/example_latest_only.py took 0.274 seconds
[2022-08-22 23:39:40,146] {processor.py:153} INFO - Started process (PID=213) to work on /home/airflow/.local/lib/python3.7/site-packages/airflow/example_dags/example_latest_only.py
[2022-08-22 23:39:40,149] {processor.py:641} INFO - Processing file /home/airflow/.local/lib/python3.7/site-packages/airflow/example_dags/example_latest_only.py for tasks to queue
[2022-08-22 23:39:40,151] {logging_mixin.py:115} INFO - [2022-08-22 23:39:40,151] {dagbag.py:507} INFO - Filling up the DagBag from /home/airflow/.local/lib/python3.7/site-packages/airflow/example_dags/example_latest_only.py
[2022-08-22 23:39:40,171] {processor.py:651} INFO - DAG(s) dict_keys(['latest_only']) retrieved from /home/airflow/.local/lib/python3.7/site-packages/airflow/example_dags/example_latest_only.py
[2022-08-22 23:39:40,229] {logging_mixin.py:115} INFO - [2022-08-22 23:39:40,229] {dag.py:2371} INFO - Sync 1 DAGs
[2022-08-22 23:39:40,297] {logging_mixin.py:115} INFO - [2022-08-22 23:39:40,297] {dag.py:2919} INFO - Setting next_dagrun for latest_only to 2022-08-22T19:39:40.296914+00:00, run_after=2022-08-22T23:39:40.296914+00:00
[2022-08-22 23:39:40,324] {processor.py:161} INFO - Processing /home/airflow/.local/lib/python3.7/site-packages/airflow/example_dags/example_latest_only.py took 0.187 seconds
[2022-08-22 23:40:11,382] {processor.py:153} INFO - Started process (PID=281) to work on /home/airflow/.local/lib/python3.7/site-packages/airflow/example_dags/example_latest_only.py
[2022-08-22 23:40:11,385] {processor.py:641} INFO - Processing file /home/airflow/.local/lib/python3.7/site-packages/airflow/example_dags/example_latest_only.py for tasks to queue
[2022-08-22 23:40:11,389] {logging_mixin.py:115} INFO - [2022-08-22 23:40:11,389] {dagbag.py:507} INFO - Filling up the DagBag from /home/airflow/.local/lib/python3.7/site-packages/airflow/example_dags/example_latest_only.py
[2022-08-22 23:40:11,403] {processor.py:651} INFO - DAG(s) dict_keys(['latest_only']) retrieved from /home/airflow/.local/lib/python3.7/site-packages/airflow/example_dags/example_latest_only.py
[2022-08-22 23:40:11,468] {logging_mixin.py:115} INFO - [2022-08-22 23:40:11,468] {dag.py:2371} INFO - Sync 1 DAGs
[2022-08-22 23:40:11,526] {logging_mixin.py:115} INFO - [2022-08-22 23:40:11,526] {dag.py:2919} INFO - Setting next_dagrun for latest_only to 2022-08-22T19:40:11.525859+00:00, run_after=2022-08-22T23:40:11.525859+00:00
[2022-08-22 23:40:11,558] {processor.py:161} INFO - Processing /home/airflow/.local/lib/python3.7/site-packages/airflow/example_dags/example_latest_only.py took 0.185 seconds
[2022-08-22 23:40:43,837] {processor.py:153} INFO - Started process (PID=358) to work on /home/airflow/.local/lib/python3.7/site-packages/airflow/example_dags/example_latest_only.py
[2022-08-22 23:40:43,843] {processor.py:641} INFO - Processing file /home/airflow/.local/lib/python3.7/site-packages/airflow/example_dags/example_latest_only.py for tasks to queue
[2022-08-22 23:40:43,850] {logging_mixin.py:115} INFO - [2022-08-22 23:40:43,850] {dagbag.py:507} INFO - Filling up the DagBag from /home/airflow/.local/lib/python3.7/site-packages/airflow/example_dags/example_latest_only.py
[2022-08-22 23:40:43,878] {processor.py:651} INFO - DAG(s) dict_keys(['latest_only']) retrieved from /home/airflow/.local/lib/python3.7/site-packages/airflow/example_dags/example_latest_only.py
[2022-08-22 23:40:43,995] {logging_mixin.py:115} INFO - [2022-08-22 23:40:43,994] {dag.py:2371} INFO - Sync 1 DAGs
[2022-08-22 23:40:44,118] {logging_mixin.py:115} INFO - [2022-08-22 23:40:44,118] {dag.py:2919} INFO - Setting next_dagrun for latest_only to 2022-08-22T19:40:44.117854+00:00, run_after=2022-08-22T23:40:44.117854+00:00
[2022-08-22 23:40:44,162] {processor.py:161} INFO - Processing /home/airflow/.local/lib/python3.7/site-packages/airflow/example_dags/example_latest_only.py took 0.344 seconds
[2022-08-22 23:41:15,170] {processor.py:153} INFO - Started process (PID=425) to work on /home/airflow/.local/lib/python3.7/site-packages/airflow/example_dags/example_latest_only.py
[2022-08-22 23:41:15,174] {processor.py:641} INFO - Processing file /home/airflow/.local/lib/python3.7/site-packages/airflow/example_dags/example_latest_only.py for tasks to queue
[2022-08-22 23:41:15,177] {logging_mixin.py:115} INFO - [2022-08-22 23:41:15,176] {dagbag.py:507} INFO - Filling up the DagBag from /home/airflow/.local/lib/python3.7/site-packages/airflow/example_dags/example_latest_only.py
[2022-08-22 23:41:15,195] {processor.py:651} INFO - DAG(s) dict_keys(['latest_only']) retrieved from /home/airflow/.local/lib/python3.7/site-packages/airflow/example_dags/example_latest_only.py
[2022-08-22 23:41:15,262] {logging_mixin.py:115} INFO - [2022-08-22 23:41:15,262] {dag.py:2371} INFO - Sync 1 DAGs
[2022-08-22 23:41:15,327] {logging_mixin.py:115} INFO - [2022-08-22 23:41:15,326] {dag.py:2919} INFO - Setting next_dagrun for latest_only to 2022-08-22T19:41:15.325954+00:00, run_after=2022-08-22T23:41:15.325954+00:00
[2022-08-22 23:41:15,360] {processor.py:161} INFO - Processing /home/airflow/.local/lib/python3.7/site-packages/airflow/example_dags/example_latest_only.py took 0.198 seconds
[2022-08-22 23:41:46,469] {processor.py:153} INFO - Started process (PID=492) to work on /home/airflow/.local/lib/python3.7/site-packages/airflow/example_dags/example_latest_only.py
[2022-08-22 23:41:46,471] {processor.py:641} INFO - Processing file /home/airflow/.local/lib/python3.7/site-packages/airflow/example_dags/example_latest_only.py for tasks to queue
[2022-08-22 23:41:46,474] {logging_mixin.py:115} INFO - [2022-08-22 23:41:46,473] {dagbag.py:507} INFO - Filling up the DagBag from /home/airflow/.local/lib/python3.7/site-packages/airflow/example_dags/example_latest_only.py
[2022-08-22 23:41:46,490] {processor.py:651} INFO - DAG(s) dict_keys(['latest_only']) retrieved from /home/airflow/.local/lib/python3.7/site-packages/airflow/example_dags/example_latest_only.py
[2022-08-22 23:41:46,555] {logging_mixin.py:115} INFO - [2022-08-22 23:41:46,555] {dag.py:2371} INFO - Sync 1 DAGs
[2022-08-22 23:41:46,613] {logging_mixin.py:115} INFO - [2022-08-22 23:41:46,612] {dag.py:2919} INFO - Setting next_dagrun for latest_only to 2022-08-22T19:41:46.612317+00:00, run_after=2022-08-22T23:41:46.612317+00:00
[2022-08-22 23:41:46,645] {processor.py:161} INFO - Processing /home/airflow/.local/lib/python3.7/site-packages/airflow/example_dags/example_latest_only.py took 0.183 seconds
[2022-08-22 23:42:16,896] {processor.py:153} INFO - Started process (PID=559) to work on /home/airflow/.local/lib/python3.7/site-packages/airflow/example_dags/example_latest_only.py
[2022-08-22 23:42:16,898] {processor.py:641} INFO - Processing file /home/airflow/.local/lib/python3.7/site-packages/airflow/example_dags/example_latest_only.py for tasks to queue
[2022-08-22 23:42:16,902] {logging_mixin.py:115} INFO - [2022-08-22 23:42:16,902] {dagbag.py:507} INFO - Filling up the DagBag from /home/airflow/.local/lib/python3.7/site-packages/airflow/example_dags/example_latest_only.py
[2022-08-22 23:42:16,920] {processor.py:651} INFO - DAG(s) dict_keys(['latest_only']) retrieved from /home/airflow/.local/lib/python3.7/site-packages/airflow/example_dags/example_latest_only.py
[2022-08-22 23:42:17,003] {logging_mixin.py:115} INFO - [2022-08-22 23:42:17,003] {dag.py:2371} INFO - Sync 1 DAGs
[2022-08-22 23:42:17,067] {logging_mixin.py:115} INFO - [2022-08-22 23:42:17,067] {dag.py:2919} INFO - Setting next_dagrun for latest_only to 2022-08-22T19:42:17.065799+00:00, run_after=2022-08-22T23:42:17.065799+00:00
[2022-08-22 23:42:17,103] {processor.py:161} INFO - Processing /home/airflow/.local/lib/python3.7/site-packages/airflow/example_dags/example_latest_only.py took 0.221 seconds
[2022-08-22 23:42:47,587] {processor.py:153} INFO - Started process (PID=636) to work on /home/airflow/.local/lib/python3.7/site-packages/airflow/example_dags/example_latest_only.py
[2022-08-22 23:42:47,589] {processor.py:641} INFO - Processing file /home/airflow/.local/lib/python3.7/site-packages/airflow/example_dags/example_latest_only.py for tasks to queue
[2022-08-22 23:42:47,592] {logging_mixin.py:115} INFO - [2022-08-22 23:42:47,592] {dagbag.py:507} INFO - Filling up the DagBag from /home/airflow/.local/lib/python3.7/site-packages/airflow/example_dags/example_latest_only.py
[2022-08-22 23:42:47,607] {processor.py:651} INFO - DAG(s) dict_keys(['latest_only']) retrieved from /home/airflow/.local/lib/python3.7/site-packages/airflow/example_dags/example_latest_only.py
[2022-08-22 23:42:47,670] {logging_mixin.py:115} INFO - [2022-08-22 23:42:47,669] {dag.py:2371} INFO - Sync 1 DAGs
[2022-08-22 23:42:47,726] {logging_mixin.py:115} INFO - [2022-08-22 23:42:47,726] {dag.py:2919} INFO - Setting next_dagrun for latest_only to 2022-08-22T19:42:47.726044+00:00, run_after=2022-08-22T23:42:47.726044+00:00
[2022-08-22 23:42:47,757] {processor.py:161} INFO - Processing /home/airflow/.local/lib/python3.7/site-packages/airflow/example_dags/example_latest_only.py took 0.177 seconds
[2022-08-22 23:43:18,587] {processor.py:153} INFO - Started process (PID=704) to work on /home/airflow/.local/lib/python3.7/site-packages/airflow/example_dags/example_latest_only.py
[2022-08-22 23:43:18,589] {processor.py:641} INFO - Processing file /home/airflow/.local/lib/python3.7/site-packages/airflow/example_dags/example_latest_only.py for tasks to queue
[2022-08-22 23:43:18,592] {logging_mixin.py:115} INFO - [2022-08-22 23:43:18,592] {dagbag.py:507} INFO - Filling up the DagBag from /home/airflow/.local/lib/python3.7/site-packages/airflow/example_dags/example_latest_only.py
[2022-08-22 23:43:18,607] {processor.py:651} INFO - DAG(s) dict_keys(['latest_only']) retrieved from /home/airflow/.local/lib/python3.7/site-packages/airflow/example_dags/example_latest_only.py
[2022-08-22 23:43:18,670] {logging_mixin.py:115} INFO - [2022-08-22 23:43:18,669] {dag.py:2371} INFO - Sync 1 DAGs
[2022-08-22 23:43:18,721] {logging_mixin.py:115} INFO - [2022-08-22 23:43:18,721] {dag.py:2919} INFO - Setting next_dagrun for latest_only to 2022-08-22T19:43:18.720442+00:00, run_after=2022-08-22T23:43:18.720442+00:00
[2022-08-22 23:43:18,752] {processor.py:161} INFO - Processing /home/airflow/.local/lib/python3.7/site-packages/airflow/example_dags/example_latest_only.py took 0.172 seconds
[2022-08-22 23:43:49,725] {processor.py:153} INFO - Started process (PID=781) to work on /home/airflow/.local/lib/python3.7/site-packages/airflow/example_dags/example_latest_only.py
[2022-08-22 23:43:49,727] {processor.py:641} INFO - Processing file /home/airflow/.local/lib/python3.7/site-packages/airflow/example_dags/example_latest_only.py for tasks to queue
[2022-08-22 23:43:49,730] {logging_mixin.py:115} INFO - [2022-08-22 23:43:49,730] {dagbag.py:507} INFO - Filling up the DagBag from /home/airflow/.local/lib/python3.7/site-packages/airflow/example_dags/example_latest_only.py
[2022-08-22 23:43:49,750] {processor.py:651} INFO - DAG(s) dict_keys(['latest_only']) retrieved from /home/airflow/.local/lib/python3.7/site-packages/airflow/example_dags/example_latest_only.py
[2022-08-22 23:43:49,831] {logging_mixin.py:115} INFO - [2022-08-22 23:43:49,831] {dag.py:2371} INFO - Sync 1 DAGs
[2022-08-22 23:43:49,887] {logging_mixin.py:115} INFO - [2022-08-22 23:43:49,886] {dag.py:2919} INFO - Setting next_dagrun for latest_only to 2022-08-22T19:43:49.886328+00:00, run_after=2022-08-22T23:43:49.886328+00:00
[2022-08-22 23:43:49,915] {processor.py:161} INFO - Processing /home/airflow/.local/lib/python3.7/site-packages/airflow/example_dags/example_latest_only.py took 0.199 seconds
[2022-08-22 23:44:20,085] {processor.py:153} INFO - Started process (PID=847) to work on /home/airflow/.local/lib/python3.7/site-packages/airflow/example_dags/example_latest_only.py
[2022-08-22 23:44:20,088] {processor.py:641} INFO - Processing file /home/airflow/.local/lib/python3.7/site-packages/airflow/example_dags/example_latest_only.py for tasks to queue
[2022-08-22 23:44:20,091] {logging_mixin.py:115} INFO - [2022-08-22 23:44:20,091] {dagbag.py:507} INFO - Filling up the DagBag from /home/airflow/.local/lib/python3.7/site-packages/airflow/example_dags/example_latest_only.py
[2022-08-22 23:44:20,103] {processor.py:651} INFO - DAG(s) dict_keys(['latest_only']) retrieved from /home/airflow/.local/lib/python3.7/site-packages/airflow/example_dags/example_latest_only.py
[2022-08-22 23:44:20,158] {logging_mixin.py:115} INFO - [2022-08-22 23:44:20,158] {dag.py:2371} INFO - Sync 1 DAGs
[2022-08-22 23:44:20,202] {logging_mixin.py:115} INFO - [2022-08-22 23:44:20,202] {dag.py:2919} INFO - Setting next_dagrun for latest_only to 2022-08-22T19:44:20.201840+00:00, run_after=2022-08-22T23:44:20.201840+00:00
[2022-08-22 23:44:20,225] {processor.py:161} INFO - Processing /home/airflow/.local/lib/python3.7/site-packages/airflow/example_dags/example_latest_only.py took 0.147 seconds
[2022-08-22 23:44:51,219] {processor.py:153} INFO - Started process (PID=924) to work on /home/airflow/.local/lib/python3.7/site-packages/airflow/example_dags/example_latest_only.py
[2022-08-22 23:44:51,220] {processor.py:641} INFO - Processing file /home/airflow/.local/lib/python3.7/site-packages/airflow/example_dags/example_latest_only.py for tasks to queue
[2022-08-22 23:44:51,221] {logging_mixin.py:115} INFO - [2022-08-22 23:44:51,221] {dagbag.py:507} INFO - Filling up the DagBag from /home/airflow/.local/lib/python3.7/site-packages/airflow/example_dags/example_latest_only.py
[2022-08-22 23:44:51,228] {processor.py:651} INFO - DAG(s) dict_keys(['latest_only']) retrieved from /home/airflow/.local/lib/python3.7/site-packages/airflow/example_dags/example_latest_only.py
[2022-08-22 23:44:51,266] {logging_mixin.py:115} INFO - [2022-08-22 23:44:51,266] {dag.py:2371} INFO - Sync 1 DAGs
[2022-08-22 23:44:51,292] {logging_mixin.py:115} INFO - [2022-08-22 23:44:51,292] {dag.py:2919} INFO - Setting next_dagrun for latest_only to 2022-08-22T19:44:51.292031+00:00, run_after=2022-08-22T23:44:51.292031+00:00
[2022-08-22 23:44:51,312] {processor.py:161} INFO - Processing /home/airflow/.local/lib/python3.7/site-packages/airflow/example_dags/example_latest_only.py took 0.097 seconds
[2022-08-22 23:45:22,080] {processor.py:153} INFO - Started process (PID=992) to work on /home/airflow/.local/lib/python3.7/site-packages/airflow/example_dags/example_latest_only.py
[2022-08-22 23:45:22,082] {processor.py:641} INFO - Processing file /home/airflow/.local/lib/python3.7/site-packages/airflow/example_dags/example_latest_only.py for tasks to queue
[2022-08-22 23:45:22,083] {logging_mixin.py:115} INFO - [2022-08-22 23:45:22,082] {dagbag.py:507} INFO - Filling up the DagBag from /home/airflow/.local/lib/python3.7/site-packages/airflow/example_dags/example_latest_only.py
[2022-08-22 23:45:22,089] {processor.py:651} INFO - DAG(s) dict_keys(['latest_only']) retrieved from /home/airflow/.local/lib/python3.7/site-packages/airflow/example_dags/example_latest_only.py
[2022-08-22 23:45:22,120] {logging_mixin.py:115} INFO - [2022-08-22 23:45:22,120] {dag.py:2371} INFO - Sync 1 DAGs
[2022-08-22 23:45:22,144] {logging_mixin.py:115} INFO - [2022-08-22 23:45:22,144] {dag.py:2919} INFO - Setting next_dagrun for latest_only to 2022-08-22T19:45:22.143939+00:00, run_after=2022-08-22T23:45:22.143939+00:00
[2022-08-22 23:45:22,156] {processor.py:161} INFO - Processing /home/airflow/.local/lib/python3.7/site-packages/airflow/example_dags/example_latest_only.py took 0.079 seconds
[2022-08-22 23:45:52,643] {processor.py:153} INFO - Started process (PID=1069) to work on /home/airflow/.local/lib/python3.7/site-packages/airflow/example_dags/example_latest_only.py
[2022-08-22 23:45:52,644] {processor.py:641} INFO - Processing file /home/airflow/.local/lib/python3.7/site-packages/airflow/example_dags/example_latest_only.py for tasks to queue
[2022-08-22 23:45:52,645] {logging_mixin.py:115} INFO - [2022-08-22 23:45:52,645] {dagbag.py:507} INFO - Filling up the DagBag from /home/airflow/.local/lib/python3.7/site-packages/airflow/example_dags/example_latest_only.py
[2022-08-22 23:45:52,653] {processor.py:651} INFO - DAG(s) dict_keys(['latest_only']) retrieved from /home/airflow/.local/lib/python3.7/site-packages/airflow/example_dags/example_latest_only.py
[2022-08-22 23:45:52,683] {logging_mixin.py:115} INFO - [2022-08-22 23:45:52,683] {dag.py:2371} INFO - Sync 1 DAGs
[2022-08-22 23:45:52,707] {logging_mixin.py:115} INFO - [2022-08-22 23:45:52,707] {dag.py:2919} INFO - Setting next_dagrun for latest_only to 2022-08-22T19:45:52.707133+00:00, run_after=2022-08-22T23:45:52.707133+00:00
[2022-08-22 23:45:52,719] {processor.py:161} INFO - Processing /home/airflow/.local/lib/python3.7/site-packages/airflow/example_dags/example_latest_only.py took 0.080 seconds
[2022-08-22 23:46:23,700] {processor.py:153} INFO - Started process (PID=1146) to work on /home/airflow/.local/lib/python3.7/site-packages/airflow/example_dags/example_latest_only.py
[2022-08-22 23:46:23,702] {processor.py:641} INFO - Processing file /home/airflow/.local/lib/python3.7/site-packages/airflow/example_dags/example_latest_only.py for tasks to queue
[2022-08-22 23:46:23,703] {logging_mixin.py:115} INFO - [2022-08-22 23:46:23,703] {dagbag.py:507} INFO - Filling up the DagBag from /home/airflow/.local/lib/python3.7/site-packages/airflow/example_dags/example_latest_only.py
[2022-08-22 23:46:23,709] {processor.py:651} INFO - DAG(s) dict_keys(['latest_only']) retrieved from /home/airflow/.local/lib/python3.7/site-packages/airflow/example_dags/example_latest_only.py
[2022-08-22 23:46:23,740] {logging_mixin.py:115} INFO - [2022-08-22 23:46:23,740] {dag.py:2371} INFO - Sync 1 DAGs
[2022-08-22 23:46:23,766] {logging_mixin.py:115} INFO - [2022-08-22 23:46:23,765] {dag.py:2919} INFO - Setting next_dagrun for latest_only to 2022-08-22T19:46:23.765677+00:00, run_after=2022-08-22T23:46:23.765677+00:00
[2022-08-22 23:46:23,777] {processor.py:161} INFO - Processing /home/airflow/.local/lib/python3.7/site-packages/airflow/example_dags/example_latest_only.py took 0.081 seconds
[2022-08-22 23:46:54,218] {processor.py:153} INFO - Started process (PID=1214) to work on /home/airflow/.local/lib/python3.7/site-packages/airflow/example_dags/example_latest_only.py
[2022-08-22 23:46:54,219] {processor.py:641} INFO - Processing file /home/airflow/.local/lib/python3.7/site-packages/airflow/example_dags/example_latest_only.py for tasks to queue
[2022-08-22 23:46:54,220] {logging_mixin.py:115} INFO - [2022-08-22 23:46:54,220] {dagbag.py:507} INFO - Filling up the DagBag from /home/airflow/.local/lib/python3.7/site-packages/airflow/example_dags/example_latest_only.py
[2022-08-22 23:46:54,226] {processor.py:651} INFO - DAG(s) dict_keys(['latest_only']) retrieved from /home/airflow/.local/lib/python3.7/site-packages/airflow/example_dags/example_latest_only.py
[2022-08-22 23:46:54,253] {logging_mixin.py:115} INFO - [2022-08-22 23:46:54,253] {dag.py:2371} INFO - Sync 1 DAGs
[2022-08-22 23:46:54,275] {logging_mixin.py:115} INFO - [2022-08-22 23:46:54,274] {dag.py:2919} INFO - Setting next_dagrun for latest_only to 2022-08-22T19:46:54.274688+00:00, run_after=2022-08-22T23:46:54.274688+00:00
[2022-08-22 23:46:54,286] {processor.py:161} INFO - Processing /home/airflow/.local/lib/python3.7/site-packages/airflow/example_dags/example_latest_only.py took 0.073 seconds
[2022-08-22 23:47:24,709] {processor.py:153} INFO - Started process (PID=1291) to work on /home/airflow/.local/lib/python3.7/site-packages/airflow/example_dags/example_latest_only.py
[2022-08-22 23:47:24,711] {processor.py:641} INFO - Processing file /home/airflow/.local/lib/python3.7/site-packages/airflow/example_dags/example_latest_only.py for tasks to queue
[2022-08-22 23:47:24,712] {logging_mixin.py:115} INFO - [2022-08-22 23:47:24,712] {dagbag.py:507} INFO - Filling up the DagBag from /home/airflow/.local/lib/python3.7/site-packages/airflow/example_dags/example_latest_only.py
[2022-08-22 23:47:24,717] {processor.py:651} INFO - DAG(s) dict_keys(['latest_only']) retrieved from /home/airflow/.local/lib/python3.7/site-packages/airflow/example_dags/example_latest_only.py
[2022-08-22 23:47:24,744] {logging_mixin.py:115} INFO - [2022-08-22 23:47:24,744] {dag.py:2371} INFO - Sync 1 DAGs
[2022-08-22 23:47:24,764] {logging_mixin.py:115} INFO - [2022-08-22 23:47:24,764] {dag.py:2919} INFO - Setting next_dagrun for latest_only to 2022-08-22T19:47:24.764640+00:00, run_after=2022-08-22T23:47:24.764640+00:00
[2022-08-22 23:47:24,776] {processor.py:161} INFO - Processing /home/airflow/.local/lib/python3.7/site-packages/airflow/example_dags/example_latest_only.py took 0.072 seconds
[2022-08-22 23:47:55,421] {processor.py:153} INFO - Started process (PID=1368) to work on /home/airflow/.local/lib/python3.7/site-packages/airflow/example_dags/example_latest_only.py
[2022-08-22 23:47:55,423] {processor.py:641} INFO - Processing file /home/airflow/.local/lib/python3.7/site-packages/airflow/example_dags/example_latest_only.py for tasks to queue
[2022-08-22 23:47:55,424] {logging_mixin.py:115} INFO - [2022-08-22 23:47:55,424] {dagbag.py:507} INFO - Filling up the DagBag from /home/airflow/.local/lib/python3.7/site-packages/airflow/example_dags/example_latest_only.py
[2022-08-22 23:47:55,431] {processor.py:651} INFO - DAG(s) dict_keys(['latest_only']) retrieved from /home/airflow/.local/lib/python3.7/site-packages/airflow/example_dags/example_latest_only.py
[2022-08-22 23:47:55,459] {logging_mixin.py:115} INFO - [2022-08-22 23:47:55,459] {dag.py:2371} INFO - Sync 1 DAGs
[2022-08-22 23:47:55,480] {logging_mixin.py:115} INFO - [2022-08-22 23:47:55,480] {dag.py:2919} INFO - Setting next_dagrun for latest_only to 2022-08-22T19:47:55.480396+00:00, run_after=2022-08-22T23:47:55.480396+00:00
[2022-08-22 23:47:55,492] {processor.py:161} INFO - Processing /home/airflow/.local/lib/python3.7/site-packages/airflow/example_dags/example_latest_only.py took 0.076 seconds
[2022-08-22 23:48:26,337] {processor.py:153} INFO - Started process (PID=1445) to work on /home/airflow/.local/lib/python3.7/site-packages/airflow/example_dags/example_latest_only.py
[2022-08-22 23:48:26,339] {processor.py:641} INFO - Processing file /home/airflow/.local/lib/python3.7/site-packages/airflow/example_dags/example_latest_only.py for tasks to queue
[2022-08-22 23:48:26,340] {logging_mixin.py:115} INFO - [2022-08-22 23:48:26,340] {dagbag.py:507} INFO - Filling up the DagBag from /home/airflow/.local/lib/python3.7/site-packages/airflow/example_dags/example_latest_only.py
[2022-08-22 23:48:26,347] {processor.py:651} INFO - DAG(s) dict_keys(['latest_only']) retrieved from /home/airflow/.local/lib/python3.7/site-packages/airflow/example_dags/example_latest_only.py
[2022-08-22 23:48:26,375] {logging_mixin.py:115} INFO - [2022-08-22 23:48:26,375] {dag.py:2371} INFO - Sync 1 DAGs
[2022-08-22 23:48:26,396] {logging_mixin.py:115} INFO - [2022-08-22 23:48:26,396] {dag.py:2919} INFO - Setting next_dagrun for latest_only to 2022-08-22T19:48:26.395800+00:00, run_after=2022-08-22T23:48:26.395800+00:00
[2022-08-22 23:48:26,407] {processor.py:161} INFO - Processing /home/airflow/.local/lib/python3.7/site-packages/airflow/example_dags/example_latest_only.py took 0.074 seconds
[2022-08-22 23:48:56,814] {processor.py:153} INFO - Started process (PID=1513) to work on /home/airflow/.local/lib/python3.7/site-packages/airflow/example_dags/example_latest_only.py
[2022-08-22 23:48:56,816] {processor.py:641} INFO - Processing file /home/airflow/.local/lib/python3.7/site-packages/airflow/example_dags/example_latest_only.py for tasks to queue
[2022-08-22 23:48:56,817] {logging_mixin.py:115} INFO - [2022-08-22 23:48:56,817] {dagbag.py:507} INFO - Filling up the DagBag from /home/airflow/.local/lib/python3.7/site-packages/airflow/example_dags/example_latest_only.py
[2022-08-22 23:48:56,824] {processor.py:651} INFO - DAG(s) dict_keys(['latest_only']) retrieved from /home/airflow/.local/lib/python3.7/site-packages/airflow/example_dags/example_latest_only.py
[2022-08-22 23:48:56,856] {logging_mixin.py:115} INFO - [2022-08-22 23:48:56,856] {dag.py:2371} INFO - Sync 1 DAGs
[2022-08-22 23:48:56,884] {logging_mixin.py:115} INFO - [2022-08-22 23:48:56,884] {dag.py:2919} INFO - Setting next_dagrun for latest_only to 2022-08-22T19:48:56.883955+00:00, run_after=2022-08-22T23:48:56.883955+00:00
[2022-08-22 23:48:56,899] {processor.py:161} INFO - Processing /home/airflow/.local/lib/python3.7/site-packages/airflow/example_dags/example_latest_only.py took 0.089 seconds
[2022-08-22 23:49:27,438] {processor.py:153} INFO - Started process (PID=1590) to work on /home/airflow/.local/lib/python3.7/site-packages/airflow/example_dags/example_latest_only.py
[2022-08-22 23:49:27,439] {processor.py:641} INFO - Processing file /home/airflow/.local/lib/python3.7/site-packages/airflow/example_dags/example_latest_only.py for tasks to queue
[2022-08-22 23:49:27,440] {logging_mixin.py:115} INFO - [2022-08-22 23:49:27,440] {dagbag.py:507} INFO - Filling up the DagBag from /home/airflow/.local/lib/python3.7/site-packages/airflow/example_dags/example_latest_only.py
[2022-08-22 23:49:27,446] {processor.py:651} INFO - DAG(s) dict_keys(['latest_only']) retrieved from /home/airflow/.local/lib/python3.7/site-packages/airflow/example_dags/example_latest_only.py
[2022-08-22 23:49:27,475] {logging_mixin.py:115} INFO - [2022-08-22 23:49:27,475] {dag.py:2371} INFO - Sync 1 DAGs
[2022-08-22 23:49:27,518] {logging_mixin.py:115} INFO - [2022-08-22 23:49:27,518] {dag.py:2919} INFO - Setting next_dagrun for latest_only to 2022-08-22T19:49:27.518266+00:00, run_after=2022-08-22T23:49:27.518266+00:00
[2022-08-22 23:49:27,533] {processor.py:161} INFO - Processing /home/airflow/.local/lib/python3.7/site-packages/airflow/example_dags/example_latest_only.py took 0.099 seconds
[2022-08-22 23:49:58,076] {processor.py:153} INFO - Started process (PID=1667) to work on /home/airflow/.local/lib/python3.7/site-packages/airflow/example_dags/example_latest_only.py
[2022-08-22 23:49:58,078] {processor.py:641} INFO - Processing file /home/airflow/.local/lib/python3.7/site-packages/airflow/example_dags/example_latest_only.py for tasks to queue
[2022-08-22 23:49:58,079] {logging_mixin.py:115} INFO - [2022-08-22 23:49:58,079] {dagbag.py:507} INFO - Filling up the DagBag from /home/airflow/.local/lib/python3.7/site-packages/airflow/example_dags/example_latest_only.py
[2022-08-22 23:49:58,086] {processor.py:651} INFO - DAG(s) dict_keys(['latest_only']) retrieved from /home/airflow/.local/lib/python3.7/site-packages/airflow/example_dags/example_latest_only.py
[2022-08-22 23:49:58,114] {logging_mixin.py:115} INFO - [2022-08-22 23:49:58,114] {dag.py:2371} INFO - Sync 1 DAGs
[2022-08-22 23:49:58,139] {logging_mixin.py:115} INFO - [2022-08-22 23:49:58,139] {dag.py:2919} INFO - Setting next_dagrun for latest_only to 2022-08-22T19:49:58.138831+00:00, run_after=2022-08-22T23:49:58.138831+00:00
[2022-08-22 23:49:58,151] {processor.py:161} INFO - Processing /home/airflow/.local/lib/python3.7/site-packages/airflow/example_dags/example_latest_only.py took 0.079 seconds
[2022-08-22 23:50:28,381] {processor.py:153} INFO - Started process (PID=1744) to work on /home/airflow/.local/lib/python3.7/site-packages/airflow/example_dags/example_latest_only.py
[2022-08-22 23:50:28,382] {processor.py:641} INFO - Processing file /home/airflow/.local/lib/python3.7/site-packages/airflow/example_dags/example_latest_only.py for tasks to queue
[2022-08-22 23:50:28,383] {logging_mixin.py:115} INFO - [2022-08-22 23:50:28,383] {dagbag.py:507} INFO - Filling up the DagBag from /home/airflow/.local/lib/python3.7/site-packages/airflow/example_dags/example_latest_only.py
[2022-08-22 23:50:28,389] {processor.py:651} INFO - DAG(s) dict_keys(['latest_only']) retrieved from /home/airflow/.local/lib/python3.7/site-packages/airflow/example_dags/example_latest_only.py
[2022-08-22 23:50:28,418] {logging_mixin.py:115} INFO - [2022-08-22 23:50:28,418] {dag.py:2371} INFO - Sync 1 DAGs
[2022-08-22 23:50:28,443] {logging_mixin.py:115} INFO - [2022-08-22 23:50:28,443] {dag.py:2919} INFO - Setting next_dagrun for latest_only to 2022-08-22T19:50:28.442655+00:00, run_after=2022-08-22T23:50:28.442655+00:00
[2022-08-22 23:50:28,455] {processor.py:161} INFO - Processing /home/airflow/.local/lib/python3.7/site-packages/airflow/example_dags/example_latest_only.py took 0.079 seconds
[2022-08-22 23:50:58,907] {processor.py:153} INFO - Started process (PID=1812) to work on /home/airflow/.local/lib/python3.7/site-packages/airflow/example_dags/example_latest_only.py
[2022-08-22 23:50:58,908] {processor.py:641} INFO - Processing file /home/airflow/.local/lib/python3.7/site-packages/airflow/example_dags/example_latest_only.py for tasks to queue
[2022-08-22 23:50:58,909] {logging_mixin.py:115} INFO - [2022-08-22 23:50:58,909] {dagbag.py:507} INFO - Filling up the DagBag from /home/airflow/.local/lib/python3.7/site-packages/airflow/example_dags/example_latest_only.py
[2022-08-22 23:50:58,915] {processor.py:651} INFO - DAG(s) dict_keys(['latest_only']) retrieved from /home/airflow/.local/lib/python3.7/site-packages/airflow/example_dags/example_latest_only.py
[2022-08-22 23:50:58,942] {logging_mixin.py:115} INFO - [2022-08-22 23:50:58,942] {dag.py:2371} INFO - Sync 1 DAGs
[2022-08-22 23:50:58,965] {logging_mixin.py:115} INFO - [2022-08-22 23:50:58,965] {dag.py:2919} INFO - Setting next_dagrun for latest_only to 2022-08-22T19:50:58.965067+00:00, run_after=2022-08-22T23:50:58.965067+00:00
[2022-08-22 23:50:58,977] {processor.py:161} INFO - Processing /home/airflow/.local/lib/python3.7/site-packages/airflow/example_dags/example_latest_only.py took 0.074 seconds
[2022-08-22 23:51:29,412] {processor.py:153} INFO - Started process (PID=1889) to work on /home/airflow/.local/lib/python3.7/site-packages/airflow/example_dags/example_latest_only.py
[2022-08-22 23:51:29,413] {processor.py:641} INFO - Processing file /home/airflow/.local/lib/python3.7/site-packages/airflow/example_dags/example_latest_only.py for tasks to queue
[2022-08-22 23:51:29,414] {logging_mixin.py:115} INFO - [2022-08-22 23:51:29,414] {dagbag.py:507} INFO - Filling up the DagBag from /home/airflow/.local/lib/python3.7/site-packages/airflow/example_dags/example_latest_only.py
[2022-08-22 23:51:29,422] {processor.py:651} INFO - DAG(s) dict_keys(['latest_only']) retrieved from /home/airflow/.local/lib/python3.7/site-packages/airflow/example_dags/example_latest_only.py
[2022-08-22 23:51:29,449] {logging_mixin.py:115} INFO - [2022-08-22 23:51:29,449] {dag.py:2371} INFO - Sync 1 DAGs
[2022-08-22 23:51:29,471] {logging_mixin.py:115} INFO - [2022-08-22 23:51:29,471] {dag.py:2919} INFO - Setting next_dagrun for latest_only to 2022-08-22T19:51:29.470946+00:00, run_after=2022-08-22T23:51:29.470946+00:00
[2022-08-22 23:51:29,482] {processor.py:161} INFO - Processing /home/airflow/.local/lib/python3.7/site-packages/airflow/example_dags/example_latest_only.py took 0.074 seconds
[2022-08-22 23:52:00,257] {processor.py:153} INFO - Started process (PID=1966) to work on /home/airflow/.local/lib/python3.7/site-packages/airflow/example_dags/example_latest_only.py
[2022-08-22 23:52:00,259] {processor.py:641} INFO - Processing file /home/airflow/.local/lib/python3.7/site-packages/airflow/example_dags/example_latest_only.py for tasks to queue
[2022-08-22 23:52:00,260] {logging_mixin.py:115} INFO - [2022-08-22 23:52:00,260] {dagbag.py:507} INFO - Filling up the DagBag from /home/airflow/.local/lib/python3.7/site-packages/airflow/example_dags/example_latest_only.py
[2022-08-22 23:52:00,267] {processor.py:651} INFO - DAG(s) dict_keys(['latest_only']) retrieved from /home/airflow/.local/lib/python3.7/site-packages/airflow/example_dags/example_latest_only.py
[2022-08-22 23:52:00,296] {logging_mixin.py:115} INFO - [2022-08-22 23:52:00,296] {dag.py:2371} INFO - Sync 1 DAGs
[2022-08-22 23:52:00,318] {logging_mixin.py:115} INFO - [2022-08-22 23:52:00,318] {dag.py:2919} INFO - Setting next_dagrun for latest_only to 2022-08-22T19:52:00.318247+00:00, run_after=2022-08-22T23:52:00.318247+00:00
[2022-08-22 23:52:00,329] {processor.py:161} INFO - Processing /home/airflow/.local/lib/python3.7/site-packages/airflow/example_dags/example_latest_only.py took 0.076 seconds
[2022-08-22 23:52:30,872] {processor.py:153} INFO - Started process (PID=2043) to work on /home/airflow/.local/lib/python3.7/site-packages/airflow/example_dags/example_latest_only.py
[2022-08-22 23:52:30,874] {processor.py:641} INFO - Processing file /home/airflow/.local/lib/python3.7/site-packages/airflow/example_dags/example_latest_only.py for tasks to queue
[2022-08-22 23:52:30,875] {logging_mixin.py:115} INFO - [2022-08-22 23:52:30,875] {dagbag.py:507} INFO - Filling up the DagBag from /home/airflow/.local/lib/python3.7/site-packages/airflow/example_dags/example_latest_only.py
[2022-08-22 23:52:30,882] {processor.py:651} INFO - DAG(s) dict_keys(['latest_only']) retrieved from /home/airflow/.local/lib/python3.7/site-packages/airflow/example_dags/example_latest_only.py
[2022-08-22 23:52:30,908] {logging_mixin.py:115} INFO - [2022-08-22 23:52:30,908] {dag.py:2371} INFO - Sync 1 DAGs
[2022-08-22 23:52:30,930] {logging_mixin.py:115} INFO - [2022-08-22 23:52:30,929] {dag.py:2919} INFO - Setting next_dagrun for latest_only to 2022-08-22T19:52:30.929706+00:00, run_after=2022-08-22T23:52:30.929706+00:00
[2022-08-22 23:52:30,940] {processor.py:161} INFO - Processing /home/airflow/.local/lib/python3.7/site-packages/airflow/example_dags/example_latest_only.py took 0.073 seconds
[2022-08-22 23:53:01,356] {processor.py:153} INFO - Started process (PID=2111) to work on /home/airflow/.local/lib/python3.7/site-packages/airflow/example_dags/example_latest_only.py
[2022-08-22 23:53:01,357] {processor.py:641} INFO - Processing file /home/airflow/.local/lib/python3.7/site-packages/airflow/example_dags/example_latest_only.py for tasks to queue
[2022-08-22 23:53:01,359] {logging_mixin.py:115} INFO - [2022-08-22 23:53:01,358] {dagbag.py:507} INFO - Filling up the DagBag from /home/airflow/.local/lib/python3.7/site-packages/airflow/example_dags/example_latest_only.py
[2022-08-22 23:53:01,366] {processor.py:651} INFO - DAG(s) dict_keys(['latest_only']) retrieved from /home/airflow/.local/lib/python3.7/site-packages/airflow/example_dags/example_latest_only.py
[2022-08-22 23:53:01,394] {logging_mixin.py:115} INFO - [2022-08-22 23:53:01,394] {dag.py:2371} INFO - Sync 1 DAGs
[2022-08-22 23:53:01,417] {logging_mixin.py:115} INFO - [2022-08-22 23:53:01,417] {dag.py:2919} INFO - Setting next_dagrun for latest_only to 2022-08-22T19:53:01.417117+00:00, run_after=2022-08-22T23:53:01.417117+00:00
[2022-08-22 23:53:01,428] {processor.py:161} INFO - Processing /home/airflow/.local/lib/python3.7/site-packages/airflow/example_dags/example_latest_only.py took 0.076 seconds
[2022-08-22 23:53:32,043] {processor.py:153} INFO - Started process (PID=2188) to work on /home/airflow/.local/lib/python3.7/site-packages/airflow/example_dags/example_latest_only.py
[2022-08-22 23:53:32,044] {processor.py:641} INFO - Processing file /home/airflow/.local/lib/python3.7/site-packages/airflow/example_dags/example_latest_only.py for tasks to queue
[2022-08-22 23:53:32,045] {logging_mixin.py:115} INFO - [2022-08-22 23:53:32,045] {dagbag.py:507} INFO - Filling up the DagBag from /home/airflow/.local/lib/python3.7/site-packages/airflow/example_dags/example_latest_only.py
[2022-08-22 23:53:32,052] {processor.py:651} INFO - DAG(s) dict_keys(['latest_only']) retrieved from /home/airflow/.local/lib/python3.7/site-packages/airflow/example_dags/example_latest_only.py
[2022-08-22 23:53:32,081] {logging_mixin.py:115} INFO - [2022-08-22 23:53:32,081] {dag.py:2371} INFO - Sync 1 DAGs
[2022-08-22 23:53:32,103] {logging_mixin.py:115} INFO - [2022-08-22 23:53:32,103] {dag.py:2919} INFO - Setting next_dagrun for latest_only to 2022-08-22T19:53:32.102793+00:00, run_after=2022-08-22T23:53:32.102793+00:00
[2022-08-22 23:53:32,114] {processor.py:161} INFO - Processing /home/airflow/.local/lib/python3.7/site-packages/airflow/example_dags/example_latest_only.py took 0.076 seconds
[2022-08-22 23:54:02,659] {processor.py:153} INFO - Started process (PID=2265) to work on /home/airflow/.local/lib/python3.7/site-packages/airflow/example_dags/example_latest_only.py
[2022-08-22 23:54:02,660] {processor.py:641} INFO - Processing file /home/airflow/.local/lib/python3.7/site-packages/airflow/example_dags/example_latest_only.py for tasks to queue
[2022-08-22 23:54:02,661] {logging_mixin.py:115} INFO - [2022-08-22 23:54:02,661] {dagbag.py:507} INFO - Filling up the DagBag from /home/airflow/.local/lib/python3.7/site-packages/airflow/example_dags/example_latest_only.py
[2022-08-22 23:54:02,667] {processor.py:651} INFO - DAG(s) dict_keys(['latest_only']) retrieved from /home/airflow/.local/lib/python3.7/site-packages/airflow/example_dags/example_latest_only.py
[2022-08-22 23:54:02,694] {logging_mixin.py:115} INFO - [2022-08-22 23:54:02,694] {dag.py:2371} INFO - Sync 1 DAGs
[2022-08-22 23:54:02,716] {logging_mixin.py:115} INFO - [2022-08-22 23:54:02,716] {dag.py:2919} INFO - Setting next_dagrun for latest_only to 2022-08-22T19:54:02.715921+00:00, run_after=2022-08-22T23:54:02.715921+00:00
[2022-08-22 23:54:02,727] {processor.py:161} INFO - Processing /home/airflow/.local/lib/python3.7/site-packages/airflow/example_dags/example_latest_only.py took 0.073 seconds
[2022-08-22 23:54:33,320] {processor.py:153} INFO - Started process (PID=2342) to work on /home/airflow/.local/lib/python3.7/site-packages/airflow/example_dags/example_latest_only.py
[2022-08-22 23:54:33,321] {processor.py:641} INFO - Processing file /home/airflow/.local/lib/python3.7/site-packages/airflow/example_dags/example_latest_only.py for tasks to queue
[2022-08-22 23:54:33,322] {logging_mixin.py:115} INFO - [2022-08-22 23:54:33,322] {dagbag.py:507} INFO - Filling up the DagBag from /home/airflow/.local/lib/python3.7/site-packages/airflow/example_dags/example_latest_only.py
[2022-08-22 23:54:33,330] {processor.py:651} INFO - DAG(s) dict_keys(['latest_only']) retrieved from /home/airflow/.local/lib/python3.7/site-packages/airflow/example_dags/example_latest_only.py
[2022-08-22 23:54:33,357] {logging_mixin.py:115} INFO - [2022-08-22 23:54:33,357] {dag.py:2371} INFO - Sync 1 DAGs
[2022-08-22 23:54:33,378] {logging_mixin.py:115} INFO - [2022-08-22 23:54:33,378] {dag.py:2919} INFO - Setting next_dagrun for latest_only to 2022-08-22T19:54:33.378237+00:00, run_after=2022-08-22T23:54:33.378237+00:00
[2022-08-22 23:54:33,390] {processor.py:161} INFO - Processing /home/airflow/.local/lib/python3.7/site-packages/airflow/example_dags/example_latest_only.py took 0.075 seconds
[2022-08-22 23:55:03,775] {processor.py:153} INFO - Started process (PID=2410) to work on /home/airflow/.local/lib/python3.7/site-packages/airflow/example_dags/example_latest_only.py
[2022-08-22 23:55:03,776] {processor.py:641} INFO - Processing file /home/airflow/.local/lib/python3.7/site-packages/airflow/example_dags/example_latest_only.py for tasks to queue
[2022-08-22 23:55:03,777] {logging_mixin.py:115} INFO - [2022-08-22 23:55:03,777] {dagbag.py:507} INFO - Filling up the DagBag from /home/airflow/.local/lib/python3.7/site-packages/airflow/example_dags/example_latest_only.py
[2022-08-22 23:55:03,783] {processor.py:651} INFO - DAG(s) dict_keys(['latest_only']) retrieved from /home/airflow/.local/lib/python3.7/site-packages/airflow/example_dags/example_latest_only.py
[2022-08-22 23:55:03,811] {logging_mixin.py:115} INFO - [2022-08-22 23:55:03,811] {dag.py:2371} INFO - Sync 1 DAGs
[2022-08-22 23:55:03,833] {logging_mixin.py:115} INFO - [2022-08-22 23:55:03,833] {dag.py:2919} INFO - Setting next_dagrun for latest_only to 2022-08-22T19:55:03.833013+00:00, run_after=2022-08-22T23:55:03.833013+00:00
[2022-08-22 23:55:03,846] {processor.py:161} INFO - Processing /home/airflow/.local/lib/python3.7/site-packages/airflow/example_dags/example_latest_only.py took 0.075 seconds
[2022-08-22 23:55:34,356] {processor.py:153} INFO - Started process (PID=2487) to work on /home/airflow/.local/lib/python3.7/site-packages/airflow/example_dags/example_latest_only.py
[2022-08-22 23:55:34,357] {processor.py:641} INFO - Processing file /home/airflow/.local/lib/python3.7/site-packages/airflow/example_dags/example_latest_only.py for tasks to queue
[2022-08-22 23:55:34,358] {logging_mixin.py:115} INFO - [2022-08-22 23:55:34,358] {dagbag.py:507} INFO - Filling up the DagBag from /home/airflow/.local/lib/python3.7/site-packages/airflow/example_dags/example_latest_only.py
[2022-08-22 23:55:34,365] {processor.py:651} INFO - DAG(s) dict_keys(['latest_only']) retrieved from /home/airflow/.local/lib/python3.7/site-packages/airflow/example_dags/example_latest_only.py
[2022-08-22 23:55:34,391] {logging_mixin.py:115} INFO - [2022-08-22 23:55:34,391] {dag.py:2371} INFO - Sync 1 DAGs
[2022-08-22 23:55:34,412] {logging_mixin.py:115} INFO - [2022-08-22 23:55:34,412] {dag.py:2919} INFO - Setting next_dagrun for latest_only to 2022-08-22T19:55:34.412328+00:00, run_after=2022-08-22T23:55:34.412328+00:00
[2022-08-22 23:55:34,424] {processor.py:161} INFO - Processing /home/airflow/.local/lib/python3.7/site-packages/airflow/example_dags/example_latest_only.py took 0.071 seconds
[2022-08-22 23:56:04,875] {processor.py:153} INFO - Started process (PID=2564) to work on /home/airflow/.local/lib/python3.7/site-packages/airflow/example_dags/example_latest_only.py
[2022-08-22 23:56:04,876] {processor.py:641} INFO - Processing file /home/airflow/.local/lib/python3.7/site-packages/airflow/example_dags/example_latest_only.py for tasks to queue
[2022-08-22 23:56:04,877] {logging_mixin.py:115} INFO - [2022-08-22 23:56:04,877] {dagbag.py:507} INFO - Filling up the DagBag from /home/airflow/.local/lib/python3.7/site-packages/airflow/example_dags/example_latest_only.py
[2022-08-22 23:56:04,884] {processor.py:651} INFO - DAG(s) dict_keys(['latest_only']) retrieved from /home/airflow/.local/lib/python3.7/site-packages/airflow/example_dags/example_latest_only.py
[2022-08-22 23:56:04,912] {logging_mixin.py:115} INFO - [2022-08-22 23:56:04,912] {dag.py:2371} INFO - Sync 1 DAGs
[2022-08-22 23:56:04,934] {logging_mixin.py:115} INFO - [2022-08-22 23:56:04,934] {dag.py:2919} INFO - Setting next_dagrun for latest_only to 2022-08-22T19:56:04.934020+00:00, run_after=2022-08-22T23:56:04.934020+00:00
[2022-08-22 23:56:04,945] {processor.py:161} INFO - Processing /home/airflow/.local/lib/python3.7/site-packages/airflow/example_dags/example_latest_only.py took 0.074 seconds
[2022-08-22 23:56:35,401] {processor.py:153} INFO - Started process (PID=2641) to work on /home/airflow/.local/lib/python3.7/site-packages/airflow/example_dags/example_latest_only.py
[2022-08-22 23:56:35,402] {processor.py:641} INFO - Processing file /home/airflow/.local/lib/python3.7/site-packages/airflow/example_dags/example_latest_only.py for tasks to queue
[2022-08-22 23:56:35,403] {logging_mixin.py:115} INFO - [2022-08-22 23:56:35,403] {dagbag.py:507} INFO - Filling up the DagBag from /home/airflow/.local/lib/python3.7/site-packages/airflow/example_dags/example_latest_only.py
[2022-08-22 23:56:35,410] {processor.py:651} INFO - DAG(s) dict_keys(['latest_only']) retrieved from /home/airflow/.local/lib/python3.7/site-packages/airflow/example_dags/example_latest_only.py
[2022-08-22 23:56:35,439] {logging_mixin.py:115} INFO - [2022-08-22 23:56:35,439] {dag.py:2371} INFO - Sync 1 DAGs
[2022-08-22 23:56:35,461] {logging_mixin.py:115} INFO - [2022-08-22 23:56:35,461] {dag.py:2919} INFO - Setting next_dagrun for latest_only to 2022-08-22T19:56:35.461346+00:00, run_after=2022-08-22T23:56:35.461346+00:00
[2022-08-22 23:56:35,473] {processor.py:161} INFO - Processing /home/airflow/.local/lib/python3.7/site-packages/airflow/example_dags/example_latest_only.py took 0.076 seconds
[2022-08-22 23:57:05,832] {processor.py:153} INFO - Started process (PID=2709) to work on /home/airflow/.local/lib/python3.7/site-packages/airflow/example_dags/example_latest_only.py
[2022-08-22 23:57:05,834] {processor.py:641} INFO - Processing file /home/airflow/.local/lib/python3.7/site-packages/airflow/example_dags/example_latest_only.py for tasks to queue
[2022-08-22 23:57:05,835] {logging_mixin.py:115} INFO - [2022-08-22 23:57:05,835] {dagbag.py:507} INFO - Filling up the DagBag from /home/airflow/.local/lib/python3.7/site-packages/airflow/example_dags/example_latest_only.py
[2022-08-22 23:57:05,842] {processor.py:651} INFO - DAG(s) dict_keys(['latest_only']) retrieved from /home/airflow/.local/lib/python3.7/site-packages/airflow/example_dags/example_latest_only.py
[2022-08-22 23:57:05,869] {logging_mixin.py:115} INFO - [2022-08-22 23:57:05,869] {dag.py:2371} INFO - Sync 1 DAGs
[2022-08-22 23:57:05,891] {logging_mixin.py:115} INFO - [2022-08-22 23:57:05,890] {dag.py:2919} INFO - Setting next_dagrun for latest_only to 2022-08-22T19:57:05.890674+00:00, run_after=2022-08-22T23:57:05.890674+00:00
[2022-08-22 23:57:05,903] {processor.py:161} INFO - Processing /home/airflow/.local/lib/python3.7/site-packages/airflow/example_dags/example_latest_only.py took 0.075 seconds
[2022-08-22 23:57:36,823] {processor.py:153} INFO - Started process (PID=2786) to work on /home/airflow/.local/lib/python3.7/site-packages/airflow/example_dags/example_latest_only.py
[2022-08-22 23:57:36,824] {processor.py:641} INFO - Processing file /home/airflow/.local/lib/python3.7/site-packages/airflow/example_dags/example_latest_only.py for tasks to queue
[2022-08-22 23:57:36,825] {logging_mixin.py:115} INFO - [2022-08-22 23:57:36,825] {dagbag.py:507} INFO - Filling up the DagBag from /home/airflow/.local/lib/python3.7/site-packages/airflow/example_dags/example_latest_only.py
[2022-08-22 23:57:36,833] {processor.py:651} INFO - DAG(s) dict_keys(['latest_only']) retrieved from /home/airflow/.local/lib/python3.7/site-packages/airflow/example_dags/example_latest_only.py
[2022-08-22 23:57:36,862] {logging_mixin.py:115} INFO - [2022-08-22 23:57:36,861] {dag.py:2371} INFO - Sync 1 DAGs
[2022-08-22 23:57:36,883] {logging_mixin.py:115} INFO - [2022-08-22 23:57:36,883] {dag.py:2919} INFO - Setting next_dagrun for latest_only to 2022-08-22T19:57:36.883361+00:00, run_after=2022-08-22T23:57:36.883361+00:00
[2022-08-22 23:57:36,894] {processor.py:161} INFO - Processing /home/airflow/.local/lib/python3.7/site-packages/airflow/example_dags/example_latest_only.py took 0.076 seconds
[2022-08-22 23:58:07,683] {processor.py:153} INFO - Started process (PID=2863) to work on /home/airflow/.local/lib/python3.7/site-packages/airflow/example_dags/example_latest_only.py
[2022-08-22 23:58:07,685] {processor.py:641} INFO - Processing file /home/airflow/.local/lib/python3.7/site-packages/airflow/example_dags/example_latest_only.py for tasks to queue
[2022-08-22 23:58:07,686] {logging_mixin.py:115} INFO - [2022-08-22 23:58:07,686] {dagbag.py:507} INFO - Filling up the DagBag from /home/airflow/.local/lib/python3.7/site-packages/airflow/example_dags/example_latest_only.py
[2022-08-22 23:58:07,692] {processor.py:651} INFO - DAG(s) dict_keys(['latest_only']) retrieved from /home/airflow/.local/lib/python3.7/site-packages/airflow/example_dags/example_latest_only.py
[2022-08-22 23:58:07,720] {logging_mixin.py:115} INFO - [2022-08-22 23:58:07,719] {dag.py:2371} INFO - Sync 1 DAGs
[2022-08-22 23:58:07,741] {logging_mixin.py:115} INFO - [2022-08-22 23:58:07,741] {dag.py:2919} INFO - Setting next_dagrun for latest_only to 2022-08-22T19:58:07.740893+00:00, run_after=2022-08-22T23:58:07.740893+00:00
[2022-08-22 23:58:07,752] {processor.py:161} INFO - Processing /home/airflow/.local/lib/python3.7/site-packages/airflow/example_dags/example_latest_only.py took 0.073 seconds
[2022-08-22 23:58:38,464] {processor.py:153} INFO - Started process (PID=2940) to work on /home/airflow/.local/lib/python3.7/site-packages/airflow/example_dags/example_latest_only.py
[2022-08-22 23:58:38,465] {processor.py:641} INFO - Processing file /home/airflow/.local/lib/python3.7/site-packages/airflow/example_dags/example_latest_only.py for tasks to queue
[2022-08-22 23:58:38,466] {logging_mixin.py:115} INFO - [2022-08-22 23:58:38,466] {dagbag.py:507} INFO - Filling up the DagBag from /home/airflow/.local/lib/python3.7/site-packages/airflow/example_dags/example_latest_only.py
[2022-08-22 23:58:38,473] {processor.py:651} INFO - DAG(s) dict_keys(['latest_only']) retrieved from /home/airflow/.local/lib/python3.7/site-packages/airflow/example_dags/example_latest_only.py
[2022-08-22 23:58:38,502] {logging_mixin.py:115} INFO - [2022-08-22 23:58:38,501] {dag.py:2371} INFO - Sync 1 DAGs
[2022-08-22 23:58:38,523] {logging_mixin.py:115} INFO - [2022-08-22 23:58:38,523] {dag.py:2919} INFO - Setting next_dagrun for latest_only to 2022-08-22T19:58:38.523400+00:00, run_after=2022-08-22T23:58:38.523400+00:00
[2022-08-22 23:58:38,535] {processor.py:161} INFO - Processing /home/airflow/.local/lib/python3.7/site-packages/airflow/example_dags/example_latest_only.py took 0.077 seconds
[2022-08-22 23:59:08,970] {processor.py:153} INFO - Started process (PID=3015) to work on /home/airflow/.local/lib/python3.7/site-packages/airflow/example_dags/example_latest_only.py
[2022-08-22 23:59:08,971] {processor.py:641} INFO - Processing file /home/airflow/.local/lib/python3.7/site-packages/airflow/example_dags/example_latest_only.py for tasks to queue
[2022-08-22 23:59:08,972] {logging_mixin.py:115} INFO - [2022-08-22 23:59:08,972] {dagbag.py:507} INFO - Filling up the DagBag from /home/airflow/.local/lib/python3.7/site-packages/airflow/example_dags/example_latest_only.py
[2022-08-22 23:59:08,978] {processor.py:651} INFO - DAG(s) dict_keys(['latest_only']) retrieved from /home/airflow/.local/lib/python3.7/site-packages/airflow/example_dags/example_latest_only.py
[2022-08-22 23:59:09,008] {logging_mixin.py:115} INFO - [2022-08-22 23:59:09,008] {dag.py:2371} INFO - Sync 1 DAGs
[2022-08-22 23:59:09,036] {logging_mixin.py:115} INFO - [2022-08-22 23:59:09,036] {dag.py:2919} INFO - Setting next_dagrun for latest_only to 2022-08-22T19:59:09.035648+00:00, run_after=2022-08-22T23:59:09.035648+00:00
[2022-08-22 23:59:09,050] {processor.py:161} INFO - Processing /home/airflow/.local/lib/python3.7/site-packages/airflow/example_dags/example_latest_only.py took 0.086 seconds
[2022-08-22 23:59:39,603] {processor.py:153} INFO - Started process (PID=3085) to work on /home/airflow/.local/lib/python3.7/site-packages/airflow/example_dags/example_latest_only.py
[2022-08-22 23:59:39,604] {processor.py:641} INFO - Processing file /home/airflow/.local/lib/python3.7/site-packages/airflow/example_dags/example_latest_only.py for tasks to queue
[2022-08-22 23:59:39,605] {logging_mixin.py:115} INFO - [2022-08-22 23:59:39,605] {dagbag.py:507} INFO - Filling up the DagBag from /home/airflow/.local/lib/python3.7/site-packages/airflow/example_dags/example_latest_only.py
[2022-08-22 23:59:39,611] {processor.py:651} INFO - DAG(s) dict_keys(['latest_only']) retrieved from /home/airflow/.local/lib/python3.7/site-packages/airflow/example_dags/example_latest_only.py
[2022-08-22 23:59:39,638] {logging_mixin.py:115} INFO - [2022-08-22 23:59:39,638] {dag.py:2371} INFO - Sync 1 DAGs
[2022-08-22 23:59:39,659] {logging_mixin.py:115} INFO - [2022-08-22 23:59:39,659] {dag.py:2919} INFO - Setting next_dagrun for latest_only to 2022-08-22T19:59:39.659094+00:00, run_after=2022-08-22T23:59:39.659094+00:00
[2022-08-22 23:59:39,670] {processor.py:161} INFO - Processing /home/airflow/.local/lib/python3.7/site-packages/airflow/example_dags/example_latest_only.py took 0.070 seconds
