[2022-08-22 23:38:40,044] {processor.py:153} INFO - Started process (PID=94) to work on /home/airflow/.local/lib/python3.7/site-packages/airflow/example_dags/example_subdag_operator.py
[2022-08-22 23:38:40,046] {processor.py:641} INFO - Processing file /home/airflow/.local/lib/python3.7/site-packages/airflow/example_dags/example_subdag_operator.py for tasks to queue
[2022-08-22 23:38:40,050] {logging_mixin.py:115} INFO - [2022-08-22 23:38:40,049] {dagbag.py:507} INFO - Filling up the DagBag from /home/airflow/.local/lib/python3.7/site-packages/airflow/example_dags/example_subdag_operator.py
[2022-08-22 23:38:40,133] {processor.py:651} INFO - DAG(s) dict_keys(['example_subdag_operator.section-1', 'example_subdag_operator.section-2', 'example_subdag_operator']) retrieved from /home/airflow/.local/lib/python3.7/site-packages/airflow/example_dags/example_subdag_operator.py
[2022-08-22 23:38:41,549] {logging_mixin.py:115} INFO - [2022-08-22 23:38:41,548] {dag.py:2371} INFO - Sync 3 DAGs
[2022-08-22 23:38:41,628] {logging_mixin.py:115} INFO - [2022-08-22 23:38:41,627] {dag.py:2919} INFO - Setting next_dagrun for example_subdag_operator to 2022-08-20T00:00:00+00:00, run_after=2022-08-20T00:00:00+00:00
[2022-08-22 23:38:41,632] {logging_mixin.py:115} INFO - [2022-08-22 23:38:41,631] {dag.py:2919} INFO - Setting next_dagrun for example_subdag_operator.section-1 to None, run_after=None
[2022-08-22 23:38:41,634] {logging_mixin.py:115} INFO - [2022-08-22 23:38:41,634] {dag.py:2919} INFO - Setting next_dagrun for example_subdag_operator.section-2 to None, run_after=None
[2022-08-22 23:38:41,670] {logging_mixin.py:115} INFO - [2022-08-22 23:38:41,670] {dag.py:2371} INFO - Sync 2 DAGs
[2022-08-22 23:38:41,693] {logging_mixin.py:115} INFO - [2022-08-22 23:38:41,693] {dag.py:2919} INFO - Setting next_dagrun for example_subdag_operator.section-1 to None, run_after=None
[2022-08-22 23:38:41,696] {logging_mixin.py:115} INFO - [2022-08-22 23:38:41,696] {dag.py:2919} INFO - Setting next_dagrun for example_subdag_operator.section-2 to None, run_after=None
[2022-08-22 23:38:41,733] {processor.py:161} INFO - Processing /home/airflow/.local/lib/python3.7/site-packages/airflow/example_dags/example_subdag_operator.py took 1.701 seconds
[2022-08-22 23:39:13,000] {processor.py:153} INFO - Started process (PID=162) to work on /home/airflow/.local/lib/python3.7/site-packages/airflow/example_dags/example_subdag_operator.py
[2022-08-22 23:39:13,003] {processor.py:641} INFO - Processing file /home/airflow/.local/lib/python3.7/site-packages/airflow/example_dags/example_subdag_operator.py for tasks to queue
[2022-08-22 23:39:13,006] {logging_mixin.py:115} INFO - [2022-08-22 23:39:13,006] {dagbag.py:507} INFO - Filling up the DagBag from /home/airflow/.local/lib/python3.7/site-packages/airflow/example_dags/example_subdag_operator.py
[2022-08-22 23:39:13,117] {processor.py:651} INFO - DAG(s) dict_keys(['example_subdag_operator.section-1', 'example_subdag_operator.section-2', 'example_subdag_operator']) retrieved from /home/airflow/.local/lib/python3.7/site-packages/airflow/example_dags/example_subdag_operator.py
[2022-08-22 23:39:14,519] {logging_mixin.py:115} INFO - [2022-08-22 23:39:14,503] {dag.py:2371} INFO - Sync 3 DAGs
[2022-08-22 23:39:14,624] {logging_mixin.py:115} INFO - [2022-08-22 23:39:14,623] {dag.py:2919} INFO - Setting next_dagrun for example_subdag_operator to 2022-08-20T00:00:00+00:00, run_after=2022-08-20T00:00:00+00:00
[2022-08-22 23:39:14,629] {logging_mixin.py:115} INFO - [2022-08-22 23:39:14,627] {dag.py:2919} INFO - Setting next_dagrun for example_subdag_operator.section-1 to None, run_after=None
[2022-08-22 23:39:14,632] {logging_mixin.py:115} INFO - [2022-08-22 23:39:14,632] {dag.py:2919} INFO - Setting next_dagrun for example_subdag_operator.section-2 to None, run_after=None
[2022-08-22 23:39:14,669] {logging_mixin.py:115} INFO - [2022-08-22 23:39:14,669] {dag.py:2371} INFO - Sync 2 DAGs
[2022-08-22 23:39:14,687] {logging_mixin.py:115} INFO - [2022-08-22 23:39:14,687] {dag.py:2919} INFO - Setting next_dagrun for example_subdag_operator.section-1 to None, run_after=None
[2022-08-22 23:39:14,691] {logging_mixin.py:115} INFO - [2022-08-22 23:39:14,691] {dag.py:2919} INFO - Setting next_dagrun for example_subdag_operator.section-2 to None, run_after=None
[2022-08-22 23:39:14,713] {processor.py:161} INFO - Processing /home/airflow/.local/lib/python3.7/site-packages/airflow/example_dags/example_subdag_operator.py took 1.723 seconds
[2022-08-22 23:39:45,336] {processor.py:153} INFO - Started process (PID=233) to work on /home/airflow/.local/lib/python3.7/site-packages/airflow/example_dags/example_subdag_operator.py
[2022-08-22 23:39:45,338] {processor.py:641} INFO - Processing file /home/airflow/.local/lib/python3.7/site-packages/airflow/example_dags/example_subdag_operator.py for tasks to queue
[2022-08-22 23:39:45,340] {logging_mixin.py:115} INFO - [2022-08-22 23:39:45,340] {dagbag.py:507} INFO - Filling up the DagBag from /home/airflow/.local/lib/python3.7/site-packages/airflow/example_dags/example_subdag_operator.py
[2022-08-22 23:39:45,401] {processor.py:651} INFO - DAG(s) dict_keys(['example_subdag_operator.section-1', 'example_subdag_operator.section-2', 'example_subdag_operator']) retrieved from /home/airflow/.local/lib/python3.7/site-packages/airflow/example_dags/example_subdag_operator.py
[2022-08-22 23:39:46,221] {logging_mixin.py:115} INFO - [2022-08-22 23:39:46,220] {dag.py:2371} INFO - Sync 3 DAGs
[2022-08-22 23:39:46,264] {logging_mixin.py:115} INFO - [2022-08-22 23:39:46,264] {dag.py:2919} INFO - Setting next_dagrun for example_subdag_operator to 2022-08-20T00:00:00+00:00, run_after=2022-08-20T00:00:00+00:00
[2022-08-22 23:39:46,266] {logging_mixin.py:115} INFO - [2022-08-22 23:39:46,266] {dag.py:2919} INFO - Setting next_dagrun for example_subdag_operator.section-1 to None, run_after=None
[2022-08-22 23:39:46,268] {logging_mixin.py:115} INFO - [2022-08-22 23:39:46,268] {dag.py:2919} INFO - Setting next_dagrun for example_subdag_operator.section-2 to None, run_after=None
[2022-08-22 23:39:46,285] {logging_mixin.py:115} INFO - [2022-08-22 23:39:46,284] {dag.py:2371} INFO - Sync 2 DAGs
[2022-08-22 23:39:46,299] {logging_mixin.py:115} INFO - [2022-08-22 23:39:46,299] {dag.py:2919} INFO - Setting next_dagrun for example_subdag_operator.section-1 to None, run_after=None
[2022-08-22 23:39:46,301] {logging_mixin.py:115} INFO - [2022-08-22 23:39:46,301] {dag.py:2919} INFO - Setting next_dagrun for example_subdag_operator.section-2 to None, run_after=None
[2022-08-22 23:39:46,314] {processor.py:161} INFO - Processing /home/airflow/.local/lib/python3.7/site-packages/airflow/example_dags/example_subdag_operator.py took 0.986 seconds
[2022-08-22 23:40:16,608] {processor.py:153} INFO - Started process (PID=311) to work on /home/airflow/.local/lib/python3.7/site-packages/airflow/example_dags/example_subdag_operator.py
[2022-08-22 23:40:16,611] {processor.py:641} INFO - Processing file /home/airflow/.local/lib/python3.7/site-packages/airflow/example_dags/example_subdag_operator.py for tasks to queue
[2022-08-22 23:40:16,613] {logging_mixin.py:115} INFO - [2022-08-22 23:40:16,612] {dagbag.py:507} INFO - Filling up the DagBag from /home/airflow/.local/lib/python3.7/site-packages/airflow/example_dags/example_subdag_operator.py
[2022-08-22 23:40:16,678] {processor.py:651} INFO - DAG(s) dict_keys(['example_subdag_operator.section-1', 'example_subdag_operator.section-2', 'example_subdag_operator']) retrieved from /home/airflow/.local/lib/python3.7/site-packages/airflow/example_dags/example_subdag_operator.py
[2022-08-22 23:40:17,570] {logging_mixin.py:115} INFO - [2022-08-22 23:40:17,569] {dag.py:2371} INFO - Sync 3 DAGs
[2022-08-22 23:40:17,617] {logging_mixin.py:115} INFO - [2022-08-22 23:40:17,616] {dag.py:2919} INFO - Setting next_dagrun for example_subdag_operator to 2022-08-20T00:00:00+00:00, run_after=2022-08-20T00:00:00+00:00
[2022-08-22 23:40:17,618] {logging_mixin.py:115} INFO - [2022-08-22 23:40:17,618] {dag.py:2919} INFO - Setting next_dagrun for example_subdag_operator.section-1 to None, run_after=None
[2022-08-22 23:40:17,620] {logging_mixin.py:115} INFO - [2022-08-22 23:40:17,619] {dag.py:2919} INFO - Setting next_dagrun for example_subdag_operator.section-2 to None, run_after=None
[2022-08-22 23:40:17,638] {logging_mixin.py:115} INFO - [2022-08-22 23:40:17,638] {dag.py:2371} INFO - Sync 2 DAGs
[2022-08-22 23:40:17,660] {logging_mixin.py:115} INFO - [2022-08-22 23:40:17,660] {dag.py:2919} INFO - Setting next_dagrun for example_subdag_operator.section-1 to None, run_after=None
[2022-08-22 23:40:17,662] {logging_mixin.py:115} INFO - [2022-08-22 23:40:17,662] {dag.py:2919} INFO - Setting next_dagrun for example_subdag_operator.section-2 to None, run_after=None
[2022-08-22 23:40:17,681] {processor.py:161} INFO - Processing /home/airflow/.local/lib/python3.7/site-packages/airflow/example_dags/example_subdag_operator.py took 1.079 seconds
[2022-08-22 23:40:49,757] {processor.py:153} INFO - Started process (PID=381) to work on /home/airflow/.local/lib/python3.7/site-packages/airflow/example_dags/example_subdag_operator.py
[2022-08-22 23:40:49,770] {processor.py:641} INFO - Processing file /home/airflow/.local/lib/python3.7/site-packages/airflow/example_dags/example_subdag_operator.py for tasks to queue
[2022-08-22 23:40:49,773] {logging_mixin.py:115} INFO - [2022-08-22 23:40:49,773] {dagbag.py:507} INFO - Filling up the DagBag from /home/airflow/.local/lib/python3.7/site-packages/airflow/example_dags/example_subdag_operator.py
[2022-08-22 23:40:49,872] {processor.py:651} INFO - DAG(s) dict_keys(['example_subdag_operator.section-1', 'example_subdag_operator.section-2', 'example_subdag_operator']) retrieved from /home/airflow/.local/lib/python3.7/site-packages/airflow/example_dags/example_subdag_operator.py
[2022-08-22 23:40:51,173] {logging_mixin.py:115} INFO - [2022-08-22 23:40:51,172] {dag.py:2371} INFO - Sync 3 DAGs
[2022-08-22 23:40:51,250] {logging_mixin.py:115} INFO - [2022-08-22 23:40:51,249] {dag.py:2919} INFO - Setting next_dagrun for example_subdag_operator to 2022-08-20T00:00:00+00:00, run_after=2022-08-20T00:00:00+00:00
[2022-08-22 23:40:51,268] {logging_mixin.py:115} INFO - [2022-08-22 23:40:51,267] {dag.py:2919} INFO - Setting next_dagrun for example_subdag_operator.section-1 to None, run_after=None
[2022-08-22 23:40:51,286] {logging_mixin.py:115} INFO - [2022-08-22 23:40:51,286] {dag.py:2919} INFO - Setting next_dagrun for example_subdag_operator.section-2 to None, run_after=None
[2022-08-22 23:40:51,310] {logging_mixin.py:115} INFO - [2022-08-22 23:40:51,310] {dag.py:2371} INFO - Sync 2 DAGs
[2022-08-22 23:40:51,328] {logging_mixin.py:115} INFO - [2022-08-22 23:40:51,328] {dag.py:2919} INFO - Setting next_dagrun for example_subdag_operator.section-1 to None, run_after=None
[2022-08-22 23:40:51,335] {logging_mixin.py:115} INFO - [2022-08-22 23:40:51,335] {dag.py:2919} INFO - Setting next_dagrun for example_subdag_operator.section-2 to None, run_after=None
[2022-08-22 23:40:51,366] {processor.py:161} INFO - Processing /home/airflow/.local/lib/python3.7/site-packages/airflow/example_dags/example_subdag_operator.py took 1.619 seconds
[2022-08-22 23:41:21,770] {processor.py:153} INFO - Started process (PID=451) to work on /home/airflow/.local/lib/python3.7/site-packages/airflow/example_dags/example_subdag_operator.py
[2022-08-22 23:41:21,772] {processor.py:641} INFO - Processing file /home/airflow/.local/lib/python3.7/site-packages/airflow/example_dags/example_subdag_operator.py for tasks to queue
[2022-08-22 23:41:21,774] {logging_mixin.py:115} INFO - [2022-08-22 23:41:21,774] {dagbag.py:507} INFO - Filling up the DagBag from /home/airflow/.local/lib/python3.7/site-packages/airflow/example_dags/example_subdag_operator.py
[2022-08-22 23:41:21,843] {processor.py:651} INFO - DAG(s) dict_keys(['example_subdag_operator.section-1', 'example_subdag_operator.section-2', 'example_subdag_operator']) retrieved from /home/airflow/.local/lib/python3.7/site-packages/airflow/example_dags/example_subdag_operator.py
[2022-08-22 23:41:22,766] {logging_mixin.py:115} INFO - [2022-08-22 23:41:22,765] {dag.py:2371} INFO - Sync 3 DAGs
[2022-08-22 23:41:22,831] {logging_mixin.py:115} INFO - [2022-08-22 23:41:22,830] {dag.py:2919} INFO - Setting next_dagrun for example_subdag_operator to 2022-08-20T00:00:00+00:00, run_after=2022-08-20T00:00:00+00:00
[2022-08-22 23:41:22,836] {logging_mixin.py:115} INFO - [2022-08-22 23:41:22,835] {dag.py:2919} INFO - Setting next_dagrun for example_subdag_operator.section-1 to None, run_after=None
[2022-08-22 23:41:22,838] {logging_mixin.py:115} INFO - [2022-08-22 23:41:22,838] {dag.py:2919} INFO - Setting next_dagrun for example_subdag_operator.section-2 to None, run_after=None
[2022-08-22 23:41:22,857] {logging_mixin.py:115} INFO - [2022-08-22 23:41:22,857] {dag.py:2371} INFO - Sync 2 DAGs
[2022-08-22 23:41:22,869] {logging_mixin.py:115} INFO - [2022-08-22 23:41:22,869] {dag.py:2919} INFO - Setting next_dagrun for example_subdag_operator.section-1 to None, run_after=None
[2022-08-22 23:41:22,871] {logging_mixin.py:115} INFO - [2022-08-22 23:41:22,871] {dag.py:2919} INFO - Setting next_dagrun for example_subdag_operator.section-2 to None, run_after=None
[2022-08-22 23:41:22,890] {processor.py:161} INFO - Processing /home/airflow/.local/lib/python3.7/site-packages/airflow/example_dags/example_subdag_operator.py took 1.127 seconds
[2022-08-22 23:41:53,248] {processor.py:153} INFO - Started process (PID=529) to work on /home/airflow/.local/lib/python3.7/site-packages/airflow/example_dags/example_subdag_operator.py
[2022-08-22 23:41:53,251] {processor.py:641} INFO - Processing file /home/airflow/.local/lib/python3.7/site-packages/airflow/example_dags/example_subdag_operator.py for tasks to queue
[2022-08-22 23:41:53,254] {logging_mixin.py:115} INFO - [2022-08-22 23:41:53,254] {dagbag.py:507} INFO - Filling up the DagBag from /home/airflow/.local/lib/python3.7/site-packages/airflow/example_dags/example_subdag_operator.py
[2022-08-22 23:41:53,321] {processor.py:651} INFO - DAG(s) dict_keys(['example_subdag_operator.section-1', 'example_subdag_operator.section-2', 'example_subdag_operator']) retrieved from /home/airflow/.local/lib/python3.7/site-packages/airflow/example_dags/example_subdag_operator.py
[2022-08-22 23:41:54,188] {logging_mixin.py:115} INFO - [2022-08-22 23:41:54,187] {dag.py:2371} INFO - Sync 3 DAGs
[2022-08-22 23:41:54,238] {logging_mixin.py:115} INFO - [2022-08-22 23:41:54,238] {dag.py:2919} INFO - Setting next_dagrun for example_subdag_operator to 2022-08-20T00:00:00+00:00, run_after=2022-08-20T00:00:00+00:00
[2022-08-22 23:41:54,241] {logging_mixin.py:115} INFO - [2022-08-22 23:41:54,241] {dag.py:2919} INFO - Setting next_dagrun for example_subdag_operator.section-1 to None, run_after=None
[2022-08-22 23:41:54,242] {logging_mixin.py:115} INFO - [2022-08-22 23:41:54,242] {dag.py:2919} INFO - Setting next_dagrun for example_subdag_operator.section-2 to None, run_after=None
[2022-08-22 23:41:54,260] {logging_mixin.py:115} INFO - [2022-08-22 23:41:54,259] {dag.py:2371} INFO - Sync 2 DAGs
[2022-08-22 23:41:54,270] {logging_mixin.py:115} INFO - [2022-08-22 23:41:54,270] {dag.py:2919} INFO - Setting next_dagrun for example_subdag_operator.section-1 to None, run_after=None
[2022-08-22 23:41:54,272] {logging_mixin.py:115} INFO - [2022-08-22 23:41:54,272] {dag.py:2919} INFO - Setting next_dagrun for example_subdag_operator.section-2 to None, run_after=None
[2022-08-22 23:41:54,293] {processor.py:161} INFO - Processing /home/airflow/.local/lib/python3.7/site-packages/airflow/example_dags/example_subdag_operator.py took 1.054 seconds
[2022-08-22 23:42:25,031] {processor.py:153} INFO - Started process (PID=600) to work on /home/airflow/.local/lib/python3.7/site-packages/airflow/example_dags/example_subdag_operator.py
[2022-08-22 23:42:25,033] {processor.py:641} INFO - Processing file /home/airflow/.local/lib/python3.7/site-packages/airflow/example_dags/example_subdag_operator.py for tasks to queue
[2022-08-22 23:42:25,035] {logging_mixin.py:115} INFO - [2022-08-22 23:42:25,034] {dagbag.py:507} INFO - Filling up the DagBag from /home/airflow/.local/lib/python3.7/site-packages/airflow/example_dags/example_subdag_operator.py
[2022-08-22 23:42:25,094] {processor.py:651} INFO - DAG(s) dict_keys(['example_subdag_operator.section-1', 'example_subdag_operator.section-2', 'example_subdag_operator']) retrieved from /home/airflow/.local/lib/python3.7/site-packages/airflow/example_dags/example_subdag_operator.py
[2022-08-22 23:42:25,902] {logging_mixin.py:115} INFO - [2022-08-22 23:42:25,900] {dag.py:2371} INFO - Sync 3 DAGs
[2022-08-22 23:42:25,942] {logging_mixin.py:115} INFO - [2022-08-22 23:42:25,942] {dag.py:2919} INFO - Setting next_dagrun for example_subdag_operator to 2022-08-20T00:00:00+00:00, run_after=2022-08-20T00:00:00+00:00
[2022-08-22 23:42:25,944] {logging_mixin.py:115} INFO - [2022-08-22 23:42:25,944] {dag.py:2919} INFO - Setting next_dagrun for example_subdag_operator.section-1 to None, run_after=None
[2022-08-22 23:42:25,946] {logging_mixin.py:115} INFO - [2022-08-22 23:42:25,946] {dag.py:2919} INFO - Setting next_dagrun for example_subdag_operator.section-2 to None, run_after=None
[2022-08-22 23:42:25,964] {logging_mixin.py:115} INFO - [2022-08-22 23:42:25,964] {dag.py:2371} INFO - Sync 2 DAGs
[2022-08-22 23:42:25,981] {logging_mixin.py:115} INFO - [2022-08-22 23:42:25,980] {dag.py:2919} INFO - Setting next_dagrun for example_subdag_operator.section-1 to None, run_after=None
[2022-08-22 23:42:25,982] {logging_mixin.py:115} INFO - [2022-08-22 23:42:25,982] {dag.py:2919} INFO - Setting next_dagrun for example_subdag_operator.section-2 to None, run_after=None
[2022-08-22 23:42:26,008] {processor.py:161} INFO - Processing /home/airflow/.local/lib/python3.7/site-packages/airflow/example_dags/example_subdag_operator.py took 0.984 seconds
[2022-08-22 23:42:56,212] {processor.py:153} INFO - Started process (PID=678) to work on /home/airflow/.local/lib/python3.7/site-packages/airflow/example_dags/example_subdag_operator.py
[2022-08-22 23:42:56,214] {processor.py:641} INFO - Processing file /home/airflow/.local/lib/python3.7/site-packages/airflow/example_dags/example_subdag_operator.py for tasks to queue
[2022-08-22 23:42:56,216] {logging_mixin.py:115} INFO - [2022-08-22 23:42:56,216] {dagbag.py:507} INFO - Filling up the DagBag from /home/airflow/.local/lib/python3.7/site-packages/airflow/example_dags/example_subdag_operator.py
[2022-08-22 23:42:56,278] {processor.py:651} INFO - DAG(s) dict_keys(['example_subdag_operator.section-1', 'example_subdag_operator.section-2', 'example_subdag_operator']) retrieved from /home/airflow/.local/lib/python3.7/site-packages/airflow/example_dags/example_subdag_operator.py
[2022-08-22 23:42:57,093] {logging_mixin.py:115} INFO - [2022-08-22 23:42:57,092] {dag.py:2371} INFO - Sync 3 DAGs
[2022-08-22 23:42:57,170] {logging_mixin.py:115} INFO - [2022-08-22 23:42:57,170] {dag.py:2919} INFO - Setting next_dagrun for example_subdag_operator to 2022-08-20T00:00:00+00:00, run_after=2022-08-20T00:00:00+00:00
[2022-08-22 23:42:57,176] {logging_mixin.py:115} INFO - [2022-08-22 23:42:57,175] {dag.py:2919} INFO - Setting next_dagrun for example_subdag_operator.section-1 to None, run_after=None
[2022-08-22 23:42:57,177] {logging_mixin.py:115} INFO - [2022-08-22 23:42:57,177] {dag.py:2919} INFO - Setting next_dagrun for example_subdag_operator.section-2 to None, run_after=None
[2022-08-22 23:42:57,191] {logging_mixin.py:115} INFO - [2022-08-22 23:42:57,191] {dag.py:2371} INFO - Sync 2 DAGs
[2022-08-22 23:42:57,209] {logging_mixin.py:115} INFO - [2022-08-22 23:42:57,208] {dag.py:2919} INFO - Setting next_dagrun for example_subdag_operator.section-1 to None, run_after=None
[2022-08-22 23:42:57,210] {logging_mixin.py:115} INFO - [2022-08-22 23:42:57,210] {dag.py:2919} INFO - Setting next_dagrun for example_subdag_operator.section-2 to None, run_after=None
[2022-08-22 23:42:57,226] {processor.py:161} INFO - Processing /home/airflow/.local/lib/python3.7/site-packages/airflow/example_dags/example_subdag_operator.py took 1.023 seconds
[2022-08-22 23:43:27,325] {processor.py:153} INFO - Started process (PID=750) to work on /home/airflow/.local/lib/python3.7/site-packages/airflow/example_dags/example_subdag_operator.py
[2022-08-22 23:43:27,327] {processor.py:641} INFO - Processing file /home/airflow/.local/lib/python3.7/site-packages/airflow/example_dags/example_subdag_operator.py for tasks to queue
[2022-08-22 23:43:27,330] {logging_mixin.py:115} INFO - [2022-08-22 23:43:27,330] {dagbag.py:507} INFO - Filling up the DagBag from /home/airflow/.local/lib/python3.7/site-packages/airflow/example_dags/example_subdag_operator.py
[2022-08-22 23:43:27,388] {processor.py:651} INFO - DAG(s) dict_keys(['example_subdag_operator.section-1', 'example_subdag_operator.section-2', 'example_subdag_operator']) retrieved from /home/airflow/.local/lib/python3.7/site-packages/airflow/example_dags/example_subdag_operator.py
[2022-08-22 23:43:28,154] {logging_mixin.py:115} INFO - [2022-08-22 23:43:28,153] {dag.py:2371} INFO - Sync 3 DAGs
[2022-08-22 23:43:28,195] {logging_mixin.py:115} INFO - [2022-08-22 23:43:28,194] {dag.py:2919} INFO - Setting next_dagrun for example_subdag_operator to 2022-08-20T00:00:00+00:00, run_after=2022-08-20T00:00:00+00:00
[2022-08-22 23:43:28,197] {logging_mixin.py:115} INFO - [2022-08-22 23:43:28,197] {dag.py:2919} INFO - Setting next_dagrun for example_subdag_operator.section-1 to None, run_after=None
[2022-08-22 23:43:28,199] {logging_mixin.py:115} INFO - [2022-08-22 23:43:28,199] {dag.py:2919} INFO - Setting next_dagrun for example_subdag_operator.section-2 to None, run_after=None
[2022-08-22 23:43:28,214] {logging_mixin.py:115} INFO - [2022-08-22 23:43:28,214] {dag.py:2371} INFO - Sync 2 DAGs
[2022-08-22 23:43:28,225] {logging_mixin.py:115} INFO - [2022-08-22 23:43:28,225] {dag.py:2919} INFO - Setting next_dagrun for example_subdag_operator.section-1 to None, run_after=None
[2022-08-22 23:43:28,227] {logging_mixin.py:115} INFO - [2022-08-22 23:43:28,227] {dag.py:2919} INFO - Setting next_dagrun for example_subdag_operator.section-2 to None, run_after=None
[2022-08-22 23:43:28,242] {processor.py:161} INFO - Processing /home/airflow/.local/lib/python3.7/site-packages/airflow/example_dags/example_subdag_operator.py took 0.925 seconds
[2022-08-22 23:43:58,667] {processor.py:153} INFO - Started process (PID=818) to work on /home/airflow/.local/lib/python3.7/site-packages/airflow/example_dags/example_subdag_operator.py
[2022-08-22 23:43:58,669] {processor.py:641} INFO - Processing file /home/airflow/.local/lib/python3.7/site-packages/airflow/example_dags/example_subdag_operator.py for tasks to queue
[2022-08-22 23:43:58,671] {logging_mixin.py:115} INFO - [2022-08-22 23:43:58,671] {dagbag.py:507} INFO - Filling up the DagBag from /home/airflow/.local/lib/python3.7/site-packages/airflow/example_dags/example_subdag_operator.py
[2022-08-22 23:43:58,728] {processor.py:651} INFO - DAG(s) dict_keys(['example_subdag_operator.section-1', 'example_subdag_operator.section-2', 'example_subdag_operator']) retrieved from /home/airflow/.local/lib/python3.7/site-packages/airflow/example_dags/example_subdag_operator.py
[2022-08-22 23:43:59,436] {logging_mixin.py:115} INFO - [2022-08-22 23:43:59,435] {dag.py:2371} INFO - Sync 3 DAGs
[2022-08-22 23:43:59,475] {logging_mixin.py:115} INFO - [2022-08-22 23:43:59,475] {dag.py:2919} INFO - Setting next_dagrun for example_subdag_operator to 2022-08-20T00:00:00+00:00, run_after=2022-08-20T00:00:00+00:00
[2022-08-22 23:43:59,477] {logging_mixin.py:115} INFO - [2022-08-22 23:43:59,476] {dag.py:2919} INFO - Setting next_dagrun for example_subdag_operator.section-1 to None, run_after=None
[2022-08-22 23:43:59,478] {logging_mixin.py:115} INFO - [2022-08-22 23:43:59,478] {dag.py:2919} INFO - Setting next_dagrun for example_subdag_operator.section-2 to None, run_after=None
[2022-08-22 23:43:59,491] {logging_mixin.py:115} INFO - [2022-08-22 23:43:59,491] {dag.py:2371} INFO - Sync 2 DAGs
[2022-08-22 23:43:59,503] {logging_mixin.py:115} INFO - [2022-08-22 23:43:59,503] {dag.py:2919} INFO - Setting next_dagrun for example_subdag_operator.section-1 to None, run_after=None
[2022-08-22 23:43:59,504] {logging_mixin.py:115} INFO - [2022-08-22 23:43:59,504] {dag.py:2919} INFO - Setting next_dagrun for example_subdag_operator.section-2 to None, run_after=None
[2022-08-22 23:43:59,523] {processor.py:161} INFO - Processing /home/airflow/.local/lib/python3.7/site-packages/airflow/example_dags/example_subdag_operator.py took 0.862 seconds
[2022-08-22 23:44:30,401] {processor.py:153} INFO - Started process (PID=894) to work on /home/airflow/.local/lib/python3.7/site-packages/airflow/example_dags/example_subdag_operator.py
[2022-08-22 23:44:30,403] {processor.py:641} INFO - Processing file /home/airflow/.local/lib/python3.7/site-packages/airflow/example_dags/example_subdag_operator.py for tasks to queue
[2022-08-22 23:44:30,405] {logging_mixin.py:115} INFO - [2022-08-22 23:44:30,405] {dagbag.py:507} INFO - Filling up the DagBag from /home/airflow/.local/lib/python3.7/site-packages/airflow/example_dags/example_subdag_operator.py
[2022-08-22 23:44:30,459] {processor.py:651} INFO - DAG(s) dict_keys(['example_subdag_operator.section-1', 'example_subdag_operator.section-2', 'example_subdag_operator']) retrieved from /home/airflow/.local/lib/python3.7/site-packages/airflow/example_dags/example_subdag_operator.py
[2022-08-22 23:44:31,153] {logging_mixin.py:115} INFO - [2022-08-22 23:44:31,152] {dag.py:2371} INFO - Sync 3 DAGs
[2022-08-22 23:44:31,190] {logging_mixin.py:115} INFO - [2022-08-22 23:44:31,190] {dag.py:2919} INFO - Setting next_dagrun for example_subdag_operator to 2022-08-20T00:00:00+00:00, run_after=2022-08-20T00:00:00+00:00
[2022-08-22 23:44:31,192] {logging_mixin.py:115} INFO - [2022-08-22 23:44:31,192] {dag.py:2919} INFO - Setting next_dagrun for example_subdag_operator.section-1 to None, run_after=None
[2022-08-22 23:44:31,193] {logging_mixin.py:115} INFO - [2022-08-22 23:44:31,193] {dag.py:2919} INFO - Setting next_dagrun for example_subdag_operator.section-2 to None, run_after=None
[2022-08-22 23:44:31,206] {logging_mixin.py:115} INFO - [2022-08-22 23:44:31,206] {dag.py:2371} INFO - Sync 2 DAGs
[2022-08-22 23:44:31,218] {logging_mixin.py:115} INFO - [2022-08-22 23:44:31,217] {dag.py:2919} INFO - Setting next_dagrun for example_subdag_operator.section-1 to None, run_after=None
[2022-08-22 23:44:31,219] {logging_mixin.py:115} INFO - [2022-08-22 23:44:31,219] {dag.py:2919} INFO - Setting next_dagrun for example_subdag_operator.section-2 to None, run_after=None
[2022-08-22 23:44:31,234] {processor.py:161} INFO - Processing /home/airflow/.local/lib/python3.7/site-packages/airflow/example_dags/example_subdag_operator.py took 0.841 seconds
[2022-08-22 23:45:01,965] {processor.py:153} INFO - Started process (PID=962) to work on /home/airflow/.local/lib/python3.7/site-packages/airflow/example_dags/example_subdag_operator.py
[2022-08-22 23:45:01,966] {processor.py:641} INFO - Processing file /home/airflow/.local/lib/python3.7/site-packages/airflow/example_dags/example_subdag_operator.py for tasks to queue
[2022-08-22 23:45:01,967] {logging_mixin.py:115} INFO - [2022-08-22 23:45:01,967] {dagbag.py:507} INFO - Filling up the DagBag from /home/airflow/.local/lib/python3.7/site-packages/airflow/example_dags/example_subdag_operator.py
[2022-08-22 23:45:01,999] {processor.py:651} INFO - DAG(s) dict_keys(['example_subdag_operator.section-1', 'example_subdag_operator.section-2', 'example_subdag_operator']) retrieved from /home/airflow/.local/lib/python3.7/site-packages/airflow/example_dags/example_subdag_operator.py
[2022-08-22 23:45:02,359] {logging_mixin.py:115} INFO - [2022-08-22 23:45:02,359] {dag.py:2371} INFO - Sync 3 DAGs
[2022-08-22 23:45:02,378] {logging_mixin.py:115} INFO - [2022-08-22 23:45:02,378] {dag.py:2919} INFO - Setting next_dagrun for example_subdag_operator to 2022-08-20T00:00:00+00:00, run_after=2022-08-20T00:00:00+00:00
[2022-08-22 23:45:02,379] {logging_mixin.py:115} INFO - [2022-08-22 23:45:02,379] {dag.py:2919} INFO - Setting next_dagrun for example_subdag_operator.section-1 to None, run_after=None
[2022-08-22 23:45:02,380] {logging_mixin.py:115} INFO - [2022-08-22 23:45:02,380] {dag.py:2919} INFO - Setting next_dagrun for example_subdag_operator.section-2 to None, run_after=None
[2022-08-22 23:45:02,387] {logging_mixin.py:115} INFO - [2022-08-22 23:45:02,387] {dag.py:2371} INFO - Sync 2 DAGs
[2022-08-22 23:45:02,392] {logging_mixin.py:115} INFO - [2022-08-22 23:45:02,392] {dag.py:2919} INFO - Setting next_dagrun for example_subdag_operator.section-1 to None, run_after=None
[2022-08-22 23:45:02,393] {logging_mixin.py:115} INFO - [2022-08-22 23:45:02,393] {dag.py:2919} INFO - Setting next_dagrun for example_subdag_operator.section-2 to None, run_after=None
[2022-08-22 23:45:02,400] {processor.py:161} INFO - Processing /home/airflow/.local/lib/python3.7/site-packages/airflow/example_dags/example_subdag_operator.py took 0.439 seconds
[2022-08-22 23:45:32,548] {processor.py:153} INFO - Started process (PID=1039) to work on /home/airflow/.local/lib/python3.7/site-packages/airflow/example_dags/example_subdag_operator.py
[2022-08-22 23:45:32,550] {processor.py:641} INFO - Processing file /home/airflow/.local/lib/python3.7/site-packages/airflow/example_dags/example_subdag_operator.py for tasks to queue
[2022-08-22 23:45:32,551] {logging_mixin.py:115} INFO - [2022-08-22 23:45:32,550] {dagbag.py:507} INFO - Filling up the DagBag from /home/airflow/.local/lib/python3.7/site-packages/airflow/example_dags/example_subdag_operator.py
[2022-08-22 23:45:32,575] {processor.py:651} INFO - DAG(s) dict_keys(['example_subdag_operator.section-1', 'example_subdag_operator.section-2', 'example_subdag_operator']) retrieved from /home/airflow/.local/lib/python3.7/site-packages/airflow/example_dags/example_subdag_operator.py
[2022-08-22 23:45:32,949] {logging_mixin.py:115} INFO - [2022-08-22 23:45:32,949] {dag.py:2371} INFO - Sync 3 DAGs
[2022-08-22 23:45:32,967] {logging_mixin.py:115} INFO - [2022-08-22 23:45:32,967] {dag.py:2919} INFO - Setting next_dagrun for example_subdag_operator to 2022-08-20T00:00:00+00:00, run_after=2022-08-20T00:00:00+00:00
[2022-08-22 23:45:32,968] {logging_mixin.py:115} INFO - [2022-08-22 23:45:32,968] {dag.py:2919} INFO - Setting next_dagrun for example_subdag_operator.section-1 to None, run_after=None
[2022-08-22 23:45:32,968] {logging_mixin.py:115} INFO - [2022-08-22 23:45:32,968] {dag.py:2919} INFO - Setting next_dagrun for example_subdag_operator.section-2 to None, run_after=None
[2022-08-22 23:45:32,974] {logging_mixin.py:115} INFO - [2022-08-22 23:45:32,974] {dag.py:2371} INFO - Sync 2 DAGs
[2022-08-22 23:45:32,979] {logging_mixin.py:115} INFO - [2022-08-22 23:45:32,979] {dag.py:2919} INFO - Setting next_dagrun for example_subdag_operator.section-1 to None, run_after=None
[2022-08-22 23:45:32,981] {logging_mixin.py:115} INFO - [2022-08-22 23:45:32,981] {dag.py:2919} INFO - Setting next_dagrun for example_subdag_operator.section-2 to None, run_after=None
[2022-08-22 23:45:32,987] {processor.py:161} INFO - Processing /home/airflow/.local/lib/python3.7/site-packages/airflow/example_dags/example_subdag_operator.py took 0.443 seconds
[2022-08-22 23:46:03,580] {processor.py:153} INFO - Started process (PID=1116) to work on /home/airflow/.local/lib/python3.7/site-packages/airflow/example_dags/example_subdag_operator.py
[2022-08-22 23:46:03,581] {processor.py:641} INFO - Processing file /home/airflow/.local/lib/python3.7/site-packages/airflow/example_dags/example_subdag_operator.py for tasks to queue
[2022-08-22 23:46:03,583] {logging_mixin.py:115} INFO - [2022-08-22 23:46:03,582] {dagbag.py:507} INFO - Filling up the DagBag from /home/airflow/.local/lib/python3.7/site-packages/airflow/example_dags/example_subdag_operator.py
[2022-08-22 23:46:03,611] {processor.py:651} INFO - DAG(s) dict_keys(['example_subdag_operator.section-1', 'example_subdag_operator.section-2', 'example_subdag_operator']) retrieved from /home/airflow/.local/lib/python3.7/site-packages/airflow/example_dags/example_subdag_operator.py
[2022-08-22 23:46:03,970] {logging_mixin.py:115} INFO - [2022-08-22 23:46:03,969] {dag.py:2371} INFO - Sync 3 DAGs
[2022-08-22 23:46:03,988] {logging_mixin.py:115} INFO - [2022-08-22 23:46:03,988] {dag.py:2919} INFO - Setting next_dagrun for example_subdag_operator to 2022-08-20T00:00:00+00:00, run_after=2022-08-20T00:00:00+00:00
[2022-08-22 23:46:03,989] {logging_mixin.py:115} INFO - [2022-08-22 23:46:03,989] {dag.py:2919} INFO - Setting next_dagrun for example_subdag_operator.section-1 to None, run_after=None
[2022-08-22 23:46:03,990] {logging_mixin.py:115} INFO - [2022-08-22 23:46:03,990] {dag.py:2919} INFO - Setting next_dagrun for example_subdag_operator.section-2 to None, run_after=None
[2022-08-22 23:46:03,996] {logging_mixin.py:115} INFO - [2022-08-22 23:46:03,996] {dag.py:2371} INFO - Sync 2 DAGs
[2022-08-22 23:46:04,001] {logging_mixin.py:115} INFO - [2022-08-22 23:46:04,001] {dag.py:2919} INFO - Setting next_dagrun for example_subdag_operator.section-1 to None, run_after=None
[2022-08-22 23:46:04,001] {logging_mixin.py:115} INFO - [2022-08-22 23:46:04,001] {dag.py:2919} INFO - Setting next_dagrun for example_subdag_operator.section-2 to None, run_after=None
[2022-08-22 23:46:04,008] {processor.py:161} INFO - Processing /home/airflow/.local/lib/python3.7/site-packages/airflow/example_dags/example_subdag_operator.py took 0.432 seconds
[2022-08-22 23:46:34,678] {processor.py:153} INFO - Started process (PID=1193) to work on /home/airflow/.local/lib/python3.7/site-packages/airflow/example_dags/example_subdag_operator.py
[2022-08-22 23:46:34,679] {processor.py:641} INFO - Processing file /home/airflow/.local/lib/python3.7/site-packages/airflow/example_dags/example_subdag_operator.py for tasks to queue
[2022-08-22 23:46:34,680] {logging_mixin.py:115} INFO - [2022-08-22 23:46:34,680] {dagbag.py:507} INFO - Filling up the DagBag from /home/airflow/.local/lib/python3.7/site-packages/airflow/example_dags/example_subdag_operator.py
[2022-08-22 23:46:34,708] {processor.py:651} INFO - DAG(s) dict_keys(['example_subdag_operator.section-1', 'example_subdag_operator.section-2', 'example_subdag_operator']) retrieved from /home/airflow/.local/lib/python3.7/site-packages/airflow/example_dags/example_subdag_operator.py
[2022-08-22 23:46:35,051] {logging_mixin.py:115} INFO - [2022-08-22 23:46:35,051] {dag.py:2371} INFO - Sync 3 DAGs
[2022-08-22 23:46:35,069] {logging_mixin.py:115} INFO - [2022-08-22 23:46:35,069] {dag.py:2919} INFO - Setting next_dagrun for example_subdag_operator to 2022-08-20T00:00:00+00:00, run_after=2022-08-20T00:00:00+00:00
[2022-08-22 23:46:35,071] {logging_mixin.py:115} INFO - [2022-08-22 23:46:35,071] {dag.py:2919} INFO - Setting next_dagrun for example_subdag_operator.section-1 to None, run_after=None
[2022-08-22 23:46:35,072] {logging_mixin.py:115} INFO - [2022-08-22 23:46:35,072] {dag.py:2919} INFO - Setting next_dagrun for example_subdag_operator.section-2 to None, run_after=None
[2022-08-22 23:46:35,079] {logging_mixin.py:115} INFO - [2022-08-22 23:46:35,079] {dag.py:2371} INFO - Sync 2 DAGs
[2022-08-22 23:46:35,083] {logging_mixin.py:115} INFO - [2022-08-22 23:46:35,083] {dag.py:2919} INFO - Setting next_dagrun for example_subdag_operator.section-1 to None, run_after=None
[2022-08-22 23:46:35,084] {logging_mixin.py:115} INFO - [2022-08-22 23:46:35,084] {dag.py:2919} INFO - Setting next_dagrun for example_subdag_operator.section-2 to None, run_after=None
[2022-08-22 23:46:35,092] {processor.py:161} INFO - Processing /home/airflow/.local/lib/python3.7/site-packages/airflow/example_dags/example_subdag_operator.py took 0.418 seconds
[2022-08-22 23:47:05,201] {processor.py:153} INFO - Started process (PID=1261) to work on /home/airflow/.local/lib/python3.7/site-packages/airflow/example_dags/example_subdag_operator.py
[2022-08-22 23:47:05,216] {processor.py:641} INFO - Processing file /home/airflow/.local/lib/python3.7/site-packages/airflow/example_dags/example_subdag_operator.py for tasks to queue
[2022-08-22 23:47:05,217] {logging_mixin.py:115} INFO - [2022-08-22 23:47:05,217] {dagbag.py:507} INFO - Filling up the DagBag from /home/airflow/.local/lib/python3.7/site-packages/airflow/example_dags/example_subdag_operator.py
[2022-08-22 23:47:05,244] {processor.py:651} INFO - DAG(s) dict_keys(['example_subdag_operator.section-1', 'example_subdag_operator.section-2', 'example_subdag_operator']) retrieved from /home/airflow/.local/lib/python3.7/site-packages/airflow/example_dags/example_subdag_operator.py
[2022-08-22 23:47:05,606] {logging_mixin.py:115} INFO - [2022-08-22 23:47:05,605] {dag.py:2371} INFO - Sync 3 DAGs
[2022-08-22 23:47:05,625] {logging_mixin.py:115} INFO - [2022-08-22 23:47:05,625] {dag.py:2919} INFO - Setting next_dagrun for example_subdag_operator to 2022-08-20T00:00:00+00:00, run_after=2022-08-20T00:00:00+00:00
[2022-08-22 23:47:05,626] {logging_mixin.py:115} INFO - [2022-08-22 23:47:05,626] {dag.py:2919} INFO - Setting next_dagrun for example_subdag_operator.section-1 to None, run_after=None
[2022-08-22 23:47:05,627] {logging_mixin.py:115} INFO - [2022-08-22 23:47:05,627] {dag.py:2919} INFO - Setting next_dagrun for example_subdag_operator.section-2 to None, run_after=None
[2022-08-22 23:47:05,633] {logging_mixin.py:115} INFO - [2022-08-22 23:47:05,633] {dag.py:2371} INFO - Sync 2 DAGs
[2022-08-22 23:47:05,639] {logging_mixin.py:115} INFO - [2022-08-22 23:47:05,639] {dag.py:2919} INFO - Setting next_dagrun for example_subdag_operator.section-1 to None, run_after=None
[2022-08-22 23:47:05,640] {logging_mixin.py:115} INFO - [2022-08-22 23:47:05,640] {dag.py:2919} INFO - Setting next_dagrun for example_subdag_operator.section-2 to None, run_after=None
[2022-08-22 23:47:05,648] {processor.py:161} INFO - Processing /home/airflow/.local/lib/python3.7/site-packages/airflow/example_dags/example_subdag_operator.py took 0.450 seconds
[2022-08-22 23:47:35,880] {processor.py:153} INFO - Started process (PID=1338) to work on /home/airflow/.local/lib/python3.7/site-packages/airflow/example_dags/example_subdag_operator.py
[2022-08-22 23:47:35,881] {processor.py:641} INFO - Processing file /home/airflow/.local/lib/python3.7/site-packages/airflow/example_dags/example_subdag_operator.py for tasks to queue
[2022-08-22 23:47:35,882] {logging_mixin.py:115} INFO - [2022-08-22 23:47:35,882] {dagbag.py:507} INFO - Filling up the DagBag from /home/airflow/.local/lib/python3.7/site-packages/airflow/example_dags/example_subdag_operator.py
[2022-08-22 23:47:35,911] {processor.py:651} INFO - DAG(s) dict_keys(['example_subdag_operator.section-1', 'example_subdag_operator.section-2', 'example_subdag_operator']) retrieved from /home/airflow/.local/lib/python3.7/site-packages/airflow/example_dags/example_subdag_operator.py
[2022-08-22 23:47:36,258] {logging_mixin.py:115} INFO - [2022-08-22 23:47:36,257] {dag.py:2371} INFO - Sync 3 DAGs
[2022-08-22 23:47:36,274] {logging_mixin.py:115} INFO - [2022-08-22 23:47:36,274] {dag.py:2919} INFO - Setting next_dagrun for example_subdag_operator to 2022-08-20T00:00:00+00:00, run_after=2022-08-20T00:00:00+00:00
[2022-08-22 23:47:36,275] {logging_mixin.py:115} INFO - [2022-08-22 23:47:36,275] {dag.py:2919} INFO - Setting next_dagrun for example_subdag_operator.section-1 to None, run_after=None
[2022-08-22 23:47:36,276] {logging_mixin.py:115} INFO - [2022-08-22 23:47:36,276] {dag.py:2919} INFO - Setting next_dagrun for example_subdag_operator.section-2 to None, run_after=None
[2022-08-22 23:47:36,281] {logging_mixin.py:115} INFO - [2022-08-22 23:47:36,281] {dag.py:2371} INFO - Sync 2 DAGs
[2022-08-22 23:47:36,286] {logging_mixin.py:115} INFO - [2022-08-22 23:47:36,286] {dag.py:2919} INFO - Setting next_dagrun for example_subdag_operator.section-1 to None, run_after=None
[2022-08-22 23:47:36,287] {logging_mixin.py:115} INFO - [2022-08-22 23:47:36,287] {dag.py:2919} INFO - Setting next_dagrun for example_subdag_operator.section-2 to None, run_after=None
[2022-08-22 23:47:36,293] {processor.py:161} INFO - Processing /home/airflow/.local/lib/python3.7/site-packages/airflow/example_dags/example_subdag_operator.py took 0.417 seconds
[2022-08-22 23:48:06,331] {processor.py:153} INFO - Started process (PID=1415) to work on /home/airflow/.local/lib/python3.7/site-packages/airflow/example_dags/example_subdag_operator.py
[2022-08-22 23:48:06,332] {processor.py:641} INFO - Processing file /home/airflow/.local/lib/python3.7/site-packages/airflow/example_dags/example_subdag_operator.py for tasks to queue
[2022-08-22 23:48:06,333] {logging_mixin.py:115} INFO - [2022-08-22 23:48:06,333] {dagbag.py:507} INFO - Filling up the DagBag from /home/airflow/.local/lib/python3.7/site-packages/airflow/example_dags/example_subdag_operator.py
[2022-08-22 23:48:06,361] {processor.py:651} INFO - DAG(s) dict_keys(['example_subdag_operator.section-1', 'example_subdag_operator.section-2', 'example_subdag_operator']) retrieved from /home/airflow/.local/lib/python3.7/site-packages/airflow/example_dags/example_subdag_operator.py
[2022-08-22 23:48:06,707] {logging_mixin.py:115} INFO - [2022-08-22 23:48:06,707] {dag.py:2371} INFO - Sync 3 DAGs
[2022-08-22 23:48:06,724] {logging_mixin.py:115} INFO - [2022-08-22 23:48:06,724] {dag.py:2919} INFO - Setting next_dagrun for example_subdag_operator to 2022-08-20T00:00:00+00:00, run_after=2022-08-20T00:00:00+00:00
[2022-08-22 23:48:06,725] {logging_mixin.py:115} INFO - [2022-08-22 23:48:06,725] {dag.py:2919} INFO - Setting next_dagrun for example_subdag_operator.section-1 to None, run_after=None
[2022-08-22 23:48:06,726] {logging_mixin.py:115} INFO - [2022-08-22 23:48:06,726] {dag.py:2919} INFO - Setting next_dagrun for example_subdag_operator.section-2 to None, run_after=None
[2022-08-22 23:48:06,733] {logging_mixin.py:115} INFO - [2022-08-22 23:48:06,733] {dag.py:2371} INFO - Sync 2 DAGs
[2022-08-22 23:48:06,738] {logging_mixin.py:115} INFO - [2022-08-22 23:48:06,738] {dag.py:2919} INFO - Setting next_dagrun for example_subdag_operator.section-1 to None, run_after=None
[2022-08-22 23:48:06,739] {logging_mixin.py:115} INFO - [2022-08-22 23:48:06,739] {dag.py:2919} INFO - Setting next_dagrun for example_subdag_operator.section-2 to None, run_after=None
[2022-08-22 23:48:06,745] {processor.py:161} INFO - Processing /home/airflow/.local/lib/python3.7/site-packages/airflow/example_dags/example_subdag_operator.py took 0.418 seconds
[2022-08-22 23:48:37,221] {processor.py:153} INFO - Started process (PID=1492) to work on /home/airflow/.local/lib/python3.7/site-packages/airflow/example_dags/example_subdag_operator.py
[2022-08-22 23:48:37,222] {processor.py:641} INFO - Processing file /home/airflow/.local/lib/python3.7/site-packages/airflow/example_dags/example_subdag_operator.py for tasks to queue
[2022-08-22 23:48:37,224] {logging_mixin.py:115} INFO - [2022-08-22 23:48:37,224] {dagbag.py:507} INFO - Filling up the DagBag from /home/airflow/.local/lib/python3.7/site-packages/airflow/example_dags/example_subdag_operator.py
[2022-08-22 23:48:37,252] {processor.py:651} INFO - DAG(s) dict_keys(['example_subdag_operator.section-1', 'example_subdag_operator.section-2', 'example_subdag_operator']) retrieved from /home/airflow/.local/lib/python3.7/site-packages/airflow/example_dags/example_subdag_operator.py
[2022-08-22 23:48:37,592] {logging_mixin.py:115} INFO - [2022-08-22 23:48:37,592] {dag.py:2371} INFO - Sync 3 DAGs
[2022-08-22 23:48:37,607] {logging_mixin.py:115} INFO - [2022-08-22 23:48:37,607] {dag.py:2919} INFO - Setting next_dagrun for example_subdag_operator to 2022-08-20T00:00:00+00:00, run_after=2022-08-20T00:00:00+00:00
[2022-08-22 23:48:37,608] {logging_mixin.py:115} INFO - [2022-08-22 23:48:37,608] {dag.py:2919} INFO - Setting next_dagrun for example_subdag_operator.section-1 to None, run_after=None
[2022-08-22 23:48:37,609] {logging_mixin.py:115} INFO - [2022-08-22 23:48:37,609] {dag.py:2919} INFO - Setting next_dagrun for example_subdag_operator.section-2 to None, run_after=None
[2022-08-22 23:48:37,614] {logging_mixin.py:115} INFO - [2022-08-22 23:48:37,614] {dag.py:2371} INFO - Sync 2 DAGs
[2022-08-22 23:48:37,620] {logging_mixin.py:115} INFO - [2022-08-22 23:48:37,620] {dag.py:2919} INFO - Setting next_dagrun for example_subdag_operator.section-1 to None, run_after=None
[2022-08-22 23:48:37,620] {logging_mixin.py:115} INFO - [2022-08-22 23:48:37,620] {dag.py:2919} INFO - Setting next_dagrun for example_subdag_operator.section-2 to None, run_after=None
[2022-08-22 23:48:37,626] {processor.py:161} INFO - Processing /home/airflow/.local/lib/python3.7/site-packages/airflow/example_dags/example_subdag_operator.py took 0.409 seconds
[2022-08-22 23:49:08,360] {processor.py:153} INFO - Started process (PID=1560) to work on /home/airflow/.local/lib/python3.7/site-packages/airflow/example_dags/example_subdag_operator.py
[2022-08-22 23:49:08,362] {processor.py:641} INFO - Processing file /home/airflow/.local/lib/python3.7/site-packages/airflow/example_dags/example_subdag_operator.py for tasks to queue
[2022-08-22 23:49:08,363] {logging_mixin.py:115} INFO - [2022-08-22 23:49:08,362] {dagbag.py:507} INFO - Filling up the DagBag from /home/airflow/.local/lib/python3.7/site-packages/airflow/example_dags/example_subdag_operator.py
[2022-08-22 23:49:08,391] {processor.py:651} INFO - DAG(s) dict_keys(['example_subdag_operator.section-1', 'example_subdag_operator.section-2', 'example_subdag_operator']) retrieved from /home/airflow/.local/lib/python3.7/site-packages/airflow/example_dags/example_subdag_operator.py
[2022-08-22 23:49:08,742] {logging_mixin.py:115} INFO - [2022-08-22 23:49:08,741] {dag.py:2371} INFO - Sync 3 DAGs
[2022-08-22 23:49:08,761] {logging_mixin.py:115} INFO - [2022-08-22 23:49:08,761] {dag.py:2919} INFO - Setting next_dagrun for example_subdag_operator to 2022-08-20T00:00:00+00:00, run_after=2022-08-20T00:00:00+00:00
[2022-08-22 23:49:08,762] {logging_mixin.py:115} INFO - [2022-08-22 23:49:08,762] {dag.py:2919} INFO - Setting next_dagrun for example_subdag_operator.section-1 to None, run_after=None
[2022-08-22 23:49:08,763] {logging_mixin.py:115} INFO - [2022-08-22 23:49:08,763] {dag.py:2919} INFO - Setting next_dagrun for example_subdag_operator.section-2 to None, run_after=None
[2022-08-22 23:49:08,770] {logging_mixin.py:115} INFO - [2022-08-22 23:49:08,770] {dag.py:2371} INFO - Sync 2 DAGs
[2022-08-22 23:49:08,775] {logging_mixin.py:115} INFO - [2022-08-22 23:49:08,775] {dag.py:2919} INFO - Setting next_dagrun for example_subdag_operator.section-1 to None, run_after=None
[2022-08-22 23:49:08,776] {logging_mixin.py:115} INFO - [2022-08-22 23:49:08,776] {dag.py:2919} INFO - Setting next_dagrun for example_subdag_operator.section-2 to None, run_after=None
[2022-08-22 23:49:08,784] {processor.py:161} INFO - Processing /home/airflow/.local/lib/python3.7/site-packages/airflow/example_dags/example_subdag_operator.py took 0.449 seconds
[2022-08-22 23:49:38,966] {processor.py:153} INFO - Started process (PID=1637) to work on /home/airflow/.local/lib/python3.7/site-packages/airflow/example_dags/example_subdag_operator.py
[2022-08-22 23:49:38,967] {processor.py:641} INFO - Processing file /home/airflow/.local/lib/python3.7/site-packages/airflow/example_dags/example_subdag_operator.py for tasks to queue
[2022-08-22 23:49:38,969] {logging_mixin.py:115} INFO - [2022-08-22 23:49:38,969] {dagbag.py:507} INFO - Filling up the DagBag from /home/airflow/.local/lib/python3.7/site-packages/airflow/example_dags/example_subdag_operator.py
[2022-08-22 23:49:38,993] {processor.py:651} INFO - DAG(s) dict_keys(['example_subdag_operator.section-1', 'example_subdag_operator.section-2', 'example_subdag_operator']) retrieved from /home/airflow/.local/lib/python3.7/site-packages/airflow/example_dags/example_subdag_operator.py
[2022-08-22 23:49:39,341] {logging_mixin.py:115} INFO - [2022-08-22 23:49:39,341] {dag.py:2371} INFO - Sync 3 DAGs
[2022-08-22 23:49:39,360] {logging_mixin.py:115} INFO - [2022-08-22 23:49:39,360] {dag.py:2919} INFO - Setting next_dagrun for example_subdag_operator to 2022-08-20T00:00:00+00:00, run_after=2022-08-20T00:00:00+00:00
[2022-08-22 23:49:39,361] {logging_mixin.py:115} INFO - [2022-08-22 23:49:39,360] {dag.py:2919} INFO - Setting next_dagrun for example_subdag_operator.section-1 to None, run_after=None
[2022-08-22 23:49:39,361] {logging_mixin.py:115} INFO - [2022-08-22 23:49:39,361] {dag.py:2919} INFO - Setting next_dagrun for example_subdag_operator.section-2 to None, run_after=None
[2022-08-22 23:49:39,367] {logging_mixin.py:115} INFO - [2022-08-22 23:49:39,367] {dag.py:2371} INFO - Sync 2 DAGs
[2022-08-22 23:49:39,373] {logging_mixin.py:115} INFO - [2022-08-22 23:49:39,373] {dag.py:2919} INFO - Setting next_dagrun for example_subdag_operator.section-1 to None, run_after=None
[2022-08-22 23:49:39,374] {logging_mixin.py:115} INFO - [2022-08-22 23:49:39,374] {dag.py:2919} INFO - Setting next_dagrun for example_subdag_operator.section-2 to None, run_after=None
[2022-08-22 23:49:39,382] {processor.py:161} INFO - Processing /home/airflow/.local/lib/python3.7/site-packages/airflow/example_dags/example_subdag_operator.py took 0.420 seconds
[2022-08-22 23:50:10,260] {processor.py:153} INFO - Started process (PID=1714) to work on /home/airflow/.local/lib/python3.7/site-packages/airflow/example_dags/example_subdag_operator.py
[2022-08-22 23:50:10,262] {processor.py:641} INFO - Processing file /home/airflow/.local/lib/python3.7/site-packages/airflow/example_dags/example_subdag_operator.py for tasks to queue
[2022-08-22 23:50:10,263] {logging_mixin.py:115} INFO - [2022-08-22 23:50:10,262] {dagbag.py:507} INFO - Filling up the DagBag from /home/airflow/.local/lib/python3.7/site-packages/airflow/example_dags/example_subdag_operator.py
[2022-08-22 23:50:10,290] {processor.py:651} INFO - DAG(s) dict_keys(['example_subdag_operator.section-1', 'example_subdag_operator.section-2', 'example_subdag_operator']) retrieved from /home/airflow/.local/lib/python3.7/site-packages/airflow/example_dags/example_subdag_operator.py
[2022-08-22 23:50:10,642] {logging_mixin.py:115} INFO - [2022-08-22 23:50:10,642] {dag.py:2371} INFO - Sync 3 DAGs
[2022-08-22 23:50:10,661] {logging_mixin.py:115} INFO - [2022-08-22 23:50:10,661] {dag.py:2919} INFO - Setting next_dagrun for example_subdag_operator to 2022-08-20T00:00:00+00:00, run_after=2022-08-20T00:00:00+00:00
[2022-08-22 23:50:10,662] {logging_mixin.py:115} INFO - [2022-08-22 23:50:10,662] {dag.py:2919} INFO - Setting next_dagrun for example_subdag_operator.section-1 to None, run_after=None
[2022-08-22 23:50:10,662] {logging_mixin.py:115} INFO - [2022-08-22 23:50:10,662] {dag.py:2919} INFO - Setting next_dagrun for example_subdag_operator.section-2 to None, run_after=None
[2022-08-22 23:50:10,669] {logging_mixin.py:115} INFO - [2022-08-22 23:50:10,669] {dag.py:2371} INFO - Sync 2 DAGs
[2022-08-22 23:50:10,675] {logging_mixin.py:115} INFO - [2022-08-22 23:50:10,674] {dag.py:2919} INFO - Setting next_dagrun for example_subdag_operator.section-1 to None, run_after=None
[2022-08-22 23:50:10,675] {logging_mixin.py:115} INFO - [2022-08-22 23:50:10,675] {dag.py:2919} INFO - Setting next_dagrun for example_subdag_operator.section-2 to None, run_after=None
[2022-08-22 23:50:10,682] {processor.py:161} INFO - Processing /home/airflow/.local/lib/python3.7/site-packages/airflow/example_dags/example_subdag_operator.py took 0.425 seconds
[2022-08-22 23:50:40,892] {processor.py:153} INFO - Started process (PID=1791) to work on /home/airflow/.local/lib/python3.7/site-packages/airflow/example_dags/example_subdag_operator.py
[2022-08-22 23:50:40,893] {processor.py:641} INFO - Processing file /home/airflow/.local/lib/python3.7/site-packages/airflow/example_dags/example_subdag_operator.py for tasks to queue
[2022-08-22 23:50:40,895] {logging_mixin.py:115} INFO - [2022-08-22 23:50:40,894] {dagbag.py:507} INFO - Filling up the DagBag from /home/airflow/.local/lib/python3.7/site-packages/airflow/example_dags/example_subdag_operator.py
[2022-08-22 23:50:40,922] {processor.py:651} INFO - DAG(s) dict_keys(['example_subdag_operator.section-1', 'example_subdag_operator.section-2', 'example_subdag_operator']) retrieved from /home/airflow/.local/lib/python3.7/site-packages/airflow/example_dags/example_subdag_operator.py
[2022-08-22 23:50:41,281] {logging_mixin.py:115} INFO - [2022-08-22 23:50:41,281] {dag.py:2371} INFO - Sync 3 DAGs
[2022-08-22 23:50:41,297] {logging_mixin.py:115} INFO - [2022-08-22 23:50:41,297] {dag.py:2919} INFO - Setting next_dagrun for example_subdag_operator to 2022-08-20T00:00:00+00:00, run_after=2022-08-20T00:00:00+00:00
[2022-08-22 23:50:41,298] {logging_mixin.py:115} INFO - [2022-08-22 23:50:41,298] {dag.py:2919} INFO - Setting next_dagrun for example_subdag_operator.section-1 to None, run_after=None
[2022-08-22 23:50:41,299] {logging_mixin.py:115} INFO - [2022-08-22 23:50:41,299] {dag.py:2919} INFO - Setting next_dagrun for example_subdag_operator.section-2 to None, run_after=None
[2022-08-22 23:50:41,306] {logging_mixin.py:115} INFO - [2022-08-22 23:50:41,306] {dag.py:2371} INFO - Sync 2 DAGs
[2022-08-22 23:50:41,311] {logging_mixin.py:115} INFO - [2022-08-22 23:50:41,311] {dag.py:2919} INFO - Setting next_dagrun for example_subdag_operator.section-1 to None, run_after=None
[2022-08-22 23:50:41,311] {logging_mixin.py:115} INFO - [2022-08-22 23:50:41,311] {dag.py:2919} INFO - Setting next_dagrun for example_subdag_operator.section-2 to None, run_after=None
[2022-08-22 23:50:41,318] {processor.py:161} INFO - Processing /home/airflow/.local/lib/python3.7/site-packages/airflow/example_dags/example_subdag_operator.py took 0.430 seconds
[2022-08-22 23:51:11,697] {processor.py:153} INFO - Started process (PID=1859) to work on /home/airflow/.local/lib/python3.7/site-packages/airflow/example_dags/example_subdag_operator.py
[2022-08-22 23:51:11,699] {processor.py:641} INFO - Processing file /home/airflow/.local/lib/python3.7/site-packages/airflow/example_dags/example_subdag_operator.py for tasks to queue
[2022-08-22 23:51:11,700] {logging_mixin.py:115} INFO - [2022-08-22 23:51:11,700] {dagbag.py:507} INFO - Filling up the DagBag from /home/airflow/.local/lib/python3.7/site-packages/airflow/example_dags/example_subdag_operator.py
[2022-08-22 23:51:11,736] {processor.py:651} INFO - DAG(s) dict_keys(['example_subdag_operator.section-1', 'example_subdag_operator.section-2', 'example_subdag_operator']) retrieved from /home/airflow/.local/lib/python3.7/site-packages/airflow/example_dags/example_subdag_operator.py
[2022-08-22 23:51:12,124] {logging_mixin.py:115} INFO - [2022-08-22 23:51:12,124] {dag.py:2371} INFO - Sync 3 DAGs
[2022-08-22 23:51:12,144] {logging_mixin.py:115} INFO - [2022-08-22 23:51:12,144] {dag.py:2919} INFO - Setting next_dagrun for example_subdag_operator to 2022-08-20T00:00:00+00:00, run_after=2022-08-20T00:00:00+00:00
[2022-08-22 23:51:12,145] {logging_mixin.py:115} INFO - [2022-08-22 23:51:12,145] {dag.py:2919} INFO - Setting next_dagrun for example_subdag_operator.section-1 to None, run_after=None
[2022-08-22 23:51:12,147] {logging_mixin.py:115} INFO - [2022-08-22 23:51:12,147] {dag.py:2919} INFO - Setting next_dagrun for example_subdag_operator.section-2 to None, run_after=None
[2022-08-22 23:51:12,154] {logging_mixin.py:115} INFO - [2022-08-22 23:51:12,154] {dag.py:2371} INFO - Sync 2 DAGs
[2022-08-22 23:51:12,159] {logging_mixin.py:115} INFO - [2022-08-22 23:51:12,159] {dag.py:2919} INFO - Setting next_dagrun for example_subdag_operator.section-1 to None, run_after=None
[2022-08-22 23:51:12,160] {logging_mixin.py:115} INFO - [2022-08-22 23:51:12,160] {dag.py:2919} INFO - Setting next_dagrun for example_subdag_operator.section-2 to None, run_after=None
[2022-08-22 23:51:12,166] {processor.py:161} INFO - Processing /home/airflow/.local/lib/python3.7/site-packages/airflow/example_dags/example_subdag_operator.py took 0.473 seconds
[2022-08-22 23:51:42,207] {processor.py:153} INFO - Started process (PID=1936) to work on /home/airflow/.local/lib/python3.7/site-packages/airflow/example_dags/example_subdag_operator.py
[2022-08-22 23:51:42,208] {processor.py:641} INFO - Processing file /home/airflow/.local/lib/python3.7/site-packages/airflow/example_dags/example_subdag_operator.py for tasks to queue
[2022-08-22 23:51:42,209] {logging_mixin.py:115} INFO - [2022-08-22 23:51:42,209] {dagbag.py:507} INFO - Filling up the DagBag from /home/airflow/.local/lib/python3.7/site-packages/airflow/example_dags/example_subdag_operator.py
[2022-08-22 23:51:42,238] {processor.py:651} INFO - DAG(s) dict_keys(['example_subdag_operator.section-1', 'example_subdag_operator.section-2', 'example_subdag_operator']) retrieved from /home/airflow/.local/lib/python3.7/site-packages/airflow/example_dags/example_subdag_operator.py
[2022-08-22 23:51:42,573] {logging_mixin.py:115} INFO - [2022-08-22 23:51:42,573] {dag.py:2371} INFO - Sync 3 DAGs
[2022-08-22 23:51:42,589] {logging_mixin.py:115} INFO - [2022-08-22 23:51:42,589] {dag.py:2919} INFO - Setting next_dagrun for example_subdag_operator to 2022-08-20T00:00:00+00:00, run_after=2022-08-20T00:00:00+00:00
[2022-08-22 23:51:42,590] {logging_mixin.py:115} INFO - [2022-08-22 23:51:42,590] {dag.py:2919} INFO - Setting next_dagrun for example_subdag_operator.section-1 to None, run_after=None
[2022-08-22 23:51:42,591] {logging_mixin.py:115} INFO - [2022-08-22 23:51:42,591] {dag.py:2919} INFO - Setting next_dagrun for example_subdag_operator.section-2 to None, run_after=None
[2022-08-22 23:51:42,596] {logging_mixin.py:115} INFO - [2022-08-22 23:51:42,596] {dag.py:2371} INFO - Sync 2 DAGs
[2022-08-22 23:51:42,601] {logging_mixin.py:115} INFO - [2022-08-22 23:51:42,600] {dag.py:2919} INFO - Setting next_dagrun for example_subdag_operator.section-1 to None, run_after=None
[2022-08-22 23:51:42,601] {logging_mixin.py:115} INFO - [2022-08-22 23:51:42,601] {dag.py:2919} INFO - Setting next_dagrun for example_subdag_operator.section-2 to None, run_after=None
[2022-08-22 23:51:42,607] {processor.py:161} INFO - Processing /home/airflow/.local/lib/python3.7/site-packages/airflow/example_dags/example_subdag_operator.py took 0.404 seconds
[2022-08-22 23:52:12,868] {processor.py:153} INFO - Started process (PID=2013) to work on /home/airflow/.local/lib/python3.7/site-packages/airflow/example_dags/example_subdag_operator.py
[2022-08-22 23:52:12,870] {processor.py:641} INFO - Processing file /home/airflow/.local/lib/python3.7/site-packages/airflow/example_dags/example_subdag_operator.py for tasks to queue
[2022-08-22 23:52:12,871] {logging_mixin.py:115} INFO - [2022-08-22 23:52:12,871] {dagbag.py:507} INFO - Filling up the DagBag from /home/airflow/.local/lib/python3.7/site-packages/airflow/example_dags/example_subdag_operator.py
[2022-08-22 23:52:12,900] {processor.py:651} INFO - DAG(s) dict_keys(['example_subdag_operator.section-1', 'example_subdag_operator.section-2', 'example_subdag_operator']) retrieved from /home/airflow/.local/lib/python3.7/site-packages/airflow/example_dags/example_subdag_operator.py
[2022-08-22 23:52:13,240] {logging_mixin.py:115} INFO - [2022-08-22 23:52:13,239] {dag.py:2371} INFO - Sync 3 DAGs
[2022-08-22 23:52:13,255] {logging_mixin.py:115} INFO - [2022-08-22 23:52:13,255] {dag.py:2919} INFO - Setting next_dagrun for example_subdag_operator to 2022-08-20T00:00:00+00:00, run_after=2022-08-20T00:00:00+00:00
[2022-08-22 23:52:13,256] {logging_mixin.py:115} INFO - [2022-08-22 23:52:13,256] {dag.py:2919} INFO - Setting next_dagrun for example_subdag_operator.section-1 to None, run_after=None
[2022-08-22 23:52:13,257] {logging_mixin.py:115} INFO - [2022-08-22 23:52:13,257] {dag.py:2919} INFO - Setting next_dagrun for example_subdag_operator.section-2 to None, run_after=None
[2022-08-22 23:52:13,262] {logging_mixin.py:115} INFO - [2022-08-22 23:52:13,261] {dag.py:2371} INFO - Sync 2 DAGs
[2022-08-22 23:52:13,266] {logging_mixin.py:115} INFO - [2022-08-22 23:52:13,266] {dag.py:2919} INFO - Setting next_dagrun for example_subdag_operator.section-1 to None, run_after=None
[2022-08-22 23:52:13,267] {logging_mixin.py:115} INFO - [2022-08-22 23:52:13,267] {dag.py:2919} INFO - Setting next_dagrun for example_subdag_operator.section-2 to None, run_after=None
[2022-08-22 23:52:13,274] {processor.py:161} INFO - Processing /home/airflow/.local/lib/python3.7/site-packages/airflow/example_dags/example_subdag_operator.py took 0.409 seconds
[2022-08-22 23:52:44,218] {processor.py:153} INFO - Started process (PID=2090) to work on /home/airflow/.local/lib/python3.7/site-packages/airflow/example_dags/example_subdag_operator.py
[2022-08-22 23:52:44,219] {processor.py:641} INFO - Processing file /home/airflow/.local/lib/python3.7/site-packages/airflow/example_dags/example_subdag_operator.py for tasks to queue
[2022-08-22 23:52:44,220] {logging_mixin.py:115} INFO - [2022-08-22 23:52:44,220] {dagbag.py:507} INFO - Filling up the DagBag from /home/airflow/.local/lib/python3.7/site-packages/airflow/example_dags/example_subdag_operator.py
[2022-08-22 23:52:44,247] {processor.py:651} INFO - DAG(s) dict_keys(['example_subdag_operator.section-1', 'example_subdag_operator.section-2', 'example_subdag_operator']) retrieved from /home/airflow/.local/lib/python3.7/site-packages/airflow/example_dags/example_subdag_operator.py
[2022-08-22 23:52:44,590] {logging_mixin.py:115} INFO - [2022-08-22 23:52:44,589] {dag.py:2371} INFO - Sync 3 DAGs
[2022-08-22 23:52:44,605] {logging_mixin.py:115} INFO - [2022-08-22 23:52:44,605] {dag.py:2919} INFO - Setting next_dagrun for example_subdag_operator to 2022-08-20T00:00:00+00:00, run_after=2022-08-20T00:00:00+00:00
[2022-08-22 23:52:44,606] {logging_mixin.py:115} INFO - [2022-08-22 23:52:44,606] {dag.py:2919} INFO - Setting next_dagrun for example_subdag_operator.section-1 to None, run_after=None
[2022-08-22 23:52:44,607] {logging_mixin.py:115} INFO - [2022-08-22 23:52:44,607] {dag.py:2919} INFO - Setting next_dagrun for example_subdag_operator.section-2 to None, run_after=None
[2022-08-22 23:52:44,612] {logging_mixin.py:115} INFO - [2022-08-22 23:52:44,612] {dag.py:2371} INFO - Sync 2 DAGs
[2022-08-22 23:52:44,616] {logging_mixin.py:115} INFO - [2022-08-22 23:52:44,616] {dag.py:2919} INFO - Setting next_dagrun for example_subdag_operator.section-1 to None, run_after=None
[2022-08-22 23:52:44,617] {logging_mixin.py:115} INFO - [2022-08-22 23:52:44,617] {dag.py:2919} INFO - Setting next_dagrun for example_subdag_operator.section-2 to None, run_after=None
[2022-08-22 23:52:44,623] {processor.py:161} INFO - Processing /home/airflow/.local/lib/python3.7/site-packages/airflow/example_dags/example_subdag_operator.py took 0.409 seconds
[2022-08-22 23:53:14,980] {processor.py:153} INFO - Started process (PID=2167) to work on /home/airflow/.local/lib/python3.7/site-packages/airflow/example_dags/example_subdag_operator.py
[2022-08-22 23:53:14,981] {processor.py:641} INFO - Processing file /home/airflow/.local/lib/python3.7/site-packages/airflow/example_dags/example_subdag_operator.py for tasks to queue
[2022-08-22 23:53:14,982] {logging_mixin.py:115} INFO - [2022-08-22 23:53:14,982] {dagbag.py:507} INFO - Filling up the DagBag from /home/airflow/.local/lib/python3.7/site-packages/airflow/example_dags/example_subdag_operator.py
[2022-08-22 23:53:15,008] {processor.py:651} INFO - DAG(s) dict_keys(['example_subdag_operator.section-1', 'example_subdag_operator.section-2', 'example_subdag_operator']) retrieved from /home/airflow/.local/lib/python3.7/site-packages/airflow/example_dags/example_subdag_operator.py
[2022-08-22 23:53:15,338] {logging_mixin.py:115} INFO - [2022-08-22 23:53:15,338] {dag.py:2371} INFO - Sync 3 DAGs
[2022-08-22 23:53:15,356] {logging_mixin.py:115} INFO - [2022-08-22 23:53:15,356] {dag.py:2919} INFO - Setting next_dagrun for example_subdag_operator to 2022-08-20T00:00:00+00:00, run_after=2022-08-20T00:00:00+00:00
[2022-08-22 23:53:15,357] {logging_mixin.py:115} INFO - [2022-08-22 23:53:15,357] {dag.py:2919} INFO - Setting next_dagrun for example_subdag_operator.section-1 to None, run_after=None
[2022-08-22 23:53:15,358] {logging_mixin.py:115} INFO - [2022-08-22 23:53:15,358] {dag.py:2919} INFO - Setting next_dagrun for example_subdag_operator.section-2 to None, run_after=None
[2022-08-22 23:53:15,364] {logging_mixin.py:115} INFO - [2022-08-22 23:53:15,364] {dag.py:2371} INFO - Sync 2 DAGs
[2022-08-22 23:53:15,369] {logging_mixin.py:115} INFO - [2022-08-22 23:53:15,369] {dag.py:2919} INFO - Setting next_dagrun for example_subdag_operator.section-1 to None, run_after=None
[2022-08-22 23:53:15,369] {logging_mixin.py:115} INFO - [2022-08-22 23:53:15,369] {dag.py:2919} INFO - Setting next_dagrun for example_subdag_operator.section-2 to None, run_after=None
[2022-08-22 23:53:15,377] {processor.py:161} INFO - Processing /home/airflow/.local/lib/python3.7/site-packages/airflow/example_dags/example_subdag_operator.py took 0.399 seconds
[2022-08-22 23:53:45,591] {processor.py:153} INFO - Started process (PID=2235) to work on /home/airflow/.local/lib/python3.7/site-packages/airflow/example_dags/example_subdag_operator.py
[2022-08-22 23:53:45,592] {processor.py:641} INFO - Processing file /home/airflow/.local/lib/python3.7/site-packages/airflow/example_dags/example_subdag_operator.py for tasks to queue
[2022-08-22 23:53:45,593] {logging_mixin.py:115} INFO - [2022-08-22 23:53:45,593] {dagbag.py:507} INFO - Filling up the DagBag from /home/airflow/.local/lib/python3.7/site-packages/airflow/example_dags/example_subdag_operator.py
[2022-08-22 23:53:45,620] {processor.py:651} INFO - DAG(s) dict_keys(['example_subdag_operator.section-1', 'example_subdag_operator.section-2', 'example_subdag_operator']) retrieved from /home/airflow/.local/lib/python3.7/site-packages/airflow/example_dags/example_subdag_operator.py
[2022-08-22 23:53:45,954] {logging_mixin.py:115} INFO - [2022-08-22 23:53:45,954] {dag.py:2371} INFO - Sync 3 DAGs
[2022-08-22 23:53:45,977] {logging_mixin.py:115} INFO - [2022-08-22 23:53:45,977] {dag.py:2919} INFO - Setting next_dagrun for example_subdag_operator to 2022-08-20T00:00:00+00:00, run_after=2022-08-20T00:00:00+00:00
[2022-08-22 23:53:45,978] {logging_mixin.py:115} INFO - [2022-08-22 23:53:45,978] {dag.py:2919} INFO - Setting next_dagrun for example_subdag_operator.section-1 to None, run_after=None
[2022-08-22 23:53:45,979] {logging_mixin.py:115} INFO - [2022-08-22 23:53:45,979] {dag.py:2919} INFO - Setting next_dagrun for example_subdag_operator.section-2 to None, run_after=None
[2022-08-22 23:53:45,985] {logging_mixin.py:115} INFO - [2022-08-22 23:53:45,985] {dag.py:2371} INFO - Sync 2 DAGs
[2022-08-22 23:53:45,990] {logging_mixin.py:115} INFO - [2022-08-22 23:53:45,990] {dag.py:2919} INFO - Setting next_dagrun for example_subdag_operator.section-1 to None, run_after=None
[2022-08-22 23:53:45,991] {logging_mixin.py:115} INFO - [2022-08-22 23:53:45,991] {dag.py:2919} INFO - Setting next_dagrun for example_subdag_operator.section-2 to None, run_after=None
[2022-08-22 23:53:45,997] {processor.py:161} INFO - Processing /home/airflow/.local/lib/python3.7/site-packages/airflow/example_dags/example_subdag_operator.py took 0.409 seconds
[2022-08-22 23:54:16,085] {processor.py:153} INFO - Started process (PID=2312) to work on /home/airflow/.local/lib/python3.7/site-packages/airflow/example_dags/example_subdag_operator.py
[2022-08-22 23:54:16,086] {processor.py:641} INFO - Processing file /home/airflow/.local/lib/python3.7/site-packages/airflow/example_dags/example_subdag_operator.py for tasks to queue
[2022-08-22 23:54:16,087] {logging_mixin.py:115} INFO - [2022-08-22 23:54:16,086] {dagbag.py:507} INFO - Filling up the DagBag from /home/airflow/.local/lib/python3.7/site-packages/airflow/example_dags/example_subdag_operator.py
[2022-08-22 23:54:16,111] {processor.py:651} INFO - DAG(s) dict_keys(['example_subdag_operator.section-1', 'example_subdag_operator.section-2', 'example_subdag_operator']) retrieved from /home/airflow/.local/lib/python3.7/site-packages/airflow/example_dags/example_subdag_operator.py
[2022-08-22 23:54:16,443] {logging_mixin.py:115} INFO - [2022-08-22 23:54:16,443] {dag.py:2371} INFO - Sync 3 DAGs
[2022-08-22 23:54:16,459] {logging_mixin.py:115} INFO - [2022-08-22 23:54:16,459] {dag.py:2919} INFO - Setting next_dagrun for example_subdag_operator to 2022-08-20T00:00:00+00:00, run_after=2022-08-20T00:00:00+00:00
[2022-08-22 23:54:16,460] {logging_mixin.py:115} INFO - [2022-08-22 23:54:16,460] {dag.py:2919} INFO - Setting next_dagrun for example_subdag_operator.section-1 to None, run_after=None
[2022-08-22 23:54:16,461] {logging_mixin.py:115} INFO - [2022-08-22 23:54:16,461] {dag.py:2919} INFO - Setting next_dagrun for example_subdag_operator.section-2 to None, run_after=None
[2022-08-22 23:54:16,467] {logging_mixin.py:115} INFO - [2022-08-22 23:54:16,467] {dag.py:2371} INFO - Sync 2 DAGs
[2022-08-22 23:54:16,472] {logging_mixin.py:115} INFO - [2022-08-22 23:54:16,472] {dag.py:2919} INFO - Setting next_dagrun for example_subdag_operator.section-1 to None, run_after=None
[2022-08-22 23:54:16,472] {logging_mixin.py:115} INFO - [2022-08-22 23:54:16,472] {dag.py:2919} INFO - Setting next_dagrun for example_subdag_operator.section-2 to None, run_after=None
[2022-08-22 23:54:16,478] {processor.py:161} INFO - Processing /home/airflow/.local/lib/python3.7/site-packages/airflow/example_dags/example_subdag_operator.py took 0.396 seconds
[2022-08-22 23:54:46,703] {processor.py:153} INFO - Started process (PID=2389) to work on /home/airflow/.local/lib/python3.7/site-packages/airflow/example_dags/example_subdag_operator.py
[2022-08-22 23:54:46,703] {processor.py:641} INFO - Processing file /home/airflow/.local/lib/python3.7/site-packages/airflow/example_dags/example_subdag_operator.py for tasks to queue
[2022-08-22 23:54:46,704] {logging_mixin.py:115} INFO - [2022-08-22 23:54:46,704] {dagbag.py:507} INFO - Filling up the DagBag from /home/airflow/.local/lib/python3.7/site-packages/airflow/example_dags/example_subdag_operator.py
[2022-08-22 23:54:46,732] {processor.py:651} INFO - DAG(s) dict_keys(['example_subdag_operator.section-1', 'example_subdag_operator.section-2', 'example_subdag_operator']) retrieved from /home/airflow/.local/lib/python3.7/site-packages/airflow/example_dags/example_subdag_operator.py
[2022-08-22 23:54:47,077] {logging_mixin.py:115} INFO - [2022-08-22 23:54:47,076] {dag.py:2371} INFO - Sync 3 DAGs
[2022-08-22 23:54:47,094] {logging_mixin.py:115} INFO - [2022-08-22 23:54:47,094] {dag.py:2919} INFO - Setting next_dagrun for example_subdag_operator to 2022-08-20T00:00:00+00:00, run_after=2022-08-20T00:00:00+00:00
[2022-08-22 23:54:47,095] {logging_mixin.py:115} INFO - [2022-08-22 23:54:47,095] {dag.py:2919} INFO - Setting next_dagrun for example_subdag_operator.section-1 to None, run_after=None
[2022-08-22 23:54:47,096] {logging_mixin.py:115} INFO - [2022-08-22 23:54:47,096] {dag.py:2919} INFO - Setting next_dagrun for example_subdag_operator.section-2 to None, run_after=None
[2022-08-22 23:54:47,103] {logging_mixin.py:115} INFO - [2022-08-22 23:54:47,103] {dag.py:2371} INFO - Sync 2 DAGs
[2022-08-22 23:54:47,107] {logging_mixin.py:115} INFO - [2022-08-22 23:54:47,107] {dag.py:2919} INFO - Setting next_dagrun for example_subdag_operator.section-1 to None, run_after=None
[2022-08-22 23:54:47,109] {logging_mixin.py:115} INFO - [2022-08-22 23:54:47,109] {dag.py:2919} INFO - Setting next_dagrun for example_subdag_operator.section-2 to None, run_after=None
[2022-08-22 23:54:47,115] {processor.py:161} INFO - Processing /home/airflow/.local/lib/python3.7/site-packages/airflow/example_dags/example_subdag_operator.py took 0.417 seconds
[2022-08-22 23:55:17,710] {processor.py:153} INFO - Started process (PID=2466) to work on /home/airflow/.local/lib/python3.7/site-packages/airflow/example_dags/example_subdag_operator.py
[2022-08-22 23:55:17,710] {processor.py:641} INFO - Processing file /home/airflow/.local/lib/python3.7/site-packages/airflow/example_dags/example_subdag_operator.py for tasks to queue
[2022-08-22 23:55:17,711] {logging_mixin.py:115} INFO - [2022-08-22 23:55:17,711] {dagbag.py:507} INFO - Filling up the DagBag from /home/airflow/.local/lib/python3.7/site-packages/airflow/example_dags/example_subdag_operator.py
[2022-08-22 23:55:17,737] {processor.py:651} INFO - DAG(s) dict_keys(['example_subdag_operator.section-1', 'example_subdag_operator.section-2', 'example_subdag_operator']) retrieved from /home/airflow/.local/lib/python3.7/site-packages/airflow/example_dags/example_subdag_operator.py
[2022-08-22 23:55:18,073] {logging_mixin.py:115} INFO - [2022-08-22 23:55:18,072] {dag.py:2371} INFO - Sync 3 DAGs
[2022-08-22 23:55:18,088] {logging_mixin.py:115} INFO - [2022-08-22 23:55:18,088] {dag.py:2919} INFO - Setting next_dagrun for example_subdag_operator to 2022-08-20T00:00:00+00:00, run_after=2022-08-20T00:00:00+00:00
[2022-08-22 23:55:18,089] {logging_mixin.py:115} INFO - [2022-08-22 23:55:18,089] {dag.py:2919} INFO - Setting next_dagrun for example_subdag_operator.section-1 to None, run_after=None
[2022-08-22 23:55:18,090] {logging_mixin.py:115} INFO - [2022-08-22 23:55:18,090] {dag.py:2919} INFO - Setting next_dagrun for example_subdag_operator.section-2 to None, run_after=None
[2022-08-22 23:55:18,096] {logging_mixin.py:115} INFO - [2022-08-22 23:55:18,096] {dag.py:2371} INFO - Sync 2 DAGs
[2022-08-22 23:55:18,100] {logging_mixin.py:115} INFO - [2022-08-22 23:55:18,100] {dag.py:2919} INFO - Setting next_dagrun for example_subdag_operator.section-1 to None, run_after=None
[2022-08-22 23:55:18,102] {logging_mixin.py:115} INFO - [2022-08-22 23:55:18,102] {dag.py:2919} INFO - Setting next_dagrun for example_subdag_operator.section-2 to None, run_after=None
[2022-08-22 23:55:18,107] {processor.py:161} INFO - Processing /home/airflow/.local/lib/python3.7/site-packages/airflow/example_dags/example_subdag_operator.py took 0.401 seconds
[2022-08-22 23:55:48,246] {processor.py:153} INFO - Started process (PID=2534) to work on /home/airflow/.local/lib/python3.7/site-packages/airflow/example_dags/example_subdag_operator.py
[2022-08-22 23:55:48,247] {processor.py:641} INFO - Processing file /home/airflow/.local/lib/python3.7/site-packages/airflow/example_dags/example_subdag_operator.py for tasks to queue
[2022-08-22 23:55:48,248] {logging_mixin.py:115} INFO - [2022-08-22 23:55:48,248] {dagbag.py:507} INFO - Filling up the DagBag from /home/airflow/.local/lib/python3.7/site-packages/airflow/example_dags/example_subdag_operator.py
[2022-08-22 23:55:48,273] {processor.py:651} INFO - DAG(s) dict_keys(['example_subdag_operator.section-1', 'example_subdag_operator.section-2', 'example_subdag_operator']) retrieved from /home/airflow/.local/lib/python3.7/site-packages/airflow/example_dags/example_subdag_operator.py
[2022-08-22 23:55:48,606] {logging_mixin.py:115} INFO - [2022-08-22 23:55:48,606] {dag.py:2371} INFO - Sync 3 DAGs
[2022-08-22 23:55:48,624] {logging_mixin.py:115} INFO - [2022-08-22 23:55:48,624] {dag.py:2919} INFO - Setting next_dagrun for example_subdag_operator to 2022-08-20T00:00:00+00:00, run_after=2022-08-20T00:00:00+00:00
[2022-08-22 23:55:48,626] {logging_mixin.py:115} INFO - [2022-08-22 23:55:48,626] {dag.py:2919} INFO - Setting next_dagrun for example_subdag_operator.section-1 to None, run_after=None
[2022-08-22 23:55:48,627] {logging_mixin.py:115} INFO - [2022-08-22 23:55:48,626] {dag.py:2919} INFO - Setting next_dagrun for example_subdag_operator.section-2 to None, run_after=None
[2022-08-22 23:55:48,635] {logging_mixin.py:115} INFO - [2022-08-22 23:55:48,635] {dag.py:2371} INFO - Sync 2 DAGs
[2022-08-22 23:55:48,639] {logging_mixin.py:115} INFO - [2022-08-22 23:55:48,639] {dag.py:2919} INFO - Setting next_dagrun for example_subdag_operator.section-1 to None, run_after=None
[2022-08-22 23:55:48,641] {logging_mixin.py:115} INFO - [2022-08-22 23:55:48,641] {dag.py:2919} INFO - Setting next_dagrun for example_subdag_operator.section-2 to None, run_after=None
[2022-08-22 23:55:48,649] {processor.py:161} INFO - Processing /home/airflow/.local/lib/python3.7/site-packages/airflow/example_dags/example_subdag_operator.py took 0.407 seconds
[2022-08-22 23:56:18,821] {processor.py:153} INFO - Started process (PID=2611) to work on /home/airflow/.local/lib/python3.7/site-packages/airflow/example_dags/example_subdag_operator.py
[2022-08-22 23:56:18,822] {processor.py:641} INFO - Processing file /home/airflow/.local/lib/python3.7/site-packages/airflow/example_dags/example_subdag_operator.py for tasks to queue
[2022-08-22 23:56:18,823] {logging_mixin.py:115} INFO - [2022-08-22 23:56:18,823] {dagbag.py:507} INFO - Filling up the DagBag from /home/airflow/.local/lib/python3.7/site-packages/airflow/example_dags/example_subdag_operator.py
[2022-08-22 23:56:18,851] {processor.py:651} INFO - DAG(s) dict_keys(['example_subdag_operator.section-1', 'example_subdag_operator.section-2', 'example_subdag_operator']) retrieved from /home/airflow/.local/lib/python3.7/site-packages/airflow/example_dags/example_subdag_operator.py
[2022-08-22 23:56:19,183] {logging_mixin.py:115} INFO - [2022-08-22 23:56:19,183] {dag.py:2371} INFO - Sync 3 DAGs
[2022-08-22 23:56:19,198] {logging_mixin.py:115} INFO - [2022-08-22 23:56:19,198] {dag.py:2919} INFO - Setting next_dagrun for example_subdag_operator to 2022-08-20T00:00:00+00:00, run_after=2022-08-20T00:00:00+00:00
[2022-08-22 23:56:19,199] {logging_mixin.py:115} INFO - [2022-08-22 23:56:19,199] {dag.py:2919} INFO - Setting next_dagrun for example_subdag_operator.section-1 to None, run_after=None
[2022-08-22 23:56:19,201] {logging_mixin.py:115} INFO - [2022-08-22 23:56:19,201] {dag.py:2919} INFO - Setting next_dagrun for example_subdag_operator.section-2 to None, run_after=None
[2022-08-22 23:56:19,208] {logging_mixin.py:115} INFO - [2022-08-22 23:56:19,208] {dag.py:2371} INFO - Sync 2 DAGs
[2022-08-22 23:56:19,213] {logging_mixin.py:115} INFO - [2022-08-22 23:56:19,213] {dag.py:2919} INFO - Setting next_dagrun for example_subdag_operator.section-1 to None, run_after=None
[2022-08-22 23:56:19,214] {logging_mixin.py:115} INFO - [2022-08-22 23:56:19,214] {dag.py:2919} INFO - Setting next_dagrun for example_subdag_operator.section-2 to None, run_after=None
[2022-08-22 23:56:19,220] {processor.py:161} INFO - Processing /home/airflow/.local/lib/python3.7/site-packages/airflow/example_dags/example_subdag_operator.py took 0.403 seconds
[2022-08-22 23:56:49,255] {processor.py:153} INFO - Started process (PID=2688) to work on /home/airflow/.local/lib/python3.7/site-packages/airflow/example_dags/example_subdag_operator.py
[2022-08-22 23:56:49,256] {processor.py:641} INFO - Processing file /home/airflow/.local/lib/python3.7/site-packages/airflow/example_dags/example_subdag_operator.py for tasks to queue
[2022-08-22 23:56:49,257] {logging_mixin.py:115} INFO - [2022-08-22 23:56:49,257] {dagbag.py:507} INFO - Filling up the DagBag from /home/airflow/.local/lib/python3.7/site-packages/airflow/example_dags/example_subdag_operator.py
[2022-08-22 23:56:49,285] {processor.py:651} INFO - DAG(s) dict_keys(['example_subdag_operator.section-1', 'example_subdag_operator.section-2', 'example_subdag_operator']) retrieved from /home/airflow/.local/lib/python3.7/site-packages/airflow/example_dags/example_subdag_operator.py
[2022-08-22 23:56:49,620] {logging_mixin.py:115} INFO - [2022-08-22 23:56:49,619] {dag.py:2371} INFO - Sync 3 DAGs
[2022-08-22 23:56:49,635] {logging_mixin.py:115} INFO - [2022-08-22 23:56:49,635] {dag.py:2919} INFO - Setting next_dagrun for example_subdag_operator to 2022-08-20T00:00:00+00:00, run_after=2022-08-20T00:00:00+00:00
[2022-08-22 23:56:49,637] {logging_mixin.py:115} INFO - [2022-08-22 23:56:49,636] {dag.py:2919} INFO - Setting next_dagrun for example_subdag_operator.section-1 to None, run_after=None
[2022-08-22 23:56:49,637] {logging_mixin.py:115} INFO - [2022-08-22 23:56:49,637] {dag.py:2919} INFO - Setting next_dagrun for example_subdag_operator.section-2 to None, run_after=None
[2022-08-22 23:56:49,644] {logging_mixin.py:115} INFO - [2022-08-22 23:56:49,643] {dag.py:2371} INFO - Sync 2 DAGs
[2022-08-22 23:56:49,648] {logging_mixin.py:115} INFO - [2022-08-22 23:56:49,648] {dag.py:2919} INFO - Setting next_dagrun for example_subdag_operator.section-1 to None, run_after=None
[2022-08-22 23:56:49,649] {logging_mixin.py:115} INFO - [2022-08-22 23:56:49,649] {dag.py:2919} INFO - Setting next_dagrun for example_subdag_operator.section-2 to None, run_after=None
[2022-08-22 23:56:49,655] {processor.py:161} INFO - Processing /home/airflow/.local/lib/python3.7/site-packages/airflow/example_dags/example_subdag_operator.py took 0.403 seconds
[2022-08-22 23:57:19,800] {processor.py:153} INFO - Started process (PID=2765) to work on /home/airflow/.local/lib/python3.7/site-packages/airflow/example_dags/example_subdag_operator.py
[2022-08-22 23:57:19,801] {processor.py:641} INFO - Processing file /home/airflow/.local/lib/python3.7/site-packages/airflow/example_dags/example_subdag_operator.py for tasks to queue
[2022-08-22 23:57:19,802] {logging_mixin.py:115} INFO - [2022-08-22 23:57:19,802] {dagbag.py:507} INFO - Filling up the DagBag from /home/airflow/.local/lib/python3.7/site-packages/airflow/example_dags/example_subdag_operator.py
[2022-08-22 23:57:19,826] {processor.py:651} INFO - DAG(s) dict_keys(['example_subdag_operator.section-1', 'example_subdag_operator.section-2', 'example_subdag_operator']) retrieved from /home/airflow/.local/lib/python3.7/site-packages/airflow/example_dags/example_subdag_operator.py
[2022-08-22 23:57:20,158] {logging_mixin.py:115} INFO - [2022-08-22 23:57:20,157] {dag.py:2371} INFO - Sync 3 DAGs
[2022-08-22 23:57:20,174] {logging_mixin.py:115} INFO - [2022-08-22 23:57:20,174] {dag.py:2919} INFO - Setting next_dagrun for example_subdag_operator to 2022-08-20T00:00:00+00:00, run_after=2022-08-20T00:00:00+00:00
[2022-08-22 23:57:20,176] {logging_mixin.py:115} INFO - [2022-08-22 23:57:20,176] {dag.py:2919} INFO - Setting next_dagrun for example_subdag_operator.section-1 to None, run_after=None
[2022-08-22 23:57:20,176] {logging_mixin.py:115} INFO - [2022-08-22 23:57:20,176] {dag.py:2919} INFO - Setting next_dagrun for example_subdag_operator.section-2 to None, run_after=None
[2022-08-22 23:57:20,183] {logging_mixin.py:115} INFO - [2022-08-22 23:57:20,183] {dag.py:2371} INFO - Sync 2 DAGs
[2022-08-22 23:57:20,187] {logging_mixin.py:115} INFO - [2022-08-22 23:57:20,187] {dag.py:2919} INFO - Setting next_dagrun for example_subdag_operator.section-1 to None, run_after=None
[2022-08-22 23:57:20,188] {logging_mixin.py:115} INFO - [2022-08-22 23:57:20,188] {dag.py:2919} INFO - Setting next_dagrun for example_subdag_operator.section-2 to None, run_after=None
[2022-08-22 23:57:20,194] {processor.py:161} INFO - Processing /home/airflow/.local/lib/python3.7/site-packages/airflow/example_dags/example_subdag_operator.py took 0.398 seconds
[2022-08-22 23:57:50,624] {processor.py:153} INFO - Started process (PID=2833) to work on /home/airflow/.local/lib/python3.7/site-packages/airflow/example_dags/example_subdag_operator.py
[2022-08-22 23:57:50,625] {processor.py:641} INFO - Processing file /home/airflow/.local/lib/python3.7/site-packages/airflow/example_dags/example_subdag_operator.py for tasks to queue
[2022-08-22 23:57:50,626] {logging_mixin.py:115} INFO - [2022-08-22 23:57:50,626] {dagbag.py:507} INFO - Filling up the DagBag from /home/airflow/.local/lib/python3.7/site-packages/airflow/example_dags/example_subdag_operator.py
[2022-08-22 23:57:50,649] {processor.py:651} INFO - DAG(s) dict_keys(['example_subdag_operator.section-1', 'example_subdag_operator.section-2', 'example_subdag_operator']) retrieved from /home/airflow/.local/lib/python3.7/site-packages/airflow/example_dags/example_subdag_operator.py
[2022-08-22 23:57:50,967] {logging_mixin.py:115} INFO - [2022-08-22 23:57:50,966] {dag.py:2371} INFO - Sync 3 DAGs
[2022-08-22 23:57:50,983] {logging_mixin.py:115} INFO - [2022-08-22 23:57:50,982] {dag.py:2919} INFO - Setting next_dagrun for example_subdag_operator to 2022-08-20T00:00:00+00:00, run_after=2022-08-20T00:00:00+00:00
[2022-08-22 23:57:50,984] {logging_mixin.py:115} INFO - [2022-08-22 23:57:50,984] {dag.py:2919} INFO - Setting next_dagrun for example_subdag_operator.section-1 to None, run_after=None
[2022-08-22 23:57:50,985] {logging_mixin.py:115} INFO - [2022-08-22 23:57:50,985] {dag.py:2919} INFO - Setting next_dagrun for example_subdag_operator.section-2 to None, run_after=None
[2022-08-22 23:57:50,993] {logging_mixin.py:115} INFO - [2022-08-22 23:57:50,993] {dag.py:2371} INFO - Sync 2 DAGs
[2022-08-22 23:57:51,001] {logging_mixin.py:115} INFO - [2022-08-22 23:57:51,001] {dag.py:2919} INFO - Setting next_dagrun for example_subdag_operator.section-1 to None, run_after=None
[2022-08-22 23:57:51,002] {logging_mixin.py:115} INFO - [2022-08-22 23:57:51,002] {dag.py:2919} INFO - Setting next_dagrun for example_subdag_operator.section-2 to None, run_after=None
[2022-08-22 23:57:51,008] {processor.py:161} INFO - Processing /home/airflow/.local/lib/python3.7/site-packages/airflow/example_dags/example_subdag_operator.py took 0.388 seconds
[2022-08-22 23:58:21,415] {processor.py:153} INFO - Started process (PID=2910) to work on /home/airflow/.local/lib/python3.7/site-packages/airflow/example_dags/example_subdag_operator.py
[2022-08-22 23:58:21,416] {processor.py:641} INFO - Processing file /home/airflow/.local/lib/python3.7/site-packages/airflow/example_dags/example_subdag_operator.py for tasks to queue
[2022-08-22 23:58:21,417] {logging_mixin.py:115} INFO - [2022-08-22 23:58:21,417] {dagbag.py:507} INFO - Filling up the DagBag from /home/airflow/.local/lib/python3.7/site-packages/airflow/example_dags/example_subdag_operator.py
[2022-08-22 23:58:21,447] {processor.py:651} INFO - DAG(s) dict_keys(['example_subdag_operator.section-1', 'example_subdag_operator.section-2', 'example_subdag_operator']) retrieved from /home/airflow/.local/lib/python3.7/site-packages/airflow/example_dags/example_subdag_operator.py
[2022-08-22 23:58:21,786] {logging_mixin.py:115} INFO - [2022-08-22 23:58:21,786] {dag.py:2371} INFO - Sync 3 DAGs
[2022-08-22 23:58:21,803] {logging_mixin.py:115} INFO - [2022-08-22 23:58:21,803] {dag.py:2919} INFO - Setting next_dagrun for example_subdag_operator to 2022-08-20T00:00:00+00:00, run_after=2022-08-20T00:00:00+00:00
[2022-08-22 23:58:21,804] {logging_mixin.py:115} INFO - [2022-08-22 23:58:21,804] {dag.py:2919} INFO - Setting next_dagrun for example_subdag_operator.section-1 to None, run_after=None
[2022-08-22 23:58:21,805] {logging_mixin.py:115} INFO - [2022-08-22 23:58:21,805] {dag.py:2919} INFO - Setting next_dagrun for example_subdag_operator.section-2 to None, run_after=None
[2022-08-22 23:58:21,811] {logging_mixin.py:115} INFO - [2022-08-22 23:58:21,811] {dag.py:2371} INFO - Sync 2 DAGs
[2022-08-22 23:58:21,815] {logging_mixin.py:115} INFO - [2022-08-22 23:58:21,815] {dag.py:2919} INFO - Setting next_dagrun for example_subdag_operator.section-1 to None, run_after=None
[2022-08-22 23:58:21,816] {logging_mixin.py:115} INFO - [2022-08-22 23:58:21,816] {dag.py:2919} INFO - Setting next_dagrun for example_subdag_operator.section-2 to None, run_after=None
[2022-08-22 23:58:21,822] {processor.py:161} INFO - Processing /home/airflow/.local/lib/python3.7/site-packages/airflow/example_dags/example_subdag_operator.py took 0.410 seconds
[2022-08-22 23:58:52,497] {processor.py:153} INFO - Started process (PID=2987) to work on /home/airflow/.local/lib/python3.7/site-packages/airflow/example_dags/example_subdag_operator.py
[2022-08-22 23:58:52,498] {processor.py:641} INFO - Processing file /home/airflow/.local/lib/python3.7/site-packages/airflow/example_dags/example_subdag_operator.py for tasks to queue
[2022-08-22 23:58:52,499] {logging_mixin.py:115} INFO - [2022-08-22 23:58:52,499] {dagbag.py:507} INFO - Filling up the DagBag from /home/airflow/.local/lib/python3.7/site-packages/airflow/example_dags/example_subdag_operator.py
[2022-08-22 23:58:52,529] {processor.py:651} INFO - DAG(s) dict_keys(['example_subdag_operator.section-1', 'example_subdag_operator.section-2', 'example_subdag_operator']) retrieved from /home/airflow/.local/lib/python3.7/site-packages/airflow/example_dags/example_subdag_operator.py
[2022-08-22 23:58:52,865] {logging_mixin.py:115} INFO - [2022-08-22 23:58:52,865] {dag.py:2371} INFO - Sync 3 DAGs
[2022-08-22 23:58:52,881] {logging_mixin.py:115} INFO - [2022-08-22 23:58:52,881] {dag.py:2919} INFO - Setting next_dagrun for example_subdag_operator to 2022-08-20T00:00:00+00:00, run_after=2022-08-20T00:00:00+00:00
[2022-08-22 23:58:52,882] {logging_mixin.py:115} INFO - [2022-08-22 23:58:52,882] {dag.py:2919} INFO - Setting next_dagrun for example_subdag_operator.section-1 to None, run_after=None
[2022-08-22 23:58:52,883] {logging_mixin.py:115} INFO - [2022-08-22 23:58:52,883] {dag.py:2919} INFO - Setting next_dagrun for example_subdag_operator.section-2 to None, run_after=None
[2022-08-22 23:58:52,888] {logging_mixin.py:115} INFO - [2022-08-22 23:58:52,888] {dag.py:2371} INFO - Sync 2 DAGs
[2022-08-22 23:58:52,892] {logging_mixin.py:115} INFO - [2022-08-22 23:58:52,892] {dag.py:2919} INFO - Setting next_dagrun for example_subdag_operator.section-1 to None, run_after=None
[2022-08-22 23:58:52,893] {logging_mixin.py:115} INFO - [2022-08-22 23:58:52,893] {dag.py:2919} INFO - Setting next_dagrun for example_subdag_operator.section-2 to None, run_after=None
[2022-08-22 23:58:52,899] {processor.py:161} INFO - Processing /home/airflow/.local/lib/python3.7/site-packages/airflow/example_dags/example_subdag_operator.py took 0.406 seconds
[2022-08-22 23:59:23,031] {processor.py:153} INFO - Started process (PID=3064) to work on /home/airflow/.local/lib/python3.7/site-packages/airflow/example_dags/example_subdag_operator.py
[2022-08-22 23:59:23,033] {processor.py:641} INFO - Processing file /home/airflow/.local/lib/python3.7/site-packages/airflow/example_dags/example_subdag_operator.py for tasks to queue
[2022-08-22 23:59:23,034] {logging_mixin.py:115} INFO - [2022-08-22 23:59:23,034] {dagbag.py:507} INFO - Filling up the DagBag from /home/airflow/.local/lib/python3.7/site-packages/airflow/example_dags/example_subdag_operator.py
[2022-08-22 23:59:23,062] {processor.py:651} INFO - DAG(s) dict_keys(['example_subdag_operator.section-1', 'example_subdag_operator.section-2', 'example_subdag_operator']) retrieved from /home/airflow/.local/lib/python3.7/site-packages/airflow/example_dags/example_subdag_operator.py
[2022-08-22 23:59:23,397] {logging_mixin.py:115} INFO - [2022-08-22 23:59:23,397] {dag.py:2371} INFO - Sync 3 DAGs
[2022-08-22 23:59:23,413] {logging_mixin.py:115} INFO - [2022-08-22 23:59:23,413] {dag.py:2919} INFO - Setting next_dagrun for example_subdag_operator to 2022-08-20T00:00:00+00:00, run_after=2022-08-20T00:00:00+00:00
[2022-08-22 23:59:23,414] {logging_mixin.py:115} INFO - [2022-08-22 23:59:23,414] {dag.py:2919} INFO - Setting next_dagrun for example_subdag_operator.section-1 to None, run_after=None
[2022-08-22 23:59:23,416] {logging_mixin.py:115} INFO - [2022-08-22 23:59:23,416] {dag.py:2919} INFO - Setting next_dagrun for example_subdag_operator.section-2 to None, run_after=None
[2022-08-22 23:59:23,421] {logging_mixin.py:115} INFO - [2022-08-22 23:59:23,421] {dag.py:2371} INFO - Sync 2 DAGs
[2022-08-22 23:59:23,426] {logging_mixin.py:115} INFO - [2022-08-22 23:59:23,426] {dag.py:2919} INFO - Setting next_dagrun for example_subdag_operator.section-1 to None, run_after=None
[2022-08-22 23:59:23,427] {logging_mixin.py:115} INFO - [2022-08-22 23:59:23,427] {dag.py:2919} INFO - Setting next_dagrun for example_subdag_operator.section-2 to None, run_after=None
[2022-08-22 23:59:23,433] {processor.py:161} INFO - Processing /home/airflow/.local/lib/python3.7/site-packages/airflow/example_dags/example_subdag_operator.py took 0.406 seconds
[2022-08-22 23:59:53,605] {processor.py:153} INFO - Started process (PID=3139) to work on /home/airflow/.local/lib/python3.7/site-packages/airflow/example_dags/example_subdag_operator.py
[2022-08-22 23:59:53,607] {processor.py:641} INFO - Processing file /home/airflow/.local/lib/python3.7/site-packages/airflow/example_dags/example_subdag_operator.py for tasks to queue
[2022-08-22 23:59:53,608] {logging_mixin.py:115} INFO - [2022-08-22 23:59:53,608] {dagbag.py:507} INFO - Filling up the DagBag from /home/airflow/.local/lib/python3.7/site-packages/airflow/example_dags/example_subdag_operator.py
[2022-08-22 23:59:53,635] {processor.py:651} INFO - DAG(s) dict_keys(['example_subdag_operator.section-1', 'example_subdag_operator.section-2', 'example_subdag_operator']) retrieved from /home/airflow/.local/lib/python3.7/site-packages/airflow/example_dags/example_subdag_operator.py
[2022-08-22 23:59:53,974] {logging_mixin.py:115} INFO - [2022-08-22 23:59:53,973] {dag.py:2371} INFO - Sync 3 DAGs
[2022-08-22 23:59:53,995] {logging_mixin.py:115} INFO - [2022-08-22 23:59:53,994] {dag.py:2919} INFO - Setting next_dagrun for example_subdag_operator to 2022-08-20T00:00:00+00:00, run_after=2022-08-20T00:00:00+00:00
[2022-08-22 23:59:53,996] {logging_mixin.py:115} INFO - [2022-08-22 23:59:53,996] {dag.py:2919} INFO - Setting next_dagrun for example_subdag_operator.section-1 to None, run_after=None
[2022-08-22 23:59:53,997] {logging_mixin.py:115} INFO - [2022-08-22 23:59:53,997] {dag.py:2919} INFO - Setting next_dagrun for example_subdag_operator.section-2 to None, run_after=None
[2022-08-22 23:59:54,003] {logging_mixin.py:115} INFO - [2022-08-22 23:59:54,003] {dag.py:2371} INFO - Sync 2 DAGs
[2022-08-22 23:59:54,008] {logging_mixin.py:115} INFO - [2022-08-22 23:59:54,008] {dag.py:2919} INFO - Setting next_dagrun for example_subdag_operator.section-1 to None, run_after=None
[2022-08-22 23:59:54,009] {logging_mixin.py:115} INFO - [2022-08-22 23:59:54,009] {dag.py:2919} INFO - Setting next_dagrun for example_subdag_operator.section-2 to None, run_after=None
[2022-08-22 23:59:54,016] {processor.py:161} INFO - Processing /home/airflow/.local/lib/python3.7/site-packages/airflow/example_dags/example_subdag_operator.py took 0.416 seconds
