[2022-08-22 23:38:42,903] {processor.py:153} INFO - Started process (PID=103) to work on /home/airflow/.local/lib/python3.7/site-packages/airflow/example_dags/example_task_group_decorator.py
[2022-08-22 23:38:42,906] {processor.py:641} INFO - Processing file /home/airflow/.local/lib/python3.7/site-packages/airflow/example_dags/example_task_group_decorator.py for tasks to queue
[2022-08-22 23:38:42,908] {logging_mixin.py:115} INFO - [2022-08-22 23:38:42,908] {dagbag.py:507} INFO - Filling up the DagBag from /home/airflow/.local/lib/python3.7/site-packages/airflow/example_dags/example_task_group_decorator.py
[2022-08-22 23:38:43,011] {processor.py:651} INFO - DAG(s) dict_keys(['example_task_group_decorator']) retrieved from /home/airflow/.local/lib/python3.7/site-packages/airflow/example_dags/example_task_group_decorator.py
[2022-08-22 23:38:43,282] {logging_mixin.py:115} INFO - [2022-08-22 23:38:43,282] {dag.py:2371} INFO - Sync 1 DAGs
[2022-08-22 23:38:43,609] {logging_mixin.py:115} INFO - [2022-08-22 23:38:43,609] {dag.py:2919} INFO - Setting next_dagrun for example_task_group_decorator to 2022-08-21T23:38:43.608644+00:00, run_after=2022-08-22T23:38:43.608644+00:00
[2022-08-22 23:38:43,654] {processor.py:161} INFO - Processing /home/airflow/.local/lib/python3.7/site-packages/airflow/example_dags/example_task_group_decorator.py took 0.761 seconds
[2022-08-22 23:39:15,521] {processor.py:153} INFO - Started process (PID=171) to work on /home/airflow/.local/lib/python3.7/site-packages/airflow/example_dags/example_task_group_decorator.py
[2022-08-22 23:39:15,524] {processor.py:641} INFO - Processing file /home/airflow/.local/lib/python3.7/site-packages/airflow/example_dags/example_task_group_decorator.py for tasks to queue
[2022-08-22 23:39:15,528] {logging_mixin.py:115} INFO - [2022-08-22 23:39:15,528] {dagbag.py:507} INFO - Filling up the DagBag from /home/airflow/.local/lib/python3.7/site-packages/airflow/example_dags/example_task_group_decorator.py
[2022-08-22 23:39:15,607] {processor.py:651} INFO - DAG(s) dict_keys(['example_task_group_decorator']) retrieved from /home/airflow/.local/lib/python3.7/site-packages/airflow/example_dags/example_task_group_decorator.py
[2022-08-22 23:39:15,833] {logging_mixin.py:115} INFO - [2022-08-22 23:39:15,832] {dag.py:2371} INFO - Sync 1 DAGs
[2022-08-22 23:39:16,128] {logging_mixin.py:115} INFO - [2022-08-22 23:39:16,128] {dag.py:2919} INFO - Setting next_dagrun for example_task_group_decorator to 2022-08-21T23:39:16.128063+00:00, run_after=2022-08-22T23:39:16.128063+00:00
[2022-08-22 23:39:16,167] {processor.py:161} INFO - Processing /home/airflow/.local/lib/python3.7/site-packages/airflow/example_dags/example_task_group_decorator.py took 0.655 seconds
[2022-08-22 23:39:46,623] {processor.py:153} INFO - Started process (PID=239) to work on /home/airflow/.local/lib/python3.7/site-packages/airflow/example_dags/example_task_group_decorator.py
[2022-08-22 23:39:46,626] {processor.py:641} INFO - Processing file /home/airflow/.local/lib/python3.7/site-packages/airflow/example_dags/example_task_group_decorator.py for tasks to queue
[2022-08-22 23:39:46,629] {logging_mixin.py:115} INFO - [2022-08-22 23:39:46,628] {dagbag.py:507} INFO - Filling up the DagBag from /home/airflow/.local/lib/python3.7/site-packages/airflow/example_dags/example_task_group_decorator.py
[2022-08-22 23:39:46,705] {processor.py:651} INFO - DAG(s) dict_keys(['example_task_group_decorator']) retrieved from /home/airflow/.local/lib/python3.7/site-packages/airflow/example_dags/example_task_group_decorator.py
[2022-08-22 23:39:46,863] {logging_mixin.py:115} INFO - [2022-08-22 23:39:46,863] {dag.py:2371} INFO - Sync 1 DAGs
[2022-08-22 23:39:47,136] {logging_mixin.py:115} INFO - [2022-08-22 23:39:47,135] {dag.py:2919} INFO - Setting next_dagrun for example_task_group_decorator to 2022-08-21T23:39:47.135277+00:00, run_after=2022-08-22T23:39:47.135277+00:00
[2022-08-22 23:39:47,165] {processor.py:161} INFO - Processing /home/airflow/.local/lib/python3.7/site-packages/airflow/example_dags/example_task_group_decorator.py took 0.548 seconds
[2022-08-22 23:40:17,732] {processor.py:153} INFO - Started process (PID=316) to work on /home/airflow/.local/lib/python3.7/site-packages/airflow/example_dags/example_task_group_decorator.py
[2022-08-22 23:40:17,735] {processor.py:641} INFO - Processing file /home/airflow/.local/lib/python3.7/site-packages/airflow/example_dags/example_task_group_decorator.py for tasks to queue
[2022-08-22 23:40:17,737] {logging_mixin.py:115} INFO - [2022-08-22 23:40:17,737] {dagbag.py:507} INFO - Filling up the DagBag from /home/airflow/.local/lib/python3.7/site-packages/airflow/example_dags/example_task_group_decorator.py
[2022-08-22 23:40:17,807] {processor.py:651} INFO - DAG(s) dict_keys(['example_task_group_decorator']) retrieved from /home/airflow/.local/lib/python3.7/site-packages/airflow/example_dags/example_task_group_decorator.py
[2022-08-22 23:40:17,970] {logging_mixin.py:115} INFO - [2022-08-22 23:40:17,969] {dag.py:2371} INFO - Sync 1 DAGs
[2022-08-22 23:40:18,256] {logging_mixin.py:115} INFO - [2022-08-22 23:40:18,256] {dag.py:2919} INFO - Setting next_dagrun for example_task_group_decorator to 2022-08-21T23:40:18.255756+00:00, run_after=2022-08-22T23:40:18.255756+00:00
[2022-08-22 23:40:18,288] {processor.py:161} INFO - Processing /home/airflow/.local/lib/python3.7/site-packages/airflow/example_dags/example_task_group_decorator.py took 0.566 seconds
[2022-08-22 23:40:50,199] {processor.py:153} INFO - Started process (PID=383) to work on /home/airflow/.local/lib/python3.7/site-packages/airflow/example_dags/example_task_group_decorator.py
[2022-08-22 23:40:50,204] {processor.py:641} INFO - Processing file /home/airflow/.local/lib/python3.7/site-packages/airflow/example_dags/example_task_group_decorator.py for tasks to queue
[2022-08-22 23:40:50,223] {logging_mixin.py:115} INFO - [2022-08-22 23:40:50,222] {dagbag.py:507} INFO - Filling up the DagBag from /home/airflow/.local/lib/python3.7/site-packages/airflow/example_dags/example_task_group_decorator.py
[2022-08-22 23:40:50,335] {processor.py:651} INFO - DAG(s) dict_keys(['example_task_group_decorator']) retrieved from /home/airflow/.local/lib/python3.7/site-packages/airflow/example_dags/example_task_group_decorator.py
[2022-08-22 23:40:50,645] {logging_mixin.py:115} INFO - [2022-08-22 23:40:50,644] {dag.py:2371} INFO - Sync 1 DAGs
[2022-08-22 23:40:50,989] {logging_mixin.py:115} INFO - [2022-08-22 23:40:50,989] {dag.py:2919} INFO - Setting next_dagrun for example_task_group_decorator to 2022-08-21T23:40:50.988665+00:00, run_after=2022-08-22T23:40:50.988665+00:00
[2022-08-22 23:40:51,064] {processor.py:161} INFO - Processing /home/airflow/.local/lib/python3.7/site-packages/airflow/example_dags/example_task_group_decorator.py took 0.876 seconds
[2022-08-22 23:41:21,168] {processor.py:153} INFO - Started process (PID=450) to work on /home/airflow/.local/lib/python3.7/site-packages/airflow/example_dags/example_task_group_decorator.py
[2022-08-22 23:41:21,170] {processor.py:641} INFO - Processing file /home/airflow/.local/lib/python3.7/site-packages/airflow/example_dags/example_task_group_decorator.py for tasks to queue
[2022-08-22 23:41:21,172] {logging_mixin.py:115} INFO - [2022-08-22 23:41:21,172] {dagbag.py:507} INFO - Filling up the DagBag from /home/airflow/.local/lib/python3.7/site-packages/airflow/example_dags/example_task_group_decorator.py
[2022-08-22 23:41:21,243] {processor.py:651} INFO - DAG(s) dict_keys(['example_task_group_decorator']) retrieved from /home/airflow/.local/lib/python3.7/site-packages/airflow/example_dags/example_task_group_decorator.py
[2022-08-22 23:41:21,412] {logging_mixin.py:115} INFO - [2022-08-22 23:41:21,412] {dag.py:2371} INFO - Sync 1 DAGs
[2022-08-22 23:41:21,671] {logging_mixin.py:115} INFO - [2022-08-22 23:41:21,670] {dag.py:2919} INFO - Setting next_dagrun for example_task_group_decorator to 2022-08-21T23:41:21.670578+00:00, run_after=2022-08-22T23:41:21.670578+00:00
[2022-08-22 23:41:21,708] {processor.py:161} INFO - Processing /home/airflow/.local/lib/python3.7/site-packages/airflow/example_dags/example_task_group_decorator.py took 0.548 seconds
[2022-08-22 23:41:52,230] {processor.py:153} INFO - Started process (PID=527) to work on /home/airflow/.local/lib/python3.7/site-packages/airflow/example_dags/example_task_group_decorator.py
[2022-08-22 23:41:52,232] {processor.py:641} INFO - Processing file /home/airflow/.local/lib/python3.7/site-packages/airflow/example_dags/example_task_group_decorator.py for tasks to queue
[2022-08-22 23:41:52,235] {logging_mixin.py:115} INFO - [2022-08-22 23:41:52,235] {dagbag.py:507} INFO - Filling up the DagBag from /home/airflow/.local/lib/python3.7/site-packages/airflow/example_dags/example_task_group_decorator.py
[2022-08-22 23:41:52,304] {processor.py:651} INFO - DAG(s) dict_keys(['example_task_group_decorator']) retrieved from /home/airflow/.local/lib/python3.7/site-packages/airflow/example_dags/example_task_group_decorator.py
[2022-08-22 23:41:52,478] {logging_mixin.py:115} INFO - [2022-08-22 23:41:52,477] {dag.py:2371} INFO - Sync 1 DAGs
[2022-08-22 23:41:52,736] {logging_mixin.py:115} INFO - [2022-08-22 23:41:52,736] {dag.py:2919} INFO - Setting next_dagrun for example_task_group_decorator to 2022-08-21T23:41:52.735551+00:00, run_after=2022-08-22T23:41:52.735551+00:00
[2022-08-22 23:41:52,772] {processor.py:161} INFO - Processing /home/airflow/.local/lib/python3.7/site-packages/airflow/example_dags/example_task_group_decorator.py took 0.550 seconds
[2022-08-22 23:42:22,947] {processor.py:153} INFO - Started process (PID=597) to work on /home/airflow/.local/lib/python3.7/site-packages/airflow/example_dags/example_task_group_decorator.py
[2022-08-22 23:42:22,950] {processor.py:641} INFO - Processing file /home/airflow/.local/lib/python3.7/site-packages/airflow/example_dags/example_task_group_decorator.py for tasks to queue
[2022-08-22 23:42:22,954] {logging_mixin.py:115} INFO - [2022-08-22 23:42:22,953] {dagbag.py:507} INFO - Filling up the DagBag from /home/airflow/.local/lib/python3.7/site-packages/airflow/example_dags/example_task_group_decorator.py
[2022-08-22 23:42:23,030] {processor.py:651} INFO - DAG(s) dict_keys(['example_task_group_decorator']) retrieved from /home/airflow/.local/lib/python3.7/site-packages/airflow/example_dags/example_task_group_decorator.py
[2022-08-22 23:42:23,185] {logging_mixin.py:115} INFO - [2022-08-22 23:42:23,185] {dag.py:2371} INFO - Sync 1 DAGs
[2022-08-22 23:42:23,420] {logging_mixin.py:115} INFO - [2022-08-22 23:42:23,420] {dag.py:2919} INFO - Setting next_dagrun for example_task_group_decorator to 2022-08-21T23:42:23.419916+00:00, run_after=2022-08-22T23:42:23.419916+00:00
[2022-08-22 23:42:23,451] {processor.py:161} INFO - Processing /home/airflow/.local/lib/python3.7/site-packages/airflow/example_dags/example_task_group_decorator.py took 0.512 seconds
[2022-08-22 23:42:53,907] {processor.py:153} INFO - Started process (PID=665) to work on /home/airflow/.local/lib/python3.7/site-packages/airflow/example_dags/example_task_group_decorator.py
[2022-08-22 23:42:53,909] {processor.py:641} INFO - Processing file /home/airflow/.local/lib/python3.7/site-packages/airflow/example_dags/example_task_group_decorator.py for tasks to queue
[2022-08-22 23:42:53,912] {logging_mixin.py:115} INFO - [2022-08-22 23:42:53,911] {dagbag.py:507} INFO - Filling up the DagBag from /home/airflow/.local/lib/python3.7/site-packages/airflow/example_dags/example_task_group_decorator.py
[2022-08-22 23:42:54,011] {processor.py:651} INFO - DAG(s) dict_keys(['example_task_group_decorator']) retrieved from /home/airflow/.local/lib/python3.7/site-packages/airflow/example_dags/example_task_group_decorator.py
[2022-08-22 23:42:54,226] {logging_mixin.py:115} INFO - [2022-08-22 23:42:54,225] {dag.py:2371} INFO - Sync 1 DAGs
[2022-08-22 23:42:54,481] {logging_mixin.py:115} INFO - [2022-08-22 23:42:54,480] {dag.py:2919} INFO - Setting next_dagrun for example_task_group_decorator to 2022-08-21T23:42:54.480536+00:00, run_after=2022-08-22T23:42:54.480536+00:00
[2022-08-22 23:42:54,515] {processor.py:161} INFO - Processing /home/airflow/.local/lib/python3.7/site-packages/airflow/example_dags/example_task_group_decorator.py took 0.621 seconds
[2022-08-22 23:43:25,219] {processor.py:153} INFO - Started process (PID=742) to work on /home/airflow/.local/lib/python3.7/site-packages/airflow/example_dags/example_task_group_decorator.py
[2022-08-22 23:43:25,221] {processor.py:641} INFO - Processing file /home/airflow/.local/lib/python3.7/site-packages/airflow/example_dags/example_task_group_decorator.py for tasks to queue
[2022-08-22 23:43:25,223] {logging_mixin.py:115} INFO - [2022-08-22 23:43:25,223] {dagbag.py:507} INFO - Filling up the DagBag from /home/airflow/.local/lib/python3.7/site-packages/airflow/example_dags/example_task_group_decorator.py
[2022-08-22 23:43:25,287] {processor.py:651} INFO - DAG(s) dict_keys(['example_task_group_decorator']) retrieved from /home/airflow/.local/lib/python3.7/site-packages/airflow/example_dags/example_task_group_decorator.py
[2022-08-22 23:43:25,454] {logging_mixin.py:115} INFO - [2022-08-22 23:43:25,454] {dag.py:2371} INFO - Sync 1 DAGs
[2022-08-22 23:43:25,688] {logging_mixin.py:115} INFO - [2022-08-22 23:43:25,688] {dag.py:2919} INFO - Setting next_dagrun for example_task_group_decorator to 2022-08-21T23:43:25.687749+00:00, run_after=2022-08-22T23:43:25.687749+00:00
[2022-08-22 23:43:25,717] {processor.py:161} INFO - Processing /home/airflow/.local/lib/python3.7/site-packages/airflow/example_dags/example_task_group_decorator.py took 0.506 seconds
[2022-08-22 23:43:56,306] {processor.py:153} INFO - Started process (PID=810) to work on /home/airflow/.local/lib/python3.7/site-packages/airflow/example_dags/example_task_group_decorator.py
[2022-08-22 23:43:56,308] {processor.py:641} INFO - Processing file /home/airflow/.local/lib/python3.7/site-packages/airflow/example_dags/example_task_group_decorator.py for tasks to queue
[2022-08-22 23:43:56,310] {logging_mixin.py:115} INFO - [2022-08-22 23:43:56,310] {dagbag.py:507} INFO - Filling up the DagBag from /home/airflow/.local/lib/python3.7/site-packages/airflow/example_dags/example_task_group_decorator.py
[2022-08-22 23:43:56,382] {processor.py:651} INFO - DAG(s) dict_keys(['example_task_group_decorator']) retrieved from /home/airflow/.local/lib/python3.7/site-packages/airflow/example_dags/example_task_group_decorator.py
[2022-08-22 23:43:56,545] {logging_mixin.py:115} INFO - [2022-08-22 23:43:56,544] {dag.py:2371} INFO - Sync 1 DAGs
[2022-08-22 23:43:56,770] {logging_mixin.py:115} INFO - [2022-08-22 23:43:56,770] {dag.py:2919} INFO - Setting next_dagrun for example_task_group_decorator to 2022-08-21T23:43:56.769777+00:00, run_after=2022-08-22T23:43:56.769777+00:00
[2022-08-22 23:43:56,800] {processor.py:161} INFO - Processing /home/airflow/.local/lib/python3.7/site-packages/airflow/example_dags/example_task_group_decorator.py took 0.503 seconds
[2022-08-22 23:44:27,223] {processor.py:153} INFO - Started process (PID=884) to work on /home/airflow/.local/lib/python3.7/site-packages/airflow/example_dags/example_task_group_decorator.py
[2022-08-22 23:44:27,225] {processor.py:641} INFO - Processing file /home/airflow/.local/lib/python3.7/site-packages/airflow/example_dags/example_task_group_decorator.py for tasks to queue
[2022-08-22 23:44:27,227] {logging_mixin.py:115} INFO - [2022-08-22 23:44:27,227] {dagbag.py:507} INFO - Filling up the DagBag from /home/airflow/.local/lib/python3.7/site-packages/airflow/example_dags/example_task_group_decorator.py
[2022-08-22 23:44:27,281] {processor.py:651} INFO - DAG(s) dict_keys(['example_task_group_decorator']) retrieved from /home/airflow/.local/lib/python3.7/site-packages/airflow/example_dags/example_task_group_decorator.py
[2022-08-22 23:44:27,425] {logging_mixin.py:115} INFO - [2022-08-22 23:44:27,424] {dag.py:2371} INFO - Sync 1 DAGs
[2022-08-22 23:44:27,645] {logging_mixin.py:115} INFO - [2022-08-22 23:44:27,644] {dag.py:2919} INFO - Setting next_dagrun for example_task_group_decorator to 2022-08-21T23:44:27.644324+00:00, run_after=2022-08-22T23:44:27.644324+00:00
[2022-08-22 23:44:27,674] {processor.py:161} INFO - Processing /home/airflow/.local/lib/python3.7/site-packages/airflow/example_dags/example_task_group_decorator.py took 0.458 seconds
[2022-08-22 23:44:58,449] {processor.py:153} INFO - Started process (PID=954) to work on /home/airflow/.local/lib/python3.7/site-packages/airflow/example_dags/example_task_group_decorator.py
[2022-08-22 23:44:58,450] {processor.py:641} INFO - Processing file /home/airflow/.local/lib/python3.7/site-packages/airflow/example_dags/example_task_group_decorator.py for tasks to queue
[2022-08-22 23:44:58,451] {logging_mixin.py:115} INFO - [2022-08-22 23:44:58,451] {dagbag.py:507} INFO - Filling up the DagBag from /home/airflow/.local/lib/python3.7/site-packages/airflow/example_dags/example_task_group_decorator.py
[2022-08-22 23:44:58,478] {processor.py:651} INFO - DAG(s) dict_keys(['example_task_group_decorator']) retrieved from /home/airflow/.local/lib/python3.7/site-packages/airflow/example_dags/example_task_group_decorator.py
[2022-08-22 23:44:58,553] {logging_mixin.py:115} INFO - [2022-08-22 23:44:58,553] {dag.py:2371} INFO - Sync 1 DAGs
[2022-08-22 23:44:58,683] {logging_mixin.py:115} INFO - [2022-08-22 23:44:58,683] {dag.py:2919} INFO - Setting next_dagrun for example_task_group_decorator to 2022-08-21T23:44:58.682966+00:00, run_after=2022-08-22T23:44:58.682966+00:00
[2022-08-22 23:44:58,699] {processor.py:161} INFO - Processing /home/airflow/.local/lib/python3.7/site-packages/airflow/example_dags/example_task_group_decorator.py took 0.255 seconds
[2022-08-22 23:45:29,030] {processor.py:153} INFO - Started process (PID=1031) to work on /home/airflow/.local/lib/python3.7/site-packages/airflow/example_dags/example_task_group_decorator.py
[2022-08-22 23:45:29,031] {processor.py:641} INFO - Processing file /home/airflow/.local/lib/python3.7/site-packages/airflow/example_dags/example_task_group_decorator.py for tasks to queue
[2022-08-22 23:45:29,032] {logging_mixin.py:115} INFO - [2022-08-22 23:45:29,032] {dagbag.py:507} INFO - Filling up the DagBag from /home/airflow/.local/lib/python3.7/site-packages/airflow/example_dags/example_task_group_decorator.py
[2022-08-22 23:45:29,060] {processor.py:651} INFO - DAG(s) dict_keys(['example_task_group_decorator']) retrieved from /home/airflow/.local/lib/python3.7/site-packages/airflow/example_dags/example_task_group_decorator.py
[2022-08-22 23:45:29,136] {logging_mixin.py:115} INFO - [2022-08-22 23:45:29,135] {dag.py:2371} INFO - Sync 1 DAGs
[2022-08-22 23:45:29,301] {logging_mixin.py:115} INFO - [2022-08-22 23:45:29,301] {dag.py:2919} INFO - Setting next_dagrun for example_task_group_decorator to 2022-08-21T23:45:29.298885+00:00, run_after=2022-08-22T23:45:29.298885+00:00
[2022-08-22 23:45:29,327] {processor.py:161} INFO - Processing /home/airflow/.local/lib/python3.7/site-packages/airflow/example_dags/example_task_group_decorator.py took 0.302 seconds
[2022-08-22 23:45:59,888] {processor.py:153} INFO - Started process (PID=1108) to work on /home/airflow/.local/lib/python3.7/site-packages/airflow/example_dags/example_task_group_decorator.py
[2022-08-22 23:45:59,890] {processor.py:641} INFO - Processing file /home/airflow/.local/lib/python3.7/site-packages/airflow/example_dags/example_task_group_decorator.py for tasks to queue
[2022-08-22 23:45:59,891] {logging_mixin.py:115} INFO - [2022-08-22 23:45:59,891] {dagbag.py:507} INFO - Filling up the DagBag from /home/airflow/.local/lib/python3.7/site-packages/airflow/example_dags/example_task_group_decorator.py
[2022-08-22 23:45:59,921] {processor.py:651} INFO - DAG(s) dict_keys(['example_task_group_decorator']) retrieved from /home/airflow/.local/lib/python3.7/site-packages/airflow/example_dags/example_task_group_decorator.py
[2022-08-22 23:46:00,024] {logging_mixin.py:115} INFO - [2022-08-22 23:46:00,024] {dag.py:2371} INFO - Sync 1 DAGs
[2022-08-22 23:46:00,168] {logging_mixin.py:115} INFO - [2022-08-22 23:46:00,167] {dag.py:2919} INFO - Setting next_dagrun for example_task_group_decorator to 2022-08-21T23:46:00.167824+00:00, run_after=2022-08-22T23:46:00.167824+00:00
[2022-08-22 23:46:00,182] {processor.py:161} INFO - Processing /home/airflow/.local/lib/python3.7/site-packages/airflow/example_dags/example_task_group_decorator.py took 0.298 seconds
[2022-08-22 23:46:31,070] {processor.py:153} INFO - Started process (PID=1176) to work on /home/airflow/.local/lib/python3.7/site-packages/airflow/example_dags/example_task_group_decorator.py
[2022-08-22 23:46:31,071] {processor.py:641} INFO - Processing file /home/airflow/.local/lib/python3.7/site-packages/airflow/example_dags/example_task_group_decorator.py for tasks to queue
[2022-08-22 23:46:31,072] {logging_mixin.py:115} INFO - [2022-08-22 23:46:31,072] {dagbag.py:507} INFO - Filling up the DagBag from /home/airflow/.local/lib/python3.7/site-packages/airflow/example_dags/example_task_group_decorator.py
[2022-08-22 23:46:31,101] {processor.py:651} INFO - DAG(s) dict_keys(['example_task_group_decorator']) retrieved from /home/airflow/.local/lib/python3.7/site-packages/airflow/example_dags/example_task_group_decorator.py
[2022-08-22 23:46:31,177] {logging_mixin.py:115} INFO - [2022-08-22 23:46:31,176] {dag.py:2371} INFO - Sync 1 DAGs
[2022-08-22 23:46:31,307] {logging_mixin.py:115} INFO - [2022-08-22 23:46:31,306] {dag.py:2919} INFO - Setting next_dagrun for example_task_group_decorator to 2022-08-21T23:46:31.306736+00:00, run_after=2022-08-22T23:46:31.306736+00:00
[2022-08-22 23:46:31,321] {processor.py:161} INFO - Processing /home/airflow/.local/lib/python3.7/site-packages/airflow/example_dags/example_task_group_decorator.py took 0.255 seconds
[2022-08-22 23:47:01,669] {processor.py:153} INFO - Started process (PID=1253) to work on /home/airflow/.local/lib/python3.7/site-packages/airflow/example_dags/example_task_group_decorator.py
[2022-08-22 23:47:01,671] {processor.py:641} INFO - Processing file /home/airflow/.local/lib/python3.7/site-packages/airflow/example_dags/example_task_group_decorator.py for tasks to queue
[2022-08-22 23:47:01,672] {logging_mixin.py:115} INFO - [2022-08-22 23:47:01,672] {dagbag.py:507} INFO - Filling up the DagBag from /home/airflow/.local/lib/python3.7/site-packages/airflow/example_dags/example_task_group_decorator.py
[2022-08-22 23:47:01,699] {processor.py:651} INFO - DAG(s) dict_keys(['example_task_group_decorator']) retrieved from /home/airflow/.local/lib/python3.7/site-packages/airflow/example_dags/example_task_group_decorator.py
[2022-08-22 23:47:01,768] {logging_mixin.py:115} INFO - [2022-08-22 23:47:01,768] {dag.py:2371} INFO - Sync 1 DAGs
[2022-08-22 23:47:01,902] {logging_mixin.py:115} INFO - [2022-08-22 23:47:01,902] {dag.py:2919} INFO - Setting next_dagrun for example_task_group_decorator to 2022-08-21T23:47:01.902312+00:00, run_after=2022-08-22T23:47:01.902312+00:00
[2022-08-22 23:47:01,919] {processor.py:161} INFO - Processing /home/airflow/.local/lib/python3.7/site-packages/airflow/example_dags/example_task_group_decorator.py took 0.254 seconds
[2022-08-22 23:47:32,298] {processor.py:153} INFO - Started process (PID=1330) to work on /home/airflow/.local/lib/python3.7/site-packages/airflow/example_dags/example_task_group_decorator.py
[2022-08-22 23:47:32,300] {processor.py:641} INFO - Processing file /home/airflow/.local/lib/python3.7/site-packages/airflow/example_dags/example_task_group_decorator.py for tasks to queue
[2022-08-22 23:47:32,301] {logging_mixin.py:115} INFO - [2022-08-22 23:47:32,301] {dagbag.py:507} INFO - Filling up the DagBag from /home/airflow/.local/lib/python3.7/site-packages/airflow/example_dags/example_task_group_decorator.py
[2022-08-22 23:47:32,329] {processor.py:651} INFO - DAG(s) dict_keys(['example_task_group_decorator']) retrieved from /home/airflow/.local/lib/python3.7/site-packages/airflow/example_dags/example_task_group_decorator.py
[2022-08-22 23:47:32,395] {logging_mixin.py:115} INFO - [2022-08-22 23:47:32,394] {dag.py:2371} INFO - Sync 1 DAGs
[2022-08-22 23:47:32,524] {logging_mixin.py:115} INFO - [2022-08-22 23:47:32,524] {dag.py:2919} INFO - Setting next_dagrun for example_task_group_decorator to 2022-08-21T23:47:32.524243+00:00, run_after=2022-08-22T23:47:32.524243+00:00
[2022-08-22 23:47:32,538] {processor.py:161} INFO - Processing /home/airflow/.local/lib/python3.7/site-packages/airflow/example_dags/example_task_group_decorator.py took 0.244 seconds
[2022-08-22 23:48:02,782] {processor.py:153} INFO - Started process (PID=1407) to work on /home/airflow/.local/lib/python3.7/site-packages/airflow/example_dags/example_task_group_decorator.py
[2022-08-22 23:48:02,784] {processor.py:641} INFO - Processing file /home/airflow/.local/lib/python3.7/site-packages/airflow/example_dags/example_task_group_decorator.py for tasks to queue
[2022-08-22 23:48:02,785] {logging_mixin.py:115} INFO - [2022-08-22 23:48:02,785] {dagbag.py:507} INFO - Filling up the DagBag from /home/airflow/.local/lib/python3.7/site-packages/airflow/example_dags/example_task_group_decorator.py
[2022-08-22 23:48:02,811] {processor.py:651} INFO - DAG(s) dict_keys(['example_task_group_decorator']) retrieved from /home/airflow/.local/lib/python3.7/site-packages/airflow/example_dags/example_task_group_decorator.py
[2022-08-22 23:48:02,874] {logging_mixin.py:115} INFO - [2022-08-22 23:48:02,874] {dag.py:2371} INFO - Sync 1 DAGs
[2022-08-22 23:48:03,000] {logging_mixin.py:115} INFO - [2022-08-22 23:48:03,000] {dag.py:2919} INFO - Setting next_dagrun for example_task_group_decorator to 2022-08-21T23:48:03.000603+00:00, run_after=2022-08-22T23:48:03.000603+00:00
[2022-08-22 23:48:03,016] {processor.py:161} INFO - Processing /home/airflow/.local/lib/python3.7/site-packages/airflow/example_dags/example_task_group_decorator.py took 0.238 seconds
[2022-08-22 23:48:33,603] {processor.py:153} INFO - Started process (PID=1475) to work on /home/airflow/.local/lib/python3.7/site-packages/airflow/example_dags/example_task_group_decorator.py
[2022-08-22 23:48:33,605] {processor.py:641} INFO - Processing file /home/airflow/.local/lib/python3.7/site-packages/airflow/example_dags/example_task_group_decorator.py for tasks to queue
[2022-08-22 23:48:33,605] {logging_mixin.py:115} INFO - [2022-08-22 23:48:33,605] {dagbag.py:507} INFO - Filling up the DagBag from /home/airflow/.local/lib/python3.7/site-packages/airflow/example_dags/example_task_group_decorator.py
[2022-08-22 23:48:33,632] {processor.py:651} INFO - DAG(s) dict_keys(['example_task_group_decorator']) retrieved from /home/airflow/.local/lib/python3.7/site-packages/airflow/example_dags/example_task_group_decorator.py
[2022-08-22 23:48:33,813] {logging_mixin.py:115} INFO - [2022-08-22 23:48:33,813] {dag.py:2371} INFO - Sync 1 DAGs
[2022-08-22 23:48:33,834] {logging_mixin.py:115} INFO - [2022-08-22 23:48:33,834] {dag.py:2919} INFO - Setting next_dagrun for example_task_group_decorator to 2022-08-21T23:48:33.834670+00:00, run_after=2022-08-22T23:48:33.834670+00:00
[2022-08-22 23:48:33,849] {processor.py:161} INFO - Processing /home/airflow/.local/lib/python3.7/site-packages/airflow/example_dags/example_task_group_decorator.py took 0.250 seconds
[2022-08-22 23:49:03,934] {processor.py:153} INFO - Started process (PID=1552) to work on /home/airflow/.local/lib/python3.7/site-packages/airflow/example_dags/example_task_group_decorator.py
[2022-08-22 23:49:03,936] {processor.py:641} INFO - Processing file /home/airflow/.local/lib/python3.7/site-packages/airflow/example_dags/example_task_group_decorator.py for tasks to queue
[2022-08-22 23:49:03,937] {logging_mixin.py:115} INFO - [2022-08-22 23:49:03,937] {dagbag.py:507} INFO - Filling up the DagBag from /home/airflow/.local/lib/python3.7/site-packages/airflow/example_dags/example_task_group_decorator.py
[2022-08-22 23:49:03,965] {processor.py:651} INFO - DAG(s) dict_keys(['example_task_group_decorator']) retrieved from /home/airflow/.local/lib/python3.7/site-packages/airflow/example_dags/example_task_group_decorator.py
[2022-08-22 23:49:04,135] {logging_mixin.py:115} INFO - [2022-08-22 23:49:04,135] {dag.py:2371} INFO - Sync 1 DAGs
[2022-08-22 23:49:04,155] {logging_mixin.py:115} INFO - [2022-08-22 23:49:04,155] {dag.py:2919} INFO - Setting next_dagrun for example_task_group_decorator to 2022-08-21T23:49:04.155249+00:00, run_after=2022-08-22T23:49:04.155249+00:00
[2022-08-22 23:49:04,169] {processor.py:161} INFO - Processing /home/airflow/.local/lib/python3.7/site-packages/airflow/example_dags/example_task_group_decorator.py took 0.239 seconds
[2022-08-22 23:49:34,394] {processor.py:153} INFO - Started process (PID=1629) to work on /home/airflow/.local/lib/python3.7/site-packages/airflow/example_dags/example_task_group_decorator.py
[2022-08-22 23:49:34,396] {processor.py:641} INFO - Processing file /home/airflow/.local/lib/python3.7/site-packages/airflow/example_dags/example_task_group_decorator.py for tasks to queue
[2022-08-22 23:49:34,397] {logging_mixin.py:115} INFO - [2022-08-22 23:49:34,397] {dagbag.py:507} INFO - Filling up the DagBag from /home/airflow/.local/lib/python3.7/site-packages/airflow/example_dags/example_task_group_decorator.py
[2022-08-22 23:49:34,428] {processor.py:651} INFO - DAG(s) dict_keys(['example_task_group_decorator']) retrieved from /home/airflow/.local/lib/python3.7/site-packages/airflow/example_dags/example_task_group_decorator.py
[2022-08-22 23:49:34,610] {logging_mixin.py:115} INFO - [2022-08-22 23:49:34,609] {dag.py:2371} INFO - Sync 1 DAGs
[2022-08-22 23:49:34,631] {logging_mixin.py:115} INFO - [2022-08-22 23:49:34,631] {dag.py:2919} INFO - Setting next_dagrun for example_task_group_decorator to 2022-08-21T23:49:34.631130+00:00, run_after=2022-08-22T23:49:34.631130+00:00
[2022-08-22 23:49:34,645] {processor.py:161} INFO - Processing /home/airflow/.local/lib/python3.7/site-packages/airflow/example_dags/example_task_group_decorator.py took 0.255 seconds
[2022-08-22 23:50:04,903] {processor.py:153} INFO - Started process (PID=1706) to work on /home/airflow/.local/lib/python3.7/site-packages/airflow/example_dags/example_task_group_decorator.py
[2022-08-22 23:50:04,904] {processor.py:641} INFO - Processing file /home/airflow/.local/lib/python3.7/site-packages/airflow/example_dags/example_task_group_decorator.py for tasks to queue
[2022-08-22 23:50:04,905] {logging_mixin.py:115} INFO - [2022-08-22 23:50:04,905] {dagbag.py:507} INFO - Filling up the DagBag from /home/airflow/.local/lib/python3.7/site-packages/airflow/example_dags/example_task_group_decorator.py
[2022-08-22 23:50:04,932] {processor.py:651} INFO - DAG(s) dict_keys(['example_task_group_decorator']) retrieved from /home/airflow/.local/lib/python3.7/site-packages/airflow/example_dags/example_task_group_decorator.py
[2022-08-22 23:50:04,960] {logging_mixin.py:115} INFO - [2022-08-22 23:50:04,960] {dag.py:2371} INFO - Sync 1 DAGs
[2022-08-22 23:50:04,983] {logging_mixin.py:115} INFO - [2022-08-22 23:50:04,982] {dag.py:2919} INFO - Setting next_dagrun for example_task_group_decorator to 2022-08-21T23:50:04.982614+00:00, run_after=2022-08-22T23:50:04.982614+00:00
[2022-08-22 23:50:04,997] {processor.py:161} INFO - Processing /home/airflow/.local/lib/python3.7/site-packages/airflow/example_dags/example_task_group_decorator.py took 0.098 seconds
[2022-08-22 23:50:35,470] {processor.py:153} INFO - Started process (PID=1774) to work on /home/airflow/.local/lib/python3.7/site-packages/airflow/example_dags/example_task_group_decorator.py
[2022-08-22 23:50:35,471] {processor.py:641} INFO - Processing file /home/airflow/.local/lib/python3.7/site-packages/airflow/example_dags/example_task_group_decorator.py for tasks to queue
[2022-08-22 23:50:35,472] {logging_mixin.py:115} INFO - [2022-08-22 23:50:35,472] {dagbag.py:507} INFO - Filling up the DagBag from /home/airflow/.local/lib/python3.7/site-packages/airflow/example_dags/example_task_group_decorator.py
[2022-08-22 23:50:35,501] {processor.py:651} INFO - DAG(s) dict_keys(['example_task_group_decorator']) retrieved from /home/airflow/.local/lib/python3.7/site-packages/airflow/example_dags/example_task_group_decorator.py
[2022-08-22 23:50:35,670] {logging_mixin.py:115} INFO - [2022-08-22 23:50:35,670] {dag.py:2371} INFO - Sync 1 DAGs
[2022-08-22 23:50:35,691] {logging_mixin.py:115} INFO - [2022-08-22 23:50:35,691] {dag.py:2919} INFO - Setting next_dagrun for example_task_group_decorator to 2022-08-21T23:50:35.691635+00:00, run_after=2022-08-22T23:50:35.691635+00:00
[2022-08-22 23:50:35,705] {processor.py:161} INFO - Processing /home/airflow/.local/lib/python3.7/site-packages/airflow/example_dags/example_task_group_decorator.py took 0.239 seconds
[2022-08-22 23:51:06,091] {processor.py:153} INFO - Started process (PID=1851) to work on /home/airflow/.local/lib/python3.7/site-packages/airflow/example_dags/example_task_group_decorator.py
[2022-08-22 23:51:06,093] {processor.py:641} INFO - Processing file /home/airflow/.local/lib/python3.7/site-packages/airflow/example_dags/example_task_group_decorator.py for tasks to queue
[2022-08-22 23:51:06,094] {logging_mixin.py:115} INFO - [2022-08-22 23:51:06,094] {dagbag.py:507} INFO - Filling up the DagBag from /home/airflow/.local/lib/python3.7/site-packages/airflow/example_dags/example_task_group_decorator.py
[2022-08-22 23:51:06,121] {processor.py:651} INFO - DAG(s) dict_keys(['example_task_group_decorator']) retrieved from /home/airflow/.local/lib/python3.7/site-packages/airflow/example_dags/example_task_group_decorator.py
[2022-08-22 23:51:06,304] {logging_mixin.py:115} INFO - [2022-08-22 23:51:06,304] {dag.py:2371} INFO - Sync 1 DAGs
[2022-08-22 23:51:06,327] {logging_mixin.py:115} INFO - [2022-08-22 23:51:06,327] {dag.py:2919} INFO - Setting next_dagrun for example_task_group_decorator to 2022-08-21T23:51:06.327376+00:00, run_after=2022-08-22T23:51:06.327376+00:00
[2022-08-22 23:51:06,348] {processor.py:161} INFO - Processing /home/airflow/.local/lib/python3.7/site-packages/airflow/example_dags/example_task_group_decorator.py took 0.260 seconds
[2022-08-22 23:51:36,819] {processor.py:153} INFO - Started process (PID=1928) to work on /home/airflow/.local/lib/python3.7/site-packages/airflow/example_dags/example_task_group_decorator.py
[2022-08-22 23:51:36,820] {processor.py:641} INFO - Processing file /home/airflow/.local/lib/python3.7/site-packages/airflow/example_dags/example_task_group_decorator.py for tasks to queue
[2022-08-22 23:51:36,821] {logging_mixin.py:115} INFO - [2022-08-22 23:51:36,820] {dagbag.py:507} INFO - Filling up the DagBag from /home/airflow/.local/lib/python3.7/site-packages/airflow/example_dags/example_task_group_decorator.py
[2022-08-22 23:51:36,848] {processor.py:651} INFO - DAG(s) dict_keys(['example_task_group_decorator']) retrieved from /home/airflow/.local/lib/python3.7/site-packages/airflow/example_dags/example_task_group_decorator.py
[2022-08-22 23:51:36,875] {logging_mixin.py:115} INFO - [2022-08-22 23:51:36,874] {dag.py:2371} INFO - Sync 1 DAGs
[2022-08-22 23:51:36,895] {logging_mixin.py:115} INFO - [2022-08-22 23:51:36,895] {dag.py:2919} INFO - Setting next_dagrun for example_task_group_decorator to 2022-08-21T23:51:36.895436+00:00, run_after=2022-08-22T23:51:36.895436+00:00
[2022-08-22 23:51:36,907] {processor.py:161} INFO - Processing /home/airflow/.local/lib/python3.7/site-packages/airflow/example_dags/example_task_group_decorator.py took 0.092 seconds
[2022-08-22 23:52:07,295] {processor.py:153} INFO - Started process (PID=1996) to work on /home/airflow/.local/lib/python3.7/site-packages/airflow/example_dags/example_task_group_decorator.py
[2022-08-22 23:52:07,297] {processor.py:641} INFO - Processing file /home/airflow/.local/lib/python3.7/site-packages/airflow/example_dags/example_task_group_decorator.py for tasks to queue
[2022-08-22 23:52:07,299] {logging_mixin.py:115} INFO - [2022-08-22 23:52:07,299] {dagbag.py:507} INFO - Filling up the DagBag from /home/airflow/.local/lib/python3.7/site-packages/airflow/example_dags/example_task_group_decorator.py
[2022-08-22 23:52:07,329] {processor.py:651} INFO - DAG(s) dict_keys(['example_task_group_decorator']) retrieved from /home/airflow/.local/lib/python3.7/site-packages/airflow/example_dags/example_task_group_decorator.py
[2022-08-22 23:52:07,504] {logging_mixin.py:115} INFO - [2022-08-22 23:52:07,504] {dag.py:2371} INFO - Sync 1 DAGs
[2022-08-22 23:52:07,526] {logging_mixin.py:115} INFO - [2022-08-22 23:52:07,526] {dag.py:2919} INFO - Setting next_dagrun for example_task_group_decorator to 2022-08-21T23:52:07.525912+00:00, run_after=2022-08-22T23:52:07.525912+00:00
[2022-08-22 23:52:07,539] {processor.py:161} INFO - Processing /home/airflow/.local/lib/python3.7/site-packages/airflow/example_dags/example_task_group_decorator.py took 0.248 seconds
[2022-08-22 23:52:37,808] {processor.py:153} INFO - Started process (PID=2073) to work on /home/airflow/.local/lib/python3.7/site-packages/airflow/example_dags/example_task_group_decorator.py
[2022-08-22 23:52:37,809] {processor.py:641} INFO - Processing file /home/airflow/.local/lib/python3.7/site-packages/airflow/example_dags/example_task_group_decorator.py for tasks to queue
[2022-08-22 23:52:37,810] {logging_mixin.py:115} INFO - [2022-08-22 23:52:37,810] {dagbag.py:507} INFO - Filling up the DagBag from /home/airflow/.local/lib/python3.7/site-packages/airflow/example_dags/example_task_group_decorator.py
[2022-08-22 23:52:37,838] {processor.py:651} INFO - DAG(s) dict_keys(['example_task_group_decorator']) retrieved from /home/airflow/.local/lib/python3.7/site-packages/airflow/example_dags/example_task_group_decorator.py
[2022-08-22 23:52:38,005] {logging_mixin.py:115} INFO - [2022-08-22 23:52:38,004] {dag.py:2371} INFO - Sync 1 DAGs
[2022-08-22 23:52:38,024] {logging_mixin.py:115} INFO - [2022-08-22 23:52:38,024] {dag.py:2919} INFO - Setting next_dagrun for example_task_group_decorator to 2022-08-21T23:52:38.024474+00:00, run_after=2022-08-22T23:52:38.024474+00:00
[2022-08-22 23:52:38,037] {processor.py:161} INFO - Processing /home/airflow/.local/lib/python3.7/site-packages/airflow/example_dags/example_task_group_decorator.py took 0.234 seconds
[2022-08-22 23:53:08,405] {processor.py:153} INFO - Started process (PID=2150) to work on /home/airflow/.local/lib/python3.7/site-packages/airflow/example_dags/example_task_group_decorator.py
[2022-08-22 23:53:08,406] {processor.py:641} INFO - Processing file /home/airflow/.local/lib/python3.7/site-packages/airflow/example_dags/example_task_group_decorator.py for tasks to queue
[2022-08-22 23:53:08,407] {logging_mixin.py:115} INFO - [2022-08-22 23:53:08,407] {dagbag.py:507} INFO - Filling up the DagBag from /home/airflow/.local/lib/python3.7/site-packages/airflow/example_dags/example_task_group_decorator.py
[2022-08-22 23:53:08,434] {processor.py:651} INFO - DAG(s) dict_keys(['example_task_group_decorator']) retrieved from /home/airflow/.local/lib/python3.7/site-packages/airflow/example_dags/example_task_group_decorator.py
[2022-08-22 23:53:08,594] {logging_mixin.py:115} INFO - [2022-08-22 23:53:08,594] {dag.py:2371} INFO - Sync 1 DAGs
[2022-08-22 23:53:08,615] {logging_mixin.py:115} INFO - [2022-08-22 23:53:08,615] {dag.py:2919} INFO - Setting next_dagrun for example_task_group_decorator to 2022-08-21T23:53:08.615445+00:00, run_after=2022-08-22T23:53:08.615445+00:00
[2022-08-22 23:53:08,629] {processor.py:161} INFO - Processing /home/airflow/.local/lib/python3.7/site-packages/airflow/example_dags/example_task_group_decorator.py took 0.250 seconds
[2022-08-22 23:53:38,993] {processor.py:153} INFO - Started process (PID=2227) to work on /home/airflow/.local/lib/python3.7/site-packages/airflow/example_dags/example_task_group_decorator.py
[2022-08-22 23:53:38,994] {processor.py:641} INFO - Processing file /home/airflow/.local/lib/python3.7/site-packages/airflow/example_dags/example_task_group_decorator.py for tasks to queue
[2022-08-22 23:53:38,995] {logging_mixin.py:115} INFO - [2022-08-22 23:53:38,995] {dagbag.py:507} INFO - Filling up the DagBag from /home/airflow/.local/lib/python3.7/site-packages/airflow/example_dags/example_task_group_decorator.py
[2022-08-22 23:53:39,022] {processor.py:651} INFO - DAG(s) dict_keys(['example_task_group_decorator']) retrieved from /home/airflow/.local/lib/python3.7/site-packages/airflow/example_dags/example_task_group_decorator.py
[2022-08-22 23:53:39,194] {logging_mixin.py:115} INFO - [2022-08-22 23:53:39,194] {dag.py:2371} INFO - Sync 1 DAGs
[2022-08-22 23:53:39,215] {logging_mixin.py:115} INFO - [2022-08-22 23:53:39,215] {dag.py:2919} INFO - Setting next_dagrun for example_task_group_decorator to 2022-08-21T23:53:39.215535+00:00, run_after=2022-08-22T23:53:39.215535+00:00
[2022-08-22 23:53:39,230] {processor.py:161} INFO - Processing /home/airflow/.local/lib/python3.7/site-packages/airflow/example_dags/example_task_group_decorator.py took 0.241 seconds
[2022-08-22 23:54:09,586] {processor.py:153} INFO - Started process (PID=2302) to work on /home/airflow/.local/lib/python3.7/site-packages/airflow/example_dags/example_task_group_decorator.py
[2022-08-22 23:54:09,587] {processor.py:641} INFO - Processing file /home/airflow/.local/lib/python3.7/site-packages/airflow/example_dags/example_task_group_decorator.py for tasks to queue
[2022-08-22 23:54:09,588] {logging_mixin.py:115} INFO - [2022-08-22 23:54:09,588] {dagbag.py:507} INFO - Filling up the DagBag from /home/airflow/.local/lib/python3.7/site-packages/airflow/example_dags/example_task_group_decorator.py
[2022-08-22 23:54:09,615] {processor.py:651} INFO - DAG(s) dict_keys(['example_task_group_decorator']) retrieved from /home/airflow/.local/lib/python3.7/site-packages/airflow/example_dags/example_task_group_decorator.py
[2022-08-22 23:54:09,641] {logging_mixin.py:115} INFO - [2022-08-22 23:54:09,641] {dag.py:2371} INFO - Sync 1 DAGs
[2022-08-22 23:54:09,662] {logging_mixin.py:115} INFO - [2022-08-22 23:54:09,662] {dag.py:2919} INFO - Setting next_dagrun for example_task_group_decorator to 2022-08-21T23:54:09.661858+00:00, run_after=2022-08-22T23:54:09.661858+00:00
[2022-08-22 23:54:09,777] {processor.py:161} INFO - Processing /home/airflow/.local/lib/python3.7/site-packages/airflow/example_dags/example_task_group_decorator.py took 0.196 seconds
[2022-08-22 23:54:40,206] {processor.py:153} INFO - Started process (PID=2372) to work on /home/airflow/.local/lib/python3.7/site-packages/airflow/example_dags/example_task_group_decorator.py
[2022-08-22 23:54:40,207] {processor.py:641} INFO - Processing file /home/airflow/.local/lib/python3.7/site-packages/airflow/example_dags/example_task_group_decorator.py for tasks to queue
[2022-08-22 23:54:40,208] {logging_mixin.py:115} INFO - [2022-08-22 23:54:40,208] {dagbag.py:507} INFO - Filling up the DagBag from /home/airflow/.local/lib/python3.7/site-packages/airflow/example_dags/example_task_group_decorator.py
[2022-08-22 23:54:40,235] {processor.py:651} INFO - DAG(s) dict_keys(['example_task_group_decorator']) retrieved from /home/airflow/.local/lib/python3.7/site-packages/airflow/example_dags/example_task_group_decorator.py
[2022-08-22 23:54:40,262] {logging_mixin.py:115} INFO - [2022-08-22 23:54:40,262] {dag.py:2371} INFO - Sync 1 DAGs
[2022-08-22 23:54:40,283] {logging_mixin.py:115} INFO - [2022-08-22 23:54:40,283] {dag.py:2919} INFO - Setting next_dagrun for example_task_group_decorator to 2022-08-21T23:54:40.283459+00:00, run_after=2022-08-22T23:54:40.283459+00:00
[2022-08-22 23:54:40,403] {processor.py:161} INFO - Processing /home/airflow/.local/lib/python3.7/site-packages/airflow/example_dags/example_task_group_decorator.py took 0.202 seconds
[2022-08-22 23:55:11,139] {processor.py:153} INFO - Started process (PID=2449) to work on /home/airflow/.local/lib/python3.7/site-packages/airflow/example_dags/example_task_group_decorator.py
[2022-08-22 23:55:11,140] {processor.py:641} INFO - Processing file /home/airflow/.local/lib/python3.7/site-packages/airflow/example_dags/example_task_group_decorator.py for tasks to queue
[2022-08-22 23:55:11,142] {logging_mixin.py:115} INFO - [2022-08-22 23:55:11,141] {dagbag.py:507} INFO - Filling up the DagBag from /home/airflow/.local/lib/python3.7/site-packages/airflow/example_dags/example_task_group_decorator.py
[2022-08-22 23:55:11,175] {processor.py:651} INFO - DAG(s) dict_keys(['example_task_group_decorator']) retrieved from /home/airflow/.local/lib/python3.7/site-packages/airflow/example_dags/example_task_group_decorator.py
[2022-08-22 23:55:11,209] {logging_mixin.py:115} INFO - [2022-08-22 23:55:11,208] {dag.py:2371} INFO - Sync 1 DAGs
[2022-08-22 23:55:11,236] {logging_mixin.py:115} INFO - [2022-08-22 23:55:11,236] {dag.py:2919} INFO - Setting next_dagrun for example_task_group_decorator to 2022-08-21T23:55:11.236469+00:00, run_after=2022-08-22T23:55:11.236469+00:00
[2022-08-22 23:55:11,375] {processor.py:161} INFO - Processing /home/airflow/.local/lib/python3.7/site-packages/airflow/example_dags/example_task_group_decorator.py took 0.240 seconds
[2022-08-22 23:55:41,634] {processor.py:153} INFO - Started process (PID=2526) to work on /home/airflow/.local/lib/python3.7/site-packages/airflow/example_dags/example_task_group_decorator.py
[2022-08-22 23:55:41,634] {processor.py:641} INFO - Processing file /home/airflow/.local/lib/python3.7/site-packages/airflow/example_dags/example_task_group_decorator.py for tasks to queue
[2022-08-22 23:55:41,635] {logging_mixin.py:115} INFO - [2022-08-22 23:55:41,635] {dagbag.py:507} INFO - Filling up the DagBag from /home/airflow/.local/lib/python3.7/site-packages/airflow/example_dags/example_task_group_decorator.py
[2022-08-22 23:55:41,661] {processor.py:651} INFO - DAG(s) dict_keys(['example_task_group_decorator']) retrieved from /home/airflow/.local/lib/python3.7/site-packages/airflow/example_dags/example_task_group_decorator.py
[2022-08-22 23:55:41,830] {logging_mixin.py:115} INFO - [2022-08-22 23:55:41,830] {dag.py:2371} INFO - Sync 1 DAGs
[2022-08-22 23:55:41,852] {logging_mixin.py:115} INFO - [2022-08-22 23:55:41,852] {dag.py:2919} INFO - Setting next_dagrun for example_task_group_decorator to 2022-08-21T23:55:41.852237+00:00, run_after=2022-08-22T23:55:41.852237+00:00
[2022-08-22 23:55:41,867] {processor.py:161} INFO - Processing /home/airflow/.local/lib/python3.7/site-packages/airflow/example_dags/example_task_group_decorator.py took 0.237 seconds
[2022-08-22 23:56:12,239] {processor.py:153} INFO - Started process (PID=2603) to work on /home/airflow/.local/lib/python3.7/site-packages/airflow/example_dags/example_task_group_decorator.py
[2022-08-22 23:56:12,240] {processor.py:641} INFO - Processing file /home/airflow/.local/lib/python3.7/site-packages/airflow/example_dags/example_task_group_decorator.py for tasks to queue
[2022-08-22 23:56:12,241] {logging_mixin.py:115} INFO - [2022-08-22 23:56:12,241] {dagbag.py:507} INFO - Filling up the DagBag from /home/airflow/.local/lib/python3.7/site-packages/airflow/example_dags/example_task_group_decorator.py
[2022-08-22 23:56:12,267] {processor.py:651} INFO - DAG(s) dict_keys(['example_task_group_decorator']) retrieved from /home/airflow/.local/lib/python3.7/site-packages/airflow/example_dags/example_task_group_decorator.py
[2022-08-22 23:56:12,454] {logging_mixin.py:115} INFO - [2022-08-22 23:56:12,454] {dag.py:2371} INFO - Sync 1 DAGs
[2022-08-22 23:56:12,476] {logging_mixin.py:115} INFO - [2022-08-22 23:56:12,476] {dag.py:2919} INFO - Setting next_dagrun for example_task_group_decorator to 2022-08-21T23:56:12.476229+00:00, run_after=2022-08-22T23:56:12.476229+00:00
[2022-08-22 23:56:12,492] {processor.py:161} INFO - Processing /home/airflow/.local/lib/python3.7/site-packages/airflow/example_dags/example_task_group_decorator.py took 0.257 seconds
[2022-08-22 23:56:42,712] {processor.py:153} INFO - Started process (PID=2671) to work on /home/airflow/.local/lib/python3.7/site-packages/airflow/example_dags/example_task_group_decorator.py
[2022-08-22 23:56:42,713] {processor.py:641} INFO - Processing file /home/airflow/.local/lib/python3.7/site-packages/airflow/example_dags/example_task_group_decorator.py for tasks to queue
[2022-08-22 23:56:42,714] {logging_mixin.py:115} INFO - [2022-08-22 23:56:42,714] {dagbag.py:507} INFO - Filling up the DagBag from /home/airflow/.local/lib/python3.7/site-packages/airflow/example_dags/example_task_group_decorator.py
[2022-08-22 23:56:42,746] {processor.py:651} INFO - DAG(s) dict_keys(['example_task_group_decorator']) retrieved from /home/airflow/.local/lib/python3.7/site-packages/airflow/example_dags/example_task_group_decorator.py
[2022-08-22 23:56:42,779] {logging_mixin.py:115} INFO - [2022-08-22 23:56:42,779] {dag.py:2371} INFO - Sync 1 DAGs
[2022-08-22 23:56:42,801] {logging_mixin.py:115} INFO - [2022-08-22 23:56:42,801] {dag.py:2919} INFO - Setting next_dagrun for example_task_group_decorator to 2022-08-21T23:56:42.800945+00:00, run_after=2022-08-22T23:56:42.800945+00:00
[2022-08-22 23:56:42,924] {processor.py:161} INFO - Processing /home/airflow/.local/lib/python3.7/site-packages/airflow/example_dags/example_task_group_decorator.py took 0.219 seconds
[2022-08-22 23:57:13,289] {processor.py:153} INFO - Started process (PID=2748) to work on /home/airflow/.local/lib/python3.7/site-packages/airflow/example_dags/example_task_group_decorator.py
[2022-08-22 23:57:13,291] {processor.py:641} INFO - Processing file /home/airflow/.local/lib/python3.7/site-packages/airflow/example_dags/example_task_group_decorator.py for tasks to queue
[2022-08-22 23:57:13,292] {logging_mixin.py:115} INFO - [2022-08-22 23:57:13,292] {dagbag.py:507} INFO - Filling up the DagBag from /home/airflow/.local/lib/python3.7/site-packages/airflow/example_dags/example_task_group_decorator.py
[2022-08-22 23:57:13,320] {processor.py:651} INFO - DAG(s) dict_keys(['example_task_group_decorator']) retrieved from /home/airflow/.local/lib/python3.7/site-packages/airflow/example_dags/example_task_group_decorator.py
[2022-08-22 23:57:13,347] {logging_mixin.py:115} INFO - [2022-08-22 23:57:13,347] {dag.py:2371} INFO - Sync 1 DAGs
[2022-08-22 23:57:13,367] {logging_mixin.py:115} INFO - [2022-08-22 23:57:13,367] {dag.py:2919} INFO - Setting next_dagrun for example_task_group_decorator to 2022-08-21T23:57:13.367648+00:00, run_after=2022-08-22T23:57:13.367648+00:00
[2022-08-22 23:57:13,501] {processor.py:161} INFO - Processing /home/airflow/.local/lib/python3.7/site-packages/airflow/example_dags/example_task_group_decorator.py took 0.216 seconds
[2022-08-22 23:57:44,120] {processor.py:153} INFO - Started process (PID=2825) to work on /home/airflow/.local/lib/python3.7/site-packages/airflow/example_dags/example_task_group_decorator.py
[2022-08-22 23:57:44,121] {processor.py:641} INFO - Processing file /home/airflow/.local/lib/python3.7/site-packages/airflow/example_dags/example_task_group_decorator.py for tasks to queue
[2022-08-22 23:57:44,122] {logging_mixin.py:115} INFO - [2022-08-22 23:57:44,122] {dagbag.py:507} INFO - Filling up the DagBag from /home/airflow/.local/lib/python3.7/site-packages/airflow/example_dags/example_task_group_decorator.py
[2022-08-22 23:57:44,150] {processor.py:651} INFO - DAG(s) dict_keys(['example_task_group_decorator']) retrieved from /home/airflow/.local/lib/python3.7/site-packages/airflow/example_dags/example_task_group_decorator.py
[2022-08-22 23:57:44,176] {logging_mixin.py:115} INFO - [2022-08-22 23:57:44,176] {dag.py:2371} INFO - Sync 1 DAGs
[2022-08-22 23:57:44,197] {logging_mixin.py:115} INFO - [2022-08-22 23:57:44,197] {dag.py:2919} INFO - Setting next_dagrun for example_task_group_decorator to 2022-08-21T23:57:44.197320+00:00, run_after=2022-08-22T23:57:44.197320+00:00
[2022-08-22 23:57:44,314] {processor.py:161} INFO - Processing /home/airflow/.local/lib/python3.7/site-packages/airflow/example_dags/example_task_group_decorator.py took 0.198 seconds
[2022-08-22 23:58:14,797] {processor.py:153} INFO - Started process (PID=2902) to work on /home/airflow/.local/lib/python3.7/site-packages/airflow/example_dags/example_task_group_decorator.py
[2022-08-22 23:58:14,798] {processor.py:641} INFO - Processing file /home/airflow/.local/lib/python3.7/site-packages/airflow/example_dags/example_task_group_decorator.py for tasks to queue
[2022-08-22 23:58:14,800] {logging_mixin.py:115} INFO - [2022-08-22 23:58:14,799] {dagbag.py:507} INFO - Filling up the DagBag from /home/airflow/.local/lib/python3.7/site-packages/airflow/example_dags/example_task_group_decorator.py
[2022-08-22 23:58:14,827] {processor.py:651} INFO - DAG(s) dict_keys(['example_task_group_decorator']) retrieved from /home/airflow/.local/lib/python3.7/site-packages/airflow/example_dags/example_task_group_decorator.py
[2022-08-22 23:58:15,003] {logging_mixin.py:115} INFO - [2022-08-22 23:58:15,003] {dag.py:2371} INFO - Sync 1 DAGs
[2022-08-22 23:58:15,029] {logging_mixin.py:115} INFO - [2022-08-22 23:58:15,029] {dag.py:2919} INFO - Setting next_dagrun for example_task_group_decorator to 2022-08-21T23:58:15.028873+00:00, run_after=2022-08-22T23:58:15.028873+00:00
[2022-08-22 23:58:15,044] {processor.py:161} INFO - Processing /home/airflow/.local/lib/python3.7/site-packages/airflow/example_dags/example_task_group_decorator.py took 0.250 seconds
[2022-08-22 23:58:45,838] {processor.py:153} INFO - Started process (PID=2970) to work on /home/airflow/.local/lib/python3.7/site-packages/airflow/example_dags/example_task_group_decorator.py
[2022-08-22 23:58:45,839] {processor.py:641} INFO - Processing file /home/airflow/.local/lib/python3.7/site-packages/airflow/example_dags/example_task_group_decorator.py for tasks to queue
[2022-08-22 23:58:45,840] {logging_mixin.py:115} INFO - [2022-08-22 23:58:45,840] {dagbag.py:507} INFO - Filling up the DagBag from /home/airflow/.local/lib/python3.7/site-packages/airflow/example_dags/example_task_group_decorator.py
[2022-08-22 23:58:45,867] {processor.py:651} INFO - DAG(s) dict_keys(['example_task_group_decorator']) retrieved from /home/airflow/.local/lib/python3.7/site-packages/airflow/example_dags/example_task_group_decorator.py
[2022-08-22 23:58:46,035] {logging_mixin.py:115} INFO - [2022-08-22 23:58:46,035] {dag.py:2371} INFO - Sync 1 DAGs
[2022-08-22 23:58:46,054] {logging_mixin.py:115} INFO - [2022-08-22 23:58:46,054] {dag.py:2919} INFO - Setting next_dagrun for example_task_group_decorator to 2022-08-21T23:58:46.053815+00:00, run_after=2022-08-22T23:58:46.053815+00:00
[2022-08-22 23:58:46,067] {processor.py:161} INFO - Processing /home/airflow/.local/lib/python3.7/site-packages/airflow/example_dags/example_task_group_decorator.py took 0.234 seconds
[2022-08-22 23:59:16,374] {processor.py:153} INFO - Started process (PID=3047) to work on /home/airflow/.local/lib/python3.7/site-packages/airflow/example_dags/example_task_group_decorator.py
[2022-08-22 23:59:16,376] {processor.py:641} INFO - Processing file /home/airflow/.local/lib/python3.7/site-packages/airflow/example_dags/example_task_group_decorator.py for tasks to queue
[2022-08-22 23:59:16,377] {logging_mixin.py:115} INFO - [2022-08-22 23:59:16,377] {dagbag.py:507} INFO - Filling up the DagBag from /home/airflow/.local/lib/python3.7/site-packages/airflow/example_dags/example_task_group_decorator.py
[2022-08-22 23:59:16,407] {processor.py:651} INFO - DAG(s) dict_keys(['example_task_group_decorator']) retrieved from /home/airflow/.local/lib/python3.7/site-packages/airflow/example_dags/example_task_group_decorator.py
[2022-08-22 23:59:16,434] {logging_mixin.py:115} INFO - [2022-08-22 23:59:16,434] {dag.py:2371} INFO - Sync 1 DAGs
[2022-08-22 23:59:16,562] {logging_mixin.py:115} INFO - [2022-08-22 23:59:16,562] {dag.py:2919} INFO - Setting next_dagrun for example_task_group_decorator to 2022-08-21T23:59:16.562535+00:00, run_after=2022-08-22T23:59:16.562535+00:00
[2022-08-22 23:59:16,577] {processor.py:161} INFO - Processing /home/airflow/.local/lib/python3.7/site-packages/airflow/example_dags/example_task_group_decorator.py took 0.207 seconds
[2022-08-22 23:59:46,970] {processor.py:153} INFO - Started process (PID=3124) to work on /home/airflow/.local/lib/python3.7/site-packages/airflow/example_dags/example_task_group_decorator.py
[2022-08-22 23:59:46,971] {processor.py:641} INFO - Processing file /home/airflow/.local/lib/python3.7/site-packages/airflow/example_dags/example_task_group_decorator.py for tasks to queue
[2022-08-22 23:59:46,972] {logging_mixin.py:115} INFO - [2022-08-22 23:59:46,972] {dagbag.py:507} INFO - Filling up the DagBag from /home/airflow/.local/lib/python3.7/site-packages/airflow/example_dags/example_task_group_decorator.py
[2022-08-22 23:59:47,002] {processor.py:651} INFO - DAG(s) dict_keys(['example_task_group_decorator']) retrieved from /home/airflow/.local/lib/python3.7/site-packages/airflow/example_dags/example_task_group_decorator.py
[2022-08-22 23:59:47,185] {logging_mixin.py:115} INFO - [2022-08-22 23:59:47,185] {dag.py:2371} INFO - Sync 1 DAGs
[2022-08-22 23:59:47,205] {logging_mixin.py:115} INFO - [2022-08-22 23:59:47,205] {dag.py:2919} INFO - Setting next_dagrun for example_task_group_decorator to 2022-08-21T23:59:47.205104+00:00, run_after=2022-08-22T23:59:47.205104+00:00
[2022-08-22 23:59:47,217] {processor.py:161} INFO - Processing /home/airflow/.local/lib/python3.7/site-packages/airflow/example_dags/example_task_group_decorator.py took 0.252 seconds
