[2022-08-22 23:38:40,249] {processor.py:153} INFO - Started process (PID=95) to work on /home/airflow/.local/lib/python3.7/site-packages/airflow/example_dags/example_skip_dag.py
[2022-08-22 23:38:40,257] {processor.py:641} INFO - Processing file /home/airflow/.local/lib/python3.7/site-packages/airflow/example_dags/example_skip_dag.py for tasks to queue
[2022-08-22 23:38:40,265] {logging_mixin.py:115} INFO - [2022-08-22 23:38:40,265] {dagbag.py:507} INFO - Filling up the DagBag from /home/airflow/.local/lib/python3.7/site-packages/airflow/example_dags/example_skip_dag.py
[2022-08-22 23:38:40,291] {processor.py:651} INFO - DAG(s) dict_keys(['example_skip_dag']) retrieved from /home/airflow/.local/lib/python3.7/site-packages/airflow/example_dags/example_skip_dag.py
[2022-08-22 23:38:40,431] {logging_mixin.py:115} INFO - [2022-08-22 23:38:40,431] {dag.py:2371} INFO - Sync 1 DAGs
[2022-08-22 23:38:40,499] {logging_mixin.py:115} INFO - [2022-08-22 23:38:40,499] {dag.py:2919} INFO - Setting next_dagrun for example_skip_dag to 2022-08-21T23:38:40.498543+00:00, run_after=2022-08-22T23:38:40.498543+00:00
[2022-08-22 23:38:40,530] {processor.py:161} INFO - Processing /home/airflow/.local/lib/python3.7/site-packages/airflow/example_dags/example_skip_dag.py took 0.289 seconds
[2022-08-22 23:39:13,135] {processor.py:153} INFO - Started process (PID=163) to work on /home/airflow/.local/lib/python3.7/site-packages/airflow/example_dags/example_skip_dag.py
[2022-08-22 23:39:13,138] {processor.py:641} INFO - Processing file /home/airflow/.local/lib/python3.7/site-packages/airflow/example_dags/example_skip_dag.py for tasks to queue
[2022-08-22 23:39:13,142] {logging_mixin.py:115} INFO - [2022-08-22 23:39:13,141] {dagbag.py:507} INFO - Filling up the DagBag from /home/airflow/.local/lib/python3.7/site-packages/airflow/example_dags/example_skip_dag.py
[2022-08-22 23:39:13,164] {processor.py:651} INFO - DAG(s) dict_keys(['example_skip_dag']) retrieved from /home/airflow/.local/lib/python3.7/site-packages/airflow/example_dags/example_skip_dag.py
[2022-08-22 23:39:13,257] {logging_mixin.py:115} INFO - [2022-08-22 23:39:13,256] {dag.py:2371} INFO - Sync 1 DAGs
[2022-08-22 23:39:13,355] {logging_mixin.py:115} INFO - [2022-08-22 23:39:13,355] {dag.py:2919} INFO - Setting next_dagrun for example_skip_dag to 2022-08-21T23:39:13.354417+00:00, run_after=2022-08-22T23:39:13.354417+00:00
[2022-08-22 23:39:13,404] {processor.py:161} INFO - Processing /home/airflow/.local/lib/python3.7/site-packages/airflow/example_dags/example_skip_dag.py took 0.280 seconds
[2022-08-22 23:39:43,871] {processor.py:153} INFO - Started process (PID=230) to work on /home/airflow/.local/lib/python3.7/site-packages/airflow/example_dags/example_skip_dag.py
[2022-08-22 23:39:43,873] {processor.py:641} INFO - Processing file /home/airflow/.local/lib/python3.7/site-packages/airflow/example_dags/example_skip_dag.py for tasks to queue
[2022-08-22 23:39:43,876] {logging_mixin.py:115} INFO - [2022-08-22 23:39:43,876] {dagbag.py:507} INFO - Filling up the DagBag from /home/airflow/.local/lib/python3.7/site-packages/airflow/example_dags/example_skip_dag.py
[2022-08-22 23:39:43,892] {processor.py:651} INFO - DAG(s) dict_keys(['example_skip_dag']) retrieved from /home/airflow/.local/lib/python3.7/site-packages/airflow/example_dags/example_skip_dag.py
[2022-08-22 23:39:43,953] {logging_mixin.py:115} INFO - [2022-08-22 23:39:43,953] {dag.py:2371} INFO - Sync 1 DAGs
[2022-08-22 23:39:44,006] {logging_mixin.py:115} INFO - [2022-08-22 23:39:44,006] {dag.py:2919} INFO - Setting next_dagrun for example_skip_dag to 2022-08-21T23:39:44.005515+00:00, run_after=2022-08-22T23:39:44.005515+00:00
[2022-08-22 23:39:44,032] {processor.py:161} INFO - Processing /home/airflow/.local/lib/python3.7/site-packages/airflow/example_dags/example_skip_dag.py took 0.168 seconds
[2022-08-22 23:40:14,514] {processor.py:153} INFO - Started process (PID=298) to work on /home/airflow/.local/lib/python3.7/site-packages/airflow/example_dags/example_skip_dag.py
[2022-08-22 23:40:14,517] {processor.py:641} INFO - Processing file /home/airflow/.local/lib/python3.7/site-packages/airflow/example_dags/example_skip_dag.py for tasks to queue
[2022-08-22 23:40:14,520] {logging_mixin.py:115} INFO - [2022-08-22 23:40:14,520] {dagbag.py:507} INFO - Filling up the DagBag from /home/airflow/.local/lib/python3.7/site-packages/airflow/example_dags/example_skip_dag.py
[2022-08-22 23:40:14,538] {processor.py:651} INFO - DAG(s) dict_keys(['example_skip_dag']) retrieved from /home/airflow/.local/lib/python3.7/site-packages/airflow/example_dags/example_skip_dag.py
[2022-08-22 23:40:14,609] {logging_mixin.py:115} INFO - [2022-08-22 23:40:14,609] {dag.py:2371} INFO - Sync 1 DAGs
[2022-08-22 23:40:14,672] {logging_mixin.py:115} INFO - [2022-08-22 23:40:14,671] {dag.py:2919} INFO - Setting next_dagrun for example_skip_dag to 2022-08-21T23:40:14.671129+00:00, run_after=2022-08-22T23:40:14.671129+00:00
[2022-08-22 23:40:14,705] {processor.py:161} INFO - Processing /home/airflow/.local/lib/python3.7/site-packages/airflow/example_dags/example_skip_dag.py took 0.198 seconds
[2022-08-22 23:40:48,063] {processor.py:153} INFO - Started process (PID=375) to work on /home/airflow/.local/lib/python3.7/site-packages/airflow/example_dags/example_skip_dag.py
[2022-08-22 23:40:48,065] {processor.py:641} INFO - Processing file /home/airflow/.local/lib/python3.7/site-packages/airflow/example_dags/example_skip_dag.py for tasks to queue
[2022-08-22 23:40:48,068] {logging_mixin.py:115} INFO - [2022-08-22 23:40:48,068] {dagbag.py:507} INFO - Filling up the DagBag from /home/airflow/.local/lib/python3.7/site-packages/airflow/example_dags/example_skip_dag.py
[2022-08-22 23:40:48,088] {processor.py:651} INFO - DAG(s) dict_keys(['example_skip_dag']) retrieved from /home/airflow/.local/lib/python3.7/site-packages/airflow/example_dags/example_skip_dag.py
[2022-08-22 23:40:48,176] {logging_mixin.py:115} INFO - [2022-08-22 23:40:48,176] {dag.py:2371} INFO - Sync 1 DAGs
[2022-08-22 23:40:48,267] {logging_mixin.py:115} INFO - [2022-08-22 23:40:48,267] {dag.py:2919} INFO - Setting next_dagrun for example_skip_dag to 2022-08-21T23:40:48.266477+00:00, run_after=2022-08-22T23:40:48.266477+00:00
[2022-08-22 23:40:48,324] {processor.py:161} INFO - Processing /home/airflow/.local/lib/python3.7/site-packages/airflow/example_dags/example_skip_dag.py took 0.271 seconds
[2022-08-22 23:41:18,873] {processor.py:153} INFO - Started process (PID=443) to work on /home/airflow/.local/lib/python3.7/site-packages/airflow/example_dags/example_skip_dag.py
[2022-08-22 23:41:18,876] {processor.py:641} INFO - Processing file /home/airflow/.local/lib/python3.7/site-packages/airflow/example_dags/example_skip_dag.py for tasks to queue
[2022-08-22 23:41:18,879] {logging_mixin.py:115} INFO - [2022-08-22 23:41:18,879] {dagbag.py:507} INFO - Filling up the DagBag from /home/airflow/.local/lib/python3.7/site-packages/airflow/example_dags/example_skip_dag.py
[2022-08-22 23:41:18,897] {processor.py:651} INFO - DAG(s) dict_keys(['example_skip_dag']) retrieved from /home/airflow/.local/lib/python3.7/site-packages/airflow/example_dags/example_skip_dag.py
[2022-08-22 23:41:18,967] {logging_mixin.py:115} INFO - [2022-08-22 23:41:18,967] {dag.py:2371} INFO - Sync 1 DAGs
[2022-08-22 23:41:19,025] {logging_mixin.py:115} INFO - [2022-08-22 23:41:19,025] {dag.py:2919} INFO - Setting next_dagrun for example_skip_dag to 2022-08-21T23:41:19.024368+00:00, run_after=2022-08-22T23:41:19.024368+00:00
[2022-08-22 23:41:19,061] {processor.py:161} INFO - Processing /home/airflow/.local/lib/python3.7/site-packages/airflow/example_dags/example_skip_dag.py took 0.195 seconds
[2022-08-22 23:41:50,021] {processor.py:153} INFO - Started process (PID=510) to work on /home/airflow/.local/lib/python3.7/site-packages/airflow/example_dags/example_skip_dag.py
[2022-08-22 23:41:50,023] {processor.py:641} INFO - Processing file /home/airflow/.local/lib/python3.7/site-packages/airflow/example_dags/example_skip_dag.py for tasks to queue
[2022-08-22 23:41:50,026] {logging_mixin.py:115} INFO - [2022-08-22 23:41:50,026] {dagbag.py:507} INFO - Filling up the DagBag from /home/airflow/.local/lib/python3.7/site-packages/airflow/example_dags/example_skip_dag.py
[2022-08-22 23:41:50,049] {processor.py:651} INFO - DAG(s) dict_keys(['example_skip_dag']) retrieved from /home/airflow/.local/lib/python3.7/site-packages/airflow/example_dags/example_skip_dag.py
[2022-08-22 23:41:50,121] {logging_mixin.py:115} INFO - [2022-08-22 23:41:50,121] {dag.py:2371} INFO - Sync 1 DAGs
[2022-08-22 23:41:50,176] {logging_mixin.py:115} INFO - [2022-08-22 23:41:50,176] {dag.py:2919} INFO - Setting next_dagrun for example_skip_dag to 2022-08-21T23:41:50.175895+00:00, run_after=2022-08-22T23:41:50.175895+00:00
[2022-08-22 23:41:50,209] {processor.py:161} INFO - Processing /home/airflow/.local/lib/python3.7/site-packages/airflow/example_dags/example_skip_dag.py took 0.200 seconds
[2022-08-22 23:42:20,833] {processor.py:153} INFO - Started process (PID=590) to work on /home/airflow/.local/lib/python3.7/site-packages/airflow/example_dags/example_skip_dag.py
[2022-08-22 23:42:20,836] {processor.py:641} INFO - Processing file /home/airflow/.local/lib/python3.7/site-packages/airflow/example_dags/example_skip_dag.py for tasks to queue
[2022-08-22 23:42:20,839] {logging_mixin.py:115} INFO - [2022-08-22 23:42:20,838] {dagbag.py:507} INFO - Filling up the DagBag from /home/airflow/.local/lib/python3.7/site-packages/airflow/example_dags/example_skip_dag.py
[2022-08-22 23:42:20,855] {processor.py:651} INFO - DAG(s) dict_keys(['example_skip_dag']) retrieved from /home/airflow/.local/lib/python3.7/site-packages/airflow/example_dags/example_skip_dag.py
[2022-08-22 23:42:20,918] {logging_mixin.py:115} INFO - [2022-08-22 23:42:20,918] {dag.py:2371} INFO - Sync 1 DAGs
[2022-08-22 23:42:20,972] {logging_mixin.py:115} INFO - [2022-08-22 23:42:20,972] {dag.py:2919} INFO - Setting next_dagrun for example_skip_dag to 2022-08-21T23:42:20.972070+00:00, run_after=2022-08-22T23:42:20.972070+00:00
[2022-08-22 23:42:21,004] {processor.py:161} INFO - Processing /home/airflow/.local/lib/python3.7/site-packages/airflow/example_dags/example_skip_dag.py took 0.177 seconds
[2022-08-22 23:42:51,827] {processor.py:153} INFO - Started process (PID=658) to work on /home/airflow/.local/lib/python3.7/site-packages/airflow/example_dags/example_skip_dag.py
[2022-08-22 23:42:51,829] {processor.py:641} INFO - Processing file /home/airflow/.local/lib/python3.7/site-packages/airflow/example_dags/example_skip_dag.py for tasks to queue
[2022-08-22 23:42:51,832] {logging_mixin.py:115} INFO - [2022-08-22 23:42:51,832] {dagbag.py:507} INFO - Filling up the DagBag from /home/airflow/.local/lib/python3.7/site-packages/airflow/example_dags/example_skip_dag.py
[2022-08-22 23:42:51,851] {processor.py:651} INFO - DAG(s) dict_keys(['example_skip_dag']) retrieved from /home/airflow/.local/lib/python3.7/site-packages/airflow/example_dags/example_skip_dag.py
[2022-08-22 23:42:51,923] {logging_mixin.py:115} INFO - [2022-08-22 23:42:51,923] {dag.py:2371} INFO - Sync 1 DAGs
[2022-08-22 23:42:51,982] {logging_mixin.py:115} INFO - [2022-08-22 23:42:51,982] {dag.py:2919} INFO - Setting next_dagrun for example_skip_dag to 2022-08-21T23:42:51.982052+00:00, run_after=2022-08-22T23:42:51.982052+00:00
[2022-08-22 23:42:52,019] {processor.py:161} INFO - Processing /home/airflow/.local/lib/python3.7/site-packages/airflow/example_dags/example_skip_dag.py took 0.200 seconds
[2022-08-22 23:43:22,792] {processor.py:153} INFO - Started process (PID=735) to work on /home/airflow/.local/lib/python3.7/site-packages/airflow/example_dags/example_skip_dag.py
[2022-08-22 23:43:22,795] {processor.py:641} INFO - Processing file /home/airflow/.local/lib/python3.7/site-packages/airflow/example_dags/example_skip_dag.py for tasks to queue
[2022-08-22 23:43:22,797] {logging_mixin.py:115} INFO - [2022-08-22 23:43:22,797] {dagbag.py:507} INFO - Filling up the DagBag from /home/airflow/.local/lib/python3.7/site-packages/airflow/example_dags/example_skip_dag.py
[2022-08-22 23:43:22,813] {processor.py:651} INFO - DAG(s) dict_keys(['example_skip_dag']) retrieved from /home/airflow/.local/lib/python3.7/site-packages/airflow/example_dags/example_skip_dag.py
[2022-08-22 23:43:22,890] {logging_mixin.py:115} INFO - [2022-08-22 23:43:22,890] {dag.py:2371} INFO - Sync 1 DAGs
[2022-08-22 23:43:22,999] {logging_mixin.py:115} INFO - [2022-08-22 23:43:22,999] {dag.py:2919} INFO - Setting next_dagrun for example_skip_dag to 2022-08-21T23:43:22.998285+00:00, run_after=2022-08-22T23:43:22.998285+00:00
[2022-08-22 23:43:23,036] {processor.py:161} INFO - Processing /home/airflow/.local/lib/python3.7/site-packages/airflow/example_dags/example_skip_dag.py took 0.255 seconds
[2022-08-22 23:43:54,070] {processor.py:153} INFO - Started process (PID=803) to work on /home/airflow/.local/lib/python3.7/site-packages/airflow/example_dags/example_skip_dag.py
[2022-08-22 23:43:54,075] {processor.py:641} INFO - Processing file /home/airflow/.local/lib/python3.7/site-packages/airflow/example_dags/example_skip_dag.py for tasks to queue
[2022-08-22 23:43:54,078] {logging_mixin.py:115} INFO - [2022-08-22 23:43:54,078] {dagbag.py:507} INFO - Filling up the DagBag from /home/airflow/.local/lib/python3.7/site-packages/airflow/example_dags/example_skip_dag.py
[2022-08-22 23:43:54,093] {processor.py:651} INFO - DAG(s) dict_keys(['example_skip_dag']) retrieved from /home/airflow/.local/lib/python3.7/site-packages/airflow/example_dags/example_skip_dag.py
[2022-08-22 23:43:54,157] {logging_mixin.py:115} INFO - [2022-08-22 23:43:54,157] {dag.py:2371} INFO - Sync 1 DAGs
[2022-08-22 23:43:54,205] {logging_mixin.py:115} INFO - [2022-08-22 23:43:54,204] {dag.py:2919} INFO - Setting next_dagrun for example_skip_dag to 2022-08-21T23:43:54.204189+00:00, run_after=2022-08-22T23:43:54.204189+00:00
[2022-08-22 23:43:54,229] {processor.py:161} INFO - Processing /home/airflow/.local/lib/python3.7/site-packages/airflow/example_dags/example_skip_dag.py took 0.165 seconds
[2022-08-22 23:44:25,067] {processor.py:153} INFO - Started process (PID=870) to work on /home/airflow/.local/lib/python3.7/site-packages/airflow/example_dags/example_skip_dag.py
[2022-08-22 23:44:25,069] {processor.py:641} INFO - Processing file /home/airflow/.local/lib/python3.7/site-packages/airflow/example_dags/example_skip_dag.py for tasks to queue
[2022-08-22 23:44:25,072] {logging_mixin.py:115} INFO - [2022-08-22 23:44:25,071] {dagbag.py:507} INFO - Filling up the DagBag from /home/airflow/.local/lib/python3.7/site-packages/airflow/example_dags/example_skip_dag.py
[2022-08-22 23:44:25,084] {processor.py:651} INFO - DAG(s) dict_keys(['example_skip_dag']) retrieved from /home/airflow/.local/lib/python3.7/site-packages/airflow/example_dags/example_skip_dag.py
[2022-08-22 23:44:25,156] {logging_mixin.py:115} INFO - [2022-08-22 23:44:25,156] {dag.py:2371} INFO - Sync 1 DAGs
[2022-08-22 23:44:25,208] {logging_mixin.py:115} INFO - [2022-08-22 23:44:25,208] {dag.py:2919} INFO - Setting next_dagrun for example_skip_dag to 2022-08-21T23:44:25.207679+00:00, run_after=2022-08-22T23:44:25.207679+00:00
[2022-08-22 23:44:25,235] {processor.py:161} INFO - Processing /home/airflow/.local/lib/python3.7/site-packages/airflow/example_dags/example_skip_dag.py took 0.175 seconds
[2022-08-22 23:44:55,897] {processor.py:153} INFO - Started process (PID=947) to work on /home/airflow/.local/lib/python3.7/site-packages/airflow/example_dags/example_skip_dag.py
[2022-08-22 23:44:55,898] {processor.py:641} INFO - Processing file /home/airflow/.local/lib/python3.7/site-packages/airflow/example_dags/example_skip_dag.py for tasks to queue
[2022-08-22 23:44:55,899] {logging_mixin.py:115} INFO - [2022-08-22 23:44:55,899] {dagbag.py:507} INFO - Filling up the DagBag from /home/airflow/.local/lib/python3.7/site-packages/airflow/example_dags/example_skip_dag.py
[2022-08-22 23:44:55,907] {processor.py:651} INFO - DAG(s) dict_keys(['example_skip_dag']) retrieved from /home/airflow/.local/lib/python3.7/site-packages/airflow/example_dags/example_skip_dag.py
[2022-08-22 23:44:55,935] {logging_mixin.py:115} INFO - [2022-08-22 23:44:55,935] {dag.py:2371} INFO - Sync 1 DAGs
[2022-08-22 23:44:55,959] {logging_mixin.py:115} INFO - [2022-08-22 23:44:55,959] {dag.py:2919} INFO - Setting next_dagrun for example_skip_dag to 2022-08-21T23:44:55.958887+00:00, run_after=2022-08-22T23:44:55.958887+00:00
[2022-08-22 23:44:55,971] {processor.py:161} INFO - Processing /home/airflow/.local/lib/python3.7/site-packages/airflow/example_dags/example_skip_dag.py took 0.078 seconds
[2022-08-22 23:45:26,949] {processor.py:153} INFO - Started process (PID=1024) to work on /home/airflow/.local/lib/python3.7/site-packages/airflow/example_dags/example_skip_dag.py
[2022-08-22 23:45:26,951] {processor.py:641} INFO - Processing file /home/airflow/.local/lib/python3.7/site-packages/airflow/example_dags/example_skip_dag.py for tasks to queue
[2022-08-22 23:45:26,953] {logging_mixin.py:115} INFO - [2022-08-22 23:45:26,953] {dagbag.py:507} INFO - Filling up the DagBag from /home/airflow/.local/lib/python3.7/site-packages/airflow/example_dags/example_skip_dag.py
[2022-08-22 23:45:26,959] {processor.py:651} INFO - DAG(s) dict_keys(['example_skip_dag']) retrieved from /home/airflow/.local/lib/python3.7/site-packages/airflow/example_dags/example_skip_dag.py
[2022-08-22 23:45:27,001] {logging_mixin.py:115} INFO - [2022-08-22 23:45:27,001] {dag.py:2371} INFO - Sync 1 DAGs
[2022-08-22 23:45:27,041] {logging_mixin.py:115} INFO - [2022-08-22 23:45:27,041] {dag.py:2919} INFO - Setting next_dagrun for example_skip_dag to 2022-08-21T23:45:27.040889+00:00, run_after=2022-08-22T23:45:27.040889+00:00
[2022-08-22 23:45:27,085] {processor.py:161} INFO - Processing /home/airflow/.local/lib/python3.7/site-packages/airflow/example_dags/example_skip_dag.py took 0.140 seconds
[2022-08-22 23:45:57,195] {processor.py:153} INFO - Started process (PID=1090) to work on /home/airflow/.local/lib/python3.7/site-packages/airflow/example_dags/example_skip_dag.py
[2022-08-22 23:45:57,196] {processor.py:641} INFO - Processing file /home/airflow/.local/lib/python3.7/site-packages/airflow/example_dags/example_skip_dag.py for tasks to queue
[2022-08-22 23:45:57,198] {logging_mixin.py:115} INFO - [2022-08-22 23:45:57,197] {dagbag.py:507} INFO - Filling up the DagBag from /home/airflow/.local/lib/python3.7/site-packages/airflow/example_dags/example_skip_dag.py
[2022-08-22 23:45:57,204] {processor.py:651} INFO - DAG(s) dict_keys(['example_skip_dag']) retrieved from /home/airflow/.local/lib/python3.7/site-packages/airflow/example_dags/example_skip_dag.py
[2022-08-22 23:45:57,233] {logging_mixin.py:115} INFO - [2022-08-22 23:45:57,233] {dag.py:2371} INFO - Sync 1 DAGs
[2022-08-22 23:45:57,260] {logging_mixin.py:115} INFO - [2022-08-22 23:45:57,260] {dag.py:2919} INFO - Setting next_dagrun for example_skip_dag to 2022-08-21T23:45:57.260168+00:00, run_after=2022-08-22T23:45:57.260168+00:00
[2022-08-22 23:45:57,274] {processor.py:161} INFO - Processing /home/airflow/.local/lib/python3.7/site-packages/airflow/example_dags/example_skip_dag.py took 0.083 seconds
[2022-08-22 23:46:28,234] {processor.py:153} INFO - Started process (PID=1167) to work on /home/airflow/.local/lib/python3.7/site-packages/airflow/example_dags/example_skip_dag.py
[2022-08-22 23:46:28,235] {processor.py:641} INFO - Processing file /home/airflow/.local/lib/python3.7/site-packages/airflow/example_dags/example_skip_dag.py for tasks to queue
[2022-08-22 23:46:28,236] {logging_mixin.py:115} INFO - [2022-08-22 23:46:28,236] {dagbag.py:507} INFO - Filling up the DagBag from /home/airflow/.local/lib/python3.7/site-packages/airflow/example_dags/example_skip_dag.py
[2022-08-22 23:46:28,241] {processor.py:651} INFO - DAG(s) dict_keys(['example_skip_dag']) retrieved from /home/airflow/.local/lib/python3.7/site-packages/airflow/example_dags/example_skip_dag.py
[2022-08-22 23:46:28,272] {logging_mixin.py:115} INFO - [2022-08-22 23:46:28,272] {dag.py:2371} INFO - Sync 1 DAGs
[2022-08-22 23:46:28,295] {logging_mixin.py:115} INFO - [2022-08-22 23:46:28,295] {dag.py:2919} INFO - Setting next_dagrun for example_skip_dag to 2022-08-21T23:46:28.295149+00:00, run_after=2022-08-22T23:46:28.295149+00:00
[2022-08-22 23:46:28,309] {processor.py:161} INFO - Processing /home/airflow/.local/lib/python3.7/site-packages/airflow/example_dags/example_skip_dag.py took 0.079 seconds
[2022-08-22 23:46:58,951] {processor.py:153} INFO - Started process (PID=1244) to work on /home/airflow/.local/lib/python3.7/site-packages/airflow/example_dags/example_skip_dag.py
[2022-08-22 23:46:58,952] {processor.py:641} INFO - Processing file /home/airflow/.local/lib/python3.7/site-packages/airflow/example_dags/example_skip_dag.py for tasks to queue
[2022-08-22 23:46:58,953] {logging_mixin.py:115} INFO - [2022-08-22 23:46:58,953] {dagbag.py:507} INFO - Filling up the DagBag from /home/airflow/.local/lib/python3.7/site-packages/airflow/example_dags/example_skip_dag.py
[2022-08-22 23:46:58,959] {processor.py:651} INFO - DAG(s) dict_keys(['example_skip_dag']) retrieved from /home/airflow/.local/lib/python3.7/site-packages/airflow/example_dags/example_skip_dag.py
[2022-08-22 23:46:58,987] {logging_mixin.py:115} INFO - [2022-08-22 23:46:58,987] {dag.py:2371} INFO - Sync 1 DAGs
[2022-08-22 23:46:59,010] {logging_mixin.py:115} INFO - [2022-08-22 23:46:59,010] {dag.py:2919} INFO - Setting next_dagrun for example_skip_dag to 2022-08-21T23:46:59.010432+00:00, run_after=2022-08-22T23:46:59.010432+00:00
[2022-08-22 23:46:59,021] {processor.py:161} INFO - Processing /home/airflow/.local/lib/python3.7/site-packages/airflow/example_dags/example_skip_dag.py took 0.074 seconds
[2022-08-22 23:47:29,519] {processor.py:153} INFO - Started process (PID=1321) to work on /home/airflow/.local/lib/python3.7/site-packages/airflow/example_dags/example_skip_dag.py
[2022-08-22 23:47:29,520] {processor.py:641} INFO - Processing file /home/airflow/.local/lib/python3.7/site-packages/airflow/example_dags/example_skip_dag.py for tasks to queue
[2022-08-22 23:47:29,521] {logging_mixin.py:115} INFO - [2022-08-22 23:47:29,521] {dagbag.py:507} INFO - Filling up the DagBag from /home/airflow/.local/lib/python3.7/site-packages/airflow/example_dags/example_skip_dag.py
[2022-08-22 23:47:29,527] {processor.py:651} INFO - DAG(s) dict_keys(['example_skip_dag']) retrieved from /home/airflow/.local/lib/python3.7/site-packages/airflow/example_dags/example_skip_dag.py
[2022-08-22 23:47:29,553] {logging_mixin.py:115} INFO - [2022-08-22 23:47:29,553] {dag.py:2371} INFO - Sync 1 DAGs
[2022-08-22 23:47:29,575] {logging_mixin.py:115} INFO - [2022-08-22 23:47:29,575] {dag.py:2919} INFO - Setting next_dagrun for example_skip_dag to 2022-08-21T23:47:29.575387+00:00, run_after=2022-08-22T23:47:29.575387+00:00
[2022-08-22 23:47:29,588] {processor.py:161} INFO - Processing /home/airflow/.local/lib/python3.7/site-packages/airflow/example_dags/example_skip_dag.py took 0.072 seconds
[2022-08-22 23:48:00,150] {processor.py:153} INFO - Started process (PID=1389) to work on /home/airflow/.local/lib/python3.7/site-packages/airflow/example_dags/example_skip_dag.py
[2022-08-22 23:48:00,151] {processor.py:641} INFO - Processing file /home/airflow/.local/lib/python3.7/site-packages/airflow/example_dags/example_skip_dag.py for tasks to queue
[2022-08-22 23:48:00,152] {logging_mixin.py:115} INFO - [2022-08-22 23:48:00,152] {dagbag.py:507} INFO - Filling up the DagBag from /home/airflow/.local/lib/python3.7/site-packages/airflow/example_dags/example_skip_dag.py
[2022-08-22 23:48:00,157] {processor.py:651} INFO - DAG(s) dict_keys(['example_skip_dag']) retrieved from /home/airflow/.local/lib/python3.7/site-packages/airflow/example_dags/example_skip_dag.py
[2022-08-22 23:48:00,185] {logging_mixin.py:115} INFO - [2022-08-22 23:48:00,185] {dag.py:2371} INFO - Sync 1 DAGs
[2022-08-22 23:48:00,207] {logging_mixin.py:115} INFO - [2022-08-22 23:48:00,206] {dag.py:2919} INFO - Setting next_dagrun for example_skip_dag to 2022-08-21T23:48:00.206675+00:00, run_after=2022-08-22T23:48:00.206675+00:00
[2022-08-22 23:48:00,217] {processor.py:161} INFO - Processing /home/airflow/.local/lib/python3.7/site-packages/airflow/example_dags/example_skip_dag.py took 0.071 seconds
[2022-08-22 23:48:30,950] {processor.py:153} INFO - Started process (PID=1466) to work on /home/airflow/.local/lib/python3.7/site-packages/airflow/example_dags/example_skip_dag.py
[2022-08-22 23:48:30,952] {processor.py:641} INFO - Processing file /home/airflow/.local/lib/python3.7/site-packages/airflow/example_dags/example_skip_dag.py for tasks to queue
[2022-08-22 23:48:30,953] {logging_mixin.py:115} INFO - [2022-08-22 23:48:30,953] {dagbag.py:507} INFO - Filling up the DagBag from /home/airflow/.local/lib/python3.7/site-packages/airflow/example_dags/example_skip_dag.py
[2022-08-22 23:48:30,959] {processor.py:651} INFO - DAG(s) dict_keys(['example_skip_dag']) retrieved from /home/airflow/.local/lib/python3.7/site-packages/airflow/example_dags/example_skip_dag.py
[2022-08-22 23:48:30,987] {logging_mixin.py:115} INFO - [2022-08-22 23:48:30,987] {dag.py:2371} INFO - Sync 1 DAGs
[2022-08-22 23:48:31,010] {logging_mixin.py:115} INFO - [2022-08-22 23:48:31,010] {dag.py:2919} INFO - Setting next_dagrun for example_skip_dag to 2022-08-21T23:48:31.009819+00:00, run_after=2022-08-22T23:48:31.009819+00:00
[2022-08-22 23:48:31,022] {processor.py:161} INFO - Processing /home/airflow/.local/lib/python3.7/site-packages/airflow/example_dags/example_skip_dag.py took 0.075 seconds
[2022-08-22 23:49:01,139] {processor.py:153} INFO - Started process (PID=1543) to work on /home/airflow/.local/lib/python3.7/site-packages/airflow/example_dags/example_skip_dag.py
[2022-08-22 23:49:01,140] {processor.py:641} INFO - Processing file /home/airflow/.local/lib/python3.7/site-packages/airflow/example_dags/example_skip_dag.py for tasks to queue
[2022-08-22 23:49:01,141] {logging_mixin.py:115} INFO - [2022-08-22 23:49:01,141] {dagbag.py:507} INFO - Filling up the DagBag from /home/airflow/.local/lib/python3.7/site-packages/airflow/example_dags/example_skip_dag.py
[2022-08-22 23:49:01,147] {processor.py:651} INFO - DAG(s) dict_keys(['example_skip_dag']) retrieved from /home/airflow/.local/lib/python3.7/site-packages/airflow/example_dags/example_skip_dag.py
[2022-08-22 23:49:01,175] {logging_mixin.py:115} INFO - [2022-08-22 23:49:01,175] {dag.py:2371} INFO - Sync 1 DAGs
[2022-08-22 23:49:01,200] {logging_mixin.py:115} INFO - [2022-08-22 23:49:01,200] {dag.py:2919} INFO - Setting next_dagrun for example_skip_dag to 2022-08-21T23:49:01.200026+00:00, run_after=2022-08-22T23:49:01.200026+00:00
[2022-08-22 23:49:01,212] {processor.py:161} INFO - Processing /home/airflow/.local/lib/python3.7/site-packages/airflow/example_dags/example_skip_dag.py took 0.076 seconds
[2022-08-22 23:49:31,896] {processor.py:153} INFO - Started process (PID=1620) to work on /home/airflow/.local/lib/python3.7/site-packages/airflow/example_dags/example_skip_dag.py
[2022-08-22 23:49:31,897] {processor.py:641} INFO - Processing file /home/airflow/.local/lib/python3.7/site-packages/airflow/example_dags/example_skip_dag.py for tasks to queue
[2022-08-22 23:49:31,898] {logging_mixin.py:115} INFO - [2022-08-22 23:49:31,898] {dagbag.py:507} INFO - Filling up the DagBag from /home/airflow/.local/lib/python3.7/site-packages/airflow/example_dags/example_skip_dag.py
[2022-08-22 23:49:31,904] {processor.py:651} INFO - DAG(s) dict_keys(['example_skip_dag']) retrieved from /home/airflow/.local/lib/python3.7/site-packages/airflow/example_dags/example_skip_dag.py
[2022-08-22 23:49:31,934] {logging_mixin.py:115} INFO - [2022-08-22 23:49:31,934] {dag.py:2371} INFO - Sync 1 DAGs
[2022-08-22 23:49:31,958] {logging_mixin.py:115} INFO - [2022-08-22 23:49:31,957] {dag.py:2919} INFO - Setting next_dagrun for example_skip_dag to 2022-08-21T23:49:31.957690+00:00, run_after=2022-08-22T23:49:31.957690+00:00
[2022-08-22 23:49:31,971] {processor.py:161} INFO - Processing /home/airflow/.local/lib/python3.7/site-packages/airflow/example_dags/example_skip_dag.py took 0.079 seconds
[2022-08-22 23:50:02,424] {processor.py:153} INFO - Started process (PID=1688) to work on /home/airflow/.local/lib/python3.7/site-packages/airflow/example_dags/example_skip_dag.py
[2022-08-22 23:50:02,426] {processor.py:641} INFO - Processing file /home/airflow/.local/lib/python3.7/site-packages/airflow/example_dags/example_skip_dag.py for tasks to queue
[2022-08-22 23:50:02,427] {logging_mixin.py:115} INFO - [2022-08-22 23:50:02,427] {dagbag.py:507} INFO - Filling up the DagBag from /home/airflow/.local/lib/python3.7/site-packages/airflow/example_dags/example_skip_dag.py
[2022-08-22 23:50:02,433] {processor.py:651} INFO - DAG(s) dict_keys(['example_skip_dag']) retrieved from /home/airflow/.local/lib/python3.7/site-packages/airflow/example_dags/example_skip_dag.py
[2022-08-22 23:50:02,464] {logging_mixin.py:115} INFO - [2022-08-22 23:50:02,464] {dag.py:2371} INFO - Sync 1 DAGs
[2022-08-22 23:50:02,490] {logging_mixin.py:115} INFO - [2022-08-22 23:50:02,490] {dag.py:2919} INFO - Setting next_dagrun for example_skip_dag to 2022-08-21T23:50:02.490364+00:00, run_after=2022-08-22T23:50:02.490364+00:00
[2022-08-22 23:50:02,504] {processor.py:161} INFO - Processing /home/airflow/.local/lib/python3.7/site-packages/airflow/example_dags/example_skip_dag.py took 0.083 seconds
[2022-08-22 23:50:33,014] {processor.py:153} INFO - Started process (PID=1765) to work on /home/airflow/.local/lib/python3.7/site-packages/airflow/example_dags/example_skip_dag.py
[2022-08-22 23:50:33,015] {processor.py:641} INFO - Processing file /home/airflow/.local/lib/python3.7/site-packages/airflow/example_dags/example_skip_dag.py for tasks to queue
[2022-08-22 23:50:33,016] {logging_mixin.py:115} INFO - [2022-08-22 23:50:33,016] {dagbag.py:507} INFO - Filling up the DagBag from /home/airflow/.local/lib/python3.7/site-packages/airflow/example_dags/example_skip_dag.py
[2022-08-22 23:50:33,022] {processor.py:651} INFO - DAG(s) dict_keys(['example_skip_dag']) retrieved from /home/airflow/.local/lib/python3.7/site-packages/airflow/example_dags/example_skip_dag.py
[2022-08-22 23:50:33,051] {logging_mixin.py:115} INFO - [2022-08-22 23:50:33,051] {dag.py:2371} INFO - Sync 1 DAGs
[2022-08-22 23:50:33,075] {logging_mixin.py:115} INFO - [2022-08-22 23:50:33,075] {dag.py:2919} INFO - Setting next_dagrun for example_skip_dag to 2022-08-21T23:50:33.074787+00:00, run_after=2022-08-22T23:50:33.074787+00:00
[2022-08-22 23:50:33,087] {processor.py:161} INFO - Processing /home/airflow/.local/lib/python3.7/site-packages/airflow/example_dags/example_skip_dag.py took 0.077 seconds
[2022-08-22 23:51:03,558] {processor.py:153} INFO - Started process (PID=1842) to work on /home/airflow/.local/lib/python3.7/site-packages/airflow/example_dags/example_skip_dag.py
[2022-08-22 23:51:03,560] {processor.py:641} INFO - Processing file /home/airflow/.local/lib/python3.7/site-packages/airflow/example_dags/example_skip_dag.py for tasks to queue
[2022-08-22 23:51:03,561] {logging_mixin.py:115} INFO - [2022-08-22 23:51:03,561] {dagbag.py:507} INFO - Filling up the DagBag from /home/airflow/.local/lib/python3.7/site-packages/airflow/example_dags/example_skip_dag.py
[2022-08-22 23:51:03,566] {processor.py:651} INFO - DAG(s) dict_keys(['example_skip_dag']) retrieved from /home/airflow/.local/lib/python3.7/site-packages/airflow/example_dags/example_skip_dag.py
[2022-08-22 23:51:03,595] {logging_mixin.py:115} INFO - [2022-08-22 23:51:03,595] {dag.py:2371} INFO - Sync 1 DAGs
[2022-08-22 23:51:03,617] {logging_mixin.py:115} INFO - [2022-08-22 23:51:03,617] {dag.py:2919} INFO - Setting next_dagrun for example_skip_dag to 2022-08-21T23:51:03.617211+00:00, run_after=2022-08-22T23:51:03.617211+00:00
[2022-08-22 23:51:03,629] {processor.py:161} INFO - Processing /home/airflow/.local/lib/python3.7/site-packages/airflow/example_dags/example_skip_dag.py took 0.074 seconds
[2022-08-22 23:51:34,319] {processor.py:153} INFO - Started process (PID=1917) to work on /home/airflow/.local/lib/python3.7/site-packages/airflow/example_dags/example_skip_dag.py
[2022-08-22 23:51:34,320] {processor.py:641} INFO - Processing file /home/airflow/.local/lib/python3.7/site-packages/airflow/example_dags/example_skip_dag.py for tasks to queue
[2022-08-22 23:51:34,321] {logging_mixin.py:115} INFO - [2022-08-22 23:51:34,321] {dagbag.py:507} INFO - Filling up the DagBag from /home/airflow/.local/lib/python3.7/site-packages/airflow/example_dags/example_skip_dag.py
[2022-08-22 23:51:34,326] {processor.py:651} INFO - DAG(s) dict_keys(['example_skip_dag']) retrieved from /home/airflow/.local/lib/python3.7/site-packages/airflow/example_dags/example_skip_dag.py
[2022-08-22 23:51:34,353] {logging_mixin.py:115} INFO - [2022-08-22 23:51:34,353] {dag.py:2371} INFO - Sync 1 DAGs
[2022-08-22 23:51:34,374] {logging_mixin.py:115} INFO - [2022-08-22 23:51:34,373] {dag.py:2919} INFO - Setting next_dagrun for example_skip_dag to 2022-08-21T23:51:34.373699+00:00, run_after=2022-08-22T23:51:34.373699+00:00
[2022-08-22 23:51:34,384] {processor.py:161} INFO - Processing /home/airflow/.local/lib/python3.7/site-packages/airflow/example_dags/example_skip_dag.py took 0.068 seconds
[2022-08-22 23:52:04,744] {processor.py:153} INFO - Started process (PID=1987) to work on /home/airflow/.local/lib/python3.7/site-packages/airflow/example_dags/example_skip_dag.py
[2022-08-22 23:52:04,745] {processor.py:641} INFO - Processing file /home/airflow/.local/lib/python3.7/site-packages/airflow/example_dags/example_skip_dag.py for tasks to queue
[2022-08-22 23:52:04,746] {logging_mixin.py:115} INFO - [2022-08-22 23:52:04,746] {dagbag.py:507} INFO - Filling up the DagBag from /home/airflow/.local/lib/python3.7/site-packages/airflow/example_dags/example_skip_dag.py
[2022-08-22 23:52:04,752] {processor.py:651} INFO - DAG(s) dict_keys(['example_skip_dag']) retrieved from /home/airflow/.local/lib/python3.7/site-packages/airflow/example_dags/example_skip_dag.py
[2022-08-22 23:52:04,780] {logging_mixin.py:115} INFO - [2022-08-22 23:52:04,779] {dag.py:2371} INFO - Sync 1 DAGs
[2022-08-22 23:52:04,802] {logging_mixin.py:115} INFO - [2022-08-22 23:52:04,802] {dag.py:2919} INFO - Setting next_dagrun for example_skip_dag to 2022-08-21T23:52:04.802371+00:00, run_after=2022-08-22T23:52:04.802371+00:00
[2022-08-22 23:52:04,814] {processor.py:161} INFO - Processing /home/airflow/.local/lib/python3.7/site-packages/airflow/example_dags/example_skip_dag.py took 0.074 seconds
[2022-08-22 23:52:35,332] {processor.py:153} INFO - Started process (PID=2064) to work on /home/airflow/.local/lib/python3.7/site-packages/airflow/example_dags/example_skip_dag.py
[2022-08-22 23:52:35,333] {processor.py:641} INFO - Processing file /home/airflow/.local/lib/python3.7/site-packages/airflow/example_dags/example_skip_dag.py for tasks to queue
[2022-08-22 23:52:35,334] {logging_mixin.py:115} INFO - [2022-08-22 23:52:35,334] {dagbag.py:507} INFO - Filling up the DagBag from /home/airflow/.local/lib/python3.7/site-packages/airflow/example_dags/example_skip_dag.py
[2022-08-22 23:52:35,340] {processor.py:651} INFO - DAG(s) dict_keys(['example_skip_dag']) retrieved from /home/airflow/.local/lib/python3.7/site-packages/airflow/example_dags/example_skip_dag.py
[2022-08-22 23:52:35,367] {logging_mixin.py:115} INFO - [2022-08-22 23:52:35,367] {dag.py:2371} INFO - Sync 1 DAGs
[2022-08-22 23:52:35,389] {logging_mixin.py:115} INFO - [2022-08-22 23:52:35,389] {dag.py:2919} INFO - Setting next_dagrun for example_skip_dag to 2022-08-21T23:52:35.389142+00:00, run_after=2022-08-22T23:52:35.389142+00:00
[2022-08-22 23:52:35,401] {processor.py:161} INFO - Processing /home/airflow/.local/lib/python3.7/site-packages/airflow/example_dags/example_skip_dag.py took 0.073 seconds
[2022-08-22 23:53:05,859] {processor.py:153} INFO - Started process (PID=2141) to work on /home/airflow/.local/lib/python3.7/site-packages/airflow/example_dags/example_skip_dag.py
[2022-08-22 23:53:05,860] {processor.py:641} INFO - Processing file /home/airflow/.local/lib/python3.7/site-packages/airflow/example_dags/example_skip_dag.py for tasks to queue
[2022-08-22 23:53:05,861] {logging_mixin.py:115} INFO - [2022-08-22 23:53:05,860] {dagbag.py:507} INFO - Filling up the DagBag from /home/airflow/.local/lib/python3.7/site-packages/airflow/example_dags/example_skip_dag.py
[2022-08-22 23:53:05,866] {processor.py:651} INFO - DAG(s) dict_keys(['example_skip_dag']) retrieved from /home/airflow/.local/lib/python3.7/site-packages/airflow/example_dags/example_skip_dag.py
[2022-08-22 23:53:05,893] {logging_mixin.py:115} INFO - [2022-08-22 23:53:05,893] {dag.py:2371} INFO - Sync 1 DAGs
[2022-08-22 23:53:05,916] {logging_mixin.py:115} INFO - [2022-08-22 23:53:05,916] {dag.py:2919} INFO - Setting next_dagrun for example_skip_dag to 2022-08-21T23:53:05.916541+00:00, run_after=2022-08-22T23:53:05.916541+00:00
[2022-08-22 23:53:05,928] {processor.py:161} INFO - Processing /home/airflow/.local/lib/python3.7/site-packages/airflow/example_dags/example_skip_dag.py took 0.073 seconds
[2022-08-22 23:53:36,407] {processor.py:153} INFO - Started process (PID=2218) to work on /home/airflow/.local/lib/python3.7/site-packages/airflow/example_dags/example_skip_dag.py
[2022-08-22 23:53:36,408] {processor.py:641} INFO - Processing file /home/airflow/.local/lib/python3.7/site-packages/airflow/example_dags/example_skip_dag.py for tasks to queue
[2022-08-22 23:53:36,409] {logging_mixin.py:115} INFO - [2022-08-22 23:53:36,409] {dagbag.py:507} INFO - Filling up the DagBag from /home/airflow/.local/lib/python3.7/site-packages/airflow/example_dags/example_skip_dag.py
[2022-08-22 23:53:36,415] {processor.py:651} INFO - DAG(s) dict_keys(['example_skip_dag']) retrieved from /home/airflow/.local/lib/python3.7/site-packages/airflow/example_dags/example_skip_dag.py
[2022-08-22 23:53:36,442] {logging_mixin.py:115} INFO - [2022-08-22 23:53:36,442] {dag.py:2371} INFO - Sync 1 DAGs
[2022-08-22 23:53:36,465] {logging_mixin.py:115} INFO - [2022-08-22 23:53:36,464] {dag.py:2919} INFO - Setting next_dagrun for example_skip_dag to 2022-08-21T23:53:36.464676+00:00, run_after=2022-08-22T23:53:36.464676+00:00
[2022-08-22 23:53:36,476] {processor.py:161} INFO - Processing /home/airflow/.local/lib/python3.7/site-packages/airflow/example_dags/example_skip_dag.py took 0.072 seconds
[2022-08-22 23:54:07,022] {processor.py:153} INFO - Started process (PID=2286) to work on /home/airflow/.local/lib/python3.7/site-packages/airflow/example_dags/example_skip_dag.py
[2022-08-22 23:54:07,023] {processor.py:641} INFO - Processing file /home/airflow/.local/lib/python3.7/site-packages/airflow/example_dags/example_skip_dag.py for tasks to queue
[2022-08-22 23:54:07,024] {logging_mixin.py:115} INFO - [2022-08-22 23:54:07,024] {dagbag.py:507} INFO - Filling up the DagBag from /home/airflow/.local/lib/python3.7/site-packages/airflow/example_dags/example_skip_dag.py
[2022-08-22 23:54:07,030] {processor.py:651} INFO - DAG(s) dict_keys(['example_skip_dag']) retrieved from /home/airflow/.local/lib/python3.7/site-packages/airflow/example_dags/example_skip_dag.py
[2022-08-22 23:54:07,057] {logging_mixin.py:115} INFO - [2022-08-22 23:54:07,057] {dag.py:2371} INFO - Sync 1 DAGs
[2022-08-22 23:54:07,079] {logging_mixin.py:115} INFO - [2022-08-22 23:54:07,079] {dag.py:2919} INFO - Setting next_dagrun for example_skip_dag to 2022-08-21T23:54:07.078818+00:00, run_after=2022-08-22T23:54:07.078818+00:00
[2022-08-22 23:54:07,090] {processor.py:161} INFO - Processing /home/airflow/.local/lib/python3.7/site-packages/airflow/example_dags/example_skip_dag.py took 0.071 seconds
[2022-08-22 23:54:37,713] {processor.py:153} INFO - Started process (PID=2363) to work on /home/airflow/.local/lib/python3.7/site-packages/airflow/example_dags/example_skip_dag.py
[2022-08-22 23:54:37,714] {processor.py:641} INFO - Processing file /home/airflow/.local/lib/python3.7/site-packages/airflow/example_dags/example_skip_dag.py for tasks to queue
[2022-08-22 23:54:37,715] {logging_mixin.py:115} INFO - [2022-08-22 23:54:37,715] {dagbag.py:507} INFO - Filling up the DagBag from /home/airflow/.local/lib/python3.7/site-packages/airflow/example_dags/example_skip_dag.py
[2022-08-22 23:54:37,721] {processor.py:651} INFO - DAG(s) dict_keys(['example_skip_dag']) retrieved from /home/airflow/.local/lib/python3.7/site-packages/airflow/example_dags/example_skip_dag.py
[2022-08-22 23:54:37,749] {logging_mixin.py:115} INFO - [2022-08-22 23:54:37,748] {dag.py:2371} INFO - Sync 1 DAGs
[2022-08-22 23:54:37,771] {logging_mixin.py:115} INFO - [2022-08-22 23:54:37,771] {dag.py:2919} INFO - Setting next_dagrun for example_skip_dag to 2022-08-21T23:54:37.770796+00:00, run_after=2022-08-22T23:54:37.770796+00:00
[2022-08-22 23:54:37,782] {processor.py:161} INFO - Processing /home/airflow/.local/lib/python3.7/site-packages/airflow/example_dags/example_skip_dag.py took 0.072 seconds
[2022-08-22 23:55:08,430] {processor.py:153} INFO - Started process (PID=2440) to work on /home/airflow/.local/lib/python3.7/site-packages/airflow/example_dags/example_skip_dag.py
[2022-08-22 23:55:08,430] {processor.py:641} INFO - Processing file /home/airflow/.local/lib/python3.7/site-packages/airflow/example_dags/example_skip_dag.py for tasks to queue
[2022-08-22 23:55:08,431] {logging_mixin.py:115} INFO - [2022-08-22 23:55:08,431] {dagbag.py:507} INFO - Filling up the DagBag from /home/airflow/.local/lib/python3.7/site-packages/airflow/example_dags/example_skip_dag.py
[2022-08-22 23:55:08,437] {processor.py:651} INFO - DAG(s) dict_keys(['example_skip_dag']) retrieved from /home/airflow/.local/lib/python3.7/site-packages/airflow/example_dags/example_skip_dag.py
[2022-08-22 23:55:08,463] {logging_mixin.py:115} INFO - [2022-08-22 23:55:08,463] {dag.py:2371} INFO - Sync 1 DAGs
[2022-08-22 23:55:08,463] {logging_mixin.py:115} INFO - [2022-08-22 23:55:08,463] {dag.py:2919} INFO - Setting next_dagrun for example_skip_dag to 2022-08-21T23:55:08.463001+00:00, run_after=2022-08-22T23:55:08.463001+00:00
[2022-08-22 23:55:08,477] {processor.py:161} INFO - Processing /home/airflow/.local/lib/python3.7/site-packages/airflow/example_dags/example_skip_dag.py took 0.073 seconds
[2022-08-22 23:55:38,924] {processor.py:153} INFO - Started process (PID=2517) to work on /home/airflow/.local/lib/python3.7/site-packages/airflow/example_dags/example_skip_dag.py
[2022-08-22 23:55:38,925] {processor.py:641} INFO - Processing file /home/airflow/.local/lib/python3.7/site-packages/airflow/example_dags/example_skip_dag.py for tasks to queue
[2022-08-22 23:55:38,926] {logging_mixin.py:115} INFO - [2022-08-22 23:55:38,926] {dagbag.py:507} INFO - Filling up the DagBag from /home/airflow/.local/lib/python3.7/site-packages/airflow/example_dags/example_skip_dag.py
[2022-08-22 23:55:38,932] {processor.py:651} INFO - DAG(s) dict_keys(['example_skip_dag']) retrieved from /home/airflow/.local/lib/python3.7/site-packages/airflow/example_dags/example_skip_dag.py
[2022-08-22 23:55:38,959] {logging_mixin.py:115} INFO - [2022-08-22 23:55:38,959] {dag.py:2371} INFO - Sync 1 DAGs
[2022-08-22 23:55:38,980] {logging_mixin.py:115} INFO - [2022-08-22 23:55:38,980] {dag.py:2919} INFO - Setting next_dagrun for example_skip_dag to 2022-08-21T23:55:38.980046+00:00, run_after=2022-08-22T23:55:38.980046+00:00
[2022-08-22 23:55:38,992] {processor.py:161} INFO - Processing /home/airflow/.local/lib/python3.7/site-packages/airflow/example_dags/example_skip_dag.py took 0.072 seconds
[2022-08-22 23:56:09,521] {processor.py:153} INFO - Started process (PID=2585) to work on /home/airflow/.local/lib/python3.7/site-packages/airflow/example_dags/example_skip_dag.py
[2022-08-22 23:56:09,522] {processor.py:641} INFO - Processing file /home/airflow/.local/lib/python3.7/site-packages/airflow/example_dags/example_skip_dag.py for tasks to queue
[2022-08-22 23:56:09,523] {logging_mixin.py:115} INFO - [2022-08-22 23:56:09,522] {dagbag.py:507} INFO - Filling up the DagBag from /home/airflow/.local/lib/python3.7/site-packages/airflow/example_dags/example_skip_dag.py
[2022-08-22 23:56:09,528] {processor.py:651} INFO - DAG(s) dict_keys(['example_skip_dag']) retrieved from /home/airflow/.local/lib/python3.7/site-packages/airflow/example_dags/example_skip_dag.py
[2022-08-22 23:56:09,558] {logging_mixin.py:115} INFO - [2022-08-22 23:56:09,558] {dag.py:2371} INFO - Sync 1 DAGs
[2022-08-22 23:56:09,578] {logging_mixin.py:115} INFO - [2022-08-22 23:56:09,578] {dag.py:2919} INFO - Setting next_dagrun for example_skip_dag to 2022-08-21T23:56:09.578548+00:00, run_after=2022-08-22T23:56:09.578548+00:00
[2022-08-22 23:56:09,588] {processor.py:161} INFO - Processing /home/airflow/.local/lib/python3.7/site-packages/airflow/example_dags/example_skip_dag.py took 0.071 seconds
[2022-08-22 23:56:40,033] {processor.py:153} INFO - Started process (PID=2662) to work on /home/airflow/.local/lib/python3.7/site-packages/airflow/example_dags/example_skip_dag.py
[2022-08-22 23:56:40,035] {processor.py:641} INFO - Processing file /home/airflow/.local/lib/python3.7/site-packages/airflow/example_dags/example_skip_dag.py for tasks to queue
[2022-08-22 23:56:40,036] {logging_mixin.py:115} INFO - [2022-08-22 23:56:40,036] {dagbag.py:507} INFO - Filling up the DagBag from /home/airflow/.local/lib/python3.7/site-packages/airflow/example_dags/example_skip_dag.py
[2022-08-22 23:56:40,041] {processor.py:651} INFO - DAG(s) dict_keys(['example_skip_dag']) retrieved from /home/airflow/.local/lib/python3.7/site-packages/airflow/example_dags/example_skip_dag.py
[2022-08-22 23:56:40,068] {logging_mixin.py:115} INFO - [2022-08-22 23:56:40,068] {dag.py:2371} INFO - Sync 1 DAGs
[2022-08-22 23:56:40,089] {logging_mixin.py:115} INFO - [2022-08-22 23:56:40,089] {dag.py:2919} INFO - Setting next_dagrun for example_skip_dag to 2022-08-21T23:56:40.089045+00:00, run_after=2022-08-22T23:56:40.089045+00:00
[2022-08-22 23:56:40,100] {processor.py:161} INFO - Processing /home/airflow/.local/lib/python3.7/site-packages/airflow/example_dags/example_skip_dag.py took 0.070 seconds
[2022-08-22 23:57:10,389] {processor.py:153} INFO - Started process (PID=2739) to work on /home/airflow/.local/lib/python3.7/site-packages/airflow/example_dags/example_skip_dag.py
[2022-08-22 23:57:10,390] {processor.py:641} INFO - Processing file /home/airflow/.local/lib/python3.7/site-packages/airflow/example_dags/example_skip_dag.py for tasks to queue
[2022-08-22 23:57:10,391] {logging_mixin.py:115} INFO - [2022-08-22 23:57:10,391] {dagbag.py:507} INFO - Filling up the DagBag from /home/airflow/.local/lib/python3.7/site-packages/airflow/example_dags/example_skip_dag.py
[2022-08-22 23:57:10,397] {processor.py:651} INFO - DAG(s) dict_keys(['example_skip_dag']) retrieved from /home/airflow/.local/lib/python3.7/site-packages/airflow/example_dags/example_skip_dag.py
[2022-08-22 23:57:10,424] {logging_mixin.py:115} INFO - [2022-08-22 23:57:10,424] {dag.py:2371} INFO - Sync 1 DAGs
[2022-08-22 23:57:10,447] {logging_mixin.py:115} INFO - [2022-08-22 23:57:10,447] {dag.py:2919} INFO - Setting next_dagrun for example_skip_dag to 2022-08-21T23:57:10.447552+00:00, run_after=2022-08-22T23:57:10.447552+00:00
[2022-08-22 23:57:10,459] {processor.py:161} INFO - Processing /home/airflow/.local/lib/python3.7/site-packages/airflow/example_dags/example_skip_dag.py took 0.073 seconds
[2022-08-22 23:57:41,456] {processor.py:153} INFO - Started process (PID=2816) to work on /home/airflow/.local/lib/python3.7/site-packages/airflow/example_dags/example_skip_dag.py
[2022-08-22 23:57:41,457] {processor.py:641} INFO - Processing file /home/airflow/.local/lib/python3.7/site-packages/airflow/example_dags/example_skip_dag.py for tasks to queue
[2022-08-22 23:57:41,458] {logging_mixin.py:115} INFO - [2022-08-22 23:57:41,458] {dagbag.py:507} INFO - Filling up the DagBag from /home/airflow/.local/lib/python3.7/site-packages/airflow/example_dags/example_skip_dag.py
[2022-08-22 23:57:41,464] {processor.py:651} INFO - DAG(s) dict_keys(['example_skip_dag']) retrieved from /home/airflow/.local/lib/python3.7/site-packages/airflow/example_dags/example_skip_dag.py
[2022-08-22 23:57:41,491] {logging_mixin.py:115} INFO - [2022-08-22 23:57:41,490] {dag.py:2371} INFO - Sync 1 DAGs
[2022-08-22 23:57:41,511] {logging_mixin.py:115} INFO - [2022-08-22 23:57:41,511] {dag.py:2919} INFO - Setting next_dagrun for example_skip_dag to 2022-08-21T23:57:41.511491+00:00, run_after=2022-08-22T23:57:41.511491+00:00
[2022-08-22 23:57:41,523] {processor.py:161} INFO - Processing /home/airflow/.local/lib/python3.7/site-packages/airflow/example_dags/example_skip_dag.py took 0.070 seconds
[2022-08-22 23:58:12,120] {processor.py:153} INFO - Started process (PID=2884) to work on /home/airflow/.local/lib/python3.7/site-packages/airflow/example_dags/example_skip_dag.py
[2022-08-22 23:58:12,121] {processor.py:641} INFO - Processing file /home/airflow/.local/lib/python3.7/site-packages/airflow/example_dags/example_skip_dag.py for tasks to queue
[2022-08-22 23:58:12,122] {logging_mixin.py:115} INFO - [2022-08-22 23:58:12,122] {dagbag.py:507} INFO - Filling up the DagBag from /home/airflow/.local/lib/python3.7/site-packages/airflow/example_dags/example_skip_dag.py
[2022-08-22 23:58:12,128] {processor.py:651} INFO - DAG(s) dict_keys(['example_skip_dag']) retrieved from /home/airflow/.local/lib/python3.7/site-packages/airflow/example_dags/example_skip_dag.py
[2022-08-22 23:58:12,155] {logging_mixin.py:115} INFO - [2022-08-22 23:58:12,154] {dag.py:2371} INFO - Sync 1 DAGs
[2022-08-22 23:58:12,176] {logging_mixin.py:115} INFO - [2022-08-22 23:58:12,176] {dag.py:2919} INFO - Setting next_dagrun for example_skip_dag to 2022-08-21T23:58:12.175800+00:00, run_after=2022-08-22T23:58:12.175800+00:00
[2022-08-22 23:58:12,187] {processor.py:161} INFO - Processing /home/airflow/.local/lib/python3.7/site-packages/airflow/example_dags/example_skip_dag.py took 0.070 seconds
[2022-08-22 23:58:43,065] {processor.py:153} INFO - Started process (PID=2961) to work on /home/airflow/.local/lib/python3.7/site-packages/airflow/example_dags/example_skip_dag.py
[2022-08-22 23:58:43,066] {processor.py:641} INFO - Processing file /home/airflow/.local/lib/python3.7/site-packages/airflow/example_dags/example_skip_dag.py for tasks to queue
[2022-08-22 23:58:43,067] {logging_mixin.py:115} INFO - [2022-08-22 23:58:43,067] {dagbag.py:507} INFO - Filling up the DagBag from /home/airflow/.local/lib/python3.7/site-packages/airflow/example_dags/example_skip_dag.py
[2022-08-22 23:58:43,072] {processor.py:651} INFO - DAG(s) dict_keys(['example_skip_dag']) retrieved from /home/airflow/.local/lib/python3.7/site-packages/airflow/example_dags/example_skip_dag.py
[2022-08-22 23:58:43,101] {logging_mixin.py:115} INFO - [2022-08-22 23:58:43,101] {dag.py:2371} INFO - Sync 1 DAGs
[2022-08-22 23:58:43,125] {logging_mixin.py:115} INFO - [2022-08-22 23:58:43,125] {dag.py:2919} INFO - Setting next_dagrun for example_skip_dag to 2022-08-21T23:58:43.124945+00:00, run_after=2022-08-22T23:58:43.124945+00:00
[2022-08-22 23:58:43,139] {processor.py:161} INFO - Processing /home/airflow/.local/lib/python3.7/site-packages/airflow/example_dags/example_skip_dag.py took 0.078 seconds
[2022-08-22 23:59:13,627] {processor.py:153} INFO - Started process (PID=3038) to work on /home/airflow/.local/lib/python3.7/site-packages/airflow/example_dags/example_skip_dag.py
[2022-08-22 23:59:13,628] {processor.py:641} INFO - Processing file /home/airflow/.local/lib/python3.7/site-packages/airflow/example_dags/example_skip_dag.py for tasks to queue
[2022-08-22 23:59:13,629] {logging_mixin.py:115} INFO - [2022-08-22 23:59:13,629] {dagbag.py:507} INFO - Filling up the DagBag from /home/airflow/.local/lib/python3.7/site-packages/airflow/example_dags/example_skip_dag.py
[2022-08-22 23:59:13,635] {processor.py:651} INFO - DAG(s) dict_keys(['example_skip_dag']) retrieved from /home/airflow/.local/lib/python3.7/site-packages/airflow/example_dags/example_skip_dag.py
[2022-08-22 23:59:13,664] {logging_mixin.py:115} INFO - [2022-08-22 23:59:13,664] {dag.py:2371} INFO - Sync 1 DAGs
[2022-08-22 23:59:13,692] {logging_mixin.py:115} INFO - [2022-08-22 23:59:13,692] {dag.py:2919} INFO - Setting next_dagrun for example_skip_dag to 2022-08-21T23:59:13.691810+00:00, run_after=2022-08-22T23:59:13.691810+00:00
[2022-08-22 23:59:13,704] {processor.py:161} INFO - Processing /home/airflow/.local/lib/python3.7/site-packages/airflow/example_dags/example_skip_dag.py took 0.081 seconds
[2022-08-22 23:59:44,213] {processor.py:153} INFO - Started process (PID=3115) to work on /home/airflow/.local/lib/python3.7/site-packages/airflow/example_dags/example_skip_dag.py
[2022-08-22 23:59:44,214] {processor.py:641} INFO - Processing file /home/airflow/.local/lib/python3.7/site-packages/airflow/example_dags/example_skip_dag.py for tasks to queue
[2022-08-22 23:59:44,215] {logging_mixin.py:115} INFO - [2022-08-22 23:59:44,215] {dagbag.py:507} INFO - Filling up the DagBag from /home/airflow/.local/lib/python3.7/site-packages/airflow/example_dags/example_skip_dag.py
[2022-08-22 23:59:44,221] {processor.py:651} INFO - DAG(s) dict_keys(['example_skip_dag']) retrieved from /home/airflow/.local/lib/python3.7/site-packages/airflow/example_dags/example_skip_dag.py
[2022-08-22 23:59:44,251] {logging_mixin.py:115} INFO - [2022-08-22 23:59:44,251] {dag.py:2371} INFO - Sync 1 DAGs
[2022-08-22 23:59:44,277] {logging_mixin.py:115} INFO - [2022-08-22 23:59:44,277] {dag.py:2919} INFO - Setting next_dagrun for example_skip_dag to 2022-08-21T23:59:44.276835+00:00, run_after=2022-08-22T23:59:44.276835+00:00
[2022-08-22 23:59:44,292] {processor.py:161} INFO - Processing /home/airflow/.local/lib/python3.7/site-packages/airflow/example_dags/example_skip_dag.py took 0.082 seconds
