[2022-08-22 23:38:41,440] {processor.py:153} INFO - Started process (PID=99) to work on /home/airflow/.local/lib/python3.7/site-packages/airflow/example_dags/example_dag_decorator.py
[2022-08-22 23:38:41,443] {processor.py:641} INFO - Processing file /home/airflow/.local/lib/python3.7/site-packages/airflow/example_dags/example_dag_decorator.py for tasks to queue
[2022-08-22 23:38:41,445] {logging_mixin.py:115} INFO - [2022-08-22 23:38:41,445] {dagbag.py:507} INFO - Filling up the DagBag from /home/airflow/.local/lib/python3.7/site-packages/airflow/example_dags/example_dag_decorator.py
[2022-08-22 23:38:41,529] {processor.py:651} INFO - DAG(s) dict_keys(['example_dag_decorator']) retrieved from /home/airflow/.local/lib/python3.7/site-packages/airflow/example_dags/example_dag_decorator.py
[2022-08-22 23:38:41,765] {logging_mixin.py:115} INFO - [2022-08-22 23:38:41,765] {dag.py:2371} INFO - Sync 1 DAGs
[2022-08-22 23:38:42,225] {logging_mixin.py:115} INFO - [2022-08-22 23:38:42,224] {dag.py:2919} INFO - Setting next_dagrun for example_dag_decorator to None, run_after=None
[2022-08-22 23:38:42,304] {processor.py:161} INFO - Processing /home/airflow/.local/lib/python3.7/site-packages/airflow/example_dags/example_dag_decorator.py took 0.874 seconds
[2022-08-22 23:39:14,037] {processor.py:153} INFO - Started process (PID=167) to work on /home/airflow/.local/lib/python3.7/site-packages/airflow/example_dags/example_dag_decorator.py
[2022-08-22 23:39:14,039] {processor.py:641} INFO - Processing file /home/airflow/.local/lib/python3.7/site-packages/airflow/example_dags/example_dag_decorator.py for tasks to queue
[2022-08-22 23:39:14,043] {logging_mixin.py:115} INFO - [2022-08-22 23:39:14,042] {dagbag.py:507} INFO - Filling up the DagBag from /home/airflow/.local/lib/python3.7/site-packages/airflow/example_dags/example_dag_decorator.py
[2022-08-22 23:39:14,119] {processor.py:651} INFO - DAG(s) dict_keys(['example_dag_decorator']) retrieved from /home/airflow/.local/lib/python3.7/site-packages/airflow/example_dags/example_dag_decorator.py
[2022-08-22 23:39:14,347] {logging_mixin.py:115} INFO - [2022-08-22 23:39:14,347] {dag.py:2371} INFO - Sync 1 DAGs
[2022-08-22 23:39:14,856] {logging_mixin.py:115} INFO - [2022-08-22 23:39:14,856] {dag.py:2919} INFO - Setting next_dagrun for example_dag_decorator to None, run_after=None
[2022-08-22 23:39:14,892] {processor.py:161} INFO - Processing /home/airflow/.local/lib/python3.7/site-packages/airflow/example_dags/example_dag_decorator.py took 0.865 seconds
[2022-08-22 23:39:45,346] {processor.py:153} INFO - Started process (PID=234) to work on /home/airflow/.local/lib/python3.7/site-packages/airflow/example_dags/example_dag_decorator.py
[2022-08-22 23:39:45,348] {processor.py:641} INFO - Processing file /home/airflow/.local/lib/python3.7/site-packages/airflow/example_dags/example_dag_decorator.py for tasks to queue
[2022-08-22 23:39:45,350] {logging_mixin.py:115} INFO - [2022-08-22 23:39:45,350] {dagbag.py:507} INFO - Filling up the DagBag from /home/airflow/.local/lib/python3.7/site-packages/airflow/example_dags/example_dag_decorator.py
[2022-08-22 23:39:45,404] {processor.py:651} INFO - DAG(s) dict_keys(['example_dag_decorator']) retrieved from /home/airflow/.local/lib/python3.7/site-packages/airflow/example_dags/example_dag_decorator.py
[2022-08-22 23:39:45,559] {logging_mixin.py:115} INFO - [2022-08-22 23:39:45,559] {dag.py:2371} INFO - Sync 1 DAGs
[2022-08-22 23:39:45,802] {logging_mixin.py:115} INFO - [2022-08-22 23:39:45,802] {dag.py:2919} INFO - Setting next_dagrun for example_dag_decorator to None, run_after=None
[2022-08-22 23:39:45,835] {processor.py:161} INFO - Processing /home/airflow/.local/lib/python3.7/site-packages/airflow/example_dags/example_dag_decorator.py took 0.497 seconds
[2022-08-22 23:40:16,016] {processor.py:153} INFO - Started process (PID=310) to work on /home/airflow/.local/lib/python3.7/site-packages/airflow/example_dags/example_dag_decorator.py
[2022-08-22 23:40:16,018] {processor.py:641} INFO - Processing file /home/airflow/.local/lib/python3.7/site-packages/airflow/example_dags/example_dag_decorator.py for tasks to queue
[2022-08-22 23:40:16,022] {logging_mixin.py:115} INFO - [2022-08-22 23:40:16,022] {dagbag.py:507} INFO - Filling up the DagBag from /home/airflow/.local/lib/python3.7/site-packages/airflow/example_dags/example_dag_decorator.py
[2022-08-22 23:40:16,080] {processor.py:651} INFO - DAG(s) dict_keys(['example_dag_decorator']) retrieved from /home/airflow/.local/lib/python3.7/site-packages/airflow/example_dags/example_dag_decorator.py
[2022-08-22 23:40:16,259] {logging_mixin.py:115} INFO - [2022-08-22 23:40:16,259] {dag.py:2371} INFO - Sync 1 DAGs
[2022-08-22 23:40:16,512] {logging_mixin.py:115} INFO - [2022-08-22 23:40:16,512] {dag.py:2919} INFO - Setting next_dagrun for example_dag_decorator to None, run_after=None
[2022-08-22 23:40:16,547] {processor.py:161} INFO - Processing /home/airflow/.local/lib/python3.7/site-packages/airflow/example_dags/example_dag_decorator.py took 0.537 seconds
[2022-08-22 23:40:48,692] {processor.py:153} INFO - Started process (PID=378) to work on /home/airflow/.local/lib/python3.7/site-packages/airflow/example_dags/example_dag_decorator.py
[2022-08-22 23:40:48,695] {processor.py:641} INFO - Processing file /home/airflow/.local/lib/python3.7/site-packages/airflow/example_dags/example_dag_decorator.py for tasks to queue
[2022-08-22 23:40:48,698] {logging_mixin.py:115} INFO - [2022-08-22 23:40:48,698] {dagbag.py:507} INFO - Filling up the DagBag from /home/airflow/.local/lib/python3.7/site-packages/airflow/example_dags/example_dag_decorator.py
[2022-08-22 23:40:48,771] {processor.py:651} INFO - DAG(s) dict_keys(['example_dag_decorator']) retrieved from /home/airflow/.local/lib/python3.7/site-packages/airflow/example_dags/example_dag_decorator.py
[2022-08-22 23:40:48,992] {logging_mixin.py:115} INFO - [2022-08-22 23:40:48,992] {dag.py:2371} INFO - Sync 1 DAGs
[2022-08-22 23:40:49,343] {logging_mixin.py:115} INFO - [2022-08-22 23:40:49,343] {dag.py:2919} INFO - Setting next_dagrun for example_dag_decorator to None, run_after=None
[2022-08-22 23:40:49,388] {processor.py:161} INFO - Processing /home/airflow/.local/lib/python3.7/site-packages/airflow/example_dags/example_dag_decorator.py took 0.707 seconds
[2022-08-22 23:41:20,123] {processor.py:153} INFO - Started process (PID=446) to work on /home/airflow/.local/lib/python3.7/site-packages/airflow/example_dags/example_dag_decorator.py
[2022-08-22 23:41:20,126] {processor.py:641} INFO - Processing file /home/airflow/.local/lib/python3.7/site-packages/airflow/example_dags/example_dag_decorator.py for tasks to queue
[2022-08-22 23:41:20,128] {logging_mixin.py:115} INFO - [2022-08-22 23:41:20,128] {dagbag.py:507} INFO - Filling up the DagBag from /home/airflow/.local/lib/python3.7/site-packages/airflow/example_dags/example_dag_decorator.py
[2022-08-22 23:41:20,186] {processor.py:651} INFO - DAG(s) dict_keys(['example_dag_decorator']) retrieved from /home/airflow/.local/lib/python3.7/site-packages/airflow/example_dags/example_dag_decorator.py
[2022-08-22 23:41:20,357] {logging_mixin.py:115} INFO - [2022-08-22 23:41:20,357] {dag.py:2371} INFO - Sync 1 DAGs
[2022-08-22 23:41:20,610] {logging_mixin.py:115} INFO - [2022-08-22 23:41:20,610] {dag.py:2919} INFO - Setting next_dagrun for example_dag_decorator to None, run_after=None
[2022-08-22 23:41:20,641] {processor.py:161} INFO - Processing /home/airflow/.local/lib/python3.7/site-packages/airflow/example_dags/example_dag_decorator.py took 0.526 seconds
[2022-08-22 23:41:51,351] {processor.py:153} INFO - Started process (PID=523) to work on /home/airflow/.local/lib/python3.7/site-packages/airflow/example_dags/example_dag_decorator.py
[2022-08-22 23:41:51,354] {processor.py:641} INFO - Processing file /home/airflow/.local/lib/python3.7/site-packages/airflow/example_dags/example_dag_decorator.py for tasks to queue
[2022-08-22 23:41:51,357] {logging_mixin.py:115} INFO - [2022-08-22 23:41:51,357] {dagbag.py:507} INFO - Filling up the DagBag from /home/airflow/.local/lib/python3.7/site-packages/airflow/example_dags/example_dag_decorator.py
[2022-08-22 23:41:51,421] {processor.py:651} INFO - DAG(s) dict_keys(['example_dag_decorator']) retrieved from /home/airflow/.local/lib/python3.7/site-packages/airflow/example_dags/example_dag_decorator.py
[2022-08-22 23:41:51,599] {logging_mixin.py:115} INFO - [2022-08-22 23:41:51,599] {dag.py:2371} INFO - Sync 1 DAGs
[2022-08-22 23:41:51,871] {logging_mixin.py:115} INFO - [2022-08-22 23:41:51,870] {dag.py:2919} INFO - Setting next_dagrun for example_dag_decorator to None, run_after=None
[2022-08-22 23:41:51,908] {processor.py:161} INFO - Processing /home/airflow/.local/lib/python3.7/site-packages/airflow/example_dags/example_dag_decorator.py took 0.565 seconds
[2022-08-22 23:42:22,245] {processor.py:153} INFO - Started process (PID=593) to work on /home/airflow/.local/lib/python3.7/site-packages/airflow/example_dags/example_dag_decorator.py
[2022-08-22 23:42:22,248] {processor.py:641} INFO - Processing file /home/airflow/.local/lib/python3.7/site-packages/airflow/example_dags/example_dag_decorator.py for tasks to queue
[2022-08-22 23:42:22,251] {logging_mixin.py:115} INFO - [2022-08-22 23:42:22,250] {dagbag.py:507} INFO - Filling up the DagBag from /home/airflow/.local/lib/python3.7/site-packages/airflow/example_dags/example_dag_decorator.py
[2022-08-22 23:42:22,306] {processor.py:651} INFO - DAG(s) dict_keys(['example_dag_decorator']) retrieved from /home/airflow/.local/lib/python3.7/site-packages/airflow/example_dags/example_dag_decorator.py
[2022-08-22 23:42:22,468] {logging_mixin.py:115} INFO - [2022-08-22 23:42:22,468] {dag.py:2371} INFO - Sync 1 DAGs
[2022-08-22 23:42:22,719] {logging_mixin.py:115} INFO - [2022-08-22 23:42:22,719] {dag.py:2919} INFO - Setting next_dagrun for example_dag_decorator to None, run_after=None
[2022-08-22 23:42:22,751] {processor.py:161} INFO - Processing /home/airflow/.local/lib/python3.7/site-packages/airflow/example_dags/example_dag_decorator.py took 0.516 seconds
[2022-08-22 23:42:53,266] {processor.py:153} INFO - Started process (PID=661) to work on /home/airflow/.local/lib/python3.7/site-packages/airflow/example_dags/example_dag_decorator.py
[2022-08-22 23:42:53,269] {processor.py:641} INFO - Processing file /home/airflow/.local/lib/python3.7/site-packages/airflow/example_dags/example_dag_decorator.py for tasks to queue
[2022-08-22 23:42:53,272] {logging_mixin.py:115} INFO - [2022-08-22 23:42:53,271] {dagbag.py:507} INFO - Filling up the DagBag from /home/airflow/.local/lib/python3.7/site-packages/airflow/example_dags/example_dag_decorator.py
[2022-08-22 23:42:53,329] {processor.py:651} INFO - DAG(s) dict_keys(['example_dag_decorator']) retrieved from /home/airflow/.local/lib/python3.7/site-packages/airflow/example_dags/example_dag_decorator.py
[2022-08-22 23:42:53,406] {logging_mixin.py:115} INFO - [2022-08-22 23:42:53,406] {dag.py:2371} INFO - Sync 1 DAGs
[2022-08-22 23:42:53,461] {logging_mixin.py:115} INFO - [2022-08-22 23:42:53,460] {dag.py:2919} INFO - Setting next_dagrun for example_dag_decorator to None, run_after=None
[2022-08-22 23:42:53,485] {processor.py:161} INFO - Processing /home/airflow/.local/lib/python3.7/site-packages/airflow/example_dags/example_dag_decorator.py took 0.227 seconds
[2022-08-22 23:43:24,141] {processor.py:153} INFO - Started process (PID=738) to work on /home/airflow/.local/lib/python3.7/site-packages/airflow/example_dags/example_dag_decorator.py
[2022-08-22 23:43:24,143] {processor.py:641} INFO - Processing file /home/airflow/.local/lib/python3.7/site-packages/airflow/example_dags/example_dag_decorator.py for tasks to queue
[2022-08-22 23:43:24,145] {logging_mixin.py:115} INFO - [2022-08-22 23:43:24,145] {dagbag.py:507} INFO - Filling up the DagBag from /home/airflow/.local/lib/python3.7/site-packages/airflow/example_dags/example_dag_decorator.py
[2022-08-22 23:43:24,203] {processor.py:651} INFO - DAG(s) dict_keys(['example_dag_decorator']) retrieved from /home/airflow/.local/lib/python3.7/site-packages/airflow/example_dags/example_dag_decorator.py
[2022-08-22 23:43:24,357] {logging_mixin.py:115} INFO - [2022-08-22 23:43:24,357] {dag.py:2371} INFO - Sync 1 DAGs
[2022-08-22 23:43:24,631] {logging_mixin.py:115} INFO - [2022-08-22 23:43:24,630] {dag.py:2919} INFO - Setting next_dagrun for example_dag_decorator to None, run_after=None
[2022-08-22 23:43:24,664] {processor.py:161} INFO - Processing /home/airflow/.local/lib/python3.7/site-packages/airflow/example_dags/example_dag_decorator.py took 0.532 seconds
[2022-08-22 23:43:55,310] {processor.py:153} INFO - Started process (PID=806) to work on /home/airflow/.local/lib/python3.7/site-packages/airflow/example_dags/example_dag_decorator.py
[2022-08-22 23:43:55,311] {processor.py:641} INFO - Processing file /home/airflow/.local/lib/python3.7/site-packages/airflow/example_dags/example_dag_decorator.py for tasks to queue
[2022-08-22 23:43:55,313] {logging_mixin.py:115} INFO - [2022-08-22 23:43:55,313] {dagbag.py:507} INFO - Filling up the DagBag from /home/airflow/.local/lib/python3.7/site-packages/airflow/example_dags/example_dag_decorator.py
[2022-08-22 23:43:55,360] {processor.py:651} INFO - DAG(s) dict_keys(['example_dag_decorator']) retrieved from /home/airflow/.local/lib/python3.7/site-packages/airflow/example_dags/example_dag_decorator.py
[2022-08-22 23:43:55,687] {logging_mixin.py:115} INFO - [2022-08-22 23:43:55,687] {dag.py:2371} INFO - Sync 1 DAGs
[2022-08-22 23:43:55,731] {logging_mixin.py:115} INFO - [2022-08-22 23:43:55,731] {dag.py:2919} INFO - Setting next_dagrun for example_dag_decorator to None, run_after=None
[2022-08-22 23:43:55,773] {processor.py:161} INFO - Processing /home/airflow/.local/lib/python3.7/site-packages/airflow/example_dags/example_dag_decorator.py took 0.471 seconds
[2022-08-22 23:44:26,471] {processor.py:153} INFO - Started process (PID=873) to work on /home/airflow/.local/lib/python3.7/site-packages/airflow/example_dags/example_dag_decorator.py
[2022-08-22 23:44:26,472] {processor.py:641} INFO - Processing file /home/airflow/.local/lib/python3.7/site-packages/airflow/example_dags/example_dag_decorator.py for tasks to queue
[2022-08-22 23:44:26,474] {logging_mixin.py:115} INFO - [2022-08-22 23:44:26,474] {dagbag.py:507} INFO - Filling up the DagBag from /home/airflow/.local/lib/python3.7/site-packages/airflow/example_dags/example_dag_decorator.py
[2022-08-22 23:44:26,521] {processor.py:651} INFO - DAG(s) dict_keys(['example_dag_decorator']) retrieved from /home/airflow/.local/lib/python3.7/site-packages/airflow/example_dags/example_dag_decorator.py
[2022-08-22 23:44:26,859] {logging_mixin.py:115} INFO - [2022-08-22 23:44:26,859] {dag.py:2371} INFO - Sync 1 DAGs
[2022-08-22 23:44:26,906] {logging_mixin.py:115} INFO - [2022-08-22 23:44:26,906] {dag.py:2919} INFO - Setting next_dagrun for example_dag_decorator to None, run_after=None
[2022-08-22 23:44:26,937] {processor.py:161} INFO - Processing /home/airflow/.local/lib/python3.7/site-packages/airflow/example_dags/example_dag_decorator.py took 0.474 seconds
[2022-08-22 23:44:57,162] {processor.py:153} INFO - Started process (PID=950) to work on /home/airflow/.local/lib/python3.7/site-packages/airflow/example_dags/example_dag_decorator.py
[2022-08-22 23:44:57,164] {processor.py:641} INFO - Processing file /home/airflow/.local/lib/python3.7/site-packages/airflow/example_dags/example_dag_decorator.py for tasks to queue
[2022-08-22 23:44:57,166] {logging_mixin.py:115} INFO - [2022-08-22 23:44:57,165] {dagbag.py:507} INFO - Filling up the DagBag from /home/airflow/.local/lib/python3.7/site-packages/airflow/example_dags/example_dag_decorator.py
[2022-08-22 23:44:57,190] {processor.py:651} INFO - DAG(s) dict_keys(['example_dag_decorator']) retrieved from /home/airflow/.local/lib/python3.7/site-packages/airflow/example_dags/example_dag_decorator.py
[2022-08-22 23:44:57,370] {logging_mixin.py:115} INFO - [2022-08-22 23:44:57,370] {dag.py:2371} INFO - Sync 1 DAGs
[2022-08-22 23:44:57,390] {logging_mixin.py:115} INFO - [2022-08-22 23:44:57,390] {dag.py:2919} INFO - Setting next_dagrun for example_dag_decorator to None, run_after=None
[2022-08-22 23:44:57,408] {processor.py:161} INFO - Processing /home/airflow/.local/lib/python3.7/site-packages/airflow/example_dags/example_dag_decorator.py took 0.250 seconds
[2022-08-22 23:45:27,597] {processor.py:153} INFO - Started process (PID=1028) to work on /home/airflow/.local/lib/python3.7/site-packages/airflow/example_dags/example_dag_decorator.py
[2022-08-22 23:45:27,605] {processor.py:641} INFO - Processing file /home/airflow/.local/lib/python3.7/site-packages/airflow/example_dags/example_dag_decorator.py for tasks to queue
[2022-08-22 23:45:27,625] {logging_mixin.py:115} INFO - [2022-08-22 23:45:27,624] {dagbag.py:507} INFO - Filling up the DagBag from /home/airflow/.local/lib/python3.7/site-packages/airflow/example_dags/example_dag_decorator.py
[2022-08-22 23:45:27,666] {processor.py:651} INFO - DAG(s) dict_keys(['example_dag_decorator']) retrieved from /home/airflow/.local/lib/python3.7/site-packages/airflow/example_dags/example_dag_decorator.py
[2022-08-22 23:45:27,879] {logging_mixin.py:115} INFO - [2022-08-22 23:45:27,879] {dag.py:2371} INFO - Sync 1 DAGs
[2022-08-22 23:45:27,905] {logging_mixin.py:115} INFO - [2022-08-22 23:45:27,905] {dag.py:2919} INFO - Setting next_dagrun for example_dag_decorator to None, run_after=None
[2022-08-22 23:45:27,923] {processor.py:161} INFO - Processing /home/airflow/.local/lib/python3.7/site-packages/airflow/example_dags/example_dag_decorator.py took 0.331 seconds
[2022-08-22 23:45:58,408] {processor.py:153} INFO - Started process (PID=1095) to work on /home/airflow/.local/lib/python3.7/site-packages/airflow/example_dags/example_dag_decorator.py
[2022-08-22 23:45:58,409] {processor.py:641} INFO - Processing file /home/airflow/.local/lib/python3.7/site-packages/airflow/example_dags/example_dag_decorator.py for tasks to queue
[2022-08-22 23:45:58,410] {logging_mixin.py:115} INFO - [2022-08-22 23:45:58,410] {dagbag.py:507} INFO - Filling up the DagBag from /home/airflow/.local/lib/python3.7/site-packages/airflow/example_dags/example_dag_decorator.py
[2022-08-22 23:45:58,433] {processor.py:651} INFO - DAG(s) dict_keys(['example_dag_decorator']) retrieved from /home/airflow/.local/lib/python3.7/site-packages/airflow/example_dags/example_dag_decorator.py
[2022-08-22 23:45:58,619] {logging_mixin.py:115} INFO - [2022-08-22 23:45:58,619] {dag.py:2371} INFO - Sync 1 DAGs
[2022-08-22 23:45:58,640] {logging_mixin.py:115} INFO - [2022-08-22 23:45:58,640] {dag.py:2919} INFO - Setting next_dagrun for example_dag_decorator to None, run_after=None
[2022-08-22 23:45:58,655] {processor.py:161} INFO - Processing /home/airflow/.local/lib/python3.7/site-packages/airflow/example_dags/example_dag_decorator.py took 0.251 seconds
[2022-08-22 23:46:29,446] {processor.py:153} INFO - Started process (PID=1171) to work on /home/airflow/.local/lib/python3.7/site-packages/airflow/example_dags/example_dag_decorator.py
[2022-08-22 23:46:29,448] {processor.py:641} INFO - Processing file /home/airflow/.local/lib/python3.7/site-packages/airflow/example_dags/example_dag_decorator.py for tasks to queue
[2022-08-22 23:46:29,449] {logging_mixin.py:115} INFO - [2022-08-22 23:46:29,448] {dagbag.py:507} INFO - Filling up the DagBag from /home/airflow/.local/lib/python3.7/site-packages/airflow/example_dags/example_dag_decorator.py
[2022-08-22 23:46:29,472] {processor.py:651} INFO - DAG(s) dict_keys(['example_dag_decorator']) retrieved from /home/airflow/.local/lib/python3.7/site-packages/airflow/example_dags/example_dag_decorator.py
[2022-08-22 23:46:29,656] {logging_mixin.py:115} INFO - [2022-08-22 23:46:29,656] {dag.py:2371} INFO - Sync 1 DAGs
[2022-08-22 23:46:29,677] {logging_mixin.py:115} INFO - [2022-08-22 23:46:29,676] {dag.py:2919} INFO - Setting next_dagrun for example_dag_decorator to None, run_after=None
[2022-08-22 23:46:29,689] {processor.py:161} INFO - Processing /home/airflow/.local/lib/python3.7/site-packages/airflow/example_dags/example_dag_decorator.py took 0.246 seconds
[2022-08-22 23:47:00,105] {processor.py:153} INFO - Started process (PID=1248) to work on /home/airflow/.local/lib/python3.7/site-packages/airflow/example_dags/example_dag_decorator.py
[2022-08-22 23:47:00,107] {processor.py:641} INFO - Processing file /home/airflow/.local/lib/python3.7/site-packages/airflow/example_dags/example_dag_decorator.py for tasks to queue
[2022-08-22 23:47:00,108] {logging_mixin.py:115} INFO - [2022-08-22 23:47:00,108] {dagbag.py:507} INFO - Filling up the DagBag from /home/airflow/.local/lib/python3.7/site-packages/airflow/example_dags/example_dag_decorator.py
[2022-08-22 23:47:00,132] {processor.py:651} INFO - DAG(s) dict_keys(['example_dag_decorator']) retrieved from /home/airflow/.local/lib/python3.7/site-packages/airflow/example_dags/example_dag_decorator.py
[2022-08-22 23:47:00,309] {logging_mixin.py:115} INFO - [2022-08-22 23:47:00,308] {dag.py:2371} INFO - Sync 1 DAGs
[2022-08-22 23:47:00,330] {logging_mixin.py:115} INFO - [2022-08-22 23:47:00,330] {dag.py:2919} INFO - Setting next_dagrun for example_dag_decorator to None, run_after=None
[2022-08-22 23:47:00,344] {processor.py:161} INFO - Processing /home/airflow/.local/lib/python3.7/site-packages/airflow/example_dags/example_dag_decorator.py took 0.243 seconds
[2022-08-22 23:47:30,719] {processor.py:153} INFO - Started process (PID=1325) to work on /home/airflow/.local/lib/python3.7/site-packages/airflow/example_dags/example_dag_decorator.py
[2022-08-22 23:47:30,720] {processor.py:641} INFO - Processing file /home/airflow/.local/lib/python3.7/site-packages/airflow/example_dags/example_dag_decorator.py for tasks to queue
[2022-08-22 23:47:30,721] {logging_mixin.py:115} INFO - [2022-08-22 23:47:30,721] {dagbag.py:507} INFO - Filling up the DagBag from /home/airflow/.local/lib/python3.7/site-packages/airflow/example_dags/example_dag_decorator.py
[2022-08-22 23:47:30,745] {processor.py:651} INFO - DAG(s) dict_keys(['example_dag_decorator']) retrieved from /home/airflow/.local/lib/python3.7/site-packages/airflow/example_dags/example_dag_decorator.py
[2022-08-22 23:47:30,921] {logging_mixin.py:115} INFO - [2022-08-22 23:47:30,921] {dag.py:2371} INFO - Sync 1 DAGs
[2022-08-22 23:47:30,943] {logging_mixin.py:115} INFO - [2022-08-22 23:47:30,942] {dag.py:2919} INFO - Setting next_dagrun for example_dag_decorator to None, run_after=None
[2022-08-22 23:47:30,956] {processor.py:161} INFO - Processing /home/airflow/.local/lib/python3.7/site-packages/airflow/example_dags/example_dag_decorator.py took 0.242 seconds
[2022-08-22 23:48:01,295] {processor.py:153} INFO - Started process (PID=1393) to work on /home/airflow/.local/lib/python3.7/site-packages/airflow/example_dags/example_dag_decorator.py
[2022-08-22 23:48:01,297] {processor.py:641} INFO - Processing file /home/airflow/.local/lib/python3.7/site-packages/airflow/example_dags/example_dag_decorator.py for tasks to queue
[2022-08-22 23:48:01,298] {logging_mixin.py:115} INFO - [2022-08-22 23:48:01,297] {dagbag.py:507} INFO - Filling up the DagBag from /home/airflow/.local/lib/python3.7/site-packages/airflow/example_dags/example_dag_decorator.py
[2022-08-22 23:48:01,320] {processor.py:651} INFO - DAG(s) dict_keys(['example_dag_decorator']) retrieved from /home/airflow/.local/lib/python3.7/site-packages/airflow/example_dags/example_dag_decorator.py
[2022-08-22 23:48:01,345] {logging_mixin.py:115} INFO - [2022-08-22 23:48:01,345] {dag.py:2371} INFO - Sync 1 DAGs
[2022-08-22 23:48:01,366] {logging_mixin.py:115} INFO - [2022-08-22 23:48:01,366] {dag.py:2919} INFO - Setting next_dagrun for example_dag_decorator to None, run_after=None
[2022-08-22 23:48:01,377] {processor.py:161} INFO - Processing /home/airflow/.local/lib/python3.7/site-packages/airflow/example_dags/example_dag_decorator.py took 0.085 seconds
[2022-08-22 23:48:32,149] {processor.py:153} INFO - Started process (PID=1470) to work on /home/airflow/.local/lib/python3.7/site-packages/airflow/example_dags/example_dag_decorator.py
[2022-08-22 23:48:32,150] {processor.py:641} INFO - Processing file /home/airflow/.local/lib/python3.7/site-packages/airflow/example_dags/example_dag_decorator.py for tasks to queue
[2022-08-22 23:48:32,151] {logging_mixin.py:115} INFO - [2022-08-22 23:48:32,151] {dagbag.py:507} INFO - Filling up the DagBag from /home/airflow/.local/lib/python3.7/site-packages/airflow/example_dags/example_dag_decorator.py
[2022-08-22 23:48:32,179] {processor.py:651} INFO - DAG(s) dict_keys(['example_dag_decorator']) retrieved from /home/airflow/.local/lib/python3.7/site-packages/airflow/example_dags/example_dag_decorator.py
[2022-08-22 23:48:32,206] {logging_mixin.py:115} INFO - [2022-08-22 23:48:32,206] {dag.py:2371} INFO - Sync 1 DAGs
[2022-08-22 23:48:32,233] {logging_mixin.py:115} INFO - [2022-08-22 23:48:32,233] {dag.py:2919} INFO - Setting next_dagrun for example_dag_decorator to None, run_after=None
[2022-08-22 23:48:32,245] {processor.py:161} INFO - Processing /home/airflow/.local/lib/python3.7/site-packages/airflow/example_dags/example_dag_decorator.py took 0.100 seconds
[2022-08-22 23:49:02,300] {processor.py:153} INFO - Started process (PID=1546) to work on /home/airflow/.local/lib/python3.7/site-packages/airflow/example_dags/example_dag_decorator.py
[2022-08-22 23:49:02,301] {processor.py:641} INFO - Processing file /home/airflow/.local/lib/python3.7/site-packages/airflow/example_dags/example_dag_decorator.py for tasks to queue
[2022-08-22 23:49:02,302] {logging_mixin.py:115} INFO - [2022-08-22 23:49:02,302] {dagbag.py:507} INFO - Filling up the DagBag from /home/airflow/.local/lib/python3.7/site-packages/airflow/example_dags/example_dag_decorator.py
[2022-08-22 23:49:02,324] {processor.py:651} INFO - DAG(s) dict_keys(['example_dag_decorator']) retrieved from /home/airflow/.local/lib/python3.7/site-packages/airflow/example_dags/example_dag_decorator.py
[2022-08-22 23:49:02,489] {logging_mixin.py:115} INFO - [2022-08-22 23:49:02,488] {dag.py:2371} INFO - Sync 1 DAGs
[2022-08-22 23:49:02,511] {logging_mixin.py:115} INFO - [2022-08-22 23:49:02,511] {dag.py:2919} INFO - Setting next_dagrun for example_dag_decorator to None, run_after=None
[2022-08-22 23:49:02,523] {processor.py:161} INFO - Processing /home/airflow/.local/lib/python3.7/site-packages/airflow/example_dags/example_dag_decorator.py took 0.227 seconds
[2022-08-22 23:49:33,002] {processor.py:153} INFO - Started process (PID=1623) to work on /home/airflow/.local/lib/python3.7/site-packages/airflow/example_dags/example_dag_decorator.py
[2022-08-22 23:49:33,003] {processor.py:641} INFO - Processing file /home/airflow/.local/lib/python3.7/site-packages/airflow/example_dags/example_dag_decorator.py for tasks to queue
[2022-08-22 23:49:33,004] {logging_mixin.py:115} INFO - [2022-08-22 23:49:33,004] {dagbag.py:507} INFO - Filling up the DagBag from /home/airflow/.local/lib/python3.7/site-packages/airflow/example_dags/example_dag_decorator.py
[2022-08-22 23:49:33,028] {processor.py:651} INFO - DAG(s) dict_keys(['example_dag_decorator']) retrieved from /home/airflow/.local/lib/python3.7/site-packages/airflow/example_dags/example_dag_decorator.py
[2022-08-22 23:49:33,206] {logging_mixin.py:115} INFO - [2022-08-22 23:49:33,206] {dag.py:2371} INFO - Sync 1 DAGs
[2022-08-22 23:49:33,228] {logging_mixin.py:115} INFO - [2022-08-22 23:49:33,228] {dag.py:2919} INFO - Setting next_dagrun for example_dag_decorator to None, run_after=None
[2022-08-22 23:49:33,246] {processor.py:161} INFO - Processing /home/airflow/.local/lib/python3.7/site-packages/airflow/example_dags/example_dag_decorator.py took 0.248 seconds
[2022-08-22 23:50:03,584] {processor.py:153} INFO - Started process (PID=1691) to work on /home/airflow/.local/lib/python3.7/site-packages/airflow/example_dags/example_dag_decorator.py
[2022-08-22 23:50:03,588] {processor.py:641} INFO - Processing file /home/airflow/.local/lib/python3.7/site-packages/airflow/example_dags/example_dag_decorator.py for tasks to queue
[2022-08-22 23:50:03,589] {logging_mixin.py:115} INFO - [2022-08-22 23:50:03,589] {dagbag.py:507} INFO - Filling up the DagBag from /home/airflow/.local/lib/python3.7/site-packages/airflow/example_dags/example_dag_decorator.py
[2022-08-22 23:50:03,611] {processor.py:651} INFO - DAG(s) dict_keys(['example_dag_decorator']) retrieved from /home/airflow/.local/lib/python3.7/site-packages/airflow/example_dags/example_dag_decorator.py
[2022-08-22 23:50:03,635] {logging_mixin.py:115} INFO - [2022-08-22 23:50:03,635] {dag.py:2371} INFO - Sync 1 DAGs
[2022-08-22 23:50:03,655] {logging_mixin.py:115} INFO - [2022-08-22 23:50:03,655] {dag.py:2919} INFO - Setting next_dagrun for example_dag_decorator to None, run_after=None
[2022-08-22 23:50:03,667] {processor.py:161} INFO - Processing /home/airflow/.local/lib/python3.7/site-packages/airflow/example_dags/example_dag_decorator.py took 0.086 seconds
[2022-08-22 23:50:34,138] {processor.py:153} INFO - Started process (PID=1768) to work on /home/airflow/.local/lib/python3.7/site-packages/airflow/example_dags/example_dag_decorator.py
[2022-08-22 23:50:34,139] {processor.py:641} INFO - Processing file /home/airflow/.local/lib/python3.7/site-packages/airflow/example_dags/example_dag_decorator.py for tasks to queue
[2022-08-22 23:50:34,140] {logging_mixin.py:115} INFO - [2022-08-22 23:50:34,140] {dagbag.py:507} INFO - Filling up the DagBag from /home/airflow/.local/lib/python3.7/site-packages/airflow/example_dags/example_dag_decorator.py
[2022-08-22 23:50:34,167] {processor.py:651} INFO - DAG(s) dict_keys(['example_dag_decorator']) retrieved from /home/airflow/.local/lib/python3.7/site-packages/airflow/example_dags/example_dag_decorator.py
[2022-08-22 23:50:34,193] {logging_mixin.py:115} INFO - [2022-08-22 23:50:34,192] {dag.py:2371} INFO - Sync 1 DAGs
[2022-08-22 23:50:34,215] {logging_mixin.py:115} INFO - [2022-08-22 23:50:34,215] {dag.py:2919} INFO - Setting next_dagrun for example_dag_decorator to None, run_after=None
[2022-08-22 23:50:34,228] {processor.py:161} INFO - Processing /home/airflow/.local/lib/python3.7/site-packages/airflow/example_dags/example_dag_decorator.py took 0.094 seconds
[2022-08-22 23:51:04,709] {processor.py:153} INFO - Started process (PID=1845) to work on /home/airflow/.local/lib/python3.7/site-packages/airflow/example_dags/example_dag_decorator.py
[2022-08-22 23:51:04,711] {processor.py:641} INFO - Processing file /home/airflow/.local/lib/python3.7/site-packages/airflow/example_dags/example_dag_decorator.py for tasks to queue
[2022-08-22 23:51:04,713] {logging_mixin.py:115} INFO - [2022-08-22 23:51:04,712] {dagbag.py:507} INFO - Filling up the DagBag from /home/airflow/.local/lib/python3.7/site-packages/airflow/example_dags/example_dag_decorator.py
[2022-08-22 23:51:04,739] {processor.py:651} INFO - DAG(s) dict_keys(['example_dag_decorator']) retrieved from /home/airflow/.local/lib/python3.7/site-packages/airflow/example_dags/example_dag_decorator.py
[2022-08-22 23:51:04,910] {logging_mixin.py:115} INFO - [2022-08-22 23:51:04,910] {dag.py:2371} INFO - Sync 1 DAGs
[2022-08-22 23:51:04,932] {logging_mixin.py:115} INFO - [2022-08-22 23:51:04,932] {dag.py:2919} INFO - Setting next_dagrun for example_dag_decorator to None, run_after=None
[2022-08-22 23:51:04,947] {processor.py:161} INFO - Processing /home/airflow/.local/lib/python3.7/site-packages/airflow/example_dags/example_dag_decorator.py took 0.242 seconds
[2022-08-22 23:51:35,506] {processor.py:153} INFO - Started process (PID=1922) to work on /home/airflow/.local/lib/python3.7/site-packages/airflow/example_dags/example_dag_decorator.py
[2022-08-22 23:51:35,507] {processor.py:641} INFO - Processing file /home/airflow/.local/lib/python3.7/site-packages/airflow/example_dags/example_dag_decorator.py for tasks to queue
[2022-08-22 23:51:35,508] {logging_mixin.py:115} INFO - [2022-08-22 23:51:35,508] {dagbag.py:507} INFO - Filling up the DagBag from /home/airflow/.local/lib/python3.7/site-packages/airflow/example_dags/example_dag_decorator.py
[2022-08-22 23:51:35,533] {processor.py:651} INFO - DAG(s) dict_keys(['example_dag_decorator']) retrieved from /home/airflow/.local/lib/python3.7/site-packages/airflow/example_dags/example_dag_decorator.py
[2022-08-22 23:51:35,557] {logging_mixin.py:115} INFO - [2022-08-22 23:51:35,557] {dag.py:2371} INFO - Sync 1 DAGs
[2022-08-22 23:51:35,577] {logging_mixin.py:115} INFO - [2022-08-22 23:51:35,577] {dag.py:2919} INFO - Setting next_dagrun for example_dag_decorator to None, run_after=None
[2022-08-22 23:51:35,588] {processor.py:161} INFO - Processing /home/airflow/.local/lib/python3.7/site-packages/airflow/example_dags/example_dag_decorator.py took 0.086 seconds
[2022-08-22 23:52:05,920] {processor.py:153} INFO - Started process (PID=1990) to work on /home/airflow/.local/lib/python3.7/site-packages/airflow/example_dags/example_dag_decorator.py
[2022-08-22 23:52:05,922] {processor.py:641} INFO - Processing file /home/airflow/.local/lib/python3.7/site-packages/airflow/example_dags/example_dag_decorator.py for tasks to queue
[2022-08-22 23:52:05,923] {logging_mixin.py:115} INFO - [2022-08-22 23:52:05,923] {dagbag.py:507} INFO - Filling up the DagBag from /home/airflow/.local/lib/python3.7/site-packages/airflow/example_dags/example_dag_decorator.py
[2022-08-22 23:52:05,948] {processor.py:651} INFO - DAG(s) dict_keys(['example_dag_decorator']) retrieved from /home/airflow/.local/lib/python3.7/site-packages/airflow/example_dags/example_dag_decorator.py
[2022-08-22 23:52:06,117] {logging_mixin.py:115} INFO - [2022-08-22 23:52:06,117] {dag.py:2371} INFO - Sync 1 DAGs
[2022-08-22 23:52:06,139] {logging_mixin.py:115} INFO - [2022-08-22 23:52:06,139] {dag.py:2919} INFO - Setting next_dagrun for example_dag_decorator to None, run_after=None
[2022-08-22 23:52:06,153] {processor.py:161} INFO - Processing /home/airflow/.local/lib/python3.7/site-packages/airflow/example_dags/example_dag_decorator.py took 0.238 seconds
[2022-08-22 23:52:36,510] {processor.py:153} INFO - Started process (PID=2067) to work on /home/airflow/.local/lib/python3.7/site-packages/airflow/example_dags/example_dag_decorator.py
[2022-08-22 23:52:36,512] {processor.py:641} INFO - Processing file /home/airflow/.local/lib/python3.7/site-packages/airflow/example_dags/example_dag_decorator.py for tasks to queue
[2022-08-22 23:52:36,513] {logging_mixin.py:115} INFO - [2022-08-22 23:52:36,513] {dagbag.py:507} INFO - Filling up the DagBag from /home/airflow/.local/lib/python3.7/site-packages/airflow/example_dags/example_dag_decorator.py
[2022-08-22 23:52:36,538] {processor.py:651} INFO - DAG(s) dict_keys(['example_dag_decorator']) retrieved from /home/airflow/.local/lib/python3.7/site-packages/airflow/example_dags/example_dag_decorator.py
[2022-08-22 23:52:36,562] {logging_mixin.py:115} INFO - [2022-08-22 23:52:36,562] {dag.py:2371} INFO - Sync 1 DAGs
[2022-08-22 23:52:36,581] {logging_mixin.py:115} INFO - [2022-08-22 23:52:36,581] {dag.py:2919} INFO - Setting next_dagrun for example_dag_decorator to None, run_after=None
[2022-08-22 23:52:36,593] {processor.py:161} INFO - Processing /home/airflow/.local/lib/python3.7/site-packages/airflow/example_dags/example_dag_decorator.py took 0.086 seconds
[2022-08-22 23:53:07,035] {processor.py:153} INFO - Started process (PID=2144) to work on /home/airflow/.local/lib/python3.7/site-packages/airflow/example_dags/example_dag_decorator.py
[2022-08-22 23:53:07,036] {processor.py:641} INFO - Processing file /home/airflow/.local/lib/python3.7/site-packages/airflow/example_dags/example_dag_decorator.py for tasks to queue
[2022-08-22 23:53:07,037] {logging_mixin.py:115} INFO - [2022-08-22 23:53:07,037] {dagbag.py:507} INFO - Filling up the DagBag from /home/airflow/.local/lib/python3.7/site-packages/airflow/example_dags/example_dag_decorator.py
[2022-08-22 23:53:07,062] {processor.py:651} INFO - DAG(s) dict_keys(['example_dag_decorator']) retrieved from /home/airflow/.local/lib/python3.7/site-packages/airflow/example_dags/example_dag_decorator.py
[2022-08-22 23:53:07,231] {logging_mixin.py:115} INFO - [2022-08-22 23:53:07,231] {dag.py:2371} INFO - Sync 1 DAGs
[2022-08-22 23:53:07,253] {logging_mixin.py:115} INFO - [2022-08-22 23:53:07,253] {dag.py:2919} INFO - Setting next_dagrun for example_dag_decorator to None, run_after=None
[2022-08-22 23:53:07,267] {processor.py:161} INFO - Processing /home/airflow/.local/lib/python3.7/site-packages/airflow/example_dags/example_dag_decorator.py took 0.237 seconds
[2022-08-22 23:53:37,555] {processor.py:153} INFO - Started process (PID=2221) to work on /home/airflow/.local/lib/python3.7/site-packages/airflow/example_dags/example_dag_decorator.py
[2022-08-22 23:53:37,556] {processor.py:641} INFO - Processing file /home/airflow/.local/lib/python3.7/site-packages/airflow/example_dags/example_dag_decorator.py for tasks to queue
[2022-08-22 23:53:37,558] {logging_mixin.py:115} INFO - [2022-08-22 23:53:37,558] {dagbag.py:507} INFO - Filling up the DagBag from /home/airflow/.local/lib/python3.7/site-packages/airflow/example_dags/example_dag_decorator.py
[2022-08-22 23:53:37,583] {processor.py:651} INFO - DAG(s) dict_keys(['example_dag_decorator']) retrieved from /home/airflow/.local/lib/python3.7/site-packages/airflow/example_dags/example_dag_decorator.py
[2022-08-22 23:53:37,756] {logging_mixin.py:115} INFO - [2022-08-22 23:53:37,756] {dag.py:2371} INFO - Sync 1 DAGs
[2022-08-22 23:53:37,776] {logging_mixin.py:115} INFO - [2022-08-22 23:53:37,776] {dag.py:2919} INFO - Setting next_dagrun for example_dag_decorator to None, run_after=None
[2022-08-22 23:53:37,789] {processor.py:161} INFO - Processing /home/airflow/.local/lib/python3.7/site-packages/airflow/example_dags/example_dag_decorator.py took 0.238 seconds
[2022-08-22 23:54:08,160] {processor.py:153} INFO - Started process (PID=2289) to work on /home/airflow/.local/lib/python3.7/site-packages/airflow/example_dags/example_dag_decorator.py
[2022-08-22 23:54:08,160] {processor.py:641} INFO - Processing file /home/airflow/.local/lib/python3.7/site-packages/airflow/example_dags/example_dag_decorator.py for tasks to queue
[2022-08-22 23:54:08,161] {logging_mixin.py:115} INFO - [2022-08-22 23:54:08,161] {dagbag.py:507} INFO - Filling up the DagBag from /home/airflow/.local/lib/python3.7/site-packages/airflow/example_dags/example_dag_decorator.py
[2022-08-22 23:54:08,187] {processor.py:651} INFO - DAG(s) dict_keys(['example_dag_decorator']) retrieved from /home/airflow/.local/lib/python3.7/site-packages/airflow/example_dags/example_dag_decorator.py
[2022-08-22 23:54:08,357] {logging_mixin.py:115} INFO - [2022-08-22 23:54:08,357] {dag.py:2371} INFO - Sync 1 DAGs
[2022-08-22 23:54:08,377] {logging_mixin.py:115} INFO - [2022-08-22 23:54:08,377] {dag.py:2919} INFO - Setting next_dagrun for example_dag_decorator to None, run_after=None
[2022-08-22 23:54:08,388] {processor.py:161} INFO - Processing /home/airflow/.local/lib/python3.7/site-packages/airflow/example_dags/example_dag_decorator.py took 0.232 seconds
[2022-08-22 23:54:38,846] {processor.py:153} INFO - Started process (PID=2366) to work on /home/airflow/.local/lib/python3.7/site-packages/airflow/example_dags/example_dag_decorator.py
[2022-08-22 23:54:38,847] {processor.py:641} INFO - Processing file /home/airflow/.local/lib/python3.7/site-packages/airflow/example_dags/example_dag_decorator.py for tasks to queue
[2022-08-22 23:54:38,848] {logging_mixin.py:115} INFO - [2022-08-22 23:54:38,848] {dagbag.py:507} INFO - Filling up the DagBag from /home/airflow/.local/lib/python3.7/site-packages/airflow/example_dags/example_dag_decorator.py
[2022-08-22 23:54:38,872] {processor.py:651} INFO - DAG(s) dict_keys(['example_dag_decorator']) retrieved from /home/airflow/.local/lib/python3.7/site-packages/airflow/example_dags/example_dag_decorator.py
[2022-08-22 23:54:39,042] {logging_mixin.py:115} INFO - [2022-08-22 23:54:39,042] {dag.py:2371} INFO - Sync 1 DAGs
[2022-08-22 23:54:39,062] {logging_mixin.py:115} INFO - [2022-08-22 23:54:39,061] {dag.py:2919} INFO - Setting next_dagrun for example_dag_decorator to None, run_after=None
[2022-08-22 23:54:39,074] {processor.py:161} INFO - Processing /home/airflow/.local/lib/python3.7/site-packages/airflow/example_dags/example_dag_decorator.py took 0.233 seconds
[2022-08-22 23:55:09,603] {processor.py:153} INFO - Started process (PID=2444) to work on /home/airflow/.local/lib/python3.7/site-packages/airflow/example_dags/example_dag_decorator.py
[2022-08-22 23:55:09,604] {processor.py:641} INFO - Processing file /home/airflow/.local/lib/python3.7/site-packages/airflow/example_dags/example_dag_decorator.py for tasks to queue
[2022-08-22 23:55:09,605] {logging_mixin.py:115} INFO - [2022-08-22 23:55:09,605] {dagbag.py:507} INFO - Filling up the DagBag from /home/airflow/.local/lib/python3.7/site-packages/airflow/example_dags/example_dag_decorator.py
[2022-08-22 23:55:09,628] {processor.py:651} INFO - DAG(s) dict_keys(['example_dag_decorator']) retrieved from /home/airflow/.local/lib/python3.7/site-packages/airflow/example_dags/example_dag_decorator.py
[2022-08-22 23:55:09,796] {logging_mixin.py:115} INFO - [2022-08-22 23:55:09,796] {dag.py:2371} INFO - Sync 1 DAGs
[2022-08-22 23:55:09,814] {logging_mixin.py:115} INFO - [2022-08-22 23:55:09,814] {dag.py:2919} INFO - Setting next_dagrun for example_dag_decorator to None, run_after=None
[2022-08-22 23:55:09,825] {processor.py:161} INFO - Processing /home/airflow/.local/lib/python3.7/site-packages/airflow/example_dags/example_dag_decorator.py took 0.226 seconds
[2022-08-22 23:55:40,024] {processor.py:153} INFO - Started process (PID=2520) to work on /home/airflow/.local/lib/python3.7/site-packages/airflow/example_dags/example_dag_decorator.py
[2022-08-22 23:55:40,025] {processor.py:641} INFO - Processing file /home/airflow/.local/lib/python3.7/site-packages/airflow/example_dags/example_dag_decorator.py for tasks to queue
[2022-08-22 23:55:40,026] {logging_mixin.py:115} INFO - [2022-08-22 23:55:40,026] {dagbag.py:507} INFO - Filling up the DagBag from /home/airflow/.local/lib/python3.7/site-packages/airflow/example_dags/example_dag_decorator.py
[2022-08-22 23:55:40,051] {processor.py:651} INFO - DAG(s) dict_keys(['example_dag_decorator']) retrieved from /home/airflow/.local/lib/python3.7/site-packages/airflow/example_dags/example_dag_decorator.py
[2022-08-22 23:55:40,216] {logging_mixin.py:115} INFO - [2022-08-22 23:55:40,216] {dag.py:2371} INFO - Sync 1 DAGs
[2022-08-22 23:55:40,238] {logging_mixin.py:115} INFO - [2022-08-22 23:55:40,238] {dag.py:2919} INFO - Setting next_dagrun for example_dag_decorator to None, run_after=None
[2022-08-22 23:55:40,253] {processor.py:161} INFO - Processing /home/airflow/.local/lib/python3.7/site-packages/airflow/example_dags/example_dag_decorator.py took 0.233 seconds
[2022-08-22 23:56:10,706] {processor.py:153} INFO - Started process (PID=2589) to work on /home/airflow/.local/lib/python3.7/site-packages/airflow/example_dags/example_dag_decorator.py
[2022-08-22 23:56:10,707] {processor.py:641} INFO - Processing file /home/airflow/.local/lib/python3.7/site-packages/airflow/example_dags/example_dag_decorator.py for tasks to queue
[2022-08-22 23:56:10,708] {logging_mixin.py:115} INFO - [2022-08-22 23:56:10,708] {dagbag.py:507} INFO - Filling up the DagBag from /home/airflow/.local/lib/python3.7/site-packages/airflow/example_dags/example_dag_decorator.py
[2022-08-22 23:56:10,731] {processor.py:651} INFO - DAG(s) dict_keys(['example_dag_decorator']) retrieved from /home/airflow/.local/lib/python3.7/site-packages/airflow/example_dags/example_dag_decorator.py
[2022-08-22 23:56:10,901] {logging_mixin.py:115} INFO - [2022-08-22 23:56:10,901] {dag.py:2371} INFO - Sync 1 DAGs
[2022-08-22 23:56:10,919] {logging_mixin.py:115} INFO - [2022-08-22 23:56:10,919] {dag.py:2919} INFO - Setting next_dagrun for example_dag_decorator to None, run_after=None
[2022-08-22 23:56:10,931] {processor.py:161} INFO - Processing /home/airflow/.local/lib/python3.7/site-packages/airflow/example_dags/example_dag_decorator.py took 0.228 seconds
[2022-08-22 23:56:41,153] {processor.py:153} INFO - Started process (PID=2666) to work on /home/airflow/.local/lib/python3.7/site-packages/airflow/example_dags/example_dag_decorator.py
[2022-08-22 23:56:41,154] {processor.py:641} INFO - Processing file /home/airflow/.local/lib/python3.7/site-packages/airflow/example_dags/example_dag_decorator.py for tasks to queue
[2022-08-22 23:56:41,155] {logging_mixin.py:115} INFO - [2022-08-22 23:56:41,155] {dagbag.py:507} INFO - Filling up the DagBag from /home/airflow/.local/lib/python3.7/site-packages/airflow/example_dags/example_dag_decorator.py
[2022-08-22 23:56:41,181] {processor.py:651} INFO - DAG(s) dict_keys(['example_dag_decorator']) retrieved from /home/airflow/.local/lib/python3.7/site-packages/airflow/example_dags/example_dag_decorator.py
[2022-08-22 23:56:41,207] {logging_mixin.py:115} INFO - [2022-08-22 23:56:41,207] {dag.py:2371} INFO - Sync 1 DAGs
[2022-08-22 23:56:41,336] {logging_mixin.py:115} INFO - [2022-08-22 23:56:41,336] {dag.py:2919} INFO - Setting next_dagrun for example_dag_decorator to None, run_after=None
[2022-08-22 23:56:41,349] {processor.py:161} INFO - Processing /home/airflow/.local/lib/python3.7/site-packages/airflow/example_dags/example_dag_decorator.py took 0.201 seconds
[2022-08-22 23:57:11,555] {processor.py:153} INFO - Started process (PID=2742) to work on /home/airflow/.local/lib/python3.7/site-packages/airflow/example_dags/example_dag_decorator.py
[2022-08-22 23:57:11,556] {processor.py:641} INFO - Processing file /home/airflow/.local/lib/python3.7/site-packages/airflow/example_dags/example_dag_decorator.py for tasks to queue
[2022-08-22 23:57:11,557] {logging_mixin.py:115} INFO - [2022-08-22 23:57:11,557] {dagbag.py:507} INFO - Filling up the DagBag from /home/airflow/.local/lib/python3.7/site-packages/airflow/example_dags/example_dag_decorator.py
[2022-08-22 23:57:11,583] {processor.py:651} INFO - DAG(s) dict_keys(['example_dag_decorator']) retrieved from /home/airflow/.local/lib/python3.7/site-packages/airflow/example_dags/example_dag_decorator.py
[2022-08-22 23:57:11,742] {logging_mixin.py:115} INFO - [2022-08-22 23:57:11,742] {dag.py:2371} INFO - Sync 1 DAGs
[2022-08-22 23:57:11,761] {logging_mixin.py:115} INFO - [2022-08-22 23:57:11,761] {dag.py:2919} INFO - Setting next_dagrun for example_dag_decorator to None, run_after=None
[2022-08-22 23:57:11,772] {processor.py:161} INFO - Processing /home/airflow/.local/lib/python3.7/site-packages/airflow/example_dags/example_dag_decorator.py took 0.222 seconds
[2022-08-22 23:57:42,561] {processor.py:153} INFO - Started process (PID=2820) to work on /home/airflow/.local/lib/python3.7/site-packages/airflow/example_dags/example_dag_decorator.py
[2022-08-22 23:57:42,562] {processor.py:641} INFO - Processing file /home/airflow/.local/lib/python3.7/site-packages/airflow/example_dags/example_dag_decorator.py for tasks to queue
[2022-08-22 23:57:42,563] {logging_mixin.py:115} INFO - [2022-08-22 23:57:42,563] {dagbag.py:507} INFO - Filling up the DagBag from /home/airflow/.local/lib/python3.7/site-packages/airflow/example_dags/example_dag_decorator.py
[2022-08-22 23:57:42,588] {processor.py:651} INFO - DAG(s) dict_keys(['example_dag_decorator']) retrieved from /home/airflow/.local/lib/python3.7/site-packages/airflow/example_dags/example_dag_decorator.py
[2022-08-22 23:57:42,762] {logging_mixin.py:115} INFO - [2022-08-22 23:57:42,761] {dag.py:2371} INFO - Sync 1 DAGs
[2022-08-22 23:57:42,781] {logging_mixin.py:115} INFO - [2022-08-22 23:57:42,781] {dag.py:2919} INFO - Setting next_dagrun for example_dag_decorator to None, run_after=None
[2022-08-22 23:57:42,792] {processor.py:161} INFO - Processing /home/airflow/.local/lib/python3.7/site-packages/airflow/example_dags/example_dag_decorator.py took 0.236 seconds
[2022-08-22 23:58:13,235] {processor.py:153} INFO - Started process (PID=2888) to work on /home/airflow/.local/lib/python3.7/site-packages/airflow/example_dags/example_dag_decorator.py
[2022-08-22 23:58:13,236] {processor.py:641} INFO - Processing file /home/airflow/.local/lib/python3.7/site-packages/airflow/example_dags/example_dag_decorator.py for tasks to queue
[2022-08-22 23:58:13,237] {logging_mixin.py:115} INFO - [2022-08-22 23:58:13,237] {dagbag.py:507} INFO - Filling up the DagBag from /home/airflow/.local/lib/python3.7/site-packages/airflow/example_dags/example_dag_decorator.py
[2022-08-22 23:58:13,260] {processor.py:651} INFO - DAG(s) dict_keys(['example_dag_decorator']) retrieved from /home/airflow/.local/lib/python3.7/site-packages/airflow/example_dags/example_dag_decorator.py
[2022-08-22 23:58:13,287] {logging_mixin.py:115} INFO - [2022-08-22 23:58:13,286] {dag.py:2371} INFO - Sync 1 DAGs
[2022-08-22 23:58:13,414] {logging_mixin.py:115} INFO - [2022-08-22 23:58:13,414] {dag.py:2919} INFO - Setting next_dagrun for example_dag_decorator to None, run_after=None
[2022-08-22 23:58:13,427] {processor.py:161} INFO - Processing /home/airflow/.local/lib/python3.7/site-packages/airflow/example_dags/example_dag_decorator.py took 0.195 seconds
[2022-08-22 23:58:44,285] {processor.py:153} INFO - Started process (PID=2965) to work on /home/airflow/.local/lib/python3.7/site-packages/airflow/example_dags/example_dag_decorator.py
[2022-08-22 23:58:44,286] {processor.py:641} INFO - Processing file /home/airflow/.local/lib/python3.7/site-packages/airflow/example_dags/example_dag_decorator.py for tasks to queue
[2022-08-22 23:58:44,287] {logging_mixin.py:115} INFO - [2022-08-22 23:58:44,286] {dagbag.py:507} INFO - Filling up the DagBag from /home/airflow/.local/lib/python3.7/site-packages/airflow/example_dags/example_dag_decorator.py
[2022-08-22 23:58:44,311] {processor.py:651} INFO - DAG(s) dict_keys(['example_dag_decorator']) retrieved from /home/airflow/.local/lib/python3.7/site-packages/airflow/example_dags/example_dag_decorator.py
[2022-08-22 23:58:44,486] {logging_mixin.py:115} INFO - [2022-08-22 23:58:44,486] {dag.py:2371} INFO - Sync 1 DAGs
[2022-08-22 23:58:44,505] {logging_mixin.py:115} INFO - [2022-08-22 23:58:44,505] {dag.py:2919} INFO - Setting next_dagrun for example_dag_decorator to None, run_after=None
[2022-08-22 23:58:44,516] {processor.py:161} INFO - Processing /home/airflow/.local/lib/python3.7/site-packages/airflow/example_dags/example_dag_decorator.py took 0.235 seconds
[2022-08-22 23:59:14,810] {processor.py:153} INFO - Started process (PID=3042) to work on /home/airflow/.local/lib/python3.7/site-packages/airflow/example_dags/example_dag_decorator.py
[2022-08-22 23:59:14,811] {processor.py:641} INFO - Processing file /home/airflow/.local/lib/python3.7/site-packages/airflow/example_dags/example_dag_decorator.py for tasks to queue
[2022-08-22 23:59:14,812] {logging_mixin.py:115} INFO - [2022-08-22 23:59:14,811] {dagbag.py:507} INFO - Filling up the DagBag from /home/airflow/.local/lib/python3.7/site-packages/airflow/example_dags/example_dag_decorator.py
[2022-08-22 23:59:14,835] {processor.py:651} INFO - DAG(s) dict_keys(['example_dag_decorator']) retrieved from /home/airflow/.local/lib/python3.7/site-packages/airflow/example_dags/example_dag_decorator.py
[2022-08-22 23:59:15,011] {logging_mixin.py:115} INFO - [2022-08-22 23:59:15,011] {dag.py:2371} INFO - Sync 1 DAGs
[2022-08-22 23:59:15,029] {logging_mixin.py:115} INFO - [2022-08-22 23:59:15,029] {dag.py:2919} INFO - Setting next_dagrun for example_dag_decorator to None, run_after=None
[2022-08-22 23:59:15,043] {processor.py:161} INFO - Processing /home/airflow/.local/lib/python3.7/site-packages/airflow/example_dags/example_dag_decorator.py took 0.237 seconds
[2022-08-22 23:59:45,415] {processor.py:153} INFO - Started process (PID=3119) to work on /home/airflow/.local/lib/python3.7/site-packages/airflow/example_dags/example_dag_decorator.py
[2022-08-22 23:59:45,416] {processor.py:641} INFO - Processing file /home/airflow/.local/lib/python3.7/site-packages/airflow/example_dags/example_dag_decorator.py for tasks to queue
[2022-08-22 23:59:45,417] {logging_mixin.py:115} INFO - [2022-08-22 23:59:45,417] {dagbag.py:507} INFO - Filling up the DagBag from /home/airflow/.local/lib/python3.7/site-packages/airflow/example_dags/example_dag_decorator.py
[2022-08-22 23:59:45,440] {processor.py:651} INFO - DAG(s) dict_keys(['example_dag_decorator']) retrieved from /home/airflow/.local/lib/python3.7/site-packages/airflow/example_dags/example_dag_decorator.py
[2022-08-22 23:59:45,622] {logging_mixin.py:115} INFO - [2022-08-22 23:59:45,621] {dag.py:2371} INFO - Sync 1 DAGs
[2022-08-22 23:59:45,640] {logging_mixin.py:115} INFO - [2022-08-22 23:59:45,640] {dag.py:2919} INFO - Setting next_dagrun for example_dag_decorator to None, run_after=None
[2022-08-22 23:59:45,652] {processor.py:161} INFO - Processing /home/airflow/.local/lib/python3.7/site-packages/airflow/example_dags/example_dag_decorator.py took 0.241 seconds
