[2022-08-22 23:38:46,648] {processor.py:153} INFO - Started process (PID=110) to work on /home/airflow/.local/lib/python3.7/site-packages/airflow/example_dags/example_branch_datetime_operator.py
[2022-08-22 23:38:46,663] {processor.py:641} INFO - Processing file /home/airflow/.local/lib/python3.7/site-packages/airflow/example_dags/example_branch_datetime_operator.py for tasks to queue
[2022-08-22 23:38:46,672] {logging_mixin.py:115} INFO - [2022-08-22 23:38:46,672] {dagbag.py:507} INFO - Filling up the DagBag from /home/airflow/.local/lib/python3.7/site-packages/airflow/example_dags/example_branch_datetime_operator.py
[2022-08-22 23:38:46,920] {processor.py:651} INFO - DAG(s) dict_keys(['example_branch_datetime_operator_2']) retrieved from /home/airflow/.local/lib/python3.7/site-packages/airflow/example_dags/example_branch_datetime_operator.py
[2022-08-22 23:38:48,139] {logging_mixin.py:115} INFO - [2022-08-22 23:38:48,138] {dag.py:2371} INFO - Sync 1 DAGs
[2022-08-22 23:38:48,424] {logging_mixin.py:115} INFO - [2022-08-22 23:38:48,424] {dag.py:2919} INFO - Setting next_dagrun for example_branch_datetime_operator_2 to 2022-08-21T00:00:00+00:00, run_after=2022-08-22T00:00:00+00:00
[2022-08-22 23:38:48,483] {processor.py:161} INFO - Processing /home/airflow/.local/lib/python3.7/site-packages/airflow/example_dags/example_branch_datetime_operator.py took 1.925 seconds
[2022-08-22 23:39:19,004] {processor.py:153} INFO - Started process (PID=176) to work on /home/airflow/.local/lib/python3.7/site-packages/airflow/example_dags/example_branch_datetime_operator.py
[2022-08-22 23:39:19,007] {processor.py:641} INFO - Processing file /home/airflow/.local/lib/python3.7/site-packages/airflow/example_dags/example_branch_datetime_operator.py for tasks to queue
[2022-08-22 23:39:19,009] {logging_mixin.py:115} INFO - [2022-08-22 23:39:19,009] {dagbag.py:507} INFO - Filling up the DagBag from /home/airflow/.local/lib/python3.7/site-packages/airflow/example_dags/example_branch_datetime_operator.py
[2022-08-22 23:39:19,033] {processor.py:651} INFO - DAG(s) dict_keys(['example_branch_datetime_operator_2']) retrieved from /home/airflow/.local/lib/python3.7/site-packages/airflow/example_dags/example_branch_datetime_operator.py
[2022-08-22 23:39:19,104] {logging_mixin.py:115} INFO - [2022-08-22 23:39:19,104] {dag.py:2371} INFO - Sync 1 DAGs
[2022-08-22 23:39:19,164] {logging_mixin.py:115} INFO - [2022-08-22 23:39:19,163] {dag.py:2919} INFO - Setting next_dagrun for example_branch_datetime_operator_2 to 2022-08-21T00:00:00+00:00, run_after=2022-08-22T00:00:00+00:00
[2022-08-22 23:39:19,195] {processor.py:161} INFO - Processing /home/airflow/.local/lib/python3.7/site-packages/airflow/example_dags/example_branch_datetime_operator.py took 0.199 seconds
[2022-08-22 23:39:49,695] {processor.py:153} INFO - Started process (PID=251) to work on /home/airflow/.local/lib/python3.7/site-packages/airflow/example_dags/example_branch_datetime_operator.py
[2022-08-22 23:39:49,697] {processor.py:641} INFO - Processing file /home/airflow/.local/lib/python3.7/site-packages/airflow/example_dags/example_branch_datetime_operator.py for tasks to queue
[2022-08-22 23:39:49,700] {logging_mixin.py:115} INFO - [2022-08-22 23:39:49,700] {dagbag.py:507} INFO - Filling up the DagBag from /home/airflow/.local/lib/python3.7/site-packages/airflow/example_dags/example_branch_datetime_operator.py
[2022-08-22 23:39:49,719] {processor.py:651} INFO - DAG(s) dict_keys(['example_branch_datetime_operator_2']) retrieved from /home/airflow/.local/lib/python3.7/site-packages/airflow/example_dags/example_branch_datetime_operator.py
[2022-08-22 23:39:49,785] {logging_mixin.py:115} INFO - [2022-08-22 23:39:49,785] {dag.py:2371} INFO - Sync 1 DAGs
[2022-08-22 23:39:49,846] {logging_mixin.py:115} INFO - [2022-08-22 23:39:49,846] {dag.py:2919} INFO - Setting next_dagrun for example_branch_datetime_operator_2 to 2022-08-21T00:00:00+00:00, run_after=2022-08-22T00:00:00+00:00
[2022-08-22 23:39:49,870] {processor.py:161} INFO - Processing /home/airflow/.local/lib/python3.7/site-packages/airflow/example_dags/example_branch_datetime_operator.py took 0.185 seconds
[2022-08-22 23:40:19,930] {processor.py:153} INFO - Started process (PID=322) to work on /home/airflow/.local/lib/python3.7/site-packages/airflow/example_dags/example_branch_datetime_operator.py
[2022-08-22 23:40:19,933] {processor.py:641} INFO - Processing file /home/airflow/.local/lib/python3.7/site-packages/airflow/example_dags/example_branch_datetime_operator.py for tasks to queue
[2022-08-22 23:40:19,935] {logging_mixin.py:115} INFO - [2022-08-22 23:40:19,935] {dagbag.py:507} INFO - Filling up the DagBag from /home/airflow/.local/lib/python3.7/site-packages/airflow/example_dags/example_branch_datetime_operator.py
[2022-08-22 23:40:19,966] {processor.py:651} INFO - DAG(s) dict_keys(['example_branch_datetime_operator_2']) retrieved from /home/airflow/.local/lib/python3.7/site-packages/airflow/example_dags/example_branch_datetime_operator.py
[2022-08-22 23:40:20,042] {logging_mixin.py:115} INFO - [2022-08-22 23:40:20,042] {dag.py:2371} INFO - Sync 1 DAGs
[2022-08-22 23:40:20,104] {logging_mixin.py:115} INFO - [2022-08-22 23:40:20,104] {dag.py:2919} INFO - Setting next_dagrun for example_branch_datetime_operator_2 to 2022-08-21T00:00:00+00:00, run_after=2022-08-22T00:00:00+00:00
[2022-08-22 23:40:20,130] {processor.py:161} INFO - Processing /home/airflow/.local/lib/python3.7/site-packages/airflow/example_dags/example_branch_datetime_operator.py took 0.210 seconds
[2022-08-22 23:40:52,156] {processor.py:153} INFO - Started process (PID=389) to work on /home/airflow/.local/lib/python3.7/site-packages/airflow/example_dags/example_branch_datetime_operator.py
[2022-08-22 23:40:52,160] {processor.py:641} INFO - Processing file /home/airflow/.local/lib/python3.7/site-packages/airflow/example_dags/example_branch_datetime_operator.py for tasks to queue
[2022-08-22 23:40:52,165] {logging_mixin.py:115} INFO - [2022-08-22 23:40:52,165] {dagbag.py:507} INFO - Filling up the DagBag from /home/airflow/.local/lib/python3.7/site-packages/airflow/example_dags/example_branch_datetime_operator.py
[2022-08-22 23:40:52,198] {processor.py:651} INFO - DAG(s) dict_keys(['example_branch_datetime_operator_2']) retrieved from /home/airflow/.local/lib/python3.7/site-packages/airflow/example_dags/example_branch_datetime_operator.py
[2022-08-22 23:40:52,307] {logging_mixin.py:115} INFO - [2022-08-22 23:40:52,306] {dag.py:2371} INFO - Sync 1 DAGs
[2022-08-22 23:40:52,408] {logging_mixin.py:115} INFO - [2022-08-22 23:40:52,408] {dag.py:2919} INFO - Setting next_dagrun for example_branch_datetime_operator_2 to 2022-08-21T00:00:00+00:00, run_after=2022-08-22T00:00:00+00:00
[2022-08-22 23:40:52,456] {processor.py:161} INFO - Processing /home/airflow/.local/lib/python3.7/site-packages/airflow/example_dags/example_branch_datetime_operator.py took 0.310 seconds
[2022-08-22 23:41:23,442] {processor.py:153} INFO - Started process (PID=457) to work on /home/airflow/.local/lib/python3.7/site-packages/airflow/example_dags/example_branch_datetime_operator.py
[2022-08-22 23:41:23,446] {processor.py:641} INFO - Processing file /home/airflow/.local/lib/python3.7/site-packages/airflow/example_dags/example_branch_datetime_operator.py for tasks to queue
[2022-08-22 23:41:23,449] {logging_mixin.py:115} INFO - [2022-08-22 23:41:23,449] {dagbag.py:507} INFO - Filling up the DagBag from /home/airflow/.local/lib/python3.7/site-packages/airflow/example_dags/example_branch_datetime_operator.py
[2022-08-22 23:41:23,473] {processor.py:651} INFO - DAG(s) dict_keys(['example_branch_datetime_operator_2']) retrieved from /home/airflow/.local/lib/python3.7/site-packages/airflow/example_dags/example_branch_datetime_operator.py
[2022-08-22 23:41:23,552] {logging_mixin.py:115} INFO - [2022-08-22 23:41:23,551] {dag.py:2371} INFO - Sync 1 DAGs
[2022-08-22 23:41:23,617] {logging_mixin.py:115} INFO - [2022-08-22 23:41:23,617] {dag.py:2919} INFO - Setting next_dagrun for example_branch_datetime_operator_2 to 2022-08-21T00:00:00+00:00, run_after=2022-08-22T00:00:00+00:00
[2022-08-22 23:41:23,652] {processor.py:161} INFO - Processing /home/airflow/.local/lib/python3.7/site-packages/airflow/example_dags/example_branch_datetime_operator.py took 0.220 seconds
[2022-08-22 23:41:54,453] {processor.py:153} INFO - Started process (PID=535) to work on /home/airflow/.local/lib/python3.7/site-packages/airflow/example_dags/example_branch_datetime_operator.py
[2022-08-22 23:41:54,456] {processor.py:641} INFO - Processing file /home/airflow/.local/lib/python3.7/site-packages/airflow/example_dags/example_branch_datetime_operator.py for tasks to queue
[2022-08-22 23:41:54,459] {logging_mixin.py:115} INFO - [2022-08-22 23:41:54,459] {dagbag.py:507} INFO - Filling up the DagBag from /home/airflow/.local/lib/python3.7/site-packages/airflow/example_dags/example_branch_datetime_operator.py
[2022-08-22 23:41:54,479] {processor.py:651} INFO - DAG(s) dict_keys(['example_branch_datetime_operator_2']) retrieved from /home/airflow/.local/lib/python3.7/site-packages/airflow/example_dags/example_branch_datetime_operator.py
[2022-08-22 23:41:54,550] {logging_mixin.py:115} INFO - [2022-08-22 23:41:54,550] {dag.py:2371} INFO - Sync 1 DAGs
[2022-08-22 23:41:54,609] {logging_mixin.py:115} INFO - [2022-08-22 23:41:54,609] {dag.py:2919} INFO - Setting next_dagrun for example_branch_datetime_operator_2 to 2022-08-21T00:00:00+00:00, run_after=2022-08-22T00:00:00+00:00
[2022-08-22 23:41:54,633] {processor.py:161} INFO - Processing /home/airflow/.local/lib/python3.7/site-packages/airflow/example_dags/example_branch_datetime_operator.py took 0.188 seconds
[2022-08-22 23:42:25,773] {processor.py:153} INFO - Started process (PID=604) to work on /home/airflow/.local/lib/python3.7/site-packages/airflow/example_dags/example_branch_datetime_operator.py
[2022-08-22 23:42:25,775] {processor.py:641} INFO - Processing file /home/airflow/.local/lib/python3.7/site-packages/airflow/example_dags/example_branch_datetime_operator.py for tasks to queue
[2022-08-22 23:42:25,777] {logging_mixin.py:115} INFO - [2022-08-22 23:42:25,777] {dagbag.py:507} INFO - Filling up the DagBag from /home/airflow/.local/lib/python3.7/site-packages/airflow/example_dags/example_branch_datetime_operator.py
[2022-08-22 23:42:25,797] {processor.py:651} INFO - DAG(s) dict_keys(['example_branch_datetime_operator_2']) retrieved from /home/airflow/.local/lib/python3.7/site-packages/airflow/example_dags/example_branch_datetime_operator.py
[2022-08-22 23:42:25,882] {logging_mixin.py:115} INFO - [2022-08-22 23:42:25,882] {dag.py:2371} INFO - Sync 1 DAGs
[2022-08-22 23:42:25,948] {logging_mixin.py:115} INFO - [2022-08-22 23:42:25,948] {dag.py:2919} INFO - Setting next_dagrun for example_branch_datetime_operator_2 to 2022-08-21T00:00:00+00:00, run_after=2022-08-22T00:00:00+00:00
[2022-08-22 23:42:25,983] {processor.py:161} INFO - Processing /home/airflow/.local/lib/python3.7/site-packages/airflow/example_dags/example_branch_datetime_operator.py took 0.217 seconds
[2022-08-22 23:42:56,055] {processor.py:153} INFO - Started process (PID=670) to work on /home/airflow/.local/lib/python3.7/site-packages/airflow/example_dags/example_branch_datetime_operator.py
[2022-08-22 23:42:56,059] {processor.py:641} INFO - Processing file /home/airflow/.local/lib/python3.7/site-packages/airflow/example_dags/example_branch_datetime_operator.py for tasks to queue
[2022-08-22 23:42:56,061] {logging_mixin.py:115} INFO - [2022-08-22 23:42:56,061] {dagbag.py:507} INFO - Filling up the DagBag from /home/airflow/.local/lib/python3.7/site-packages/airflow/example_dags/example_branch_datetime_operator.py
[2022-08-22 23:42:56,083] {processor.py:651} INFO - DAG(s) dict_keys(['example_branch_datetime_operator_2']) retrieved from /home/airflow/.local/lib/python3.7/site-packages/airflow/example_dags/example_branch_datetime_operator.py
[2022-08-22 23:42:56,169] {logging_mixin.py:115} INFO - [2022-08-22 23:42:56,169] {dag.py:2371} INFO - Sync 1 DAGs
[2022-08-22 23:42:56,252] {logging_mixin.py:115} INFO - [2022-08-22 23:42:56,252] {dag.py:2919} INFO - Setting next_dagrun for example_branch_datetime_operator_2 to 2022-08-21T00:00:00+00:00, run_after=2022-08-22T00:00:00+00:00
[2022-08-22 23:42:56,283] {processor.py:161} INFO - Processing /home/airflow/.local/lib/python3.7/site-packages/airflow/example_dags/example_branch_datetime_operator.py took 0.238 seconds
[2022-08-22 23:43:27,024] {processor.py:153} INFO - Started process (PID=747) to work on /home/airflow/.local/lib/python3.7/site-packages/airflow/example_dags/example_branch_datetime_operator.py
[2022-08-22 23:43:27,026] {processor.py:641} INFO - Processing file /home/airflow/.local/lib/python3.7/site-packages/airflow/example_dags/example_branch_datetime_operator.py for tasks to queue
[2022-08-22 23:43:27,029] {logging_mixin.py:115} INFO - [2022-08-22 23:43:27,028] {dagbag.py:507} INFO - Filling up the DagBag from /home/airflow/.local/lib/python3.7/site-packages/airflow/example_dags/example_branch_datetime_operator.py
[2022-08-22 23:43:27,048] {processor.py:651} INFO - DAG(s) dict_keys(['example_branch_datetime_operator_2']) retrieved from /home/airflow/.local/lib/python3.7/site-packages/airflow/example_dags/example_branch_datetime_operator.py
[2022-08-22 23:43:27,108] {logging_mixin.py:115} INFO - [2022-08-22 23:43:27,108] {dag.py:2371} INFO - Sync 1 DAGs
[2022-08-22 23:43:27,163] {logging_mixin.py:115} INFO - [2022-08-22 23:43:27,163] {dag.py:2919} INFO - Setting next_dagrun for example_branch_datetime_operator_2 to 2022-08-21T00:00:00+00:00, run_after=2022-08-22T00:00:00+00:00
[2022-08-22 23:43:27,192] {processor.py:161} INFO - Processing /home/airflow/.local/lib/python3.7/site-packages/airflow/example_dags/example_branch_datetime_operator.py took 0.174 seconds
[2022-08-22 23:43:57,261] {processor.py:153} INFO - Started process (PID=814) to work on /home/airflow/.local/lib/python3.7/site-packages/airflow/example_dags/example_branch_datetime_operator.py
[2022-08-22 23:43:57,263] {processor.py:641} INFO - Processing file /home/airflow/.local/lib/python3.7/site-packages/airflow/example_dags/example_branch_datetime_operator.py for tasks to queue
[2022-08-22 23:43:57,265] {logging_mixin.py:115} INFO - [2022-08-22 23:43:57,265] {dagbag.py:507} INFO - Filling up the DagBag from /home/airflow/.local/lib/python3.7/site-packages/airflow/example_dags/example_branch_datetime_operator.py
[2022-08-22 23:43:57,282] {processor.py:651} INFO - DAG(s) dict_keys(['example_branch_datetime_operator_2']) retrieved from /home/airflow/.local/lib/python3.7/site-packages/airflow/example_dags/example_branch_datetime_operator.py
[2022-08-22 23:43:57,336] {logging_mixin.py:115} INFO - [2022-08-22 23:43:57,336] {dag.py:2371} INFO - Sync 1 DAGs
[2022-08-22 23:43:57,391] {logging_mixin.py:115} INFO - [2022-08-22 23:43:57,391] {dag.py:2919} INFO - Setting next_dagrun for example_branch_datetime_operator_2 to 2022-08-21T00:00:00+00:00, run_after=2022-08-22T00:00:00+00:00
[2022-08-22 23:43:57,416] {processor.py:161} INFO - Processing /home/airflow/.local/lib/python3.7/site-packages/airflow/example_dags/example_branch_datetime_operator.py took 0.162 seconds
[2022-08-22 23:44:28,166] {processor.py:153} INFO - Started process (PID=890) to work on /home/airflow/.local/lib/python3.7/site-packages/airflow/example_dags/example_branch_datetime_operator.py
[2022-08-22 23:44:28,168] {processor.py:641} INFO - Processing file /home/airflow/.local/lib/python3.7/site-packages/airflow/example_dags/example_branch_datetime_operator.py for tasks to queue
[2022-08-22 23:44:28,170] {logging_mixin.py:115} INFO - [2022-08-22 23:44:28,169] {dagbag.py:507} INFO - Filling up the DagBag from /home/airflow/.local/lib/python3.7/site-packages/airflow/example_dags/example_branch_datetime_operator.py
[2022-08-22 23:44:28,187] {processor.py:651} INFO - DAG(s) dict_keys(['example_branch_datetime_operator_2']) retrieved from /home/airflow/.local/lib/python3.7/site-packages/airflow/example_dags/example_branch_datetime_operator.py
[2022-08-22 23:44:28,242] {logging_mixin.py:115} INFO - [2022-08-22 23:44:28,242] {dag.py:2371} INFO - Sync 1 DAGs
[2022-08-22 23:44:28,291] {logging_mixin.py:115} INFO - [2022-08-22 23:44:28,291] {dag.py:2919} INFO - Setting next_dagrun for example_branch_datetime_operator_2 to 2022-08-21T00:00:00+00:00, run_after=2022-08-22T00:00:00+00:00
[2022-08-22 23:44:28,318] {processor.py:161} INFO - Processing /home/airflow/.local/lib/python3.7/site-packages/airflow/example_dags/example_branch_datetime_operator.py took 0.159 seconds
[2022-08-22 23:44:58,849] {processor.py:153} INFO - Started process (PID=958) to work on /home/airflow/.local/lib/python3.7/site-packages/airflow/example_dags/example_branch_datetime_operator.py
[2022-08-22 23:44:58,850] {processor.py:641} INFO - Processing file /home/airflow/.local/lib/python3.7/site-packages/airflow/example_dags/example_branch_datetime_operator.py for tasks to queue
[2022-08-22 23:44:58,851] {logging_mixin.py:115} INFO - [2022-08-22 23:44:58,851] {dagbag.py:507} INFO - Filling up the DagBag from /home/airflow/.local/lib/python3.7/site-packages/airflow/example_dags/example_branch_datetime_operator.py
[2022-08-22 23:44:58,861] {processor.py:651} INFO - DAG(s) dict_keys(['example_branch_datetime_operator_2']) retrieved from /home/airflow/.local/lib/python3.7/site-packages/airflow/example_dags/example_branch_datetime_operator.py
[2022-08-22 23:44:58,887] {logging_mixin.py:115} INFO - [2022-08-22 23:44:58,887] {dag.py:2371} INFO - Sync 1 DAGs
[2022-08-22 23:44:58,918] {logging_mixin.py:115} INFO - [2022-08-22 23:44:58,918] {dag.py:2919} INFO - Setting next_dagrun for example_branch_datetime_operator_2 to 2022-08-21T00:00:00+00:00, run_after=2022-08-22T00:00:00+00:00
[2022-08-22 23:44:58,931] {processor.py:161} INFO - Processing /home/airflow/.local/lib/python3.7/site-packages/airflow/example_dags/example_branch_datetime_operator.py took 0.085 seconds
[2022-08-22 23:45:29,435] {processor.py:153} INFO - Started process (PID=1035) to work on /home/airflow/.local/lib/python3.7/site-packages/airflow/example_dags/example_branch_datetime_operator.py
[2022-08-22 23:45:29,436] {processor.py:641} INFO - Processing file /home/airflow/.local/lib/python3.7/site-packages/airflow/example_dags/example_branch_datetime_operator.py for tasks to queue
[2022-08-22 23:45:29,437] {logging_mixin.py:115} INFO - [2022-08-22 23:45:29,437] {dagbag.py:507} INFO - Filling up the DagBag from /home/airflow/.local/lib/python3.7/site-packages/airflow/example_dags/example_branch_datetime_operator.py
[2022-08-22 23:45:29,446] {processor.py:651} INFO - DAG(s) dict_keys(['example_branch_datetime_operator_2']) retrieved from /home/airflow/.local/lib/python3.7/site-packages/airflow/example_dags/example_branch_datetime_operator.py
[2022-08-22 23:45:29,473] {logging_mixin.py:115} INFO - [2022-08-22 23:45:29,473] {dag.py:2371} INFO - Sync 1 DAGs
[2022-08-22 23:45:29,496] {logging_mixin.py:115} INFO - [2022-08-22 23:45:29,496] {dag.py:2919} INFO - Setting next_dagrun for example_branch_datetime_operator_2 to 2022-08-21T00:00:00+00:00, run_after=2022-08-22T00:00:00+00:00
[2022-08-22 23:45:29,508] {processor.py:161} INFO - Processing /home/airflow/.local/lib/python3.7/site-packages/airflow/example_dags/example_branch_datetime_operator.py took 0.077 seconds
[2022-08-22 23:46:00,444] {processor.py:153} INFO - Started process (PID=1113) to work on /home/airflow/.local/lib/python3.7/site-packages/airflow/example_dags/example_branch_datetime_operator.py
[2022-08-22 23:46:00,446] {processor.py:641} INFO - Processing file /home/airflow/.local/lib/python3.7/site-packages/airflow/example_dags/example_branch_datetime_operator.py for tasks to queue
[2022-08-22 23:46:00,447] {logging_mixin.py:115} INFO - [2022-08-22 23:46:00,447] {dagbag.py:507} INFO - Filling up the DagBag from /home/airflow/.local/lib/python3.7/site-packages/airflow/example_dags/example_branch_datetime_operator.py
[2022-08-22 23:46:00,457] {processor.py:651} INFO - DAG(s) dict_keys(['example_branch_datetime_operator_2']) retrieved from /home/airflow/.local/lib/python3.7/site-packages/airflow/example_dags/example_branch_datetime_operator.py
[2022-08-22 23:46:00,496] {logging_mixin.py:115} INFO - [2022-08-22 23:46:00,496] {dag.py:2371} INFO - Sync 1 DAGs
[2022-08-22 23:46:00,527] {logging_mixin.py:115} INFO - [2022-08-22 23:46:00,527] {dag.py:2919} INFO - Setting next_dagrun for example_branch_datetime_operator_2 to 2022-08-21T00:00:00+00:00, run_after=2022-08-22T00:00:00+00:00
[2022-08-22 23:46:00,542] {processor.py:161} INFO - Processing /home/airflow/.local/lib/python3.7/site-packages/airflow/example_dags/example_branch_datetime_operator.py took 0.102 seconds
[2022-08-22 23:46:31,557] {processor.py:153} INFO - Started process (PID=1181) to work on /home/airflow/.local/lib/python3.7/site-packages/airflow/example_dags/example_branch_datetime_operator.py
[2022-08-22 23:46:31,559] {processor.py:641} INFO - Processing file /home/airflow/.local/lib/python3.7/site-packages/airflow/example_dags/example_branch_datetime_operator.py for tasks to queue
[2022-08-22 23:46:31,560] {logging_mixin.py:115} INFO - [2022-08-22 23:46:31,560] {dagbag.py:507} INFO - Filling up the DagBag from /home/airflow/.local/lib/python3.7/site-packages/airflow/example_dags/example_branch_datetime_operator.py
[2022-08-22 23:46:31,570] {processor.py:651} INFO - DAG(s) dict_keys(['example_branch_datetime_operator_2']) retrieved from /home/airflow/.local/lib/python3.7/site-packages/airflow/example_dags/example_branch_datetime_operator.py
[2022-08-22 23:46:31,600] {logging_mixin.py:115} INFO - [2022-08-22 23:46:31,600] {dag.py:2371} INFO - Sync 1 DAGs
[2022-08-22 23:46:31,628] {logging_mixin.py:115} INFO - [2022-08-22 23:46:31,628] {dag.py:2919} INFO - Setting next_dagrun for example_branch_datetime_operator_2 to 2022-08-21T00:00:00+00:00, run_after=2022-08-22T00:00:00+00:00
[2022-08-22 23:46:31,642] {processor.py:161} INFO - Processing /home/airflow/.local/lib/python3.7/site-packages/airflow/example_dags/example_branch_datetime_operator.py took 0.089 seconds
[2022-08-22 23:47:02,049] {processor.py:153} INFO - Started process (PID=1258) to work on /home/airflow/.local/lib/python3.7/site-packages/airflow/example_dags/example_branch_datetime_operator.py
[2022-08-22 23:47:02,050] {processor.py:641} INFO - Processing file /home/airflow/.local/lib/python3.7/site-packages/airflow/example_dags/example_branch_datetime_operator.py for tasks to queue
[2022-08-22 23:47:02,051] {logging_mixin.py:115} INFO - [2022-08-22 23:47:02,051] {dagbag.py:507} INFO - Filling up the DagBag from /home/airflow/.local/lib/python3.7/site-packages/airflow/example_dags/example_branch_datetime_operator.py
[2022-08-22 23:47:02,059] {processor.py:651} INFO - DAG(s) dict_keys(['example_branch_datetime_operator_2']) retrieved from /home/airflow/.local/lib/python3.7/site-packages/airflow/example_dags/example_branch_datetime_operator.py
[2022-08-22 23:47:02,090] {logging_mixin.py:115} INFO - [2022-08-22 23:47:02,090] {dag.py:2371} INFO - Sync 1 DAGs
[2022-08-22 23:47:02,114] {logging_mixin.py:115} INFO - [2022-08-22 23:47:02,114] {dag.py:2919} INFO - Setting next_dagrun for example_branch_datetime_operator_2 to 2022-08-21T00:00:00+00:00, run_after=2022-08-22T00:00:00+00:00
[2022-08-22 23:47:02,125] {processor.py:161} INFO - Processing /home/airflow/.local/lib/python3.7/site-packages/airflow/example_dags/example_branch_datetime_operator.py took 0.080 seconds
[2022-08-22 23:47:32,761] {processor.py:153} INFO - Started process (PID=1335) to work on /home/airflow/.local/lib/python3.7/site-packages/airflow/example_dags/example_branch_datetime_operator.py
[2022-08-22 23:47:32,763] {processor.py:641} INFO - Processing file /home/airflow/.local/lib/python3.7/site-packages/airflow/example_dags/example_branch_datetime_operator.py for tasks to queue
[2022-08-22 23:47:32,764] {logging_mixin.py:115} INFO - [2022-08-22 23:47:32,764] {dagbag.py:507} INFO - Filling up the DagBag from /home/airflow/.local/lib/python3.7/site-packages/airflow/example_dags/example_branch_datetime_operator.py
[2022-08-22 23:47:32,773] {processor.py:651} INFO - DAG(s) dict_keys(['example_branch_datetime_operator_2']) retrieved from /home/airflow/.local/lib/python3.7/site-packages/airflow/example_dags/example_branch_datetime_operator.py
[2022-08-22 23:47:32,800] {logging_mixin.py:115} INFO - [2022-08-22 23:47:32,800] {dag.py:2371} INFO - Sync 1 DAGs
[2022-08-22 23:47:32,825] {logging_mixin.py:115} INFO - [2022-08-22 23:47:32,825] {dag.py:2919} INFO - Setting next_dagrun for example_branch_datetime_operator_2 to 2022-08-21T00:00:00+00:00, run_after=2022-08-22T00:00:00+00:00
[2022-08-22 23:47:32,838] {processor.py:161} INFO - Processing /home/airflow/.local/lib/python3.7/site-packages/airflow/example_dags/example_branch_datetime_operator.py took 0.081 seconds
[2022-08-22 23:48:03,147] {processor.py:153} INFO - Started process (PID=1412) to work on /home/airflow/.local/lib/python3.7/site-packages/airflow/example_dags/example_branch_datetime_operator.py
[2022-08-22 23:48:03,148] {processor.py:641} INFO - Processing file /home/airflow/.local/lib/python3.7/site-packages/airflow/example_dags/example_branch_datetime_operator.py for tasks to queue
[2022-08-22 23:48:03,149] {logging_mixin.py:115} INFO - [2022-08-22 23:48:03,149] {dagbag.py:507} INFO - Filling up the DagBag from /home/airflow/.local/lib/python3.7/site-packages/airflow/example_dags/example_branch_datetime_operator.py
[2022-08-22 23:48:03,157] {processor.py:651} INFO - DAG(s) dict_keys(['example_branch_datetime_operator_2']) retrieved from /home/airflow/.local/lib/python3.7/site-packages/airflow/example_dags/example_branch_datetime_operator.py
[2022-08-22 23:48:03,183] {logging_mixin.py:115} INFO - [2022-08-22 23:48:03,183] {dag.py:2371} INFO - Sync 1 DAGs
[2022-08-22 23:48:03,205] {logging_mixin.py:115} INFO - [2022-08-22 23:48:03,205] {dag.py:2919} INFO - Setting next_dagrun for example_branch_datetime_operator_2 to 2022-08-21T00:00:00+00:00, run_after=2022-08-22T00:00:00+00:00
[2022-08-22 23:48:03,215] {processor.py:161} INFO - Processing /home/airflow/.local/lib/python3.7/site-packages/airflow/example_dags/example_branch_datetime_operator.py took 0.072 seconds
[2022-08-22 23:48:34,078] {processor.py:153} INFO - Started process (PID=1480) to work on /home/airflow/.local/lib/python3.7/site-packages/airflow/example_dags/example_branch_datetime_operator.py
[2022-08-22 23:48:34,079] {processor.py:641} INFO - Processing file /home/airflow/.local/lib/python3.7/site-packages/airflow/example_dags/example_branch_datetime_operator.py for tasks to queue
[2022-08-22 23:48:34,080] {logging_mixin.py:115} INFO - [2022-08-22 23:48:34,080] {dagbag.py:507} INFO - Filling up the DagBag from /home/airflow/.local/lib/python3.7/site-packages/airflow/example_dags/example_branch_datetime_operator.py
[2022-08-22 23:48:34,088] {processor.py:651} INFO - DAG(s) dict_keys(['example_branch_datetime_operator_2']) retrieved from /home/airflow/.local/lib/python3.7/site-packages/airflow/example_dags/example_branch_datetime_operator.py
[2022-08-22 23:48:34,129] {logging_mixin.py:115} INFO - [2022-08-22 23:48:34,129] {dag.py:2371} INFO - Sync 1 DAGs
[2022-08-22 23:48:34,163] {logging_mixin.py:115} INFO - [2022-08-22 23:48:34,162] {dag.py:2919} INFO - Setting next_dagrun for example_branch_datetime_operator_2 to 2022-08-21T00:00:00+00:00, run_after=2022-08-22T00:00:00+00:00
[2022-08-22 23:48:34,178] {processor.py:161} INFO - Processing /home/airflow/.local/lib/python3.7/site-packages/airflow/example_dags/example_branch_datetime_operator.py took 0.104 seconds
[2022-08-22 23:49:04,250] {processor.py:153} INFO - Started process (PID=1557) to work on /home/airflow/.local/lib/python3.7/site-packages/airflow/example_dags/example_branch_datetime_operator.py
[2022-08-22 23:49:04,251] {processor.py:641} INFO - Processing file /home/airflow/.local/lib/python3.7/site-packages/airflow/example_dags/example_branch_datetime_operator.py for tasks to queue
[2022-08-22 23:49:04,252] {logging_mixin.py:115} INFO - [2022-08-22 23:49:04,252] {dagbag.py:507} INFO - Filling up the DagBag from /home/airflow/.local/lib/python3.7/site-packages/airflow/example_dags/example_branch_datetime_operator.py
[2022-08-22 23:49:04,260] {processor.py:651} INFO - DAG(s) dict_keys(['example_branch_datetime_operator_2']) retrieved from /home/airflow/.local/lib/python3.7/site-packages/airflow/example_dags/example_branch_datetime_operator.py
[2022-08-22 23:49:04,288] {logging_mixin.py:115} INFO - [2022-08-22 23:49:04,287] {dag.py:2371} INFO - Sync 1 DAGs
[2022-08-22 23:49:04,313] {logging_mixin.py:115} INFO - [2022-08-22 23:49:04,313] {dag.py:2919} INFO - Setting next_dagrun for example_branch_datetime_operator_2 to 2022-08-21T00:00:00+00:00, run_after=2022-08-22T00:00:00+00:00
[2022-08-22 23:49:04,325] {processor.py:161} INFO - Processing /home/airflow/.local/lib/python3.7/site-packages/airflow/example_dags/example_branch_datetime_operator.py took 0.078 seconds
[2022-08-22 23:49:34,878] {processor.py:153} INFO - Started process (PID=1634) to work on /home/airflow/.local/lib/python3.7/site-packages/airflow/example_dags/example_branch_datetime_operator.py
[2022-08-22 23:49:34,879] {processor.py:641} INFO - Processing file /home/airflow/.local/lib/python3.7/site-packages/airflow/example_dags/example_branch_datetime_operator.py for tasks to queue
[2022-08-22 23:49:34,880] {logging_mixin.py:115} INFO - [2022-08-22 23:49:34,880] {dagbag.py:507} INFO - Filling up the DagBag from /home/airflow/.local/lib/python3.7/site-packages/airflow/example_dags/example_branch_datetime_operator.py
[2022-08-22 23:49:34,888] {processor.py:651} INFO - DAG(s) dict_keys(['example_branch_datetime_operator_2']) retrieved from /home/airflow/.local/lib/python3.7/site-packages/airflow/example_dags/example_branch_datetime_operator.py
[2022-08-22 23:49:34,916] {logging_mixin.py:115} INFO - [2022-08-22 23:49:34,916] {dag.py:2371} INFO - Sync 1 DAGs
[2022-08-22 23:49:34,941] {logging_mixin.py:115} INFO - [2022-08-22 23:49:34,941] {dag.py:2919} INFO - Setting next_dagrun for example_branch_datetime_operator_2 to 2022-08-21T00:00:00+00:00, run_after=2022-08-22T00:00:00+00:00
[2022-08-22 23:49:34,952] {processor.py:161} INFO - Processing /home/airflow/.local/lib/python3.7/site-packages/airflow/example_dags/example_branch_datetime_operator.py took 0.078 seconds
[2022-08-22 23:50:05,122] {processor.py:153} INFO - Started process (PID=1711) to work on /home/airflow/.local/lib/python3.7/site-packages/airflow/example_dags/example_branch_datetime_operator.py
[2022-08-22 23:50:05,123] {processor.py:641} INFO - Processing file /home/airflow/.local/lib/python3.7/site-packages/airflow/example_dags/example_branch_datetime_operator.py for tasks to queue
[2022-08-22 23:50:05,124] {logging_mixin.py:115} INFO - [2022-08-22 23:50:05,124] {dagbag.py:507} INFO - Filling up the DagBag from /home/airflow/.local/lib/python3.7/site-packages/airflow/example_dags/example_branch_datetime_operator.py
[2022-08-22 23:50:05,133] {processor.py:651} INFO - DAG(s) dict_keys(['example_branch_datetime_operator_2']) retrieved from /home/airflow/.local/lib/python3.7/site-packages/airflow/example_dags/example_branch_datetime_operator.py
[2022-08-22 23:50:05,161] {logging_mixin.py:115} INFO - [2022-08-22 23:50:05,161] {dag.py:2371} INFO - Sync 1 DAGs
[2022-08-22 23:50:05,185] {logging_mixin.py:115} INFO - [2022-08-22 23:50:05,185] {dag.py:2919} INFO - Setting next_dagrun for example_branch_datetime_operator_2 to 2022-08-21T00:00:00+00:00, run_after=2022-08-22T00:00:00+00:00
[2022-08-22 23:50:05,199] {processor.py:161} INFO - Processing /home/airflow/.local/lib/python3.7/site-packages/airflow/example_dags/example_branch_datetime_operator.py took 0.080 seconds
[2022-08-22 23:50:35,784] {processor.py:153} INFO - Started process (PID=1779) to work on /home/airflow/.local/lib/python3.7/site-packages/airflow/example_dags/example_branch_datetime_operator.py
[2022-08-22 23:50:35,785] {processor.py:641} INFO - Processing file /home/airflow/.local/lib/python3.7/site-packages/airflow/example_dags/example_branch_datetime_operator.py for tasks to queue
[2022-08-22 23:50:35,786] {logging_mixin.py:115} INFO - [2022-08-22 23:50:35,786] {dagbag.py:507} INFO - Filling up the DagBag from /home/airflow/.local/lib/python3.7/site-packages/airflow/example_dags/example_branch_datetime_operator.py
[2022-08-22 23:50:35,794] {processor.py:651} INFO - DAG(s) dict_keys(['example_branch_datetime_operator_2']) retrieved from /home/airflow/.local/lib/python3.7/site-packages/airflow/example_dags/example_branch_datetime_operator.py
[2022-08-22 23:50:35,821] {logging_mixin.py:115} INFO - [2022-08-22 23:50:35,821] {dag.py:2371} INFO - Sync 1 DAGs
[2022-08-22 23:50:35,845] {logging_mixin.py:115} INFO - [2022-08-22 23:50:35,845] {dag.py:2919} INFO - Setting next_dagrun for example_branch_datetime_operator_2 to 2022-08-21T00:00:00+00:00, run_after=2022-08-22T00:00:00+00:00
[2022-08-22 23:50:35,856] {processor.py:161} INFO - Processing /home/airflow/.local/lib/python3.7/site-packages/airflow/example_dags/example_branch_datetime_operator.py took 0.076 seconds
[2022-08-22 23:51:06,591] {processor.py:153} INFO - Started process (PID=1856) to work on /home/airflow/.local/lib/python3.7/site-packages/airflow/example_dags/example_branch_datetime_operator.py
[2022-08-22 23:51:06,592] {processor.py:641} INFO - Processing file /home/airflow/.local/lib/python3.7/site-packages/airflow/example_dags/example_branch_datetime_operator.py for tasks to queue
[2022-08-22 23:51:06,593] {logging_mixin.py:115} INFO - [2022-08-22 23:51:06,593] {dagbag.py:507} INFO - Filling up the DagBag from /home/airflow/.local/lib/python3.7/site-packages/airflow/example_dags/example_branch_datetime_operator.py
[2022-08-22 23:51:06,602] {processor.py:651} INFO - DAG(s) dict_keys(['example_branch_datetime_operator_2']) retrieved from /home/airflow/.local/lib/python3.7/site-packages/airflow/example_dags/example_branch_datetime_operator.py
[2022-08-22 23:51:06,630] {logging_mixin.py:115} INFO - [2022-08-22 23:51:06,630] {dag.py:2371} INFO - Sync 1 DAGs
[2022-08-22 23:51:06,654] {logging_mixin.py:115} INFO - [2022-08-22 23:51:06,654] {dag.py:2919} INFO - Setting next_dagrun for example_branch_datetime_operator_2 to 2022-08-21T00:00:00+00:00, run_after=2022-08-22T00:00:00+00:00
[2022-08-22 23:51:06,666] {processor.py:161} INFO - Processing /home/airflow/.local/lib/python3.7/site-packages/airflow/example_dags/example_branch_datetime_operator.py took 0.079 seconds
[2022-08-22 23:51:37,107] {processor.py:153} INFO - Started process (PID=1933) to work on /home/airflow/.local/lib/python3.7/site-packages/airflow/example_dags/example_branch_datetime_operator.py
[2022-08-22 23:51:37,108] {processor.py:641} INFO - Processing file /home/airflow/.local/lib/python3.7/site-packages/airflow/example_dags/example_branch_datetime_operator.py for tasks to queue
[2022-08-22 23:51:37,109] {logging_mixin.py:115} INFO - [2022-08-22 23:51:37,109] {dagbag.py:507} INFO - Filling up the DagBag from /home/airflow/.local/lib/python3.7/site-packages/airflow/example_dags/example_branch_datetime_operator.py
[2022-08-22 23:51:37,117] {processor.py:651} INFO - DAG(s) dict_keys(['example_branch_datetime_operator_2']) retrieved from /home/airflow/.local/lib/python3.7/site-packages/airflow/example_dags/example_branch_datetime_operator.py
[2022-08-22 23:51:37,143] {logging_mixin.py:115} INFO - [2022-08-22 23:51:37,143] {dag.py:2371} INFO - Sync 1 DAGs
[2022-08-22 23:51:37,166] {logging_mixin.py:115} INFO - [2022-08-22 23:51:37,166] {dag.py:2919} INFO - Setting next_dagrun for example_branch_datetime_operator_2 to 2022-08-21T00:00:00+00:00, run_after=2022-08-22T00:00:00+00:00
[2022-08-22 23:51:37,178] {processor.py:161} INFO - Processing /home/airflow/.local/lib/python3.7/site-packages/airflow/example_dags/example_branch_datetime_operator.py took 0.074 seconds
[2022-08-22 23:52:07,761] {processor.py:153} INFO - Started process (PID=2010) to work on /home/airflow/.local/lib/python3.7/site-packages/airflow/example_dags/example_branch_datetime_operator.py
[2022-08-22 23:52:07,762] {processor.py:641} INFO - Processing file /home/airflow/.local/lib/python3.7/site-packages/airflow/example_dags/example_branch_datetime_operator.py for tasks to queue
[2022-08-22 23:52:07,763] {logging_mixin.py:115} INFO - [2022-08-22 23:52:07,763] {dagbag.py:507} INFO - Filling up the DagBag from /home/airflow/.local/lib/python3.7/site-packages/airflow/example_dags/example_branch_datetime_operator.py
[2022-08-22 23:52:07,772] {processor.py:651} INFO - DAG(s) dict_keys(['example_branch_datetime_operator_2']) retrieved from /home/airflow/.local/lib/python3.7/site-packages/airflow/example_dags/example_branch_datetime_operator.py
[2022-08-22 23:52:07,800] {logging_mixin.py:115} INFO - [2022-08-22 23:52:07,800] {dag.py:2371} INFO - Sync 1 DAGs
[2022-08-22 23:52:07,824] {logging_mixin.py:115} INFO - [2022-08-22 23:52:07,824] {dag.py:2919} INFO - Setting next_dagrun for example_branch_datetime_operator_2 to 2022-08-21T00:00:00+00:00, run_after=2022-08-22T00:00:00+00:00
[2022-08-22 23:52:07,836] {processor.py:161} INFO - Processing /home/airflow/.local/lib/python3.7/site-packages/airflow/example_dags/example_branch_datetime_operator.py took 0.078 seconds
[2022-08-22 23:52:38,109] {processor.py:153} INFO - Started process (PID=2078) to work on /home/airflow/.local/lib/python3.7/site-packages/airflow/example_dags/example_branch_datetime_operator.py
[2022-08-22 23:52:38,110] {processor.py:641} INFO - Processing file /home/airflow/.local/lib/python3.7/site-packages/airflow/example_dags/example_branch_datetime_operator.py for tasks to queue
[2022-08-22 23:52:38,111] {logging_mixin.py:115} INFO - [2022-08-22 23:52:38,111] {dagbag.py:507} INFO - Filling up the DagBag from /home/airflow/.local/lib/python3.7/site-packages/airflow/example_dags/example_branch_datetime_operator.py
[2022-08-22 23:52:38,119] {processor.py:651} INFO - DAG(s) dict_keys(['example_branch_datetime_operator_2']) retrieved from /home/airflow/.local/lib/python3.7/site-packages/airflow/example_dags/example_branch_datetime_operator.py
[2022-08-22 23:52:38,145] {logging_mixin.py:115} INFO - [2022-08-22 23:52:38,145] {dag.py:2371} INFO - Sync 1 DAGs
[2022-08-22 23:52:38,169] {logging_mixin.py:115} INFO - [2022-08-22 23:52:38,169] {dag.py:2919} INFO - Setting next_dagrun for example_branch_datetime_operator_2 to 2022-08-21T00:00:00+00:00, run_after=2022-08-22T00:00:00+00:00
[2022-08-22 23:52:38,180] {processor.py:161} INFO - Processing /home/airflow/.local/lib/python3.7/site-packages/airflow/example_dags/example_branch_datetime_operator.py took 0.074 seconds
[2022-08-22 23:53:08,855] {processor.py:153} INFO - Started process (PID=2155) to work on /home/airflow/.local/lib/python3.7/site-packages/airflow/example_dags/example_branch_datetime_operator.py
[2022-08-22 23:53:08,856] {processor.py:641} INFO - Processing file /home/airflow/.local/lib/python3.7/site-packages/airflow/example_dags/example_branch_datetime_operator.py for tasks to queue
[2022-08-22 23:53:08,857] {logging_mixin.py:115} INFO - [2022-08-22 23:53:08,857] {dagbag.py:507} INFO - Filling up the DagBag from /home/airflow/.local/lib/python3.7/site-packages/airflow/example_dags/example_branch_datetime_operator.py
[2022-08-22 23:53:08,866] {processor.py:651} INFO - DAG(s) dict_keys(['example_branch_datetime_operator_2']) retrieved from /home/airflow/.local/lib/python3.7/site-packages/airflow/example_dags/example_branch_datetime_operator.py
[2022-08-22 23:53:08,894] {logging_mixin.py:115} INFO - [2022-08-22 23:53:08,894] {dag.py:2371} INFO - Sync 1 DAGs
[2022-08-22 23:53:08,919] {logging_mixin.py:115} INFO - [2022-08-22 23:53:08,919] {dag.py:2919} INFO - Setting next_dagrun for example_branch_datetime_operator_2 to 2022-08-21T00:00:00+00:00, run_after=2022-08-22T00:00:00+00:00
[2022-08-22 23:53:08,932] {processor.py:161} INFO - Processing /home/airflow/.local/lib/python3.7/site-packages/airflow/example_dags/example_branch_datetime_operator.py took 0.081 seconds
[2022-08-22 23:53:39,453] {processor.py:153} INFO - Started process (PID=2232) to work on /home/airflow/.local/lib/python3.7/site-packages/airflow/example_dags/example_branch_datetime_operator.py
[2022-08-22 23:53:39,454] {processor.py:641} INFO - Processing file /home/airflow/.local/lib/python3.7/site-packages/airflow/example_dags/example_branch_datetime_operator.py for tasks to queue
[2022-08-22 23:53:39,454] {logging_mixin.py:115} INFO - [2022-08-22 23:53:39,454] {dagbag.py:507} INFO - Filling up the DagBag from /home/airflow/.local/lib/python3.7/site-packages/airflow/example_dags/example_branch_datetime_operator.py
[2022-08-22 23:53:39,463] {processor.py:651} INFO - DAG(s) dict_keys(['example_branch_datetime_operator_2']) retrieved from /home/airflow/.local/lib/python3.7/site-packages/airflow/example_dags/example_branch_datetime_operator.py
[2022-08-22 23:53:39,490] {logging_mixin.py:115} INFO - [2022-08-22 23:53:39,490] {dag.py:2371} INFO - Sync 1 DAGs
[2022-08-22 23:53:39,513] {logging_mixin.py:115} INFO - [2022-08-22 23:53:39,513] {dag.py:2919} INFO - Setting next_dagrun for example_branch_datetime_operator_2 to 2022-08-21T00:00:00+00:00, run_after=2022-08-22T00:00:00+00:00
[2022-08-22 23:53:39,525] {processor.py:161} INFO - Processing /home/airflow/.local/lib/python3.7/site-packages/airflow/example_dags/example_branch_datetime_operator.py took 0.076 seconds
[2022-08-22 23:54:09,957] {processor.py:153} INFO - Started process (PID=2309) to work on /home/airflow/.local/lib/python3.7/site-packages/airflow/example_dags/example_branch_datetime_operator.py
[2022-08-22 23:54:09,958] {processor.py:641} INFO - Processing file /home/airflow/.local/lib/python3.7/site-packages/airflow/example_dags/example_branch_datetime_operator.py for tasks to queue
[2022-08-22 23:54:09,959] {logging_mixin.py:115} INFO - [2022-08-22 23:54:09,959] {dagbag.py:507} INFO - Filling up the DagBag from /home/airflow/.local/lib/python3.7/site-packages/airflow/example_dags/example_branch_datetime_operator.py
[2022-08-22 23:54:09,967] {processor.py:651} INFO - DAG(s) dict_keys(['example_branch_datetime_operator_2']) retrieved from /home/airflow/.local/lib/python3.7/site-packages/airflow/example_dags/example_branch_datetime_operator.py
[2022-08-22 23:54:09,993] {logging_mixin.py:115} INFO - [2022-08-22 23:54:09,993] {dag.py:2371} INFO - Sync 1 DAGs
[2022-08-22 23:54:10,018] {logging_mixin.py:115} INFO - [2022-08-22 23:54:10,018] {dag.py:2919} INFO - Setting next_dagrun for example_branch_datetime_operator_2 to 2022-08-21T00:00:00+00:00, run_after=2022-08-22T00:00:00+00:00
[2022-08-22 23:54:10,029] {processor.py:161} INFO - Processing /home/airflow/.local/lib/python3.7/site-packages/airflow/example_dags/example_branch_datetime_operator.py took 0.075 seconds
[2022-08-22 23:54:40,561] {processor.py:153} INFO - Started process (PID=2377) to work on /home/airflow/.local/lib/python3.7/site-packages/airflow/example_dags/example_branch_datetime_operator.py
[2022-08-22 23:54:40,562] {processor.py:641} INFO - Processing file /home/airflow/.local/lib/python3.7/site-packages/airflow/example_dags/example_branch_datetime_operator.py for tasks to queue
[2022-08-22 23:54:40,563] {logging_mixin.py:115} INFO - [2022-08-22 23:54:40,563] {dagbag.py:507} INFO - Filling up the DagBag from /home/airflow/.local/lib/python3.7/site-packages/airflow/example_dags/example_branch_datetime_operator.py
[2022-08-22 23:54:40,572] {processor.py:651} INFO - DAG(s) dict_keys(['example_branch_datetime_operator_2']) retrieved from /home/airflow/.local/lib/python3.7/site-packages/airflow/example_dags/example_branch_datetime_operator.py
[2022-08-22 23:54:40,597] {logging_mixin.py:115} INFO - [2022-08-22 23:54:40,597] {dag.py:2371} INFO - Sync 1 DAGs
[2022-08-22 23:54:40,620] {logging_mixin.py:115} INFO - [2022-08-22 23:54:40,620] {dag.py:2919} INFO - Setting next_dagrun for example_branch_datetime_operator_2 to 2022-08-21T00:00:00+00:00, run_after=2022-08-22T00:00:00+00:00
[2022-08-22 23:54:40,632] {processor.py:161} INFO - Processing /home/airflow/.local/lib/python3.7/site-packages/airflow/example_dags/example_branch_datetime_operator.py took 0.074 seconds
[2022-08-22 23:55:11,569] {processor.py:153} INFO - Started process (PID=2454) to work on /home/airflow/.local/lib/python3.7/site-packages/airflow/example_dags/example_branch_datetime_operator.py
[2022-08-22 23:55:11,570] {processor.py:641} INFO - Processing file /home/airflow/.local/lib/python3.7/site-packages/airflow/example_dags/example_branch_datetime_operator.py for tasks to queue
[2022-08-22 23:55:11,571] {logging_mixin.py:115} INFO - [2022-08-22 23:55:11,570] {dagbag.py:507} INFO - Filling up the DagBag from /home/airflow/.local/lib/python3.7/site-packages/airflow/example_dags/example_branch_datetime_operator.py
[2022-08-22 23:55:11,579] {processor.py:651} INFO - DAG(s) dict_keys(['example_branch_datetime_operator_2']) retrieved from /home/airflow/.local/lib/python3.7/site-packages/airflow/example_dags/example_branch_datetime_operator.py
[2022-08-22 23:55:11,605] {logging_mixin.py:115} INFO - [2022-08-22 23:55:11,605] {dag.py:2371} INFO - Sync 1 DAGs
[2022-08-22 23:55:11,628] {logging_mixin.py:115} INFO - [2022-08-22 23:55:11,628] {dag.py:2919} INFO - Setting next_dagrun for example_branch_datetime_operator_2 to 2022-08-21T00:00:00+00:00, run_after=2022-08-22T00:00:00+00:00
[2022-08-22 23:55:11,639] {processor.py:161} INFO - Processing /home/airflow/.local/lib/python3.7/site-packages/airflow/example_dags/example_branch_datetime_operator.py took 0.074 seconds
[2022-08-22 23:55:42,104] {processor.py:153} INFO - Started process (PID=2531) to work on /home/airflow/.local/lib/python3.7/site-packages/airflow/example_dags/example_branch_datetime_operator.py
[2022-08-22 23:55:42,105] {processor.py:641} INFO - Processing file /home/airflow/.local/lib/python3.7/site-packages/airflow/example_dags/example_branch_datetime_operator.py for tasks to queue
[2022-08-22 23:55:42,106] {logging_mixin.py:115} INFO - [2022-08-22 23:55:42,106] {dagbag.py:507} INFO - Filling up the DagBag from /home/airflow/.local/lib/python3.7/site-packages/airflow/example_dags/example_branch_datetime_operator.py
[2022-08-22 23:55:42,115] {processor.py:651} INFO - DAG(s) dict_keys(['example_branch_datetime_operator_2']) retrieved from /home/airflow/.local/lib/python3.7/site-packages/airflow/example_dags/example_branch_datetime_operator.py
[2022-08-22 23:55:42,144] {logging_mixin.py:115} INFO - [2022-08-22 23:55:42,144] {dag.py:2371} INFO - Sync 1 DAGs
[2022-08-22 23:55:42,169] {logging_mixin.py:115} INFO - [2022-08-22 23:55:42,169] {dag.py:2919} INFO - Setting next_dagrun for example_branch_datetime_operator_2 to 2022-08-21T00:00:00+00:00, run_after=2022-08-22T00:00:00+00:00
[2022-08-22 23:55:42,180] {processor.py:161} INFO - Processing /home/airflow/.local/lib/python3.7/site-packages/airflow/example_dags/example_branch_datetime_operator.py took 0.079 seconds
[2022-08-22 23:56:12,707] {processor.py:153} INFO - Started process (PID=2608) to work on /home/airflow/.local/lib/python3.7/site-packages/airflow/example_dags/example_branch_datetime_operator.py
[2022-08-22 23:56:12,708] {processor.py:641} INFO - Processing file /home/airflow/.local/lib/python3.7/site-packages/airflow/example_dags/example_branch_datetime_operator.py for tasks to queue
[2022-08-22 23:56:12,709] {logging_mixin.py:115} INFO - [2022-08-22 23:56:12,709] {dagbag.py:507} INFO - Filling up the DagBag from /home/airflow/.local/lib/python3.7/site-packages/airflow/example_dags/example_branch_datetime_operator.py
[2022-08-22 23:56:12,717] {processor.py:651} INFO - DAG(s) dict_keys(['example_branch_datetime_operator_2']) retrieved from /home/airflow/.local/lib/python3.7/site-packages/airflow/example_dags/example_branch_datetime_operator.py
[2022-08-22 23:56:12,743] {logging_mixin.py:115} INFO - [2022-08-22 23:56:12,742] {dag.py:2371} INFO - Sync 1 DAGs
[2022-08-22 23:56:12,766] {logging_mixin.py:115} INFO - [2022-08-22 23:56:12,765] {dag.py:2919} INFO - Setting next_dagrun for example_branch_datetime_operator_2 to 2022-08-21T00:00:00+00:00, run_after=2022-08-22T00:00:00+00:00
[2022-08-22 23:56:12,776] {processor.py:161} INFO - Processing /home/airflow/.local/lib/python3.7/site-packages/airflow/example_dags/example_branch_datetime_operator.py took 0.073 seconds
[2022-08-22 23:56:43,082] {processor.py:153} INFO - Started process (PID=2676) to work on /home/airflow/.local/lib/python3.7/site-packages/airflow/example_dags/example_branch_datetime_operator.py
[2022-08-22 23:56:43,083] {processor.py:641} INFO - Processing file /home/airflow/.local/lib/python3.7/site-packages/airflow/example_dags/example_branch_datetime_operator.py for tasks to queue
[2022-08-22 23:56:43,084] {logging_mixin.py:115} INFO - [2022-08-22 23:56:43,084] {dagbag.py:507} INFO - Filling up the DagBag from /home/airflow/.local/lib/python3.7/site-packages/airflow/example_dags/example_branch_datetime_operator.py
[2022-08-22 23:56:43,093] {processor.py:651} INFO - DAG(s) dict_keys(['example_branch_datetime_operator_2']) retrieved from /home/airflow/.local/lib/python3.7/site-packages/airflow/example_dags/example_branch_datetime_operator.py
[2022-08-22 23:56:43,118] {logging_mixin.py:115} INFO - [2022-08-22 23:56:43,118] {dag.py:2371} INFO - Sync 1 DAGs
[2022-08-22 23:56:43,140] {logging_mixin.py:115} INFO - [2022-08-22 23:56:43,140] {dag.py:2919} INFO - Setting next_dagrun for example_branch_datetime_operator_2 to 2022-08-21T00:00:00+00:00, run_after=2022-08-22T00:00:00+00:00
[2022-08-22 23:56:43,150] {processor.py:161} INFO - Processing /home/airflow/.local/lib/python3.7/site-packages/airflow/example_dags/example_branch_datetime_operator.py took 0.071 seconds
[2022-08-22 23:57:13,643] {processor.py:153} INFO - Started process (PID=2753) to work on /home/airflow/.local/lib/python3.7/site-packages/airflow/example_dags/example_branch_datetime_operator.py
[2022-08-22 23:57:13,645] {processor.py:641} INFO - Processing file /home/airflow/.local/lib/python3.7/site-packages/airflow/example_dags/example_branch_datetime_operator.py for tasks to queue
[2022-08-22 23:57:13,645] {logging_mixin.py:115} INFO - [2022-08-22 23:57:13,645] {dagbag.py:507} INFO - Filling up the DagBag from /home/airflow/.local/lib/python3.7/site-packages/airflow/example_dags/example_branch_datetime_operator.py
[2022-08-22 23:57:13,653] {processor.py:651} INFO - DAG(s) dict_keys(['example_branch_datetime_operator_2']) retrieved from /home/airflow/.local/lib/python3.7/site-packages/airflow/example_dags/example_branch_datetime_operator.py
[2022-08-22 23:57:13,679] {logging_mixin.py:115} INFO - [2022-08-22 23:57:13,679] {dag.py:2371} INFO - Sync 1 DAGs
[2022-08-22 23:57:13,701] {logging_mixin.py:115} INFO - [2022-08-22 23:57:13,701] {dag.py:2919} INFO - Setting next_dagrun for example_branch_datetime_operator_2 to 2022-08-21T00:00:00+00:00, run_after=2022-08-22T00:00:00+00:00
[2022-08-22 23:57:13,712] {processor.py:161} INFO - Processing /home/airflow/.local/lib/python3.7/site-packages/airflow/example_dags/example_branch_datetime_operator.py took 0.071 seconds
[2022-08-22 23:57:44,479] {processor.py:153} INFO - Started process (PID=2830) to work on /home/airflow/.local/lib/python3.7/site-packages/airflow/example_dags/example_branch_datetime_operator.py
[2022-08-22 23:57:44,481] {processor.py:641} INFO - Processing file /home/airflow/.local/lib/python3.7/site-packages/airflow/example_dags/example_branch_datetime_operator.py for tasks to queue
[2022-08-22 23:57:44,482] {logging_mixin.py:115} INFO - [2022-08-22 23:57:44,482] {dagbag.py:507} INFO - Filling up the DagBag from /home/airflow/.local/lib/python3.7/site-packages/airflow/example_dags/example_branch_datetime_operator.py
[2022-08-22 23:57:44,491] {processor.py:651} INFO - DAG(s) dict_keys(['example_branch_datetime_operator_2']) retrieved from /home/airflow/.local/lib/python3.7/site-packages/airflow/example_dags/example_branch_datetime_operator.py
[2022-08-22 23:57:44,517] {logging_mixin.py:115} INFO - [2022-08-22 23:57:44,517] {dag.py:2371} INFO - Sync 1 DAGs
[2022-08-22 23:57:44,541] {logging_mixin.py:115} INFO - [2022-08-22 23:57:44,541] {dag.py:2919} INFO - Setting next_dagrun for example_branch_datetime_operator_2 to 2022-08-21T00:00:00+00:00, run_after=2022-08-22T00:00:00+00:00
[2022-08-22 23:57:44,553] {processor.py:161} INFO - Processing /home/airflow/.local/lib/python3.7/site-packages/airflow/example_dags/example_branch_datetime_operator.py took 0.078 seconds
[2022-08-22 23:58:15,269] {processor.py:153} INFO - Started process (PID=2907) to work on /home/airflow/.local/lib/python3.7/site-packages/airflow/example_dags/example_branch_datetime_operator.py
[2022-08-22 23:58:15,270] {processor.py:641} INFO - Processing file /home/airflow/.local/lib/python3.7/site-packages/airflow/example_dags/example_branch_datetime_operator.py for tasks to queue
[2022-08-22 23:58:15,271] {logging_mixin.py:115} INFO - [2022-08-22 23:58:15,271] {dagbag.py:507} INFO - Filling up the DagBag from /home/airflow/.local/lib/python3.7/site-packages/airflow/example_dags/example_branch_datetime_operator.py
[2022-08-22 23:58:15,279] {processor.py:651} INFO - DAG(s) dict_keys(['example_branch_datetime_operator_2']) retrieved from /home/airflow/.local/lib/python3.7/site-packages/airflow/example_dags/example_branch_datetime_operator.py
[2022-08-22 23:58:15,307] {logging_mixin.py:115} INFO - [2022-08-22 23:58:15,306] {dag.py:2371} INFO - Sync 1 DAGs
[2022-08-22 23:58:15,330] {logging_mixin.py:115} INFO - [2022-08-22 23:58:15,330] {dag.py:2919} INFO - Setting next_dagrun for example_branch_datetime_operator_2 to 2022-08-21T00:00:00+00:00, run_after=2022-08-22T00:00:00+00:00
[2022-08-22 23:58:15,341] {processor.py:161} INFO - Processing /home/airflow/.local/lib/python3.7/site-packages/airflow/example_dags/example_branch_datetime_operator.py took 0.076 seconds
[2022-08-22 23:58:46,331] {processor.py:153} INFO - Started process (PID=2975) to work on /home/airflow/.local/lib/python3.7/site-packages/airflow/example_dags/example_branch_datetime_operator.py
[2022-08-22 23:58:46,333] {processor.py:641} INFO - Processing file /home/airflow/.local/lib/python3.7/site-packages/airflow/example_dags/example_branch_datetime_operator.py for tasks to queue
[2022-08-22 23:58:46,334] {logging_mixin.py:115} INFO - [2022-08-22 23:58:46,334] {dagbag.py:507} INFO - Filling up the DagBag from /home/airflow/.local/lib/python3.7/site-packages/airflow/example_dags/example_branch_datetime_operator.py
[2022-08-22 23:58:46,344] {processor.py:651} INFO - DAG(s) dict_keys(['example_branch_datetime_operator_2']) retrieved from /home/airflow/.local/lib/python3.7/site-packages/airflow/example_dags/example_branch_datetime_operator.py
[2022-08-22 23:58:46,376] {logging_mixin.py:115} INFO - [2022-08-22 23:58:46,375] {dag.py:2371} INFO - Sync 1 DAGs
[2022-08-22 23:58:46,401] {logging_mixin.py:115} INFO - [2022-08-22 23:58:46,401] {dag.py:2919} INFO - Setting next_dagrun for example_branch_datetime_operator_2 to 2022-08-21T00:00:00+00:00, run_after=2022-08-22T00:00:00+00:00
[2022-08-22 23:58:46,413] {processor.py:161} INFO - Processing /home/airflow/.local/lib/python3.7/site-packages/airflow/example_dags/example_branch_datetime_operator.py took 0.086 seconds
[2022-08-22 23:59:16,828] {processor.py:153} INFO - Started process (PID=3052) to work on /home/airflow/.local/lib/python3.7/site-packages/airflow/example_dags/example_branch_datetime_operator.py
[2022-08-22 23:59:16,830] {processor.py:641} INFO - Processing file /home/airflow/.local/lib/python3.7/site-packages/airflow/example_dags/example_branch_datetime_operator.py for tasks to queue
[2022-08-22 23:59:16,831] {logging_mixin.py:115} INFO - [2022-08-22 23:59:16,830] {dagbag.py:507} INFO - Filling up the DagBag from /home/airflow/.local/lib/python3.7/site-packages/airflow/example_dags/example_branch_datetime_operator.py
[2022-08-22 23:59:16,839] {processor.py:651} INFO - DAG(s) dict_keys(['example_branch_datetime_operator_2']) retrieved from /home/airflow/.local/lib/python3.7/site-packages/airflow/example_dags/example_branch_datetime_operator.py
[2022-08-22 23:59:16,866] {logging_mixin.py:115} INFO - [2022-08-22 23:59:16,866] {dag.py:2371} INFO - Sync 1 DAGs
[2022-08-22 23:59:16,891] {logging_mixin.py:115} INFO - [2022-08-22 23:59:16,891] {dag.py:2919} INFO - Setting next_dagrun for example_branch_datetime_operator_2 to 2022-08-21T00:00:00+00:00, run_after=2022-08-22T00:00:00+00:00
[2022-08-22 23:59:16,904] {processor.py:161} INFO - Processing /home/airflow/.local/lib/python3.7/site-packages/airflow/example_dags/example_branch_datetime_operator.py took 0.079 seconds
[2022-08-22 23:59:47,341] {processor.py:153} INFO - Started process (PID=3128) to work on /home/airflow/.local/lib/python3.7/site-packages/airflow/example_dags/example_branch_datetime_operator.py
[2022-08-22 23:59:47,342] {processor.py:641} INFO - Processing file /home/airflow/.local/lib/python3.7/site-packages/airflow/example_dags/example_branch_datetime_operator.py for tasks to queue
[2022-08-22 23:59:47,343] {logging_mixin.py:115} INFO - [2022-08-22 23:59:47,343] {dagbag.py:507} INFO - Filling up the DagBag from /home/airflow/.local/lib/python3.7/site-packages/airflow/example_dags/example_branch_datetime_operator.py
[2022-08-22 23:59:47,352] {processor.py:651} INFO - DAG(s) dict_keys(['example_branch_datetime_operator_2']) retrieved from /home/airflow/.local/lib/python3.7/site-packages/airflow/example_dags/example_branch_datetime_operator.py
[2022-08-22 23:59:47,378] {logging_mixin.py:115} INFO - [2022-08-22 23:59:47,378] {dag.py:2371} INFO - Sync 1 DAGs
[2022-08-22 23:59:47,404] {logging_mixin.py:115} INFO - [2022-08-22 23:59:47,404] {dag.py:2919} INFO - Setting next_dagrun for example_branch_datetime_operator_2 to 2022-08-21T00:00:00+00:00, run_after=2022-08-22T00:00:00+00:00
[2022-08-22 23:59:47,417] {processor.py:161} INFO - Processing /home/airflow/.local/lib/python3.7/site-packages/airflow/example_dags/example_branch_datetime_operator.py took 0.080 seconds
