[2022-08-22 23:38:45,043] {processor.py:153} INFO - Started process (PID=109) to work on /home/airflow/.local/lib/python3.7/site-packages/airflow/example_dags/example_local_kubernetes_executor.py
[2022-08-22 23:38:45,054] {processor.py:641} INFO - Processing file /home/airflow/.local/lib/python3.7/site-packages/airflow/example_dags/example_local_kubernetes_executor.py for tasks to queue
[2022-08-22 23:38:45,065] {logging_mixin.py:115} INFO - [2022-08-22 23:38:45,065] {dagbag.py:507} INFO - Filling up the DagBag from /home/airflow/.local/lib/python3.7/site-packages/airflow/example_dags/example_local_kubernetes_executor.py
[2022-08-22 23:38:45,249] {processor.py:651} INFO - DAG(s) dict_keys(['example_local_kubernetes_executor']) retrieved from /home/airflow/.local/lib/python3.7/site-packages/airflow/example_dags/example_local_kubernetes_executor.py
[2022-08-22 23:38:45,650] {logging_mixin.py:115} INFO - [2022-08-22 23:38:45,645] {dag.py:2371} INFO - Sync 1 DAGs
[2022-08-22 23:38:46,024] {logging_mixin.py:115} INFO - [2022-08-22 23:38:46,024] {dag.py:2919} INFO - Setting next_dagrun for example_local_kubernetes_executor to None, run_after=None
[2022-08-22 23:38:46,262] {processor.py:161} INFO - Processing /home/airflow/.local/lib/python3.7/site-packages/airflow/example_dags/example_local_kubernetes_executor.py took 1.244 seconds
[2022-08-22 23:39:16,742] {processor.py:153} INFO - Started process (PID=175) to work on /home/airflow/.local/lib/python3.7/site-packages/airflow/example_dags/example_local_kubernetes_executor.py
[2022-08-22 23:39:16,745] {processor.py:641} INFO - Processing file /home/airflow/.local/lib/python3.7/site-packages/airflow/example_dags/example_local_kubernetes_executor.py for tasks to queue
[2022-08-22 23:39:16,748] {logging_mixin.py:115} INFO - [2022-08-22 23:39:16,747] {dagbag.py:507} INFO - Filling up the DagBag from /home/airflow/.local/lib/python3.7/site-packages/airflow/example_dags/example_local_kubernetes_executor.py
[2022-08-22 23:39:16,796] {processor.py:651} INFO - DAG(s) dict_keys(['example_local_kubernetes_executor']) retrieved from /home/airflow/.local/lib/python3.7/site-packages/airflow/example_dags/example_local_kubernetes_executor.py
[2022-08-22 23:39:16,859] {logging_mixin.py:115} INFO - [2022-08-22 23:39:16,859] {dag.py:2371} INFO - Sync 1 DAGs
[2022-08-22 23:39:16,916] {logging_mixin.py:115} INFO - [2022-08-22 23:39:16,916] {dag.py:2919} INFO - Setting next_dagrun for example_local_kubernetes_executor to None, run_after=None
[2022-08-22 23:39:16,945] {processor.py:161} INFO - Processing /home/airflow/.local/lib/python3.7/site-packages/airflow/example_dags/example_local_kubernetes_executor.py took 0.213 seconds
[2022-08-22 23:39:47,454] {processor.py:153} INFO - Started process (PID=243) to work on /home/airflow/.local/lib/python3.7/site-packages/airflow/example_dags/example_local_kubernetes_executor.py
[2022-08-22 23:39:47,456] {processor.py:641} INFO - Processing file /home/airflow/.local/lib/python3.7/site-packages/airflow/example_dags/example_local_kubernetes_executor.py for tasks to queue
[2022-08-22 23:39:47,458] {logging_mixin.py:115} INFO - [2022-08-22 23:39:47,458] {dagbag.py:507} INFO - Filling up the DagBag from /home/airflow/.local/lib/python3.7/site-packages/airflow/example_dags/example_local_kubernetes_executor.py
[2022-08-22 23:39:47,494] {processor.py:651} INFO - DAG(s) dict_keys(['example_local_kubernetes_executor']) retrieved from /home/airflow/.local/lib/python3.7/site-packages/airflow/example_dags/example_local_kubernetes_executor.py
[2022-08-22 23:39:47,559] {logging_mixin.py:115} INFO - [2022-08-22 23:39:47,559] {dag.py:2371} INFO - Sync 1 DAGs
[2022-08-22 23:39:47,619] {logging_mixin.py:115} INFO - [2022-08-22 23:39:47,618] {dag.py:2919} INFO - Setting next_dagrun for example_local_kubernetes_executor to None, run_after=None
[2022-08-22 23:39:47,642] {processor.py:161} INFO - Processing /home/airflow/.local/lib/python3.7/site-packages/airflow/example_dags/example_local_kubernetes_executor.py took 0.195 seconds
[2022-08-22 23:40:18,572] {processor.py:153} INFO - Started process (PID=319) to work on /home/airflow/.local/lib/python3.7/site-packages/airflow/example_dags/example_local_kubernetes_executor.py
[2022-08-22 23:40:18,575] {processor.py:641} INFO - Processing file /home/airflow/.local/lib/python3.7/site-packages/airflow/example_dags/example_local_kubernetes_executor.py for tasks to queue
[2022-08-22 23:40:18,578] {logging_mixin.py:115} INFO - [2022-08-22 23:40:18,578] {dagbag.py:507} INFO - Filling up the DagBag from /home/airflow/.local/lib/python3.7/site-packages/airflow/example_dags/example_local_kubernetes_executor.py
[2022-08-22 23:40:18,620] {processor.py:651} INFO - DAG(s) dict_keys(['example_local_kubernetes_executor']) retrieved from /home/airflow/.local/lib/python3.7/site-packages/airflow/example_dags/example_local_kubernetes_executor.py
[2022-08-22 23:40:18,677] {logging_mixin.py:115} INFO - [2022-08-22 23:40:18,676] {dag.py:2371} INFO - Sync 1 DAGs
[2022-08-22 23:40:18,735] {logging_mixin.py:115} INFO - [2022-08-22 23:40:18,734] {dag.py:2919} INFO - Setting next_dagrun for example_local_kubernetes_executor to None, run_after=None
[2022-08-22 23:40:18,766] {processor.py:161} INFO - Processing /home/airflow/.local/lib/python3.7/site-packages/airflow/example_dags/example_local_kubernetes_executor.py took 0.200 seconds
[2022-08-22 23:40:51,936] {processor.py:153} INFO - Started process (PID=388) to work on /home/airflow/.local/lib/python3.7/site-packages/airflow/example_dags/example_local_kubernetes_executor.py
[2022-08-22 23:40:51,940] {processor.py:641} INFO - Processing file /home/airflow/.local/lib/python3.7/site-packages/airflow/example_dags/example_local_kubernetes_executor.py for tasks to queue
[2022-08-22 23:40:51,942] {logging_mixin.py:115} INFO - [2022-08-22 23:40:51,942] {dagbag.py:507} INFO - Filling up the DagBag from /home/airflow/.local/lib/python3.7/site-packages/airflow/example_dags/example_local_kubernetes_executor.py
[2022-08-22 23:40:51,995] {processor.py:651} INFO - DAG(s) dict_keys(['example_local_kubernetes_executor']) retrieved from /home/airflow/.local/lib/python3.7/site-packages/airflow/example_dags/example_local_kubernetes_executor.py
[2022-08-22 23:40:52,072] {logging_mixin.py:115} INFO - [2022-08-22 23:40:52,072] {dag.py:2371} INFO - Sync 1 DAGs
[2022-08-22 23:40:52,148] {logging_mixin.py:115} INFO - [2022-08-22 23:40:52,148] {dag.py:2919} INFO - Setting next_dagrun for example_local_kubernetes_executor to None, run_after=None
[2022-08-22 23:40:52,185] {processor.py:161} INFO - Processing /home/airflow/.local/lib/python3.7/site-packages/airflow/example_dags/example_local_kubernetes_executor.py took 0.258 seconds
[2022-08-22 23:41:23,225] {processor.py:153} INFO - Started process (PID=456) to work on /home/airflow/.local/lib/python3.7/site-packages/airflow/example_dags/example_local_kubernetes_executor.py
[2022-08-22 23:41:23,228] {processor.py:641} INFO - Processing file /home/airflow/.local/lib/python3.7/site-packages/airflow/example_dags/example_local_kubernetes_executor.py for tasks to queue
[2022-08-22 23:41:23,232] {logging_mixin.py:115} INFO - [2022-08-22 23:41:23,231] {dagbag.py:507} INFO - Filling up the DagBag from /home/airflow/.local/lib/python3.7/site-packages/airflow/example_dags/example_local_kubernetes_executor.py
[2022-08-22 23:41:23,288] {processor.py:651} INFO - DAG(s) dict_keys(['example_local_kubernetes_executor']) retrieved from /home/airflow/.local/lib/python3.7/site-packages/airflow/example_dags/example_local_kubernetes_executor.py
[2022-08-22 23:41:23,355] {logging_mixin.py:115} INFO - [2022-08-22 23:41:23,355] {dag.py:2371} INFO - Sync 1 DAGs
[2022-08-22 23:41:23,420] {logging_mixin.py:115} INFO - [2022-08-22 23:41:23,420] {dag.py:2919} INFO - Setting next_dagrun for example_local_kubernetes_executor to None, run_after=None
[2022-08-22 23:41:23,458] {processor.py:161} INFO - Processing /home/airflow/.local/lib/python3.7/site-packages/airflow/example_dags/example_local_kubernetes_executor.py took 0.243 seconds
[2022-08-22 23:41:54,219] {processor.py:153} INFO - Started process (PID=533) to work on /home/airflow/.local/lib/python3.7/site-packages/airflow/example_dags/example_local_kubernetes_executor.py
[2022-08-22 23:41:54,223] {processor.py:641} INFO - Processing file /home/airflow/.local/lib/python3.7/site-packages/airflow/example_dags/example_local_kubernetes_executor.py for tasks to queue
[2022-08-22 23:41:54,225] {logging_mixin.py:115} INFO - [2022-08-22 23:41:54,225] {dagbag.py:507} INFO - Filling up the DagBag from /home/airflow/.local/lib/python3.7/site-packages/airflow/example_dags/example_local_kubernetes_executor.py
[2022-08-22 23:41:54,272] {processor.py:651} INFO - DAG(s) dict_keys(['example_local_kubernetes_executor']) retrieved from /home/airflow/.local/lib/python3.7/site-packages/airflow/example_dags/example_local_kubernetes_executor.py
[2022-08-22 23:41:54,332] {logging_mixin.py:115} INFO - [2022-08-22 23:41:54,331] {dag.py:2371} INFO - Sync 1 DAGs
[2022-08-22 23:41:54,389] {logging_mixin.py:115} INFO - [2022-08-22 23:41:54,389] {dag.py:2919} INFO - Setting next_dagrun for example_local_kubernetes_executor to None, run_after=None
[2022-08-22 23:41:54,416] {processor.py:161} INFO - Processing /home/airflow/.local/lib/python3.7/site-packages/airflow/example_dags/example_local_kubernetes_executor.py took 0.204 seconds
[2022-08-22 23:42:25,556] {processor.py:153} INFO - Started process (PID=603) to work on /home/airflow/.local/lib/python3.7/site-packages/airflow/example_dags/example_local_kubernetes_executor.py
[2022-08-22 23:42:25,558] {processor.py:641} INFO - Processing file /home/airflow/.local/lib/python3.7/site-packages/airflow/example_dags/example_local_kubernetes_executor.py for tasks to queue
[2022-08-22 23:42:25,561] {logging_mixin.py:115} INFO - [2022-08-22 23:42:25,560] {dagbag.py:507} INFO - Filling up the DagBag from /home/airflow/.local/lib/python3.7/site-packages/airflow/example_dags/example_local_kubernetes_executor.py
[2022-08-22 23:42:25,598] {processor.py:651} INFO - DAG(s) dict_keys(['example_local_kubernetes_executor']) retrieved from /home/airflow/.local/lib/python3.7/site-packages/airflow/example_dags/example_local_kubernetes_executor.py
[2022-08-22 23:42:25,654] {logging_mixin.py:115} INFO - [2022-08-22 23:42:25,654] {dag.py:2371} INFO - Sync 1 DAGs
[2022-08-22 23:42:25,703] {logging_mixin.py:115} INFO - [2022-08-22 23:42:25,703] {dag.py:2919} INFO - Setting next_dagrun for example_local_kubernetes_executor to None, run_after=None
[2022-08-22 23:42:25,728] {processor.py:161} INFO - Processing /home/airflow/.local/lib/python3.7/site-packages/airflow/example_dags/example_local_kubernetes_executor.py took 0.182 seconds
[2022-08-22 23:42:55,810] {processor.py:153} INFO - Started process (PID=669) to work on /home/airflow/.local/lib/python3.7/site-packages/airflow/example_dags/example_local_kubernetes_executor.py
[2022-08-22 23:42:55,812] {processor.py:641} INFO - Processing file /home/airflow/.local/lib/python3.7/site-packages/airflow/example_dags/example_local_kubernetes_executor.py for tasks to queue
[2022-08-22 23:42:55,814] {logging_mixin.py:115} INFO - [2022-08-22 23:42:55,814] {dagbag.py:507} INFO - Filling up the DagBag from /home/airflow/.local/lib/python3.7/site-packages/airflow/example_dags/example_local_kubernetes_executor.py
[2022-08-22 23:42:55,852] {processor.py:651} INFO - DAG(s) dict_keys(['example_local_kubernetes_executor']) retrieved from /home/airflow/.local/lib/python3.7/site-packages/airflow/example_dags/example_local_kubernetes_executor.py
[2022-08-22 23:42:55,911] {logging_mixin.py:115} INFO - [2022-08-22 23:42:55,910] {dag.py:2371} INFO - Sync 1 DAGs
[2022-08-22 23:42:55,961] {logging_mixin.py:115} INFO - [2022-08-22 23:42:55,961] {dag.py:2919} INFO - Setting next_dagrun for example_local_kubernetes_executor to None, run_after=None
[2022-08-22 23:42:55,986] {processor.py:161} INFO - Processing /home/airflow/.local/lib/python3.7/site-packages/airflow/example_dags/example_local_kubernetes_executor.py took 0.185 seconds
[2022-08-22 23:43:26,792] {processor.py:153} INFO - Started process (PID=746) to work on /home/airflow/.local/lib/python3.7/site-packages/airflow/example_dags/example_local_kubernetes_executor.py
[2022-08-22 23:43:26,796] {processor.py:641} INFO - Processing file /home/airflow/.local/lib/python3.7/site-packages/airflow/example_dags/example_local_kubernetes_executor.py for tasks to queue
[2022-08-22 23:43:26,798] {logging_mixin.py:115} INFO - [2022-08-22 23:43:26,798] {dagbag.py:507} INFO - Filling up the DagBag from /home/airflow/.local/lib/python3.7/site-packages/airflow/example_dags/example_local_kubernetes_executor.py
[2022-08-22 23:43:26,847] {processor.py:651} INFO - DAG(s) dict_keys(['example_local_kubernetes_executor']) retrieved from /home/airflow/.local/lib/python3.7/site-packages/airflow/example_dags/example_local_kubernetes_executor.py
[2022-08-22 23:43:26,903] {logging_mixin.py:115} INFO - [2022-08-22 23:43:26,903] {dag.py:2371} INFO - Sync 1 DAGs
[2022-08-22 23:43:26,952] {logging_mixin.py:115} INFO - [2022-08-22 23:43:26,952] {dag.py:2919} INFO - Setting next_dagrun for example_local_kubernetes_executor to None, run_after=None
[2022-08-22 23:43:26,978] {processor.py:161} INFO - Processing /home/airflow/.local/lib/python3.7/site-packages/airflow/example_dags/example_local_kubernetes_executor.py took 0.193 seconds
[2022-08-22 23:43:57,072] {processor.py:153} INFO - Started process (PID=813) to work on /home/airflow/.local/lib/python3.7/site-packages/airflow/example_dags/example_local_kubernetes_executor.py
[2022-08-22 23:43:57,073] {processor.py:641} INFO - Processing file /home/airflow/.local/lib/python3.7/site-packages/airflow/example_dags/example_local_kubernetes_executor.py for tasks to queue
[2022-08-22 23:43:57,075] {logging_mixin.py:115} INFO - [2022-08-22 23:43:57,075] {dagbag.py:507} INFO - Filling up the DagBag from /home/airflow/.local/lib/python3.7/site-packages/airflow/example_dags/example_local_kubernetes_executor.py
[2022-08-22 23:43:57,110] {processor.py:651} INFO - DAG(s) dict_keys(['example_local_kubernetes_executor']) retrieved from /home/airflow/.local/lib/python3.7/site-packages/airflow/example_dags/example_local_kubernetes_executor.py
[2022-08-22 23:43:57,156] {logging_mixin.py:115} INFO - [2022-08-22 23:43:57,156] {dag.py:2371} INFO - Sync 1 DAGs
[2022-08-22 23:43:57,198] {logging_mixin.py:115} INFO - [2022-08-22 23:43:57,198] {dag.py:2919} INFO - Setting next_dagrun for example_local_kubernetes_executor to None, run_after=None
[2022-08-22 23:43:57,220] {processor.py:161} INFO - Processing /home/airflow/.local/lib/python3.7/site-packages/airflow/example_dags/example_local_kubernetes_executor.py took 0.155 seconds
[2022-08-22 23:44:27,946] {processor.py:153} INFO - Started process (PID=889) to work on /home/airflow/.local/lib/python3.7/site-packages/airflow/example_dags/example_local_kubernetes_executor.py
[2022-08-22 23:44:27,948] {processor.py:641} INFO - Processing file /home/airflow/.local/lib/python3.7/site-packages/airflow/example_dags/example_local_kubernetes_executor.py for tasks to queue
[2022-08-22 23:44:27,950] {logging_mixin.py:115} INFO - [2022-08-22 23:44:27,949] {dagbag.py:507} INFO - Filling up the DagBag from /home/airflow/.local/lib/python3.7/site-packages/airflow/example_dags/example_local_kubernetes_executor.py
[2022-08-22 23:44:27,987] {processor.py:651} INFO - DAG(s) dict_keys(['example_local_kubernetes_executor']) retrieved from /home/airflow/.local/lib/python3.7/site-packages/airflow/example_dags/example_local_kubernetes_executor.py
[2022-08-22 23:44:28,040] {logging_mixin.py:115} INFO - [2022-08-22 23:44:28,040] {dag.py:2371} INFO - Sync 1 DAGs
[2022-08-22 23:44:28,097] {logging_mixin.py:115} INFO - [2022-08-22 23:44:28,097] {dag.py:2919} INFO - Setting next_dagrun for example_local_kubernetes_executor to None, run_after=None
[2022-08-22 23:44:28,123] {processor.py:161} INFO - Processing /home/airflow/.local/lib/python3.7/site-packages/airflow/example_dags/example_local_kubernetes_executor.py took 0.184 seconds
[2022-08-22 23:44:58,742] {processor.py:153} INFO - Started process (PID=957) to work on /home/airflow/.local/lib/python3.7/site-packages/airflow/example_dags/example_local_kubernetes_executor.py
[2022-08-22 23:44:58,746] {processor.py:641} INFO - Processing file /home/airflow/.local/lib/python3.7/site-packages/airflow/example_dags/example_local_kubernetes_executor.py for tasks to queue
[2022-08-22 23:44:58,749] {logging_mixin.py:115} INFO - [2022-08-22 23:44:58,749] {dagbag.py:507} INFO - Filling up the DagBag from /home/airflow/.local/lib/python3.7/site-packages/airflow/example_dags/example_local_kubernetes_executor.py
[2022-08-22 23:44:58,771] {processor.py:651} INFO - DAG(s) dict_keys(['example_local_kubernetes_executor']) retrieved from /home/airflow/.local/lib/python3.7/site-packages/airflow/example_dags/example_local_kubernetes_executor.py
[2022-08-22 23:44:58,800] {logging_mixin.py:115} INFO - [2022-08-22 23:44:58,799] {dag.py:2371} INFO - Sync 1 DAGs
[2022-08-22 23:44:58,828] {logging_mixin.py:115} INFO - [2022-08-22 23:44:58,828] {dag.py:2919} INFO - Setting next_dagrun for example_local_kubernetes_executor to None, run_after=None
[2022-08-22 23:44:58,846] {processor.py:161} INFO - Processing /home/airflow/.local/lib/python3.7/site-packages/airflow/example_dags/example_local_kubernetes_executor.py took 0.111 seconds
[2022-08-22 23:45:29,357] {processor.py:153} INFO - Started process (PID=1034) to work on /home/airflow/.local/lib/python3.7/site-packages/airflow/example_dags/example_local_kubernetes_executor.py
[2022-08-22 23:45:29,359] {processor.py:641} INFO - Processing file /home/airflow/.local/lib/python3.7/site-packages/airflow/example_dags/example_local_kubernetes_executor.py for tasks to queue
[2022-08-22 23:45:29,360] {logging_mixin.py:115} INFO - [2022-08-22 23:45:29,359] {dagbag.py:507} INFO - Filling up the DagBag from /home/airflow/.local/lib/python3.7/site-packages/airflow/example_dags/example_local_kubernetes_executor.py
[2022-08-22 23:45:29,377] {processor.py:651} INFO - DAG(s) dict_keys(['example_local_kubernetes_executor']) retrieved from /home/airflow/.local/lib/python3.7/site-packages/airflow/example_dags/example_local_kubernetes_executor.py
[2022-08-22 23:45:29,402] {logging_mixin.py:115} INFO - [2022-08-22 23:45:29,402] {dag.py:2371} INFO - Sync 1 DAGs
[2022-08-22 23:45:29,426] {logging_mixin.py:115} INFO - [2022-08-22 23:45:29,426] {dag.py:2919} INFO - Setting next_dagrun for example_local_kubernetes_executor to None, run_after=None
[2022-08-22 23:45:29,438] {processor.py:161} INFO - Processing /home/airflow/.local/lib/python3.7/site-packages/airflow/example_dags/example_local_kubernetes_executor.py took 0.084 seconds
[2022-08-22 23:46:00,330] {processor.py:153} INFO - Started process (PID=1112) to work on /home/airflow/.local/lib/python3.7/site-packages/airflow/example_dags/example_local_kubernetes_executor.py
[2022-08-22 23:46:00,331] {processor.py:641} INFO - Processing file /home/airflow/.local/lib/python3.7/site-packages/airflow/example_dags/example_local_kubernetes_executor.py for tasks to queue
[2022-08-22 23:46:00,332] {logging_mixin.py:115} INFO - [2022-08-22 23:46:00,332] {dagbag.py:507} INFO - Filling up the DagBag from /home/airflow/.local/lib/python3.7/site-packages/airflow/example_dags/example_local_kubernetes_executor.py
[2022-08-22 23:46:00,353] {processor.py:651} INFO - DAG(s) dict_keys(['example_local_kubernetes_executor']) retrieved from /home/airflow/.local/lib/python3.7/site-packages/airflow/example_dags/example_local_kubernetes_executor.py
[2022-08-22 23:46:00,381] {logging_mixin.py:115} INFO - [2022-08-22 23:46:00,381] {dag.py:2371} INFO - Sync 1 DAGs
[2022-08-22 23:46:00,406] {logging_mixin.py:115} INFO - [2022-08-22 23:46:00,405] {dag.py:2919} INFO - Setting next_dagrun for example_local_kubernetes_executor to None, run_after=None
[2022-08-22 23:46:00,421] {processor.py:161} INFO - Processing /home/airflow/.local/lib/python3.7/site-packages/airflow/example_dags/example_local_kubernetes_executor.py took 0.095 seconds
[2022-08-22 23:46:31,452] {processor.py:153} INFO - Started process (PID=1180) to work on /home/airflow/.local/lib/python3.7/site-packages/airflow/example_dags/example_local_kubernetes_executor.py
[2022-08-22 23:46:31,453] {processor.py:641} INFO - Processing file /home/airflow/.local/lib/python3.7/site-packages/airflow/example_dags/example_local_kubernetes_executor.py for tasks to queue
[2022-08-22 23:46:31,454] {logging_mixin.py:115} INFO - [2022-08-22 23:46:31,454] {dagbag.py:507} INFO - Filling up the DagBag from /home/airflow/.local/lib/python3.7/site-packages/airflow/example_dags/example_local_kubernetes_executor.py
[2022-08-22 23:46:31,473] {processor.py:651} INFO - DAG(s) dict_keys(['example_local_kubernetes_executor']) retrieved from /home/airflow/.local/lib/python3.7/site-packages/airflow/example_dags/example_local_kubernetes_executor.py
[2022-08-22 23:46:31,497] {logging_mixin.py:115} INFO - [2022-08-22 23:46:31,497] {dag.py:2371} INFO - Sync 1 DAGs
[2022-08-22 23:46:31,520] {logging_mixin.py:115} INFO - [2022-08-22 23:46:31,520] {dag.py:2919} INFO - Setting next_dagrun for example_local_kubernetes_executor to None, run_after=None
[2022-08-22 23:46:31,533] {processor.py:161} INFO - Processing /home/airflow/.local/lib/python3.7/site-packages/airflow/example_dags/example_local_kubernetes_executor.py took 0.085 seconds
[2022-08-22 23:47:02,046] {processor.py:153} INFO - Started process (PID=1257) to work on /home/airflow/.local/lib/python3.7/site-packages/airflow/example_dags/example_local_kubernetes_executor.py
[2022-08-22 23:47:02,048] {processor.py:641} INFO - Processing file /home/airflow/.local/lib/python3.7/site-packages/airflow/example_dags/example_local_kubernetes_executor.py for tasks to queue
[2022-08-22 23:47:02,049] {logging_mixin.py:115} INFO - [2022-08-22 23:47:02,049] {dagbag.py:507} INFO - Filling up the DagBag from /home/airflow/.local/lib/python3.7/site-packages/airflow/example_dags/example_local_kubernetes_executor.py
[2022-08-22 23:47:02,066] {processor.py:651} INFO - DAG(s) dict_keys(['example_local_kubernetes_executor']) retrieved from /home/airflow/.local/lib/python3.7/site-packages/airflow/example_dags/example_local_kubernetes_executor.py
[2022-08-22 23:47:02,092] {logging_mixin.py:115} INFO - [2022-08-22 23:47:02,092] {dag.py:2371} INFO - Sync 1 DAGs
[2022-08-22 23:47:02,114] {logging_mixin.py:115} INFO - [2022-08-22 23:47:02,114] {dag.py:2919} INFO - Setting next_dagrun for example_local_kubernetes_executor to None, run_after=None
[2022-08-22 23:47:02,126] {processor.py:161} INFO - Processing /home/airflow/.local/lib/python3.7/site-packages/airflow/example_dags/example_local_kubernetes_executor.py took 0.083 seconds
[2022-08-22 23:47:32,657] {processor.py:153} INFO - Started process (PID=1334) to work on /home/airflow/.local/lib/python3.7/site-packages/airflow/example_dags/example_local_kubernetes_executor.py
[2022-08-22 23:47:32,659] {processor.py:641} INFO - Processing file /home/airflow/.local/lib/python3.7/site-packages/airflow/example_dags/example_local_kubernetes_executor.py for tasks to queue
[2022-08-22 23:47:32,660] {logging_mixin.py:115} INFO - [2022-08-22 23:47:32,660] {dagbag.py:507} INFO - Filling up the DagBag from /home/airflow/.local/lib/python3.7/site-packages/airflow/example_dags/example_local_kubernetes_executor.py
[2022-08-22 23:47:32,677] {processor.py:651} INFO - DAG(s) dict_keys(['example_local_kubernetes_executor']) retrieved from /home/airflow/.local/lib/python3.7/site-packages/airflow/example_dags/example_local_kubernetes_executor.py
[2022-08-22 23:47:32,701] {logging_mixin.py:115} INFO - [2022-08-22 23:47:32,701] {dag.py:2371} INFO - Sync 1 DAGs
[2022-08-22 23:47:32,724] {logging_mixin.py:115} INFO - [2022-08-22 23:47:32,724] {dag.py:2919} INFO - Setting next_dagrun for example_local_kubernetes_executor to None, run_after=None
[2022-08-22 23:47:32,737] {processor.py:161} INFO - Processing /home/airflow/.local/lib/python3.7/site-packages/airflow/example_dags/example_local_kubernetes_executor.py took 0.083 seconds
[2022-08-22 23:48:03,048] {processor.py:153} INFO - Started process (PID=1410) to work on /home/airflow/.local/lib/python3.7/site-packages/airflow/example_dags/example_local_kubernetes_executor.py
[2022-08-22 23:48:03,049] {processor.py:641} INFO - Processing file /home/airflow/.local/lib/python3.7/site-packages/airflow/example_dags/example_local_kubernetes_executor.py for tasks to queue
[2022-08-22 23:48:03,051] {logging_mixin.py:115} INFO - [2022-08-22 23:48:03,050] {dagbag.py:507} INFO - Filling up the DagBag from /home/airflow/.local/lib/python3.7/site-packages/airflow/example_dags/example_local_kubernetes_executor.py
[2022-08-22 23:48:03,068] {processor.py:651} INFO - DAG(s) dict_keys(['example_local_kubernetes_executor']) retrieved from /home/airflow/.local/lib/python3.7/site-packages/airflow/example_dags/example_local_kubernetes_executor.py
[2022-08-22 23:48:03,092] {logging_mixin.py:115} INFO - [2022-08-22 23:48:03,092] {dag.py:2371} INFO - Sync 1 DAGs
[2022-08-22 23:48:03,114] {logging_mixin.py:115} INFO - [2022-08-22 23:48:03,113] {dag.py:2919} INFO - Setting next_dagrun for example_local_kubernetes_executor to None, run_after=None
[2022-08-22 23:48:03,125] {processor.py:161} INFO - Processing /home/airflow/.local/lib/python3.7/site-packages/airflow/example_dags/example_local_kubernetes_executor.py took 0.081 seconds
[2022-08-22 23:48:33,973] {processor.py:153} INFO - Started process (PID=1479) to work on /home/airflow/.local/lib/python3.7/site-packages/airflow/example_dags/example_local_kubernetes_executor.py
[2022-08-22 23:48:33,974] {processor.py:641} INFO - Processing file /home/airflow/.local/lib/python3.7/site-packages/airflow/example_dags/example_local_kubernetes_executor.py for tasks to queue
[2022-08-22 23:48:33,975] {logging_mixin.py:115} INFO - [2022-08-22 23:48:33,975] {dagbag.py:507} INFO - Filling up the DagBag from /home/airflow/.local/lib/python3.7/site-packages/airflow/example_dags/example_local_kubernetes_executor.py
[2022-08-22 23:48:33,993] {processor.py:651} INFO - DAG(s) dict_keys(['example_local_kubernetes_executor']) retrieved from /home/airflow/.local/lib/python3.7/site-packages/airflow/example_dags/example_local_kubernetes_executor.py
[2022-08-22 23:48:34,019] {logging_mixin.py:115} INFO - [2022-08-22 23:48:34,019] {dag.py:2371} INFO - Sync 1 DAGs
[2022-08-22 23:48:34,042] {logging_mixin.py:115} INFO - [2022-08-22 23:48:34,042] {dag.py:2919} INFO - Setting next_dagrun for example_local_kubernetes_executor to None, run_after=None
[2022-08-22 23:48:34,055] {processor.py:161} INFO - Processing /home/airflow/.local/lib/python3.7/site-packages/airflow/example_dags/example_local_kubernetes_executor.py took 0.085 seconds
[2022-08-22 23:49:04,200] {processor.py:153} INFO - Started process (PID=1556) to work on /home/airflow/.local/lib/python3.7/site-packages/airflow/example_dags/example_local_kubernetes_executor.py
[2022-08-22 23:49:04,201] {processor.py:641} INFO - Processing file /home/airflow/.local/lib/python3.7/site-packages/airflow/example_dags/example_local_kubernetes_executor.py for tasks to queue
[2022-08-22 23:49:04,202] {logging_mixin.py:115} INFO - [2022-08-22 23:49:04,202] {dagbag.py:507} INFO - Filling up the DagBag from /home/airflow/.local/lib/python3.7/site-packages/airflow/example_dags/example_local_kubernetes_executor.py
[2022-08-22 23:49:04,220] {processor.py:651} INFO - DAG(s) dict_keys(['example_local_kubernetes_executor']) retrieved from /home/airflow/.local/lib/python3.7/site-packages/airflow/example_dags/example_local_kubernetes_executor.py
[2022-08-22 23:49:04,244] {logging_mixin.py:115} INFO - [2022-08-22 23:49:04,244] {dag.py:2371} INFO - Sync 1 DAGs
[2022-08-22 23:49:04,267] {logging_mixin.py:115} INFO - [2022-08-22 23:49:04,267] {dag.py:2919} INFO - Setting next_dagrun for example_local_kubernetes_executor to None, run_after=None
[2022-08-22 23:49:04,278] {processor.py:161} INFO - Processing /home/airflow/.local/lib/python3.7/site-packages/airflow/example_dags/example_local_kubernetes_executor.py took 0.082 seconds
[2022-08-22 23:49:34,773] {processor.py:153} INFO - Started process (PID=1633) to work on /home/airflow/.local/lib/python3.7/site-packages/airflow/example_dags/example_local_kubernetes_executor.py
[2022-08-22 23:49:34,774] {processor.py:641} INFO - Processing file /home/airflow/.local/lib/python3.7/site-packages/airflow/example_dags/example_local_kubernetes_executor.py for tasks to queue
[2022-08-22 23:49:34,776] {logging_mixin.py:115} INFO - [2022-08-22 23:49:34,776] {dagbag.py:507} INFO - Filling up the DagBag from /home/airflow/.local/lib/python3.7/site-packages/airflow/example_dags/example_local_kubernetes_executor.py
[2022-08-22 23:49:34,794] {processor.py:651} INFO - DAG(s) dict_keys(['example_local_kubernetes_executor']) retrieved from /home/airflow/.local/lib/python3.7/site-packages/airflow/example_dags/example_local_kubernetes_executor.py
[2022-08-22 23:49:34,819] {logging_mixin.py:115} INFO - [2022-08-22 23:49:34,819] {dag.py:2371} INFO - Sync 1 DAGs
[2022-08-22 23:49:34,841] {logging_mixin.py:115} INFO - [2022-08-22 23:49:34,841] {dag.py:2919} INFO - Setting next_dagrun for example_local_kubernetes_executor to None, run_after=None
[2022-08-22 23:49:34,854] {processor.py:161} INFO - Processing /home/airflow/.local/lib/python3.7/site-packages/airflow/example_dags/example_local_kubernetes_executor.py took 0.085 seconds
[2022-08-22 23:50:05,019] {processor.py:153} INFO - Started process (PID=1709) to work on /home/airflow/.local/lib/python3.7/site-packages/airflow/example_dags/example_local_kubernetes_executor.py
[2022-08-22 23:50:05,020] {processor.py:641} INFO - Processing file /home/airflow/.local/lib/python3.7/site-packages/airflow/example_dags/example_local_kubernetes_executor.py for tasks to queue
[2022-08-22 23:50:05,021] {logging_mixin.py:115} INFO - [2022-08-22 23:50:05,021] {dagbag.py:507} INFO - Filling up the DagBag from /home/airflow/.local/lib/python3.7/site-packages/airflow/example_dags/example_local_kubernetes_executor.py
[2022-08-22 23:50:05,039] {processor.py:651} INFO - DAG(s) dict_keys(['example_local_kubernetes_executor']) retrieved from /home/airflow/.local/lib/python3.7/site-packages/airflow/example_dags/example_local_kubernetes_executor.py
[2022-08-22 23:50:05,065] {logging_mixin.py:115} INFO - [2022-08-22 23:50:05,065] {dag.py:2371} INFO - Sync 1 DAGs
[2022-08-22 23:50:05,088] {logging_mixin.py:115} INFO - [2022-08-22 23:50:05,088] {dag.py:2919} INFO - Setting next_dagrun for example_local_kubernetes_executor to None, run_after=None
[2022-08-22 23:50:05,101] {processor.py:161} INFO - Processing /home/airflow/.local/lib/python3.7/site-packages/airflow/example_dags/example_local_kubernetes_executor.py took 0.085 seconds
[2022-08-22 23:50:35,734] {processor.py:153} INFO - Started process (PID=1778) to work on /home/airflow/.local/lib/python3.7/site-packages/airflow/example_dags/example_local_kubernetes_executor.py
[2022-08-22 23:50:35,735] {processor.py:641} INFO - Processing file /home/airflow/.local/lib/python3.7/site-packages/airflow/example_dags/example_local_kubernetes_executor.py for tasks to queue
[2022-08-22 23:50:35,735] {logging_mixin.py:115} INFO - [2022-08-22 23:50:35,735] {dagbag.py:507} INFO - Filling up the DagBag from /home/airflow/.local/lib/python3.7/site-packages/airflow/example_dags/example_local_kubernetes_executor.py
[2022-08-22 23:50:35,753] {processor.py:651} INFO - DAG(s) dict_keys(['example_local_kubernetes_executor']) retrieved from /home/airflow/.local/lib/python3.7/site-packages/airflow/example_dags/example_local_kubernetes_executor.py
[2022-08-22 23:50:35,778] {logging_mixin.py:115} INFO - [2022-08-22 23:50:35,778] {dag.py:2371} INFO - Sync 1 DAGs
[2022-08-22 23:50:35,800] {logging_mixin.py:115} INFO - [2022-08-22 23:50:35,800] {dag.py:2919} INFO - Setting next_dagrun for example_local_kubernetes_executor to None, run_after=None
[2022-08-22 23:50:35,812] {processor.py:161} INFO - Processing /home/airflow/.local/lib/python3.7/site-packages/airflow/example_dags/example_local_kubernetes_executor.py took 0.081 seconds
[2022-08-22 23:51:06,479] {processor.py:153} INFO - Started process (PID=1855) to work on /home/airflow/.local/lib/python3.7/site-packages/airflow/example_dags/example_local_kubernetes_executor.py
[2022-08-22 23:51:06,480] {processor.py:641} INFO - Processing file /home/airflow/.local/lib/python3.7/site-packages/airflow/example_dags/example_local_kubernetes_executor.py for tasks to queue
[2022-08-22 23:51:06,481] {logging_mixin.py:115} INFO - [2022-08-22 23:51:06,481] {dagbag.py:507} INFO - Filling up the DagBag from /home/airflow/.local/lib/python3.7/site-packages/airflow/example_dags/example_local_kubernetes_executor.py
[2022-08-22 23:51:06,500] {processor.py:651} INFO - DAG(s) dict_keys(['example_local_kubernetes_executor']) retrieved from /home/airflow/.local/lib/python3.7/site-packages/airflow/example_dags/example_local_kubernetes_executor.py
[2022-08-22 23:51:06,527] {logging_mixin.py:115} INFO - [2022-08-22 23:51:06,526] {dag.py:2371} INFO - Sync 1 DAGs
[2022-08-22 23:51:06,554] {logging_mixin.py:115} INFO - [2022-08-22 23:51:06,554] {dag.py:2919} INFO - Setting next_dagrun for example_local_kubernetes_executor to None, run_after=None
[2022-08-22 23:51:06,568] {processor.py:161} INFO - Processing /home/airflow/.local/lib/python3.7/site-packages/airflow/example_dags/example_local_kubernetes_executor.py took 0.092 seconds
[2022-08-22 23:51:37,016] {processor.py:153} INFO - Started process (PID=1932) to work on /home/airflow/.local/lib/python3.7/site-packages/airflow/example_dags/example_local_kubernetes_executor.py
[2022-08-22 23:51:37,017] {processor.py:641} INFO - Processing file /home/airflow/.local/lib/python3.7/site-packages/airflow/example_dags/example_local_kubernetes_executor.py for tasks to queue
[2022-08-22 23:51:37,017] {logging_mixin.py:115} INFO - [2022-08-22 23:51:37,017] {dagbag.py:507} INFO - Filling up the DagBag from /home/airflow/.local/lib/python3.7/site-packages/airflow/example_dags/example_local_kubernetes_executor.py
[2022-08-22 23:51:37,034] {processor.py:651} INFO - DAG(s) dict_keys(['example_local_kubernetes_executor']) retrieved from /home/airflow/.local/lib/python3.7/site-packages/airflow/example_dags/example_local_kubernetes_executor.py
[2022-08-22 23:51:37,057] {logging_mixin.py:115} INFO - [2022-08-22 23:51:37,057] {dag.py:2371} INFO - Sync 1 DAGs
[2022-08-22 23:51:37,077] {logging_mixin.py:115} INFO - [2022-08-22 23:51:37,077] {dag.py:2919} INFO - Setting next_dagrun for example_local_kubernetes_executor to None, run_after=None
[2022-08-22 23:51:37,087] {processor.py:161} INFO - Processing /home/airflow/.local/lib/python3.7/site-packages/airflow/example_dags/example_local_kubernetes_executor.py took 0.074 seconds
[2022-08-22 23:52:07,662] {processor.py:153} INFO - Started process (PID=2007) to work on /home/airflow/.local/lib/python3.7/site-packages/airflow/example_dags/example_local_kubernetes_executor.py
[2022-08-22 23:52:07,663] {processor.py:641} INFO - Processing file /home/airflow/.local/lib/python3.7/site-packages/airflow/example_dags/example_local_kubernetes_executor.py for tasks to queue
[2022-08-22 23:52:07,664] {logging_mixin.py:115} INFO - [2022-08-22 23:52:07,664] {dagbag.py:507} INFO - Filling up the DagBag from /home/airflow/.local/lib/python3.7/site-packages/airflow/example_dags/example_local_kubernetes_executor.py
[2022-08-22 23:52:07,681] {processor.py:651} INFO - DAG(s) dict_keys(['example_local_kubernetes_executor']) retrieved from /home/airflow/.local/lib/python3.7/site-packages/airflow/example_dags/example_local_kubernetes_executor.py
[2022-08-22 23:52:07,706] {logging_mixin.py:115} INFO - [2022-08-22 23:52:07,706] {dag.py:2371} INFO - Sync 1 DAGs
[2022-08-22 23:52:07,729] {logging_mixin.py:115} INFO - [2022-08-22 23:52:07,729] {dag.py:2919} INFO - Setting next_dagrun for example_local_kubernetes_executor to None, run_after=None
[2022-08-22 23:52:07,740] {processor.py:161} INFO - Processing /home/airflow/.local/lib/python3.7/site-packages/airflow/example_dags/example_local_kubernetes_executor.py took 0.082 seconds
[2022-08-22 23:52:38,064] {processor.py:153} INFO - Started process (PID=2077) to work on /home/airflow/.local/lib/python3.7/site-packages/airflow/example_dags/example_local_kubernetes_executor.py
[2022-08-22 23:52:38,065] {processor.py:641} INFO - Processing file /home/airflow/.local/lib/python3.7/site-packages/airflow/example_dags/example_local_kubernetes_executor.py for tasks to queue
[2022-08-22 23:52:38,066] {logging_mixin.py:115} INFO - [2022-08-22 23:52:38,066] {dagbag.py:507} INFO - Filling up the DagBag from /home/airflow/.local/lib/python3.7/site-packages/airflow/example_dags/example_local_kubernetes_executor.py
[2022-08-22 23:52:38,084] {processor.py:651} INFO - DAG(s) dict_keys(['example_local_kubernetes_executor']) retrieved from /home/airflow/.local/lib/python3.7/site-packages/airflow/example_dags/example_local_kubernetes_executor.py
[2022-08-22 23:52:38,108] {logging_mixin.py:115} INFO - [2022-08-22 23:52:38,108] {dag.py:2371} INFO - Sync 1 DAGs
[2022-08-22 23:52:38,129] {logging_mixin.py:115} INFO - [2022-08-22 23:52:38,129] {dag.py:2919} INFO - Setting next_dagrun for example_local_kubernetes_executor to None, run_after=None
[2022-08-22 23:52:38,140] {processor.py:161} INFO - Processing /home/airflow/.local/lib/python3.7/site-packages/airflow/example_dags/example_local_kubernetes_executor.py took 0.079 seconds
[2022-08-22 23:53:08,750] {processor.py:153} INFO - Started process (PID=2154) to work on /home/airflow/.local/lib/python3.7/site-packages/airflow/example_dags/example_local_kubernetes_executor.py
[2022-08-22 23:53:08,751] {processor.py:641} INFO - Processing file /home/airflow/.local/lib/python3.7/site-packages/airflow/example_dags/example_local_kubernetes_executor.py for tasks to queue
[2022-08-22 23:53:08,752] {logging_mixin.py:115} INFO - [2022-08-22 23:53:08,752] {dagbag.py:507} INFO - Filling up the DagBag from /home/airflow/.local/lib/python3.7/site-packages/airflow/example_dags/example_local_kubernetes_executor.py
[2022-08-22 23:53:08,769] {processor.py:651} INFO - DAG(s) dict_keys(['example_local_kubernetes_executor']) retrieved from /home/airflow/.local/lib/python3.7/site-packages/airflow/example_dags/example_local_kubernetes_executor.py
[2022-08-22 23:53:08,794] {logging_mixin.py:115} INFO - [2022-08-22 23:53:08,794] {dag.py:2371} INFO - Sync 1 DAGs
[2022-08-22 23:53:08,818] {logging_mixin.py:115} INFO - [2022-08-22 23:53:08,818] {dag.py:2919} INFO - Setting next_dagrun for example_local_kubernetes_executor to None, run_after=None
[2022-08-22 23:53:08,831] {processor.py:161} INFO - Processing /home/airflow/.local/lib/python3.7/site-packages/airflow/example_dags/example_local_kubernetes_executor.py took 0.085 seconds
[2022-08-22 23:53:39,348] {processor.py:153} INFO - Started process (PID=2231) to work on /home/airflow/.local/lib/python3.7/site-packages/airflow/example_dags/example_local_kubernetes_executor.py
[2022-08-22 23:53:39,349] {processor.py:641} INFO - Processing file /home/airflow/.local/lib/python3.7/site-packages/airflow/example_dags/example_local_kubernetes_executor.py for tasks to queue
[2022-08-22 23:53:39,350] {logging_mixin.py:115} INFO - [2022-08-22 23:53:39,350] {dagbag.py:507} INFO - Filling up the DagBag from /home/airflow/.local/lib/python3.7/site-packages/airflow/example_dags/example_local_kubernetes_executor.py
[2022-08-22 23:53:39,367] {processor.py:651} INFO - DAG(s) dict_keys(['example_local_kubernetes_executor']) retrieved from /home/airflow/.local/lib/python3.7/site-packages/airflow/example_dags/example_local_kubernetes_executor.py
[2022-08-22 23:53:39,392] {logging_mixin.py:115} INFO - [2022-08-22 23:53:39,392] {dag.py:2371} INFO - Sync 1 DAGs
[2022-08-22 23:53:39,416] {logging_mixin.py:115} INFO - [2022-08-22 23:53:39,416] {dag.py:2919} INFO - Setting next_dagrun for example_local_kubernetes_executor to None, run_after=None
[2022-08-22 23:53:39,430] {processor.py:161} INFO - Processing /home/airflow/.local/lib/python3.7/site-packages/airflow/example_dags/example_local_kubernetes_executor.py took 0.085 seconds
[2022-08-22 23:54:09,912] {processor.py:153} INFO - Started process (PID=2308) to work on /home/airflow/.local/lib/python3.7/site-packages/airflow/example_dags/example_local_kubernetes_executor.py
[2022-08-22 23:54:09,913] {processor.py:641} INFO - Processing file /home/airflow/.local/lib/python3.7/site-packages/airflow/example_dags/example_local_kubernetes_executor.py for tasks to queue
[2022-08-22 23:54:09,914] {logging_mixin.py:115} INFO - [2022-08-22 23:54:09,914] {dagbag.py:507} INFO - Filling up the DagBag from /home/airflow/.local/lib/python3.7/site-packages/airflow/example_dags/example_local_kubernetes_executor.py
[2022-08-22 23:54:09,932] {processor.py:651} INFO - DAG(s) dict_keys(['example_local_kubernetes_executor']) retrieved from /home/airflow/.local/lib/python3.7/site-packages/airflow/example_dags/example_local_kubernetes_executor.py
[2022-08-22 23:54:09,958] {logging_mixin.py:115} INFO - [2022-08-22 23:54:09,958] {dag.py:2371} INFO - Sync 1 DAGs
[2022-08-22 23:54:09,981] {logging_mixin.py:115} INFO - [2022-08-22 23:54:09,980] {dag.py:2919} INFO - Setting next_dagrun for example_local_kubernetes_executor to None, run_after=None
[2022-08-22 23:54:09,992] {processor.py:161} INFO - Processing /home/airflow/.local/lib/python3.7/site-packages/airflow/example_dags/example_local_kubernetes_executor.py took 0.084 seconds
[2022-08-22 23:54:40,539] {processor.py:153} INFO - Started process (PID=2376) to work on /home/airflow/.local/lib/python3.7/site-packages/airflow/example_dags/example_local_kubernetes_executor.py
[2022-08-22 23:54:40,540] {processor.py:641} INFO - Processing file /home/airflow/.local/lib/python3.7/site-packages/airflow/example_dags/example_local_kubernetes_executor.py for tasks to queue
[2022-08-22 23:54:40,541] {logging_mixin.py:115} INFO - [2022-08-22 23:54:40,541] {dagbag.py:507} INFO - Filling up the DagBag from /home/airflow/.local/lib/python3.7/site-packages/airflow/example_dags/example_local_kubernetes_executor.py
[2022-08-22 23:54:40,559] {processor.py:651} INFO - DAG(s) dict_keys(['example_local_kubernetes_executor']) retrieved from /home/airflow/.local/lib/python3.7/site-packages/airflow/example_dags/example_local_kubernetes_executor.py
[2022-08-22 23:54:40,583] {logging_mixin.py:115} INFO - [2022-08-22 23:54:40,583] {dag.py:2371} INFO - Sync 1 DAGs
[2022-08-22 23:54:40,604] {logging_mixin.py:115} INFO - [2022-08-22 23:54:40,604] {dag.py:2919} INFO - Setting next_dagrun for example_local_kubernetes_executor to None, run_after=None
[2022-08-22 23:54:40,616] {processor.py:161} INFO - Processing /home/airflow/.local/lib/python3.7/site-packages/airflow/example_dags/example_local_kubernetes_executor.py took 0.080 seconds
[2022-08-22 23:55:11,534] {processor.py:153} INFO - Started process (PID=2453) to work on /home/airflow/.local/lib/python3.7/site-packages/airflow/example_dags/example_local_kubernetes_executor.py
[2022-08-22 23:55:11,535] {processor.py:641} INFO - Processing file /home/airflow/.local/lib/python3.7/site-packages/airflow/example_dags/example_local_kubernetes_executor.py for tasks to queue
[2022-08-22 23:55:11,536] {logging_mixin.py:115} INFO - [2022-08-22 23:55:11,536] {dagbag.py:507} INFO - Filling up the DagBag from /home/airflow/.local/lib/python3.7/site-packages/airflow/example_dags/example_local_kubernetes_executor.py
[2022-08-22 23:55:11,554] {processor.py:651} INFO - DAG(s) dict_keys(['example_local_kubernetes_executor']) retrieved from /home/airflow/.local/lib/python3.7/site-packages/airflow/example_dags/example_local_kubernetes_executor.py
[2022-08-22 23:55:11,578] {logging_mixin.py:115} INFO - [2022-08-22 23:55:11,578] {dag.py:2371} INFO - Sync 1 DAGs
[2022-08-22 23:55:11,599] {logging_mixin.py:115} INFO - [2022-08-22 23:55:11,599] {dag.py:2919} INFO - Setting next_dagrun for example_local_kubernetes_executor to None, run_after=None
[2022-08-22 23:55:11,613] {processor.py:161} INFO - Processing /home/airflow/.local/lib/python3.7/site-packages/airflow/example_dags/example_local_kubernetes_executor.py took 0.083 seconds
[2022-08-22 23:55:41,990] {processor.py:153} INFO - Started process (PID=2530) to work on /home/airflow/.local/lib/python3.7/site-packages/airflow/example_dags/example_local_kubernetes_executor.py
[2022-08-22 23:55:41,991] {processor.py:641} INFO - Processing file /home/airflow/.local/lib/python3.7/site-packages/airflow/example_dags/example_local_kubernetes_executor.py for tasks to queue
[2022-08-22 23:55:41,992] {logging_mixin.py:115} INFO - [2022-08-22 23:55:41,992] {dagbag.py:507} INFO - Filling up the DagBag from /home/airflow/.local/lib/python3.7/site-packages/airflow/example_dags/example_local_kubernetes_executor.py
[2022-08-22 23:55:42,012] {processor.py:651} INFO - DAG(s) dict_keys(['example_local_kubernetes_executor']) retrieved from /home/airflow/.local/lib/python3.7/site-packages/airflow/example_dags/example_local_kubernetes_executor.py
[2022-08-22 23:55:42,044] {logging_mixin.py:115} INFO - [2022-08-22 23:55:42,044] {dag.py:2371} INFO - Sync 1 DAGs
[2022-08-22 23:55:42,072] {logging_mixin.py:115} INFO - [2022-08-22 23:55:42,072] {dag.py:2919} INFO - Setting next_dagrun for example_local_kubernetes_executor to None, run_after=None
[2022-08-22 23:55:42,085] {processor.py:161} INFO - Processing /home/airflow/.local/lib/python3.7/site-packages/airflow/example_dags/example_local_kubernetes_executor.py took 0.098 seconds
[2022-08-22 23:56:12,611] {processor.py:153} INFO - Started process (PID=2607) to work on /home/airflow/.local/lib/python3.7/site-packages/airflow/example_dags/example_local_kubernetes_executor.py
[2022-08-22 23:56:12,612] {processor.py:641} INFO - Processing file /home/airflow/.local/lib/python3.7/site-packages/airflow/example_dags/example_local_kubernetes_executor.py for tasks to queue
[2022-08-22 23:56:12,612] {logging_mixin.py:115} INFO - [2022-08-22 23:56:12,612] {dagbag.py:507} INFO - Filling up the DagBag from /home/airflow/.local/lib/python3.7/site-packages/airflow/example_dags/example_local_kubernetes_executor.py
[2022-08-22 23:56:12,630] {processor.py:651} INFO - DAG(s) dict_keys(['example_local_kubernetes_executor']) retrieved from /home/airflow/.local/lib/python3.7/site-packages/airflow/example_dags/example_local_kubernetes_executor.py
[2022-08-22 23:56:12,654] {logging_mixin.py:115} INFO - [2022-08-22 23:56:12,654] {dag.py:2371} INFO - Sync 1 DAGs
[2022-08-22 23:56:12,675] {logging_mixin.py:115} INFO - [2022-08-22 23:56:12,674] {dag.py:2919} INFO - Setting next_dagrun for example_local_kubernetes_executor to None, run_after=None
[2022-08-22 23:56:12,686] {processor.py:161} INFO - Processing /home/airflow/.local/lib/python3.7/site-packages/airflow/example_dags/example_local_kubernetes_executor.py took 0.078 seconds
[2022-08-22 23:56:43,069] {processor.py:153} INFO - Started process (PID=2675) to work on /home/airflow/.local/lib/python3.7/site-packages/airflow/example_dags/example_local_kubernetes_executor.py
[2022-08-22 23:56:43,070] {processor.py:641} INFO - Processing file /home/airflow/.local/lib/python3.7/site-packages/airflow/example_dags/example_local_kubernetes_executor.py for tasks to queue
[2022-08-22 23:56:43,071] {logging_mixin.py:115} INFO - [2022-08-22 23:56:43,071] {dagbag.py:507} INFO - Filling up the DagBag from /home/airflow/.local/lib/python3.7/site-packages/airflow/example_dags/example_local_kubernetes_executor.py
[2022-08-22 23:56:43,089] {processor.py:651} INFO - DAG(s) dict_keys(['example_local_kubernetes_executor']) retrieved from /home/airflow/.local/lib/python3.7/site-packages/airflow/example_dags/example_local_kubernetes_executor.py
[2022-08-22 23:56:43,113] {logging_mixin.py:115} INFO - [2022-08-22 23:56:43,112] {dag.py:2371} INFO - Sync 1 DAGs
[2022-08-22 23:56:43,133] {logging_mixin.py:115} INFO - [2022-08-22 23:56:43,133] {dag.py:2919} INFO - Setting next_dagrun for example_local_kubernetes_executor to None, run_after=None
[2022-08-22 23:56:43,145] {processor.py:161} INFO - Processing /home/airflow/.local/lib/python3.7/site-packages/airflow/example_dags/example_local_kubernetes_executor.py took 0.079 seconds
[2022-08-22 23:57:13,635] {processor.py:153} INFO - Started process (PID=2752) to work on /home/airflow/.local/lib/python3.7/site-packages/airflow/example_dags/example_local_kubernetes_executor.py
[2022-08-22 23:57:13,637] {processor.py:641} INFO - Processing file /home/airflow/.local/lib/python3.7/site-packages/airflow/example_dags/example_local_kubernetes_executor.py for tasks to queue
[2022-08-22 23:57:13,638] {logging_mixin.py:115} INFO - [2022-08-22 23:57:13,638] {dagbag.py:507} INFO - Filling up the DagBag from /home/airflow/.local/lib/python3.7/site-packages/airflow/example_dags/example_local_kubernetes_executor.py
[2022-08-22 23:57:13,655] {processor.py:651} INFO - DAG(s) dict_keys(['example_local_kubernetes_executor']) retrieved from /home/airflow/.local/lib/python3.7/site-packages/airflow/example_dags/example_local_kubernetes_executor.py
[2022-08-22 23:57:13,678] {logging_mixin.py:115} INFO - [2022-08-22 23:57:13,678] {dag.py:2371} INFO - Sync 1 DAGs
[2022-08-22 23:57:13,698] {logging_mixin.py:115} INFO - [2022-08-22 23:57:13,698] {dag.py:2919} INFO - Setting next_dagrun for example_local_kubernetes_executor to None, run_after=None
[2022-08-22 23:57:13,710] {processor.py:161} INFO - Processing /home/airflow/.local/lib/python3.7/site-packages/airflow/example_dags/example_local_kubernetes_executor.py took 0.077 seconds
[2022-08-22 23:57:44,453] {processor.py:153} INFO - Started process (PID=2829) to work on /home/airflow/.local/lib/python3.7/site-packages/airflow/example_dags/example_local_kubernetes_executor.py
[2022-08-22 23:57:44,454] {processor.py:641} INFO - Processing file /home/airflow/.local/lib/python3.7/site-packages/airflow/example_dags/example_local_kubernetes_executor.py for tasks to queue
[2022-08-22 23:57:44,455] {logging_mixin.py:115} INFO - [2022-08-22 23:57:44,455] {dagbag.py:507} INFO - Filling up the DagBag from /home/airflow/.local/lib/python3.7/site-packages/airflow/example_dags/example_local_kubernetes_executor.py
[2022-08-22 23:57:44,473] {processor.py:651} INFO - DAG(s) dict_keys(['example_local_kubernetes_executor']) retrieved from /home/airflow/.local/lib/python3.7/site-packages/airflow/example_dags/example_local_kubernetes_executor.py
[2022-08-22 23:57:44,500] {logging_mixin.py:115} INFO - [2022-08-22 23:57:44,499] {dag.py:2371} INFO - Sync 1 DAGs
[2022-08-22 23:57:44,521] {logging_mixin.py:115} INFO - [2022-08-22 23:57:44,521] {dag.py:2919} INFO - Setting next_dagrun for example_local_kubernetes_executor to None, run_after=None
[2022-08-22 23:57:44,532] {processor.py:161} INFO - Processing /home/airflow/.local/lib/python3.7/site-packages/airflow/example_dags/example_local_kubernetes_executor.py took 0.082 seconds
[2022-08-22 23:58:15,165] {processor.py:153} INFO - Started process (PID=2906) to work on /home/airflow/.local/lib/python3.7/site-packages/airflow/example_dags/example_local_kubernetes_executor.py
[2022-08-22 23:58:15,166] {processor.py:641} INFO - Processing file /home/airflow/.local/lib/python3.7/site-packages/airflow/example_dags/example_local_kubernetes_executor.py for tasks to queue
[2022-08-22 23:58:15,167] {logging_mixin.py:115} INFO - [2022-08-22 23:58:15,167] {dagbag.py:507} INFO - Filling up the DagBag from /home/airflow/.local/lib/python3.7/site-packages/airflow/example_dags/example_local_kubernetes_executor.py
[2022-08-22 23:58:15,184] {processor.py:651} INFO - DAG(s) dict_keys(['example_local_kubernetes_executor']) retrieved from /home/airflow/.local/lib/python3.7/site-packages/airflow/example_dags/example_local_kubernetes_executor.py
[2022-08-22 23:58:15,209] {logging_mixin.py:115} INFO - [2022-08-22 23:58:15,208] {dag.py:2371} INFO - Sync 1 DAGs
[2022-08-22 23:58:15,232] {logging_mixin.py:115} INFO - [2022-08-22 23:58:15,232] {dag.py:2919} INFO - Setting next_dagrun for example_local_kubernetes_executor to None, run_after=None
[2022-08-22 23:58:15,246] {processor.py:161} INFO - Processing /home/airflow/.local/lib/python3.7/site-packages/airflow/example_dags/example_local_kubernetes_executor.py took 0.084 seconds
[2022-08-22 23:58:46,189] {processor.py:153} INFO - Started process (PID=2974) to work on /home/airflow/.local/lib/python3.7/site-packages/airflow/example_dags/example_local_kubernetes_executor.py
[2022-08-22 23:58:46,189] {processor.py:641} INFO - Processing file /home/airflow/.local/lib/python3.7/site-packages/airflow/example_dags/example_local_kubernetes_executor.py for tasks to queue
[2022-08-22 23:58:46,190] {logging_mixin.py:115} INFO - [2022-08-22 23:58:46,190] {dagbag.py:507} INFO - Filling up the DagBag from /home/airflow/.local/lib/python3.7/site-packages/airflow/example_dags/example_local_kubernetes_executor.py
[2022-08-22 23:58:46,208] {processor.py:651} INFO - DAG(s) dict_keys(['example_local_kubernetes_executor']) retrieved from /home/airflow/.local/lib/python3.7/site-packages/airflow/example_dags/example_local_kubernetes_executor.py
[2022-08-22 23:58:46,233] {logging_mixin.py:115} INFO - [2022-08-22 23:58:46,233] {dag.py:2371} INFO - Sync 1 DAGs
[2022-08-22 23:58:46,256] {logging_mixin.py:115} INFO - [2022-08-22 23:58:46,256] {dag.py:2919} INFO - Setting next_dagrun for example_local_kubernetes_executor to None, run_after=None
[2022-08-22 23:58:46,371] {processor.py:161} INFO - Processing /home/airflow/.local/lib/python3.7/site-packages/airflow/example_dags/example_local_kubernetes_executor.py took 0.186 seconds
[2022-08-22 23:59:16,746] {processor.py:153} INFO - Started process (PID=3051) to work on /home/airflow/.local/lib/python3.7/site-packages/airflow/example_dags/example_local_kubernetes_executor.py
[2022-08-22 23:59:16,747] {processor.py:641} INFO - Processing file /home/airflow/.local/lib/python3.7/site-packages/airflow/example_dags/example_local_kubernetes_executor.py for tasks to queue
[2022-08-22 23:59:16,748] {logging_mixin.py:115} INFO - [2022-08-22 23:59:16,748] {dagbag.py:507} INFO - Filling up the DagBag from /home/airflow/.local/lib/python3.7/site-packages/airflow/example_dags/example_local_kubernetes_executor.py
[2022-08-22 23:59:16,766] {processor.py:651} INFO - DAG(s) dict_keys(['example_local_kubernetes_executor']) retrieved from /home/airflow/.local/lib/python3.7/site-packages/airflow/example_dags/example_local_kubernetes_executor.py
[2022-08-22 23:59:16,801] {logging_mixin.py:115} INFO - [2022-08-22 23:59:16,801] {dag.py:2371} INFO - Sync 1 DAGs
[2022-08-22 23:59:16,825] {logging_mixin.py:115} INFO - [2022-08-22 23:59:16,825] {dag.py:2919} INFO - Setting next_dagrun for example_local_kubernetes_executor to None, run_after=None
[2022-08-22 23:59:16,940] {processor.py:161} INFO - Processing /home/airflow/.local/lib/python3.7/site-packages/airflow/example_dags/example_local_kubernetes_executor.py took 0.198 seconds
[2022-08-22 23:59:47,439] {processor.py:153} INFO - Started process (PID=3129) to work on /home/airflow/.local/lib/python3.7/site-packages/airflow/example_dags/example_local_kubernetes_executor.py
[2022-08-22 23:59:47,441] {processor.py:641} INFO - Processing file /home/airflow/.local/lib/python3.7/site-packages/airflow/example_dags/example_local_kubernetes_executor.py for tasks to queue
[2022-08-22 23:59:47,442] {logging_mixin.py:115} INFO - [2022-08-22 23:59:47,442] {dagbag.py:507} INFO - Filling up the DagBag from /home/airflow/.local/lib/python3.7/site-packages/airflow/example_dags/example_local_kubernetes_executor.py
[2022-08-22 23:59:47,460] {processor.py:651} INFO - DAG(s) dict_keys(['example_local_kubernetes_executor']) retrieved from /home/airflow/.local/lib/python3.7/site-packages/airflow/example_dags/example_local_kubernetes_executor.py
[2022-08-22 23:59:47,484] {logging_mixin.py:115} INFO - [2022-08-22 23:59:47,484] {dag.py:2371} INFO - Sync 1 DAGs
[2022-08-22 23:59:47,506] {logging_mixin.py:115} INFO - [2022-08-22 23:59:47,506] {dag.py:2919} INFO - Setting next_dagrun for example_local_kubernetes_executor to None, run_after=None
[2022-08-22 23:59:47,621] {processor.py:161} INFO - Processing /home/airflow/.local/lib/python3.7/site-packages/airflow/example_dags/example_local_kubernetes_executor.py took 0.185 seconds
