[2022-08-14 13:48:55,177] {taskinstance.py:1159} INFO - Dependencies all met for <TaskInstance: trigger_rule_dag.task_1 scheduled__2022-08-12T00:00:00+00:00 [queued]>
[2022-08-14 13:48:55,388] {taskinstance.py:1159} INFO - Dependencies all met for <TaskInstance: trigger_rule_dag.task_1 scheduled__2022-08-12T00:00:00+00:00 [queued]>
[2022-08-14 13:48:55,393] {taskinstance.py:1356} INFO - 
--------------------------------------------------------------------------------
[2022-08-14 13:48:55,400] {taskinstance.py:1357} INFO - Starting attempt 1 of 1
[2022-08-14 13:48:55,415] {taskinstance.py:1358} INFO - 
--------------------------------------------------------------------------------
[2022-08-14 13:48:55,739] {taskinstance.py:1377} INFO - Executing <Task(BashOperator): task_1> on 2022-08-12 00:00:00+00:00
[2022-08-14 13:48:55,792] {standard_task_runner.py:52} INFO - Started process 9741 to run task
[2022-08-14 13:48:55,901] {standard_task_runner.py:79} INFO - Running: ['***', 'tasks', 'run', 'trigger_rule_dag', 'task_1', 'scheduled__2022-08-12T00:00:00+00:00', '--job-id', '394', '--raw', '--subdir', 'DAGS_FOLDER/trigger_rule_dag.py', '--cfg-path', '/tmp/tmpygcpq_oe', '--error-file', '/tmp/tmpml9j29cn']
[2022-08-14 13:48:55,922] {standard_task_runner.py:80} INFO - Job 394: Subtask task_1
[2022-08-14 13:48:56,301] {task_command.py:369} INFO - Running <TaskInstance: trigger_rule_dag.task_1 scheduled__2022-08-12T00:00:00+00:00 [running]> on host a1c9528fe5e1
[2022-08-14 13:48:57,047] {taskinstance.py:1571} INFO - Exporting the following env vars:
AIRFLOW_CTX_DAG_OWNER=***
AIRFLOW_CTX_DAG_ID=trigger_rule_dag
AIRFLOW_CTX_TASK_ID=task_1
AIRFLOW_CTX_EXECUTION_DATE=2022-08-12T00:00:00+00:00
AIRFLOW_CTX_TRY_NUMBER=1
AIRFLOW_CTX_DAG_RUN_ID=scheduled__2022-08-12T00:00:00+00:00
[2022-08-14 13:48:57,055] {subprocess.py:62} INFO - Tmp dir root location: 
 /tmp
[2022-08-14 13:48:57,060] {subprocess.py:74} INFO - Running command: ['bash', '-c', 'sleep 30']
[2022-08-14 13:48:57,191] {subprocess.py:85} INFO - Output:
[2022-08-14 13:49:26,552] {subprocess.py:96} INFO - Command exited with return code 0
[2022-08-14 13:49:26,593] {taskinstance.py:1400} INFO - Marking task as SUCCESS. dag_id=trigger_rule_dag, task_id=task_1, execution_date=20220812T000000, start_date=20220814T134855, end_date=20220814T134926
[2022-08-14 13:49:26,682] {local_task_job.py:156} INFO - Task exited with return code 0
[2022-08-14 13:49:26,744] {local_task_job.py:273} INFO - 0 downstream tasks scheduled from follow-on schedule check
