[2022-07-27 02:43:11,770] {taskinstance.py:1159} INFO - Dependencies all met for <TaskInstance: task_group_dag.load_b scheduled__2022-07-26T00:00:00+00:00 [queued]>
[2022-07-27 02:43:11,782] {taskinstance.py:1159} INFO - Dependencies all met for <TaskInstance: task_group_dag.load_b scheduled__2022-07-26T00:00:00+00:00 [queued]>
[2022-07-27 02:43:11,784] {taskinstance.py:1356} INFO - 
--------------------------------------------------------------------------------
[2022-07-27 02:43:11,785] {taskinstance.py:1357} INFO - Starting attempt 1 of 1
[2022-07-27 02:43:11,786] {taskinstance.py:1358} INFO - 
--------------------------------------------------------------------------------
[2022-07-27 02:43:11,801] {taskinstance.py:1377} INFO - Executing <Task(BashOperator): load_b> on 2022-07-26 00:00:00+00:00
[2022-07-27 02:43:11,808] {standard_task_runner.py:52} INFO - Started process 22816 to run task
[2022-07-27 02:43:11,812] {standard_task_runner.py:79} INFO - Running: ['***', 'tasks', 'run', 'task_group_dag', 'load_b', 'scheduled__2022-07-26T00:00:00+00:00', '--job-id', '140', '--raw', '--subdir', 'DAGS_FOLDER/task_group_dag.py', '--cfg-path', '/tmp/tmpc4v9y341', '--error-file', '/tmp/tmp21ptzwqx']
[2022-07-27 02:43:11,813] {standard_task_runner.py:80} INFO - Job 140: Subtask load_b
[2022-07-27 02:43:11,892] {task_command.py:369} INFO - Running <TaskInstance: task_group_dag.load_b scheduled__2022-07-26T00:00:00+00:00 [running]> on host 8694d477c774
[2022-07-27 02:43:11,985] {taskinstance.py:1571} INFO - Exporting the following env vars:
AIRFLOW_CTX_DAG_OWNER=***
AIRFLOW_CTX_DAG_ID=task_group_dag
AIRFLOW_CTX_TASK_ID=load_b
AIRFLOW_CTX_EXECUTION_DATE=2022-07-26T00:00:00+00:00
AIRFLOW_CTX_TRY_NUMBER=1
AIRFLOW_CTX_DAG_RUN_ID=scheduled__2022-07-26T00:00:00+00:00
[2022-07-27 02:43:11,987] {subprocess.py:62} INFO - Tmp dir root location: 
 /tmp
[2022-07-27 02:43:11,989] {subprocess.py:74} INFO - Running command: ['bash', '-c', 'sleep 1']
[2022-07-27 02:43:12,003] {subprocess.py:85} INFO - Output:
[2022-07-27 02:43:13,008] {subprocess.py:96} INFO - Command exited with return code 0
[2022-07-27 02:43:13,039] {taskinstance.py:1400} INFO - Marking task as SUCCESS. dag_id=task_group_dag, task_id=load_b, execution_date=20220726T000000, start_date=20220727T024311, end_date=20220727T024313
[2022-07-27 02:43:13,075] {local_task_job.py:156} INFO - Task exited with return code 0
[2022-07-27 02:43:13,111] {local_task_job.py:273} INFO - 1 downstream tasks scheduled from follow-on schedule check
