[2022-07-27 18:07:54,409] {taskinstance.py:1159} INFO - Dependencies all met for <TaskInstance: xcom_dag.processing_tasks.training_model_c manual__2022-07-27T18:07:49.833632+00:00 [queued]>
[2022-07-27 18:07:54,420] {taskinstance.py:1159} INFO - Dependencies all met for <TaskInstance: xcom_dag.processing_tasks.training_model_c manual__2022-07-27T18:07:49.833632+00:00 [queued]>
[2022-07-27 18:07:54,421] {taskinstance.py:1356} INFO - 
--------------------------------------------------------------------------------
[2022-07-27 18:07:54,421] {taskinstance.py:1357} INFO - Starting attempt 1 of 1
[2022-07-27 18:07:54,422] {taskinstance.py:1358} INFO - 
--------------------------------------------------------------------------------
[2022-07-27 18:07:54,436] {taskinstance.py:1377} INFO - Executing <Task(PythonOperator): processing_tasks.training_model_c> on 2022-07-27 18:07:49.833632+00:00
[2022-07-27 18:07:54,441] {standard_task_runner.py:52} INFO - Started process 34912 to run task
[2022-07-27 18:07:54,445] {standard_task_runner.py:79} INFO - Running: ['***', 'tasks', 'run', 'xcom_dag', 'processing_tasks.training_model_c', 'manual__2022-07-27T18:07:49.833632+00:00', '--job-id', '158', '--raw', '--subdir', 'DAGS_FOLDER/xcom_dag.py', '--cfg-path', '/tmp/tmpcfi7niop', '--error-file', '/tmp/tmph_2r2pw5']
[2022-07-27 18:07:54,446] {standard_task_runner.py:80} INFO - Job 158: Subtask processing_tasks.training_model_c
[2022-07-27 18:07:54,508] {task_command.py:369} INFO - Running <TaskInstance: xcom_dag.processing_tasks.training_model_c manual__2022-07-27T18:07:49.833632+00:00 [running]> on host 8694d477c774
[2022-07-27 18:07:54,582] {taskinstance.py:1571} INFO - Exporting the following env vars:
AIRFLOW_CTX_DAG_OWNER=***
AIRFLOW_CTX_DAG_ID=xcom_dag
AIRFLOW_CTX_TASK_ID=processing_tasks.training_model_c
AIRFLOW_CTX_EXECUTION_DATE=2022-07-27T18:07:49.833632+00:00
AIRFLOW_CTX_TRY_NUMBER=1
AIRFLOW_CTX_DAG_RUN_ID=manual__2022-07-27T18:07:49.833632+00:00
[2022-07-27 18:07:54,583] {logging_mixin.py:115} INFO - model's accuracy: 8.357443880898611
[2022-07-27 18:07:54,597] {python.py:173} INFO - Done. Returned value was: None
[2022-07-27 18:07:54,611] {taskinstance.py:1400} INFO - Marking task as SUCCESS. dag_id=xcom_dag, task_id=processing_tasks.training_model_c, execution_date=20220727T180749, start_date=20220727T180754, end_date=20220727T180754
[2022-07-27 18:07:54,658] {local_task_job.py:156} INFO - Task exited with return code 0
[2022-07-27 18:07:54,700] {local_task_job.py:273} INFO - 0 downstream tasks scheduled from follow-on schedule check
