[2022-07-28 12:56:10,728] {taskinstance.py:1159} INFO - Dependencies all met for <TaskInstance: trigger_rule_dag.task_1 scheduled__2022-07-27T00:00:00+00:00 [queued]>
[2022-07-28 12:56:10,741] {taskinstance.py:1159} INFO - Dependencies all met for <TaskInstance: trigger_rule_dag.task_1 scheduled__2022-07-27T00:00:00+00:00 [queued]>
[2022-07-28 12:56:10,742] {taskinstance.py:1356} INFO - 
--------------------------------------------------------------------------------
[2022-07-28 12:56:10,743] {taskinstance.py:1357} INFO - Starting attempt 1 of 1
[2022-07-28 12:56:10,744] {taskinstance.py:1358} INFO - 
--------------------------------------------------------------------------------
[2022-07-28 12:56:10,767] {taskinstance.py:1377} INFO - Executing <Task(BashOperator): task_1> on 2022-07-27 00:00:00+00:00
[2022-07-28 12:56:10,776] {standard_task_runner.py:52} INFO - Started process 1381 to run task
[2022-07-28 12:56:10,791] {standard_task_runner.py:79} INFO - Running: ['***', 'tasks', 'run', 'trigger_rule_dag', 'task_1', 'scheduled__2022-07-27T00:00:00+00:00', '--job-id', '222', '--raw', '--subdir', 'DAGS_FOLDER/trigger_rule_dag.py', '--cfg-path', '/tmp/tmpobnhhnft', '--error-file', '/tmp/tmp3agueyuk']
[2022-07-28 12:56:10,793] {standard_task_runner.py:80} INFO - Job 222: Subtask task_1
[2022-07-28 12:56:10,910] {task_command.py:369} INFO - Running <TaskInstance: trigger_rule_dag.task_1 scheduled__2022-07-27T00:00:00+00:00 [running]> on host 2525a2c6e2b8
[2022-07-28 12:56:11,046] {taskinstance.py:1571} INFO - Exporting the following env vars:
AIRFLOW_CTX_DAG_OWNER=***
AIRFLOW_CTX_DAG_ID=trigger_rule_dag
AIRFLOW_CTX_TASK_ID=task_1
AIRFLOW_CTX_EXECUTION_DATE=2022-07-27T00:00:00+00:00
AIRFLOW_CTX_TRY_NUMBER=1
AIRFLOW_CTX_DAG_RUN_ID=scheduled__2022-07-27T00:00:00+00:00
[2022-07-28 12:56:11,049] {subprocess.py:62} INFO - Tmp dir root location: 
 /tmp
[2022-07-28 12:56:11,050] {subprocess.py:74} INFO - Running command: ['bash', '-c', 'exit 0']
[2022-07-28 12:56:11,075] {subprocess.py:85} INFO - Output:
[2022-07-28 12:56:11,077] {subprocess.py:96} INFO - Command exited with return code 0
[2022-07-28 12:56:11,100] {taskinstance.py:1400} INFO - Marking task as SUCCESS. dag_id=trigger_rule_dag, task_id=task_1, execution_date=20220727T000000, start_date=20220728T125610, end_date=20220728T125611
[2022-07-28 12:56:11,162] {local_task_job.py:156} INFO - Task exited with return code 0
[2022-07-28 12:56:11,220] {local_task_job.py:273} INFO - 0 downstream tasks scheduled from follow-on schedule check
