[2022-10-04 19:57:07,720] {taskinstance.py:1159} INFO - Dependencies all met for <TaskInstance: spark_job_dag.is_repo_exists scheduled__2022-10-03T19:56:45.635942+00:00 [queued]>
[2022-10-04 19:57:07,731] {taskinstance.py:1159} INFO - Dependencies all met for <TaskInstance: spark_job_dag.is_repo_exists scheduled__2022-10-03T19:56:45.635942+00:00 [queued]>
[2022-10-04 19:57:07,732] {taskinstance.py:1356} INFO - 
--------------------------------------------------------------------------------
[2022-10-04 19:57:07,732] {taskinstance.py:1357} INFO - Starting attempt 1 of 2
[2022-10-04 19:57:07,733] {taskinstance.py:1358} INFO - 
--------------------------------------------------------------------------------
[2022-10-04 19:57:07,749] {taskinstance.py:1377} INFO - Executing <Task(BranchPythonOperator): is_repo_exists> on 2022-10-03 19:56:45.635942+00:00
[2022-10-04 19:57:07,756] {standard_task_runner.py:52} INFO - Started process 336 to run task
[2022-10-04 19:57:07,762] {standard_task_runner.py:79} INFO - Running: ['***', 'tasks', 'run', 'spark_job_dag', 'is_repo_exists', 'scheduled__2022-10-03T19:56:45.635942+00:00', '--job-id', '3', '--raw', '--subdir', 'DAGS_FOLDER/spark_job_dag.py', '--cfg-path', '/tmp/tmpqe50rx2v', '--error-file', '/tmp/tmp8k4f818x']
[2022-10-04 19:57:07,763] {standard_task_runner.py:80} INFO - Job 3: Subtask is_repo_exists
[2022-10-04 19:57:07,827] {task_command.py:369} INFO - Running <TaskInstance: spark_job_dag.is_repo_exists scheduled__2022-10-03T19:56:45.635942+00:00 [running]> on host 13116a8f8d49
[2022-10-04 19:57:07,911] {taskinstance.py:1571} INFO - Exporting the following env vars:
AIRFLOW_CTX_DAG_OWNER=***
AIRFLOW_CTX_DAG_ID=spark_job_dag
AIRFLOW_CTX_TASK_ID=is_repo_exists
AIRFLOW_CTX_EXECUTION_DATE=2022-10-03T19:56:45.635942+00:00
AIRFLOW_CTX_TRY_NUMBER=1
AIRFLOW_CTX_DAG_RUN_ID=scheduled__2022-10-03T19:56:45.635942+00:00
[2022-10-04 19:57:07,913] {python.py:173} INFO - Done. Returned value was: git_clone
[2022-10-04 19:57:07,914] {skipmixin.py:140} INFO - Following branch git_clone
[2022-10-04 19:57:07,915] {skipmixin.py:175} INFO - Skipping tasks ['t_dummy']
[2022-10-04 19:57:07,970] {taskinstance.py:1400} INFO - Marking task as SUCCESS. dag_id=spark_job_dag, task_id=is_repo_exists, execution_date=20221003T195645, start_date=20221004T195707, end_date=20221004T195707
[2022-10-04 19:57:08,015] {local_task_job.py:156} INFO - Task exited with return code 0
[2022-10-04 19:57:08,071] {local_task_job.py:273} INFO - 0 downstream tasks scheduled from follow-on schedule check
