[2022-08-12 00:59:12,266] {taskinstance.py:1159} INFO - Dependencies all met for <TaskInstance: xcom_dag.processing_tasks.training_model_b scheduled__2022-08-11T00:00:00+00:00 [queued]>
[2022-08-12 00:59:12,275] {taskinstance.py:1159} INFO - Dependencies all met for <TaskInstance: xcom_dag.processing_tasks.training_model_b scheduled__2022-08-11T00:00:00+00:00 [queued]>
[2022-08-12 00:59:12,276] {taskinstance.py:1356} INFO - 
--------------------------------------------------------------------------------
[2022-08-12 00:59:12,276] {taskinstance.py:1357} INFO - Starting attempt 1 of 1
[2022-08-12 00:59:12,277] {taskinstance.py:1358} INFO - 
--------------------------------------------------------------------------------
[2022-08-12 00:59:12,288] {taskinstance.py:1377} INFO - Executing <Task(PythonOperator): processing_tasks.training_model_b> on 2022-08-11 00:00:00+00:00
[2022-08-12 00:59:12,293] {standard_task_runner.py:52} INFO - Started process 3848 to run task
[2022-08-12 00:59:12,296] {standard_task_runner.py:79} INFO - Running: ['***', 'tasks', 'run', 'xcom_dag', 'processing_tasks.training_model_b', 'scheduled__2022-08-11T00:00:00+00:00', '--job-id', '368', '--raw', '--subdir', 'DAGS_FOLDER/xcom_dag.py', '--cfg-path', '/tmp/tmp7cg50djz', '--error-file', '/tmp/tmpxu749dva']
[2022-08-12 00:59:12,297] {standard_task_runner.py:80} INFO - Job 368: Subtask processing_tasks.training_model_b
[2022-08-12 00:59:12,355] {task_command.py:369} INFO - Running <TaskInstance: xcom_dag.processing_tasks.training_model_b scheduled__2022-08-11T00:00:00+00:00 [running]> on host c49533ed8cfb
[2022-08-12 00:59:12,424] {taskinstance.py:1571} INFO - Exporting the following env vars:
AIRFLOW_CTX_DAG_OWNER=***
AIRFLOW_CTX_DAG_ID=xcom_dag
AIRFLOW_CTX_TASK_ID=processing_tasks.training_model_b
AIRFLOW_CTX_EXECUTION_DATE=2022-08-11T00:00:00+00:00
AIRFLOW_CTX_TRY_NUMBER=1
AIRFLOW_CTX_DAG_RUN_ID=scheduled__2022-08-11T00:00:00+00:00
[2022-08-12 00:59:12,426] {logging_mixin.py:115} INFO - model's accuracy: 4.6008091839182255
[2022-08-12 00:59:12,439] {python.py:173} INFO - Done. Returned value was: None
[2022-08-12 00:59:12,453] {taskinstance.py:1400} INFO - Marking task as SUCCESS. dag_id=xcom_dag, task_id=processing_tasks.training_model_b, execution_date=20220811T000000, start_date=20220812T005912, end_date=20220812T005912
[2022-08-12 00:59:12,510] {local_task_job.py:156} INFO - Task exited with return code 0
[2022-08-12 00:59:12,570] {local_task_job.py:273} INFO - 0 downstream tasks scheduled from follow-on schedule check
