[2022-10-27 00:52:54,207] {taskinstance.py:1159} INFO - Dependencies all met for <TaskInstance: example_kubernetes_executor.start_task manual__2022-10-27T00:52:52.053830+00:00 [queued]>
[2022-10-27 00:52:54,218] {taskinstance.py:1159} INFO - Dependencies all met for <TaskInstance: example_kubernetes_executor.start_task manual__2022-10-27T00:52:52.053830+00:00 [queued]>
[2022-10-27 00:52:54,219] {taskinstance.py:1356} INFO - 
--------------------------------------------------------------------------------
[2022-10-27 00:52:54,219] {taskinstance.py:1357} INFO - Starting attempt 1 of 1
[2022-10-27 00:52:54,219] {taskinstance.py:1358} INFO - 
--------------------------------------------------------------------------------
[2022-10-27 00:52:54,233] {taskinstance.py:1377} INFO - Executing <Task(_PythonDecoratedOperator): start_task> on 2022-10-27 00:52:52.053830+00:00
[2022-10-27 00:52:54,239] {standard_task_runner.py:52} INFO - Started process 155 to run task
[2022-10-27 00:52:54,242] {standard_task_runner.py:79} INFO - Running: ['***', 'tasks', 'run', 'example_kubernetes_executor', 'start_task', 'manual__2022-10-27T00:52:52.053830+00:00', '--job-id', '3', '--raw', '--subdir', '/home/***/.local/lib/python3.7/site-packages/***/example_dags/example_kubernetes_executor.py', '--cfg-path', '/tmp/tmpc2h_s4nm', '--error-file', '/tmp/tmpttx548fg']
[2022-10-27 00:52:54,244] {standard_task_runner.py:80} INFO - Job 3: Subtask start_task
[2022-10-27 00:52:54,303] {task_command.py:369} INFO - Running <TaskInstance: example_kubernetes_executor.start_task manual__2022-10-27T00:52:52.053830+00:00 [running]> on host abbfe66d2e6a
[2022-10-27 00:52:54,379] {taskinstance.py:1571} INFO - Exporting the following env vars:
AIRFLOW_CTX_DAG_OWNER=***
AIRFLOW_CTX_DAG_ID=example_kubernetes_executor
AIRFLOW_CTX_TASK_ID=start_task
AIRFLOW_CTX_EXECUTION_DATE=2022-10-27T00:52:52.053830+00:00
AIRFLOW_CTX_TRY_NUMBER=1
AIRFLOW_CTX_DAG_RUN_ID=manual__2022-10-27T00:52:52.053830+00:00
[2022-10-27 00:52:54,382] {logging_mixin.py:115} INFO - annotated!
[2022-10-27 00:52:54,382] {python.py:173} INFO - Done. Returned value was: None
[2022-10-27 00:52:54,399] {taskinstance.py:1400} INFO - Marking task as SUCCESS. dag_id=example_kubernetes_executor, task_id=start_task, execution_date=20221027T005252, start_date=20221027T005254, end_date=20221027T005254
[2022-10-27 00:52:54,456] {local_task_job.py:156} INFO - Task exited with return code 0
[2022-10-27 00:52:54,508] {local_task_job.py:273} INFO - 3 downstream tasks scheduled from follow-on schedule check
