[2022-08-11 00:00:06,550] {taskinstance.py:1159} INFO - Dependencies all met for <TaskInstance: xcom_dag.processing_tasks.training_model_b scheduled__2022-08-10T00:00:00+00:00 [queued]>
[2022-08-11 00:00:06,563] {taskinstance.py:1159} INFO - Dependencies all met for <TaskInstance: xcom_dag.processing_tasks.training_model_b scheduled__2022-08-10T00:00:00+00:00 [queued]>
[2022-08-11 00:00:06,564] {taskinstance.py:1356} INFO - 
--------------------------------------------------------------------------------
[2022-08-11 00:00:06,565] {taskinstance.py:1357} INFO - Starting attempt 1 of 1
[2022-08-11 00:00:06,566] {taskinstance.py:1358} INFO - 
--------------------------------------------------------------------------------
[2022-08-11 00:00:06,587] {taskinstance.py:1377} INFO - Executing <Task(PythonOperator): processing_tasks.training_model_b> on 2022-08-10 00:00:00+00:00
[2022-08-11 00:00:06,597] {standard_task_runner.py:52} INFO - Started process 5682 to run task
[2022-08-11 00:00:06,603] {standard_task_runner.py:79} INFO - Running: ['***', 'tasks', 'run', 'xcom_dag', 'processing_tasks.training_model_b', 'scheduled__2022-08-10T00:00:00+00:00', '--job-id', '347', '--raw', '--subdir', 'DAGS_FOLDER/xcom_dag.py', '--cfg-path', '/tmp/tmph15c8xcr', '--error-file', '/tmp/tmpr577ekpz']
[2022-08-11 00:00:06,605] {standard_task_runner.py:80} INFO - Job 347: Subtask processing_tasks.training_model_b
[2022-08-11 00:00:06,728] {task_command.py:369} INFO - Running <TaskInstance: xcom_dag.processing_tasks.training_model_b scheduled__2022-08-10T00:00:00+00:00 [running]> on host 2dd699cc72b2
[2022-08-11 00:00:06,858] {taskinstance.py:1571} INFO - Exporting the following env vars:
AIRFLOW_CTX_DAG_OWNER=***
AIRFLOW_CTX_DAG_ID=xcom_dag
AIRFLOW_CTX_TASK_ID=processing_tasks.training_model_b
AIRFLOW_CTX_EXECUTION_DATE=2022-08-10T00:00:00+00:00
AIRFLOW_CTX_TRY_NUMBER=1
AIRFLOW_CTX_DAG_RUN_ID=scheduled__2022-08-10T00:00:00+00:00
[2022-08-11 00:00:06,863] {logging_mixin.py:115} INFO - model's accuracy: 8.392323461914192
[2022-08-11 00:00:06,888] {python.py:173} INFO - Done. Returned value was: None
[2022-08-11 00:00:06,931] {taskinstance.py:1400} INFO - Marking task as SUCCESS. dag_id=xcom_dag, task_id=processing_tasks.training_model_b, execution_date=20220810T000000, start_date=20220811T000006, end_date=20220811T000006
[2022-08-11 00:00:06,980] {local_task_job.py:156} INFO - Task exited with return code 0
[2022-08-11 00:00:07,120] {local_task_job.py:273} INFO - 0 downstream tasks scheduled from follow-on schedule check
