[2022-07-27 19:48:02,161] {taskinstance.py:1159} INFO - Dependencies all met for <TaskInstance: xcom_dag.choose_best_model manual__2022-07-27T19:47:55.691161+00:00 [queued]>
[2022-07-27 19:48:02,173] {taskinstance.py:1159} INFO - Dependencies all met for <TaskInstance: xcom_dag.choose_best_model manual__2022-07-27T19:47:55.691161+00:00 [queued]>
[2022-07-27 19:48:02,173] {taskinstance.py:1356} INFO - 
--------------------------------------------------------------------------------
[2022-07-27 19:48:02,174] {taskinstance.py:1357} INFO - Starting attempt 1 of 1
[2022-07-27 19:48:02,174] {taskinstance.py:1358} INFO - 
--------------------------------------------------------------------------------
[2022-07-27 19:48:02,186] {taskinstance.py:1377} INFO - Executing <Task(PythonOperator): choose_best_model> on 2022-07-27 19:47:55.691161+00:00
[2022-07-27 19:48:02,191] {standard_task_runner.py:52} INFO - Started process 435 to run task
[2022-07-27 19:48:02,194] {standard_task_runner.py:79} INFO - Running: ['***', 'tasks', 'run', 'xcom_dag', 'choose_best_model', 'manual__2022-07-27T19:47:55.691161+00:00', '--job-id', '173', '--raw', '--subdir', 'DAGS_FOLDER/xcom_dag.py', '--cfg-path', '/tmp/tmptyf3hfyp', '--error-file', '/tmp/tmpzif_t4hm']
[2022-07-27 19:48:02,195] {standard_task_runner.py:80} INFO - Job 173: Subtask choose_best_model
[2022-07-27 19:48:02,251] {task_command.py:369} INFO - Running <TaskInstance: xcom_dag.choose_best_model manual__2022-07-27T19:47:55.691161+00:00 [running]> on host 8694d477c774
[2022-07-27 19:48:02,324] {taskinstance.py:1571} INFO - Exporting the following env vars:
AIRFLOW_CTX_DAG_OWNER=***
AIRFLOW_CTX_DAG_ID=xcom_dag
AIRFLOW_CTX_TASK_ID=choose_best_model
AIRFLOW_CTX_EXECUTION_DATE=2022-07-27T19:47:55.691161+00:00
AIRFLOW_CTX_TRY_NUMBER=1
AIRFLOW_CTX_DAG_RUN_ID=manual__2022-07-27T19:47:55.691161+00:00
[2022-07-27 19:48:02,326] {logging_mixin.py:115} INFO - choose best model
[2022-07-27 19:48:02,336] {python.py:173} INFO - Done. Returned value was: None
[2022-07-27 19:48:02,350] {taskinstance.py:1400} INFO - Marking task as SUCCESS. dag_id=xcom_dag, task_id=choose_best_model, execution_date=20220727T194755, start_date=20220727T194802, end_date=20220727T194802
[2022-07-27 19:48:02,408] {local_task_job.py:156} INFO - Task exited with return code 0
[2022-07-27 19:48:02,444] {local_task_job.py:273} INFO - 0 downstream tasks scheduled from follow-on schedule check
