[2022-07-28 13:06:26,372] {taskinstance.py:1159} INFO - Dependencies all met for <TaskInstance: xcom_dag.processing_tasks.training_model_a manual__2022-07-28T13:06:21.421705+00:00 [queued]>
[2022-07-28 13:06:26,384] {taskinstance.py:1159} INFO - Dependencies all met for <TaskInstance: xcom_dag.processing_tasks.training_model_a manual__2022-07-28T13:06:21.421705+00:00 [queued]>
[2022-07-28 13:06:26,385] {taskinstance.py:1356} INFO - 
--------------------------------------------------------------------------------
[2022-07-28 13:06:26,386] {taskinstance.py:1357} INFO - Starting attempt 1 of 1
[2022-07-28 13:06:26,387] {taskinstance.py:1358} INFO - 
--------------------------------------------------------------------------------
[2022-07-28 13:06:26,424] {taskinstance.py:1377} INFO - Executing <Task(PythonOperator): processing_tasks.training_model_a> on 2022-07-28 13:06:21.421705+00:00
[2022-07-28 13:06:26,430] {standard_task_runner.py:52} INFO - Started process 1923 to run task
[2022-07-28 13:06:26,436] {standard_task_runner.py:79} INFO - Running: ['***', 'tasks', 'run', 'xcom_dag', 'processing_tasks.training_model_a', 'manual__2022-07-28T13:06:21.421705+00:00', '--job-id', '241', '--raw', '--subdir', 'DAGS_FOLDER/xcom_dag.py', '--cfg-path', '/tmp/tmp_og5kibl', '--error-file', '/tmp/tmp1f3eugs4']
[2022-07-28 13:06:26,437] {standard_task_runner.py:80} INFO - Job 241: Subtask processing_tasks.training_model_a
[2022-07-28 13:06:26,541] {task_command.py:369} INFO - Running <TaskInstance: xcom_dag.processing_tasks.training_model_a manual__2022-07-28T13:06:21.421705+00:00 [running]> on host 2525a2c6e2b8
[2022-07-28 13:06:26,630] {taskinstance.py:1571} INFO - Exporting the following env vars:
AIRFLOW_CTX_DAG_OWNER=***
AIRFLOW_CTX_DAG_ID=xcom_dag
AIRFLOW_CTX_TASK_ID=processing_tasks.training_model_a
AIRFLOW_CTX_EXECUTION_DATE=2022-07-28T13:06:21.421705+00:00
AIRFLOW_CTX_TRY_NUMBER=1
AIRFLOW_CTX_DAG_RUN_ID=manual__2022-07-28T13:06:21.421705+00:00
[2022-07-28 13:06:26,632] {logging_mixin.py:115} INFO - model's accuracy: 3.5386143516288673
[2022-07-28 13:06:26,646] {python.py:173} INFO - Done. Returned value was: None
[2022-07-28 13:06:26,677] {taskinstance.py:1400} INFO - Marking task as SUCCESS. dag_id=xcom_dag, task_id=processing_tasks.training_model_a, execution_date=20220728T130621, start_date=20220728T130626, end_date=20220728T130626
[2022-07-28 13:06:26,728] {local_task_job.py:156} INFO - Task exited with return code 0
[2022-07-28 13:06:26,773] {local_task_job.py:273} INFO - 1 downstream tasks scheduled from follow-on schedule check
