[2022-07-26 00:35:40,570] {taskinstance.py:1159} INFO - Dependencies all met for <TaskInstance: task_group_dag.processing_tasks.extract_a scheduled__2022-07-25T00:00:00+00:00 [queued]>
[2022-07-26 00:35:40,578] {taskinstance.py:1159} INFO - Dependencies all met for <TaskInstance: task_group_dag.processing_tasks.extract_a scheduled__2022-07-25T00:00:00+00:00 [queued]>
[2022-07-26 00:35:40,579] {taskinstance.py:1356} INFO - 
--------------------------------------------------------------------------------
[2022-07-26 00:35:40,579] {taskinstance.py:1357} INFO - Starting attempt 1 of 1
[2022-07-26 00:35:40,579] {taskinstance.py:1358} INFO - 
--------------------------------------------------------------------------------
[2022-07-26 00:35:40,592] {taskinstance.py:1377} INFO - Executing <Task(BashOperator): processing_tasks.extract_a> on 2022-07-25 00:00:00+00:00
[2022-07-26 00:35:40,597] {standard_task_runner.py:52} INFO - Started process 21721 to run task
[2022-07-26 00:35:40,601] {standard_task_runner.py:79} INFO - Running: ['***', 'tasks', 'run', 'task_group_dag', 'processing_tasks.extract_a', 'scheduled__2022-07-25T00:00:00+00:00', '--job-id', '127', '--raw', '--subdir', 'DAGS_FOLDER/task_group_dag.py', '--cfg-path', '/tmp/tmp9cvdode_', '--error-file', '/tmp/tmpq1nfjkt6']
[2022-07-26 00:35:40,602] {standard_task_runner.py:80} INFO - Job 127: Subtask processing_tasks.extract_a
[2022-07-26 00:35:40,660] {task_command.py:369} INFO - Running <TaskInstance: task_group_dag.processing_tasks.extract_a scheduled__2022-07-25T00:00:00+00:00 [running]> on host 8694d477c774
[2022-07-26 00:35:40,734] {taskinstance.py:1571} INFO - Exporting the following env vars:
AIRFLOW_CTX_DAG_OWNER=***
AIRFLOW_CTX_DAG_ID=task_group_dag
AIRFLOW_CTX_TASK_ID=processing_tasks.extract_a
AIRFLOW_CTX_EXECUTION_DATE=2022-07-25T00:00:00+00:00
AIRFLOW_CTX_TRY_NUMBER=1
AIRFLOW_CTX_DAG_RUN_ID=scheduled__2022-07-25T00:00:00+00:00
[2022-07-26 00:35:40,735] {subprocess.py:62} INFO - Tmp dir root location: 
 /tmp
[2022-07-26 00:35:40,736] {subprocess.py:74} INFO - Running command: ['bash', '-c', 'sleep 1']
[2022-07-26 00:35:40,747] {subprocess.py:85} INFO - Output:
[2022-07-26 00:35:41,751] {subprocess.py:96} INFO - Command exited with return code 0
[2022-07-26 00:35:41,785] {taskinstance.py:1400} INFO - Marking task as SUCCESS. dag_id=task_group_dag, task_id=processing_tasks.extract_a, execution_date=20220725T000000, start_date=20220726T003540, end_date=20220726T003541
[2022-07-26 00:35:41,821] {local_task_job.py:156} INFO - Task exited with return code 0
[2022-07-26 00:35:41,877] {local_task_job.py:273} INFO - 0 downstream tasks scheduled from follow-on schedule check
