[2022-08-15 00:52:04,187] {processor.py:153} INFO - Started process (PID=242) to work on /opt/airflow/dags/parallel_dag.py
[2022-08-15 00:52:04,188] {processor.py:641} INFO - Processing file /opt/airflow/dags/parallel_dag.py for tasks to queue
[2022-08-15 00:52:04,189] {logging_mixin.py:115} INFO - [2022-08-15 00:52:04,189] {dagbag.py:507} INFO - Filling up the DagBag from /opt/airflow/dags/parallel_dag.py
[2022-08-15 00:52:04,203] {processor.py:651} INFO - DAG(s) dict_keys(['parallel_dag']) retrieved from /opt/airflow/dags/parallel_dag.py
[2022-08-15 00:52:04,230] {logging_mixin.py:115} INFO - [2022-08-15 00:52:04,230] {dag.py:2371} INFO - Sync 1 DAGs
[2022-08-15 00:52:04,253] {logging_mixin.py:115} INFO - [2022-08-15 00:52:04,253] {dag.py:2919} INFO - Setting next_dagrun for parallel_dag to 2022-08-14T00:00:00+00:00, run_after=2022-08-15T00:00:00+00:00
[2022-08-15 00:52:04,263] {processor.py:161} INFO - Processing /opt/airflow/dags/parallel_dag.py took 0.079 seconds
[2022-08-15 04:52:14,233] {processor.py:153} INFO - Started process (PID=287) to work on /opt/airflow/dags/parallel_dag.py
[2022-08-15 04:52:14,235] {processor.py:641} INFO - Processing file /opt/airflow/dags/parallel_dag.py for tasks to queue
[2022-08-15 04:52:14,236] {logging_mixin.py:115} INFO - [2022-08-15 04:52:14,236] {dagbag.py:507} INFO - Filling up the DagBag from /opt/airflow/dags/parallel_dag.py
[2022-08-15 04:52:14,249] {processor.py:651} INFO - DAG(s) dict_keys(['parallel_dag']) retrieved from /opt/airflow/dags/parallel_dag.py
[2022-08-15 04:52:14,287] {logging_mixin.py:115} INFO - [2022-08-15 04:52:14,287] {dag.py:2371} INFO - Sync 1 DAGs
[2022-08-15 04:52:14,313] {logging_mixin.py:115} INFO - [2022-08-15 04:52:14,313] {dag.py:2919} INFO - Setting next_dagrun for parallel_dag to 2022-08-14T00:00:00+00:00, run_after=2022-08-15T00:00:00+00:00
[2022-08-15 04:52:14,327] {processor.py:161} INFO - Processing /opt/airflow/dags/parallel_dag.py took 0.097 seconds
[2022-08-15 06:52:30,466] {processor.py:153} INFO - Started process (PID=345) to work on /opt/airflow/dags/parallel_dag.py
[2022-08-15 06:52:30,468] {processor.py:641} INFO - Processing file /opt/airflow/dags/parallel_dag.py for tasks to queue
[2022-08-15 06:52:30,470] {logging_mixin.py:115} INFO - [2022-08-15 06:52:30,469] {dagbag.py:507} INFO - Filling up the DagBag from /opt/airflow/dags/parallel_dag.py
[2022-08-15 06:52:30,496] {processor.py:651} INFO - DAG(s) dict_keys(['parallel_dag']) retrieved from /opt/airflow/dags/parallel_dag.py
[2022-08-15 06:52:30,539] {logging_mixin.py:115} INFO - [2022-08-15 06:52:30,538] {dag.py:2371} INFO - Sync 1 DAGs
[2022-08-15 06:52:30,589] {logging_mixin.py:115} INFO - [2022-08-15 06:52:30,589] {dag.py:2919} INFO - Setting next_dagrun for parallel_dag to 2022-08-14T00:00:00+00:00, run_after=2022-08-15T00:00:00+00:00
[2022-08-15 06:52:30,613] {processor.py:161} INFO - Processing /opt/airflow/dags/parallel_dag.py took 0.178 seconds
[2022-08-15 22:13:23,148] {processor.py:153} INFO - Started process (PID=413) to work on /opt/airflow/dags/parallel_dag.py
[2022-08-15 22:13:23,150] {processor.py:641} INFO - Processing file /opt/airflow/dags/parallel_dag.py for tasks to queue
[2022-08-15 22:13:23,151] {logging_mixin.py:115} INFO - [2022-08-15 22:13:23,151] {dagbag.py:507} INFO - Filling up the DagBag from /opt/airflow/dags/parallel_dag.py
[2022-08-15 22:13:23,174] {processor.py:651} INFO - DAG(s) dict_keys(['parallel_dag']) retrieved from /opt/airflow/dags/parallel_dag.py
[2022-08-15 22:13:23,283] {logging_mixin.py:115} INFO - [2022-08-15 22:13:23,283] {dag.py:2371} INFO - Sync 1 DAGs
[2022-08-15 22:13:23,363] {logging_mixin.py:115} INFO - [2022-08-15 22:13:23,363] {dag.py:2919} INFO - Setting next_dagrun for parallel_dag to 2022-08-14T00:00:00+00:00, run_after=2022-08-15T00:00:00+00:00
[2022-08-15 22:13:23,401] {processor.py:161} INFO - Processing /opt/airflow/dags/parallel_dag.py took 0.259 seconds
[2022-08-15 22:13:54,547] {processor.py:153} INFO - Started process (PID=481) to work on /opt/airflow/dags/parallel_dag.py
[2022-08-15 22:13:54,550] {processor.py:641} INFO - Processing file /opt/airflow/dags/parallel_dag.py for tasks to queue
[2022-08-15 22:13:54,553] {logging_mixin.py:115} INFO - [2022-08-15 22:13:54,553] {dagbag.py:507} INFO - Filling up the DagBag from /opt/airflow/dags/parallel_dag.py
[2022-08-15 22:13:54,588] {processor.py:651} INFO - DAG(s) dict_keys(['parallel_dag']) retrieved from /opt/airflow/dags/parallel_dag.py
[2022-08-15 22:13:54,642] {logging_mixin.py:115} INFO - [2022-08-15 22:13:54,642] {dag.py:2371} INFO - Sync 1 DAGs
[2022-08-15 22:13:54,696] {logging_mixin.py:115} INFO - [2022-08-15 22:13:54,696] {dag.py:2919} INFO - Setting next_dagrun for parallel_dag to 2022-08-14T00:00:00+00:00, run_after=2022-08-15T00:00:00+00:00
[2022-08-15 22:13:54,716] {processor.py:161} INFO - Processing /opt/airflow/dags/parallel_dag.py took 0.178 seconds
