[2022-07-28 13:06:26,335] {taskinstance.py:1159} INFO - Dependencies all met for <TaskInstance: xcom_dag.processing_tasks.training_model_c manual__2022-07-28T13:06:21.421705+00:00 [queued]>
[2022-07-28 13:06:26,347] {taskinstance.py:1159} INFO - Dependencies all met for <TaskInstance: xcom_dag.processing_tasks.training_model_c manual__2022-07-28T13:06:21.421705+00:00 [queued]>
[2022-07-28 13:06:26,347] {taskinstance.py:1356} INFO - 
--------------------------------------------------------------------------------
[2022-07-28 13:06:26,348] {taskinstance.py:1357} INFO - Starting attempt 1 of 1
[2022-07-28 13:06:26,348] {taskinstance.py:1358} INFO - 
--------------------------------------------------------------------------------
[2022-07-28 13:06:26,362] {taskinstance.py:1377} INFO - Executing <Task(PythonOperator): processing_tasks.training_model_c> on 2022-07-28 13:06:21.421705+00:00
[2022-07-28 13:06:26,367] {standard_task_runner.py:52} INFO - Started process 1922 to run task
[2022-07-28 13:06:26,373] {standard_task_runner.py:79} INFO - Running: ['***', 'tasks', 'run', 'xcom_dag', 'processing_tasks.training_model_c', 'manual__2022-07-28T13:06:21.421705+00:00', '--job-id', '240', '--raw', '--subdir', 'DAGS_FOLDER/xcom_dag.py', '--cfg-path', '/tmp/tmpf9un4qgz', '--error-file', '/tmp/tmptpe5u6sb']
[2022-07-28 13:06:26,374] {standard_task_runner.py:80} INFO - Job 240: Subtask processing_tasks.training_model_c
[2022-07-28 13:06:26,451] {task_command.py:369} INFO - Running <TaskInstance: xcom_dag.processing_tasks.training_model_c manual__2022-07-28T13:06:21.421705+00:00 [running]> on host 2525a2c6e2b8
[2022-07-28 13:06:26,558] {taskinstance.py:1571} INFO - Exporting the following env vars:
AIRFLOW_CTX_DAG_OWNER=***
AIRFLOW_CTX_DAG_ID=xcom_dag
AIRFLOW_CTX_TASK_ID=processing_tasks.training_model_c
AIRFLOW_CTX_EXECUTION_DATE=2022-07-28T13:06:21.421705+00:00
AIRFLOW_CTX_TRY_NUMBER=1
AIRFLOW_CTX_DAG_RUN_ID=manual__2022-07-28T13:06:21.421705+00:00
[2022-07-28 13:06:26,560] {logging_mixin.py:115} INFO - model's accuracy: 5.8260982723534225
[2022-07-28 13:06:26,577] {python.py:173} INFO - Done. Returned value was: None
[2022-07-28 13:06:26,592] {taskinstance.py:1400} INFO - Marking task as SUCCESS. dag_id=xcom_dag, task_id=processing_tasks.training_model_c, execution_date=20220728T130621, start_date=20220728T130626, end_date=20220728T130626
[2022-07-28 13:06:26,625] {local_task_job.py:156} INFO - Task exited with return code 0
[2022-07-28 13:06:26,674] {local_task_job.py:273} INFO - 0 downstream tasks scheduled from follow-on schedule check
