[2022-07-27 20:47:19,055] {taskinstance.py:1159} INFO - Dependencies all met for <TaskInstance: xcom_dag.processing_tasks.training_model_a manual__2022-07-27T20:47:13.737690+00:00 [queued]>
[2022-07-27 20:47:19,064] {taskinstance.py:1159} INFO - Dependencies all met for <TaskInstance: xcom_dag.processing_tasks.training_model_a manual__2022-07-27T20:47:13.737690+00:00 [queued]>
[2022-07-27 20:47:19,065] {taskinstance.py:1356} INFO - 
--------------------------------------------------------------------------------
[2022-07-27 20:47:19,066] {taskinstance.py:1357} INFO - Starting attempt 1 of 1
[2022-07-27 20:47:19,066] {taskinstance.py:1358} INFO - 
--------------------------------------------------------------------------------
[2022-07-27 20:47:19,081] {taskinstance.py:1377} INFO - Executing <Task(PythonOperator): processing_tasks.training_model_a> on 2022-07-27 20:47:13.737690+00:00
[2022-07-27 20:47:19,085] {standard_task_runner.py:52} INFO - Started process 3258 to run task
[2022-07-27 20:47:19,089] {standard_task_runner.py:79} INFO - Running: ['***', 'tasks', 'run', 'xcom_dag', 'processing_tasks.training_model_a', 'manual__2022-07-27T20:47:13.737690+00:00', '--job-id', '185', '--raw', '--subdir', 'DAGS_FOLDER/xcom_dag.py', '--cfg-path', '/tmp/tmp2ef_7uro', '--error-file', '/tmp/tmpgzppm5u4']
[2022-07-27 20:47:19,089] {standard_task_runner.py:80} INFO - Job 185: Subtask processing_tasks.training_model_a
[2022-07-27 20:47:19,145] {task_command.py:369} INFO - Running <TaskInstance: xcom_dag.processing_tasks.training_model_a manual__2022-07-27T20:47:13.737690+00:00 [running]> on host 8694d477c774
[2022-07-27 20:47:19,218] {taskinstance.py:1571} INFO - Exporting the following env vars:
AIRFLOW_CTX_DAG_OWNER=***
AIRFLOW_CTX_DAG_ID=xcom_dag
AIRFLOW_CTX_TASK_ID=processing_tasks.training_model_a
AIRFLOW_CTX_EXECUTION_DATE=2022-07-27T20:47:13.737690+00:00
AIRFLOW_CTX_TRY_NUMBER=1
AIRFLOW_CTX_DAG_RUN_ID=manual__2022-07-27T20:47:13.737690+00:00
[2022-07-27 20:47:19,220] {logging_mixin.py:115} INFO - model's accuracy: 5.5970248914652565
[2022-07-27 20:47:19,233] {python.py:173} INFO - Done. Returned value was: None
[2022-07-27 20:47:19,247] {taskinstance.py:1400} INFO - Marking task as SUCCESS. dag_id=xcom_dag, task_id=processing_tasks.training_model_a, execution_date=20220727T204713, start_date=20220727T204719, end_date=20220727T204719
[2022-07-27 20:47:19,303] {local_task_job.py:156} INFO - Task exited with return code 0
[2022-07-27 20:47:19,347] {local_task_job.py:273} INFO - 1 downstream tasks scheduled from follow-on schedule check
