[2022-08-01 15:31:34,773] {taskinstance.py:1159} INFO - Dependencies all met for <TaskInstance: xcom_dag.processing_tasks.training_model_a scheduled__2022-07-31T00:00:00+00:00 [queued]>
[2022-08-01 15:31:34,787] {taskinstance.py:1159} INFO - Dependencies all met for <TaskInstance: xcom_dag.processing_tasks.training_model_a scheduled__2022-07-31T00:00:00+00:00 [queued]>
[2022-08-01 15:31:34,788] {taskinstance.py:1356} INFO - 
--------------------------------------------------------------------------------
[2022-08-01 15:31:34,788] {taskinstance.py:1357} INFO - Starting attempt 1 of 1
[2022-08-01 15:31:34,789] {taskinstance.py:1358} INFO - 
--------------------------------------------------------------------------------
[2022-08-01 15:31:34,803] {taskinstance.py:1377} INFO - Executing <Task(PythonOperator): processing_tasks.training_model_a> on 2022-07-31 00:00:00+00:00
[2022-08-01 15:31:34,808] {standard_task_runner.py:52} INFO - Started process 17162 to run task
[2022-08-01 15:31:34,811] {standard_task_runner.py:79} INFO - Running: ['***', 'tasks', 'run', 'xcom_dag', 'processing_tasks.training_model_a', 'scheduled__2022-07-31T00:00:00+00:00', '--job-id', '278', '--raw', '--subdir', 'DAGS_FOLDER/xcom_dag.py', '--cfg-path', '/tmp/tmpncv6l4v7', '--error-file', '/tmp/tmp742ssvun']
[2022-08-01 15:31:34,813] {standard_task_runner.py:80} INFO - Job 278: Subtask processing_tasks.training_model_a
[2022-08-01 15:31:34,879] {task_command.py:369} INFO - Running <TaskInstance: xcom_dag.processing_tasks.training_model_a scheduled__2022-07-31T00:00:00+00:00 [running]> on host 2525a2c6e2b8
[2022-08-01 15:31:34,962] {taskinstance.py:1571} INFO - Exporting the following env vars:
AIRFLOW_CTX_DAG_OWNER=***
AIRFLOW_CTX_DAG_ID=xcom_dag
AIRFLOW_CTX_TASK_ID=processing_tasks.training_model_a
AIRFLOW_CTX_EXECUTION_DATE=2022-07-31T00:00:00+00:00
AIRFLOW_CTX_TRY_NUMBER=1
AIRFLOW_CTX_DAG_RUN_ID=scheduled__2022-07-31T00:00:00+00:00
[2022-08-01 15:31:34,963] {logging_mixin.py:115} INFO - model's accuracy: 0.29297957573872313
[2022-08-01 15:31:34,978] {python.py:173} INFO - Done. Returned value was: None
[2022-08-01 15:31:34,996] {taskinstance.py:1400} INFO - Marking task as SUCCESS. dag_id=xcom_dag, task_id=processing_tasks.training_model_a, execution_date=20220731T000000, start_date=20220801T153134, end_date=20220801T153134
[2022-08-01 15:31:35,025] {local_task_job.py:156} INFO - Task exited with return code 0
[2022-08-01 15:31:35,070] {local_task_job.py:273} INFO - 0 downstream tasks scheduled from follow-on schedule check
