[2022-08-15 00:52:04,421] {processor.py:153} INFO - Started process (PID=245) to work on /home/airflow/.local/lib/python3.7/site-packages/airflow/example_dags/example_nested_branch_dag.py
[2022-08-15 00:52:04,422] {processor.py:641} INFO - Processing file /home/airflow/.local/lib/python3.7/site-packages/airflow/example_dags/example_nested_branch_dag.py for tasks to queue
[2022-08-15 00:52:04,424] {logging_mixin.py:115} INFO - [2022-08-15 00:52:04,424] {dagbag.py:507} INFO - Filling up the DagBag from /home/airflow/.local/lib/python3.7/site-packages/airflow/example_dags/example_nested_branch_dag.py
[2022-08-15 00:52:04,445] {processor.py:651} INFO - DAG(s) dict_keys(['example_nested_branch_dag']) retrieved from /home/airflow/.local/lib/python3.7/site-packages/airflow/example_dags/example_nested_branch_dag.py
[2022-08-15 00:52:04,474] {logging_mixin.py:115} INFO - [2022-08-15 00:52:04,474] {dag.py:2371} INFO - Sync 1 DAGs
[2022-08-15 00:52:04,503] {logging_mixin.py:115} INFO - [2022-08-15 00:52:04,503] {dag.py:2919} INFO - Setting next_dagrun for example_nested_branch_dag to 2022-08-14T00:00:00+00:00, run_after=2022-08-15T00:00:00+00:00
[2022-08-15 00:52:04,516] {processor.py:161} INFO - Processing /home/airflow/.local/lib/python3.7/site-packages/airflow/example_dags/example_nested_branch_dag.py took 0.103 seconds
[2022-08-15 04:52:16,966] {processor.py:153} INFO - Started process (PID=314) to work on /home/airflow/.local/lib/python3.7/site-packages/airflow/example_dags/example_nested_branch_dag.py
[2022-08-15 04:52:16,967] {processor.py:641} INFO - Processing file /home/airflow/.local/lib/python3.7/site-packages/airflow/example_dags/example_nested_branch_dag.py for tasks to queue
[2022-08-15 04:52:16,969] {logging_mixin.py:115} INFO - [2022-08-15 04:52:16,969] {dagbag.py:507} INFO - Filling up the DagBag from /home/airflow/.local/lib/python3.7/site-packages/airflow/example_dags/example_nested_branch_dag.py
[2022-08-15 04:52:16,982] {processor.py:651} INFO - DAG(s) dict_keys(['example_nested_branch_dag']) retrieved from /home/airflow/.local/lib/python3.7/site-packages/airflow/example_dags/example_nested_branch_dag.py
[2022-08-15 04:52:17,019] {logging_mixin.py:115} INFO - [2022-08-15 04:52:17,019] {dag.py:2371} INFO - Sync 1 DAGs
[2022-08-15 04:52:17,043] {logging_mixin.py:115} INFO - [2022-08-15 04:52:17,043] {dag.py:2919} INFO - Setting next_dagrun for example_nested_branch_dag to 2022-08-14T00:00:00+00:00, run_after=2022-08-15T00:00:00+00:00
[2022-08-15 04:52:17,057] {processor.py:161} INFO - Processing /home/airflow/.local/lib/python3.7/site-packages/airflow/example_dags/example_nested_branch_dag.py took 0.096 seconds
[2022-08-15 06:52:33,145] {processor.py:153} INFO - Started process (PID=372) to work on /home/airflow/.local/lib/python3.7/site-packages/airflow/example_dags/example_nested_branch_dag.py
[2022-08-15 06:52:33,146] {processor.py:641} INFO - Processing file /home/airflow/.local/lib/python3.7/site-packages/airflow/example_dags/example_nested_branch_dag.py for tasks to queue
[2022-08-15 06:52:33,148] {logging_mixin.py:115} INFO - [2022-08-15 06:52:33,147] {dagbag.py:507} INFO - Filling up the DagBag from /home/airflow/.local/lib/python3.7/site-packages/airflow/example_dags/example_nested_branch_dag.py
[2022-08-15 06:52:33,161] {processor.py:651} INFO - DAG(s) dict_keys(['example_nested_branch_dag']) retrieved from /home/airflow/.local/lib/python3.7/site-packages/airflow/example_dags/example_nested_branch_dag.py
[2022-08-15 06:52:33,192] {logging_mixin.py:115} INFO - [2022-08-15 06:52:33,192] {dag.py:2371} INFO - Sync 1 DAGs
[2022-08-15 06:52:33,226] {logging_mixin.py:115} INFO - [2022-08-15 06:52:33,226] {dag.py:2919} INFO - Setting next_dagrun for example_nested_branch_dag to 2022-08-14T00:00:00+00:00, run_after=2022-08-15T00:00:00+00:00
[2022-08-15 06:52:33,246] {processor.py:161} INFO - Processing /home/airflow/.local/lib/python3.7/site-packages/airflow/example_dags/example_nested_branch_dag.py took 0.107 seconds
[2022-08-15 22:13:27,167] {processor.py:153} INFO - Started process (PID=440) to work on /home/airflow/.local/lib/python3.7/site-packages/airflow/example_dags/example_nested_branch_dag.py
[2022-08-15 22:13:27,170] {processor.py:641} INFO - Processing file /home/airflow/.local/lib/python3.7/site-packages/airflow/example_dags/example_nested_branch_dag.py for tasks to queue
[2022-08-15 22:13:27,172] {logging_mixin.py:115} INFO - [2022-08-15 22:13:27,172] {dagbag.py:507} INFO - Filling up the DagBag from /home/airflow/.local/lib/python3.7/site-packages/airflow/example_dags/example_nested_branch_dag.py
[2022-08-15 22:13:27,199] {processor.py:651} INFO - DAG(s) dict_keys(['example_nested_branch_dag']) retrieved from /home/airflow/.local/lib/python3.7/site-packages/airflow/example_dags/example_nested_branch_dag.py
[2022-08-15 22:13:27,257] {logging_mixin.py:115} INFO - [2022-08-15 22:13:27,257] {dag.py:2371} INFO - Sync 1 DAGs
[2022-08-15 22:13:27,303] {logging_mixin.py:115} INFO - [2022-08-15 22:13:27,302] {dag.py:2919} INFO - Setting next_dagrun for example_nested_branch_dag to 2022-08-14T00:00:00+00:00, run_after=2022-08-15T00:00:00+00:00
[2022-08-15 22:13:27,321] {processor.py:161} INFO - Processing /home/airflow/.local/lib/python3.7/site-packages/airflow/example_dags/example_nested_branch_dag.py took 0.160 seconds
[2022-08-15 22:13:58,127] {processor.py:153} INFO - Started process (PID=517) to work on /home/airflow/.local/lib/python3.7/site-packages/airflow/example_dags/example_nested_branch_dag.py
[2022-08-15 22:13:58,129] {processor.py:641} INFO - Processing file /home/airflow/.local/lib/python3.7/site-packages/airflow/example_dags/example_nested_branch_dag.py for tasks to queue
[2022-08-15 22:13:58,131] {logging_mixin.py:115} INFO - [2022-08-15 22:13:58,130] {dagbag.py:507} INFO - Filling up the DagBag from /home/airflow/.local/lib/python3.7/site-packages/airflow/example_dags/example_nested_branch_dag.py
[2022-08-15 22:13:58,153] {processor.py:651} INFO - DAG(s) dict_keys(['example_nested_branch_dag']) retrieved from /home/airflow/.local/lib/python3.7/site-packages/airflow/example_dags/example_nested_branch_dag.py
[2022-08-15 22:13:58,214] {logging_mixin.py:115} INFO - [2022-08-15 22:13:58,214] {dag.py:2371} INFO - Sync 1 DAGs
[2022-08-15 22:13:58,255] {logging_mixin.py:115} INFO - [2022-08-15 22:13:58,255] {dag.py:2919} INFO - Setting next_dagrun for example_nested_branch_dag to 2022-08-14T00:00:00+00:00, run_after=2022-08-15T00:00:00+00:00
[2022-08-15 22:13:58,396] {processor.py:161} INFO - Processing /home/airflow/.local/lib/python3.7/site-packages/airflow/example_dags/example_nested_branch_dag.py took 0.274 seconds
