[2022-08-15 00:52:01,541] {processor.py:153} INFO - Started process (PID=221) to work on /home/airflow/.local/lib/python3.7/site-packages/airflow/example_dags/example_branch_day_of_week_operator.py
[2022-08-15 00:52:01,542] {processor.py:641} INFO - Processing file /home/airflow/.local/lib/python3.7/site-packages/airflow/example_dags/example_branch_day_of_week_operator.py for tasks to queue
[2022-08-15 00:52:01,544] {logging_mixin.py:115} INFO - [2022-08-15 00:52:01,544] {dagbag.py:507} INFO - Filling up the DagBag from /home/airflow/.local/lib/python3.7/site-packages/airflow/example_dags/example_branch_day_of_week_operator.py
[2022-08-15 00:52:01,569] {processor.py:651} INFO - DAG(s) dict_keys(['example_weekday_branch_operator']) retrieved from /home/airflow/.local/lib/python3.7/site-packages/airflow/example_dags/example_branch_day_of_week_operator.py
[2022-08-15 00:52:01,619] {logging_mixin.py:115} INFO - [2022-08-15 00:52:01,619] {dag.py:2371} INFO - Sync 1 DAGs
[2022-08-15 00:52:01,667] {logging_mixin.py:115} INFO - [2022-08-15 00:52:01,666] {dag.py:2919} INFO - Setting next_dagrun for example_weekday_branch_operator to 2022-08-14T00:00:00+00:00, run_after=2022-08-15T00:00:00+00:00
[2022-08-15 00:52:01,684] {processor.py:161} INFO - Processing /home/airflow/.local/lib/python3.7/site-packages/airflow/example_dags/example_branch_day_of_week_operator.py took 0.149 seconds
[2022-08-15 04:52:16,010] {processor.py:153} INFO - Started process (PID=305) to work on /home/airflow/.local/lib/python3.7/site-packages/airflow/example_dags/example_branch_day_of_week_operator.py
[2022-08-15 04:52:16,013] {processor.py:641} INFO - Processing file /home/airflow/.local/lib/python3.7/site-packages/airflow/example_dags/example_branch_day_of_week_operator.py for tasks to queue
[2022-08-15 04:52:16,014] {logging_mixin.py:115} INFO - [2022-08-15 04:52:16,014] {dagbag.py:507} INFO - Filling up the DagBag from /home/airflow/.local/lib/python3.7/site-packages/airflow/example_dags/example_branch_day_of_week_operator.py
[2022-08-15 04:52:16,025] {processor.py:651} INFO - DAG(s) dict_keys(['example_weekday_branch_operator']) retrieved from /home/airflow/.local/lib/python3.7/site-packages/airflow/example_dags/example_branch_day_of_week_operator.py
[2022-08-15 04:52:16,065] {logging_mixin.py:115} INFO - [2022-08-15 04:52:16,064] {dag.py:2371} INFO - Sync 1 DAGs
[2022-08-15 04:52:16,092] {logging_mixin.py:115} INFO - [2022-08-15 04:52:16,092] {dag.py:2919} INFO - Setting next_dagrun for example_weekday_branch_operator to 2022-08-14T00:00:00+00:00, run_after=2022-08-15T00:00:00+00:00
[2022-08-15 04:52:16,110] {processor.py:161} INFO - Processing /home/airflow/.local/lib/python3.7/site-packages/airflow/example_dags/example_branch_day_of_week_operator.py took 0.104 seconds
[2022-08-15 06:52:32,473] {processor.py:153} INFO - Started process (PID=363) to work on /home/airflow/.local/lib/python3.7/site-packages/airflow/example_dags/example_branch_day_of_week_operator.py
[2022-08-15 06:52:32,474] {processor.py:641} INFO - Processing file /home/airflow/.local/lib/python3.7/site-packages/airflow/example_dags/example_branch_day_of_week_operator.py for tasks to queue
[2022-08-15 06:52:32,475] {logging_mixin.py:115} INFO - [2022-08-15 06:52:32,475] {dagbag.py:507} INFO - Filling up the DagBag from /home/airflow/.local/lib/python3.7/site-packages/airflow/example_dags/example_branch_day_of_week_operator.py
[2022-08-15 06:52:32,484] {processor.py:651} INFO - DAG(s) dict_keys(['example_weekday_branch_operator']) retrieved from /home/airflow/.local/lib/python3.7/site-packages/airflow/example_dags/example_branch_day_of_week_operator.py
[2022-08-15 06:52:32,515] {logging_mixin.py:115} INFO - [2022-08-15 06:52:32,515] {dag.py:2371} INFO - Sync 1 DAGs
[2022-08-15 06:52:32,538] {logging_mixin.py:115} INFO - [2022-08-15 06:52:32,537] {dag.py:2919} INFO - Setting next_dagrun for example_weekday_branch_operator to 2022-08-14T00:00:00+00:00, run_after=2022-08-15T00:00:00+00:00
[2022-08-15 06:52:32,550] {processor.py:161} INFO - Processing /home/airflow/.local/lib/python3.7/site-packages/airflow/example_dags/example_branch_day_of_week_operator.py took 0.081 seconds
[2022-08-15 22:13:26,016] {processor.py:153} INFO - Started process (PID=431) to work on /home/airflow/.local/lib/python3.7/site-packages/airflow/example_dags/example_branch_day_of_week_operator.py
[2022-08-15 22:13:26,017] {processor.py:641} INFO - Processing file /home/airflow/.local/lib/python3.7/site-packages/airflow/example_dags/example_branch_day_of_week_operator.py for tasks to queue
[2022-08-15 22:13:26,018] {logging_mixin.py:115} INFO - [2022-08-15 22:13:26,018] {dagbag.py:507} INFO - Filling up the DagBag from /home/airflow/.local/lib/python3.7/site-packages/airflow/example_dags/example_branch_day_of_week_operator.py
[2022-08-15 22:13:26,036] {processor.py:651} INFO - DAG(s) dict_keys(['example_weekday_branch_operator']) retrieved from /home/airflow/.local/lib/python3.7/site-packages/airflow/example_dags/example_branch_day_of_week_operator.py
[2022-08-15 22:13:26,088] {logging_mixin.py:115} INFO - [2022-08-15 22:13:26,087] {dag.py:2371} INFO - Sync 1 DAGs
[2022-08-15 22:13:26,139] {logging_mixin.py:115} INFO - [2022-08-15 22:13:26,139] {dag.py:2919} INFO - Setting next_dagrun for example_weekday_branch_operator to 2022-08-14T00:00:00+00:00, run_after=2022-08-15T00:00:00+00:00
[2022-08-15 22:13:26,160] {processor.py:161} INFO - Processing /home/airflow/.local/lib/python3.7/site-packages/airflow/example_dags/example_branch_day_of_week_operator.py took 0.153 seconds
[2022-08-15 22:13:56,539] {processor.py:153} INFO - Started process (PID=499) to work on /home/airflow/.local/lib/python3.7/site-packages/airflow/example_dags/example_branch_day_of_week_operator.py
[2022-08-15 22:13:56,566] {processor.py:641} INFO - Processing file /home/airflow/.local/lib/python3.7/site-packages/airflow/example_dags/example_branch_day_of_week_operator.py for tasks to queue
[2022-08-15 22:13:56,580] {logging_mixin.py:115} INFO - [2022-08-15 22:13:56,580] {dagbag.py:507} INFO - Filling up the DagBag from /home/airflow/.local/lib/python3.7/site-packages/airflow/example_dags/example_branch_day_of_week_operator.py
[2022-08-15 22:13:56,607] {processor.py:651} INFO - DAG(s) dict_keys(['example_weekday_branch_operator']) retrieved from /home/airflow/.local/lib/python3.7/site-packages/airflow/example_dags/example_branch_day_of_week_operator.py
[2022-08-15 22:13:56,690] {logging_mixin.py:115} INFO - [2022-08-15 22:13:56,689] {dag.py:2371} INFO - Sync 1 DAGs
[2022-08-15 22:13:56,751] {logging_mixin.py:115} INFO - [2022-08-15 22:13:56,750] {dag.py:2919} INFO - Setting next_dagrun for example_weekday_branch_operator to 2022-08-14T00:00:00+00:00, run_after=2022-08-15T00:00:00+00:00
[2022-08-15 22:13:56,785] {processor.py:161} INFO - Processing /home/airflow/.local/lib/python3.7/site-packages/airflow/example_dags/example_branch_day_of_week_operator.py took 0.256 seconds
