[2022-08-15 00:52:00,532] {processor.py:153} INFO - Started process (PID=214) to work on /home/airflow/.local/lib/python3.7/site-packages/airflow/example_dags/example_xcomargs.py
[2022-08-15 00:52:00,534] {processor.py:641} INFO - Processing file /home/airflow/.local/lib/python3.7/site-packages/airflow/example_dags/example_xcomargs.py for tasks to queue
[2022-08-15 00:52:00,535] {logging_mixin.py:115} INFO - [2022-08-15 00:52:00,535] {dagbag.py:507} INFO - Filling up the DagBag from /home/airflow/.local/lib/python3.7/site-packages/airflow/example_dags/example_xcomargs.py
[2022-08-15 00:52:00,568] {processor.py:651} INFO - DAG(s) dict_keys(['example_xcom_args', 'example_xcom_args_with_operators']) retrieved from /home/airflow/.local/lib/python3.7/site-packages/airflow/example_dags/example_xcomargs.py
[2022-08-15 00:52:00,718] {logging_mixin.py:115} INFO - [2022-08-15 00:52:00,718] {dag.py:2371} INFO - Sync 2 DAGs
[2022-08-15 00:52:00,753] {logging_mixin.py:115} INFO - [2022-08-15 00:52:00,753] {dag.py:2919} INFO - Setting next_dagrun for example_xcom_args to None, run_after=None
[2022-08-15 00:52:00,754] {logging_mixin.py:115} INFO - [2022-08-15 00:52:00,754] {dag.py:2919} INFO - Setting next_dagrun for example_xcom_args_with_operators to None, run_after=None
[2022-08-15 00:52:00,783] {processor.py:161} INFO - Processing /home/airflow/.local/lib/python3.7/site-packages/airflow/example_dags/example_xcomargs.py took 0.258 seconds
[2022-08-15 04:52:15,386] {processor.py:153} INFO - Started process (PID=298) to work on /home/airflow/.local/lib/python3.7/site-packages/airflow/example_dags/example_xcomargs.py
[2022-08-15 04:52:15,388] {processor.py:641} INFO - Processing file /home/airflow/.local/lib/python3.7/site-packages/airflow/example_dags/example_xcomargs.py for tasks to queue
[2022-08-15 04:52:15,389] {logging_mixin.py:115} INFO - [2022-08-15 04:52:15,389] {dagbag.py:507} INFO - Filling up the DagBag from /home/airflow/.local/lib/python3.7/site-packages/airflow/example_dags/example_xcomargs.py
[2022-08-15 04:52:15,416] {processor.py:651} INFO - DAG(s) dict_keys(['example_xcom_args', 'example_xcom_args_with_operators']) retrieved from /home/airflow/.local/lib/python3.7/site-packages/airflow/example_dags/example_xcomargs.py
[2022-08-15 04:52:15,530] {logging_mixin.py:115} INFO - [2022-08-15 04:52:15,530] {dag.py:2371} INFO - Sync 2 DAGs
[2022-08-15 04:52:15,560] {logging_mixin.py:115} INFO - [2022-08-15 04:52:15,559] {dag.py:2919} INFO - Setting next_dagrun for example_xcom_args to None, run_after=None
[2022-08-15 04:52:15,562] {logging_mixin.py:115} INFO - [2022-08-15 04:52:15,561] {dag.py:2919} INFO - Setting next_dagrun for example_xcom_args_with_operators to None, run_after=None
[2022-08-15 04:52:15,584] {processor.py:161} INFO - Processing /home/airflow/.local/lib/python3.7/site-packages/airflow/example_dags/example_xcomargs.py took 0.204 seconds
[2022-08-15 06:52:31,853] {processor.py:153} INFO - Started process (PID=356) to work on /home/airflow/.local/lib/python3.7/site-packages/airflow/example_dags/example_xcomargs.py
[2022-08-15 06:52:31,874] {processor.py:641} INFO - Processing file /home/airflow/.local/lib/python3.7/site-packages/airflow/example_dags/example_xcomargs.py for tasks to queue
[2022-08-15 06:52:31,877] {logging_mixin.py:115} INFO - [2022-08-15 06:52:31,877] {dagbag.py:507} INFO - Filling up the DagBag from /home/airflow/.local/lib/python3.7/site-packages/airflow/example_dags/example_xcomargs.py
[2022-08-15 06:52:31,940] {processor.py:651} INFO - DAG(s) dict_keys(['example_xcom_args', 'example_xcom_args_with_operators']) retrieved from /home/airflow/.local/lib/python3.7/site-packages/airflow/example_dags/example_xcomargs.py
[2022-08-15 06:52:32,075] {logging_mixin.py:115} INFO - [2022-08-15 06:52:32,075] {dag.py:2371} INFO - Sync 2 DAGs
[2022-08-15 06:52:32,100] {logging_mixin.py:115} INFO - [2022-08-15 06:52:32,100] {dag.py:2919} INFO - Setting next_dagrun for example_xcom_args to None, run_after=None
[2022-08-15 06:52:32,101] {logging_mixin.py:115} INFO - [2022-08-15 06:52:32,101] {dag.py:2919} INFO - Setting next_dagrun for example_xcom_args_with_operators to None, run_after=None
[2022-08-15 06:52:32,126] {processor.py:161} INFO - Processing /home/airflow/.local/lib/python3.7/site-packages/airflow/example_dags/example_xcomargs.py took 0.285 seconds
[2022-08-15 22:13:25,063] {processor.py:153} INFO - Started process (PID=424) to work on /home/airflow/.local/lib/python3.7/site-packages/airflow/example_dags/example_xcomargs.py
[2022-08-15 22:13:25,069] {processor.py:641} INFO - Processing file /home/airflow/.local/lib/python3.7/site-packages/airflow/example_dags/example_xcomargs.py for tasks to queue
[2022-08-15 22:13:25,070] {logging_mixin.py:115} INFO - [2022-08-15 22:13:25,070] {dagbag.py:507} INFO - Filling up the DagBag from /home/airflow/.local/lib/python3.7/site-packages/airflow/example_dags/example_xcomargs.py
[2022-08-15 22:13:25,109] {processor.py:651} INFO - DAG(s) dict_keys(['example_xcom_args', 'example_xcom_args_with_operators']) retrieved from /home/airflow/.local/lib/python3.7/site-packages/airflow/example_dags/example_xcomargs.py
[2022-08-15 22:13:25,255] {logging_mixin.py:115} INFO - [2022-08-15 22:13:25,254] {dag.py:2371} INFO - Sync 2 DAGs
[2022-08-15 22:13:25,286] {logging_mixin.py:115} INFO - [2022-08-15 22:13:25,286] {dag.py:2919} INFO - Setting next_dagrun for example_xcom_args to None, run_after=None
[2022-08-15 22:13:25,289] {logging_mixin.py:115} INFO - [2022-08-15 22:13:25,289] {dag.py:2919} INFO - Setting next_dagrun for example_xcom_args_with_operators to None, run_after=None
[2022-08-15 22:13:25,316] {processor.py:161} INFO - Processing /home/airflow/.local/lib/python3.7/site-packages/airflow/example_dags/example_xcomargs.py took 0.259 seconds
[2022-08-15 22:13:55,647] {processor.py:153} INFO - Started process (PID=492) to work on /home/airflow/.local/lib/python3.7/site-packages/airflow/example_dags/example_xcomargs.py
[2022-08-15 22:13:55,649] {processor.py:641} INFO - Processing file /home/airflow/.local/lib/python3.7/site-packages/airflow/example_dags/example_xcomargs.py for tasks to queue
[2022-08-15 22:13:55,651] {logging_mixin.py:115} INFO - [2022-08-15 22:13:55,651] {dagbag.py:507} INFO - Filling up the DagBag from /home/airflow/.local/lib/python3.7/site-packages/airflow/example_dags/example_xcomargs.py
[2022-08-15 22:13:55,686] {processor.py:651} INFO - DAG(s) dict_keys(['example_xcom_args', 'example_xcom_args_with_operators']) retrieved from /home/airflow/.local/lib/python3.7/site-packages/airflow/example_dags/example_xcomargs.py
[2022-08-15 22:13:55,837] {logging_mixin.py:115} INFO - [2022-08-15 22:13:55,837] {dag.py:2371} INFO - Sync 2 DAGs
[2022-08-15 22:13:55,878] {logging_mixin.py:115} INFO - [2022-08-15 22:13:55,878] {dag.py:2919} INFO - Setting next_dagrun for example_xcom_args to None, run_after=None
[2022-08-15 22:13:55,880] {logging_mixin.py:115} INFO - [2022-08-15 22:13:55,880] {dag.py:2919} INFO - Setting next_dagrun for example_xcom_args_with_operators to None, run_after=None
[2022-08-15 22:13:55,908] {processor.py:161} INFO - Processing /home/airflow/.local/lib/python3.7/site-packages/airflow/example_dags/example_xcomargs.py took 0.266 seconds
