[2022-08-15 00:52:02,609] {processor.py:153} INFO - Started process (PID=229) to work on /home/airflow/.local/lib/python3.7/site-packages/airflow/example_dags/example_branch_python_dop_operator_3.py
[2022-08-15 00:52:02,610] {processor.py:641} INFO - Processing file /home/airflow/.local/lib/python3.7/site-packages/airflow/example_dags/example_branch_python_dop_operator_3.py for tasks to queue
[2022-08-15 00:52:02,612] {logging_mixin.py:115} INFO - [2022-08-15 00:52:02,612] {dagbag.py:507} INFO - Filling up the DagBag from /home/airflow/.local/lib/python3.7/site-packages/airflow/example_dags/example_branch_python_dop_operator_3.py
[2022-08-15 00:52:02,631] {processor.py:651} INFO - DAG(s) dict_keys(['example_branch_dop_operator_v3']) retrieved from /home/airflow/.local/lib/python3.7/site-packages/airflow/example_dags/example_branch_python_dop_operator_3.py
[2022-08-15 00:52:02,674] {logging_mixin.py:115} INFO - [2022-08-15 00:52:02,674] {dag.py:2371} INFO - Sync 1 DAGs
[2022-08-15 00:52:02,711] {logging_mixin.py:115} INFO - [2022-08-15 00:52:02,711] {dag.py:2919} INFO - Setting next_dagrun for example_branch_dop_operator_v3 to 2022-08-15T00:51:00+00:00, run_after=2022-08-15T00:52:00+00:00
[2022-08-15 00:52:02,730] {processor.py:161} INFO - Processing /home/airflow/.local/lib/python3.7/site-packages/airflow/example_dags/example_branch_python_dop_operator_3.py took 0.125 seconds
[2022-08-15 04:52:16,886] {processor.py:153} INFO - Started process (PID=313) to work on /home/airflow/.local/lib/python3.7/site-packages/airflow/example_dags/example_branch_python_dop_operator_3.py
[2022-08-15 04:52:16,887] {processor.py:641} INFO - Processing file /home/airflow/.local/lib/python3.7/site-packages/airflow/example_dags/example_branch_python_dop_operator_3.py for tasks to queue
[2022-08-15 04:52:16,888] {logging_mixin.py:115} INFO - [2022-08-15 04:52:16,888] {dagbag.py:507} INFO - Filling up the DagBag from /home/airflow/.local/lib/python3.7/site-packages/airflow/example_dags/example_branch_python_dop_operator_3.py
[2022-08-15 04:52:16,902] {processor.py:651} INFO - DAG(s) dict_keys(['example_branch_dop_operator_v3']) retrieved from /home/airflow/.local/lib/python3.7/site-packages/airflow/example_dags/example_branch_python_dop_operator_3.py
[2022-08-15 04:52:16,934] {logging_mixin.py:115} INFO - [2022-08-15 04:52:16,934] {dag.py:2371} INFO - Sync 1 DAGs
[2022-08-15 04:52:16,966] {logging_mixin.py:115} INFO - [2022-08-15 04:52:16,966] {dag.py:2919} INFO - Setting next_dagrun for example_branch_dop_operator_v3 to 2022-08-15T04:51:00+00:00, run_after=2022-08-15T04:52:00+00:00
[2022-08-15 04:52:16,981] {processor.py:161} INFO - Processing /home/airflow/.local/lib/python3.7/site-packages/airflow/example_dags/example_branch_python_dop_operator_3.py took 0.099 seconds
[2022-08-15 06:52:33,084] {processor.py:153} INFO - Started process (PID=371) to work on /home/airflow/.local/lib/python3.7/site-packages/airflow/example_dags/example_branch_python_dop_operator_3.py
[2022-08-15 06:52:33,086] {processor.py:641} INFO - Processing file /home/airflow/.local/lib/python3.7/site-packages/airflow/example_dags/example_branch_python_dop_operator_3.py for tasks to queue
[2022-08-15 06:52:33,087] {logging_mixin.py:115} INFO - [2022-08-15 06:52:33,087] {dagbag.py:507} INFO - Filling up the DagBag from /home/airflow/.local/lib/python3.7/site-packages/airflow/example_dags/example_branch_python_dop_operator_3.py
[2022-08-15 06:52:33,101] {processor.py:651} INFO - DAG(s) dict_keys(['example_branch_dop_operator_v3']) retrieved from /home/airflow/.local/lib/python3.7/site-packages/airflow/example_dags/example_branch_python_dop_operator_3.py
[2022-08-15 06:52:33,142] {logging_mixin.py:115} INFO - [2022-08-15 06:52:33,142] {dag.py:2371} INFO - Sync 1 DAGs
[2022-08-15 06:52:33,172] {logging_mixin.py:115} INFO - [2022-08-15 06:52:33,172] {dag.py:2919} INFO - Setting next_dagrun for example_branch_dop_operator_v3 to 2022-08-15T06:51:00+00:00, run_after=2022-08-15T06:52:00+00:00
[2022-08-15 06:52:33,187] {processor.py:161} INFO - Processing /home/airflow/.local/lib/python3.7/site-packages/airflow/example_dags/example_branch_python_dop_operator_3.py took 0.107 seconds
[2022-08-15 22:13:27,086] {processor.py:153} INFO - Started process (PID=439) to work on /home/airflow/.local/lib/python3.7/site-packages/airflow/example_dags/example_branch_python_dop_operator_3.py
[2022-08-15 22:13:27,088] {processor.py:641} INFO - Processing file /home/airflow/.local/lib/python3.7/site-packages/airflow/example_dags/example_branch_python_dop_operator_3.py for tasks to queue
[2022-08-15 22:13:27,089] {logging_mixin.py:115} INFO - [2022-08-15 22:13:27,089] {dagbag.py:507} INFO - Filling up the DagBag from /home/airflow/.local/lib/python3.7/site-packages/airflow/example_dags/example_branch_python_dop_operator_3.py
[2022-08-15 22:13:27,110] {processor.py:651} INFO - DAG(s) dict_keys(['example_branch_dop_operator_v3']) retrieved from /home/airflow/.local/lib/python3.7/site-packages/airflow/example_dags/example_branch_python_dop_operator_3.py
[2022-08-15 22:13:27,182] {logging_mixin.py:115} INFO - [2022-08-15 22:13:27,181] {dag.py:2371} INFO - Sync 1 DAGs
[2022-08-15 22:13:27,245] {logging_mixin.py:115} INFO - [2022-08-15 22:13:27,244] {dag.py:2919} INFO - Setting next_dagrun for example_branch_dop_operator_v3 to 2022-08-15T22:12:00+00:00, run_after=2022-08-15T22:13:00+00:00
[2022-08-15 22:13:27,265] {processor.py:161} INFO - Processing /home/airflow/.local/lib/python3.7/site-packages/airflow/example_dags/example_branch_python_dop_operator_3.py took 0.186 seconds
[2022-08-15 22:13:57,895] {processor.py:153} INFO - Started process (PID=516) to work on /home/airflow/.local/lib/python3.7/site-packages/airflow/example_dags/example_branch_python_dop_operator_3.py
[2022-08-15 22:13:57,898] {processor.py:641} INFO - Processing file /home/airflow/.local/lib/python3.7/site-packages/airflow/example_dags/example_branch_python_dop_operator_3.py for tasks to queue
[2022-08-15 22:13:57,900] {logging_mixin.py:115} INFO - [2022-08-15 22:13:57,900] {dagbag.py:507} INFO - Filling up the DagBag from /home/airflow/.local/lib/python3.7/site-packages/airflow/example_dags/example_branch_python_dop_operator_3.py
[2022-08-15 22:13:57,933] {processor.py:651} INFO - DAG(s) dict_keys(['example_branch_dop_operator_v3']) retrieved from /home/airflow/.local/lib/python3.7/site-packages/airflow/example_dags/example_branch_python_dop_operator_3.py
[2022-08-15 22:13:57,989] {logging_mixin.py:115} INFO - [2022-08-15 22:13:57,989] {dag.py:2371} INFO - Sync 1 DAGs
[2022-08-15 22:13:58,049] {logging_mixin.py:115} INFO - [2022-08-15 22:13:58,049] {dag.py:2919} INFO - Setting next_dagrun for example_branch_dop_operator_v3 to 2022-08-15T22:12:00+00:00, run_after=2022-08-15T22:13:00+00:00
[2022-08-15 22:13:58,076] {processor.py:161} INFO - Processing /home/airflow/.local/lib/python3.7/site-packages/airflow/example_dags/example_branch_python_dop_operator_3.py took 0.188 seconds
