[2022-08-15 00:52:01,354] {processor.py:153} INFO - Started process (PID=219) to work on /home/airflow/.local/lib/python3.7/site-packages/airflow/example_dags/example_task_group.py
[2022-08-15 00:52:01,355] {processor.py:641} INFO - Processing file /home/airflow/.local/lib/python3.7/site-packages/airflow/example_dags/example_task_group.py for tasks to queue
[2022-08-15 00:52:01,357] {logging_mixin.py:115} INFO - [2022-08-15 00:52:01,357] {dagbag.py:507} INFO - Filling up the DagBag from /home/airflow/.local/lib/python3.7/site-packages/airflow/example_dags/example_task_group.py
[2022-08-15 00:52:01,378] {processor.py:651} INFO - DAG(s) dict_keys(['example_task_group']) retrieved from /home/airflow/.local/lib/python3.7/site-packages/airflow/example_dags/example_task_group.py
[2022-08-15 00:52:01,426] {logging_mixin.py:115} INFO - [2022-08-15 00:52:01,425] {dag.py:2371} INFO - Sync 1 DAGs
[2022-08-15 00:52:01,476] {logging_mixin.py:115} INFO - [2022-08-15 00:52:01,476] {dag.py:2919} INFO - Setting next_dagrun for example_task_group to 2022-08-14T00:52:01.475798+00:00, run_after=2022-08-15T00:52:01.475798+00:00
[2022-08-15 00:52:01,493] {processor.py:161} INFO - Processing /home/airflow/.local/lib/python3.7/site-packages/airflow/example_dags/example_task_group.py took 0.145 seconds
[2022-08-15 04:52:15,880] {processor.py:153} INFO - Started process (PID=303) to work on /home/airflow/.local/lib/python3.7/site-packages/airflow/example_dags/example_task_group.py
[2022-08-15 04:52:15,881] {processor.py:641} INFO - Processing file /home/airflow/.local/lib/python3.7/site-packages/airflow/example_dags/example_task_group.py for tasks to queue
[2022-08-15 04:52:15,883] {logging_mixin.py:115} INFO - [2022-08-15 04:52:15,882] {dagbag.py:507} INFO - Filling up the DagBag from /home/airflow/.local/lib/python3.7/site-packages/airflow/example_dags/example_task_group.py
[2022-08-15 04:52:15,892] {processor.py:651} INFO - DAG(s) dict_keys(['example_task_group']) retrieved from /home/airflow/.local/lib/python3.7/site-packages/airflow/example_dags/example_task_group.py
[2022-08-15 04:52:15,927] {logging_mixin.py:115} INFO - [2022-08-15 04:52:15,927] {dag.py:2371} INFO - Sync 1 DAGs
[2022-08-15 04:52:15,957] {logging_mixin.py:115} INFO - [2022-08-15 04:52:15,956] {dag.py:2919} INFO - Setting next_dagrun for example_task_group to 2022-08-14T04:52:15.956471+00:00, run_after=2022-08-15T04:52:15.956471+00:00
[2022-08-15 04:52:15,971] {processor.py:161} INFO - Processing /home/airflow/.local/lib/python3.7/site-packages/airflow/example_dags/example_task_group.py took 0.095 seconds
[2022-08-15 06:52:32,315] {processor.py:153} INFO - Started process (PID=361) to work on /home/airflow/.local/lib/python3.7/site-packages/airflow/example_dags/example_task_group.py
[2022-08-15 06:52:32,317] {processor.py:641} INFO - Processing file /home/airflow/.local/lib/python3.7/site-packages/airflow/example_dags/example_task_group.py for tasks to queue
[2022-08-15 06:52:32,318] {logging_mixin.py:115} INFO - [2022-08-15 06:52:32,318] {dagbag.py:507} INFO - Filling up the DagBag from /home/airflow/.local/lib/python3.7/site-packages/airflow/example_dags/example_task_group.py
[2022-08-15 06:52:32,331] {processor.py:651} INFO - DAG(s) dict_keys(['example_task_group']) retrieved from /home/airflow/.local/lib/python3.7/site-packages/airflow/example_dags/example_task_group.py
[2022-08-15 06:52:32,399] {logging_mixin.py:115} INFO - [2022-08-15 06:52:32,399] {dag.py:2371} INFO - Sync 1 DAGs
[2022-08-15 06:52:32,429] {logging_mixin.py:115} INFO - [2022-08-15 06:52:32,428] {dag.py:2919} INFO - Setting next_dagrun for example_task_group to 2022-08-14T06:52:32.428416+00:00, run_after=2022-08-15T06:52:32.428416+00:00
[2022-08-15 06:52:32,447] {processor.py:161} INFO - Processing /home/airflow/.local/lib/python3.7/site-packages/airflow/example_dags/example_task_group.py took 0.137 seconds
[2022-08-15 22:13:25,799] {processor.py:153} INFO - Started process (PID=429) to work on /home/airflow/.local/lib/python3.7/site-packages/airflow/example_dags/example_task_group.py
[2022-08-15 22:13:25,801] {processor.py:641} INFO - Processing file /home/airflow/.local/lib/python3.7/site-packages/airflow/example_dags/example_task_group.py for tasks to queue
[2022-08-15 22:13:25,803] {logging_mixin.py:115} INFO - [2022-08-15 22:13:25,803] {dagbag.py:507} INFO - Filling up the DagBag from /home/airflow/.local/lib/python3.7/site-packages/airflow/example_dags/example_task_group.py
[2022-08-15 22:13:25,814] {processor.py:651} INFO - DAG(s) dict_keys(['example_task_group']) retrieved from /home/airflow/.local/lib/python3.7/site-packages/airflow/example_dags/example_task_group.py
[2022-08-15 22:13:25,891] {logging_mixin.py:115} INFO - [2022-08-15 22:13:25,891] {dag.py:2371} INFO - Sync 1 DAGs
[2022-08-15 22:13:25,938] {logging_mixin.py:115} INFO - [2022-08-15 22:13:25,938] {dag.py:2919} INFO - Setting next_dagrun for example_task_group to 2022-08-14T22:13:25.938007+00:00, run_after=2022-08-15T22:13:25.938007+00:00
[2022-08-15 22:13:25,965] {processor.py:161} INFO - Processing /home/airflow/.local/lib/python3.7/site-packages/airflow/example_dags/example_task_group.py took 0.172 seconds
[2022-08-15 22:13:56,352] {processor.py:153} INFO - Started process (PID=497) to work on /home/airflow/.local/lib/python3.7/site-packages/airflow/example_dags/example_task_group.py
[2022-08-15 22:13:56,354] {processor.py:641} INFO - Processing file /home/airflow/.local/lib/python3.7/site-packages/airflow/example_dags/example_task_group.py for tasks to queue
[2022-08-15 22:13:56,355] {logging_mixin.py:115} INFO - [2022-08-15 22:13:56,355] {dagbag.py:507} INFO - Filling up the DagBag from /home/airflow/.local/lib/python3.7/site-packages/airflow/example_dags/example_task_group.py
[2022-08-15 22:13:56,370] {processor.py:651} INFO - DAG(s) dict_keys(['example_task_group']) retrieved from /home/airflow/.local/lib/python3.7/site-packages/airflow/example_dags/example_task_group.py
[2022-08-15 22:13:56,423] {logging_mixin.py:115} INFO - [2022-08-15 22:13:56,423] {dag.py:2371} INFO - Sync 1 DAGs
[2022-08-15 22:13:56,466] {logging_mixin.py:115} INFO - [2022-08-15 22:13:56,465] {dag.py:2919} INFO - Setting next_dagrun for example_task_group to 2022-08-14T22:13:56.465523+00:00, run_after=2022-08-15T22:13:56.465523+00:00
[2022-08-15 22:13:56,486] {processor.py:161} INFO - Processing /home/airflow/.local/lib/python3.7/site-packages/airflow/example_dags/example_task_group.py took 0.142 seconds
