[2022-08-15 00:52:01,391] {processor.py:153} INFO - Started process (PID=220) to work on /home/airflow/.local/lib/python3.7/site-packages/airflow/example_dags/example_sla_dag.py
[2022-08-15 00:52:01,393] {processor.py:641} INFO - Processing file /home/airflow/.local/lib/python3.7/site-packages/airflow/example_dags/example_sla_dag.py for tasks to queue
[2022-08-15 00:52:01,394] {logging_mixin.py:115} INFO - [2022-08-15 00:52:01,394] {dagbag.py:507} INFO - Filling up the DagBag from /home/airflow/.local/lib/python3.7/site-packages/airflow/example_dags/example_sla_dag.py
[2022-08-15 00:52:01,442] {processor.py:651} INFO - DAG(s) dict_keys(['example_sla_dag']) retrieved from /home/airflow/.local/lib/python3.7/site-packages/airflow/example_dags/example_sla_dag.py
[2022-08-15 00:52:01,497] {logging_mixin.py:115} INFO - [2022-08-15 00:52:01,497] {dag.py:2371} INFO - Sync 1 DAGs
[2022-08-15 00:52:01,572] {logging_mixin.py:115} INFO - [2022-08-15 00:52:01,572] {dag.py:2919} INFO - Setting next_dagrun for example_sla_dag to 2022-08-15T00:50:00+00:00, run_after=2022-08-15T00:52:00+00:00
[2022-08-15 00:52:01,595] {processor.py:161} INFO - Processing /home/airflow/.local/lib/python3.7/site-packages/airflow/example_dags/example_sla_dag.py took 0.210 seconds
[2022-08-15 04:52:16,003] {processor.py:153} INFO - Started process (PID=304) to work on /home/airflow/.local/lib/python3.7/site-packages/airflow/example_dags/example_sla_dag.py
[2022-08-15 04:52:16,005] {processor.py:641} INFO - Processing file /home/airflow/.local/lib/python3.7/site-packages/airflow/example_dags/example_sla_dag.py for tasks to queue
[2022-08-15 04:52:16,006] {logging_mixin.py:115} INFO - [2022-08-15 04:52:16,006] {dagbag.py:507} INFO - Filling up the DagBag from /home/airflow/.local/lib/python3.7/site-packages/airflow/example_dags/example_sla_dag.py
[2022-08-15 04:52:16,032] {processor.py:651} INFO - DAG(s) dict_keys(['example_sla_dag']) retrieved from /home/airflow/.local/lib/python3.7/site-packages/airflow/example_dags/example_sla_dag.py
[2022-08-15 04:52:16,065] {logging_mixin.py:115} INFO - [2022-08-15 04:52:16,065] {dag.py:2371} INFO - Sync 1 DAGs
[2022-08-15 04:52:16,098] {logging_mixin.py:115} INFO - [2022-08-15 04:52:16,097] {dag.py:2919} INFO - Setting next_dagrun for example_sla_dag to 2022-08-15T04:50:00+00:00, run_after=2022-08-15T04:52:00+00:00
[2022-08-15 04:52:16,115] {processor.py:161} INFO - Processing /home/airflow/.local/lib/python3.7/site-packages/airflow/example_dags/example_sla_dag.py took 0.116 seconds
[2022-08-15 06:52:32,434] {processor.py:153} INFO - Started process (PID=362) to work on /home/airflow/.local/lib/python3.7/site-packages/airflow/example_dags/example_sla_dag.py
[2022-08-15 06:52:32,435] {processor.py:641} INFO - Processing file /home/airflow/.local/lib/python3.7/site-packages/airflow/example_dags/example_sla_dag.py for tasks to queue
[2022-08-15 06:52:32,436] {logging_mixin.py:115} INFO - [2022-08-15 06:52:32,436] {dagbag.py:507} INFO - Filling up the DagBag from /home/airflow/.local/lib/python3.7/site-packages/airflow/example_dags/example_sla_dag.py
[2022-08-15 06:52:32,458] {processor.py:651} INFO - DAG(s) dict_keys(['example_sla_dag']) retrieved from /home/airflow/.local/lib/python3.7/site-packages/airflow/example_dags/example_sla_dag.py
[2022-08-15 06:52:32,486] {logging_mixin.py:115} INFO - [2022-08-15 06:52:32,486] {dag.py:2371} INFO - Sync 1 DAGs
[2022-08-15 06:52:32,513] {logging_mixin.py:115} INFO - [2022-08-15 06:52:32,512] {dag.py:2919} INFO - Setting next_dagrun for example_sla_dag to 2022-08-15T06:50:00+00:00, run_after=2022-08-15T06:52:00+00:00
[2022-08-15 06:52:32,528] {processor.py:161} INFO - Processing /home/airflow/.local/lib/python3.7/site-packages/airflow/example_dags/example_sla_dag.py took 0.098 seconds
[2022-08-15 22:13:25,867] {processor.py:153} INFO - Started process (PID=430) to work on /home/airflow/.local/lib/python3.7/site-packages/airflow/example_dags/example_sla_dag.py
[2022-08-15 22:13:25,869] {processor.py:641} INFO - Processing file /home/airflow/.local/lib/python3.7/site-packages/airflow/example_dags/example_sla_dag.py for tasks to queue
[2022-08-15 22:13:25,871] {logging_mixin.py:115} INFO - [2022-08-15 22:13:25,870] {dagbag.py:507} INFO - Filling up the DagBag from /home/airflow/.local/lib/python3.7/site-packages/airflow/example_dags/example_sla_dag.py
[2022-08-15 22:13:25,902] {processor.py:651} INFO - DAG(s) dict_keys(['example_sla_dag']) retrieved from /home/airflow/.local/lib/python3.7/site-packages/airflow/example_dags/example_sla_dag.py
[2022-08-15 22:13:25,948] {logging_mixin.py:115} INFO - [2022-08-15 22:13:25,948] {dag.py:2371} INFO - Sync 1 DAGs
[2022-08-15 22:13:25,992] {logging_mixin.py:115} INFO - [2022-08-15 22:13:25,992] {dag.py:2919} INFO - Setting next_dagrun for example_sla_dag to 2022-08-15T22:10:00+00:00, run_after=2022-08-15T22:12:00+00:00
[2022-08-15 22:13:26,007] {processor.py:161} INFO - Processing /home/airflow/.local/lib/python3.7/site-packages/airflow/example_dags/example_sla_dag.py took 0.146 seconds
[2022-08-15 22:13:56,486] {processor.py:153} INFO - Started process (PID=498) to work on /home/airflow/.local/lib/python3.7/site-packages/airflow/example_dags/example_sla_dag.py
[2022-08-15 22:13:56,489] {processor.py:641} INFO - Processing file /home/airflow/.local/lib/python3.7/site-packages/airflow/example_dags/example_sla_dag.py for tasks to queue
[2022-08-15 22:13:56,495] {logging_mixin.py:115} INFO - [2022-08-15 22:13:56,494] {dagbag.py:507} INFO - Filling up the DagBag from /home/airflow/.local/lib/python3.7/site-packages/airflow/example_dags/example_sla_dag.py
[2022-08-15 22:13:56,537] {processor.py:651} INFO - DAG(s) dict_keys(['example_sla_dag']) retrieved from /home/airflow/.local/lib/python3.7/site-packages/airflow/example_dags/example_sla_dag.py
[2022-08-15 22:13:56,637] {logging_mixin.py:115} INFO - [2022-08-15 22:13:56,637] {dag.py:2371} INFO - Sync 1 DAGs
[2022-08-15 22:13:56,768] {logging_mixin.py:115} INFO - [2022-08-15 22:13:56,767] {dag.py:2919} INFO - Setting next_dagrun for example_sla_dag to 2022-08-15T22:10:00+00:00, run_after=2022-08-15T22:12:00+00:00
[2022-08-15 22:13:56,790] {processor.py:161} INFO - Processing /home/airflow/.local/lib/python3.7/site-packages/airflow/example_dags/example_sla_dag.py took 0.310 seconds
