[2022-07-27 21:24:04,713] {taskinstance.py:1159} INFO - Dependencies all met for <TaskInstance: xcom_dag.downloading_data manual__2022-07-27T21:24:03.887400+00:00 [queued]>
[2022-07-27 21:24:04,724] {taskinstance.py:1159} INFO - Dependencies all met for <TaskInstance: xcom_dag.downloading_data manual__2022-07-27T21:24:03.887400+00:00 [queued]>
[2022-07-27 21:24:04,724] {taskinstance.py:1356} INFO - 
--------------------------------------------------------------------------------
[2022-07-27 21:24:04,725] {taskinstance.py:1357} INFO - Starting attempt 1 of 1
[2022-07-27 21:24:04,725] {taskinstance.py:1358} INFO - 
--------------------------------------------------------------------------------
[2022-07-27 21:24:04,739] {taskinstance.py:1377} INFO - Executing <Task(BashOperator): downloading_data> on 2022-07-27 21:24:03.887400+00:00
[2022-07-27 21:24:04,744] {standard_task_runner.py:52} INFO - Started process 5040 to run task
[2022-07-27 21:24:04,748] {standard_task_runner.py:79} INFO - Running: ['***', 'tasks', 'run', 'xcom_dag', 'downloading_data', 'manual__2022-07-27T21:24:03.887400+00:00', '--job-id', '205', '--raw', '--subdir', 'DAGS_FOLDER/xcom_dag.py', '--cfg-path', '/tmp/tmpvwu284dn', '--error-file', '/tmp/tmpz0m13ep_']
[2022-07-27 21:24:04,748] {standard_task_runner.py:80} INFO - Job 205: Subtask downloading_data
[2022-07-27 21:24:04,804] {task_command.py:369} INFO - Running <TaskInstance: xcom_dag.downloading_data manual__2022-07-27T21:24:03.887400+00:00 [running]> on host 8694d477c774
[2022-07-27 21:24:04,874] {taskinstance.py:1571} INFO - Exporting the following env vars:
AIRFLOW_CTX_DAG_OWNER=***
AIRFLOW_CTX_DAG_ID=xcom_dag
AIRFLOW_CTX_TASK_ID=downloading_data
AIRFLOW_CTX_EXECUTION_DATE=2022-07-27T21:24:03.887400+00:00
AIRFLOW_CTX_TRY_NUMBER=1
AIRFLOW_CTX_DAG_RUN_ID=manual__2022-07-27T21:24:03.887400+00:00
[2022-07-27 21:24:04,876] {subprocess.py:62} INFO - Tmp dir root location: 
 /tmp
[2022-07-27 21:24:04,877] {subprocess.py:74} INFO - Running command: ['bash', '-c', 'sleep 3']
[2022-07-27 21:24:04,887] {subprocess.py:85} INFO - Output:
[2022-07-27 21:24:07,869] {subprocess.py:96} INFO - Command exited with return code 0
[2022-07-27 21:24:07,902] {taskinstance.py:1400} INFO - Marking task as SUCCESS. dag_id=xcom_dag, task_id=downloading_data, execution_date=20220727T212403, start_date=20220727T212404, end_date=20220727T212407
[2022-07-27 21:24:07,925] {local_task_job.py:156} INFO - Task exited with return code 0
[2022-07-27 21:24:07,971] {local_task_job.py:273} INFO - 0 downstream tasks scheduled from follow-on schedule check
