[2022-07-28 13:06:17,360] {taskinstance.py:1159} INFO - Dependencies all met for <TaskInstance: xcom_dag.processing_tasks.training_model_a scheduled__2022-07-27T00:00:00+00:00 [queued]>
[2022-07-28 13:06:17,371] {taskinstance.py:1159} INFO - Dependencies all met for <TaskInstance: xcom_dag.processing_tasks.training_model_a scheduled__2022-07-27T00:00:00+00:00 [queued]>
[2022-07-28 13:06:17,372] {taskinstance.py:1356} INFO - 
--------------------------------------------------------------------------------
[2022-07-28 13:06:17,373] {taskinstance.py:1357} INFO - Starting attempt 1 of 1
[2022-07-28 13:06:17,373] {taskinstance.py:1358} INFO - 
--------------------------------------------------------------------------------
[2022-07-28 13:06:17,370] {taskinstance.py:1377} INFO - Executing <Task(PythonOperator): processing_tasks.training_model_a> on 2022-07-27 00:00:00+00:00
[2022-07-28 13:06:17,375] {standard_task_runner.py:52} INFO - Started process 1904 to run task
[2022-07-28 13:06:17,380] {standard_task_runner.py:79} INFO - Running: ['***', 'tasks', 'run', 'xcom_dag', 'processing_tasks.training_model_a', 'scheduled__2022-07-27T00:00:00+00:00', '--job-id', '237', '--raw', '--subdir', 'DAGS_FOLDER/xcom_dag.py', '--cfg-path', '/tmp/tmpce22h9l_', '--error-file', '/tmp/tmpu5oknumd']
[2022-07-28 13:06:17,381] {standard_task_runner.py:80} INFO - Job 237: Subtask processing_tasks.training_model_a
[2022-07-28 13:06:17,445] {task_command.py:369} INFO - Running <TaskInstance: xcom_dag.processing_tasks.training_model_a scheduled__2022-07-27T00:00:00+00:00 [running]> on host 2525a2c6e2b8
[2022-07-28 13:06:17,534] {taskinstance.py:1571} INFO - Exporting the following env vars:
AIRFLOW_CTX_DAG_OWNER=***
AIRFLOW_CTX_DAG_ID=xcom_dag
AIRFLOW_CTX_TASK_ID=processing_tasks.training_model_a
AIRFLOW_CTX_EXECUTION_DATE=2022-07-27T00:00:00+00:00
AIRFLOW_CTX_TRY_NUMBER=1
AIRFLOW_CTX_DAG_RUN_ID=scheduled__2022-07-27T00:00:00+00:00
[2022-07-28 13:06:17,536] {logging_mixin.py:115} INFO - model's accuracy: 8.189442873982744
[2022-07-28 13:06:17,551] {python.py:173} INFO - Done. Returned value was: None
[2022-07-28 13:06:17,565] {taskinstance.py:1400} INFO - Marking task as SUCCESS. dag_id=xcom_dag, task_id=processing_tasks.training_model_a, execution_date=20220727T000000, start_date=20220728T130617, end_date=20220728T130617
[2022-07-28 13:06:17,592] {local_task_job.py:156} INFO - Task exited with return code 0
[2022-07-28 13:06:17,632] {local_task_job.py:273} INFO - 0 downstream tasks scheduled from follow-on schedule check
