[2022-07-25 20:41:07,268] {taskinstance.py:1159} INFO - Dependencies all met for <TaskInstance: subdag_parallel.extract_b scheduled__2022-07-24T00:00:00+00:00 [queued]>
[2022-07-25 20:41:07,278] {taskinstance.py:1159} INFO - Dependencies all met for <TaskInstance: subdag_parallel.extract_b scheduled__2022-07-24T00:00:00+00:00 [queued]>
[2022-07-25 20:41:07,278] {taskinstance.py:1356} INFO - 
--------------------------------------------------------------------------------
[2022-07-25 20:41:07,279] {taskinstance.py:1357} INFO - Starting attempt 1 of 1
[2022-07-25 20:41:07,279] {taskinstance.py:1358} INFO - 
--------------------------------------------------------------------------------
[2022-07-25 20:41:07,292] {taskinstance.py:1377} INFO - Executing <Task(BashOperator): extract_b> on 2022-07-24 00:00:00+00:00
[2022-07-25 20:41:07,296] {standard_task_runner.py:52} INFO - Started process 10512 to run task
[2022-07-25 20:41:07,300] {standard_task_runner.py:79} INFO - Running: ['***', 'tasks', 'run', 'subdag_parallel', 'extract_b', 'scheduled__2022-07-24T00:00:00+00:00', '--job-id', '115', '--raw', '--subdir', 'DAGS_FOLDER/sub_dag_parallel.py', '--cfg-path', '/tmp/tmpdj9vud2w', '--error-file', '/tmp/tmpfwsw9vol']
[2022-07-25 20:41:07,300] {standard_task_runner.py:80} INFO - Job 115: Subtask extract_b
[2022-07-25 20:41:07,361] {task_command.py:369} INFO - Running <TaskInstance: subdag_parallel.extract_b scheduled__2022-07-24T00:00:00+00:00 [running]> on host 8694d477c774
[2022-07-25 20:41:07,440] {taskinstance.py:1571} INFO - Exporting the following env vars:
AIRFLOW_CTX_DAG_OWNER=***
AIRFLOW_CTX_DAG_ID=subdag_parallel
AIRFLOW_CTX_TASK_ID=extract_b
AIRFLOW_CTX_EXECUTION_DATE=2022-07-24T00:00:00+00:00
AIRFLOW_CTX_TRY_NUMBER=1
AIRFLOW_CTX_DAG_RUN_ID=scheduled__2022-07-24T00:00:00+00:00
[2022-07-25 20:41:07,442] {subprocess.py:62} INFO - Tmp dir root location: 
 /tmp
[2022-07-25 20:41:07,443] {subprocess.py:74} INFO - Running command: ['bash', '-c', 'sleep 1']
[2022-07-25 20:41:07,455] {subprocess.py:85} INFO - Output:
[2022-07-25 20:41:08,459] {subprocess.py:96} INFO - Command exited with return code 0
[2022-07-25 20:41:08,490] {taskinstance.py:1400} INFO - Marking task as SUCCESS. dag_id=subdag_parallel, task_id=extract_b, execution_date=20220724T000000, start_date=20220725T204107, end_date=20220725T204108
[2022-07-25 20:41:08,525] {local_task_job.py:156} INFO - Task exited with return code 0
[2022-07-25 20:41:08,567] {local_task_job.py:273} INFO - 1 downstream tasks scheduled from follow-on schedule check
