[2022-08-14 13:48:56,920] {taskinstance.py:1159} INFO - Dependencies all met for <TaskInstance: xcom_dag.downloading_data scheduled__2022-08-12T00:00:00+00:00 [queued]>
[2022-08-14 13:48:56,976] {taskinstance.py:1159} INFO - Dependencies all met for <TaskInstance: xcom_dag.downloading_data scheduled__2022-08-12T00:00:00+00:00 [queued]>
[2022-08-14 13:48:56,978] {taskinstance.py:1356} INFO - 
--------------------------------------------------------------------------------
[2022-08-14 13:48:56,980] {taskinstance.py:1357} INFO - Starting attempt 1 of 1
[2022-08-14 13:48:56,981] {taskinstance.py:1358} INFO - 
--------------------------------------------------------------------------------
[2022-08-14 13:48:57,121] {taskinstance.py:1377} INFO - Executing <Task(BashOperator): downloading_data> on 2022-08-12 00:00:00+00:00
[2022-08-14 13:48:57,164] {standard_task_runner.py:52} INFO - Started process 9745 to run task
[2022-08-14 13:48:57,196] {standard_task_runner.py:79} INFO - Running: ['***', 'tasks', 'run', 'xcom_dag', 'downloading_data', 'scheduled__2022-08-12T00:00:00+00:00', '--job-id', '396', '--raw', '--subdir', 'DAGS_FOLDER/xcom_dag.py', '--cfg-path', '/tmp/tmpr6buzq4g', '--error-file', '/tmp/tmprbsitiht']
[2022-08-14 13:48:57,208] {standard_task_runner.py:80} INFO - Job 396: Subtask downloading_data
[2022-08-14 13:48:57,910] {task_command.py:369} INFO - Running <TaskInstance: xcom_dag.downloading_data scheduled__2022-08-12T00:00:00+00:00 [running]> on host a1c9528fe5e1
[2022-08-14 13:48:58,616] {taskinstance.py:1571} INFO - Exporting the following env vars:
AIRFLOW_CTX_DAG_OWNER=***
AIRFLOW_CTX_DAG_ID=xcom_dag
AIRFLOW_CTX_TASK_ID=downloading_data
AIRFLOW_CTX_EXECUTION_DATE=2022-08-12T00:00:00+00:00
AIRFLOW_CTX_TRY_NUMBER=1
AIRFLOW_CTX_DAG_RUN_ID=scheduled__2022-08-12T00:00:00+00:00
[2022-08-14 13:48:58,639] {subprocess.py:62} INFO - Tmp dir root location: 
 /tmp
[2022-08-14 13:48:58,662] {subprocess.py:74} INFO - Running command: ['bash', '-c', 'sleep 3']
[2022-08-14 13:48:59,003] {subprocess.py:85} INFO - Output:
[2022-08-14 13:49:02,113] {subprocess.py:96} INFO - Command exited with return code 0
[2022-08-14 13:49:02,455] {taskinstance.py:1400} INFO - Marking task as SUCCESS. dag_id=xcom_dag, task_id=downloading_data, execution_date=20220812T000000, start_date=20220814T134856, end_date=20220814T134902
[2022-08-14 13:49:02,729] {local_task_job.py:156} INFO - Task exited with return code 0
[2022-08-14 13:49:03,308] {local_task_job.py:273} INFO - 3 downstream tasks scheduled from follow-on schedule check
