[2022-07-27 18:11:12,354] {taskinstance.py:1159} INFO - Dependencies all met for <TaskInstance: xcom_dag.processing_tasks.training_model_b manual__2022-07-27T18:11:07.380399+00:00 [queued]>
[2022-07-27 18:11:12,369] {taskinstance.py:1159} INFO - Dependencies all met for <TaskInstance: xcom_dag.processing_tasks.training_model_b manual__2022-07-27T18:11:07.380399+00:00 [queued]>
[2022-07-27 18:11:12,370] {taskinstance.py:1356} INFO - 
--------------------------------------------------------------------------------
[2022-07-27 18:11:12,371] {taskinstance.py:1357} INFO - Starting attempt 1 of 1
[2022-07-27 18:11:12,371] {taskinstance.py:1358} INFO - 
--------------------------------------------------------------------------------
[2022-07-27 18:11:12,385] {taskinstance.py:1377} INFO - Executing <Task(PythonOperator): processing_tasks.training_model_b> on 2022-07-27 18:11:07.380399+00:00
[2022-07-27 18:11:12,390] {standard_task_runner.py:52} INFO - Started process 35087 to run task
[2022-07-27 18:11:12,396] {standard_task_runner.py:79} INFO - Running: ['***', 'tasks', 'run', 'xcom_dag', 'processing_tasks.training_model_b', 'manual__2022-07-27T18:11:07.380399+00:00', '--job-id', '165', '--raw', '--subdir', 'DAGS_FOLDER/xcom_dag.py', '--cfg-path', '/tmp/tmpq7vy3qnk', '--error-file', '/tmp/tmpa7d0_5bn']
[2022-07-27 18:11:12,396] {standard_task_runner.py:80} INFO - Job 165: Subtask processing_tasks.training_model_b
[2022-07-27 18:11:12,473] {task_command.py:369} INFO - Running <TaskInstance: xcom_dag.processing_tasks.training_model_b manual__2022-07-27T18:11:07.380399+00:00 [running]> on host 8694d477c774
[2022-07-27 18:11:12,570] {taskinstance.py:1571} INFO - Exporting the following env vars:
AIRFLOW_CTX_DAG_OWNER=***
AIRFLOW_CTX_DAG_ID=xcom_dag
AIRFLOW_CTX_TASK_ID=processing_tasks.training_model_b
AIRFLOW_CTX_EXECUTION_DATE=2022-07-27T18:11:07.380399+00:00
AIRFLOW_CTX_TRY_NUMBER=1
AIRFLOW_CTX_DAG_RUN_ID=manual__2022-07-27T18:11:07.380399+00:00
[2022-07-27 18:11:12,573] {logging_mixin.py:115} INFO - model's accuracy: 3.259094588307356
[2022-07-27 18:11:12,598] {python.py:173} INFO - Done. Returned value was: None
[2022-07-27 18:11:12,621] {taskinstance.py:1400} INFO - Marking task as SUCCESS. dag_id=xcom_dag, task_id=processing_tasks.training_model_b, execution_date=20220727T181107, start_date=20220727T181112, end_date=20220727T181112
[2022-07-27 18:11:12,648] {local_task_job.py:156} INFO - Task exited with return code 0
[2022-07-27 18:11:12,685] {local_task_job.py:273} INFO - 1 downstream tasks scheduled from follow-on schedule check
