[2022-07-27 20:37:47,385] {taskinstance.py:1159} INFO - Dependencies all met for <TaskInstance: xcom_dag.processing_tasks.training_model_a manual__2022-07-27T20:37:42.272143+00:00 [queued]>
[2022-07-27 20:37:47,400] {taskinstance.py:1159} INFO - Dependencies all met for <TaskInstance: xcom_dag.processing_tasks.training_model_a manual__2022-07-27T20:37:42.272143+00:00 [queued]>
[2022-07-27 20:37:47,401] {taskinstance.py:1356} INFO - 
--------------------------------------------------------------------------------
[2022-07-27 20:37:47,402] {taskinstance.py:1357} INFO - Starting attempt 1 of 1
[2022-07-27 20:37:47,403] {taskinstance.py:1358} INFO - 
--------------------------------------------------------------------------------
[2022-07-27 20:37:47,416] {taskinstance.py:1377} INFO - Executing <Task(PythonOperator): processing_tasks.training_model_a> on 2022-07-27 20:37:42.272143+00:00
[2022-07-27 20:37:47,423] {standard_task_runner.py:52} INFO - Started process 2797 to run task
[2022-07-27 20:37:47,427] {standard_task_runner.py:79} INFO - Running: ['***', 'tasks', 'run', 'xcom_dag', 'processing_tasks.training_model_a', 'manual__2022-07-27T20:37:42.272143+00:00', '--job-id', '181', '--raw', '--subdir', 'DAGS_FOLDER/xcom_dag.py', '--cfg-path', '/tmp/tmpi28sjene', '--error-file', '/tmp/tmp54yyuo2m']
[2022-07-27 20:37:47,428] {standard_task_runner.py:80} INFO - Job 181: Subtask processing_tasks.training_model_a
[2022-07-27 20:37:47,487] {task_command.py:369} INFO - Running <TaskInstance: xcom_dag.processing_tasks.training_model_a manual__2022-07-27T20:37:42.272143+00:00 [running]> on host 8694d477c774
[2022-07-27 20:37:47,557] {taskinstance.py:1571} INFO - Exporting the following env vars:
AIRFLOW_CTX_DAG_OWNER=***
AIRFLOW_CTX_DAG_ID=xcom_dag
AIRFLOW_CTX_TASK_ID=processing_tasks.training_model_a
AIRFLOW_CTX_EXECUTION_DATE=2022-07-27T20:37:42.272143+00:00
AIRFLOW_CTX_TRY_NUMBER=1
AIRFLOW_CTX_DAG_RUN_ID=manual__2022-07-27T20:37:42.272143+00:00
[2022-07-27 20:37:47,570] {logging_mixin.py:115} INFO - model's accuracy: 3.574543581043736
[2022-07-27 20:37:47,585] {python.py:173} INFO - Done. Returned value was: None
[2022-07-27 20:37:47,598] {taskinstance.py:1400} INFO - Marking task as SUCCESS. dag_id=xcom_dag, task_id=processing_tasks.training_model_a, execution_date=20220727T203742, start_date=20220727T203747, end_date=20220727T203747
[2022-07-27 20:37:47,641] {local_task_job.py:156} INFO - Task exited with return code 0
[2022-07-27 20:37:47,678] {local_task_job.py:273} INFO - 0 downstream tasks scheduled from follow-on schedule check
