[2022-08-10 01:45:20,747] {taskinstance.py:1159} INFO - Dependencies all met for <TaskInstance: xcom_dag.processing_tasks.training_model_b scheduled__2022-08-05T00:00:00+00:00 [queued]>
[2022-08-10 01:45:20,785] {taskinstance.py:1159} INFO - Dependencies all met for <TaskInstance: xcom_dag.processing_tasks.training_model_b scheduled__2022-08-05T00:00:00+00:00 [queued]>
[2022-08-10 01:45:20,787] {taskinstance.py:1356} INFO - 
--------------------------------------------------------------------------------
[2022-08-10 01:45:20,789] {taskinstance.py:1357} INFO - Starting attempt 1 of 1
[2022-08-10 01:45:20,791] {taskinstance.py:1358} INFO - 
--------------------------------------------------------------------------------
[2022-08-10 01:45:20,865] {taskinstance.py:1377} INFO - Executing <Task(PythonOperator): processing_tasks.training_model_b> on 2022-08-05 00:00:00+00:00
[2022-08-10 01:45:20,891] {standard_task_runner.py:52} INFO - Started process 117 to run task
[2022-08-10 01:45:20,906] {standard_task_runner.py:79} INFO - Running: ['***', 'tasks', 'run', 'xcom_dag', 'processing_tasks.training_model_b', 'scheduled__2022-08-05T00:00:00+00:00', '--job-id', '329', '--raw', '--subdir', 'DAGS_FOLDER/xcom_dag.py', '--cfg-path', '/tmp/tmp001bqmf5', '--error-file', '/tmp/tmpt9_zqzz6']
[2022-08-10 01:45:20,909] {standard_task_runner.py:80} INFO - Job 329: Subtask processing_tasks.training_model_b
[2022-08-10 01:45:21,138] {task_command.py:369} INFO - Running <TaskInstance: xcom_dag.processing_tasks.training_model_b scheduled__2022-08-05T00:00:00+00:00 [running]> on host 531c07ae0142
[2022-08-10 01:45:21,581] {taskinstance.py:1571} INFO - Exporting the following env vars:
AIRFLOW_CTX_DAG_OWNER=***
AIRFLOW_CTX_DAG_ID=xcom_dag
AIRFLOW_CTX_TASK_ID=processing_tasks.training_model_b
AIRFLOW_CTX_EXECUTION_DATE=2022-08-05T00:00:00+00:00
AIRFLOW_CTX_TRY_NUMBER=1
AIRFLOW_CTX_DAG_RUN_ID=scheduled__2022-08-05T00:00:00+00:00
[2022-08-10 01:45:21,587] {logging_mixin.py:115} INFO - model's accuracy: 2.5197085179826963
[2022-08-10 01:45:21,664] {python.py:173} INFO - Done. Returned value was: None
[2022-08-10 01:45:21,715] {taskinstance.py:1400} INFO - Marking task as SUCCESS. dag_id=xcom_dag, task_id=processing_tasks.training_model_b, execution_date=20220805T000000, start_date=20220810T014520, end_date=20220810T014521
[2022-08-10 01:45:21,779] {local_task_job.py:156} INFO - Task exited with return code 0
[2022-08-10 01:45:21,895] {local_task_job.py:273} INFO - 0 downstream tasks scheduled from follow-on schedule check
