[2022-07-28 13:06:17,284] {taskinstance.py:1159} INFO - Dependencies all met for <TaskInstance: xcom_dag.processing_tasks.training_model_c scheduled__2022-07-27T00:00:00+00:00 [queued]>
[2022-07-28 13:06:17,294] {taskinstance.py:1159} INFO - Dependencies all met for <TaskInstance: xcom_dag.processing_tasks.training_model_c scheduled__2022-07-27T00:00:00+00:00 [queued]>
[2022-07-28 13:06:17,295] {taskinstance.py:1356} INFO - 
--------------------------------------------------------------------------------
[2022-07-28 13:06:17,295] {taskinstance.py:1357} INFO - Starting attempt 1 of 1
[2022-07-28 13:06:17,296] {taskinstance.py:1358} INFO - 
--------------------------------------------------------------------------------
[2022-07-28 13:06:17,311] {taskinstance.py:1377} INFO - Executing <Task(PythonOperator): processing_tasks.training_model_c> on 2022-07-27 00:00:00+00:00
[2022-07-28 13:06:17,317] {standard_task_runner.py:52} INFO - Started process 1902 to run task
[2022-07-28 13:06:17,322] {standard_task_runner.py:79} INFO - Running: ['***', 'tasks', 'run', 'xcom_dag', 'processing_tasks.training_model_c', 'scheduled__2022-07-27T00:00:00+00:00', '--job-id', '235', '--raw', '--subdir', 'DAGS_FOLDER/xcom_dag.py', '--cfg-path', '/tmp/tmpzwmqr6f6', '--error-file', '/tmp/tmp4l1k105n']
[2022-07-28 13:06:17,323] {standard_task_runner.py:80} INFO - Job 235: Subtask processing_tasks.training_model_c
[2022-07-28 13:06:17,367] {task_command.py:369} INFO - Running <TaskInstance: xcom_dag.processing_tasks.training_model_c scheduled__2022-07-27T00:00:00+00:00 [running]> on host 2525a2c6e2b8
[2022-07-28 13:06:17,470] {taskinstance.py:1571} INFO - Exporting the following env vars:
AIRFLOW_CTX_DAG_OWNER=***
AIRFLOW_CTX_DAG_ID=xcom_dag
AIRFLOW_CTX_TASK_ID=processing_tasks.training_model_c
AIRFLOW_CTX_EXECUTION_DATE=2022-07-27T00:00:00+00:00
AIRFLOW_CTX_TRY_NUMBER=1
AIRFLOW_CTX_DAG_RUN_ID=scheduled__2022-07-27T00:00:00+00:00
[2022-07-28 13:06:17,472] {logging_mixin.py:115} INFO - model's accuracy: 3.7969866385448428
[2022-07-28 13:06:17,487] {python.py:173} INFO - Done. Returned value was: None
[2022-07-28 13:06:17,502] {taskinstance.py:1400} INFO - Marking task as SUCCESS. dag_id=xcom_dag, task_id=processing_tasks.training_model_c, execution_date=20220727T000000, start_date=20220728T130617, end_date=20220728T130617
[2022-07-28 13:06:17,553] {local_task_job.py:156} INFO - Task exited with return code 0
[2022-07-28 13:06:17,598] {local_task_job.py:273} INFO - 1 downstream tasks scheduled from follow-on schedule check
