[2022-07-30 00:59:37,138] {processor.py:153} INFO - Started process (PID=46617) to work on /home/airflow/.local/lib/python3.7/site-packages/airflow/example_dags/example_trigger_target_dag.py
[2022-07-30 00:59:37,141] {processor.py:641} INFO - Processing file /home/airflow/.local/lib/python3.7/site-packages/airflow/example_dags/example_trigger_target_dag.py for tasks to queue
[2022-07-30 00:59:37,142] {logging_mixin.py:115} INFO - [2022-07-30 00:59:37,142] {dagbag.py:507} INFO - Filling up the DagBag from /home/airflow/.local/lib/python3.7/site-packages/airflow/example_dags/example_trigger_target_dag.py
[2022-07-30 00:59:37,171] {processor.py:651} INFO - DAG(s) dict_keys(['example_trigger_target_dag']) retrieved from /home/airflow/.local/lib/python3.7/site-packages/airflow/example_dags/example_trigger_target_dag.py
[2022-07-30 00:59:37,269] {logging_mixin.py:115} INFO - [2022-07-30 00:59:37,269] {dag.py:2371} INFO - Sync 1 DAGs
[2022-07-30 00:59:37,318] {logging_mixin.py:115} INFO - [2022-07-30 00:59:37,318] {dag.py:2919} INFO - Setting next_dagrun for example_trigger_target_dag to None, run_after=None
[2022-07-30 00:59:37,333] {processor.py:161} INFO - Processing /home/airflow/.local/lib/python3.7/site-packages/airflow/example_dags/example_trigger_target_dag.py took 0.205 seconds
[2022-07-30 12:58:39,107] {processor.py:153} INFO - Started process (PID=46664) to work on /home/airflow/.local/lib/python3.7/site-packages/airflow/example_dags/example_trigger_target_dag.py
[2022-07-30 12:58:39,108] {processor.py:641} INFO - Processing file /home/airflow/.local/lib/python3.7/site-packages/airflow/example_dags/example_trigger_target_dag.py for tasks to queue
[2022-07-30 12:58:39,110] {logging_mixin.py:115} INFO - [2022-07-30 12:58:39,110] {dagbag.py:507} INFO - Filling up the DagBag from /home/airflow/.local/lib/python3.7/site-packages/airflow/example_dags/example_trigger_target_dag.py
[2022-07-30 12:58:39,133] {processor.py:651} INFO - DAG(s) dict_keys(['example_trigger_target_dag']) retrieved from /home/airflow/.local/lib/python3.7/site-packages/airflow/example_dags/example_trigger_target_dag.py
[2022-07-30 12:58:39,173] {logging_mixin.py:115} INFO - [2022-07-30 12:58:39,173] {dag.py:2371} INFO - Sync 1 DAGs
[2022-07-30 12:58:39,199] {logging_mixin.py:115} INFO - [2022-07-30 12:58:39,199] {dag.py:2919} INFO - Setting next_dagrun for example_trigger_target_dag to None, run_after=None
[2022-07-30 12:58:39,215] {processor.py:161} INFO - Processing /home/airflow/.local/lib/python3.7/site-packages/airflow/example_dags/example_trigger_target_dag.py took 0.113 seconds
[2022-07-30 14:57:24,871] {processor.py:153} INFO - Started process (PID=46715) to work on /home/airflow/.local/lib/python3.7/site-packages/airflow/example_dags/example_trigger_target_dag.py
[2022-07-30 14:57:24,873] {processor.py:641} INFO - Processing file /home/airflow/.local/lib/python3.7/site-packages/airflow/example_dags/example_trigger_target_dag.py for tasks to queue
[2022-07-30 14:57:24,874] {logging_mixin.py:115} INFO - [2022-07-30 14:57:24,874] {dagbag.py:507} INFO - Filling up the DagBag from /home/airflow/.local/lib/python3.7/site-packages/airflow/example_dags/example_trigger_target_dag.py
[2022-07-30 14:57:24,895] {processor.py:651} INFO - DAG(s) dict_keys(['example_trigger_target_dag']) retrieved from /home/airflow/.local/lib/python3.7/site-packages/airflow/example_dags/example_trigger_target_dag.py
[2022-07-30 14:57:24,927] {logging_mixin.py:115} INFO - [2022-07-30 14:57:24,927] {dag.py:2371} INFO - Sync 1 DAGs
[2022-07-30 14:57:24,958] {logging_mixin.py:115} INFO - [2022-07-30 14:57:24,958] {dag.py:2919} INFO - Setting next_dagrun for example_trigger_target_dag to None, run_after=None
[2022-07-30 14:57:24,974] {processor.py:161} INFO - Processing /home/airflow/.local/lib/python3.7/site-packages/airflow/example_dags/example_trigger_target_dag.py took 0.107 seconds
[2022-07-30 14:57:55,585] {processor.py:153} INFO - Started process (PID=46775) to work on /home/airflow/.local/lib/python3.7/site-packages/airflow/example_dags/example_trigger_target_dag.py
[2022-07-30 14:57:55,586] {processor.py:641} INFO - Processing file /home/airflow/.local/lib/python3.7/site-packages/airflow/example_dags/example_trigger_target_dag.py for tasks to queue
[2022-07-30 14:57:55,587] {logging_mixin.py:115} INFO - [2022-07-30 14:57:55,587] {dagbag.py:507} INFO - Filling up the DagBag from /home/airflow/.local/lib/python3.7/site-packages/airflow/example_dags/example_trigger_target_dag.py
[2022-07-30 14:57:55,604] {processor.py:651} INFO - DAG(s) dict_keys(['example_trigger_target_dag']) retrieved from /home/airflow/.local/lib/python3.7/site-packages/airflow/example_dags/example_trigger_target_dag.py
[2022-07-30 14:57:55,631] {logging_mixin.py:115} INFO - [2022-07-30 14:57:55,631] {dag.py:2371} INFO - Sync 1 DAGs
[2022-07-30 14:57:55,652] {logging_mixin.py:115} INFO - [2022-07-30 14:57:55,652] {dag.py:2919} INFO - Setting next_dagrun for example_trigger_target_dag to None, run_after=None
[2022-07-30 14:57:55,662] {processor.py:161} INFO - Processing /home/airflow/.local/lib/python3.7/site-packages/airflow/example_dags/example_trigger_target_dag.py took 0.081 seconds
[2022-07-30 15:06:00,337] {processor.py:153} INFO - Started process (PID=46836) to work on /home/airflow/.local/lib/python3.7/site-packages/airflow/example_dags/example_trigger_target_dag.py
[2022-07-30 15:06:00,339] {processor.py:641} INFO - Processing file /home/airflow/.local/lib/python3.7/site-packages/airflow/example_dags/example_trigger_target_dag.py for tasks to queue
[2022-07-30 15:06:00,340] {logging_mixin.py:115} INFO - [2022-07-30 15:06:00,340] {dagbag.py:507} INFO - Filling up the DagBag from /home/airflow/.local/lib/python3.7/site-packages/airflow/example_dags/example_trigger_target_dag.py
[2022-07-30 15:06:00,365] {processor.py:651} INFO - DAG(s) dict_keys(['example_trigger_target_dag']) retrieved from /home/airflow/.local/lib/python3.7/site-packages/airflow/example_dags/example_trigger_target_dag.py
[2022-07-30 15:06:00,401] {logging_mixin.py:115} INFO - [2022-07-30 15:06:00,401] {dag.py:2371} INFO - Sync 1 DAGs
[2022-07-30 15:06:00,437] {logging_mixin.py:115} INFO - [2022-07-30 15:06:00,437] {dag.py:2919} INFO - Setting next_dagrun for example_trigger_target_dag to None, run_after=None
[2022-07-30 15:06:00,454] {processor.py:161} INFO - Processing /home/airflow/.local/lib/python3.7/site-packages/airflow/example_dags/example_trigger_target_dag.py took 0.122 seconds
[2022-07-30 15:58:03,268] {processor.py:153} INFO - Started process (PID=46888) to work on /home/airflow/.local/lib/python3.7/site-packages/airflow/example_dags/example_trigger_target_dag.py
[2022-07-30 15:58:03,269] {processor.py:641} INFO - Processing file /home/airflow/.local/lib/python3.7/site-packages/airflow/example_dags/example_trigger_target_dag.py for tasks to queue
[2022-07-30 15:58:03,270] {logging_mixin.py:115} INFO - [2022-07-30 15:58:03,270] {dagbag.py:507} INFO - Filling up the DagBag from /home/airflow/.local/lib/python3.7/site-packages/airflow/example_dags/example_trigger_target_dag.py
[2022-07-30 15:58:03,288] {processor.py:651} INFO - DAG(s) dict_keys(['example_trigger_target_dag']) retrieved from /home/airflow/.local/lib/python3.7/site-packages/airflow/example_dags/example_trigger_target_dag.py
[2022-07-30 15:58:03,317] {logging_mixin.py:115} INFO - [2022-07-30 15:58:03,317] {dag.py:2371} INFO - Sync 1 DAGs
[2022-07-30 15:58:03,337] {logging_mixin.py:115} INFO - [2022-07-30 15:58:03,336] {dag.py:2919} INFO - Setting next_dagrun for example_trigger_target_dag to None, run_after=None
[2022-07-30 15:58:03,348] {processor.py:161} INFO - Processing /home/airflow/.local/lib/python3.7/site-packages/airflow/example_dags/example_trigger_target_dag.py took 0.084 seconds
[2022-07-30 16:03:54,348] {processor.py:153} INFO - Started process (PID=46965) to work on /home/airflow/.local/lib/python3.7/site-packages/airflow/example_dags/example_trigger_target_dag.py
[2022-07-30 16:03:54,349] {processor.py:641} INFO - Processing file /home/airflow/.local/lib/python3.7/site-packages/airflow/example_dags/example_trigger_target_dag.py for tasks to queue
[2022-07-30 16:03:54,350] {logging_mixin.py:115} INFO - [2022-07-30 16:03:54,350] {dagbag.py:507} INFO - Filling up the DagBag from /home/airflow/.local/lib/python3.7/site-packages/airflow/example_dags/example_trigger_target_dag.py
[2022-07-30 16:03:54,371] {processor.py:651} INFO - DAG(s) dict_keys(['example_trigger_target_dag']) retrieved from /home/airflow/.local/lib/python3.7/site-packages/airflow/example_dags/example_trigger_target_dag.py
[2022-07-30 16:03:54,399] {logging_mixin.py:115} INFO - [2022-07-30 16:03:54,399] {dag.py:2371} INFO - Sync 1 DAGs
[2022-07-30 16:03:54,421] {logging_mixin.py:115} INFO - [2022-07-30 16:03:54,421] {dag.py:2919} INFO - Setting next_dagrun for example_trigger_target_dag to None, run_after=None
[2022-07-30 16:03:54,436] {processor.py:161} INFO - Processing /home/airflow/.local/lib/python3.7/site-packages/airflow/example_dags/example_trigger_target_dag.py took 0.092 seconds
[2022-07-30 16:04:55,662] {processor.py:153} INFO - Started process (PID=47017) to work on /home/airflow/.local/lib/python3.7/site-packages/airflow/example_dags/example_trigger_target_dag.py
[2022-07-30 16:04:55,663] {processor.py:641} INFO - Processing file /home/airflow/.local/lib/python3.7/site-packages/airflow/example_dags/example_trigger_target_dag.py for tasks to queue
[2022-07-30 16:04:55,664] {logging_mixin.py:115} INFO - [2022-07-30 16:04:55,664] {dagbag.py:507} INFO - Filling up the DagBag from /home/airflow/.local/lib/python3.7/site-packages/airflow/example_dags/example_trigger_target_dag.py
[2022-07-30 16:04:55,686] {processor.py:651} INFO - DAG(s) dict_keys(['example_trigger_target_dag']) retrieved from /home/airflow/.local/lib/python3.7/site-packages/airflow/example_dags/example_trigger_target_dag.py
[2022-07-30 16:04:55,714] {logging_mixin.py:115} INFO - [2022-07-30 16:04:55,714] {dag.py:2371} INFO - Sync 1 DAGs
[2022-07-30 16:04:55,737] {logging_mixin.py:115} INFO - [2022-07-30 16:04:55,736] {dag.py:2919} INFO - Setting next_dagrun for example_trigger_target_dag to None, run_after=None
[2022-07-30 16:04:55,749] {processor.py:161} INFO - Processing /home/airflow/.local/lib/python3.7/site-packages/airflow/example_dags/example_trigger_target_dag.py took 0.091 seconds
[2022-07-30 18:05:09,711] {processor.py:153} INFO - Started process (PID=47099) to work on /home/airflow/.local/lib/python3.7/site-packages/airflow/example_dags/example_trigger_target_dag.py
[2022-07-30 18:05:09,712] {processor.py:641} INFO - Processing file /home/airflow/.local/lib/python3.7/site-packages/airflow/example_dags/example_trigger_target_dag.py for tasks to queue
[2022-07-30 18:05:09,714] {logging_mixin.py:115} INFO - [2022-07-30 18:05:09,713] {dagbag.py:507} INFO - Filling up the DagBag from /home/airflow/.local/lib/python3.7/site-packages/airflow/example_dags/example_trigger_target_dag.py
[2022-07-30 18:05:09,733] {processor.py:651} INFO - DAG(s) dict_keys(['example_trigger_target_dag']) retrieved from /home/airflow/.local/lib/python3.7/site-packages/airflow/example_dags/example_trigger_target_dag.py
[2022-07-30 18:05:09,759] {logging_mixin.py:115} INFO - [2022-07-30 18:05:09,759] {dag.py:2371} INFO - Sync 1 DAGs
[2022-07-30 18:05:09,781] {logging_mixin.py:115} INFO - [2022-07-30 18:05:09,781] {dag.py:2919} INFO - Setting next_dagrun for example_trigger_target_dag to None, run_after=None
[2022-07-30 18:05:09,794] {processor.py:161} INFO - Processing /home/airflow/.local/lib/python3.7/site-packages/airflow/example_dags/example_trigger_target_dag.py took 0.087 seconds
[2022-07-30 20:05:17,684] {processor.py:153} INFO - Started process (PID=47150) to work on /home/airflow/.local/lib/python3.7/site-packages/airflow/example_dags/example_trigger_target_dag.py
[2022-07-30 20:05:17,686] {processor.py:641} INFO - Processing file /home/airflow/.local/lib/python3.7/site-packages/airflow/example_dags/example_trigger_target_dag.py for tasks to queue
[2022-07-30 20:05:17,687] {logging_mixin.py:115} INFO - [2022-07-30 20:05:17,687] {dagbag.py:507} INFO - Filling up the DagBag from /home/airflow/.local/lib/python3.7/site-packages/airflow/example_dags/example_trigger_target_dag.py
[2022-07-30 20:05:17,716] {processor.py:651} INFO - DAG(s) dict_keys(['example_trigger_target_dag']) retrieved from /home/airflow/.local/lib/python3.7/site-packages/airflow/example_dags/example_trigger_target_dag.py
[2022-07-30 20:05:17,749] {logging_mixin.py:115} INFO - [2022-07-30 20:05:17,749] {dag.py:2371} INFO - Sync 1 DAGs
[2022-07-30 20:05:17,778] {logging_mixin.py:115} INFO - [2022-07-30 20:05:17,778] {dag.py:2919} INFO - Setting next_dagrun for example_trigger_target_dag to None, run_after=None
[2022-07-30 20:05:17,800] {processor.py:161} INFO - Processing /home/airflow/.local/lib/python3.7/site-packages/airflow/example_dags/example_trigger_target_dag.py took 0.120 seconds
[2022-07-30 22:05:28,307] {processor.py:153} INFO - Started process (PID=47201) to work on /home/airflow/.local/lib/python3.7/site-packages/airflow/example_dags/example_trigger_target_dag.py
[2022-07-30 22:05:28,309] {processor.py:641} INFO - Processing file /home/airflow/.local/lib/python3.7/site-packages/airflow/example_dags/example_trigger_target_dag.py for tasks to queue
[2022-07-30 22:05:28,310] {logging_mixin.py:115} INFO - [2022-07-30 22:05:28,310] {dagbag.py:507} INFO - Filling up the DagBag from /home/airflow/.local/lib/python3.7/site-packages/airflow/example_dags/example_trigger_target_dag.py
[2022-07-30 22:05:28,335] {processor.py:651} INFO - DAG(s) dict_keys(['example_trigger_target_dag']) retrieved from /home/airflow/.local/lib/python3.7/site-packages/airflow/example_dags/example_trigger_target_dag.py
[2022-07-30 22:05:28,373] {logging_mixin.py:115} INFO - [2022-07-30 22:05:28,373] {dag.py:2371} INFO - Sync 1 DAGs
[2022-07-30 22:05:28,404] {logging_mixin.py:115} INFO - [2022-07-30 22:05:28,403] {dag.py:2919} INFO - Setting next_dagrun for example_trigger_target_dag to None, run_after=None
[2022-07-30 22:05:28,418] {processor.py:161} INFO - Processing /home/airflow/.local/lib/python3.7/site-packages/airflow/example_dags/example_trigger_target_dag.py took 0.115 seconds
