[2022-07-30 00:59:37,962] {processor.py:153} INFO - Started process (PID=46626) to work on /home/airflow/.local/lib/python3.7/site-packages/airflow/example_dags/example_sla_dag.py
[2022-07-30 00:59:37,963] {processor.py:641} INFO - Processing file /home/airflow/.local/lib/python3.7/site-packages/airflow/example_dags/example_sla_dag.py for tasks to queue
[2022-07-30 00:59:37,965] {logging_mixin.py:115} INFO - [2022-07-30 00:59:37,964] {dagbag.py:507} INFO - Filling up the DagBag from /home/airflow/.local/lib/python3.7/site-packages/airflow/example_dags/example_sla_dag.py
[2022-07-30 00:59:37,984] {processor.py:651} INFO - DAG(s) dict_keys(['example_sla_dag']) retrieved from /home/airflow/.local/lib/python3.7/site-packages/airflow/example_dags/example_sla_dag.py
[2022-07-30 00:59:38,013] {logging_mixin.py:115} INFO - [2022-07-30 00:59:38,013] {dag.py:2371} INFO - Sync 1 DAGs
[2022-07-30 00:59:38,037] {logging_mixin.py:115} INFO - [2022-07-30 00:59:38,037] {dag.py:2919} INFO - Setting next_dagrun for example_sla_dag to 2022-07-30T00:56:00+00:00, run_after=2022-07-30T00:58:00+00:00
[2022-07-30 00:59:38,049] {processor.py:161} INFO - Processing /home/airflow/.local/lib/python3.7/site-packages/airflow/example_dags/example_sla_dag.py took 0.090 seconds
[2022-07-30 12:58:39,788] {processor.py:153} INFO - Started process (PID=46673) to work on /home/airflow/.local/lib/python3.7/site-packages/airflow/example_dags/example_sla_dag.py
[2022-07-30 12:58:39,790] {processor.py:641} INFO - Processing file /home/airflow/.local/lib/python3.7/site-packages/airflow/example_dags/example_sla_dag.py for tasks to queue
[2022-07-30 12:58:39,791] {logging_mixin.py:115} INFO - [2022-07-30 12:58:39,791] {dagbag.py:507} INFO - Filling up the DagBag from /home/airflow/.local/lib/python3.7/site-packages/airflow/example_dags/example_sla_dag.py
[2022-07-30 12:58:39,816] {processor.py:651} INFO - DAG(s) dict_keys(['example_sla_dag']) retrieved from /home/airflow/.local/lib/python3.7/site-packages/airflow/example_dags/example_sla_dag.py
[2022-07-30 12:58:39,849] {logging_mixin.py:115} INFO - [2022-07-30 12:58:39,848] {dag.py:2371} INFO - Sync 1 DAGs
[2022-07-30 12:58:39,881] {logging_mixin.py:115} INFO - [2022-07-30 12:58:39,881] {dag.py:2919} INFO - Setting next_dagrun for example_sla_dag to 2022-07-30T12:56:00+00:00, run_after=2022-07-30T12:58:00+00:00
[2022-07-30 12:58:39,895] {processor.py:161} INFO - Processing /home/airflow/.local/lib/python3.7/site-packages/airflow/example_dags/example_sla_dag.py took 0.112 seconds
[2022-07-30 14:57:25,840] {processor.py:153} INFO - Started process (PID=46724) to work on /home/airflow/.local/lib/python3.7/site-packages/airflow/example_dags/example_sla_dag.py
[2022-07-30 14:57:25,846] {processor.py:641} INFO - Processing file /home/airflow/.local/lib/python3.7/site-packages/airflow/example_dags/example_sla_dag.py for tasks to queue
[2022-07-30 14:57:25,850] {logging_mixin.py:115} INFO - [2022-07-30 14:57:25,849] {dagbag.py:507} INFO - Filling up the DagBag from /home/airflow/.local/lib/python3.7/site-packages/airflow/example_dags/example_sla_dag.py
[2022-07-30 14:57:25,891] {processor.py:651} INFO - DAG(s) dict_keys(['example_sla_dag']) retrieved from /home/airflow/.local/lib/python3.7/site-packages/airflow/example_dags/example_sla_dag.py
[2022-07-30 14:57:25,943] {logging_mixin.py:115} INFO - [2022-07-30 14:57:25,943] {dag.py:2371} INFO - Sync 1 DAGs
[2022-07-30 14:57:25,992] {logging_mixin.py:115} INFO - [2022-07-30 14:57:25,992] {dag.py:2919} INFO - Setting next_dagrun for example_sla_dag to 2022-07-30T14:54:00+00:00, run_after=2022-07-30T14:56:00+00:00
[2022-07-30 14:57:26,011] {processor.py:161} INFO - Processing /home/airflow/.local/lib/python3.7/site-packages/airflow/example_dags/example_sla_dag.py took 0.178 seconds
[2022-07-30 14:57:56,129] {processor.py:153} INFO - Started process (PID=46784) to work on /home/airflow/.local/lib/python3.7/site-packages/airflow/example_dags/example_sla_dag.py
[2022-07-30 14:57:56,130] {processor.py:641} INFO - Processing file /home/airflow/.local/lib/python3.7/site-packages/airflow/example_dags/example_sla_dag.py for tasks to queue
[2022-07-30 14:57:56,131] {logging_mixin.py:115} INFO - [2022-07-30 14:57:56,131] {dagbag.py:507} INFO - Filling up the DagBag from /home/airflow/.local/lib/python3.7/site-packages/airflow/example_dags/example_sla_dag.py
[2022-07-30 14:57:56,149] {processor.py:651} INFO - DAG(s) dict_keys(['example_sla_dag']) retrieved from /home/airflow/.local/lib/python3.7/site-packages/airflow/example_dags/example_sla_dag.py
[2022-07-30 14:57:56,174] {logging_mixin.py:115} INFO - [2022-07-30 14:57:56,174] {dag.py:2371} INFO - Sync 1 DAGs
[2022-07-30 14:57:56,196] {logging_mixin.py:115} INFO - [2022-07-30 14:57:56,196] {dag.py:2919} INFO - Setting next_dagrun for example_sla_dag to 2022-07-30T14:54:00+00:00, run_after=2022-07-30T14:56:00+00:00
[2022-07-30 14:57:56,205] {processor.py:161} INFO - Processing /home/airflow/.local/lib/python3.7/site-packages/airflow/example_dags/example_sla_dag.py took 0.080 seconds
[2022-07-30 15:06:00,944] {processor.py:153} INFO - Started process (PID=46845) to work on /home/airflow/.local/lib/python3.7/site-packages/airflow/example_dags/example_sla_dag.py
[2022-07-30 15:06:00,945] {processor.py:641} INFO - Processing file /home/airflow/.local/lib/python3.7/site-packages/airflow/example_dags/example_sla_dag.py for tasks to queue
[2022-07-30 15:06:00,946] {logging_mixin.py:115} INFO - [2022-07-30 15:06:00,946] {dagbag.py:507} INFO - Filling up the DagBag from /home/airflow/.local/lib/python3.7/site-packages/airflow/example_dags/example_sla_dag.py
[2022-07-30 15:06:00,966] {processor.py:651} INFO - DAG(s) dict_keys(['example_sla_dag']) retrieved from /home/airflow/.local/lib/python3.7/site-packages/airflow/example_dags/example_sla_dag.py
[2022-07-30 15:06:00,992] {logging_mixin.py:115} INFO - [2022-07-30 15:06:00,992] {dag.py:2371} INFO - Sync 1 DAGs
[2022-07-30 15:06:01,018] {logging_mixin.py:115} INFO - [2022-07-30 15:06:01,018] {dag.py:2919} INFO - Setting next_dagrun for example_sla_dag to 2022-07-30T15:04:00+00:00, run_after=2022-07-30T15:06:00+00:00
[2022-07-30 15:06:01,028] {processor.py:161} INFO - Processing /home/airflow/.local/lib/python3.7/site-packages/airflow/example_dags/example_sla_dag.py took 0.088 seconds
[2022-07-30 15:58:03,818] {processor.py:153} INFO - Started process (PID=46897) to work on /home/airflow/.local/lib/python3.7/site-packages/airflow/example_dags/example_sla_dag.py
[2022-07-30 15:58:03,819] {processor.py:641} INFO - Processing file /home/airflow/.local/lib/python3.7/site-packages/airflow/example_dags/example_sla_dag.py for tasks to queue
[2022-07-30 15:58:03,821] {logging_mixin.py:115} INFO - [2022-07-30 15:58:03,821] {dagbag.py:507} INFO - Filling up the DagBag from /home/airflow/.local/lib/python3.7/site-packages/airflow/example_dags/example_sla_dag.py
[2022-07-30 15:58:03,842] {processor.py:651} INFO - DAG(s) dict_keys(['example_sla_dag']) retrieved from /home/airflow/.local/lib/python3.7/site-packages/airflow/example_dags/example_sla_dag.py
[2022-07-30 15:58:03,875] {logging_mixin.py:115} INFO - [2022-07-30 15:58:03,875] {dag.py:2371} INFO - Sync 1 DAGs
[2022-07-30 15:58:03,904] {logging_mixin.py:115} INFO - [2022-07-30 15:58:03,904] {dag.py:2919} INFO - Setting next_dagrun for example_sla_dag to 2022-07-30T15:56:00+00:00, run_after=2022-07-30T15:58:00+00:00
[2022-07-30 15:58:03,915] {processor.py:161} INFO - Processing /home/airflow/.local/lib/python3.7/site-packages/airflow/example_dags/example_sla_dag.py took 0.100 seconds
[2022-07-30 16:03:55,008] {processor.py:153} INFO - Started process (PID=46974) to work on /home/airflow/.local/lib/python3.7/site-packages/airflow/example_dags/example_sla_dag.py
[2022-07-30 16:03:55,009] {processor.py:641} INFO - Processing file /home/airflow/.local/lib/python3.7/site-packages/airflow/example_dags/example_sla_dag.py for tasks to queue
[2022-07-30 16:03:55,010] {logging_mixin.py:115} INFO - [2022-07-30 16:03:55,010] {dagbag.py:507} INFO - Filling up the DagBag from /home/airflow/.local/lib/python3.7/site-packages/airflow/example_dags/example_sla_dag.py
[2022-07-30 16:03:55,033] {processor.py:651} INFO - DAG(s) dict_keys(['example_sla_dag']) retrieved from /home/airflow/.local/lib/python3.7/site-packages/airflow/example_dags/example_sla_dag.py
[2022-07-30 16:03:55,060] {logging_mixin.py:115} INFO - [2022-07-30 16:03:55,060] {dag.py:2371} INFO - Sync 1 DAGs
[2022-07-30 16:03:55,083] {logging_mixin.py:115} INFO - [2022-07-30 16:03:55,083] {dag.py:2919} INFO - Setting next_dagrun for example_sla_dag to 2022-07-30T16:00:00+00:00, run_after=2022-07-30T16:02:00+00:00
[2022-07-30 16:03:55,094] {processor.py:161} INFO - Processing /home/airflow/.local/lib/python3.7/site-packages/airflow/example_dags/example_sla_dag.py took 0.090 seconds
[2022-07-30 16:04:56,148] {processor.py:153} INFO - Started process (PID=47026) to work on /home/airflow/.local/lib/python3.7/site-packages/airflow/example_dags/example_sla_dag.py
[2022-07-30 16:04:56,149] {processor.py:641} INFO - Processing file /home/airflow/.local/lib/python3.7/site-packages/airflow/example_dags/example_sla_dag.py for tasks to queue
[2022-07-30 16:04:56,150] {logging_mixin.py:115} INFO - [2022-07-30 16:04:56,150] {dagbag.py:507} INFO - Filling up the DagBag from /home/airflow/.local/lib/python3.7/site-packages/airflow/example_dags/example_sla_dag.py
[2022-07-30 16:04:56,171] {processor.py:651} INFO - DAG(s) dict_keys(['example_sla_dag']) retrieved from /home/airflow/.local/lib/python3.7/site-packages/airflow/example_dags/example_sla_dag.py
[2022-07-30 16:04:56,196] {logging_mixin.py:115} INFO - [2022-07-30 16:04:56,196] {dag.py:2371} INFO - Sync 1 DAGs
[2022-07-30 16:04:56,218] {logging_mixin.py:115} INFO - [2022-07-30 16:04:56,218] {dag.py:2919} INFO - Setting next_dagrun for example_sla_dag to 2022-07-30T16:02:00+00:00, run_after=2022-07-30T16:04:00+00:00
[2022-07-30 16:04:56,228] {processor.py:161} INFO - Processing /home/airflow/.local/lib/python3.7/site-packages/airflow/example_dags/example_sla_dag.py took 0.083 seconds
[2022-07-30 18:05:10,260] {processor.py:153} INFO - Started process (PID=47108) to work on /home/airflow/.local/lib/python3.7/site-packages/airflow/example_dags/example_sla_dag.py
[2022-07-30 18:05:10,261] {processor.py:641} INFO - Processing file /home/airflow/.local/lib/python3.7/site-packages/airflow/example_dags/example_sla_dag.py for tasks to queue
[2022-07-30 18:05:10,262] {logging_mixin.py:115} INFO - [2022-07-30 18:05:10,262] {dagbag.py:507} INFO - Filling up the DagBag from /home/airflow/.local/lib/python3.7/site-packages/airflow/example_dags/example_sla_dag.py
[2022-07-30 18:05:10,281] {processor.py:651} INFO - DAG(s) dict_keys(['example_sla_dag']) retrieved from /home/airflow/.local/lib/python3.7/site-packages/airflow/example_dags/example_sla_dag.py
[2022-07-30 18:05:10,310] {logging_mixin.py:115} INFO - [2022-07-30 18:05:10,310] {dag.py:2371} INFO - Sync 1 DAGs
[2022-07-30 18:05:10,334] {logging_mixin.py:115} INFO - [2022-07-30 18:05:10,334] {dag.py:2919} INFO - Setting next_dagrun for example_sla_dag to 2022-07-30T18:02:00+00:00, run_after=2022-07-30T18:04:00+00:00
[2022-07-30 18:05:10,346] {processor.py:161} INFO - Processing /home/airflow/.local/lib/python3.7/site-packages/airflow/example_dags/example_sla_dag.py took 0.090 seconds
[2022-07-30 20:05:18,532] {processor.py:153} INFO - Started process (PID=47159) to work on /home/airflow/.local/lib/python3.7/site-packages/airflow/example_dags/example_sla_dag.py
[2022-07-30 20:05:18,534] {processor.py:641} INFO - Processing file /home/airflow/.local/lib/python3.7/site-packages/airflow/example_dags/example_sla_dag.py for tasks to queue
[2022-07-30 20:05:18,536] {logging_mixin.py:115} INFO - [2022-07-30 20:05:18,536] {dagbag.py:507} INFO - Filling up the DagBag from /home/airflow/.local/lib/python3.7/site-packages/airflow/example_dags/example_sla_dag.py
[2022-07-30 20:05:18,556] {processor.py:651} INFO - DAG(s) dict_keys(['example_sla_dag']) retrieved from /home/airflow/.local/lib/python3.7/site-packages/airflow/example_dags/example_sla_dag.py
[2022-07-30 20:05:18,585] {logging_mixin.py:115} INFO - [2022-07-30 20:05:18,585] {dag.py:2371} INFO - Sync 1 DAGs
[2022-07-30 20:05:18,611] {logging_mixin.py:115} INFO - [2022-07-30 20:05:18,611] {dag.py:2919} INFO - Setting next_dagrun for example_sla_dag to 2022-07-30T20:02:00+00:00, run_after=2022-07-30T20:04:00+00:00
[2022-07-30 20:05:18,624] {processor.py:161} INFO - Processing /home/airflow/.local/lib/python3.7/site-packages/airflow/example_dags/example_sla_dag.py took 0.096 seconds
[2022-07-30 22:05:28,903] {processor.py:153} INFO - Started process (PID=47210) to work on /home/airflow/.local/lib/python3.7/site-packages/airflow/example_dags/example_sla_dag.py
[2022-07-30 22:05:28,904] {processor.py:641} INFO - Processing file /home/airflow/.local/lib/python3.7/site-packages/airflow/example_dags/example_sla_dag.py for tasks to queue
[2022-07-30 22:05:28,905] {logging_mixin.py:115} INFO - [2022-07-30 22:05:28,905] {dagbag.py:507} INFO - Filling up the DagBag from /home/airflow/.local/lib/python3.7/site-packages/airflow/example_dags/example_sla_dag.py
[2022-07-30 22:05:28,924] {processor.py:651} INFO - DAG(s) dict_keys(['example_sla_dag']) retrieved from /home/airflow/.local/lib/python3.7/site-packages/airflow/example_dags/example_sla_dag.py
[2022-07-30 22:05:28,951] {logging_mixin.py:115} INFO - [2022-07-30 22:05:28,950] {dag.py:2371} INFO - Sync 1 DAGs
[2022-07-30 22:05:28,974] {logging_mixin.py:115} INFO - [2022-07-30 22:05:28,974] {dag.py:2919} INFO - Setting next_dagrun for example_sla_dag to 2022-07-30T22:02:00+00:00, run_after=2022-07-30T22:04:00+00:00
[2022-07-30 22:05:28,985] {processor.py:161} INFO - Processing /home/airflow/.local/lib/python3.7/site-packages/airflow/example_dags/example_sla_dag.py took 0.085 seconds
