[2022-07-30 00:59:36,834] {processor.py:153} INFO - Started process (PID=46614) to work on /home/airflow/.local/lib/python3.7/site-packages/airflow/example_dags/example_trigger_controller_dag.py
[2022-07-30 00:59:36,836] {processor.py:641} INFO - Processing file /home/airflow/.local/lib/python3.7/site-packages/airflow/example_dags/example_trigger_controller_dag.py for tasks to queue
[2022-07-30 00:59:36,837] {logging_mixin.py:115} INFO - [2022-07-30 00:59:36,837] {dagbag.py:507} INFO - Filling up the DagBag from /home/airflow/.local/lib/python3.7/site-packages/airflow/example_dags/example_trigger_controller_dag.py
[2022-07-30 00:59:36,841] {processor.py:651} INFO - DAG(s) dict_keys(['example_trigger_controller_dag']) retrieved from /home/airflow/.local/lib/python3.7/site-packages/airflow/example_dags/example_trigger_controller_dag.py
[2022-07-30 00:59:36,876] {logging_mixin.py:115} INFO - [2022-07-30 00:59:36,875] {dag.py:2371} INFO - Sync 1 DAGs
[2022-07-30 00:59:36,914] {logging_mixin.py:115} INFO - [2022-07-30 00:59:36,914] {dag.py:2919} INFO - Setting next_dagrun for example_trigger_controller_dag to 2021-01-01T00:00:00+00:00, run_after=2021-01-01T00:00:00+00:00
[2022-07-30 00:59:36,927] {processor.py:161} INFO - Processing /home/airflow/.local/lib/python3.7/site-packages/airflow/example_dags/example_trigger_controller_dag.py took 0.097 seconds
[2022-07-30 12:58:38,870] {processor.py:153} INFO - Started process (PID=46661) to work on /home/airflow/.local/lib/python3.7/site-packages/airflow/example_dags/example_trigger_controller_dag.py
[2022-07-30 12:58:38,871] {processor.py:641} INFO - Processing file /home/airflow/.local/lib/python3.7/site-packages/airflow/example_dags/example_trigger_controller_dag.py for tasks to queue
[2022-07-30 12:58:38,872] {logging_mixin.py:115} INFO - [2022-07-30 12:58:38,872] {dagbag.py:507} INFO - Filling up the DagBag from /home/airflow/.local/lib/python3.7/site-packages/airflow/example_dags/example_trigger_controller_dag.py
[2022-07-30 12:58:38,876] {processor.py:651} INFO - DAG(s) dict_keys(['example_trigger_controller_dag']) retrieved from /home/airflow/.local/lib/python3.7/site-packages/airflow/example_dags/example_trigger_controller_dag.py
[2022-07-30 12:58:38,912] {logging_mixin.py:115} INFO - [2022-07-30 12:58:38,912] {dag.py:2371} INFO - Sync 1 DAGs
[2022-07-30 12:58:38,938] {logging_mixin.py:115} INFO - [2022-07-30 12:58:38,938] {dag.py:2919} INFO - Setting next_dagrun for example_trigger_controller_dag to 2021-01-01T00:00:00+00:00, run_after=2021-01-01T00:00:00+00:00
[2022-07-30 12:58:38,954] {processor.py:161} INFO - Processing /home/airflow/.local/lib/python3.7/site-packages/airflow/example_dags/example_trigger_controller_dag.py took 0.089 seconds
[2022-07-30 14:57:24,510] {processor.py:153} INFO - Started process (PID=46712) to work on /home/airflow/.local/lib/python3.7/site-packages/airflow/example_dags/example_trigger_controller_dag.py
[2022-07-30 14:57:24,515] {processor.py:641} INFO - Processing file /home/airflow/.local/lib/python3.7/site-packages/airflow/example_dags/example_trigger_controller_dag.py for tasks to queue
[2022-07-30 14:57:24,517] {logging_mixin.py:115} INFO - [2022-07-30 14:57:24,517] {dagbag.py:507} INFO - Filling up the DagBag from /home/airflow/.local/lib/python3.7/site-packages/airflow/example_dags/example_trigger_controller_dag.py
[2022-07-30 14:57:24,522] {processor.py:651} INFO - DAG(s) dict_keys(['example_trigger_controller_dag']) retrieved from /home/airflow/.local/lib/python3.7/site-packages/airflow/example_dags/example_trigger_controller_dag.py
[2022-07-30 14:57:24,571] {logging_mixin.py:115} INFO - [2022-07-30 14:57:24,571] {dag.py:2371} INFO - Sync 1 DAGs
[2022-07-30 14:57:24,620] {logging_mixin.py:115} INFO - [2022-07-30 14:57:24,619] {dag.py:2919} INFO - Setting next_dagrun for example_trigger_controller_dag to 2021-01-01T00:00:00+00:00, run_after=2021-01-01T00:00:00+00:00
[2022-07-30 14:57:24,643] {processor.py:161} INFO - Processing /home/airflow/.local/lib/python3.7/site-packages/airflow/example_dags/example_trigger_controller_dag.py took 0.138 seconds
[2022-07-30 14:57:55,403] {processor.py:153} INFO - Started process (PID=46772) to work on /home/airflow/.local/lib/python3.7/site-packages/airflow/example_dags/example_trigger_controller_dag.py
[2022-07-30 14:57:55,404] {processor.py:641} INFO - Processing file /home/airflow/.local/lib/python3.7/site-packages/airflow/example_dags/example_trigger_controller_dag.py for tasks to queue
[2022-07-30 14:57:55,405] {logging_mixin.py:115} INFO - [2022-07-30 14:57:55,405] {dagbag.py:507} INFO - Filling up the DagBag from /home/airflow/.local/lib/python3.7/site-packages/airflow/example_dags/example_trigger_controller_dag.py
[2022-07-30 14:57:55,408] {processor.py:651} INFO - DAG(s) dict_keys(['example_trigger_controller_dag']) retrieved from /home/airflow/.local/lib/python3.7/site-packages/airflow/example_dags/example_trigger_controller_dag.py
[2022-07-30 14:57:55,436] {logging_mixin.py:115} INFO - [2022-07-30 14:57:55,436] {dag.py:2371} INFO - Sync 1 DAGs
[2022-07-30 14:57:55,456] {logging_mixin.py:115} INFO - [2022-07-30 14:57:55,456] {dag.py:2919} INFO - Setting next_dagrun for example_trigger_controller_dag to 2021-01-01T00:00:00+00:00, run_after=2021-01-01T00:00:00+00:00
[2022-07-30 14:57:55,466] {processor.py:161} INFO - Processing /home/airflow/.local/lib/python3.7/site-packages/airflow/example_dags/example_trigger_controller_dag.py took 0.067 seconds
[2022-07-30 15:06:00,038] {processor.py:153} INFO - Started process (PID=46833) to work on /home/airflow/.local/lib/python3.7/site-packages/airflow/example_dags/example_trigger_controller_dag.py
[2022-07-30 15:06:00,039] {processor.py:641} INFO - Processing file /home/airflow/.local/lib/python3.7/site-packages/airflow/example_dags/example_trigger_controller_dag.py for tasks to queue
[2022-07-30 15:06:00,040] {logging_mixin.py:115} INFO - [2022-07-30 15:06:00,040] {dagbag.py:507} INFO - Filling up the DagBag from /home/airflow/.local/lib/python3.7/site-packages/airflow/example_dags/example_trigger_controller_dag.py
[2022-07-30 15:06:00,045] {processor.py:651} INFO - DAG(s) dict_keys(['example_trigger_controller_dag']) retrieved from /home/airflow/.local/lib/python3.7/site-packages/airflow/example_dags/example_trigger_controller_dag.py
[2022-07-30 15:06:00,077] {logging_mixin.py:115} INFO - [2022-07-30 15:06:00,077] {dag.py:2371} INFO - Sync 1 DAGs
[2022-07-30 15:06:00,103] {logging_mixin.py:115} INFO - [2022-07-30 15:06:00,103] {dag.py:2919} INFO - Setting next_dagrun for example_trigger_controller_dag to 2021-01-01T00:00:00+00:00, run_after=2021-01-01T00:00:00+00:00
[2022-07-30 15:06:00,120] {processor.py:161} INFO - Processing /home/airflow/.local/lib/python3.7/site-packages/airflow/example_dags/example_trigger_controller_dag.py took 0.086 seconds
[2022-07-30 15:58:03,063] {processor.py:153} INFO - Started process (PID=46885) to work on /home/airflow/.local/lib/python3.7/site-packages/airflow/example_dags/example_trigger_controller_dag.py
[2022-07-30 15:58:03,064] {processor.py:641} INFO - Processing file /home/airflow/.local/lib/python3.7/site-packages/airflow/example_dags/example_trigger_controller_dag.py for tasks to queue
[2022-07-30 15:58:03,065] {logging_mixin.py:115} INFO - [2022-07-30 15:58:03,065] {dagbag.py:507} INFO - Filling up the DagBag from /home/airflow/.local/lib/python3.7/site-packages/airflow/example_dags/example_trigger_controller_dag.py
[2022-07-30 15:58:03,069] {processor.py:651} INFO - DAG(s) dict_keys(['example_trigger_controller_dag']) retrieved from /home/airflow/.local/lib/python3.7/site-packages/airflow/example_dags/example_trigger_controller_dag.py
[2022-07-30 15:58:03,109] {logging_mixin.py:115} INFO - [2022-07-30 15:58:03,109] {dag.py:2371} INFO - Sync 1 DAGs
[2022-07-30 15:58:03,142] {logging_mixin.py:115} INFO - [2022-07-30 15:58:03,142] {dag.py:2919} INFO - Setting next_dagrun for example_trigger_controller_dag to 2021-01-01T00:00:00+00:00, run_after=2021-01-01T00:00:00+00:00
[2022-07-30 15:58:03,162] {processor.py:161} INFO - Processing /home/airflow/.local/lib/python3.7/site-packages/airflow/example_dags/example_trigger_controller_dag.py took 0.103 seconds
[2022-07-30 16:03:53,180] {processor.py:153} INFO - Started process (PID=46950) to work on /home/airflow/.local/lib/python3.7/site-packages/airflow/example_dags/example_trigger_controller_dag.py
[2022-07-30 16:03:53,188] {processor.py:641} INFO - Processing file /home/airflow/.local/lib/python3.7/site-packages/airflow/example_dags/example_trigger_controller_dag.py for tasks to queue
[2022-07-30 16:03:53,191] {logging_mixin.py:115} INFO - [2022-07-30 16:03:53,191] {dagbag.py:507} INFO - Filling up the DagBag from /home/airflow/.local/lib/python3.7/site-packages/airflow/example_dags/example_trigger_controller_dag.py
[2022-07-30 16:03:53,200] {processor.py:651} INFO - DAG(s) dict_keys(['example_trigger_controller_dag']) retrieved from /home/airflow/.local/lib/python3.7/site-packages/airflow/example_dags/example_trigger_controller_dag.py
[2022-07-30 16:03:53,254] {logging_mixin.py:115} INFO - [2022-07-30 16:03:53,254] {dag.py:2371} INFO - Sync 1 DAGs
[2022-07-30 16:03:53,302] {logging_mixin.py:115} INFO - [2022-07-30 16:03:53,302] {dag.py:2919} INFO - Setting next_dagrun for example_trigger_controller_dag to 2021-01-01T00:00:00+00:00, run_after=2021-01-01T00:00:00+00:00
[2022-07-30 16:03:53,330] {processor.py:161} INFO - Processing /home/airflow/.local/lib/python3.7/site-packages/airflow/example_dags/example_trigger_controller_dag.py took 0.155 seconds
[2022-07-30 16:04:55,533] {processor.py:153} INFO - Started process (PID=47014) to work on /home/airflow/.local/lib/python3.7/site-packages/airflow/example_dags/example_trigger_controller_dag.py
[2022-07-30 16:04:55,537] {processor.py:641} INFO - Processing file /home/airflow/.local/lib/python3.7/site-packages/airflow/example_dags/example_trigger_controller_dag.py for tasks to queue
[2022-07-30 16:04:55,538] {logging_mixin.py:115} INFO - [2022-07-30 16:04:55,538] {dagbag.py:507} INFO - Filling up the DagBag from /home/airflow/.local/lib/python3.7/site-packages/airflow/example_dags/example_trigger_controller_dag.py
[2022-07-30 16:04:55,545] {processor.py:651} INFO - DAG(s) dict_keys(['example_trigger_controller_dag']) retrieved from /home/airflow/.local/lib/python3.7/site-packages/airflow/example_dags/example_trigger_controller_dag.py
[2022-07-30 16:04:55,579] {logging_mixin.py:115} INFO - [2022-07-30 16:04:55,579] {dag.py:2371} INFO - Sync 1 DAGs
[2022-07-30 16:04:55,598] {logging_mixin.py:115} INFO - [2022-07-30 16:04:55,598] {dag.py:2919} INFO - Setting next_dagrun for example_trigger_controller_dag to 2021-01-01T00:00:00+00:00, run_after=2021-01-01T00:00:00+00:00
[2022-07-30 16:04:55,610] {processor.py:161} INFO - Processing /home/airflow/.local/lib/python3.7/site-packages/airflow/example_dags/example_trigger_controller_dag.py took 0.086 seconds
[2022-07-30 18:05:09,572] {processor.py:153} INFO - Started process (PID=47096) to work on /home/airflow/.local/lib/python3.7/site-packages/airflow/example_dags/example_trigger_controller_dag.py
[2022-07-30 18:05:09,573] {processor.py:641} INFO - Processing file /home/airflow/.local/lib/python3.7/site-packages/airflow/example_dags/example_trigger_controller_dag.py for tasks to queue
[2022-07-30 18:05:09,574] {logging_mixin.py:115} INFO - [2022-07-30 18:05:09,574] {dagbag.py:507} INFO - Filling up the DagBag from /home/airflow/.local/lib/python3.7/site-packages/airflow/example_dags/example_trigger_controller_dag.py
[2022-07-30 18:05:09,578] {processor.py:651} INFO - DAG(s) dict_keys(['example_trigger_controller_dag']) retrieved from /home/airflow/.local/lib/python3.7/site-packages/airflow/example_dags/example_trigger_controller_dag.py
[2022-07-30 18:05:09,607] {logging_mixin.py:115} INFO - [2022-07-30 18:05:09,607] {dag.py:2371} INFO - Sync 1 DAGs
[2022-07-30 18:05:09,630] {logging_mixin.py:115} INFO - [2022-07-30 18:05:09,629] {dag.py:2919} INFO - Setting next_dagrun for example_trigger_controller_dag to 2021-01-01T00:00:00+00:00, run_after=2021-01-01T00:00:00+00:00
[2022-07-30 18:05:09,641] {processor.py:161} INFO - Processing /home/airflow/.local/lib/python3.7/site-packages/airflow/example_dags/example_trigger_controller_dag.py took 0.073 seconds
[2022-07-30 20:05:17,543] {processor.py:153} INFO - Started process (PID=47147) to work on /home/airflow/.local/lib/python3.7/site-packages/airflow/example_dags/example_trigger_controller_dag.py
[2022-07-30 20:05:17,545] {processor.py:641} INFO - Processing file /home/airflow/.local/lib/python3.7/site-packages/airflow/example_dags/example_trigger_controller_dag.py for tasks to queue
[2022-07-30 20:05:17,546] {logging_mixin.py:115} INFO - [2022-07-30 20:05:17,546] {dagbag.py:507} INFO - Filling up the DagBag from /home/airflow/.local/lib/python3.7/site-packages/airflow/example_dags/example_trigger_controller_dag.py
[2022-07-30 20:05:17,551] {processor.py:651} INFO - DAG(s) dict_keys(['example_trigger_controller_dag']) retrieved from /home/airflow/.local/lib/python3.7/site-packages/airflow/example_dags/example_trigger_controller_dag.py
[2022-07-30 20:05:17,587] {logging_mixin.py:115} INFO - [2022-07-30 20:05:17,587] {dag.py:2371} INFO - Sync 1 DAGs
[2022-07-30 20:05:17,615] {logging_mixin.py:115} INFO - [2022-07-30 20:05:17,615] {dag.py:2919} INFO - Setting next_dagrun for example_trigger_controller_dag to 2021-01-01T00:00:00+00:00, run_after=2021-01-01T00:00:00+00:00
[2022-07-30 20:05:17,630] {processor.py:161} INFO - Processing /home/airflow/.local/lib/python3.7/site-packages/airflow/example_dags/example_trigger_controller_dag.py took 0.104 seconds
[2022-07-30 22:05:28,156] {processor.py:153} INFO - Started process (PID=47198) to work on /home/airflow/.local/lib/python3.7/site-packages/airflow/example_dags/example_trigger_controller_dag.py
[2022-07-30 22:05:28,157] {processor.py:641} INFO - Processing file /home/airflow/.local/lib/python3.7/site-packages/airflow/example_dags/example_trigger_controller_dag.py for tasks to queue
[2022-07-30 22:05:28,158] {logging_mixin.py:115} INFO - [2022-07-30 22:05:28,158] {dagbag.py:507} INFO - Filling up the DagBag from /home/airflow/.local/lib/python3.7/site-packages/airflow/example_dags/example_trigger_controller_dag.py
[2022-07-30 22:05:28,162] {processor.py:651} INFO - DAG(s) dict_keys(['example_trigger_controller_dag']) retrieved from /home/airflow/.local/lib/python3.7/site-packages/airflow/example_dags/example_trigger_controller_dag.py
[2022-07-30 22:05:28,194] {logging_mixin.py:115} INFO - [2022-07-30 22:05:28,194] {dag.py:2371} INFO - Sync 1 DAGs
[2022-07-30 22:05:28,216] {logging_mixin.py:115} INFO - [2022-07-30 22:05:28,216] {dag.py:2919} INFO - Setting next_dagrun for example_trigger_controller_dag to 2021-01-01T00:00:00+00:00, run_after=2021-01-01T00:00:00+00:00
[2022-07-30 22:05:28,227] {processor.py:161} INFO - Processing /home/airflow/.local/lib/python3.7/site-packages/airflow/example_dags/example_trigger_controller_dag.py took 0.075 seconds
