[2022-07-30 00:59:37,621] {processor.py:153} INFO - Started process (PID=46622) to work on /home/airflow/.local/lib/python3.7/site-packages/airflow/example_dags/example_branch_operator.py
[2022-07-30 00:59:37,624] {processor.py:641} INFO - Processing file /home/airflow/.local/lib/python3.7/site-packages/airflow/example_dags/example_branch_operator.py for tasks to queue
[2022-07-30 00:59:37,625] {logging_mixin.py:115} INFO - [2022-07-30 00:59:37,625] {dagbag.py:507} INFO - Filling up the DagBag from /home/airflow/.local/lib/python3.7/site-packages/airflow/example_dags/example_branch_operator.py
[2022-07-30 00:59:37,646] {processor.py:651} INFO - DAG(s) dict_keys(['example_branch_operator']) retrieved from /home/airflow/.local/lib/python3.7/site-packages/airflow/example_dags/example_branch_operator.py
[2022-07-30 00:59:37,688] {logging_mixin.py:115} INFO - [2022-07-30 00:59:37,688] {dag.py:2371} INFO - Sync 1 DAGs
[2022-07-30 00:59:37,728] {logging_mixin.py:115} INFO - [2022-07-30 00:59:37,727] {dag.py:2919} INFO - Setting next_dagrun for example_branch_operator to 2022-07-29T00:00:00+00:00, run_after=2022-07-30T00:00:00+00:00
[2022-07-30 00:59:37,772] {processor.py:161} INFO - Processing /home/airflow/.local/lib/python3.7/site-packages/airflow/example_dags/example_branch_operator.py took 0.157 seconds
[2022-07-30 12:58:39,512] {processor.py:153} INFO - Started process (PID=46669) to work on /home/airflow/.local/lib/python3.7/site-packages/airflow/example_dags/example_branch_operator.py
[2022-07-30 12:58:39,515] {processor.py:641} INFO - Processing file /home/airflow/.local/lib/python3.7/site-packages/airflow/example_dags/example_branch_operator.py for tasks to queue
[2022-07-30 12:58:39,516] {logging_mixin.py:115} INFO - [2022-07-30 12:58:39,516] {dagbag.py:507} INFO - Filling up the DagBag from /home/airflow/.local/lib/python3.7/site-packages/airflow/example_dags/example_branch_operator.py
[2022-07-30 12:58:39,533] {processor.py:651} INFO - DAG(s) dict_keys(['example_branch_operator']) retrieved from /home/airflow/.local/lib/python3.7/site-packages/airflow/example_dags/example_branch_operator.py
[2022-07-30 12:58:39,573] {logging_mixin.py:115} INFO - [2022-07-30 12:58:39,573] {dag.py:2371} INFO - Sync 1 DAGs
[2022-07-30 12:58:39,603] {logging_mixin.py:115} INFO - [2022-07-30 12:58:39,603] {dag.py:2919} INFO - Setting next_dagrun for example_branch_operator to 2022-07-29T00:00:00+00:00, run_after=2022-07-30T00:00:00+00:00
[2022-07-30 12:58:39,640] {processor.py:161} INFO - Processing /home/airflow/.local/lib/python3.7/site-packages/airflow/example_dags/example_branch_operator.py took 0.134 seconds
[2022-07-30 14:57:25,439] {processor.py:153} INFO - Started process (PID=46720) to work on /home/airflow/.local/lib/python3.7/site-packages/airflow/example_dags/example_branch_operator.py
[2022-07-30 14:57:25,441] {processor.py:641} INFO - Processing file /home/airflow/.local/lib/python3.7/site-packages/airflow/example_dags/example_branch_operator.py for tasks to queue
[2022-07-30 14:57:25,443] {logging_mixin.py:115} INFO - [2022-07-30 14:57:25,443] {dagbag.py:507} INFO - Filling up the DagBag from /home/airflow/.local/lib/python3.7/site-packages/airflow/example_dags/example_branch_operator.py
[2022-07-30 14:57:25,460] {processor.py:651} INFO - DAG(s) dict_keys(['example_branch_operator']) retrieved from /home/airflow/.local/lib/python3.7/site-packages/airflow/example_dags/example_branch_operator.py
[2022-07-30 14:57:25,510] {logging_mixin.py:115} INFO - [2022-07-30 14:57:25,509] {dag.py:2371} INFO - Sync 1 DAGs
[2022-07-30 14:57:25,550] {logging_mixin.py:115} INFO - [2022-07-30 14:57:25,549] {dag.py:2919} INFO - Setting next_dagrun for example_branch_operator to 2022-07-29T00:00:00+00:00, run_after=2022-07-30T00:00:00+00:00
[2022-07-30 14:57:25,574] {processor.py:161} INFO - Processing /home/airflow/.local/lib/python3.7/site-packages/airflow/example_dags/example_branch_operator.py took 0.141 seconds
[2022-07-30 14:57:55,904] {processor.py:153} INFO - Started process (PID=46780) to work on /home/airflow/.local/lib/python3.7/site-packages/airflow/example_dags/example_branch_operator.py
[2022-07-30 14:57:55,906] {processor.py:641} INFO - Processing file /home/airflow/.local/lib/python3.7/site-packages/airflow/example_dags/example_branch_operator.py for tasks to queue
[2022-07-30 14:57:55,907] {logging_mixin.py:115} INFO - [2022-07-30 14:57:55,907] {dagbag.py:507} INFO - Filling up the DagBag from /home/airflow/.local/lib/python3.7/site-packages/airflow/example_dags/example_branch_operator.py
[2022-07-30 14:57:55,925] {processor.py:651} INFO - DAG(s) dict_keys(['example_branch_operator']) retrieved from /home/airflow/.local/lib/python3.7/site-packages/airflow/example_dags/example_branch_operator.py
[2022-07-30 14:57:55,954] {logging_mixin.py:115} INFO - [2022-07-30 14:57:55,954] {dag.py:2371} INFO - Sync 1 DAGs
[2022-07-30 14:57:55,984] {logging_mixin.py:115} INFO - [2022-07-30 14:57:55,984] {dag.py:2919} INFO - Setting next_dagrun for example_branch_operator to 2022-07-29T00:00:00+00:00, run_after=2022-07-30T00:00:00+00:00
[2022-07-30 14:57:55,996] {processor.py:161} INFO - Processing /home/airflow/.local/lib/python3.7/site-packages/airflow/example_dags/example_branch_operator.py took 0.096 seconds
[2022-07-30 15:06:00,737] {processor.py:153} INFO - Started process (PID=46841) to work on /home/airflow/.local/lib/python3.7/site-packages/airflow/example_dags/example_branch_operator.py
[2022-07-30 15:06:00,738] {processor.py:641} INFO - Processing file /home/airflow/.local/lib/python3.7/site-packages/airflow/example_dags/example_branch_operator.py for tasks to queue
[2022-07-30 15:06:00,739] {logging_mixin.py:115} INFO - [2022-07-30 15:06:00,739] {dagbag.py:507} INFO - Filling up the DagBag from /home/airflow/.local/lib/python3.7/site-packages/airflow/example_dags/example_branch_operator.py
[2022-07-30 15:06:00,751] {processor.py:651} INFO - DAG(s) dict_keys(['example_branch_operator']) retrieved from /home/airflow/.local/lib/python3.7/site-packages/airflow/example_dags/example_branch_operator.py
[2022-07-30 15:06:00,783] {logging_mixin.py:115} INFO - [2022-07-30 15:06:00,783] {dag.py:2371} INFO - Sync 1 DAGs
[2022-07-30 15:06:00,805] {logging_mixin.py:115} INFO - [2022-07-30 15:06:00,805] {dag.py:2919} INFO - Setting next_dagrun for example_branch_operator to 2022-07-29T00:00:00+00:00, run_after=2022-07-30T00:00:00+00:00
[2022-07-30 15:06:00,817] {processor.py:161} INFO - Processing /home/airflow/.local/lib/python3.7/site-packages/airflow/example_dags/example_branch_operator.py took 0.084 seconds
[2022-07-30 15:58:03,589] {processor.py:153} INFO - Started process (PID=46893) to work on /home/airflow/.local/lib/python3.7/site-packages/airflow/example_dags/example_branch_operator.py
[2022-07-30 15:58:03,590] {processor.py:641} INFO - Processing file /home/airflow/.local/lib/python3.7/site-packages/airflow/example_dags/example_branch_operator.py for tasks to queue
[2022-07-30 15:58:03,591] {logging_mixin.py:115} INFO - [2022-07-30 15:58:03,591] {dagbag.py:507} INFO - Filling up the DagBag from /home/airflow/.local/lib/python3.7/site-packages/airflow/example_dags/example_branch_operator.py
[2022-07-30 15:58:03,604] {processor.py:651} INFO - DAG(s) dict_keys(['example_branch_operator']) retrieved from /home/airflow/.local/lib/python3.7/site-packages/airflow/example_dags/example_branch_operator.py
[2022-07-30 15:58:03,635] {logging_mixin.py:115} INFO - [2022-07-30 15:58:03,635] {dag.py:2371} INFO - Sync 1 DAGs
[2022-07-30 15:58:03,659] {logging_mixin.py:115} INFO - [2022-07-30 15:58:03,659] {dag.py:2919} INFO - Setting next_dagrun for example_branch_operator to 2022-07-29T00:00:00+00:00, run_after=2022-07-30T00:00:00+00:00
[2022-07-30 15:58:03,671] {processor.py:161} INFO - Processing /home/airflow/.local/lib/python3.7/site-packages/airflow/example_dags/example_branch_operator.py took 0.086 seconds
[2022-07-30 16:03:54,755] {processor.py:153} INFO - Started process (PID=46970) to work on /home/airflow/.local/lib/python3.7/site-packages/airflow/example_dags/example_branch_operator.py
[2022-07-30 16:03:54,756] {processor.py:641} INFO - Processing file /home/airflow/.local/lib/python3.7/site-packages/airflow/example_dags/example_branch_operator.py for tasks to queue
[2022-07-30 16:03:54,758] {logging_mixin.py:115} INFO - [2022-07-30 16:03:54,758] {dagbag.py:507} INFO - Filling up the DagBag from /home/airflow/.local/lib/python3.7/site-packages/airflow/example_dags/example_branch_operator.py
[2022-07-30 16:03:54,775] {processor.py:651} INFO - DAG(s) dict_keys(['example_branch_operator']) retrieved from /home/airflow/.local/lib/python3.7/site-packages/airflow/example_dags/example_branch_operator.py
[2022-07-30 16:03:54,818] {logging_mixin.py:115} INFO - [2022-07-30 16:03:54,818] {dag.py:2371} INFO - Sync 1 DAGs
[2022-07-30 16:03:54,857] {logging_mixin.py:115} INFO - [2022-07-30 16:03:54,857] {dag.py:2919} INFO - Setting next_dagrun for example_branch_operator to 2022-07-29T00:00:00+00:00, run_after=2022-07-30T00:00:00+00:00
[2022-07-30 16:03:54,882] {processor.py:161} INFO - Processing /home/airflow/.local/lib/python3.7/site-packages/airflow/example_dags/example_branch_operator.py took 0.132 seconds
[2022-07-30 16:04:55,953] {processor.py:153} INFO - Started process (PID=47022) to work on /home/airflow/.local/lib/python3.7/site-packages/airflow/example_dags/example_branch_operator.py
[2022-07-30 16:04:55,954] {processor.py:641} INFO - Processing file /home/airflow/.local/lib/python3.7/site-packages/airflow/example_dags/example_branch_operator.py for tasks to queue
[2022-07-30 16:04:55,955] {logging_mixin.py:115} INFO - [2022-07-30 16:04:55,955] {dagbag.py:507} INFO - Filling up the DagBag from /home/airflow/.local/lib/python3.7/site-packages/airflow/example_dags/example_branch_operator.py
[2022-07-30 16:04:55,966] {processor.py:651} INFO - DAG(s) dict_keys(['example_branch_operator']) retrieved from /home/airflow/.local/lib/python3.7/site-packages/airflow/example_dags/example_branch_operator.py
[2022-07-30 16:04:55,995] {logging_mixin.py:115} INFO - [2022-07-30 16:04:55,995] {dag.py:2371} INFO - Sync 1 DAGs
[2022-07-30 16:04:56,016] {logging_mixin.py:115} INFO - [2022-07-30 16:04:56,016] {dag.py:2919} INFO - Setting next_dagrun for example_branch_operator to 2022-07-29T00:00:00+00:00, run_after=2022-07-30T00:00:00+00:00
[2022-07-30 16:04:56,026] {processor.py:161} INFO - Processing /home/airflow/.local/lib/python3.7/site-packages/airflow/example_dags/example_branch_operator.py took 0.077 seconds
[2022-07-30 18:05:10,043] {processor.py:153} INFO - Started process (PID=47104) to work on /home/airflow/.local/lib/python3.7/site-packages/airflow/example_dags/example_branch_operator.py
[2022-07-30 18:05:10,044] {processor.py:641} INFO - Processing file /home/airflow/.local/lib/python3.7/site-packages/airflow/example_dags/example_branch_operator.py for tasks to queue
[2022-07-30 18:05:10,045] {logging_mixin.py:115} INFO - [2022-07-30 18:05:10,045] {dagbag.py:507} INFO - Filling up the DagBag from /home/airflow/.local/lib/python3.7/site-packages/airflow/example_dags/example_branch_operator.py
[2022-07-30 18:05:10,057] {processor.py:651} INFO - DAG(s) dict_keys(['example_branch_operator']) retrieved from /home/airflow/.local/lib/python3.7/site-packages/airflow/example_dags/example_branch_operator.py
[2022-07-30 18:05:10,086] {logging_mixin.py:115} INFO - [2022-07-30 18:05:10,085] {dag.py:2371} INFO - Sync 1 DAGs
[2022-07-30 18:05:10,108] {logging_mixin.py:115} INFO - [2022-07-30 18:05:10,108] {dag.py:2919} INFO - Setting next_dagrun for example_branch_operator to 2022-07-29T00:00:00+00:00, run_after=2022-07-30T00:00:00+00:00
[2022-07-30 18:05:10,121] {processor.py:161} INFO - Processing /home/airflow/.local/lib/python3.7/site-packages/airflow/example_dags/example_branch_operator.py took 0.081 seconds
[2022-07-30 20:05:18,236] {processor.py:153} INFO - Started process (PID=47155) to work on /home/airflow/.local/lib/python3.7/site-packages/airflow/example_dags/example_branch_operator.py
[2022-07-30 20:05:18,238] {processor.py:641} INFO - Processing file /home/airflow/.local/lib/python3.7/site-packages/airflow/example_dags/example_branch_operator.py for tasks to queue
[2022-07-30 20:05:18,239] {logging_mixin.py:115} INFO - [2022-07-30 20:05:18,239] {dagbag.py:507} INFO - Filling up the DagBag from /home/airflow/.local/lib/python3.7/site-packages/airflow/example_dags/example_branch_operator.py
[2022-07-30 20:05:18,261] {processor.py:651} INFO - DAG(s) dict_keys(['example_branch_operator']) retrieved from /home/airflow/.local/lib/python3.7/site-packages/airflow/example_dags/example_branch_operator.py
[2022-07-30 20:05:18,302] {logging_mixin.py:115} INFO - [2022-07-30 20:05:18,302] {dag.py:2371} INFO - Sync 1 DAGs
[2022-07-30 20:05:18,340] {logging_mixin.py:115} INFO - [2022-07-30 20:05:18,340] {dag.py:2919} INFO - Setting next_dagrun for example_branch_operator to 2022-07-29T00:00:00+00:00, run_after=2022-07-30T00:00:00+00:00
[2022-07-30 20:05:18,365] {processor.py:161} INFO - Processing /home/airflow/.local/lib/python3.7/site-packages/airflow/example_dags/example_branch_operator.py took 0.135 seconds
[2022-07-30 22:05:28,699] {processor.py:153} INFO - Started process (PID=47206) to work on /home/airflow/.local/lib/python3.7/site-packages/airflow/example_dags/example_branch_operator.py
[2022-07-30 22:05:28,700] {processor.py:641} INFO - Processing file /home/airflow/.local/lib/python3.7/site-packages/airflow/example_dags/example_branch_operator.py for tasks to queue
[2022-07-30 22:05:28,701] {logging_mixin.py:115} INFO - [2022-07-30 22:05:28,701] {dagbag.py:507} INFO - Filling up the DagBag from /home/airflow/.local/lib/python3.7/site-packages/airflow/example_dags/example_branch_operator.py
[2022-07-30 22:05:28,713] {processor.py:651} INFO - DAG(s) dict_keys(['example_branch_operator']) retrieved from /home/airflow/.local/lib/python3.7/site-packages/airflow/example_dags/example_branch_operator.py
[2022-07-30 22:05:28,741] {logging_mixin.py:115} INFO - [2022-07-30 22:05:28,741] {dag.py:2371} INFO - Sync 1 DAGs
[2022-07-30 22:05:28,764] {logging_mixin.py:115} INFO - [2022-07-30 22:05:28,764] {dag.py:2919} INFO - Setting next_dagrun for example_branch_operator to 2022-07-29T00:00:00+00:00, run_after=2022-07-30T00:00:00+00:00
[2022-07-30 22:05:28,775] {processor.py:161} INFO - Processing /home/airflow/.local/lib/python3.7/site-packages/airflow/example_dags/example_branch_operator.py took 0.080 seconds
