[2022-07-30 00:59:37,723] {processor.py:153} INFO - Started process (PID=46623) to work on /home/airflow/.local/lib/python3.7/site-packages/airflow/example_dags/example_branch_operator_decorator.py
[2022-07-30 00:59:37,725] {processor.py:641} INFO - Processing file /home/airflow/.local/lib/python3.7/site-packages/airflow/example_dags/example_branch_operator_decorator.py for tasks to queue
[2022-07-30 00:59:37,727] {logging_mixin.py:115} INFO - [2022-07-30 00:59:37,727] {dagbag.py:507} INFO - Filling up the DagBag from /home/airflow/.local/lib/python3.7/site-packages/airflow/example_dags/example_branch_operator_decorator.py
[2022-07-30 00:59:37,763] {processor.py:651} INFO - DAG(s) dict_keys(['example_branch_python_operator_decorator']) retrieved from /home/airflow/.local/lib/python3.7/site-packages/airflow/example_dags/example_branch_operator_decorator.py
[2022-07-30 00:59:37,799] {logging_mixin.py:115} INFO - [2022-07-30 00:59:37,799] {dag.py:2371} INFO - Sync 1 DAGs
[2022-07-30 00:59:37,841] {logging_mixin.py:115} INFO - [2022-07-30 00:59:37,840] {dag.py:2919} INFO - Setting next_dagrun for example_branch_python_operator_decorator to 2022-07-29T00:00:00+00:00, run_after=2022-07-30T00:00:00+00:00
[2022-07-30 00:59:37,857] {processor.py:161} INFO - Processing /home/airflow/.local/lib/python3.7/site-packages/airflow/example_dags/example_branch_operator_decorator.py took 0.147 seconds
[2022-07-30 12:58:39,566] {processor.py:153} INFO - Started process (PID=46670) to work on /home/airflow/.local/lib/python3.7/site-packages/airflow/example_dags/example_branch_operator_decorator.py
[2022-07-30 12:58:39,567] {processor.py:641} INFO - Processing file /home/airflow/.local/lib/python3.7/site-packages/airflow/example_dags/example_branch_operator_decorator.py for tasks to queue
[2022-07-30 12:58:39,568] {logging_mixin.py:115} INFO - [2022-07-30 12:58:39,568] {dagbag.py:507} INFO - Filling up the DagBag from /home/airflow/.local/lib/python3.7/site-packages/airflow/example_dags/example_branch_operator_decorator.py
[2022-07-30 12:58:39,592] {processor.py:651} INFO - DAG(s) dict_keys(['example_branch_python_operator_decorator']) retrieved from /home/airflow/.local/lib/python3.7/site-packages/airflow/example_dags/example_branch_operator_decorator.py
[2022-07-30 12:58:39,630] {logging_mixin.py:115} INFO - [2022-07-30 12:58:39,630] {dag.py:2371} INFO - Sync 1 DAGs
[2022-07-30 12:58:39,666] {logging_mixin.py:115} INFO - [2022-07-30 12:58:39,666] {dag.py:2919} INFO - Setting next_dagrun for example_branch_python_operator_decorator to 2022-07-29T00:00:00+00:00, run_after=2022-07-30T00:00:00+00:00
[2022-07-30 12:58:39,679] {processor.py:161} INFO - Processing /home/airflow/.local/lib/python3.7/site-packages/airflow/example_dags/example_branch_operator_decorator.py took 0.117 seconds
[2022-07-30 14:57:25,620] {processor.py:153} INFO - Started process (PID=46721) to work on /home/airflow/.local/lib/python3.7/site-packages/airflow/example_dags/example_branch_operator_decorator.py
[2022-07-30 14:57:25,628] {processor.py:641} INFO - Processing file /home/airflow/.local/lib/python3.7/site-packages/airflow/example_dags/example_branch_operator_decorator.py for tasks to queue
[2022-07-30 14:57:25,633] {logging_mixin.py:115} INFO - [2022-07-30 14:57:25,633] {dagbag.py:507} INFO - Filling up the DagBag from /home/airflow/.local/lib/python3.7/site-packages/airflow/example_dags/example_branch_operator_decorator.py
[2022-07-30 14:57:25,671] {processor.py:651} INFO - DAG(s) dict_keys(['example_branch_python_operator_decorator']) retrieved from /home/airflow/.local/lib/python3.7/site-packages/airflow/example_dags/example_branch_operator_decorator.py
[2022-07-30 14:57:25,729] {logging_mixin.py:115} INFO - [2022-07-30 14:57:25,729] {dag.py:2371} INFO - Sync 1 DAGs
[2022-07-30 14:57:25,768] {logging_mixin.py:115} INFO - [2022-07-30 14:57:25,768] {dag.py:2919} INFO - Setting next_dagrun for example_branch_python_operator_decorator to 2022-07-29T00:00:00+00:00, run_after=2022-07-30T00:00:00+00:00
[2022-07-30 14:57:25,795] {processor.py:161} INFO - Processing /home/airflow/.local/lib/python3.7/site-packages/airflow/example_dags/example_branch_operator_decorator.py took 0.182 seconds
[2022-07-30 14:57:55,925] {processor.py:153} INFO - Started process (PID=46781) to work on /home/airflow/.local/lib/python3.7/site-packages/airflow/example_dags/example_branch_operator_decorator.py
[2022-07-30 14:57:55,927] {processor.py:641} INFO - Processing file /home/airflow/.local/lib/python3.7/site-packages/airflow/example_dags/example_branch_operator_decorator.py for tasks to queue
[2022-07-30 14:57:55,928] {logging_mixin.py:115} INFO - [2022-07-30 14:57:55,928] {dagbag.py:507} INFO - Filling up the DagBag from /home/airflow/.local/lib/python3.7/site-packages/airflow/example_dags/example_branch_operator_decorator.py
[2022-07-30 14:57:55,949] {processor.py:651} INFO - DAG(s) dict_keys(['example_branch_python_operator_decorator']) retrieved from /home/airflow/.local/lib/python3.7/site-packages/airflow/example_dags/example_branch_operator_decorator.py
[2022-07-30 14:57:55,989] {logging_mixin.py:115} INFO - [2022-07-30 14:57:55,989] {dag.py:2371} INFO - Sync 1 DAGs
[2022-07-30 14:57:56,011] {logging_mixin.py:115} INFO - [2022-07-30 14:57:56,011] {dag.py:2919} INFO - Setting next_dagrun for example_branch_python_operator_decorator to 2022-07-29T00:00:00+00:00, run_after=2022-07-30T00:00:00+00:00
[2022-07-30 14:57:56,033] {processor.py:161} INFO - Processing /home/airflow/.local/lib/python3.7/site-packages/airflow/example_dags/example_branch_operator_decorator.py took 0.111 seconds
[2022-07-30 15:06:00,779] {processor.py:153} INFO - Started process (PID=46842) to work on /home/airflow/.local/lib/python3.7/site-packages/airflow/example_dags/example_branch_operator_decorator.py
[2022-07-30 15:06:00,780] {processor.py:641} INFO - Processing file /home/airflow/.local/lib/python3.7/site-packages/airflow/example_dags/example_branch_operator_decorator.py for tasks to queue
[2022-07-30 15:06:00,781] {logging_mixin.py:115} INFO - [2022-07-30 15:06:00,781] {dagbag.py:507} INFO - Filling up the DagBag from /home/airflow/.local/lib/python3.7/site-packages/airflow/example_dags/example_branch_operator_decorator.py
[2022-07-30 15:06:00,803] {processor.py:651} INFO - DAG(s) dict_keys(['example_branch_python_operator_decorator']) retrieved from /home/airflow/.local/lib/python3.7/site-packages/airflow/example_dags/example_branch_operator_decorator.py
[2022-07-30 15:06:00,831] {logging_mixin.py:115} INFO - [2022-07-30 15:06:00,831] {dag.py:2371} INFO - Sync 1 DAGs
[2022-07-30 15:06:00,856] {logging_mixin.py:115} INFO - [2022-07-30 15:06:00,856] {dag.py:2919} INFO - Setting next_dagrun for example_branch_python_operator_decorator to 2022-07-29T00:00:00+00:00, run_after=2022-07-30T00:00:00+00:00
[2022-07-30 15:06:00,867] {processor.py:161} INFO - Processing /home/airflow/.local/lib/python3.7/site-packages/airflow/example_dags/example_branch_operator_decorator.py took 0.092 seconds
[2022-07-30 15:58:03,627] {processor.py:153} INFO - Started process (PID=46894) to work on /home/airflow/.local/lib/python3.7/site-packages/airflow/example_dags/example_branch_operator_decorator.py
[2022-07-30 15:58:03,628] {processor.py:641} INFO - Processing file /home/airflow/.local/lib/python3.7/site-packages/airflow/example_dags/example_branch_operator_decorator.py for tasks to queue
[2022-07-30 15:58:03,629] {logging_mixin.py:115} INFO - [2022-07-30 15:58:03,629] {dagbag.py:507} INFO - Filling up the DagBag from /home/airflow/.local/lib/python3.7/site-packages/airflow/example_dags/example_branch_operator_decorator.py
[2022-07-30 15:58:03,650] {processor.py:651} INFO - DAG(s) dict_keys(['example_branch_python_operator_decorator']) retrieved from /home/airflow/.local/lib/python3.7/site-packages/airflow/example_dags/example_branch_operator_decorator.py
[2022-07-30 15:58:03,691] {logging_mixin.py:115} INFO - [2022-07-30 15:58:03,691] {dag.py:2371} INFO - Sync 1 DAGs
[2022-07-30 15:58:03,718] {logging_mixin.py:115} INFO - [2022-07-30 15:58:03,717] {dag.py:2919} INFO - Setting next_dagrun for example_branch_python_operator_decorator to 2022-07-29T00:00:00+00:00, run_after=2022-07-30T00:00:00+00:00
[2022-07-30 15:58:03,733] {processor.py:161} INFO - Processing /home/airflow/.local/lib/python3.7/site-packages/airflow/example_dags/example_branch_operator_decorator.py took 0.112 seconds
[2022-07-30 16:03:54,771] {processor.py:153} INFO - Started process (PID=46971) to work on /home/airflow/.local/lib/python3.7/site-packages/airflow/example_dags/example_branch_operator_decorator.py
[2022-07-30 16:03:54,772] {processor.py:641} INFO - Processing file /home/airflow/.local/lib/python3.7/site-packages/airflow/example_dags/example_branch_operator_decorator.py for tasks to queue
[2022-07-30 16:03:54,774] {logging_mixin.py:115} INFO - [2022-07-30 16:03:54,774] {dagbag.py:507} INFO - Filling up the DagBag from /home/airflow/.local/lib/python3.7/site-packages/airflow/example_dags/example_branch_operator_decorator.py
[2022-07-30 16:03:54,804] {processor.py:651} INFO - DAG(s) dict_keys(['example_branch_python_operator_decorator']) retrieved from /home/airflow/.local/lib/python3.7/site-packages/airflow/example_dags/example_branch_operator_decorator.py
[2022-07-30 16:03:54,843] {logging_mixin.py:115} INFO - [2022-07-30 16:03:54,843] {dag.py:2371} INFO - Sync 1 DAGs
[2022-07-30 16:03:54,875] {logging_mixin.py:115} INFO - [2022-07-30 16:03:54,875] {dag.py:2919} INFO - Setting next_dagrun for example_branch_python_operator_decorator to 2022-07-29T00:00:00+00:00, run_after=2022-07-30T00:00:00+00:00
[2022-07-30 16:03:54,887] {processor.py:161} INFO - Processing /home/airflow/.local/lib/python3.7/site-packages/airflow/example_dags/example_branch_operator_decorator.py took 0.121 seconds
[2022-07-30 16:04:55,988] {processor.py:153} INFO - Started process (PID=47023) to work on /home/airflow/.local/lib/python3.7/site-packages/airflow/example_dags/example_branch_operator_decorator.py
[2022-07-30 16:04:55,989] {processor.py:641} INFO - Processing file /home/airflow/.local/lib/python3.7/site-packages/airflow/example_dags/example_branch_operator_decorator.py for tasks to queue
[2022-07-30 16:04:55,990] {logging_mixin.py:115} INFO - [2022-07-30 16:04:55,990] {dagbag.py:507} INFO - Filling up the DagBag from /home/airflow/.local/lib/python3.7/site-packages/airflow/example_dags/example_branch_operator_decorator.py
[2022-07-30 16:04:56,012] {processor.py:651} INFO - DAG(s) dict_keys(['example_branch_python_operator_decorator']) retrieved from /home/airflow/.local/lib/python3.7/site-packages/airflow/example_dags/example_branch_operator_decorator.py
[2022-07-30 16:04:56,038] {logging_mixin.py:115} INFO - [2022-07-30 16:04:56,038] {dag.py:2371} INFO - Sync 1 DAGs
[2022-07-30 16:04:56,059] {logging_mixin.py:115} INFO - [2022-07-30 16:04:56,059] {dag.py:2919} INFO - Setting next_dagrun for example_branch_python_operator_decorator to 2022-07-29T00:00:00+00:00, run_after=2022-07-30T00:00:00+00:00
[2022-07-30 16:04:56,070] {processor.py:161} INFO - Processing /home/airflow/.local/lib/python3.7/site-packages/airflow/example_dags/example_branch_operator_decorator.py took 0.085 seconds
[2022-07-30 18:05:10,146] {processor.py:153} INFO - Started process (PID=47105) to work on /home/airflow/.local/lib/python3.7/site-packages/airflow/example_dags/example_branch_operator_decorator.py
[2022-07-30 18:05:10,147] {processor.py:641} INFO - Processing file /home/airflow/.local/lib/python3.7/site-packages/airflow/example_dags/example_branch_operator_decorator.py for tasks to queue
[2022-07-30 18:05:10,148] {logging_mixin.py:115} INFO - [2022-07-30 18:05:10,148] {dagbag.py:507} INFO - Filling up the DagBag from /home/airflow/.local/lib/python3.7/site-packages/airflow/example_dags/example_branch_operator_decorator.py
[2022-07-30 18:05:10,169] {processor.py:651} INFO - DAG(s) dict_keys(['example_branch_python_operator_decorator']) retrieved from /home/airflow/.local/lib/python3.7/site-packages/airflow/example_dags/example_branch_operator_decorator.py
[2022-07-30 18:05:10,195] {logging_mixin.py:115} INFO - [2022-07-30 18:05:10,195] {dag.py:2371} INFO - Sync 1 DAGs
[2022-07-30 18:05:10,217] {logging_mixin.py:115} INFO - [2022-07-30 18:05:10,217] {dag.py:2919} INFO - Setting next_dagrun for example_branch_python_operator_decorator to 2022-07-29T00:00:00+00:00, run_after=2022-07-30T00:00:00+00:00
[2022-07-30 18:05:10,230] {processor.py:161} INFO - Processing /home/airflow/.local/lib/python3.7/site-packages/airflow/example_dags/example_branch_operator_decorator.py took 0.087 seconds
[2022-07-30 20:05:18,377] {processor.py:153} INFO - Started process (PID=47156) to work on /home/airflow/.local/lib/python3.7/site-packages/airflow/example_dags/example_branch_operator_decorator.py
[2022-07-30 20:05:18,378] {processor.py:641} INFO - Processing file /home/airflow/.local/lib/python3.7/site-packages/airflow/example_dags/example_branch_operator_decorator.py for tasks to queue
[2022-07-30 20:05:18,380] {logging_mixin.py:115} INFO - [2022-07-30 20:05:18,379] {dagbag.py:507} INFO - Filling up the DagBag from /home/airflow/.local/lib/python3.7/site-packages/airflow/example_dags/example_branch_operator_decorator.py
[2022-07-30 20:05:18,408] {processor.py:651} INFO - DAG(s) dict_keys(['example_branch_python_operator_decorator']) retrieved from /home/airflow/.local/lib/python3.7/site-packages/airflow/example_dags/example_branch_operator_decorator.py
[2022-07-30 20:05:18,444] {logging_mixin.py:115} INFO - [2022-07-30 20:05:18,444] {dag.py:2371} INFO - Sync 1 DAGs
[2022-07-30 20:05:18,472] {logging_mixin.py:115} INFO - [2022-07-30 20:05:18,472] {dag.py:2919} INFO - Setting next_dagrun for example_branch_python_operator_decorator to 2022-07-29T00:00:00+00:00, run_after=2022-07-30T00:00:00+00:00
[2022-07-30 20:05:18,483] {processor.py:161} INFO - Processing /home/airflow/.local/lib/python3.7/site-packages/airflow/example_dags/example_branch_operator_decorator.py took 0.112 seconds
[2022-07-30 22:05:28,729] {processor.py:153} INFO - Started process (PID=47207) to work on /home/airflow/.local/lib/python3.7/site-packages/airflow/example_dags/example_branch_operator_decorator.py
[2022-07-30 22:05:28,730] {processor.py:641} INFO - Processing file /home/airflow/.local/lib/python3.7/site-packages/airflow/example_dags/example_branch_operator_decorator.py for tasks to queue
[2022-07-30 22:05:28,731] {logging_mixin.py:115} INFO - [2022-07-30 22:05:28,731] {dagbag.py:507} INFO - Filling up the DagBag from /home/airflow/.local/lib/python3.7/site-packages/airflow/example_dags/example_branch_operator_decorator.py
[2022-07-30 22:05:28,751] {processor.py:651} INFO - DAG(s) dict_keys(['example_branch_python_operator_decorator']) retrieved from /home/airflow/.local/lib/python3.7/site-packages/airflow/example_dags/example_branch_operator_decorator.py
[2022-07-30 22:05:28,780] {logging_mixin.py:115} INFO - [2022-07-30 22:05:28,779] {dag.py:2371} INFO - Sync 1 DAGs
[2022-07-30 22:05:28,802] {logging_mixin.py:115} INFO - [2022-07-30 22:05:28,802] {dag.py:2919} INFO - Setting next_dagrun for example_branch_python_operator_decorator to 2022-07-29T00:00:00+00:00, run_after=2022-07-30T00:00:00+00:00
[2022-07-30 22:05:28,813] {processor.py:161} INFO - Processing /home/airflow/.local/lib/python3.7/site-packages/airflow/example_dags/example_branch_operator_decorator.py took 0.088 seconds
