[2022-07-30 00:59:37,190] {processor.py:153} INFO - Started process (PID=46618) to work on /home/airflow/.local/lib/python3.7/site-packages/airflow/example_dags/example_branch_labels.py
[2022-07-30 00:59:37,191] {processor.py:641} INFO - Processing file /home/airflow/.local/lib/python3.7/site-packages/airflow/example_dags/example_branch_labels.py for tasks to queue
[2022-07-30 00:59:37,192] {logging_mixin.py:115} INFO - [2022-07-30 00:59:37,192] {dagbag.py:507} INFO - Filling up the DagBag from /home/airflow/.local/lib/python3.7/site-packages/airflow/example_dags/example_branch_labels.py
[2022-07-30 00:59:37,201] {processor.py:651} INFO - DAG(s) dict_keys(['example_branch_labels']) retrieved from /home/airflow/.local/lib/python3.7/site-packages/airflow/example_dags/example_branch_labels.py
[2022-07-30 00:59:37,243] {logging_mixin.py:115} INFO - [2022-07-30 00:59:37,243] {dag.py:2371} INFO - Sync 1 DAGs
[2022-07-30 00:59:37,268] {logging_mixin.py:115} INFO - [2022-07-30 00:59:37,267] {dag.py:2919} INFO - Setting next_dagrun for example_branch_labels to 2022-07-29T00:00:00+00:00, run_after=2022-07-30T00:00:00+00:00
[2022-07-30 00:59:37,287] {processor.py:161} INFO - Processing /home/airflow/.local/lib/python3.7/site-packages/airflow/example_dags/example_branch_labels.py took 0.102 seconds
[2022-07-30 12:58:39,152] {processor.py:153} INFO - Started process (PID=46665) to work on /home/airflow/.local/lib/python3.7/site-packages/airflow/example_dags/example_branch_labels.py
[2022-07-30 12:58:39,154] {processor.py:641} INFO - Processing file /home/airflow/.local/lib/python3.7/site-packages/airflow/example_dags/example_branch_labels.py for tasks to queue
[2022-07-30 12:58:39,155] {logging_mixin.py:115} INFO - [2022-07-30 12:58:39,155] {dagbag.py:507} INFO - Filling up the DagBag from /home/airflow/.local/lib/python3.7/site-packages/airflow/example_dags/example_branch_labels.py
[2022-07-30 12:58:39,165] {processor.py:651} INFO - DAG(s) dict_keys(['example_branch_labels']) retrieved from /home/airflow/.local/lib/python3.7/site-packages/airflow/example_dags/example_branch_labels.py
[2022-07-30 12:58:39,205] {logging_mixin.py:115} INFO - [2022-07-30 12:58:39,205] {dag.py:2371} INFO - Sync 1 DAGs
[2022-07-30 12:58:39,247] {logging_mixin.py:115} INFO - [2022-07-30 12:58:39,247] {dag.py:2919} INFO - Setting next_dagrun for example_branch_labels to 2022-07-29T00:00:00+00:00, run_after=2022-07-30T00:00:00+00:00
[2022-07-30 12:58:39,260] {processor.py:161} INFO - Processing /home/airflow/.local/lib/python3.7/site-packages/airflow/example_dags/example_branch_labels.py took 0.112 seconds
[2022-07-30 14:57:24,996] {processor.py:153} INFO - Started process (PID=46716) to work on /home/airflow/.local/lib/python3.7/site-packages/airflow/example_dags/example_branch_labels.py
[2022-07-30 14:57:24,998] {processor.py:641} INFO - Processing file /home/airflow/.local/lib/python3.7/site-packages/airflow/example_dags/example_branch_labels.py for tasks to queue
[2022-07-30 14:57:24,999] {logging_mixin.py:115} INFO - [2022-07-30 14:57:24,999] {dagbag.py:507} INFO - Filling up the DagBag from /home/airflow/.local/lib/python3.7/site-packages/airflow/example_dags/example_branch_labels.py
[2022-07-30 14:57:25,007] {processor.py:651} INFO - DAG(s) dict_keys(['example_branch_labels']) retrieved from /home/airflow/.local/lib/python3.7/site-packages/airflow/example_dags/example_branch_labels.py
[2022-07-30 14:57:25,064] {logging_mixin.py:115} INFO - [2022-07-30 14:57:25,063] {dag.py:2371} INFO - Sync 1 DAGs
[2022-07-30 14:57:25,097] {logging_mixin.py:115} INFO - [2022-07-30 14:57:25,096] {dag.py:2919} INFO - Setting next_dagrun for example_branch_labels to 2022-07-29T00:00:00+00:00, run_after=2022-07-30T00:00:00+00:00
[2022-07-30 14:57:25,131] {processor.py:161} INFO - Processing /home/airflow/.local/lib/python3.7/site-packages/airflow/example_dags/example_branch_labels.py took 0.139 seconds
[2022-07-30 14:57:55,650] {processor.py:153} INFO - Started process (PID=46776) to work on /home/airflow/.local/lib/python3.7/site-packages/airflow/example_dags/example_branch_labels.py
[2022-07-30 14:57:55,651] {processor.py:641} INFO - Processing file /home/airflow/.local/lib/python3.7/site-packages/airflow/example_dags/example_branch_labels.py for tasks to queue
[2022-07-30 14:57:55,652] {logging_mixin.py:115} INFO - [2022-07-30 14:57:55,652] {dagbag.py:507} INFO - Filling up the DagBag from /home/airflow/.local/lib/python3.7/site-packages/airflow/example_dags/example_branch_labels.py
[2022-07-30 14:57:55,659] {processor.py:651} INFO - DAG(s) dict_keys(['example_branch_labels']) retrieved from /home/airflow/.local/lib/python3.7/site-packages/airflow/example_dags/example_branch_labels.py
[2022-07-30 14:57:55,687] {logging_mixin.py:115} INFO - [2022-07-30 14:57:55,687] {dag.py:2371} INFO - Sync 1 DAGs
[2022-07-30 14:57:55,709] {logging_mixin.py:115} INFO - [2022-07-30 14:57:55,709] {dag.py:2919} INFO - Setting next_dagrun for example_branch_labels to 2022-07-29T00:00:00+00:00, run_after=2022-07-30T00:00:00+00:00
[2022-07-30 14:57:55,720] {processor.py:161} INFO - Processing /home/airflow/.local/lib/python3.7/site-packages/airflow/example_dags/example_branch_labels.py took 0.074 seconds
[2022-07-30 15:06:00,385] {processor.py:153} INFO - Started process (PID=46837) to work on /home/airflow/.local/lib/python3.7/site-packages/airflow/example_dags/example_branch_labels.py
[2022-07-30 15:06:00,387] {processor.py:641} INFO - Processing file /home/airflow/.local/lib/python3.7/site-packages/airflow/example_dags/example_branch_labels.py for tasks to queue
[2022-07-30 15:06:00,388] {logging_mixin.py:115} INFO - [2022-07-30 15:06:00,388] {dagbag.py:507} INFO - Filling up the DagBag from /home/airflow/.local/lib/python3.7/site-packages/airflow/example_dags/example_branch_labels.py
[2022-07-30 15:06:00,398] {processor.py:651} INFO - DAG(s) dict_keys(['example_branch_labels']) retrieved from /home/airflow/.local/lib/python3.7/site-packages/airflow/example_dags/example_branch_labels.py
[2022-07-30 15:06:00,440] {logging_mixin.py:115} INFO - [2022-07-30 15:06:00,440] {dag.py:2371} INFO - Sync 1 DAGs
[2022-07-30 15:06:00,480] {logging_mixin.py:115} INFO - [2022-07-30 15:06:00,480] {dag.py:2919} INFO - Setting next_dagrun for example_branch_labels to 2022-07-29T00:00:00+00:00, run_after=2022-07-30T00:00:00+00:00
[2022-07-30 15:06:00,494] {processor.py:161} INFO - Processing /home/airflow/.local/lib/python3.7/site-packages/airflow/example_dags/example_branch_labels.py took 0.114 seconds
[2022-07-30 15:58:03,311] {processor.py:153} INFO - Started process (PID=46889) to work on /home/airflow/.local/lib/python3.7/site-packages/airflow/example_dags/example_branch_labels.py
[2022-07-30 15:58:03,312] {processor.py:641} INFO - Processing file /home/airflow/.local/lib/python3.7/site-packages/airflow/example_dags/example_branch_labels.py for tasks to queue
[2022-07-30 15:58:03,313] {logging_mixin.py:115} INFO - [2022-07-30 15:58:03,313] {dagbag.py:507} INFO - Filling up the DagBag from /home/airflow/.local/lib/python3.7/site-packages/airflow/example_dags/example_branch_labels.py
[2022-07-30 15:58:03,322] {processor.py:651} INFO - DAG(s) dict_keys(['example_branch_labels']) retrieved from /home/airflow/.local/lib/python3.7/site-packages/airflow/example_dags/example_branch_labels.py
[2022-07-30 15:58:03,353] {logging_mixin.py:115} INFO - [2022-07-30 15:58:03,353] {dag.py:2371} INFO - Sync 1 DAGs
[2022-07-30 15:58:03,380] {logging_mixin.py:115} INFO - [2022-07-30 15:58:03,380] {dag.py:2919} INFO - Setting next_dagrun for example_branch_labels to 2022-07-29T00:00:00+00:00, run_after=2022-07-30T00:00:00+00:00
[2022-07-30 15:58:03,391] {processor.py:161} INFO - Processing /home/airflow/.local/lib/python3.7/site-packages/airflow/example_dags/example_branch_labels.py took 0.086 seconds
[2022-07-30 16:03:54,470] {processor.py:153} INFO - Started process (PID=46966) to work on /home/airflow/.local/lib/python3.7/site-packages/airflow/example_dags/example_branch_labels.py
[2022-07-30 16:03:54,471] {processor.py:641} INFO - Processing file /home/airflow/.local/lib/python3.7/site-packages/airflow/example_dags/example_branch_labels.py for tasks to queue
[2022-07-30 16:03:54,473] {logging_mixin.py:115} INFO - [2022-07-30 16:03:54,473] {dagbag.py:507} INFO - Filling up the DagBag from /home/airflow/.local/lib/python3.7/site-packages/airflow/example_dags/example_branch_labels.py
[2022-07-30 16:03:54,481] {processor.py:651} INFO - DAG(s) dict_keys(['example_branch_labels']) retrieved from /home/airflow/.local/lib/python3.7/site-packages/airflow/example_dags/example_branch_labels.py
[2022-07-30 16:03:54,516] {logging_mixin.py:115} INFO - [2022-07-30 16:03:54,516] {dag.py:2371} INFO - Sync 1 DAGs
[2022-07-30 16:03:54,539] {logging_mixin.py:115} INFO - [2022-07-30 16:03:54,539] {dag.py:2919} INFO - Setting next_dagrun for example_branch_labels to 2022-07-29T00:00:00+00:00, run_after=2022-07-30T00:00:00+00:00
[2022-07-30 16:03:54,551] {processor.py:161} INFO - Processing /home/airflow/.local/lib/python3.7/site-packages/airflow/example_dags/example_branch_labels.py took 0.085 seconds
[2022-07-30 16:04:55,750] {processor.py:153} INFO - Started process (PID=47018) to work on /home/airflow/.local/lib/python3.7/site-packages/airflow/example_dags/example_branch_labels.py
[2022-07-30 16:04:55,751] {processor.py:641} INFO - Processing file /home/airflow/.local/lib/python3.7/site-packages/airflow/example_dags/example_branch_labels.py for tasks to queue
[2022-07-30 16:04:55,752] {logging_mixin.py:115} INFO - [2022-07-30 16:04:55,751] {dagbag.py:507} INFO - Filling up the DagBag from /home/airflow/.local/lib/python3.7/site-packages/airflow/example_dags/example_branch_labels.py
[2022-07-30 16:04:55,758] {processor.py:651} INFO - DAG(s) dict_keys(['example_branch_labels']) retrieved from /home/airflow/.local/lib/python3.7/site-packages/airflow/example_dags/example_branch_labels.py
[2022-07-30 16:04:55,790] {logging_mixin.py:115} INFO - [2022-07-30 16:04:55,790] {dag.py:2371} INFO - Sync 1 DAGs
[2022-07-30 16:04:55,811] {logging_mixin.py:115} INFO - [2022-07-30 16:04:55,811] {dag.py:2919} INFO - Setting next_dagrun for example_branch_labels to 2022-07-29T00:00:00+00:00, run_after=2022-07-30T00:00:00+00:00
[2022-07-30 16:04:55,820] {processor.py:161} INFO - Processing /home/airflow/.local/lib/python3.7/site-packages/airflow/example_dags/example_branch_labels.py took 0.074 seconds
[2022-07-30 18:05:09,787] {processor.py:153} INFO - Started process (PID=47100) to work on /home/airflow/.local/lib/python3.7/site-packages/airflow/example_dags/example_branch_labels.py
[2022-07-30 18:05:09,788] {processor.py:641} INFO - Processing file /home/airflow/.local/lib/python3.7/site-packages/airflow/example_dags/example_branch_labels.py for tasks to queue
[2022-07-30 18:05:09,789] {logging_mixin.py:115} INFO - [2022-07-30 18:05:09,788] {dagbag.py:507} INFO - Filling up the DagBag from /home/airflow/.local/lib/python3.7/site-packages/airflow/example_dags/example_branch_labels.py
[2022-07-30 18:05:09,796] {processor.py:651} INFO - DAG(s) dict_keys(['example_branch_labels']) retrieved from /home/airflow/.local/lib/python3.7/site-packages/airflow/example_dags/example_branch_labels.py
[2022-07-30 18:05:09,827] {logging_mixin.py:115} INFO - [2022-07-30 18:05:09,827] {dag.py:2371} INFO - Sync 1 DAGs
[2022-07-30 18:05:09,849] {logging_mixin.py:115} INFO - [2022-07-30 18:05:09,849] {dag.py:2919} INFO - Setting next_dagrun for example_branch_labels to 2022-07-29T00:00:00+00:00, run_after=2022-07-30T00:00:00+00:00
[2022-07-30 18:05:09,860] {processor.py:161} INFO - Processing /home/airflow/.local/lib/python3.7/site-packages/airflow/example_dags/example_branch_labels.py took 0.077 seconds
[2022-07-30 20:05:17,828] {processor.py:153} INFO - Started process (PID=47151) to work on /home/airflow/.local/lib/python3.7/site-packages/airflow/example_dags/example_branch_labels.py
[2022-07-30 20:05:17,829] {processor.py:641} INFO - Processing file /home/airflow/.local/lib/python3.7/site-packages/airflow/example_dags/example_branch_labels.py for tasks to queue
[2022-07-30 20:05:17,831] {logging_mixin.py:115} INFO - [2022-07-30 20:05:17,831] {dagbag.py:507} INFO - Filling up the DagBag from /home/airflow/.local/lib/python3.7/site-packages/airflow/example_dags/example_branch_labels.py
[2022-07-30 20:05:17,838] {processor.py:651} INFO - DAG(s) dict_keys(['example_branch_labels']) retrieved from /home/airflow/.local/lib/python3.7/site-packages/airflow/example_dags/example_branch_labels.py
[2022-07-30 20:05:17,876] {logging_mixin.py:115} INFO - [2022-07-30 20:05:17,876] {dag.py:2371} INFO - Sync 1 DAGs
[2022-07-30 20:05:17,906] {logging_mixin.py:115} INFO - [2022-07-30 20:05:17,906] {dag.py:2919} INFO - Setting next_dagrun for example_branch_labels to 2022-07-29T00:00:00+00:00, run_after=2022-07-30T00:00:00+00:00
[2022-07-30 20:05:17,920] {processor.py:161} INFO - Processing /home/airflow/.local/lib/python3.7/site-packages/airflow/example_dags/example_branch_labels.py took 0.096 seconds
[2022-07-30 22:05:28,383] {processor.py:153} INFO - Started process (PID=47202) to work on /home/airflow/.local/lib/python3.7/site-packages/airflow/example_dags/example_branch_labels.py
[2022-07-30 22:05:28,384] {processor.py:641} INFO - Processing file /home/airflow/.local/lib/python3.7/site-packages/airflow/example_dags/example_branch_labels.py for tasks to queue
[2022-07-30 22:05:28,385] {logging_mixin.py:115} INFO - [2022-07-30 22:05:28,385] {dagbag.py:507} INFO - Filling up the DagBag from /home/airflow/.local/lib/python3.7/site-packages/airflow/example_dags/example_branch_labels.py
[2022-07-30 22:05:28,393] {processor.py:651} INFO - DAG(s) dict_keys(['example_branch_labels']) retrieved from /home/airflow/.local/lib/python3.7/site-packages/airflow/example_dags/example_branch_labels.py
[2022-07-30 22:05:28,428] {logging_mixin.py:115} INFO - [2022-07-30 22:05:28,427] {dag.py:2371} INFO - Sync 1 DAGs
[2022-07-30 22:05:28,458] {logging_mixin.py:115} INFO - [2022-07-30 22:05:28,458] {dag.py:2919} INFO - Setting next_dagrun for example_branch_labels to 2022-07-29T00:00:00+00:00, run_after=2022-07-30T00:00:00+00:00
[2022-07-30 22:05:28,471] {processor.py:161} INFO - Processing /home/airflow/.local/lib/python3.7/site-packages/airflow/example_dags/example_branch_labels.py took 0.091 seconds
