[2022-07-30 00:59:38,075] {processor.py:153} INFO - Started process (PID=46628) to work on /home/airflow/.local/lib/python3.7/site-packages/airflow/example_dags/example_subdag_operator.py
[2022-07-30 00:59:38,076] {processor.py:641} INFO - Processing file /home/airflow/.local/lib/python3.7/site-packages/airflow/example_dags/example_subdag_operator.py for tasks to queue
[2022-07-30 00:59:38,077] {logging_mixin.py:115} INFO - [2022-07-30 00:59:38,077] {dagbag.py:507} INFO - Filling up the DagBag from /home/airflow/.local/lib/python3.7/site-packages/airflow/example_dags/example_subdag_operator.py
[2022-07-30 00:59:38,107] {processor.py:651} INFO - DAG(s) dict_keys(['example_subdag_operator.section-1', 'example_subdag_operator.section-2', 'example_subdag_operator']) retrieved from /home/airflow/.local/lib/python3.7/site-packages/airflow/example_dags/example_subdag_operator.py
[2022-07-30 00:59:38,184] {logging_mixin.py:115} INFO - [2022-07-30 00:59:38,184] {dag.py:2371} INFO - Sync 3 DAGs
[2022-07-30 00:59:38,207] {logging_mixin.py:115} INFO - [2022-07-30 00:59:38,207] {dag.py:2919} INFO - Setting next_dagrun for example_subdag_operator to 2022-07-28T00:00:00+00:00, run_after=2022-07-28T00:00:00+00:00
[2022-07-30 00:59:38,209] {logging_mixin.py:115} INFO - [2022-07-30 00:59:38,209] {dag.py:2919} INFO - Setting next_dagrun for example_subdag_operator.section-1 to None, run_after=None
[2022-07-30 00:59:38,212] {logging_mixin.py:115} INFO - [2022-07-30 00:59:38,212] {dag.py:2919} INFO - Setting next_dagrun for example_subdag_operator.section-2 to None, run_after=None
[2022-07-30 00:59:38,232] {logging_mixin.py:115} INFO - [2022-07-30 00:59:38,232] {dag.py:2371} INFO - Sync 2 DAGs
[2022-07-30 00:59:38,239] {logging_mixin.py:115} INFO - [2022-07-30 00:59:38,239] {dag.py:2919} INFO - Setting next_dagrun for example_subdag_operator.section-1 to None, run_after=None
[2022-07-30 00:59:38,239] {logging_mixin.py:115} INFO - [2022-07-30 00:59:38,239] {dag.py:2919} INFO - Setting next_dagrun for example_subdag_operator.section-2 to None, run_after=None
[2022-07-30 00:59:38,248] {processor.py:161} INFO - Processing /home/airflow/.local/lib/python3.7/site-packages/airflow/example_dags/example_subdag_operator.py took 0.177 seconds
[2022-07-30 12:58:39,924] {processor.py:153} INFO - Started process (PID=46675) to work on /home/airflow/.local/lib/python3.7/site-packages/airflow/example_dags/example_subdag_operator.py
[2022-07-30 12:58:39,925] {processor.py:641} INFO - Processing file /home/airflow/.local/lib/python3.7/site-packages/airflow/example_dags/example_subdag_operator.py for tasks to queue
[2022-07-30 12:58:39,927] {logging_mixin.py:115} INFO - [2022-07-30 12:58:39,927] {dagbag.py:507} INFO - Filling up the DagBag from /home/airflow/.local/lib/python3.7/site-packages/airflow/example_dags/example_subdag_operator.py
[2022-07-30 12:58:39,959] {processor.py:651} INFO - DAG(s) dict_keys(['example_subdag_operator.section-1', 'example_subdag_operator.section-2', 'example_subdag_operator']) retrieved from /home/airflow/.local/lib/python3.7/site-packages/airflow/example_dags/example_subdag_operator.py
[2022-07-30 12:58:39,993] {logging_mixin.py:115} INFO - [2022-07-30 12:58:39,993] {dag.py:2371} INFO - Sync 3 DAGs
[2022-07-30 12:58:40,014] {logging_mixin.py:115} INFO - [2022-07-30 12:58:40,013] {dag.py:2919} INFO - Setting next_dagrun for example_subdag_operator to 2022-07-28T00:00:00+00:00, run_after=2022-07-28T00:00:00+00:00
[2022-07-30 12:58:40,015] {logging_mixin.py:115} INFO - [2022-07-30 12:58:40,014] {dag.py:2919} INFO - Setting next_dagrun for example_subdag_operator.section-1 to None, run_after=None
[2022-07-30 12:58:40,015] {logging_mixin.py:115} INFO - [2022-07-30 12:58:40,015] {dag.py:2919} INFO - Setting next_dagrun for example_subdag_operator.section-2 to None, run_after=None
[2022-07-30 12:58:40,025] {logging_mixin.py:115} INFO - [2022-07-30 12:58:40,025] {dag.py:2371} INFO - Sync 2 DAGs
[2022-07-30 12:58:40,031] {logging_mixin.py:115} INFO - [2022-07-30 12:58:40,031] {dag.py:2919} INFO - Setting next_dagrun for example_subdag_operator.section-1 to None, run_after=None
[2022-07-30 12:58:40,034] {logging_mixin.py:115} INFO - [2022-07-30 12:58:40,034] {dag.py:2919} INFO - Setting next_dagrun for example_subdag_operator.section-2 to None, run_after=None
[2022-07-30 12:58:40,042] {processor.py:161} INFO - Processing /home/airflow/.local/lib/python3.7/site-packages/airflow/example_dags/example_subdag_operator.py took 0.122 seconds
[2022-07-30 14:57:26,191] {processor.py:153} INFO - Started process (PID=46726) to work on /home/airflow/.local/lib/python3.7/site-packages/airflow/example_dags/example_subdag_operator.py
[2022-07-30 14:57:26,193] {processor.py:641} INFO - Processing file /home/airflow/.local/lib/python3.7/site-packages/airflow/example_dags/example_subdag_operator.py for tasks to queue
[2022-07-30 14:57:26,195] {logging_mixin.py:115} INFO - [2022-07-30 14:57:26,194] {dagbag.py:507} INFO - Filling up the DagBag from /home/airflow/.local/lib/python3.7/site-packages/airflow/example_dags/example_subdag_operator.py
[2022-07-30 14:57:26,237] {processor.py:651} INFO - DAG(s) dict_keys(['example_subdag_operator.section-1', 'example_subdag_operator.section-2', 'example_subdag_operator']) retrieved from /home/airflow/.local/lib/python3.7/site-packages/airflow/example_dags/example_subdag_operator.py
[2022-07-30 14:57:26,285] {logging_mixin.py:115} INFO - [2022-07-30 14:57:26,285] {dag.py:2371} INFO - Sync 3 DAGs
[2022-07-30 14:57:26,311] {logging_mixin.py:115} INFO - [2022-07-30 14:57:26,311] {dag.py:2919} INFO - Setting next_dagrun for example_subdag_operator to 2022-07-28T00:00:00+00:00, run_after=2022-07-28T00:00:00+00:00
[2022-07-30 14:57:26,312] {logging_mixin.py:115} INFO - [2022-07-30 14:57:26,312] {dag.py:2919} INFO - Setting next_dagrun for example_subdag_operator.section-1 to None, run_after=None
[2022-07-30 14:57:26,313] {logging_mixin.py:115} INFO - [2022-07-30 14:57:26,313] {dag.py:2919} INFO - Setting next_dagrun for example_subdag_operator.section-2 to None, run_after=None
[2022-07-30 14:57:26,322] {logging_mixin.py:115} INFO - [2022-07-30 14:57:26,322] {dag.py:2371} INFO - Sync 2 DAGs
[2022-07-30 14:57:26,339] {logging_mixin.py:115} INFO - [2022-07-30 14:57:26,338] {dag.py:2919} INFO - Setting next_dagrun for example_subdag_operator.section-1 to None, run_after=None
[2022-07-30 14:57:26,340] {logging_mixin.py:115} INFO - [2022-07-30 14:57:26,340] {dag.py:2919} INFO - Setting next_dagrun for example_subdag_operator.section-2 to None, run_after=None
[2022-07-30 14:57:26,354] {processor.py:161} INFO - Processing /home/airflow/.local/lib/python3.7/site-packages/airflow/example_dags/example_subdag_operator.py took 0.169 seconds
[2022-07-30 14:57:57,243] {processor.py:153} INFO - Started process (PID=46786) to work on /home/airflow/.local/lib/python3.7/site-packages/airflow/example_dags/example_subdag_operator.py
[2022-07-30 14:57:57,244] {processor.py:641} INFO - Processing file /home/airflow/.local/lib/python3.7/site-packages/airflow/example_dags/example_subdag_operator.py for tasks to queue
[2022-07-30 14:57:57,245] {logging_mixin.py:115} INFO - [2022-07-30 14:57:57,245] {dagbag.py:507} INFO - Filling up the DagBag from /home/airflow/.local/lib/python3.7/site-packages/airflow/example_dags/example_subdag_operator.py
[2022-07-30 14:57:57,274] {processor.py:651} INFO - DAG(s) dict_keys(['example_subdag_operator.section-1', 'example_subdag_operator.section-2', 'example_subdag_operator']) retrieved from /home/airflow/.local/lib/python3.7/site-packages/airflow/example_dags/example_subdag_operator.py
[2022-07-30 14:57:57,307] {logging_mixin.py:115} INFO - [2022-07-30 14:57:57,307] {dag.py:2371} INFO - Sync 3 DAGs
[2022-07-30 14:57:57,326] {logging_mixin.py:115} INFO - [2022-07-30 14:57:57,326] {dag.py:2919} INFO - Setting next_dagrun for example_subdag_operator to 2022-07-28T00:00:00+00:00, run_after=2022-07-28T00:00:00+00:00
[2022-07-30 14:57:57,327] {logging_mixin.py:115} INFO - [2022-07-30 14:57:57,327] {dag.py:2919} INFO - Setting next_dagrun for example_subdag_operator.section-1 to None, run_after=None
[2022-07-30 14:57:57,327] {logging_mixin.py:115} INFO - [2022-07-30 14:57:57,327] {dag.py:2919} INFO - Setting next_dagrun for example_subdag_operator.section-2 to None, run_after=None
[2022-07-30 14:57:57,335] {logging_mixin.py:115} INFO - [2022-07-30 14:57:57,335] {dag.py:2371} INFO - Sync 2 DAGs
[2022-07-30 14:57:57,343] {logging_mixin.py:115} INFO - [2022-07-30 14:57:57,343] {dag.py:2919} INFO - Setting next_dagrun for example_subdag_operator.section-1 to None, run_after=None
[2022-07-30 14:57:57,344] {logging_mixin.py:115} INFO - [2022-07-30 14:57:57,344] {dag.py:2919} INFO - Setting next_dagrun for example_subdag_operator.section-2 to None, run_after=None
[2022-07-30 14:57:57,352] {processor.py:161} INFO - Processing /home/airflow/.local/lib/python3.7/site-packages/airflow/example_dags/example_subdag_operator.py took 0.113 seconds
[2022-07-30 15:06:01,053] {processor.py:153} INFO - Started process (PID=46847) to work on /home/airflow/.local/lib/python3.7/site-packages/airflow/example_dags/example_subdag_operator.py
[2022-07-30 15:06:01,054] {processor.py:641} INFO - Processing file /home/airflow/.local/lib/python3.7/site-packages/airflow/example_dags/example_subdag_operator.py for tasks to queue
[2022-07-30 15:06:01,055] {logging_mixin.py:115} INFO - [2022-07-30 15:06:01,055] {dagbag.py:507} INFO - Filling up the DagBag from /home/airflow/.local/lib/python3.7/site-packages/airflow/example_dags/example_subdag_operator.py
[2022-07-30 15:06:01,085] {processor.py:651} INFO - DAG(s) dict_keys(['example_subdag_operator.section-1', 'example_subdag_operator.section-2', 'example_subdag_operator']) retrieved from /home/airflow/.local/lib/python3.7/site-packages/airflow/example_dags/example_subdag_operator.py
[2022-07-30 15:06:01,118] {logging_mixin.py:115} INFO - [2022-07-30 15:06:01,118] {dag.py:2371} INFO - Sync 3 DAGs
[2022-07-30 15:06:01,137] {logging_mixin.py:115} INFO - [2022-07-30 15:06:01,137] {dag.py:2919} INFO - Setting next_dagrun for example_subdag_operator to 2022-07-28T00:00:00+00:00, run_after=2022-07-28T00:00:00+00:00
[2022-07-30 15:06:01,138] {logging_mixin.py:115} INFO - [2022-07-30 15:06:01,138] {dag.py:2919} INFO - Setting next_dagrun for example_subdag_operator.section-1 to None, run_after=None
[2022-07-30 15:06:01,139] {logging_mixin.py:115} INFO - [2022-07-30 15:06:01,138] {dag.py:2919} INFO - Setting next_dagrun for example_subdag_operator.section-2 to None, run_after=None
[2022-07-30 15:06:01,145] {logging_mixin.py:115} INFO - [2022-07-30 15:06:01,145] {dag.py:2371} INFO - Sync 2 DAGs
[2022-07-30 15:06:01,153] {logging_mixin.py:115} INFO - [2022-07-30 15:06:01,153] {dag.py:2919} INFO - Setting next_dagrun for example_subdag_operator.section-1 to None, run_after=None
[2022-07-30 15:06:01,154] {logging_mixin.py:115} INFO - [2022-07-30 15:06:01,154] {dag.py:2919} INFO - Setting next_dagrun for example_subdag_operator.section-2 to None, run_after=None
[2022-07-30 15:06:01,161] {processor.py:161} INFO - Processing /home/airflow/.local/lib/python3.7/site-packages/airflow/example_dags/example_subdag_operator.py took 0.111 seconds
[2022-07-30 15:58:03,943] {processor.py:153} INFO - Started process (PID=46899) to work on /home/airflow/.local/lib/python3.7/site-packages/airflow/example_dags/example_subdag_operator.py
[2022-07-30 15:58:03,944] {processor.py:641} INFO - Processing file /home/airflow/.local/lib/python3.7/site-packages/airflow/example_dags/example_subdag_operator.py for tasks to queue
[2022-07-30 15:58:03,945] {logging_mixin.py:115} INFO - [2022-07-30 15:58:03,945] {dagbag.py:507} INFO - Filling up the DagBag from /home/airflow/.local/lib/python3.7/site-packages/airflow/example_dags/example_subdag_operator.py
[2022-07-30 15:58:03,977] {processor.py:651} INFO - DAG(s) dict_keys(['example_subdag_operator.section-1', 'example_subdag_operator.section-2', 'example_subdag_operator']) retrieved from /home/airflow/.local/lib/python3.7/site-packages/airflow/example_dags/example_subdag_operator.py
[2022-07-30 15:58:04,019] {logging_mixin.py:115} INFO - [2022-07-30 15:58:04,018] {dag.py:2371} INFO - Sync 3 DAGs
[2022-07-30 15:58:04,041] {logging_mixin.py:115} INFO - [2022-07-30 15:58:04,041] {dag.py:2919} INFO - Setting next_dagrun for example_subdag_operator to 2022-07-28T00:00:00+00:00, run_after=2022-07-28T00:00:00+00:00
[2022-07-30 15:58:04,043] {logging_mixin.py:115} INFO - [2022-07-30 15:58:04,043] {dag.py:2919} INFO - Setting next_dagrun for example_subdag_operator.section-1 to None, run_after=None
[2022-07-30 15:58:04,044] {logging_mixin.py:115} INFO - [2022-07-30 15:58:04,044] {dag.py:2919} INFO - Setting next_dagrun for example_subdag_operator.section-2 to None, run_after=None
[2022-07-30 15:58:04,052] {logging_mixin.py:115} INFO - [2022-07-30 15:58:04,052] {dag.py:2371} INFO - Sync 2 DAGs
[2022-07-30 15:58:04,058] {logging_mixin.py:115} INFO - [2022-07-30 15:58:04,058] {dag.py:2919} INFO - Setting next_dagrun for example_subdag_operator.section-1 to None, run_after=None
[2022-07-30 15:58:04,058] {logging_mixin.py:115} INFO - [2022-07-30 15:58:04,058] {dag.py:2919} INFO - Setting next_dagrun for example_subdag_operator.section-2 to None, run_after=None
[2022-07-30 15:58:04,065] {processor.py:161} INFO - Processing /home/airflow/.local/lib/python3.7/site-packages/airflow/example_dags/example_subdag_operator.py took 0.126 seconds
[2022-07-30 16:03:55,121] {processor.py:153} INFO - Started process (PID=46976) to work on /home/airflow/.local/lib/python3.7/site-packages/airflow/example_dags/example_subdag_operator.py
[2022-07-30 16:03:55,121] {processor.py:641} INFO - Processing file /home/airflow/.local/lib/python3.7/site-packages/airflow/example_dags/example_subdag_operator.py for tasks to queue
[2022-07-30 16:03:55,123] {logging_mixin.py:115} INFO - [2022-07-30 16:03:55,122] {dagbag.py:507} INFO - Filling up the DagBag from /home/airflow/.local/lib/python3.7/site-packages/airflow/example_dags/example_subdag_operator.py
[2022-07-30 16:03:55,154] {processor.py:651} INFO - DAG(s) dict_keys(['example_subdag_operator.section-1', 'example_subdag_operator.section-2', 'example_subdag_operator']) retrieved from /home/airflow/.local/lib/python3.7/site-packages/airflow/example_dags/example_subdag_operator.py
[2022-07-30 16:03:55,186] {logging_mixin.py:115} INFO - [2022-07-30 16:03:55,186] {dag.py:2371} INFO - Sync 3 DAGs
[2022-07-30 16:03:55,206] {logging_mixin.py:115} INFO - [2022-07-30 16:03:55,206] {dag.py:2919} INFO - Setting next_dagrun for example_subdag_operator to 2022-07-28T00:00:00+00:00, run_after=2022-07-28T00:00:00+00:00
[2022-07-30 16:03:55,209] {logging_mixin.py:115} INFO - [2022-07-30 16:03:55,209] {dag.py:2919} INFO - Setting next_dagrun for example_subdag_operator.section-1 to None, run_after=None
[2022-07-30 16:03:55,210] {logging_mixin.py:115} INFO - [2022-07-30 16:03:55,209] {dag.py:2919} INFO - Setting next_dagrun for example_subdag_operator.section-2 to None, run_after=None
[2022-07-30 16:03:55,217] {logging_mixin.py:115} INFO - [2022-07-30 16:03:55,217] {dag.py:2371} INFO - Sync 2 DAGs
[2022-07-30 16:03:55,225] {logging_mixin.py:115} INFO - [2022-07-30 16:03:55,224] {dag.py:2919} INFO - Setting next_dagrun for example_subdag_operator.section-1 to None, run_after=None
[2022-07-30 16:03:55,225] {logging_mixin.py:115} INFO - [2022-07-30 16:03:55,225] {dag.py:2919} INFO - Setting next_dagrun for example_subdag_operator.section-2 to None, run_after=None
[2022-07-30 16:03:55,234] {processor.py:161} INFO - Processing /home/airflow/.local/lib/python3.7/site-packages/airflow/example_dags/example_subdag_operator.py took 0.117 seconds
[2022-07-30 16:04:56,253] {processor.py:153} INFO - Started process (PID=47028) to work on /home/airflow/.local/lib/python3.7/site-packages/airflow/example_dags/example_subdag_operator.py
[2022-07-30 16:04:56,254] {processor.py:641} INFO - Processing file /home/airflow/.local/lib/python3.7/site-packages/airflow/example_dags/example_subdag_operator.py for tasks to queue
[2022-07-30 16:04:56,255] {logging_mixin.py:115} INFO - [2022-07-30 16:04:56,255] {dagbag.py:507} INFO - Filling up the DagBag from /home/airflow/.local/lib/python3.7/site-packages/airflow/example_dags/example_subdag_operator.py
[2022-07-30 16:04:56,285] {processor.py:651} INFO - DAG(s) dict_keys(['example_subdag_operator.section-1', 'example_subdag_operator.section-2', 'example_subdag_operator']) retrieved from /home/airflow/.local/lib/python3.7/site-packages/airflow/example_dags/example_subdag_operator.py
[2022-07-30 16:04:56,317] {logging_mixin.py:115} INFO - [2022-07-30 16:04:56,317] {dag.py:2371} INFO - Sync 3 DAGs
[2022-07-30 16:04:56,336] {logging_mixin.py:115} INFO - [2022-07-30 16:04:56,335] {dag.py:2919} INFO - Setting next_dagrun for example_subdag_operator to 2022-07-28T00:00:00+00:00, run_after=2022-07-28T00:00:00+00:00
[2022-07-30 16:04:56,336] {logging_mixin.py:115} INFO - [2022-07-30 16:04:56,336] {dag.py:2919} INFO - Setting next_dagrun for example_subdag_operator.section-1 to None, run_after=None
[2022-07-30 16:04:56,337] {logging_mixin.py:115} INFO - [2022-07-30 16:04:56,337] {dag.py:2919} INFO - Setting next_dagrun for example_subdag_operator.section-2 to None, run_after=None
[2022-07-30 16:04:56,343] {logging_mixin.py:115} INFO - [2022-07-30 16:04:56,343] {dag.py:2371} INFO - Sync 2 DAGs
[2022-07-30 16:04:56,348] {logging_mixin.py:115} INFO - [2022-07-30 16:04:56,348] {dag.py:2919} INFO - Setting next_dagrun for example_subdag_operator.section-1 to None, run_after=None
[2022-07-30 16:04:56,349] {logging_mixin.py:115} INFO - [2022-07-30 16:04:56,349] {dag.py:2919} INFO - Setting next_dagrun for example_subdag_operator.section-2 to None, run_after=None
[2022-07-30 16:04:56,355] {processor.py:161} INFO - Processing /home/airflow/.local/lib/python3.7/site-packages/airflow/example_dags/example_subdag_operator.py took 0.106 seconds
[2022-07-30 18:05:10,374] {processor.py:153} INFO - Started process (PID=47110) to work on /home/airflow/.local/lib/python3.7/site-packages/airflow/example_dags/example_subdag_operator.py
[2022-07-30 18:05:10,375] {processor.py:641} INFO - Processing file /home/airflow/.local/lib/python3.7/site-packages/airflow/example_dags/example_subdag_operator.py for tasks to queue
[2022-07-30 18:05:10,376] {logging_mixin.py:115} INFO - [2022-07-30 18:05:10,376] {dagbag.py:507} INFO - Filling up the DagBag from /home/airflow/.local/lib/python3.7/site-packages/airflow/example_dags/example_subdag_operator.py
[2022-07-30 18:05:10,406] {processor.py:651} INFO - DAG(s) dict_keys(['example_subdag_operator.section-1', 'example_subdag_operator.section-2', 'example_subdag_operator']) retrieved from /home/airflow/.local/lib/python3.7/site-packages/airflow/example_dags/example_subdag_operator.py
[2022-07-30 18:05:10,443] {logging_mixin.py:115} INFO - [2022-07-30 18:05:10,443] {dag.py:2371} INFO - Sync 3 DAGs
[2022-07-30 18:05:10,469] {logging_mixin.py:115} INFO - [2022-07-30 18:05:10,469] {dag.py:2919} INFO - Setting next_dagrun for example_subdag_operator to 2022-07-28T00:00:00+00:00, run_after=2022-07-28T00:00:00+00:00
[2022-07-30 18:05:10,470] {logging_mixin.py:115} INFO - [2022-07-30 18:05:10,470] {dag.py:2919} INFO - Setting next_dagrun for example_subdag_operator.section-1 to None, run_after=None
[2022-07-30 18:05:10,471] {logging_mixin.py:115} INFO - [2022-07-30 18:05:10,471] {dag.py:2919} INFO - Setting next_dagrun for example_subdag_operator.section-2 to None, run_after=None
[2022-07-30 18:05:10,480] {logging_mixin.py:115} INFO - [2022-07-30 18:05:10,480] {dag.py:2371} INFO - Sync 2 DAGs
[2022-07-30 18:05:10,487] {logging_mixin.py:115} INFO - [2022-07-30 18:05:10,487] {dag.py:2919} INFO - Setting next_dagrun for example_subdag_operator.section-1 to None, run_after=None
[2022-07-30 18:05:10,488] {logging_mixin.py:115} INFO - [2022-07-30 18:05:10,488] {dag.py:2919} INFO - Setting next_dagrun for example_subdag_operator.section-2 to None, run_after=None
[2022-07-30 18:05:10,498] {processor.py:161} INFO - Processing /home/airflow/.local/lib/python3.7/site-packages/airflow/example_dags/example_subdag_operator.py took 0.128 seconds
[2022-07-30 20:05:18,652] {processor.py:153} INFO - Started process (PID=47161) to work on /home/airflow/.local/lib/python3.7/site-packages/airflow/example_dags/example_subdag_operator.py
[2022-07-30 20:05:18,653] {processor.py:641} INFO - Processing file /home/airflow/.local/lib/python3.7/site-packages/airflow/example_dags/example_subdag_operator.py for tasks to queue
[2022-07-30 20:05:18,654] {logging_mixin.py:115} INFO - [2022-07-30 20:05:18,654] {dagbag.py:507} INFO - Filling up the DagBag from /home/airflow/.local/lib/python3.7/site-packages/airflow/example_dags/example_subdag_operator.py
[2022-07-30 20:05:18,683] {processor.py:651} INFO - DAG(s) dict_keys(['example_subdag_operator.section-1', 'example_subdag_operator.section-2', 'example_subdag_operator']) retrieved from /home/airflow/.local/lib/python3.7/site-packages/airflow/example_dags/example_subdag_operator.py
[2022-07-30 20:05:18,721] {logging_mixin.py:115} INFO - [2022-07-30 20:05:18,721] {dag.py:2371} INFO - Sync 3 DAGs
[2022-07-30 20:05:18,743] {logging_mixin.py:115} INFO - [2022-07-30 20:05:18,743] {dag.py:2919} INFO - Setting next_dagrun for example_subdag_operator to 2022-07-28T00:00:00+00:00, run_after=2022-07-28T00:00:00+00:00
[2022-07-30 20:05:18,744] {logging_mixin.py:115} INFO - [2022-07-30 20:05:18,744] {dag.py:2919} INFO - Setting next_dagrun for example_subdag_operator.section-1 to None, run_after=None
[2022-07-30 20:05:18,745] {logging_mixin.py:115} INFO - [2022-07-30 20:05:18,745] {dag.py:2919} INFO - Setting next_dagrun for example_subdag_operator.section-2 to None, run_after=None
[2022-07-30 20:05:18,752] {logging_mixin.py:115} INFO - [2022-07-30 20:05:18,751] {dag.py:2371} INFO - Sync 2 DAGs
[2022-07-30 20:05:18,759] {logging_mixin.py:115} INFO - [2022-07-30 20:05:18,759] {dag.py:2919} INFO - Setting next_dagrun for example_subdag_operator.section-1 to None, run_after=None
[2022-07-30 20:05:18,760] {logging_mixin.py:115} INFO - [2022-07-30 20:05:18,760] {dag.py:2919} INFO - Setting next_dagrun for example_subdag_operator.section-2 to None, run_after=None
[2022-07-30 20:05:18,768] {processor.py:161} INFO - Processing /home/airflow/.local/lib/python3.7/site-packages/airflow/example_dags/example_subdag_operator.py took 0.120 seconds
[2022-07-30 22:05:29,011] {processor.py:153} INFO - Started process (PID=47212) to work on /home/airflow/.local/lib/python3.7/site-packages/airflow/example_dags/example_subdag_operator.py
[2022-07-30 22:05:29,012] {processor.py:641} INFO - Processing file /home/airflow/.local/lib/python3.7/site-packages/airflow/example_dags/example_subdag_operator.py for tasks to queue
[2022-07-30 22:05:29,013] {logging_mixin.py:115} INFO - [2022-07-30 22:05:29,013] {dagbag.py:507} INFO - Filling up the DagBag from /home/airflow/.local/lib/python3.7/site-packages/airflow/example_dags/example_subdag_operator.py
[2022-07-30 22:05:29,042] {processor.py:651} INFO - DAG(s) dict_keys(['example_subdag_operator.section-1', 'example_subdag_operator.section-2', 'example_subdag_operator']) retrieved from /home/airflow/.local/lib/python3.7/site-packages/airflow/example_dags/example_subdag_operator.py
[2022-07-30 22:05:29,076] {logging_mixin.py:115} INFO - [2022-07-30 22:05:29,076] {dag.py:2371} INFO - Sync 3 DAGs
[2022-07-30 22:05:29,094] {logging_mixin.py:115} INFO - [2022-07-30 22:05:29,094] {dag.py:2919} INFO - Setting next_dagrun for example_subdag_operator to 2022-07-28T00:00:00+00:00, run_after=2022-07-28T00:00:00+00:00
[2022-07-30 22:05:29,095] {logging_mixin.py:115} INFO - [2022-07-30 22:05:29,095] {dag.py:2919} INFO - Setting next_dagrun for example_subdag_operator.section-1 to None, run_after=None
[2022-07-30 22:05:29,096] {logging_mixin.py:115} INFO - [2022-07-30 22:05:29,096] {dag.py:2919} INFO - Setting next_dagrun for example_subdag_operator.section-2 to None, run_after=None
[2022-07-30 22:05:29,102] {logging_mixin.py:115} INFO - [2022-07-30 22:05:29,102] {dag.py:2371} INFO - Sync 2 DAGs
[2022-07-30 22:05:29,107] {logging_mixin.py:115} INFO - [2022-07-30 22:05:29,107] {dag.py:2919} INFO - Setting next_dagrun for example_subdag_operator.section-1 to None, run_after=None
[2022-07-30 22:05:29,107] {logging_mixin.py:115} INFO - [2022-07-30 22:05:29,107] {dag.py:2919} INFO - Setting next_dagrun for example_subdag_operator.section-2 to None, run_after=None
[2022-07-30 22:05:29,115] {processor.py:161} INFO - Processing /home/airflow/.local/lib/python3.7/site-packages/airflow/example_dags/example_subdag_operator.py took 0.108 seconds
