[2022-07-30 00:59:37,828] {processor.py:153} INFO - Started process (PID=46624) to work on /home/airflow/.local/lib/python3.7/site-packages/airflow/example_dags/example_bash_operator.py
[2022-07-30 00:59:37,829] {processor.py:641} INFO - Processing file /home/airflow/.local/lib/python3.7/site-packages/airflow/example_dags/example_bash_operator.py for tasks to queue
[2022-07-30 00:59:37,834] {logging_mixin.py:115} INFO - [2022-07-30 00:59:37,833] {dagbag.py:507} INFO - Filling up the DagBag from /home/airflow/.local/lib/python3.7/site-packages/airflow/example_dags/example_bash_operator.py
[2022-07-30 00:59:37,853] {processor.py:651} INFO - DAG(s) dict_keys(['example_bash_operator']) retrieved from /home/airflow/.local/lib/python3.7/site-packages/airflow/example_dags/example_bash_operator.py
[2022-07-30 00:59:37,891] {logging_mixin.py:115} INFO - [2022-07-30 00:59:37,891] {dag.py:2371} INFO - Sync 1 DAGs
[2022-07-30 00:59:37,921] {logging_mixin.py:115} INFO - [2022-07-30 00:59:37,920] {dag.py:2919} INFO - Setting next_dagrun for example_bash_operator to 2022-07-29T00:00:00+00:00, run_after=2022-07-30T00:00:00+00:00
[2022-07-30 00:59:37,933] {processor.py:161} INFO - Processing /home/airflow/.local/lib/python3.7/site-packages/airflow/example_dags/example_bash_operator.py took 0.110 seconds
[2022-07-30 12:58:39,671] {processor.py:153} INFO - Started process (PID=46671) to work on /home/airflow/.local/lib/python3.7/site-packages/airflow/example_dags/example_bash_operator.py
[2022-07-30 12:58:39,673] {processor.py:641} INFO - Processing file /home/airflow/.local/lib/python3.7/site-packages/airflow/example_dags/example_bash_operator.py for tasks to queue
[2022-07-30 12:58:39,674] {logging_mixin.py:115} INFO - [2022-07-30 12:58:39,674] {dagbag.py:507} INFO - Filling up the DagBag from /home/airflow/.local/lib/python3.7/site-packages/airflow/example_dags/example_bash_operator.py
[2022-07-30 12:58:39,687] {processor.py:651} INFO - DAG(s) dict_keys(['example_bash_operator']) retrieved from /home/airflow/.local/lib/python3.7/site-packages/airflow/example_dags/example_bash_operator.py
[2022-07-30 12:58:39,716] {logging_mixin.py:115} INFO - [2022-07-30 12:58:39,716] {dag.py:2371} INFO - Sync 1 DAGs
[2022-07-30 12:58:39,740] {logging_mixin.py:115} INFO - [2022-07-30 12:58:39,740] {dag.py:2919} INFO - Setting next_dagrun for example_bash_operator to 2022-07-29T00:00:00+00:00, run_after=2022-07-30T00:00:00+00:00
[2022-07-30 12:58:39,754] {processor.py:161} INFO - Processing /home/airflow/.local/lib/python3.7/site-packages/airflow/example_dags/example_bash_operator.py took 0.086 seconds
[2022-07-30 14:57:25,642] {processor.py:153} INFO - Started process (PID=46722) to work on /home/airflow/.local/lib/python3.7/site-packages/airflow/example_dags/example_bash_operator.py
[2022-07-30 14:57:25,644] {processor.py:641} INFO - Processing file /home/airflow/.local/lib/python3.7/site-packages/airflow/example_dags/example_bash_operator.py for tasks to queue
[2022-07-30 14:57:25,646] {logging_mixin.py:115} INFO - [2022-07-30 14:57:25,646] {dagbag.py:507} INFO - Filling up the DagBag from /home/airflow/.local/lib/python3.7/site-packages/airflow/example_dags/example_bash_operator.py
[2022-07-30 14:57:25,669] {processor.py:651} INFO - DAG(s) dict_keys(['example_bash_operator']) retrieved from /home/airflow/.local/lib/python3.7/site-packages/airflow/example_dags/example_bash_operator.py
[2022-07-30 14:57:25,723] {logging_mixin.py:115} INFO - [2022-07-30 14:57:25,723] {dag.py:2371} INFO - Sync 1 DAGs
[2022-07-30 14:57:25,762] {logging_mixin.py:115} INFO - [2022-07-30 14:57:25,761] {dag.py:2919} INFO - Setting next_dagrun for example_bash_operator to 2022-07-29T00:00:00+00:00, run_after=2022-07-30T00:00:00+00:00
[2022-07-30 14:57:25,783] {processor.py:161} INFO - Processing /home/airflow/.local/lib/python3.7/site-packages/airflow/example_dags/example_bash_operator.py took 0.147 seconds
[2022-07-30 14:57:56,021] {processor.py:153} INFO - Started process (PID=46782) to work on /home/airflow/.local/lib/python3.7/site-packages/airflow/example_dags/example_bash_operator.py
[2022-07-30 14:57:56,028] {processor.py:641} INFO - Processing file /home/airflow/.local/lib/python3.7/site-packages/airflow/example_dags/example_bash_operator.py for tasks to queue
[2022-07-30 14:57:56,030] {logging_mixin.py:115} INFO - [2022-07-30 14:57:56,030] {dagbag.py:507} INFO - Filling up the DagBag from /home/airflow/.local/lib/python3.7/site-packages/airflow/example_dags/example_bash_operator.py
[2022-07-30 14:57:56,043] {processor.py:651} INFO - DAG(s) dict_keys(['example_bash_operator']) retrieved from /home/airflow/.local/lib/python3.7/site-packages/airflow/example_dags/example_bash_operator.py
[2022-07-30 14:57:56,072] {logging_mixin.py:115} INFO - [2022-07-30 14:57:56,072] {dag.py:2371} INFO - Sync 1 DAGs
[2022-07-30 14:57:56,094] {logging_mixin.py:115} INFO - [2022-07-30 14:57:56,094] {dag.py:2919} INFO - Setting next_dagrun for example_bash_operator to 2022-07-29T00:00:00+00:00, run_after=2022-07-30T00:00:00+00:00
[2022-07-30 14:57:56,105] {processor.py:161} INFO - Processing /home/airflow/.local/lib/python3.7/site-packages/airflow/example_dags/example_bash_operator.py took 0.088 seconds
[2022-07-30 15:06:00,842] {processor.py:153} INFO - Started process (PID=46843) to work on /home/airflow/.local/lib/python3.7/site-packages/airflow/example_dags/example_bash_operator.py
[2022-07-30 15:06:00,843] {processor.py:641} INFO - Processing file /home/airflow/.local/lib/python3.7/site-packages/airflow/example_dags/example_bash_operator.py for tasks to queue
[2022-07-30 15:06:00,844] {logging_mixin.py:115} INFO - [2022-07-30 15:06:00,844] {dagbag.py:507} INFO - Filling up the DagBag from /home/airflow/.local/lib/python3.7/site-packages/airflow/example_dags/example_bash_operator.py
[2022-07-30 15:06:00,856] {processor.py:651} INFO - DAG(s) dict_keys(['example_bash_operator']) retrieved from /home/airflow/.local/lib/python3.7/site-packages/airflow/example_dags/example_bash_operator.py
[2022-07-30 15:06:00,884] {logging_mixin.py:115} INFO - [2022-07-30 15:06:00,884] {dag.py:2371} INFO - Sync 1 DAGs
[2022-07-30 15:06:00,906] {logging_mixin.py:115} INFO - [2022-07-30 15:06:00,906] {dag.py:2919} INFO - Setting next_dagrun for example_bash_operator to 2022-07-29T00:00:00+00:00, run_after=2022-07-30T00:00:00+00:00
[2022-07-30 15:06:00,917] {processor.py:161} INFO - Processing /home/airflow/.local/lib/python3.7/site-packages/airflow/example_dags/example_bash_operator.py took 0.079 seconds
[2022-07-30 15:58:03,698] {processor.py:153} INFO - Started process (PID=46895) to work on /home/airflow/.local/lib/python3.7/site-packages/airflow/example_dags/example_bash_operator.py
[2022-07-30 15:58:03,700] {processor.py:641} INFO - Processing file /home/airflow/.local/lib/python3.7/site-packages/airflow/example_dags/example_bash_operator.py for tasks to queue
[2022-07-30 15:58:03,701] {logging_mixin.py:115} INFO - [2022-07-30 15:58:03,701] {dagbag.py:507} INFO - Filling up the DagBag from /home/airflow/.local/lib/python3.7/site-packages/airflow/example_dags/example_bash_operator.py
[2022-07-30 15:58:03,714] {processor.py:651} INFO - DAG(s) dict_keys(['example_bash_operator']) retrieved from /home/airflow/.local/lib/python3.7/site-packages/airflow/example_dags/example_bash_operator.py
[2022-07-30 15:58:03,749] {logging_mixin.py:115} INFO - [2022-07-30 15:58:03,748] {dag.py:2371} INFO - Sync 1 DAGs
[2022-07-30 15:58:03,775] {logging_mixin.py:115} INFO - [2022-07-30 15:58:03,775] {dag.py:2919} INFO - Setting next_dagrun for example_bash_operator to 2022-07-29T00:00:00+00:00, run_after=2022-07-30T00:00:00+00:00
[2022-07-30 15:58:03,790] {processor.py:161} INFO - Processing /home/airflow/.local/lib/python3.7/site-packages/airflow/example_dags/example_bash_operator.py took 0.095 seconds
[2022-07-30 16:03:54,907] {processor.py:153} INFO - Started process (PID=46972) to work on /home/airflow/.local/lib/python3.7/site-packages/airflow/example_dags/example_bash_operator.py
[2022-07-30 16:03:54,908] {processor.py:641} INFO - Processing file /home/airflow/.local/lib/python3.7/site-packages/airflow/example_dags/example_bash_operator.py for tasks to queue
[2022-07-30 16:03:54,909] {logging_mixin.py:115} INFO - [2022-07-30 16:03:54,909] {dagbag.py:507} INFO - Filling up the DagBag from /home/airflow/.local/lib/python3.7/site-packages/airflow/example_dags/example_bash_operator.py
[2022-07-30 16:03:54,920] {processor.py:651} INFO - DAG(s) dict_keys(['example_bash_operator']) retrieved from /home/airflow/.local/lib/python3.7/site-packages/airflow/example_dags/example_bash_operator.py
[2022-07-30 16:03:54,950] {logging_mixin.py:115} INFO - [2022-07-30 16:03:54,950] {dag.py:2371} INFO - Sync 1 DAGs
[2022-07-30 16:03:54,971] {logging_mixin.py:115} INFO - [2022-07-30 16:03:54,971] {dag.py:2919} INFO - Setting next_dagrun for example_bash_operator to 2022-07-29T00:00:00+00:00, run_after=2022-07-30T00:00:00+00:00
[2022-07-30 16:03:54,982] {processor.py:161} INFO - Processing /home/airflow/.local/lib/python3.7/site-packages/airflow/example_dags/example_bash_operator.py took 0.079 seconds
[2022-07-30 16:04:56,051] {processor.py:153} INFO - Started process (PID=47024) to work on /home/airflow/.local/lib/python3.7/site-packages/airflow/example_dags/example_bash_operator.py
[2022-07-30 16:04:56,052] {processor.py:641} INFO - Processing file /home/airflow/.local/lib/python3.7/site-packages/airflow/example_dags/example_bash_operator.py for tasks to queue
[2022-07-30 16:04:56,053] {logging_mixin.py:115} INFO - [2022-07-30 16:04:56,053] {dagbag.py:507} INFO - Filling up the DagBag from /home/airflow/.local/lib/python3.7/site-packages/airflow/example_dags/example_bash_operator.py
[2022-07-30 16:04:56,064] {processor.py:651} INFO - DAG(s) dict_keys(['example_bash_operator']) retrieved from /home/airflow/.local/lib/python3.7/site-packages/airflow/example_dags/example_bash_operator.py
[2022-07-30 16:04:56,093] {logging_mixin.py:115} INFO - [2022-07-30 16:04:56,093] {dag.py:2371} INFO - Sync 1 DAGs
[2022-07-30 16:04:56,114] {logging_mixin.py:115} INFO - [2022-07-30 16:04:56,113] {dag.py:2919} INFO - Setting next_dagrun for example_bash_operator to 2022-07-29T00:00:00+00:00, run_after=2022-07-30T00:00:00+00:00
[2022-07-30 16:04:56,124] {processor.py:161} INFO - Processing /home/airflow/.local/lib/python3.7/site-packages/airflow/example_dags/example_bash_operator.py took 0.077 seconds
[2022-07-30 18:05:10,152] {processor.py:153} INFO - Started process (PID=47106) to work on /home/airflow/.local/lib/python3.7/site-packages/airflow/example_dags/example_bash_operator.py
[2022-07-30 18:05:10,153] {processor.py:641} INFO - Processing file /home/airflow/.local/lib/python3.7/site-packages/airflow/example_dags/example_bash_operator.py for tasks to queue
[2022-07-30 18:05:10,154] {logging_mixin.py:115} INFO - [2022-07-30 18:05:10,154] {dagbag.py:507} INFO - Filling up the DagBag from /home/airflow/.local/lib/python3.7/site-packages/airflow/example_dags/example_bash_operator.py
[2022-07-30 18:05:10,166] {processor.py:651} INFO - DAG(s) dict_keys(['example_bash_operator']) retrieved from /home/airflow/.local/lib/python3.7/site-packages/airflow/example_dags/example_bash_operator.py
[2022-07-30 18:05:10,193] {logging_mixin.py:115} INFO - [2022-07-30 18:05:10,193] {dag.py:2371} INFO - Sync 1 DAGs
[2022-07-30 18:05:10,215] {logging_mixin.py:115} INFO - [2022-07-30 18:05:10,215] {dag.py:2919} INFO - Setting next_dagrun for example_bash_operator to 2022-07-29T00:00:00+00:00, run_after=2022-07-30T00:00:00+00:00
[2022-07-30 18:05:10,229] {processor.py:161} INFO - Processing /home/airflow/.local/lib/python3.7/site-packages/airflow/example_dags/example_bash_operator.py took 0.081 seconds
[2022-07-30 20:05:18,404] {processor.py:153} INFO - Started process (PID=47157) to work on /home/airflow/.local/lib/python3.7/site-packages/airflow/example_dags/example_bash_operator.py
[2022-07-30 20:05:18,406] {processor.py:641} INFO - Processing file /home/airflow/.local/lib/python3.7/site-packages/airflow/example_dags/example_bash_operator.py for tasks to queue
[2022-07-30 20:05:18,408] {logging_mixin.py:115} INFO - [2022-07-30 20:05:18,407] {dagbag.py:507} INFO - Filling up the DagBag from /home/airflow/.local/lib/python3.7/site-packages/airflow/example_dags/example_bash_operator.py
[2022-07-30 20:05:18,427] {processor.py:651} INFO - DAG(s) dict_keys(['example_bash_operator']) retrieved from /home/airflow/.local/lib/python3.7/site-packages/airflow/example_dags/example_bash_operator.py
[2022-07-30 20:05:18,463] {logging_mixin.py:115} INFO - [2022-07-30 20:05:18,463] {dag.py:2371} INFO - Sync 1 DAGs
[2022-07-30 20:05:18,488] {logging_mixin.py:115} INFO - [2022-07-30 20:05:18,488] {dag.py:2919} INFO - Setting next_dagrun for example_bash_operator to 2022-07-29T00:00:00+00:00, run_after=2022-07-30T00:00:00+00:00
[2022-07-30 20:05:18,501] {processor.py:161} INFO - Processing /home/airflow/.local/lib/python3.7/site-packages/airflow/example_dags/example_bash_operator.py took 0.101 seconds
[2022-07-30 22:05:28,802] {processor.py:153} INFO - Started process (PID=47208) to work on /home/airflow/.local/lib/python3.7/site-packages/airflow/example_dags/example_bash_operator.py
[2022-07-30 22:05:28,803] {processor.py:641} INFO - Processing file /home/airflow/.local/lib/python3.7/site-packages/airflow/example_dags/example_bash_operator.py for tasks to queue
[2022-07-30 22:05:28,804] {logging_mixin.py:115} INFO - [2022-07-30 22:05:28,804] {dagbag.py:507} INFO - Filling up the DagBag from /home/airflow/.local/lib/python3.7/site-packages/airflow/example_dags/example_bash_operator.py
[2022-07-30 22:05:28,817] {processor.py:651} INFO - DAG(s) dict_keys(['example_bash_operator']) retrieved from /home/airflow/.local/lib/python3.7/site-packages/airflow/example_dags/example_bash_operator.py
[2022-07-30 22:05:28,846] {logging_mixin.py:115} INFO - [2022-07-30 22:05:28,845] {dag.py:2371} INFO - Sync 1 DAGs
[2022-07-30 22:05:28,867] {logging_mixin.py:115} INFO - [2022-07-30 22:05:28,867] {dag.py:2919} INFO - Setting next_dagrun for example_bash_operator to 2022-07-29T00:00:00+00:00, run_after=2022-07-30T00:00:00+00:00
[2022-07-30 22:05:28,878] {processor.py:161} INFO - Processing /home/airflow/.local/lib/python3.7/site-packages/airflow/example_dags/example_bash_operator.py took 0.080 seconds
