[2022-07-30 00:59:38,276] {processor.py:153} INFO - Started process (PID=46631) to work on /home/airflow/.local/lib/python3.7/site-packages/airflow/example_dags/tutorial_etl_dag.py
[2022-07-30 00:59:38,277] {processor.py:641} INFO - Processing file /home/airflow/.local/lib/python3.7/site-packages/airflow/example_dags/tutorial_etl_dag.py for tasks to queue
[2022-07-30 00:59:38,278] {logging_mixin.py:115} INFO - [2022-07-30 00:59:38,278] {dagbag.py:507} INFO - Filling up the DagBag from /home/airflow/.local/lib/python3.7/site-packages/airflow/example_dags/tutorial_etl_dag.py
[2022-07-30 00:59:38,287] {processor.py:651} INFO - DAG(s) dict_keys(['tutorial_etl_dag']) retrieved from /home/airflow/.local/lib/python3.7/site-packages/airflow/example_dags/tutorial_etl_dag.py
[2022-07-30 00:59:38,314] {logging_mixin.py:115} INFO - [2022-07-30 00:59:38,313] {dag.py:2371} INFO - Sync 1 DAGs
[2022-07-30 00:59:38,334] {logging_mixin.py:115} INFO - [2022-07-30 00:59:38,334] {dag.py:2919} INFO - Setting next_dagrun for tutorial_etl_dag to None, run_after=None
[2022-07-30 00:59:38,351] {processor.py:161} INFO - Processing /home/airflow/.local/lib/python3.7/site-packages/airflow/example_dags/tutorial_etl_dag.py took 0.079 seconds
[2022-07-30 12:58:40,068] {processor.py:153} INFO - Started process (PID=46678) to work on /home/airflow/.local/lib/python3.7/site-packages/airflow/example_dags/tutorial_etl_dag.py
[2022-07-30 12:58:40,610] {processor.py:641} INFO - Processing file /home/airflow/.local/lib/python3.7/site-packages/airflow/example_dags/tutorial_etl_dag.py for tasks to queue
[2022-07-30 12:58:40,611] {logging_mixin.py:115} INFO - [2022-07-30 12:58:40,611] {dagbag.py:507} INFO - Filling up the DagBag from /home/airflow/.local/lib/python3.7/site-packages/airflow/example_dags/tutorial_etl_dag.py
[2022-07-30 12:58:40,620] {processor.py:651} INFO - DAG(s) dict_keys(['tutorial_etl_dag']) retrieved from /home/airflow/.local/lib/python3.7/site-packages/airflow/example_dags/tutorial_etl_dag.py
[2022-07-30 12:58:40,648] {logging_mixin.py:115} INFO - [2022-07-30 12:58:40,648] {dag.py:2371} INFO - Sync 1 DAGs
[2022-07-30 12:58:40,669] {logging_mixin.py:115} INFO - [2022-07-30 12:58:40,669] {dag.py:2919} INFO - Setting next_dagrun for tutorial_etl_dag to None, run_after=None
[2022-07-30 12:58:40,682] {processor.py:161} INFO - Processing /home/airflow/.local/lib/python3.7/site-packages/airflow/example_dags/tutorial_etl_dag.py took 0.617 seconds
[2022-07-30 14:57:26,388] {processor.py:153} INFO - Started process (PID=46729) to work on /home/airflow/.local/lib/python3.7/site-packages/airflow/example_dags/tutorial_etl_dag.py
[2022-07-30 14:57:26,389] {processor.py:641} INFO - Processing file /home/airflow/.local/lib/python3.7/site-packages/airflow/example_dags/tutorial_etl_dag.py for tasks to queue
[2022-07-30 14:57:26,391] {logging_mixin.py:115} INFO - [2022-07-30 14:57:26,391] {dagbag.py:507} INFO - Filling up the DagBag from /home/airflow/.local/lib/python3.7/site-packages/airflow/example_dags/tutorial_etl_dag.py
[2022-07-30 14:57:26,402] {processor.py:651} INFO - DAG(s) dict_keys(['tutorial_etl_dag']) retrieved from /home/airflow/.local/lib/python3.7/site-packages/airflow/example_dags/tutorial_etl_dag.py
[2022-07-30 14:57:26,442] {logging_mixin.py:115} INFO - [2022-07-30 14:57:26,442] {dag.py:2371} INFO - Sync 1 DAGs
[2022-07-30 14:57:26,470] {logging_mixin.py:115} INFO - [2022-07-30 14:57:26,470] {dag.py:2919} INFO - Setting next_dagrun for tutorial_etl_dag to None, run_after=None
[2022-07-30 14:57:26,496] {processor.py:161} INFO - Processing /home/airflow/.local/lib/python3.7/site-packages/airflow/example_dags/tutorial_etl_dag.py took 0.113 seconds
[2022-07-30 14:57:57,379] {processor.py:153} INFO - Started process (PID=46789) to work on /home/airflow/.local/lib/python3.7/site-packages/airflow/example_dags/tutorial_etl_dag.py
[2022-07-30 14:57:57,380] {processor.py:641} INFO - Processing file /home/airflow/.local/lib/python3.7/site-packages/airflow/example_dags/tutorial_etl_dag.py for tasks to queue
[2022-07-30 14:57:57,382] {logging_mixin.py:115} INFO - [2022-07-30 14:57:57,382] {dagbag.py:507} INFO - Filling up the DagBag from /home/airflow/.local/lib/python3.7/site-packages/airflow/example_dags/tutorial_etl_dag.py
[2022-07-30 14:57:57,390] {processor.py:651} INFO - DAG(s) dict_keys(['tutorial_etl_dag']) retrieved from /home/airflow/.local/lib/python3.7/site-packages/airflow/example_dags/tutorial_etl_dag.py
[2022-07-30 14:57:57,417] {logging_mixin.py:115} INFO - [2022-07-30 14:57:57,417] {dag.py:2371} INFO - Sync 1 DAGs
[2022-07-30 14:57:57,437] {logging_mixin.py:115} INFO - [2022-07-30 14:57:57,437] {dag.py:2919} INFO - Setting next_dagrun for tutorial_etl_dag to None, run_after=None
[2022-07-30 14:57:57,449] {processor.py:161} INFO - Processing /home/airflow/.local/lib/python3.7/site-packages/airflow/example_dags/tutorial_etl_dag.py took 0.073 seconds
[2022-07-30 15:06:01,282] {processor.py:153} INFO - Started process (PID=46850) to work on /home/airflow/.local/lib/python3.7/site-packages/airflow/example_dags/tutorial_etl_dag.py
[2022-07-30 15:06:01,283] {processor.py:641} INFO - Processing file /home/airflow/.local/lib/python3.7/site-packages/airflow/example_dags/tutorial_etl_dag.py for tasks to queue
[2022-07-30 15:06:01,284] {logging_mixin.py:115} INFO - [2022-07-30 15:06:01,284] {dagbag.py:507} INFO - Filling up the DagBag from /home/airflow/.local/lib/python3.7/site-packages/airflow/example_dags/tutorial_etl_dag.py
[2022-07-30 15:06:01,292] {processor.py:651} INFO - DAG(s) dict_keys(['tutorial_etl_dag']) retrieved from /home/airflow/.local/lib/python3.7/site-packages/airflow/example_dags/tutorial_etl_dag.py
[2022-07-30 15:06:01,321] {logging_mixin.py:115} INFO - [2022-07-30 15:06:01,321] {dag.py:2371} INFO - Sync 1 DAGs
[2022-07-30 15:06:01,341] {logging_mixin.py:115} INFO - [2022-07-30 15:06:01,341] {dag.py:2919} INFO - Setting next_dagrun for tutorial_etl_dag to None, run_after=None
[2022-07-30 15:06:01,352] {processor.py:161} INFO - Processing /home/airflow/.local/lib/python3.7/site-packages/airflow/example_dags/tutorial_etl_dag.py took 0.074 seconds
[2022-07-30 15:58:04,117] {processor.py:153} INFO - Started process (PID=46902) to work on /home/airflow/.local/lib/python3.7/site-packages/airflow/example_dags/tutorial_etl_dag.py
[2022-07-30 15:58:04,126] {processor.py:641} INFO - Processing file /home/airflow/.local/lib/python3.7/site-packages/airflow/example_dags/tutorial_etl_dag.py for tasks to queue
[2022-07-30 15:58:04,127] {logging_mixin.py:115} INFO - [2022-07-30 15:58:04,127] {dagbag.py:507} INFO - Filling up the DagBag from /home/airflow/.local/lib/python3.7/site-packages/airflow/example_dags/tutorial_etl_dag.py
[2022-07-30 15:58:04,136] {processor.py:651} INFO - DAG(s) dict_keys(['tutorial_etl_dag']) retrieved from /home/airflow/.local/lib/python3.7/site-packages/airflow/example_dags/tutorial_etl_dag.py
[2022-07-30 15:58:04,166] {logging_mixin.py:115} INFO - [2022-07-30 15:58:04,166] {dag.py:2371} INFO - Sync 1 DAGs
[2022-07-30 15:58:04,189] {logging_mixin.py:115} INFO - [2022-07-30 15:58:04,189] {dag.py:2919} INFO - Setting next_dagrun for tutorial_etl_dag to None, run_after=None
[2022-07-30 15:58:04,202] {processor.py:161} INFO - Processing /home/airflow/.local/lib/python3.7/site-packages/airflow/example_dags/tutorial_etl_dag.py took 0.088 seconds
[2022-07-30 16:03:55,261] {processor.py:153} INFO - Started process (PID=46979) to work on /home/airflow/.local/lib/python3.7/site-packages/airflow/example_dags/tutorial_etl_dag.py
[2022-07-30 16:03:55,262] {processor.py:641} INFO - Processing file /home/airflow/.local/lib/python3.7/site-packages/airflow/example_dags/tutorial_etl_dag.py for tasks to queue
[2022-07-30 16:03:55,263] {logging_mixin.py:115} INFO - [2022-07-30 16:03:55,263] {dagbag.py:507} INFO - Filling up the DagBag from /home/airflow/.local/lib/python3.7/site-packages/airflow/example_dags/tutorial_etl_dag.py
[2022-07-30 16:03:55,272] {processor.py:651} INFO - DAG(s) dict_keys(['tutorial_etl_dag']) retrieved from /home/airflow/.local/lib/python3.7/site-packages/airflow/example_dags/tutorial_etl_dag.py
[2022-07-30 16:03:55,304] {logging_mixin.py:115} INFO - [2022-07-30 16:03:55,303] {dag.py:2371} INFO - Sync 1 DAGs
[2022-07-30 16:03:55,327] {logging_mixin.py:115} INFO - [2022-07-30 16:03:55,327] {dag.py:2919} INFO - Setting next_dagrun for tutorial_etl_dag to None, run_after=None
[2022-07-30 16:03:55,339] {processor.py:161} INFO - Processing /home/airflow/.local/lib/python3.7/site-packages/airflow/example_dags/tutorial_etl_dag.py took 0.082 seconds
[2022-07-30 16:04:56,384] {processor.py:153} INFO - Started process (PID=47031) to work on /home/airflow/.local/lib/python3.7/site-packages/airflow/example_dags/tutorial_etl_dag.py
[2022-07-30 16:04:56,385] {processor.py:641} INFO - Processing file /home/airflow/.local/lib/python3.7/site-packages/airflow/example_dags/tutorial_etl_dag.py for tasks to queue
[2022-07-30 16:04:56,386] {logging_mixin.py:115} INFO - [2022-07-30 16:04:56,386] {dagbag.py:507} INFO - Filling up the DagBag from /home/airflow/.local/lib/python3.7/site-packages/airflow/example_dags/tutorial_etl_dag.py
[2022-07-30 16:04:56,395] {processor.py:651} INFO - DAG(s) dict_keys(['tutorial_etl_dag']) retrieved from /home/airflow/.local/lib/python3.7/site-packages/airflow/example_dags/tutorial_etl_dag.py
[2022-07-30 16:04:56,422] {logging_mixin.py:115} INFO - [2022-07-30 16:04:56,422] {dag.py:2371} INFO - Sync 1 DAGs
[2022-07-30 16:04:56,440] {logging_mixin.py:115} INFO - [2022-07-30 16:04:56,440] {dag.py:2919} INFO - Setting next_dagrun for tutorial_etl_dag to None, run_after=None
[2022-07-30 16:04:56,451] {processor.py:161} INFO - Processing /home/airflow/.local/lib/python3.7/site-packages/airflow/example_dags/tutorial_etl_dag.py took 0.070 seconds
[2022-07-30 18:05:10,557] {processor.py:153} INFO - Started process (PID=47113) to work on /home/airflow/.local/lib/python3.7/site-packages/airflow/example_dags/tutorial_etl_dag.py
[2022-07-30 18:05:10,558] {processor.py:641} INFO - Processing file /home/airflow/.local/lib/python3.7/site-packages/airflow/example_dags/tutorial_etl_dag.py for tasks to queue
[2022-07-30 18:05:10,560] {logging_mixin.py:115} INFO - [2022-07-30 18:05:10,559] {dagbag.py:507} INFO - Filling up the DagBag from /home/airflow/.local/lib/python3.7/site-packages/airflow/example_dags/tutorial_etl_dag.py
[2022-07-30 18:05:10,568] {processor.py:651} INFO - DAG(s) dict_keys(['tutorial_etl_dag']) retrieved from /home/airflow/.local/lib/python3.7/site-packages/airflow/example_dags/tutorial_etl_dag.py
[2022-07-30 18:05:10,598] {logging_mixin.py:115} INFO - [2022-07-30 18:05:10,597] {dag.py:2371} INFO - Sync 1 DAGs
[2022-07-30 18:05:10,619] {logging_mixin.py:115} INFO - [2022-07-30 18:05:10,619] {dag.py:2919} INFO - Setting next_dagrun for tutorial_etl_dag to None, run_after=None
[2022-07-30 18:05:10,633] {processor.py:161} INFO - Processing /home/airflow/.local/lib/python3.7/site-packages/airflow/example_dags/tutorial_etl_dag.py took 0.080 seconds
[2022-07-30 20:05:18,829] {processor.py:153} INFO - Started process (PID=47164) to work on /home/airflow/.local/lib/python3.7/site-packages/airflow/example_dags/tutorial_etl_dag.py
[2022-07-30 20:05:18,830] {processor.py:641} INFO - Processing file /home/airflow/.local/lib/python3.7/site-packages/airflow/example_dags/tutorial_etl_dag.py for tasks to queue
[2022-07-30 20:05:18,831] {logging_mixin.py:115} INFO - [2022-07-30 20:05:18,831] {dagbag.py:507} INFO - Filling up the DagBag from /home/airflow/.local/lib/python3.7/site-packages/airflow/example_dags/tutorial_etl_dag.py
[2022-07-30 20:05:18,840] {processor.py:651} INFO - DAG(s) dict_keys(['tutorial_etl_dag']) retrieved from /home/airflow/.local/lib/python3.7/site-packages/airflow/example_dags/tutorial_etl_dag.py
[2022-07-30 20:05:18,869] {logging_mixin.py:115} INFO - [2022-07-30 20:05:18,869] {dag.py:2371} INFO - Sync 1 DAGs
[2022-07-30 20:05:18,891] {logging_mixin.py:115} INFO - [2022-07-30 20:05:18,891] {dag.py:2919} INFO - Setting next_dagrun for tutorial_etl_dag to None, run_after=None
[2022-07-30 20:05:18,903] {processor.py:161} INFO - Processing /home/airflow/.local/lib/python3.7/site-packages/airflow/example_dags/tutorial_etl_dag.py took 0.078 seconds
[2022-07-30 22:05:29,140] {processor.py:153} INFO - Started process (PID=47215) to work on /home/airflow/.local/lib/python3.7/site-packages/airflow/example_dags/tutorial_etl_dag.py
[2022-07-30 22:05:29,141] {processor.py:641} INFO - Processing file /home/airflow/.local/lib/python3.7/site-packages/airflow/example_dags/tutorial_etl_dag.py for tasks to queue
[2022-07-30 22:05:29,142] {logging_mixin.py:115} INFO - [2022-07-30 22:05:29,142] {dagbag.py:507} INFO - Filling up the DagBag from /home/airflow/.local/lib/python3.7/site-packages/airflow/example_dags/tutorial_etl_dag.py
[2022-07-30 22:05:29,151] {processor.py:651} INFO - DAG(s) dict_keys(['tutorial_etl_dag']) retrieved from /home/airflow/.local/lib/python3.7/site-packages/airflow/example_dags/tutorial_etl_dag.py
[2022-07-30 22:05:29,177] {logging_mixin.py:115} INFO - [2022-07-30 22:05:29,177] {dag.py:2371} INFO - Sync 1 DAGs
[2022-07-30 22:05:29,196] {logging_mixin.py:115} INFO - [2022-07-30 22:05:29,196] {dag.py:2919} INFO - Setting next_dagrun for tutorial_etl_dag to None, run_after=None
[2022-07-30 22:05:29,209] {processor.py:161} INFO - Processing /home/airflow/.local/lib/python3.7/site-packages/airflow/example_dags/tutorial_etl_dag.py took 0.072 seconds
