[2022-08-11 00:00:06,509] {taskinstance.py:1159} INFO - Dependencies all met for <TaskInstance: xcom_dag.processing_tasks.training_model_a scheduled__2022-08-10T00:00:00+00:00 [queued]>
[2022-08-11 00:00:06,520] {taskinstance.py:1159} INFO - Dependencies all met for <TaskInstance: xcom_dag.processing_tasks.training_model_a scheduled__2022-08-10T00:00:00+00:00 [queued]>
[2022-08-11 00:00:06,521] {taskinstance.py:1356} INFO - 
--------------------------------------------------------------------------------
[2022-08-11 00:00:06,522] {taskinstance.py:1357} INFO - Starting attempt 1 of 1
[2022-08-11 00:00:06,523] {taskinstance.py:1358} INFO - 
--------------------------------------------------------------------------------
[2022-08-11 00:00:06,541] {taskinstance.py:1377} INFO - Executing <Task(PythonOperator): processing_tasks.training_model_a> on 2022-08-10 00:00:00+00:00
[2022-08-11 00:00:06,552] {standard_task_runner.py:79} INFO - Running: ['***', 'tasks', 'run', 'xcom_dag', 'processing_tasks.training_model_a', 'scheduled__2022-08-10T00:00:00+00:00', '--job-id', '346', '--raw', '--subdir', 'DAGS_FOLDER/xcom_dag.py', '--cfg-path', '/tmp/tmpqblhn9st', '--error-file', '/tmp/tmph3eh0vg2']
[2022-08-11 00:00:06,555] {standard_task_runner.py:80} INFO - Job 346: Subtask processing_tasks.training_model_a
[2022-08-11 00:00:06,548] {standard_task_runner.py:52} INFO - Started process 5681 to run task
[2022-08-11 00:00:06,685] {task_command.py:369} INFO - Running <TaskInstance: xcom_dag.processing_tasks.training_model_a scheduled__2022-08-10T00:00:00+00:00 [running]> on host 2dd699cc72b2
[2022-08-11 00:00:06,851] {taskinstance.py:1571} INFO - Exporting the following env vars:
AIRFLOW_CTX_DAG_OWNER=***
AIRFLOW_CTX_DAG_ID=xcom_dag
AIRFLOW_CTX_TASK_ID=processing_tasks.training_model_a
AIRFLOW_CTX_EXECUTION_DATE=2022-08-10T00:00:00+00:00
AIRFLOW_CTX_TRY_NUMBER=1
AIRFLOW_CTX_DAG_RUN_ID=scheduled__2022-08-10T00:00:00+00:00
[2022-08-11 00:00:06,856] {logging_mixin.py:115} INFO - model's accuracy: 1.2164192376387577
[2022-08-11 00:00:06,884] {python.py:173} INFO - Done. Returned value was: None
[2022-08-11 00:00:06,911] {taskinstance.py:1400} INFO - Marking task as SUCCESS. dag_id=xcom_dag, task_id=processing_tasks.training_model_a, execution_date=20220810T000000, start_date=20220811T000006, end_date=20220811T000006
[2022-08-11 00:00:06,974] {local_task_job.py:156} INFO - Task exited with return code 0
[2022-08-11 00:00:07,047] {local_task_job.py:273} INFO - 0 downstream tasks scheduled from follow-on schedule check
