[2022-08-12 03:49:58,823] {taskinstance.py:1159} INFO - Dependencies all met for <TaskInstance: elasticsearch_dag.connections_to_es manual__2022-08-12T03:49:56.289275+00:00 [queued]>
[2022-08-12 03:49:58,833] {taskinstance.py:1159} INFO - Dependencies all met for <TaskInstance: elasticsearch_dag.connections_to_es manual__2022-08-12T03:49:56.289275+00:00 [queued]>
[2022-08-12 03:49:58,833] {taskinstance.py:1356} INFO - 
--------------------------------------------------------------------------------
[2022-08-12 03:49:58,834] {taskinstance.py:1357} INFO - Starting attempt 1 of 1
[2022-08-12 03:49:58,834] {taskinstance.py:1358} INFO - 
--------------------------------------------------------------------------------
[2022-08-12 03:49:58,847] {taskinstance.py:1377} INFO - Executing <Task(PostgresToElasticOperator): connections_to_es> on 2022-08-12 03:49:56.289275+00:00
[2022-08-12 03:49:58,853] {standard_task_runner.py:52} INFO - Started process 2500 to run task
[2022-08-12 03:49:58,857] {standard_task_runner.py:79} INFO - Running: ['***', 'tasks', 'run', 'elasticsearch_dag', 'connections_to_es', 'manual__2022-08-12T03:49:56.289275+00:00', '--job-id', '389', '--raw', '--subdir', 'DAGS_FOLDER/elastic_dag.py', '--cfg-path', '/tmp/tmp2vd0k7i2', '--error-file', '/tmp/tmps53dfjx4']
[2022-08-12 03:49:58,858] {standard_task_runner.py:80} INFO - Job 389: Subtask connections_to_es
[2022-08-12 03:49:58,916] {task_command.py:369} INFO - Running <TaskInstance: elasticsearch_dag.connections_to_es manual__2022-08-12T03:49:56.289275+00:00 [running]> on host a1c9528fe5e1
[2022-08-12 03:49:58,985] {taskinstance.py:1571} INFO - Exporting the following env vars:
AIRFLOW_CTX_DAG_OWNER=***
AIRFLOW_CTX_DAG_ID=elasticsearch_dag
AIRFLOW_CTX_TASK_ID=connections_to_es
AIRFLOW_CTX_EXECUTION_DATE=2022-08-12T03:49:56.289275+00:00
AIRFLOW_CTX_TRY_NUMBER=1
AIRFLOW_CTX_DAG_RUN_ID=manual__2022-08-12T03:49:56.289275+00:00
[2022-08-12 03:49:58,996] {base.py:68} INFO - Using connection ID 'elasticsearch_default' for task execution.
[2022-08-12 03:49:59,006] {base.py:68} INFO - Using connection ID 'postgres_default' for task execution.
[2022-08-12 03:49:59,014] {taskinstance.py:1889} ERROR - Task failed with exception
Traceback (most recent call last):
  File "/opt/airflow/dags/operators/postgres_to_elastic.py", line 29, in execute
    es.add_doc(index= self.index, doc_type = 'external' , doc=doc)
  File "/opt/airflow/dags/plugins/elastic_search_plugin/hooks/elastic_hook.py", line 32, in add_doc
    res = self.es.index(index=index, id=1, document=doc)
  File "/home/airflow/.local/lib/python3.7/site-packages/elasticsearch/client/utils.py", line 168, in _wrapped
    return func(*args, params=params, headers=headers, **kwargs)
TypeError: index() got an unexpected keyword argument 'document'
[2022-08-12 03:49:59,028] {taskinstance.py:1400} INFO - Marking task as FAILED. dag_id=elasticsearch_dag, task_id=connections_to_es, execution_date=20220812T034956, start_date=20220812T034958, end_date=20220812T034959
[2022-08-12 03:49:59,039] {standard_task_runner.py:97} ERROR - Failed to execute job 389 for task connections_to_es (index() got an unexpected keyword argument 'document'; 2500)
[2022-08-12 03:49:59,070] {local_task_job.py:156} INFO - Task exited with return code 1
[2022-08-12 03:49:59,108] {local_task_job.py:273} INFO - 0 downstream tasks scheduled from follow-on schedule check
