[2022-08-14 13:49:02,426] {taskinstance.py:1159} INFO - Dependencies all met for <TaskInstance: elasticsearch_dag.print_es_info scheduled__2022-08-13T00:00:00+00:00 [queued]>
[2022-08-14 13:49:02,548] {taskinstance.py:1159} INFO - Dependencies all met for <TaskInstance: elasticsearch_dag.print_es_info scheduled__2022-08-13T00:00:00+00:00 [queued]>
[2022-08-14 13:49:02,554] {taskinstance.py:1356} INFO - 
--------------------------------------------------------------------------------
[2022-08-14 13:49:02,562] {taskinstance.py:1357} INFO - Starting attempt 1 of 1
[2022-08-14 13:49:02,565] {taskinstance.py:1358} INFO - 
--------------------------------------------------------------------------------
[2022-08-14 13:49:02,861] {taskinstance.py:1377} INFO - Executing <Task(PythonOperator): print_es_info> on 2022-08-13 00:00:00+00:00
[2022-08-14 13:49:02,883] {standard_task_runner.py:52} INFO - Started process 9753 to run task
[2022-08-14 13:49:02,898] {standard_task_runner.py:79} INFO - Running: ['***', 'tasks', 'run', 'elasticsearch_dag', 'print_es_info', 'scheduled__2022-08-13T00:00:00+00:00', '--job-id', '400', '--raw', '--subdir', 'DAGS_FOLDER/elastic_dag.py', '--cfg-path', '/tmp/tmpecqzfcof', '--error-file', '/tmp/tmpcmfpck0m']
[2022-08-14 13:49:02,901] {standard_task_runner.py:80} INFO - Job 400: Subtask print_es_info
[2022-08-14 13:49:03,621] {task_command.py:369} INFO - Running <TaskInstance: elasticsearch_dag.print_es_info scheduled__2022-08-13T00:00:00+00:00 [running]> on host a1c9528fe5e1
[2022-08-14 13:49:04,194] {taskinstance.py:1571} INFO - Exporting the following env vars:
AIRFLOW_CTX_DAG_OWNER=***
AIRFLOW_CTX_DAG_ID=elasticsearch_dag
AIRFLOW_CTX_TASK_ID=print_es_info
AIRFLOW_CTX_EXECUTION_DATE=2022-08-13T00:00:00+00:00
AIRFLOW_CTX_TRY_NUMBER=1
AIRFLOW_CTX_DAG_RUN_ID=scheduled__2022-08-13T00:00:00+00:00
[2022-08-14 13:49:04,302] {base.py:68} INFO - Using connection ID 'elasticsearch_default' for task execution.
[2022-08-14 13:49:04,473] {base.py:271} INFO - GET http://es01:9200/ [status:200 request:0.124s]
[2022-08-14 13:49:04,479] {logging_mixin.py:115} INFO - {'name': 'es01', 'cluster_name': 'docker-cluster', 'cluster_uuid': 'NkZz2buGR9axw9o9NVsEIA', 'version': {'number': '8.3.3', 'build_flavor': 'default', 'build_type': 'docker', 'build_hash': '801fed82df74dbe537f89b71b098ccaff88d2c56', 'build_date': '2022-07-23T19:30:09.227964828Z', 'build_snapshot': False, 'lucene_version': '9.2.0', 'minimum_wire_compatibility_version': '7.17.0', 'minimum_index_compatibility_version': '7.0.0'}, 'tagline': 'You Know, for Search'}
[2022-08-14 13:49:04,484] {python.py:173} INFO - Done. Returned value was: None
[2022-08-14 13:49:04,663] {taskinstance.py:1400} INFO - Marking task as SUCCESS. dag_id=elasticsearch_dag, task_id=print_es_info, execution_date=20220813T000000, start_date=20220814T134902, end_date=20220814T134904
[2022-08-14 13:49:04,858] {local_task_job.py:156} INFO - Task exited with return code 0
[2022-08-14 13:49:05,325] {local_task_job.py:273} INFO - 1 downstream tasks scheduled from follow-on schedule check
