[2022-10-27 02:08:02,113] {taskinstance.py:1159} INFO - Dependencies all met for <TaskInstance: spark_job_dag.dummy manual__2022-10-27T02:07:59.858250+00:00 [queued]>
[2022-10-27 02:08:02,125] {taskinstance.py:1159} INFO - Dependencies all met for <TaskInstance: spark_job_dag.dummy manual__2022-10-27T02:07:59.858250+00:00 [queued]>
[2022-10-27 02:08:02,126] {taskinstance.py:1356} INFO - 
--------------------------------------------------------------------------------
[2022-10-27 02:08:02,126] {taskinstance.py:1357} INFO - Starting attempt 1 of 2
[2022-10-27 02:08:02,127] {taskinstance.py:1358} INFO - 
--------------------------------------------------------------------------------
[2022-10-27 02:08:02,144] {taskinstance.py:1377} INFO - Executing <Task(BashOperator): dummy> on 2022-10-27 02:07:59.858250+00:00
[2022-10-27 02:08:02,152] {standard_task_runner.py:52} INFO - Started process 3946 to run task
[2022-10-27 02:08:02,156] {standard_task_runner.py:79} INFO - Running: ['***', 'tasks', 'run', 'spark_job_dag', 'dummy', 'manual__2022-10-27T02:07:59.858250+00:00', '--job-id', '47', '--raw', '--subdir', 'DAGS_FOLDER/spark_job_dag.py', '--cfg-path', '/tmp/tmp7szb63m7', '--error-file', '/tmp/tmp0jwohwez']
[2022-10-27 02:08:02,158] {standard_task_runner.py:80} INFO - Job 47: Subtask dummy
[2022-10-27 02:08:02,226] {task_command.py:369} INFO - Running <TaskInstance: spark_job_dag.dummy manual__2022-10-27T02:07:59.858250+00:00 [running]> on host abbfe66d2e6a
[2022-10-27 02:08:02,311] {taskinstance.py:1571} INFO - Exporting the following env vars:
AIRFLOW_CTX_DAG_OWNER=***
AIRFLOW_CTX_DAG_ID=spark_job_dag
AIRFLOW_CTX_TASK_ID=dummy
AIRFLOW_CTX_EXECUTION_DATE=2022-10-27T02:07:59.858250+00:00
AIRFLOW_CTX_TRY_NUMBER=1
AIRFLOW_CTX_DAG_RUN_ID=manual__2022-10-27T02:07:59.858250+00:00
[2022-10-27 02:08:02,314] {subprocess.py:62} INFO - Tmp dir root location: 
 /tmp
[2022-10-27 02:08:02,315] {subprocess.py:74} INFO - Running command: ['bash', '-c', 'sleep 1']
[2022-10-27 02:08:02,331] {subprocess.py:85} INFO - Output:
[2022-10-27 02:08:03,335] {subprocess.py:96} INFO - Command exited with return code 0
[2022-10-27 02:08:03,364] {taskinstance.py:1400} INFO - Marking task as SUCCESS. dag_id=spark_job_dag, task_id=dummy, execution_date=20221027T020759, start_date=20221027T020802, end_date=20221027T020803
[2022-10-27 02:08:03,416] {local_task_job.py:156} INFO - Task exited with return code 0
[2022-10-27 02:08:03,460] {local_task_job.py:273} INFO - 1 downstream tasks scheduled from follow-on schedule check
