[2022-07-26 00:35:44,476] {taskinstance.py:1159} INFO - Dependencies all met for <TaskInstance: task_group_dag.transform scheduled__2022-07-25T00:00:00+00:00 [queued]>
[2022-07-26 00:35:44,485] {taskinstance.py:1159} INFO - Dependencies all met for <TaskInstance: task_group_dag.transform scheduled__2022-07-25T00:00:00+00:00 [queued]>
[2022-07-26 00:35:44,486] {taskinstance.py:1356} INFO - 
--------------------------------------------------------------------------------
[2022-07-26 00:35:44,486] {taskinstance.py:1357} INFO - Starting attempt 1 of 1
[2022-07-26 00:35:44,487] {taskinstance.py:1358} INFO - 
--------------------------------------------------------------------------------
[2022-07-26 00:35:44,498] {taskinstance.py:1377} INFO - Executing <Task(BashOperator): transform> on 2022-07-25 00:00:00+00:00
[2022-07-26 00:35:44,504] {standard_task_runner.py:52} INFO - Started process 21734 to run task
[2022-07-26 00:35:44,507] {standard_task_runner.py:79} INFO - Running: ['***', 'tasks', 'run', 'task_group_dag', 'transform', 'scheduled__2022-07-25T00:00:00+00:00', '--job-id', '131', '--raw', '--subdir', 'DAGS_FOLDER/task_group_dag.py', '--cfg-path', '/tmp/tmpnu6zwa9x', '--error-file', '/tmp/tmplw_lcfpf']
[2022-07-26 00:35:44,508] {standard_task_runner.py:80} INFO - Job 131: Subtask transform
[2022-07-26 00:35:44,561] {task_command.py:369} INFO - Running <TaskInstance: task_group_dag.transform scheduled__2022-07-25T00:00:00+00:00 [running]> on host 8694d477c774
[2022-07-26 00:35:44,629] {taskinstance.py:1571} INFO - Exporting the following env vars:
AIRFLOW_CTX_DAG_OWNER=***
AIRFLOW_CTX_DAG_ID=task_group_dag
AIRFLOW_CTX_TASK_ID=transform
AIRFLOW_CTX_EXECUTION_DATE=2022-07-25T00:00:00+00:00
AIRFLOW_CTX_TRY_NUMBER=1
AIRFLOW_CTX_DAG_RUN_ID=scheduled__2022-07-25T00:00:00+00:00
[2022-07-26 00:35:44,631] {subprocess.py:62} INFO - Tmp dir root location: 
 /tmp
[2022-07-26 00:35:44,632] {subprocess.py:74} INFO - Running command: ['bash', '-c', 'sleep 1']
[2022-07-26 00:35:44,643] {subprocess.py:85} INFO - Output:
[2022-07-26 00:35:45,647] {subprocess.py:96} INFO - Command exited with return code 0
[2022-07-26 00:35:45,682] {taskinstance.py:1400} INFO - Marking task as SUCCESS. dag_id=task_group_dag, task_id=transform, execution_date=20220725T000000, start_date=20220726T003544, end_date=20220726T003545
[2022-07-26 00:35:45,736] {local_task_job.py:156} INFO - Task exited with return code 0
[2022-07-26 00:35:45,770] {local_task_job.py:273} INFO - 0 downstream tasks scheduled from follow-on schedule check
