[2022-08-10 01:45:21,176] {taskinstance.py:1159} INFO - Dependencies all met for <TaskInstance: xcom_dag.processing_tasks.training_model_c scheduled__2022-08-09T00:00:00+00:00 [queued]>
[2022-08-10 01:45:21,225] {taskinstance.py:1159} INFO - Dependencies all met for <TaskInstance: xcom_dag.processing_tasks.training_model_c scheduled__2022-08-09T00:00:00+00:00 [queued]>
[2022-08-10 01:45:21,230] {taskinstance.py:1356} INFO - 
--------------------------------------------------------------------------------
[2022-08-10 01:45:21,235] {taskinstance.py:1357} INFO - Starting attempt 1 of 1
[2022-08-10 01:45:21,236] {taskinstance.py:1358} INFO - 
--------------------------------------------------------------------------------
[2022-08-10 01:45:21,282] {taskinstance.py:1377} INFO - Executing <Task(PythonOperator): processing_tasks.training_model_c> on 2022-08-09 00:00:00+00:00
[2022-08-10 01:45:21,296] {standard_task_runner.py:52} INFO - Started process 119 to run task
[2022-08-10 01:45:21,314] {standard_task_runner.py:79} INFO - Running: ['***', 'tasks', 'run', 'xcom_dag', 'processing_tasks.training_model_c', 'scheduled__2022-08-09T00:00:00+00:00', '--job-id', '330', '--raw', '--subdir', 'DAGS_FOLDER/xcom_dag.py', '--cfg-path', '/tmp/tmp8y7jbh4y', '--error-file', '/tmp/tmpkx1jijde']
[2022-08-10 01:45:21,317] {standard_task_runner.py:80} INFO - Job 330: Subtask processing_tasks.training_model_c
[2022-08-10 01:45:21,705] {task_command.py:369} INFO - Running <TaskInstance: xcom_dag.processing_tasks.training_model_c scheduled__2022-08-09T00:00:00+00:00 [running]> on host 531c07ae0142
[2022-08-10 01:45:21,943] {taskinstance.py:1571} INFO - Exporting the following env vars:
AIRFLOW_CTX_DAG_OWNER=***
AIRFLOW_CTX_DAG_ID=xcom_dag
AIRFLOW_CTX_TASK_ID=processing_tasks.training_model_c
AIRFLOW_CTX_EXECUTION_DATE=2022-08-09T00:00:00+00:00
AIRFLOW_CTX_TRY_NUMBER=1
AIRFLOW_CTX_DAG_RUN_ID=scheduled__2022-08-09T00:00:00+00:00
[2022-08-10 01:45:21,947] {logging_mixin.py:115} INFO - model's accuracy: 3.395766664274734
[2022-08-10 01:45:21,995] {python.py:173} INFO - Done. Returned value was: None
[2022-08-10 01:45:22,046] {taskinstance.py:1400} INFO - Marking task as SUCCESS. dag_id=xcom_dag, task_id=processing_tasks.training_model_c, execution_date=20220809T000000, start_date=20220810T014521, end_date=20220810T014522
[2022-08-10 01:45:22,142] {local_task_job.py:156} INFO - Task exited with return code 0
[2022-08-10 01:45:22,350] {local_task_job.py:273} INFO - 0 downstream tasks scheduled from follow-on schedule check
