[2022-07-27 21:27:56,049] {taskinstance.py:1159} INFO - Dependencies all met for <TaskInstance: xcom_dag.choose_best_model manual__2022-07-27T21:27:49.298847+00:00 [queued]>
[2022-07-27 21:27:56,059] {taskinstance.py:1159} INFO - Dependencies all met for <TaskInstance: xcom_dag.choose_best_model manual__2022-07-27T21:27:49.298847+00:00 [queued]>
[2022-07-27 21:27:56,060] {taskinstance.py:1356} INFO - 
--------------------------------------------------------------------------------
[2022-07-27 21:27:56,060] {taskinstance.py:1357} INFO - Starting attempt 1 of 1
[2022-07-27 21:27:56,060] {taskinstance.py:1358} INFO - 
--------------------------------------------------------------------------------
[2022-07-27 21:27:56,073] {taskinstance.py:1377} INFO - Executing <Task(BranchPythonOperator): choose_best_model> on 2022-07-27 21:27:49.298847+00:00
[2022-07-27 21:27:56,077] {standard_task_runner.py:52} INFO - Started process 5240 to run task
[2022-07-27 21:27:56,081] {standard_task_runner.py:79} INFO - Running: ['***', 'tasks', 'run', 'xcom_dag', 'choose_best_model', 'manual__2022-07-27T21:27:49.298847+00:00', '--job-id', '214', '--raw', '--subdir', 'DAGS_FOLDER/xcom_dag.py', '--cfg-path', '/tmp/tmptekbe5tl', '--error-file', '/tmp/tmpnold8e8r']
[2022-07-27 21:27:56,081] {standard_task_runner.py:80} INFO - Job 214: Subtask choose_best_model
[2022-07-27 21:27:56,138] {task_command.py:369} INFO - Running <TaskInstance: xcom_dag.choose_best_model manual__2022-07-27T21:27:49.298847+00:00 [running]> on host 8694d477c774
[2022-07-27 21:27:56,204] {taskinstance.py:1571} INFO - Exporting the following env vars:
AIRFLOW_CTX_DAG_OWNER=***
AIRFLOW_CTX_DAG_ID=xcom_dag
AIRFLOW_CTX_TASK_ID=choose_best_model
AIRFLOW_CTX_EXECUTION_DATE=2022-07-27T21:27:49.298847+00:00
AIRFLOW_CTX_TRY_NUMBER=1
AIRFLOW_CTX_DAG_RUN_ID=manual__2022-07-27T21:27:49.298847+00:00
[2022-07-27 21:27:56,206] {logging_mixin.py:115} INFO - choose best model
[2022-07-27 21:27:56,215] {logging_mixin.py:115} INFO - [1.434563685476635, 8.483668246066241, 3.7081158758174384]
[2022-07-27 21:27:56,216] {python.py:173} INFO - Done. Returned value was: accurate
[2022-07-27 21:27:56,217] {skipmixin.py:140} INFO - Following branch accurate
[2022-07-27 21:27:56,219] {skipmixin.py:175} INFO - Skipping tasks ['innacurate']
[2022-07-27 21:27:56,259] {taskinstance.py:1400} INFO - Marking task as SUCCESS. dag_id=xcom_dag, task_id=choose_best_model, execution_date=20220727T212749, start_date=20220727T212756, end_date=20220727T212756
[2022-07-27 21:27:56,295] {local_task_job.py:156} INFO - Task exited with return code 0
[2022-07-27 21:27:56,349] {local_task_job.py:273} INFO - 1 downstream tasks scheduled from follow-on schedule check
