[2022-07-24 19:19:01,887] {taskinstance.py:1159} INFO - Dependencies all met for <TaskInstance: user_processing.create_table scheduled__2022-07-23T00:00:00+00:00 [queued]>
[2022-07-24 19:19:01,895] {taskinstance.py:1159} INFO - Dependencies all met for <TaskInstance: user_processing.create_table scheduled__2022-07-23T00:00:00+00:00 [queued]>
[2022-07-24 19:19:01,896] {taskinstance.py:1356} INFO - 
--------------------------------------------------------------------------------
[2022-07-24 19:19:01,896] {taskinstance.py:1357} INFO - Starting attempt 1 of 1
[2022-07-24 19:19:01,897] {taskinstance.py:1358} INFO - 
--------------------------------------------------------------------------------
[2022-07-24 19:19:01,909] {taskinstance.py:1377} INFO - Executing <Task(PostgresOperator): create_table> on 2022-07-23 00:00:00+00:00
[2022-07-24 19:19:01,914] {standard_task_runner.py:52} INFO - Started process 1017 to run task
[2022-07-24 19:19:01,918] {standard_task_runner.py:79} INFO - Running: ['***', 'tasks', 'run', 'user_processing', 'create_table', 'scheduled__2022-07-23T00:00:00+00:00', '--job-id', '100', '--raw', '--subdir', 'DAGS_FOLDER/user_processing.py', '--cfg-path', '/tmp/tmp2d9aqlzn', '--error-file', '/tmp/tmpt7vxekx8']
[2022-07-24 19:19:01,919] {standard_task_runner.py:80} INFO - Job 100: Subtask create_table
[2022-07-24 19:19:01,979] {task_command.py:369} INFO - Running <TaskInstance: user_processing.create_table scheduled__2022-07-23T00:00:00+00:00 [running]> on host 8694d477c774
[2022-07-24 19:19:02,051] {taskinstance.py:1571} INFO - Exporting the following env vars:
AIRFLOW_CTX_DAG_OWNER=***
AIRFLOW_CTX_DAG_ID=user_processing
AIRFLOW_CTX_TASK_ID=create_table
AIRFLOW_CTX_EXECUTION_DATE=2022-07-23T00:00:00+00:00
AIRFLOW_CTX_TRY_NUMBER=1
AIRFLOW_CTX_DAG_RUN_ID=scheduled__2022-07-23T00:00:00+00:00
[2022-07-24 19:19:02,061] {base.py:68} INFO - Using connection ID 'postgres' for task execution.
[2022-07-24 19:19:02,065] {dbapi.py:208} INFO - Running statement: 
            CREATE TABLE IF NOT EXISTS users(
                firstname TEXT NOT NULL,
                lastname TEXT NOT NULL,
                country TEXT NOT NULL,
                username TEXT NOT NULL,
                password TEXT NOT NULL,
                email TEXT NOT NULL
            );
        , parameters: None
[2022-07-24 19:19:02,068] {postgres.py:94} INFO - NOTICE:  relation "users" already exists, skipping

[2022-07-24 19:19:02,081] {taskinstance.py:1400} INFO - Marking task as SUCCESS. dag_id=user_processing, task_id=create_table, execution_date=20220723T000000, start_date=20220724T191901, end_date=20220724T191902
[2022-07-24 19:19:02,131] {local_task_job.py:156} INFO - Task exited with return code 0
[2022-07-24 19:19:02,178] {local_task_job.py:273} INFO - 1 downstream tasks scheduled from follow-on schedule check
