[2022-07-26 00:00:01,588] {taskinstance.py:1159} INFO - Dependencies all met for <TaskInstance: subdag_parallel.processing_tasks.extract_a scheduled__2022-07-25T00:00:00+00:00 [queued]>
[2022-07-26 00:00:01,598] {taskinstance.py:1159} INFO - Dependencies all met for <TaskInstance: subdag_parallel.processing_tasks.extract_a scheduled__2022-07-25T00:00:00+00:00 [queued]>
[2022-07-26 00:00:01,598] {taskinstance.py:1356} INFO - 
--------------------------------------------------------------------------------
[2022-07-26 00:00:01,599] {taskinstance.py:1357} INFO - Starting attempt 1 of 1
[2022-07-26 00:00:01,599] {taskinstance.py:1358} INFO - 
--------------------------------------------------------------------------------
[2022-07-26 00:00:01,612] {taskinstance.py:1377} INFO - Executing <Task(BashOperator): extract_a> on 2022-07-25 00:00:00+00:00
[2022-07-26 00:00:01,617] {standard_task_runner.py:52} INFO - Started process 20008 to run task
[2022-07-26 00:00:01,622] {standard_task_runner.py:79} INFO - Running: ['***', 'tasks', 'run', 'subdag_parallel.processing_tasks', 'extract_a', 'scheduled__2022-07-25T00:00:00+00:00', '--job-id', '124', '--raw', '--subdir', 'DAGS_FOLDER/sub_dag_parallel.py', '--cfg-path', '/tmp/tmp503_ka1x', '--error-file', '/tmp/tmpvugzc_s3']
[2022-07-26 00:00:01,623] {standard_task_runner.py:80} INFO - Job 124: Subtask extract_a
[2022-07-26 00:00:01,705] {task_command.py:369} INFO - Running <TaskInstance: subdag_parallel.processing_tasks.extract_a scheduled__2022-07-25T00:00:00+00:00 [running]> on host 8694d477c774
[2022-07-26 00:00:01,783] {taskinstance.py:1571} INFO - Exporting the following env vars:
AIRFLOW_CTX_DAG_OWNER=***
AIRFLOW_CTX_DAG_ID=subdag_parallel.processing_tasks
AIRFLOW_CTX_TASK_ID=extract_a
AIRFLOW_CTX_EXECUTION_DATE=2022-07-25T00:00:00+00:00
AIRFLOW_CTX_TRY_NUMBER=1
AIRFLOW_CTX_DAG_RUN_ID=scheduled__2022-07-25T00:00:00+00:00
[2022-07-26 00:00:01,785] {subprocess.py:62} INFO - Tmp dir root location: 
 /tmp
[2022-07-26 00:00:01,786] {subprocess.py:74} INFO - Running command: ['bash', '-c', 'sleep 1']
[2022-07-26 00:00:01,796] {subprocess.py:85} INFO - Output:
[2022-07-26 00:00:02,800] {subprocess.py:96} INFO - Command exited with return code 0
[2022-07-26 00:00:02,831] {taskinstance.py:1400} INFO - Marking task as SUCCESS. dag_id=subdag_parallel.processing_tasks, task_id=extract_a, execution_date=20220725T000000, start_date=20220726T000001, end_date=20220726T000002
[2022-07-26 00:00:02,848] {local_task_job.py:156} INFO - Task exited with return code 0
[2022-07-26 00:00:02,877] {local_task_job.py:273} INFO - 0 downstream tasks scheduled from follow-on schedule check
