[2022-08-01 15:31:30,219] {taskinstance.py:1159} INFO - Dependencies all met for <TaskInstance: trigger_rule_dag.task_1 scheduled__2022-07-31T00:00:00+00:00 [queued]>
[2022-08-01 15:31:30,245] {taskinstance.py:1159} INFO - Dependencies all met for <TaskInstance: trigger_rule_dag.task_1 scheduled__2022-07-31T00:00:00+00:00 [queued]>
[2022-08-01 15:31:30,246] {taskinstance.py:1356} INFO - 
--------------------------------------------------------------------------------
[2022-08-01 15:31:30,246] {taskinstance.py:1357} INFO - Starting attempt 1 of 1
[2022-08-01 15:31:30,247] {taskinstance.py:1358} INFO - 
--------------------------------------------------------------------------------
[2022-08-01 15:31:30,266] {taskinstance.py:1377} INFO - Executing <Task(BashOperator): task_1> on 2022-07-31 00:00:00+00:00
[2022-08-01 15:31:30,276] {standard_task_runner.py:52} INFO - Started process 17150 to run task
[2022-08-01 15:31:30,286] {standard_task_runner.py:79} INFO - Running: ['***', 'tasks', 'run', 'trigger_rule_dag', 'task_1', 'scheduled__2022-07-31T00:00:00+00:00', '--job-id', '274', '--raw', '--subdir', 'DAGS_FOLDER/trigger_rule_dag.py', '--cfg-path', '/tmp/tmp9i8zv88e', '--error-file', '/tmp/tmpmhfazqke']
[2022-08-01 15:31:30,288] {standard_task_runner.py:80} INFO - Job 274: Subtask task_1
[2022-08-01 15:31:30,380] {task_command.py:369} INFO - Running <TaskInstance: trigger_rule_dag.task_1 scheduled__2022-07-31T00:00:00+00:00 [running]> on host 2525a2c6e2b8
[2022-08-01 15:31:30,494] {taskinstance.py:1571} INFO - Exporting the following env vars:
AIRFLOW_CTX_DAG_OWNER=***
AIRFLOW_CTX_DAG_ID=trigger_rule_dag
AIRFLOW_CTX_TASK_ID=task_1
AIRFLOW_CTX_EXECUTION_DATE=2022-07-31T00:00:00+00:00
AIRFLOW_CTX_TRY_NUMBER=1
AIRFLOW_CTX_DAG_RUN_ID=scheduled__2022-07-31T00:00:00+00:00
[2022-08-01 15:31:30,497] {subprocess.py:62} INFO - Tmp dir root location: 
 /tmp
[2022-08-01 15:31:30,499] {subprocess.py:74} INFO - Running command: ['bash', '-c', 'sleep 30']
[2022-08-01 15:31:30,523] {subprocess.py:85} INFO - Output:
[2022-08-02 17:44:05,793] {subprocess.py:96} INFO - Command exited with return code 0
[2022-08-02 17:44:05,910] {taskinstance.py:1400} INFO - Marking task as SUCCESS. dag_id=trigger_rule_dag, task_id=task_1, execution_date=20220731T000000, start_date=20220801T153130, end_date=20220802T174405
[2022-08-02 17:44:06,022] {local_task_job.py:156} INFO - Task exited with return code 0
[2022-08-02 17:44:06,085] {local_task_job.py:273} INFO - 0 downstream tasks scheduled from follow-on schedule check
