[2022-08-18 00:33:54,823] {taskinstance.py:1159} INFO - Dependencies all met for <TaskInstance: elasticsearch_dag.connections_to_es manual__2022-08-18T00:33:51.484439+00:00 [queued]>
[2022-08-18 00:33:54,832] {taskinstance.py:1159} INFO - Dependencies all met for <TaskInstance: elasticsearch_dag.connections_to_es manual__2022-08-18T00:33:51.484439+00:00 [queued]>
[2022-08-18 00:33:54,833] {taskinstance.py:1356} INFO - 
--------------------------------------------------------------------------------
[2022-08-18 00:33:54,834] {taskinstance.py:1357} INFO - Starting attempt 1 of 1
[2022-08-18 00:33:54,834] {taskinstance.py:1358} INFO - 
--------------------------------------------------------------------------------
[2022-08-18 00:33:54,849] {taskinstance.py:1377} INFO - Executing <Task(PostgresToElasticOperator): connections_to_es> on 2022-08-18 00:33:51.484439+00:00
[2022-08-18 00:33:54,857] {standard_task_runner.py:52} INFO - Started process 143 to run task
[2022-08-18 00:33:54,862] {standard_task_runner.py:79} INFO - Running: ['***', 'tasks', 'run', 'elasticsearch_dag', 'connections_to_es', 'manual__2022-08-18T00:33:51.484439+00:00', '--job-id', '479', '--raw', '--subdir', 'DAGS_FOLDER/elastic_dag.py', '--cfg-path', '/tmp/tmpt2kz7_jp', '--error-file', '/tmp/tmp6mhh3aem']
[2022-08-18 00:33:54,863] {standard_task_runner.py:80} INFO - Job 479: Subtask connections_to_es
[2022-08-18 00:33:54,931] {task_command.py:369} INFO - Running <TaskInstance: elasticsearch_dag.connections_to_es manual__2022-08-18T00:33:51.484439+00:00 [running]> on host e8f82214d52e
[2022-08-18 00:33:55,004] {taskinstance.py:1571} INFO - Exporting the following env vars:
AIRFLOW_CTX_DAG_OWNER=***
AIRFLOW_CTX_DAG_ID=elasticsearch_dag
AIRFLOW_CTX_TASK_ID=connections_to_es
AIRFLOW_CTX_EXECUTION_DATE=2022-08-18T00:33:51.484439+00:00
AIRFLOW_CTX_TRY_NUMBER=1
AIRFLOW_CTX_DAG_RUN_ID=manual__2022-08-18T00:33:51.484439+00:00
[2022-08-18 00:33:55,015] {base.py:68} INFO - Using connection ID 'elasticsearch_default' for task execution.
[2022-08-18 00:33:55,025] {base.py:68} INFO - Using connection ID 'postgres_default' for task execution.
[2022-08-18 00:33:55,053] {base.py:271} INFO - POST http://es01:9200/connections/_doc [status:201 request:0.020s]
[2022-08-18 00:33:55,072] {base.py:271} INFO - POST http://es01:9200/connections/_doc [status:201 request:0.017s]
[2022-08-18 00:33:55,092] {base.py:271} INFO - POST http://es01:9200/connections/_doc [status:201 request:0.019s]
[2022-08-18 00:33:55,109] {taskinstance.py:1400} INFO - Marking task as SUCCESS. dag_id=elasticsearch_dag, task_id=connections_to_es, execution_date=20220818T003351, start_date=20220818T003354, end_date=20220818T003355
[2022-08-18 00:33:55,154] {local_task_job.py:156} INFO - Task exited with return code 0
[2022-08-18 00:33:55,196] {local_task_job.py:273} INFO - 0 downstream tasks scheduled from follow-on schedule check
