[2022-08-19 00:38:10,374] {taskinstance.py:1159} INFO - Dependencies all met for <TaskInstance: spark_job_dag.is_repo_exists scheduled__2022-08-18T00:38:08.969799+00:00 [queued]>
[2022-08-19 00:38:10,386] {taskinstance.py:1159} INFO - Dependencies all met for <TaskInstance: spark_job_dag.is_repo_exists scheduled__2022-08-18T00:38:08.969799+00:00 [queued]>
[2022-08-19 00:38:10,387] {taskinstance.py:1356} INFO - 
--------------------------------------------------------------------------------
[2022-08-19 00:38:10,387] {taskinstance.py:1357} INFO - Starting attempt 1 of 2
[2022-08-19 00:38:10,388] {taskinstance.py:1358} INFO - 
--------------------------------------------------------------------------------
[2022-08-19 00:38:10,405] {taskinstance.py:1377} INFO - Executing <Task(BranchPythonOperator): is_repo_exists> on 2022-08-18 00:38:08.969799+00:00
[2022-08-19 00:38:10,412] {standard_task_runner.py:52} INFO - Started process 433 to run task
[2022-08-19 00:38:10,419] {standard_task_runner.py:79} INFO - Running: ['***', 'tasks', 'run', 'spark_job_dag', 'is_repo_exists', 'scheduled__2022-08-18T00:38:08.969799+00:00', '--job-id', '592', '--raw', '--subdir', 'DAGS_FOLDER/spark_job_dag.py', '--cfg-path', '/tmp/tmpqodea1ud', '--error-file', '/tmp/tmpd9re5ajv']
[2022-08-19 00:38:10,423] {standard_task_runner.py:80} INFO - Job 592: Subtask is_repo_exists
[2022-08-19 00:38:10,536] {task_command.py:369} INFO - Running <TaskInstance: spark_job_dag.is_repo_exists scheduled__2022-08-18T00:38:08.969799+00:00 [running]> on host fa66a233a56d
[2022-08-19 00:38:10,637] {taskinstance.py:1571} INFO - Exporting the following env vars:
AIRFLOW_CTX_DAG_OWNER=***
AIRFLOW_CTX_DAG_ID=spark_job_dag
AIRFLOW_CTX_TASK_ID=is_repo_exists
AIRFLOW_CTX_EXECUTION_DATE=2022-08-18T00:38:08.969799+00:00
AIRFLOW_CTX_TRY_NUMBER=1
AIRFLOW_CTX_DAG_RUN_ID=scheduled__2022-08-18T00:38:08.969799+00:00
[2022-08-19 00:38:10,639] {python.py:173} INFO - Done. Returned value was: git_clone
[2022-08-19 00:38:10,640] {skipmixin.py:140} INFO - Following branch git_clone
[2022-08-19 00:38:10,641] {skipmixin.py:175} INFO - Skipping tasks ['t_dummy']
[2022-08-19 00:38:10,702] {taskinstance.py:1400} INFO - Marking task as SUCCESS. dag_id=spark_job_dag, task_id=is_repo_exists, execution_date=20220818T003808, start_date=20220819T003810, end_date=20220819T003810
[2022-08-19 00:38:10,753] {local_task_job.py:156} INFO - Task exited with return code 0
[2022-08-19 00:38:10,812] {local_task_job.py:273} INFO - 1 downstream tasks scheduled from follow-on schedule check
