[2022-08-23 00:00:15,105] {processor.py:153} INFO - Started process (PID=3181) to work on /home/airflow/.local/lib/python3.7/site-packages/airflow/example_dags/example_sla_dag.py
[2022-08-23 00:00:15,106] {processor.py:641} INFO - Processing file /home/airflow/.local/lib/python3.7/site-packages/airflow/example_dags/example_sla_dag.py for tasks to queue
[2022-08-23 00:00:15,107] {logging_mixin.py:115} INFO - [2022-08-23 00:00:15,107] {dagbag.py:507} INFO - Filling up the DagBag from /home/airflow/.local/lib/python3.7/site-packages/airflow/example_dags/example_sla_dag.py
[2022-08-23 00:00:15,125] {processor.py:651} INFO - DAG(s) dict_keys(['example_sla_dag']) retrieved from /home/airflow/.local/lib/python3.7/site-packages/airflow/example_dags/example_sla_dag.py
[2022-08-23 00:00:15,149] {logging_mixin.py:115} INFO - [2022-08-23 00:00:15,149] {dag.py:2371} INFO - Sync 1 DAGs
[2022-08-23 00:00:15,172] {logging_mixin.py:115} INFO - [2022-08-23 00:00:15,172] {dag.py:2919} INFO - Setting next_dagrun for example_sla_dag to 2022-08-22T23:58:00+00:00, run_after=2022-08-23T00:00:00+00:00
[2022-08-23 00:00:15,277] {processor.py:161} INFO - Processing /home/airflow/.local/lib/python3.7/site-packages/airflow/example_dags/example_sla_dag.py took 0.175 seconds
[2022-08-23 00:00:46,289] {processor.py:153} INFO - Started process (PID=3258) to work on /home/airflow/.local/lib/python3.7/site-packages/airflow/example_dags/example_sla_dag.py
[2022-08-23 00:00:46,290] {processor.py:641} INFO - Processing file /home/airflow/.local/lib/python3.7/site-packages/airflow/example_dags/example_sla_dag.py for tasks to queue
[2022-08-23 00:00:46,291] {logging_mixin.py:115} INFO - [2022-08-23 00:00:46,291] {dagbag.py:507} INFO - Filling up the DagBag from /home/airflow/.local/lib/python3.7/site-packages/airflow/example_dags/example_sla_dag.py
[2022-08-23 00:00:46,309] {processor.py:651} INFO - DAG(s) dict_keys(['example_sla_dag']) retrieved from /home/airflow/.local/lib/python3.7/site-packages/airflow/example_dags/example_sla_dag.py
[2022-08-23 00:00:46,334] {logging_mixin.py:115} INFO - [2022-08-23 00:00:46,334] {dag.py:2371} INFO - Sync 1 DAGs
[2022-08-23 00:00:46,359] {logging_mixin.py:115} INFO - [2022-08-23 00:00:46,359] {dag.py:2919} INFO - Setting next_dagrun for example_sla_dag to 2022-08-22T23:58:00+00:00, run_after=2022-08-23T00:00:00+00:00
[2022-08-23 00:00:46,471] {processor.py:161} INFO - Processing /home/airflow/.local/lib/python3.7/site-packages/airflow/example_dags/example_sla_dag.py took 0.186 seconds
[2022-08-23 00:01:17,549] {processor.py:153} INFO - Started process (PID=3335) to work on /home/airflow/.local/lib/python3.7/site-packages/airflow/example_dags/example_sla_dag.py
[2022-08-23 00:01:17,552] {processor.py:641} INFO - Processing file /home/airflow/.local/lib/python3.7/site-packages/airflow/example_dags/example_sla_dag.py for tasks to queue
[2022-08-23 00:01:17,553] {logging_mixin.py:115} INFO - [2022-08-23 00:01:17,553] {dagbag.py:507} INFO - Filling up the DagBag from /home/airflow/.local/lib/python3.7/site-packages/airflow/example_dags/example_sla_dag.py
[2022-08-23 00:01:17,583] {processor.py:651} INFO - DAG(s) dict_keys(['example_sla_dag']) retrieved from /home/airflow/.local/lib/python3.7/site-packages/airflow/example_dags/example_sla_dag.py
[2022-08-23 00:01:17,615] {logging_mixin.py:115} INFO - [2022-08-23 00:01:17,615] {dag.py:2371} INFO - Sync 1 DAGs
[2022-08-23 00:01:17,652] {logging_mixin.py:115} INFO - [2022-08-23 00:01:17,652] {dag.py:2919} INFO - Setting next_dagrun for example_sla_dag to 2022-08-22T23:58:00+00:00, run_after=2022-08-23T00:00:00+00:00
[2022-08-23 00:01:17,808] {processor.py:161} INFO - Processing /home/airflow/.local/lib/python3.7/site-packages/airflow/example_dags/example_sla_dag.py took 0.265 seconds
[2022-08-23 00:01:48,068] {processor.py:153} INFO - Started process (PID=3413) to work on /home/airflow/.local/lib/python3.7/site-packages/airflow/example_dags/example_sla_dag.py
[2022-08-23 00:01:48,079] {processor.py:641} INFO - Processing file /home/airflow/.local/lib/python3.7/site-packages/airflow/example_dags/example_sla_dag.py for tasks to queue
[2022-08-23 00:01:48,080] {logging_mixin.py:115} INFO - [2022-08-23 00:01:48,080] {dagbag.py:507} INFO - Filling up the DagBag from /home/airflow/.local/lib/python3.7/site-packages/airflow/example_dags/example_sla_dag.py
[2022-08-23 00:01:48,101] {processor.py:651} INFO - DAG(s) dict_keys(['example_sla_dag']) retrieved from /home/airflow/.local/lib/python3.7/site-packages/airflow/example_dags/example_sla_dag.py
[2022-08-23 00:01:48,129] {logging_mixin.py:115} INFO - [2022-08-23 00:01:48,129] {dag.py:2371} INFO - Sync 1 DAGs
[2022-08-23 00:01:48,157] {logging_mixin.py:115} INFO - [2022-08-23 00:01:48,157] {dag.py:2919} INFO - Setting next_dagrun for example_sla_dag to 2022-08-22T23:58:00+00:00, run_after=2022-08-23T00:00:00+00:00
[2022-08-23 00:01:48,274] {processor.py:161} INFO - Processing /home/airflow/.local/lib/python3.7/site-packages/airflow/example_dags/example_sla_dag.py took 0.210 seconds
[2022-08-23 00:02:18,328] {processor.py:153} INFO - Started process (PID=3480) to work on /home/airflow/.local/lib/python3.7/site-packages/airflow/example_dags/example_sla_dag.py
[2022-08-23 00:02:18,329] {processor.py:641} INFO - Processing file /home/airflow/.local/lib/python3.7/site-packages/airflow/example_dags/example_sla_dag.py for tasks to queue
[2022-08-23 00:02:18,330] {logging_mixin.py:115} INFO - [2022-08-23 00:02:18,330] {dagbag.py:507} INFO - Filling up the DagBag from /home/airflow/.local/lib/python3.7/site-packages/airflow/example_dags/example_sla_dag.py
[2022-08-23 00:02:18,348] {processor.py:651} INFO - DAG(s) dict_keys(['example_sla_dag']) retrieved from /home/airflow/.local/lib/python3.7/site-packages/airflow/example_dags/example_sla_dag.py
[2022-08-23 00:02:18,377] {logging_mixin.py:115} INFO - [2022-08-23 00:02:18,377] {dag.py:2371} INFO - Sync 1 DAGs
[2022-08-23 00:02:18,406] {logging_mixin.py:115} INFO - [2022-08-23 00:02:18,405] {dag.py:2919} INFO - Setting next_dagrun for example_sla_dag to 2022-08-23T00:00:00+00:00, run_after=2022-08-23T00:02:00+00:00
[2022-08-23 00:02:18,529] {processor.py:161} INFO - Processing /home/airflow/.local/lib/python3.7/site-packages/airflow/example_dags/example_sla_dag.py took 0.206 seconds
[2022-08-23 00:02:48,748] {processor.py:153} INFO - Started process (PID=3556) to work on /home/airflow/.local/lib/python3.7/site-packages/airflow/example_dags/example_sla_dag.py
[2022-08-23 00:02:48,748] {processor.py:641} INFO - Processing file /home/airflow/.local/lib/python3.7/site-packages/airflow/example_dags/example_sla_dag.py for tasks to queue
[2022-08-23 00:02:48,749] {logging_mixin.py:115} INFO - [2022-08-23 00:02:48,749] {dagbag.py:507} INFO - Filling up the DagBag from /home/airflow/.local/lib/python3.7/site-packages/airflow/example_dags/example_sla_dag.py
[2022-08-23 00:02:48,768] {processor.py:651} INFO - DAG(s) dict_keys(['example_sla_dag']) retrieved from /home/airflow/.local/lib/python3.7/site-packages/airflow/example_dags/example_sla_dag.py
[2022-08-23 00:02:48,798] {logging_mixin.py:115} INFO - [2022-08-23 00:02:48,798] {dag.py:2371} INFO - Sync 1 DAGs
[2022-08-23 00:02:48,825] {logging_mixin.py:115} INFO - [2022-08-23 00:02:48,825] {dag.py:2919} INFO - Setting next_dagrun for example_sla_dag to 2022-08-23T00:00:00+00:00, run_after=2022-08-23T00:02:00+00:00
[2022-08-23 00:02:48,942] {processor.py:161} INFO - Processing /home/airflow/.local/lib/python3.7/site-packages/airflow/example_dags/example_sla_dag.py took 0.198 seconds
[2022-08-23 00:03:19,543] {processor.py:153} INFO - Started process (PID=3635) to work on /home/airflow/.local/lib/python3.7/site-packages/airflow/example_dags/example_sla_dag.py
[2022-08-23 00:03:19,544] {processor.py:641} INFO - Processing file /home/airflow/.local/lib/python3.7/site-packages/airflow/example_dags/example_sla_dag.py for tasks to queue
[2022-08-23 00:03:19,546] {logging_mixin.py:115} INFO - [2022-08-23 00:03:19,546] {dagbag.py:507} INFO - Filling up the DagBag from /home/airflow/.local/lib/python3.7/site-packages/airflow/example_dags/example_sla_dag.py
[2022-08-23 00:03:19,563] {processor.py:651} INFO - DAG(s) dict_keys(['example_sla_dag']) retrieved from /home/airflow/.local/lib/python3.7/site-packages/airflow/example_dags/example_sla_dag.py
[2022-08-23 00:03:19,589] {logging_mixin.py:115} INFO - [2022-08-23 00:03:19,589] {dag.py:2371} INFO - Sync 1 DAGs
[2022-08-23 00:03:19,622] {logging_mixin.py:115} INFO - [2022-08-23 00:03:19,622] {dag.py:2919} INFO - Setting next_dagrun for example_sla_dag to 2022-08-23T00:00:00+00:00, run_after=2022-08-23T00:02:00+00:00
[2022-08-23 00:03:19,736] {processor.py:161} INFO - Processing /home/airflow/.local/lib/python3.7/site-packages/airflow/example_dags/example_sla_dag.py took 0.195 seconds
[2022-08-23 00:03:50,092] {processor.py:153} INFO - Started process (PID=3711) to work on /home/airflow/.local/lib/python3.7/site-packages/airflow/example_dags/example_sla_dag.py
[2022-08-23 00:03:50,093] {processor.py:641} INFO - Processing file /home/airflow/.local/lib/python3.7/site-packages/airflow/example_dags/example_sla_dag.py for tasks to queue
[2022-08-23 00:03:50,094] {logging_mixin.py:115} INFO - [2022-08-23 00:03:50,094] {dagbag.py:507} INFO - Filling up the DagBag from /home/airflow/.local/lib/python3.7/site-packages/airflow/example_dags/example_sla_dag.py
[2022-08-23 00:03:50,112] {processor.py:651} INFO - DAG(s) dict_keys(['example_sla_dag']) retrieved from /home/airflow/.local/lib/python3.7/site-packages/airflow/example_dags/example_sla_dag.py
[2022-08-23 00:03:50,137] {logging_mixin.py:115} INFO - [2022-08-23 00:03:50,137] {dag.py:2371} INFO - Sync 1 DAGs
[2022-08-23 00:03:50,277] {logging_mixin.py:115} INFO - [2022-08-23 00:03:50,277] {dag.py:2919} INFO - Setting next_dagrun for example_sla_dag to 2022-08-23T00:00:00+00:00, run_after=2022-08-23T00:02:00+00:00
[2022-08-23 00:03:50,288] {processor.py:161} INFO - Processing /home/airflow/.local/lib/python3.7/site-packages/airflow/example_dags/example_sla_dag.py took 0.199 seconds
[2022-08-23 00:04:20,395] {processor.py:153} INFO - Started process (PID=3777) to work on /home/airflow/.local/lib/python3.7/site-packages/airflow/example_dags/example_sla_dag.py
[2022-08-23 00:04:20,396] {processor.py:641} INFO - Processing file /home/airflow/.local/lib/python3.7/site-packages/airflow/example_dags/example_sla_dag.py for tasks to queue
[2022-08-23 00:04:20,397] {logging_mixin.py:115} INFO - [2022-08-23 00:04:20,397] {dagbag.py:507} INFO - Filling up the DagBag from /home/airflow/.local/lib/python3.7/site-packages/airflow/example_dags/example_sla_dag.py
[2022-08-23 00:04:20,415] {processor.py:651} INFO - DAG(s) dict_keys(['example_sla_dag']) retrieved from /home/airflow/.local/lib/python3.7/site-packages/airflow/example_dags/example_sla_dag.py
[2022-08-23 00:04:20,441] {logging_mixin.py:115} INFO - [2022-08-23 00:04:20,441] {dag.py:2371} INFO - Sync 1 DAGs
[2022-08-23 00:04:20,564] {logging_mixin.py:115} INFO - [2022-08-23 00:04:20,564] {dag.py:2919} INFO - Setting next_dagrun for example_sla_dag to 2022-08-23T00:02:00+00:00, run_after=2022-08-23T00:04:00+00:00
[2022-08-23 00:04:20,576] {processor.py:161} INFO - Processing /home/airflow/.local/lib/python3.7/site-packages/airflow/example_dags/example_sla_dag.py took 0.184 seconds
[2022-08-23 00:04:51,197] {processor.py:153} INFO - Started process (PID=3854) to work on /home/airflow/.local/lib/python3.7/site-packages/airflow/example_dags/example_sla_dag.py
[2022-08-23 00:04:51,198] {processor.py:641} INFO - Processing file /home/airflow/.local/lib/python3.7/site-packages/airflow/example_dags/example_sla_dag.py for tasks to queue
[2022-08-23 00:04:51,199] {logging_mixin.py:115} INFO - [2022-08-23 00:04:51,199] {dagbag.py:507} INFO - Filling up the DagBag from /home/airflow/.local/lib/python3.7/site-packages/airflow/example_dags/example_sla_dag.py
[2022-08-23 00:04:51,217] {processor.py:651} INFO - DAG(s) dict_keys(['example_sla_dag']) retrieved from /home/airflow/.local/lib/python3.7/site-packages/airflow/example_dags/example_sla_dag.py
[2022-08-23 00:04:51,243] {logging_mixin.py:115} INFO - [2022-08-23 00:04:51,243] {dag.py:2371} INFO - Sync 1 DAGs
[2022-08-23 00:04:51,371] {logging_mixin.py:115} INFO - [2022-08-23 00:04:51,371] {dag.py:2919} INFO - Setting next_dagrun for example_sla_dag to 2022-08-23T00:02:00+00:00, run_after=2022-08-23T00:04:00+00:00
[2022-08-23 00:04:51,384] {processor.py:161} INFO - Processing /home/airflow/.local/lib/python3.7/site-packages/airflow/example_dags/example_sla_dag.py took 0.190 seconds
[2022-08-23 00:05:21,966] {processor.py:153} INFO - Started process (PID=3933) to work on /home/airflow/.local/lib/python3.7/site-packages/airflow/example_dags/example_sla_dag.py
[2022-08-23 00:05:21,967] {processor.py:641} INFO - Processing file /home/airflow/.local/lib/python3.7/site-packages/airflow/example_dags/example_sla_dag.py for tasks to queue
[2022-08-23 00:05:21,968] {logging_mixin.py:115} INFO - [2022-08-23 00:05:21,968] {dagbag.py:507} INFO - Filling up the DagBag from /home/airflow/.local/lib/python3.7/site-packages/airflow/example_dags/example_sla_dag.py
[2022-08-23 00:05:21,986] {processor.py:651} INFO - DAG(s) dict_keys(['example_sla_dag']) retrieved from /home/airflow/.local/lib/python3.7/site-packages/airflow/example_dags/example_sla_dag.py
[2022-08-23 00:05:22,012] {logging_mixin.py:115} INFO - [2022-08-23 00:05:22,012] {dag.py:2371} INFO - Sync 1 DAGs
[2022-08-23 00:05:22,151] {logging_mixin.py:115} INFO - [2022-08-23 00:05:22,150] {dag.py:2919} INFO - Setting next_dagrun for example_sla_dag to 2022-08-23T00:02:00+00:00, run_after=2022-08-23T00:04:00+00:00
[2022-08-23 00:05:22,160] {processor.py:161} INFO - Processing /home/airflow/.local/lib/python3.7/site-packages/airflow/example_dags/example_sla_dag.py took 0.198 seconds
[2022-08-23 00:05:52,765] {processor.py:153} INFO - Started process (PID=4010) to work on /home/airflow/.local/lib/python3.7/site-packages/airflow/example_dags/example_sla_dag.py
[2022-08-23 00:05:52,766] {processor.py:641} INFO - Processing file /home/airflow/.local/lib/python3.7/site-packages/airflow/example_dags/example_sla_dag.py for tasks to queue
[2022-08-23 00:05:52,767] {logging_mixin.py:115} INFO - [2022-08-23 00:05:52,767] {dagbag.py:507} INFO - Filling up the DagBag from /home/airflow/.local/lib/python3.7/site-packages/airflow/example_dags/example_sla_dag.py
[2022-08-23 00:05:52,786] {processor.py:651} INFO - DAG(s) dict_keys(['example_sla_dag']) retrieved from /home/airflow/.local/lib/python3.7/site-packages/airflow/example_dags/example_sla_dag.py
[2022-08-23 00:05:52,812] {logging_mixin.py:115} INFO - [2022-08-23 00:05:52,812] {dag.py:2371} INFO - Sync 1 DAGs
[2022-08-23 00:05:52,951] {logging_mixin.py:115} INFO - [2022-08-23 00:05:52,951] {dag.py:2919} INFO - Setting next_dagrun for example_sla_dag to 2022-08-23T00:02:00+00:00, run_after=2022-08-23T00:04:00+00:00
[2022-08-23 00:05:52,962] {processor.py:161} INFO - Processing /home/airflow/.local/lib/python3.7/site-packages/airflow/example_dags/example_sla_dag.py took 0.200 seconds
[2022-08-23 00:06:23,401] {processor.py:153} INFO - Started process (PID=4078) to work on /home/airflow/.local/lib/python3.7/site-packages/airflow/example_dags/example_sla_dag.py
[2022-08-23 00:06:23,402] {processor.py:641} INFO - Processing file /home/airflow/.local/lib/python3.7/site-packages/airflow/example_dags/example_sla_dag.py for tasks to queue
[2022-08-23 00:06:23,403] {logging_mixin.py:115} INFO - [2022-08-23 00:06:23,402] {dagbag.py:507} INFO - Filling up the DagBag from /home/airflow/.local/lib/python3.7/site-packages/airflow/example_dags/example_sla_dag.py
[2022-08-23 00:06:23,422] {processor.py:651} INFO - DAG(s) dict_keys(['example_sla_dag']) retrieved from /home/airflow/.local/lib/python3.7/site-packages/airflow/example_dags/example_sla_dag.py
[2022-08-23 00:06:23,453] {logging_mixin.py:115} INFO - [2022-08-23 00:06:23,452] {dag.py:2371} INFO - Sync 1 DAGs
[2022-08-23 00:06:23,601] {logging_mixin.py:115} INFO - [2022-08-23 00:06:23,601] {dag.py:2919} INFO - Setting next_dagrun for example_sla_dag to 2022-08-23T00:04:00+00:00, run_after=2022-08-23T00:06:00+00:00
[2022-08-23 00:06:23,611] {processor.py:161} INFO - Processing /home/airflow/.local/lib/python3.7/site-packages/airflow/example_dags/example_sla_dag.py took 0.214 seconds
[2022-08-23 00:06:54,086] {processor.py:153} INFO - Started process (PID=4155) to work on /home/airflow/.local/lib/python3.7/site-packages/airflow/example_dags/example_sla_dag.py
[2022-08-23 00:06:54,087] {processor.py:641} INFO - Processing file /home/airflow/.local/lib/python3.7/site-packages/airflow/example_dags/example_sla_dag.py for tasks to queue
[2022-08-23 00:06:54,088] {logging_mixin.py:115} INFO - [2022-08-23 00:06:54,088] {dagbag.py:507} INFO - Filling up the DagBag from /home/airflow/.local/lib/python3.7/site-packages/airflow/example_dags/example_sla_dag.py
[2022-08-23 00:06:54,106] {processor.py:651} INFO - DAG(s) dict_keys(['example_sla_dag']) retrieved from /home/airflow/.local/lib/python3.7/site-packages/airflow/example_dags/example_sla_dag.py
[2022-08-23 00:06:54,132] {logging_mixin.py:115} INFO - [2022-08-23 00:06:54,132] {dag.py:2371} INFO - Sync 1 DAGs
[2022-08-23 00:06:54,272] {logging_mixin.py:115} INFO - [2022-08-23 00:06:54,272] {dag.py:2919} INFO - Setting next_dagrun for example_sla_dag to 2022-08-23T00:04:00+00:00, run_after=2022-08-23T00:06:00+00:00
[2022-08-23 00:06:54,283] {processor.py:161} INFO - Processing /home/airflow/.local/lib/python3.7/site-packages/airflow/example_dags/example_sla_dag.py took 0.200 seconds
[2022-08-23 00:07:24,682] {processor.py:153} INFO - Started process (PID=4232) to work on /home/airflow/.local/lib/python3.7/site-packages/airflow/example_dags/example_sla_dag.py
[2022-08-23 00:07:24,683] {processor.py:641} INFO - Processing file /home/airflow/.local/lib/python3.7/site-packages/airflow/example_dags/example_sla_dag.py for tasks to queue
[2022-08-23 00:07:24,684] {logging_mixin.py:115} INFO - [2022-08-23 00:07:24,684] {dagbag.py:507} INFO - Filling up the DagBag from /home/airflow/.local/lib/python3.7/site-packages/airflow/example_dags/example_sla_dag.py
[2022-08-23 00:07:24,703] {processor.py:651} INFO - DAG(s) dict_keys(['example_sla_dag']) retrieved from /home/airflow/.local/lib/python3.7/site-packages/airflow/example_dags/example_sla_dag.py
[2022-08-23 00:07:24,729] {logging_mixin.py:115} INFO - [2022-08-23 00:07:24,729] {dag.py:2371} INFO - Sync 1 DAGs
[2022-08-23 00:07:24,871] {logging_mixin.py:115} INFO - [2022-08-23 00:07:24,871] {dag.py:2919} INFO - Setting next_dagrun for example_sla_dag to 2022-08-23T00:04:00+00:00, run_after=2022-08-23T00:06:00+00:00
[2022-08-23 00:07:24,885] {processor.py:161} INFO - Processing /home/airflow/.local/lib/python3.7/site-packages/airflow/example_dags/example_sla_dag.py took 0.207 seconds
[2022-08-23 00:07:54,981] {processor.py:153} INFO - Started process (PID=4299) to work on /home/airflow/.local/lib/python3.7/site-packages/airflow/example_dags/example_sla_dag.py
[2022-08-23 00:07:54,982] {processor.py:641} INFO - Processing file /home/airflow/.local/lib/python3.7/site-packages/airflow/example_dags/example_sla_dag.py for tasks to queue
[2022-08-23 00:07:54,983] {logging_mixin.py:115} INFO - [2022-08-23 00:07:54,983] {dagbag.py:507} INFO - Filling up the DagBag from /home/airflow/.local/lib/python3.7/site-packages/airflow/example_dags/example_sla_dag.py
[2022-08-23 00:07:55,001] {processor.py:651} INFO - DAG(s) dict_keys(['example_sla_dag']) retrieved from /home/airflow/.local/lib/python3.7/site-packages/airflow/example_dags/example_sla_dag.py
[2022-08-23 00:07:55,025] {logging_mixin.py:115} INFO - [2022-08-23 00:07:55,025] {dag.py:2371} INFO - Sync 1 DAGs
[2022-08-23 00:07:55,155] {logging_mixin.py:115} INFO - [2022-08-23 00:07:55,155] {dag.py:2919} INFO - Setting next_dagrun for example_sla_dag to 2022-08-23T00:04:00+00:00, run_after=2022-08-23T00:06:00+00:00
[2022-08-23 00:07:55,167] {processor.py:161} INFO - Processing /home/airflow/.local/lib/python3.7/site-packages/airflow/example_dags/example_sla_dag.py took 0.189 seconds
[2022-08-23 00:08:26,350] {processor.py:153} INFO - Started process (PID=4378) to work on /home/airflow/.local/lib/python3.7/site-packages/airflow/example_dags/example_sla_dag.py
[2022-08-23 00:08:26,352] {processor.py:641} INFO - Processing file /home/airflow/.local/lib/python3.7/site-packages/airflow/example_dags/example_sla_dag.py for tasks to queue
[2022-08-23 00:08:26,354] {logging_mixin.py:115} INFO - [2022-08-23 00:08:26,354] {dagbag.py:507} INFO - Filling up the DagBag from /home/airflow/.local/lib/python3.7/site-packages/airflow/example_dags/example_sla_dag.py
[2022-08-23 00:08:26,379] {processor.py:651} INFO - DAG(s) dict_keys(['example_sla_dag']) retrieved from /home/airflow/.local/lib/python3.7/site-packages/airflow/example_dags/example_sla_dag.py
[2022-08-23 00:08:26,423] {logging_mixin.py:115} INFO - [2022-08-23 00:08:26,422] {dag.py:2371} INFO - Sync 1 DAGs
[2022-08-23 00:08:26,615] {logging_mixin.py:115} INFO - [2022-08-23 00:08:26,615] {dag.py:2919} INFO - Setting next_dagrun for example_sla_dag to 2022-08-23T00:06:00+00:00, run_after=2022-08-23T00:08:00+00:00
[2022-08-23 00:08:26,627] {processor.py:161} INFO - Processing /home/airflow/.local/lib/python3.7/site-packages/airflow/example_dags/example_sla_dag.py took 0.282 seconds
[2022-08-23 00:08:57,749] {processor.py:153} INFO - Started process (PID=4455) to work on /home/airflow/.local/lib/python3.7/site-packages/airflow/example_dags/example_sla_dag.py
[2022-08-23 00:08:57,751] {processor.py:641} INFO - Processing file /home/airflow/.local/lib/python3.7/site-packages/airflow/example_dags/example_sla_dag.py for tasks to queue
[2022-08-23 00:08:57,752] {logging_mixin.py:115} INFO - [2022-08-23 00:08:57,752] {dagbag.py:507} INFO - Filling up the DagBag from /home/airflow/.local/lib/python3.7/site-packages/airflow/example_dags/example_sla_dag.py
[2022-08-23 00:08:57,780] {processor.py:651} INFO - DAG(s) dict_keys(['example_sla_dag']) retrieved from /home/airflow/.local/lib/python3.7/site-packages/airflow/example_dags/example_sla_dag.py
[2022-08-23 00:08:57,812] {logging_mixin.py:115} INFO - [2022-08-23 00:08:57,812] {dag.py:2371} INFO - Sync 1 DAGs
[2022-08-23 00:08:57,949] {logging_mixin.py:115} INFO - [2022-08-23 00:08:57,949] {dag.py:2919} INFO - Setting next_dagrun for example_sla_dag to 2022-08-23T00:06:00+00:00, run_after=2022-08-23T00:08:00+00:00
[2022-08-23 00:08:57,963] {processor.py:161} INFO - Processing /home/airflow/.local/lib/python3.7/site-packages/airflow/example_dags/example_sla_dag.py took 0.219 seconds
[2022-08-23 00:09:28,479] {processor.py:153} INFO - Started process (PID=4523) to work on /home/airflow/.local/lib/python3.7/site-packages/airflow/example_dags/example_sla_dag.py
[2022-08-23 00:09:28,480] {processor.py:641} INFO - Processing file /home/airflow/.local/lib/python3.7/site-packages/airflow/example_dags/example_sla_dag.py for tasks to queue
[2022-08-23 00:09:28,481] {logging_mixin.py:115} INFO - [2022-08-23 00:09:28,481] {dagbag.py:507} INFO - Filling up the DagBag from /home/airflow/.local/lib/python3.7/site-packages/airflow/example_dags/example_sla_dag.py
[2022-08-23 00:09:28,502] {processor.py:651} INFO - DAG(s) dict_keys(['example_sla_dag']) retrieved from /home/airflow/.local/lib/python3.7/site-packages/airflow/example_dags/example_sla_dag.py
[2022-08-23 00:09:28,528] {logging_mixin.py:115} INFO - [2022-08-23 00:09:28,528] {dag.py:2371} INFO - Sync 1 DAGs
[2022-08-23 00:09:28,664] {logging_mixin.py:115} INFO - [2022-08-23 00:09:28,664] {dag.py:2919} INFO - Setting next_dagrun for example_sla_dag to 2022-08-23T00:06:00+00:00, run_after=2022-08-23T00:08:00+00:00
[2022-08-23 00:09:28,677] {processor.py:161} INFO - Processing /home/airflow/.local/lib/python3.7/site-packages/airflow/example_dags/example_sla_dag.py took 0.201 seconds
[2022-08-23 00:09:59,156] {processor.py:153} INFO - Started process (PID=4600) to work on /home/airflow/.local/lib/python3.7/site-packages/airflow/example_dags/example_sla_dag.py
[2022-08-23 00:09:59,157] {processor.py:641} INFO - Processing file /home/airflow/.local/lib/python3.7/site-packages/airflow/example_dags/example_sla_dag.py for tasks to queue
[2022-08-23 00:09:59,158] {logging_mixin.py:115} INFO - [2022-08-23 00:09:59,158] {dagbag.py:507} INFO - Filling up the DagBag from /home/airflow/.local/lib/python3.7/site-packages/airflow/example_dags/example_sla_dag.py
[2022-08-23 00:09:59,175] {processor.py:651} INFO - DAG(s) dict_keys(['example_sla_dag']) retrieved from /home/airflow/.local/lib/python3.7/site-packages/airflow/example_dags/example_sla_dag.py
[2022-08-23 00:09:59,202] {logging_mixin.py:115} INFO - [2022-08-23 00:09:59,202] {dag.py:2371} INFO - Sync 1 DAGs
[2022-08-23 00:09:59,331] {logging_mixin.py:115} INFO - [2022-08-23 00:09:59,331] {dag.py:2919} INFO - Setting next_dagrun for example_sla_dag to 2022-08-23T00:06:00+00:00, run_after=2022-08-23T00:08:00+00:00
[2022-08-23 00:09:59,342] {processor.py:161} INFO - Processing /home/airflow/.local/lib/python3.7/site-packages/airflow/example_dags/example_sla_dag.py took 0.190 seconds
[2022-08-23 00:10:29,829] {processor.py:153} INFO - Started process (PID=4677) to work on /home/airflow/.local/lib/python3.7/site-packages/airflow/example_dags/example_sla_dag.py
[2022-08-23 00:10:29,830] {processor.py:641} INFO - Processing file /home/airflow/.local/lib/python3.7/site-packages/airflow/example_dags/example_sla_dag.py for tasks to queue
[2022-08-23 00:10:29,831] {logging_mixin.py:115} INFO - [2022-08-23 00:10:29,831] {dagbag.py:507} INFO - Filling up the DagBag from /home/airflow/.local/lib/python3.7/site-packages/airflow/example_dags/example_sla_dag.py
[2022-08-23 00:10:29,848] {processor.py:651} INFO - DAG(s) dict_keys(['example_sla_dag']) retrieved from /home/airflow/.local/lib/python3.7/site-packages/airflow/example_dags/example_sla_dag.py
[2022-08-23 00:10:29,873] {logging_mixin.py:115} INFO - [2022-08-23 00:10:29,873] {dag.py:2371} INFO - Sync 1 DAGs
[2022-08-23 00:10:29,996] {logging_mixin.py:115} INFO - [2022-08-23 00:10:29,996] {dag.py:2919} INFO - Setting next_dagrun for example_sla_dag to 2022-08-23T00:08:00+00:00, run_after=2022-08-23T00:10:00+00:00
[2022-08-23 00:10:30,006] {processor.py:161} INFO - Processing /home/airflow/.local/lib/python3.7/site-packages/airflow/example_dags/example_sla_dag.py took 0.180 seconds
[2022-08-23 00:11:00,394] {processor.py:153} INFO - Started process (PID=4754) to work on /home/airflow/.local/lib/python3.7/site-packages/airflow/example_dags/example_sla_dag.py
[2022-08-23 00:11:00,395] {processor.py:641} INFO - Processing file /home/airflow/.local/lib/python3.7/site-packages/airflow/example_dags/example_sla_dag.py for tasks to queue
[2022-08-23 00:11:00,396] {logging_mixin.py:115} INFO - [2022-08-23 00:11:00,396] {dagbag.py:507} INFO - Filling up the DagBag from /home/airflow/.local/lib/python3.7/site-packages/airflow/example_dags/example_sla_dag.py
[2022-08-23 00:11:00,413] {processor.py:651} INFO - DAG(s) dict_keys(['example_sla_dag']) retrieved from /home/airflow/.local/lib/python3.7/site-packages/airflow/example_dags/example_sla_dag.py
[2022-08-23 00:11:00,438] {logging_mixin.py:115} INFO - [2022-08-23 00:11:00,438] {dag.py:2371} INFO - Sync 1 DAGs
[2022-08-23 00:11:00,563] {logging_mixin.py:115} INFO - [2022-08-23 00:11:00,563] {dag.py:2919} INFO - Setting next_dagrun for example_sla_dag to 2022-08-23T00:08:00+00:00, run_after=2022-08-23T00:10:00+00:00
[2022-08-23 00:11:00,572] {processor.py:161} INFO - Processing /home/airflow/.local/lib/python3.7/site-packages/airflow/example_dags/example_sla_dag.py took 0.182 seconds
[2022-08-23 00:11:30,907] {processor.py:153} INFO - Started process (PID=4821) to work on /home/airflow/.local/lib/python3.7/site-packages/airflow/example_dags/example_sla_dag.py
[2022-08-23 00:11:30,908] {processor.py:641} INFO - Processing file /home/airflow/.local/lib/python3.7/site-packages/airflow/example_dags/example_sla_dag.py for tasks to queue
[2022-08-23 00:11:30,908] {logging_mixin.py:115} INFO - [2022-08-23 00:11:30,908] {dagbag.py:507} INFO - Filling up the DagBag from /home/airflow/.local/lib/python3.7/site-packages/airflow/example_dags/example_sla_dag.py
[2022-08-23 00:11:30,926] {processor.py:651} INFO - DAG(s) dict_keys(['example_sla_dag']) retrieved from /home/airflow/.local/lib/python3.7/site-packages/airflow/example_dags/example_sla_dag.py
[2022-08-23 00:11:30,953] {logging_mixin.py:115} INFO - [2022-08-23 00:11:30,953] {dag.py:2371} INFO - Sync 1 DAGs
[2022-08-23 00:11:31,077] {logging_mixin.py:115} INFO - [2022-08-23 00:11:31,077] {dag.py:2919} INFO - Setting next_dagrun for example_sla_dag to 2022-08-23T00:08:00+00:00, run_after=2022-08-23T00:10:00+00:00
[2022-08-23 00:11:31,087] {processor.py:161} INFO - Processing /home/airflow/.local/lib/python3.7/site-packages/airflow/example_dags/example_sla_dag.py took 0.184 seconds
[2022-08-23 00:12:01,397] {processor.py:153} INFO - Started process (PID=4898) to work on /home/airflow/.local/lib/python3.7/site-packages/airflow/example_dags/example_sla_dag.py
[2022-08-23 00:12:01,398] {processor.py:641} INFO - Processing file /home/airflow/.local/lib/python3.7/site-packages/airflow/example_dags/example_sla_dag.py for tasks to queue
[2022-08-23 00:12:01,399] {logging_mixin.py:115} INFO - [2022-08-23 00:12:01,399] {dagbag.py:507} INFO - Filling up the DagBag from /home/airflow/.local/lib/python3.7/site-packages/airflow/example_dags/example_sla_dag.py
[2022-08-23 00:12:01,418] {processor.py:651} INFO - DAG(s) dict_keys(['example_sla_dag']) retrieved from /home/airflow/.local/lib/python3.7/site-packages/airflow/example_dags/example_sla_dag.py
[2022-08-23 00:12:01,444] {logging_mixin.py:115} INFO - [2022-08-23 00:12:01,444] {dag.py:2371} INFO - Sync 1 DAGs
[2022-08-23 00:12:01,581] {logging_mixin.py:115} INFO - [2022-08-23 00:12:01,581] {dag.py:2919} INFO - Setting next_dagrun for example_sla_dag to 2022-08-23T00:10:00+00:00, run_after=2022-08-23T00:12:00+00:00
[2022-08-23 00:12:01,593] {processor.py:161} INFO - Processing /home/airflow/.local/lib/python3.7/site-packages/airflow/example_dags/example_sla_dag.py took 0.199 seconds
[2022-08-23 00:12:32,010] {processor.py:153} INFO - Started process (PID=4974) to work on /home/airflow/.local/lib/python3.7/site-packages/airflow/example_dags/example_sla_dag.py
[2022-08-23 00:12:32,011] {processor.py:641} INFO - Processing file /home/airflow/.local/lib/python3.7/site-packages/airflow/example_dags/example_sla_dag.py for tasks to queue
[2022-08-23 00:12:32,012] {logging_mixin.py:115} INFO - [2022-08-23 00:12:32,012] {dagbag.py:507} INFO - Filling up the DagBag from /home/airflow/.local/lib/python3.7/site-packages/airflow/example_dags/example_sla_dag.py
[2022-08-23 00:12:32,030] {processor.py:651} INFO - DAG(s) dict_keys(['example_sla_dag']) retrieved from /home/airflow/.local/lib/python3.7/site-packages/airflow/example_dags/example_sla_dag.py
[2022-08-23 00:12:32,057] {logging_mixin.py:115} INFO - [2022-08-23 00:12:32,057] {dag.py:2371} INFO - Sync 1 DAGs
[2022-08-23 00:12:32,203] {logging_mixin.py:115} INFO - [2022-08-23 00:12:32,203] {dag.py:2919} INFO - Setting next_dagrun for example_sla_dag to 2022-08-23T00:10:00+00:00, run_after=2022-08-23T00:12:00+00:00
[2022-08-23 00:12:32,214] {processor.py:161} INFO - Processing /home/airflow/.local/lib/python3.7/site-packages/airflow/example_dags/example_sla_dag.py took 0.208 seconds
[2022-08-23 00:13:02,722] {processor.py:153} INFO - Started process (PID=5043) to work on /home/airflow/.local/lib/python3.7/site-packages/airflow/example_dags/example_sla_dag.py
[2022-08-23 00:13:02,723] {processor.py:641} INFO - Processing file /home/airflow/.local/lib/python3.7/site-packages/airflow/example_dags/example_sla_dag.py for tasks to queue
[2022-08-23 00:13:02,725] {logging_mixin.py:115} INFO - [2022-08-23 00:13:02,724] {dagbag.py:507} INFO - Filling up the DagBag from /home/airflow/.local/lib/python3.7/site-packages/airflow/example_dags/example_sla_dag.py
[2022-08-23 00:13:02,744] {processor.py:651} INFO - DAG(s) dict_keys(['example_sla_dag']) retrieved from /home/airflow/.local/lib/python3.7/site-packages/airflow/example_dags/example_sla_dag.py
[2022-08-23 00:13:02,780] {logging_mixin.py:115} INFO - [2022-08-23 00:13:02,780] {dag.py:2371} INFO - Sync 1 DAGs
[2022-08-23 00:13:02,969] {logging_mixin.py:115} INFO - [2022-08-23 00:13:02,969] {dag.py:2919} INFO - Setting next_dagrun for example_sla_dag to 2022-08-23T00:10:00+00:00, run_after=2022-08-23T00:12:00+00:00
[2022-08-23 00:13:02,984] {processor.py:161} INFO - Processing /home/airflow/.local/lib/python3.7/site-packages/airflow/example_dags/example_sla_dag.py took 0.266 seconds
[2022-08-23 00:13:33,875] {processor.py:153} INFO - Started process (PID=5120) to work on /home/airflow/.local/lib/python3.7/site-packages/airflow/example_dags/example_sla_dag.py
[2022-08-23 00:13:33,876] {processor.py:641} INFO - Processing file /home/airflow/.local/lib/python3.7/site-packages/airflow/example_dags/example_sla_dag.py for tasks to queue
[2022-08-23 00:13:33,877] {logging_mixin.py:115} INFO - [2022-08-23 00:13:33,877] {dagbag.py:507} INFO - Filling up the DagBag from /home/airflow/.local/lib/python3.7/site-packages/airflow/example_dags/example_sla_dag.py
[2022-08-23 00:13:33,895] {processor.py:651} INFO - DAG(s) dict_keys(['example_sla_dag']) retrieved from /home/airflow/.local/lib/python3.7/site-packages/airflow/example_dags/example_sla_dag.py
[2022-08-23 00:13:33,921] {logging_mixin.py:115} INFO - [2022-08-23 00:13:33,920] {dag.py:2371} INFO - Sync 1 DAGs
[2022-08-23 00:13:34,061] {logging_mixin.py:115} INFO - [2022-08-23 00:13:34,061] {dag.py:2919} INFO - Setting next_dagrun for example_sla_dag to 2022-08-23T00:10:00+00:00, run_after=2022-08-23T00:12:00+00:00
[2022-08-23 00:13:34,072] {processor.py:161} INFO - Processing /home/airflow/.local/lib/python3.7/site-packages/airflow/example_dags/example_sla_dag.py took 0.201 seconds
[2022-08-23 00:14:04,374] {processor.py:153} INFO - Started process (PID=5197) to work on /home/airflow/.local/lib/python3.7/site-packages/airflow/example_dags/example_sla_dag.py
[2022-08-23 00:14:04,375] {processor.py:641} INFO - Processing file /home/airflow/.local/lib/python3.7/site-packages/airflow/example_dags/example_sla_dag.py for tasks to queue
[2022-08-23 00:14:04,376] {logging_mixin.py:115} INFO - [2022-08-23 00:14:04,375] {dagbag.py:507} INFO - Filling up the DagBag from /home/airflow/.local/lib/python3.7/site-packages/airflow/example_dags/example_sla_dag.py
[2022-08-23 00:14:04,398] {processor.py:651} INFO - DAG(s) dict_keys(['example_sla_dag']) retrieved from /home/airflow/.local/lib/python3.7/site-packages/airflow/example_dags/example_sla_dag.py
[2022-08-23 00:14:04,536] {logging_mixin.py:115} INFO - [2022-08-23 00:14:04,536] {dag.py:2371} INFO - Sync 1 DAGs
[2022-08-23 00:14:04,563] {logging_mixin.py:115} INFO - [2022-08-23 00:14:04,563] {dag.py:2919} INFO - Setting next_dagrun for example_sla_dag to 2022-08-23T00:12:00+00:00, run_after=2022-08-23T00:14:00+00:00
[2022-08-23 00:14:04,574] {processor.py:161} INFO - Processing /home/airflow/.local/lib/python3.7/site-packages/airflow/example_dags/example_sla_dag.py took 0.204 seconds
[2022-08-23 00:14:35,342] {processor.py:153} INFO - Started process (PID=5273) to work on /home/airflow/.local/lib/python3.7/site-packages/airflow/example_dags/example_sla_dag.py
[2022-08-23 00:14:35,357] {processor.py:641} INFO - Processing file /home/airflow/.local/lib/python3.7/site-packages/airflow/example_dags/example_sla_dag.py for tasks to queue
[2022-08-23 00:14:35,358] {logging_mixin.py:115} INFO - [2022-08-23 00:14:35,358] {dagbag.py:507} INFO - Filling up the DagBag from /home/airflow/.local/lib/python3.7/site-packages/airflow/example_dags/example_sla_dag.py
[2022-08-23 00:14:35,377] {processor.py:651} INFO - DAG(s) dict_keys(['example_sla_dag']) retrieved from /home/airflow/.local/lib/python3.7/site-packages/airflow/example_dags/example_sla_dag.py
[2022-08-23 00:14:35,545] {logging_mixin.py:115} INFO - [2022-08-23 00:14:35,545] {dag.py:2371} INFO - Sync 1 DAGs
[2022-08-23 00:14:35,577] {logging_mixin.py:115} INFO - [2022-08-23 00:14:35,576] {dag.py:2919} INFO - Setting next_dagrun for example_sla_dag to 2022-08-23T00:12:00+00:00, run_after=2022-08-23T00:14:00+00:00
[2022-08-23 00:14:35,593] {processor.py:161} INFO - Processing /home/airflow/.local/lib/python3.7/site-packages/airflow/example_dags/example_sla_dag.py took 0.255 seconds
[2022-08-23 00:15:05,803] {processor.py:153} INFO - Started process (PID=5340) to work on /home/airflow/.local/lib/python3.7/site-packages/airflow/example_dags/example_sla_dag.py
[2022-08-23 00:15:05,804] {processor.py:641} INFO - Processing file /home/airflow/.local/lib/python3.7/site-packages/airflow/example_dags/example_sla_dag.py for tasks to queue
[2022-08-23 00:15:05,804] {logging_mixin.py:115} INFO - [2022-08-23 00:15:05,804] {dagbag.py:507} INFO - Filling up the DagBag from /home/airflow/.local/lib/python3.7/site-packages/airflow/example_dags/example_sla_dag.py
[2022-08-23 00:15:05,832] {processor.py:651} INFO - DAG(s) dict_keys(['example_sla_dag']) retrieved from /home/airflow/.local/lib/python3.7/site-packages/airflow/example_dags/example_sla_dag.py
[2022-08-23 00:15:05,963] {logging_mixin.py:115} INFO - [2022-08-23 00:15:05,963] {dag.py:2371} INFO - Sync 1 DAGs
[2022-08-23 00:15:05,991] {logging_mixin.py:115} INFO - [2022-08-23 00:15:05,991] {dag.py:2919} INFO - Setting next_dagrun for example_sla_dag to 2022-08-23T00:12:00+00:00, run_after=2022-08-23T00:14:00+00:00
[2022-08-23 00:15:06,003] {processor.py:161} INFO - Processing /home/airflow/.local/lib/python3.7/site-packages/airflow/example_dags/example_sla_dag.py took 0.204 seconds
[2022-08-23 00:15:36,240] {processor.py:153} INFO - Started process (PID=5416) to work on /home/airflow/.local/lib/python3.7/site-packages/airflow/example_dags/example_sla_dag.py
[2022-08-23 00:15:36,241] {processor.py:641} INFO - Processing file /home/airflow/.local/lib/python3.7/site-packages/airflow/example_dags/example_sla_dag.py for tasks to queue
[2022-08-23 00:15:36,242] {logging_mixin.py:115} INFO - [2022-08-23 00:15:36,242] {dagbag.py:507} INFO - Filling up the DagBag from /home/airflow/.local/lib/python3.7/site-packages/airflow/example_dags/example_sla_dag.py
[2022-08-23 00:15:36,258] {processor.py:651} INFO - DAG(s) dict_keys(['example_sla_dag']) retrieved from /home/airflow/.local/lib/python3.7/site-packages/airflow/example_dags/example_sla_dag.py
[2022-08-23 00:15:36,383] {logging_mixin.py:115} INFO - [2022-08-23 00:15:36,383] {dag.py:2371} INFO - Sync 1 DAGs
[2022-08-23 00:15:36,411] {logging_mixin.py:115} INFO - [2022-08-23 00:15:36,410] {dag.py:2919} INFO - Setting next_dagrun for example_sla_dag to 2022-08-23T00:12:00+00:00, run_after=2022-08-23T00:14:00+00:00
[2022-08-23 00:15:36,421] {processor.py:161} INFO - Processing /home/airflow/.local/lib/python3.7/site-packages/airflow/example_dags/example_sla_dag.py took 0.184 seconds
[2022-08-23 00:16:06,512] {processor.py:153} INFO - Started process (PID=5493) to work on /home/airflow/.local/lib/python3.7/site-packages/airflow/example_dags/example_sla_dag.py
[2022-08-23 00:16:06,513] {processor.py:641} INFO - Processing file /home/airflow/.local/lib/python3.7/site-packages/airflow/example_dags/example_sla_dag.py for tasks to queue
[2022-08-23 00:16:06,515] {logging_mixin.py:115} INFO - [2022-08-23 00:16:06,514] {dagbag.py:507} INFO - Filling up the DagBag from /home/airflow/.local/lib/python3.7/site-packages/airflow/example_dags/example_sla_dag.py
[2022-08-23 00:16:06,535] {processor.py:651} INFO - DAG(s) dict_keys(['example_sla_dag']) retrieved from /home/airflow/.local/lib/python3.7/site-packages/airflow/example_dags/example_sla_dag.py
[2022-08-23 00:16:06,724] {logging_mixin.py:115} INFO - [2022-08-23 00:16:06,724] {dag.py:2371} INFO - Sync 1 DAGs
[2022-08-23 00:16:06,759] {logging_mixin.py:115} INFO - [2022-08-23 00:16:06,759] {dag.py:2919} INFO - Setting next_dagrun for example_sla_dag to 2022-08-23T00:14:00+00:00, run_after=2022-08-23T00:16:00+00:00
[2022-08-23 00:16:06,775] {processor.py:161} INFO - Processing /home/airflow/.local/lib/python3.7/site-packages/airflow/example_dags/example_sla_dag.py took 0.266 seconds
[2022-08-23 00:16:38,001] {processor.py:153} INFO - Started process (PID=5570) to work on /home/airflow/.local/lib/python3.7/site-packages/airflow/example_dags/example_sla_dag.py
[2022-08-23 00:16:38,003] {processor.py:641} INFO - Processing file /home/airflow/.local/lib/python3.7/site-packages/airflow/example_dags/example_sla_dag.py for tasks to queue
[2022-08-23 00:16:38,004] {logging_mixin.py:115} INFO - [2022-08-23 00:16:38,004] {dagbag.py:507} INFO - Filling up the DagBag from /home/airflow/.local/lib/python3.7/site-packages/airflow/example_dags/example_sla_dag.py
[2022-08-23 00:16:38,026] {processor.py:651} INFO - DAG(s) dict_keys(['example_sla_dag']) retrieved from /home/airflow/.local/lib/python3.7/site-packages/airflow/example_dags/example_sla_dag.py
[2022-08-23 00:16:38,164] {logging_mixin.py:115} INFO - [2022-08-23 00:16:38,164] {dag.py:2371} INFO - Sync 1 DAGs
[2022-08-23 00:16:38,194] {logging_mixin.py:115} INFO - [2022-08-23 00:16:38,194] {dag.py:2919} INFO - Setting next_dagrun for example_sla_dag to 2022-08-23T00:14:00+00:00, run_after=2022-08-23T00:16:00+00:00
[2022-08-23 00:16:38,207] {processor.py:161} INFO - Processing /home/airflow/.local/lib/python3.7/site-packages/airflow/example_dags/example_sla_dag.py took 0.210 seconds
[2022-08-23 00:17:08,586] {processor.py:153} INFO - Started process (PID=5640) to work on /home/airflow/.local/lib/python3.7/site-packages/airflow/example_dags/example_sla_dag.py
[2022-08-23 00:17:08,587] {processor.py:641} INFO - Processing file /home/airflow/.local/lib/python3.7/site-packages/airflow/example_dags/example_sla_dag.py for tasks to queue
[2022-08-23 00:17:08,588] {logging_mixin.py:115} INFO - [2022-08-23 00:17:08,588] {dagbag.py:507} INFO - Filling up the DagBag from /home/airflow/.local/lib/python3.7/site-packages/airflow/example_dags/example_sla_dag.py
[2022-08-23 00:17:08,612] {processor.py:651} INFO - DAG(s) dict_keys(['example_sla_dag']) retrieved from /home/airflow/.local/lib/python3.7/site-packages/airflow/example_dags/example_sla_dag.py
[2022-08-23 00:17:08,751] {logging_mixin.py:115} INFO - [2022-08-23 00:17:08,751] {dag.py:2371} INFO - Sync 1 DAGs
[2022-08-23 00:17:08,778] {logging_mixin.py:115} INFO - [2022-08-23 00:17:08,778] {dag.py:2919} INFO - Setting next_dagrun for example_sla_dag to 2022-08-23T00:14:00+00:00, run_after=2022-08-23T00:16:00+00:00
[2022-08-23 00:17:08,791] {processor.py:161} INFO - Processing /home/airflow/.local/lib/python3.7/site-packages/airflow/example_dags/example_sla_dag.py took 0.208 seconds
[2022-08-23 00:17:39,716] {processor.py:153} INFO - Started process (PID=5717) to work on /home/airflow/.local/lib/python3.7/site-packages/airflow/example_dags/example_sla_dag.py
[2022-08-23 00:17:39,718] {processor.py:641} INFO - Processing file /home/airflow/.local/lib/python3.7/site-packages/airflow/example_dags/example_sla_dag.py for tasks to queue
[2022-08-23 00:17:39,719] {logging_mixin.py:115} INFO - [2022-08-23 00:17:39,719] {dagbag.py:507} INFO - Filling up the DagBag from /home/airflow/.local/lib/python3.7/site-packages/airflow/example_dags/example_sla_dag.py
[2022-08-23 00:17:39,737] {processor.py:651} INFO - DAG(s) dict_keys(['example_sla_dag']) retrieved from /home/airflow/.local/lib/python3.7/site-packages/airflow/example_dags/example_sla_dag.py
[2022-08-23 00:17:39,871] {logging_mixin.py:115} INFO - [2022-08-23 00:17:39,871] {dag.py:2371} INFO - Sync 1 DAGs
[2022-08-23 00:17:39,899] {logging_mixin.py:115} INFO - [2022-08-23 00:17:39,899] {dag.py:2919} INFO - Setting next_dagrun for example_sla_dag to 2022-08-23T00:14:00+00:00, run_after=2022-08-23T00:16:00+00:00
[2022-08-23 00:17:39,912] {processor.py:161} INFO - Processing /home/airflow/.local/lib/python3.7/site-packages/airflow/example_dags/example_sla_dag.py took 0.199 seconds
[2022-08-23 00:18:10,562] {processor.py:153} INFO - Started process (PID=5794) to work on /home/airflow/.local/lib/python3.7/site-packages/airflow/example_dags/example_sla_dag.py
[2022-08-23 00:18:10,563] {processor.py:641} INFO - Processing file /home/airflow/.local/lib/python3.7/site-packages/airflow/example_dags/example_sla_dag.py for tasks to queue
[2022-08-23 00:18:10,564] {logging_mixin.py:115} INFO - [2022-08-23 00:18:10,564] {dagbag.py:507} INFO - Filling up the DagBag from /home/airflow/.local/lib/python3.7/site-packages/airflow/example_dags/example_sla_dag.py
[2022-08-23 00:18:10,583] {processor.py:651} INFO - DAG(s) dict_keys(['example_sla_dag']) retrieved from /home/airflow/.local/lib/python3.7/site-packages/airflow/example_dags/example_sla_dag.py
[2022-08-23 00:18:10,723] {logging_mixin.py:115} INFO - [2022-08-23 00:18:10,723] {dag.py:2371} INFO - Sync 1 DAGs
[2022-08-23 00:18:10,755] {logging_mixin.py:115} INFO - [2022-08-23 00:18:10,754] {dag.py:2919} INFO - Setting next_dagrun for example_sla_dag to 2022-08-23T00:16:00+00:00, run_after=2022-08-23T00:18:00+00:00
[2022-08-23 00:18:10,770] {processor.py:161} INFO - Processing /home/airflow/.local/lib/python3.7/site-packages/airflow/example_dags/example_sla_dag.py took 0.212 seconds
[2022-08-23 00:18:41,482] {processor.py:153} INFO - Started process (PID=5862) to work on /home/airflow/.local/lib/python3.7/site-packages/airflow/example_dags/example_sla_dag.py
[2022-08-23 00:18:41,483] {processor.py:641} INFO - Processing file /home/airflow/.local/lib/python3.7/site-packages/airflow/example_dags/example_sla_dag.py for tasks to queue
[2022-08-23 00:18:41,484] {logging_mixin.py:115} INFO - [2022-08-23 00:18:41,484] {dagbag.py:507} INFO - Filling up the DagBag from /home/airflow/.local/lib/python3.7/site-packages/airflow/example_dags/example_sla_dag.py
[2022-08-23 00:18:41,503] {processor.py:651} INFO - DAG(s) dict_keys(['example_sla_dag']) retrieved from /home/airflow/.local/lib/python3.7/site-packages/airflow/example_dags/example_sla_dag.py
[2022-08-23 00:18:41,634] {logging_mixin.py:115} INFO - [2022-08-23 00:18:41,634] {dag.py:2371} INFO - Sync 1 DAGs
[2022-08-23 00:18:41,662] {logging_mixin.py:115} INFO - [2022-08-23 00:18:41,661] {dag.py:2919} INFO - Setting next_dagrun for example_sla_dag to 2022-08-23T00:16:00+00:00, run_after=2022-08-23T00:18:00+00:00
[2022-08-23 00:18:41,673] {processor.py:161} INFO - Processing /home/airflow/.local/lib/python3.7/site-packages/airflow/example_dags/example_sla_dag.py took 0.195 seconds
[2022-08-23 00:19:12,838] {processor.py:153} INFO - Started process (PID=5940) to work on /home/airflow/.local/lib/python3.7/site-packages/airflow/example_dags/example_sla_dag.py
[2022-08-23 00:19:12,839] {processor.py:641} INFO - Processing file /home/airflow/.local/lib/python3.7/site-packages/airflow/example_dags/example_sla_dag.py for tasks to queue
[2022-08-23 00:19:12,840] {logging_mixin.py:115} INFO - [2022-08-23 00:19:12,840] {dagbag.py:507} INFO - Filling up the DagBag from /home/airflow/.local/lib/python3.7/site-packages/airflow/example_dags/example_sla_dag.py
[2022-08-23 00:19:12,858] {processor.py:651} INFO - DAG(s) dict_keys(['example_sla_dag']) retrieved from /home/airflow/.local/lib/python3.7/site-packages/airflow/example_dags/example_sla_dag.py
[2022-08-23 00:19:12,990] {logging_mixin.py:115} INFO - [2022-08-23 00:19:12,990] {dag.py:2371} INFO - Sync 1 DAGs
[2022-08-23 00:19:13,017] {logging_mixin.py:115} INFO - [2022-08-23 00:19:13,016] {dag.py:2919} INFO - Setting next_dagrun for example_sla_dag to 2022-08-23T00:16:00+00:00, run_after=2022-08-23T00:18:00+00:00
[2022-08-23 00:19:13,026] {processor.py:161} INFO - Processing /home/airflow/.local/lib/python3.7/site-packages/airflow/example_dags/example_sla_dag.py took 0.192 seconds
[2022-08-23 00:19:44,265] {processor.py:153} INFO - Started process (PID=6017) to work on /home/airflow/.local/lib/python3.7/site-packages/airflow/example_dags/example_sla_dag.py
[2022-08-23 00:19:44,266] {processor.py:641} INFO - Processing file /home/airflow/.local/lib/python3.7/site-packages/airflow/example_dags/example_sla_dag.py for tasks to queue
[2022-08-23 00:19:44,268] {logging_mixin.py:115} INFO - [2022-08-23 00:19:44,267] {dagbag.py:507} INFO - Filling up the DagBag from /home/airflow/.local/lib/python3.7/site-packages/airflow/example_dags/example_sla_dag.py
[2022-08-23 00:19:44,290] {processor.py:651} INFO - DAG(s) dict_keys(['example_sla_dag']) retrieved from /home/airflow/.local/lib/python3.7/site-packages/airflow/example_dags/example_sla_dag.py
[2022-08-23 00:19:44,456] {logging_mixin.py:115} INFO - [2022-08-23 00:19:44,456] {dag.py:2371} INFO - Sync 1 DAGs
[2022-08-23 00:19:44,482] {logging_mixin.py:115} INFO - [2022-08-23 00:19:44,482] {dag.py:2919} INFO - Setting next_dagrun for example_sla_dag to 2022-08-23T00:16:00+00:00, run_after=2022-08-23T00:18:00+00:00
[2022-08-23 00:19:44,492] {processor.py:161} INFO - Processing /home/airflow/.local/lib/python3.7/site-packages/airflow/example_dags/example_sla_dag.py took 0.233 seconds
[2022-08-23 00:20:15,456] {processor.py:153} INFO - Started process (PID=6094) to work on /home/airflow/.local/lib/python3.7/site-packages/airflow/example_dags/example_sla_dag.py
[2022-08-23 00:20:15,457] {processor.py:641} INFO - Processing file /home/airflow/.local/lib/python3.7/site-packages/airflow/example_dags/example_sla_dag.py for tasks to queue
[2022-08-23 00:20:15,458] {logging_mixin.py:115} INFO - [2022-08-23 00:20:15,458] {dagbag.py:507} INFO - Filling up the DagBag from /home/airflow/.local/lib/python3.7/site-packages/airflow/example_dags/example_sla_dag.py
[2022-08-23 00:20:15,476] {processor.py:651} INFO - DAG(s) dict_keys(['example_sla_dag']) retrieved from /home/airflow/.local/lib/python3.7/site-packages/airflow/example_dags/example_sla_dag.py
[2022-08-23 00:20:15,605] {logging_mixin.py:115} INFO - [2022-08-23 00:20:15,605] {dag.py:2371} INFO - Sync 1 DAGs
[2022-08-23 00:20:15,631] {logging_mixin.py:115} INFO - [2022-08-23 00:20:15,631] {dag.py:2919} INFO - Setting next_dagrun for example_sla_dag to 2022-08-23T00:18:00+00:00, run_after=2022-08-23T00:20:00+00:00
[2022-08-23 00:20:15,641] {processor.py:161} INFO - Processing /home/airflow/.local/lib/python3.7/site-packages/airflow/example_dags/example_sla_dag.py took 0.189 seconds
[2022-08-23 00:20:46,160] {processor.py:153} INFO - Started process (PID=6168) to work on /home/airflow/.local/lib/python3.7/site-packages/airflow/example_dags/example_sla_dag.py
[2022-08-23 00:20:46,161] {processor.py:641} INFO - Processing file /home/airflow/.local/lib/python3.7/site-packages/airflow/example_dags/example_sla_dag.py for tasks to queue
[2022-08-23 00:20:46,162] {logging_mixin.py:115} INFO - [2022-08-23 00:20:46,162] {dagbag.py:507} INFO - Filling up the DagBag from /home/airflow/.local/lib/python3.7/site-packages/airflow/example_dags/example_sla_dag.py
[2022-08-23 00:20:46,181] {processor.py:651} INFO - DAG(s) dict_keys(['example_sla_dag']) retrieved from /home/airflow/.local/lib/python3.7/site-packages/airflow/example_dags/example_sla_dag.py
[2022-08-23 00:20:46,315] {logging_mixin.py:115} INFO - [2022-08-23 00:20:46,315] {dag.py:2371} INFO - Sync 1 DAGs
[2022-08-23 00:20:46,341] {logging_mixin.py:115} INFO - [2022-08-23 00:20:46,341] {dag.py:2919} INFO - Setting next_dagrun for example_sla_dag to 2022-08-23T00:18:00+00:00, run_after=2022-08-23T00:20:00+00:00
[2022-08-23 00:20:46,351] {processor.py:161} INFO - Processing /home/airflow/.local/lib/python3.7/site-packages/airflow/example_dags/example_sla_dag.py took 0.195 seconds
[2022-08-23 00:21:17,746] {processor.py:153} INFO - Started process (PID=6239) to work on /home/airflow/.local/lib/python3.7/site-packages/airflow/example_dags/example_sla_dag.py
[2022-08-23 00:21:17,748] {processor.py:641} INFO - Processing file /home/airflow/.local/lib/python3.7/site-packages/airflow/example_dags/example_sla_dag.py for tasks to queue
[2022-08-23 00:21:17,749] {logging_mixin.py:115} INFO - [2022-08-23 00:21:17,749] {dagbag.py:507} INFO - Filling up the DagBag from /home/airflow/.local/lib/python3.7/site-packages/airflow/example_dags/example_sla_dag.py
[2022-08-23 00:21:17,778] {processor.py:651} INFO - DAG(s) dict_keys(['example_sla_dag']) retrieved from /home/airflow/.local/lib/python3.7/site-packages/airflow/example_dags/example_sla_dag.py
[2022-08-23 00:21:17,940] {logging_mixin.py:115} INFO - [2022-08-23 00:21:17,940] {dag.py:2371} INFO - Sync 1 DAGs
[2022-08-23 00:21:17,972] {logging_mixin.py:115} INFO - [2022-08-23 00:21:17,972] {dag.py:2919} INFO - Setting next_dagrun for example_sla_dag to 2022-08-23T00:18:00+00:00, run_after=2022-08-23T00:20:00+00:00
[2022-08-23 00:21:17,982] {processor.py:161} INFO - Processing /home/airflow/.local/lib/python3.7/site-packages/airflow/example_dags/example_sla_dag.py took 0.244 seconds
[2022-08-23 00:21:49,204] {processor.py:153} INFO - Started process (PID=6316) to work on /home/airflow/.local/lib/python3.7/site-packages/airflow/example_dags/example_sla_dag.py
[2022-08-23 00:21:49,221] {processor.py:641} INFO - Processing file /home/airflow/.local/lib/python3.7/site-packages/airflow/example_dags/example_sla_dag.py for tasks to queue
[2022-08-23 00:21:49,222] {logging_mixin.py:115} INFO - [2022-08-23 00:21:49,222] {dagbag.py:507} INFO - Filling up the DagBag from /home/airflow/.local/lib/python3.7/site-packages/airflow/example_dags/example_sla_dag.py
[2022-08-23 00:21:49,243] {processor.py:651} INFO - DAG(s) dict_keys(['example_sla_dag']) retrieved from /home/airflow/.local/lib/python3.7/site-packages/airflow/example_dags/example_sla_dag.py
[2022-08-23 00:21:49,373] {logging_mixin.py:115} INFO - [2022-08-23 00:21:49,373] {dag.py:2371} INFO - Sync 1 DAGs
[2022-08-23 00:21:49,397] {logging_mixin.py:115} INFO - [2022-08-23 00:21:49,397] {dag.py:2919} INFO - Setting next_dagrun for example_sla_dag to 2022-08-23T00:18:00+00:00, run_after=2022-08-23T00:20:00+00:00
[2022-08-23 00:21:49,408] {processor.py:161} INFO - Processing /home/airflow/.local/lib/python3.7/site-packages/airflow/example_dags/example_sla_dag.py took 0.208 seconds
[2022-08-23 00:22:20,229] {processor.py:153} INFO - Started process (PID=6393) to work on /home/airflow/.local/lib/python3.7/site-packages/airflow/example_dags/example_sla_dag.py
[2022-08-23 00:22:20,230] {processor.py:641} INFO - Processing file /home/airflow/.local/lib/python3.7/site-packages/airflow/example_dags/example_sla_dag.py for tasks to queue
[2022-08-23 00:22:20,231] {logging_mixin.py:115} INFO - [2022-08-23 00:22:20,231] {dagbag.py:507} INFO - Filling up the DagBag from /home/airflow/.local/lib/python3.7/site-packages/airflow/example_dags/example_sla_dag.py
[2022-08-23 00:22:20,249] {processor.py:651} INFO - DAG(s) dict_keys(['example_sla_dag']) retrieved from /home/airflow/.local/lib/python3.7/site-packages/airflow/example_dags/example_sla_dag.py
[2022-08-23 00:22:20,380] {logging_mixin.py:115} INFO - [2022-08-23 00:22:20,380] {dag.py:2371} INFO - Sync 1 DAGs
[2022-08-23 00:22:20,405] {logging_mixin.py:115} INFO - [2022-08-23 00:22:20,405] {dag.py:2919} INFO - Setting next_dagrun for example_sla_dag to 2022-08-23T00:20:00+00:00, run_after=2022-08-23T00:22:00+00:00
[2022-08-23 00:22:20,416] {processor.py:161} INFO - Processing /home/airflow/.local/lib/python3.7/site-packages/airflow/example_dags/example_sla_dag.py took 0.190 seconds
[2022-08-23 00:22:50,828] {processor.py:153} INFO - Started process (PID=6470) to work on /home/airflow/.local/lib/python3.7/site-packages/airflow/example_dags/example_sla_dag.py
[2022-08-23 00:22:50,829] {processor.py:641} INFO - Processing file /home/airflow/.local/lib/python3.7/site-packages/airflow/example_dags/example_sla_dag.py for tasks to queue
[2022-08-23 00:22:50,830] {logging_mixin.py:115} INFO - [2022-08-23 00:22:50,829] {dagbag.py:507} INFO - Filling up the DagBag from /home/airflow/.local/lib/python3.7/site-packages/airflow/example_dags/example_sla_dag.py
[2022-08-23 00:22:50,849] {processor.py:651} INFO - DAG(s) dict_keys(['example_sla_dag']) retrieved from /home/airflow/.local/lib/python3.7/site-packages/airflow/example_dags/example_sla_dag.py
[2022-08-23 00:22:50,990] {logging_mixin.py:115} INFO - [2022-08-23 00:22:50,990] {dag.py:2371} INFO - Sync 1 DAGs
[2022-08-23 00:22:51,018] {logging_mixin.py:115} INFO - [2022-08-23 00:22:51,018] {dag.py:2919} INFO - Setting next_dagrun for example_sla_dag to 2022-08-23T00:20:00+00:00, run_after=2022-08-23T00:22:00+00:00
[2022-08-23 00:22:51,031] {processor.py:161} INFO - Processing /home/airflow/.local/lib/python3.7/site-packages/airflow/example_dags/example_sla_dag.py took 0.207 seconds
[2022-08-23 00:23:21,510] {processor.py:153} INFO - Started process (PID=6538) to work on /home/airflow/.local/lib/python3.7/site-packages/airflow/example_dags/example_sla_dag.py
[2022-08-23 00:23:21,511] {processor.py:641} INFO - Processing file /home/airflow/.local/lib/python3.7/site-packages/airflow/example_dags/example_sla_dag.py for tasks to queue
[2022-08-23 00:23:21,512] {logging_mixin.py:115} INFO - [2022-08-23 00:23:21,512] {dagbag.py:507} INFO - Filling up the DagBag from /home/airflow/.local/lib/python3.7/site-packages/airflow/example_dags/example_sla_dag.py
[2022-08-23 00:23:21,533] {processor.py:651} INFO - DAG(s) dict_keys(['example_sla_dag']) retrieved from /home/airflow/.local/lib/python3.7/site-packages/airflow/example_dags/example_sla_dag.py
[2022-08-23 00:23:21,671] {logging_mixin.py:115} INFO - [2022-08-23 00:23:21,671] {dag.py:2371} INFO - Sync 1 DAGs
[2022-08-23 00:23:21,697] {logging_mixin.py:115} INFO - [2022-08-23 00:23:21,697] {dag.py:2919} INFO - Setting next_dagrun for example_sla_dag to 2022-08-23T00:20:00+00:00, run_after=2022-08-23T00:22:00+00:00
[2022-08-23 00:23:21,707] {processor.py:161} INFO - Processing /home/airflow/.local/lib/python3.7/site-packages/airflow/example_dags/example_sla_dag.py took 0.200 seconds
[2022-08-23 00:23:52,031] {processor.py:153} INFO - Started process (PID=6614) to work on /home/airflow/.local/lib/python3.7/site-packages/airflow/example_dags/example_sla_dag.py
[2022-08-23 00:23:52,032] {processor.py:641} INFO - Processing file /home/airflow/.local/lib/python3.7/site-packages/airflow/example_dags/example_sla_dag.py for tasks to queue
[2022-08-23 00:23:52,033] {logging_mixin.py:115} INFO - [2022-08-23 00:23:52,033] {dagbag.py:507} INFO - Filling up the DagBag from /home/airflow/.local/lib/python3.7/site-packages/airflow/example_dags/example_sla_dag.py
[2022-08-23 00:23:52,164] {processor.py:651} INFO - DAG(s) dict_keys(['example_sla_dag']) retrieved from /home/airflow/.local/lib/python3.7/site-packages/airflow/example_dags/example_sla_dag.py
[2022-08-23 00:23:52,191] {logging_mixin.py:115} INFO - [2022-08-23 00:23:52,191] {dag.py:2371} INFO - Sync 1 DAGs
[2022-08-23 00:23:52,219] {logging_mixin.py:115} INFO - [2022-08-23 00:23:52,219] {dag.py:2919} INFO - Setting next_dagrun for example_sla_dag to 2022-08-23T00:20:00+00:00, run_after=2022-08-23T00:22:00+00:00
[2022-08-23 00:23:52,232] {processor.py:161} INFO - Processing /home/airflow/.local/lib/python3.7/site-packages/airflow/example_dags/example_sla_dag.py took 0.204 seconds
[2022-08-23 00:24:22,535] {processor.py:153} INFO - Started process (PID=6692) to work on /home/airflow/.local/lib/python3.7/site-packages/airflow/example_dags/example_sla_dag.py
[2022-08-23 00:24:22,537] {processor.py:641} INFO - Processing file /home/airflow/.local/lib/python3.7/site-packages/airflow/example_dags/example_sla_dag.py for tasks to queue
[2022-08-23 00:24:22,538] {logging_mixin.py:115} INFO - [2022-08-23 00:24:22,538] {dagbag.py:507} INFO - Filling up the DagBag from /home/airflow/.local/lib/python3.7/site-packages/airflow/example_dags/example_sla_dag.py
[2022-08-23 00:24:22,668] {processor.py:651} INFO - DAG(s) dict_keys(['example_sla_dag']) retrieved from /home/airflow/.local/lib/python3.7/site-packages/airflow/example_dags/example_sla_dag.py
[2022-08-23 00:24:22,702] {logging_mixin.py:115} INFO - [2022-08-23 00:24:22,702] {dag.py:2371} INFO - Sync 1 DAGs
[2022-08-23 00:24:22,730] {logging_mixin.py:115} INFO - [2022-08-23 00:24:22,730] {dag.py:2919} INFO - Setting next_dagrun for example_sla_dag to 2022-08-23T00:22:00+00:00, run_after=2022-08-23T00:24:00+00:00
[2022-08-23 00:24:22,743] {processor.py:161} INFO - Processing /home/airflow/.local/lib/python3.7/site-packages/airflow/example_dags/example_sla_dag.py took 0.212 seconds
[2022-08-23 00:24:53,846] {processor.py:153} INFO - Started process (PID=6761) to work on /home/airflow/.local/lib/python3.7/site-packages/airflow/example_dags/example_sla_dag.py
[2022-08-23 00:24:53,847] {processor.py:641} INFO - Processing file /home/airflow/.local/lib/python3.7/site-packages/airflow/example_dags/example_sla_dag.py for tasks to queue
[2022-08-23 00:24:53,848] {logging_mixin.py:115} INFO - [2022-08-23 00:24:53,848] {dagbag.py:507} INFO - Filling up the DagBag from /home/airflow/.local/lib/python3.7/site-packages/airflow/example_dags/example_sla_dag.py
[2022-08-23 00:24:53,982] {processor.py:651} INFO - DAG(s) dict_keys(['example_sla_dag']) retrieved from /home/airflow/.local/lib/python3.7/site-packages/airflow/example_dags/example_sla_dag.py
[2022-08-23 00:24:54,005] {logging_mixin.py:115} INFO - [2022-08-23 00:24:54,005] {dag.py:2371} INFO - Sync 1 DAGs
[2022-08-23 00:24:54,030] {logging_mixin.py:115} INFO - [2022-08-23 00:24:54,030] {dag.py:2919} INFO - Setting next_dagrun for example_sla_dag to 2022-08-23T00:22:00+00:00, run_after=2022-08-23T00:24:00+00:00
[2022-08-23 00:24:54,039] {processor.py:161} INFO - Processing /home/airflow/.local/lib/python3.7/site-packages/airflow/example_dags/example_sla_dag.py took 0.197 seconds
[2022-08-23 00:25:24,537] {processor.py:153} INFO - Started process (PID=6837) to work on /home/airflow/.local/lib/python3.7/site-packages/airflow/example_dags/example_sla_dag.py
[2022-08-23 00:25:24,538] {processor.py:641} INFO - Processing file /home/airflow/.local/lib/python3.7/site-packages/airflow/example_dags/example_sla_dag.py for tasks to queue
[2022-08-23 00:25:24,539] {logging_mixin.py:115} INFO - [2022-08-23 00:25:24,539] {dagbag.py:507} INFO - Filling up the DagBag from /home/airflow/.local/lib/python3.7/site-packages/airflow/example_dags/example_sla_dag.py
[2022-08-23 00:25:24,671] {processor.py:651} INFO - DAG(s) dict_keys(['example_sla_dag']) retrieved from /home/airflow/.local/lib/python3.7/site-packages/airflow/example_dags/example_sla_dag.py
[2022-08-23 00:25:24,699] {logging_mixin.py:115} INFO - [2022-08-23 00:25:24,698] {dag.py:2371} INFO - Sync 1 DAGs
[2022-08-23 00:25:24,725] {logging_mixin.py:115} INFO - [2022-08-23 00:25:24,725] {dag.py:2919} INFO - Setting next_dagrun for example_sla_dag to 2022-08-23T00:22:00+00:00, run_after=2022-08-23T00:24:00+00:00
[2022-08-23 00:25:24,736] {processor.py:161} INFO - Processing /home/airflow/.local/lib/python3.7/site-packages/airflow/example_dags/example_sla_dag.py took 0.203 seconds
[2022-08-23 00:25:55,225] {processor.py:153} INFO - Started process (PID=6915) to work on /home/airflow/.local/lib/python3.7/site-packages/airflow/example_dags/example_sla_dag.py
[2022-08-23 00:25:55,227] {processor.py:641} INFO - Processing file /home/airflow/.local/lib/python3.7/site-packages/airflow/example_dags/example_sla_dag.py for tasks to queue
[2022-08-23 00:25:55,228] {logging_mixin.py:115} INFO - [2022-08-23 00:25:55,228] {dagbag.py:507} INFO - Filling up the DagBag from /home/airflow/.local/lib/python3.7/site-packages/airflow/example_dags/example_sla_dag.py
[2022-08-23 00:25:55,398] {processor.py:651} INFO - DAG(s) dict_keys(['example_sla_dag']) retrieved from /home/airflow/.local/lib/python3.7/site-packages/airflow/example_dags/example_sla_dag.py
[2022-08-23 00:25:55,423] {logging_mixin.py:115} INFO - [2022-08-23 00:25:55,423] {dag.py:2371} INFO - Sync 1 DAGs
[2022-08-23 00:25:55,651] {logging_mixin.py:115} INFO - [2022-08-23 00:25:55,650] {dag.py:2919} INFO - Setting next_dagrun for example_sla_dag to 2022-08-23T00:22:00+00:00, run_after=2022-08-23T00:24:00+00:00
[2022-08-23 00:25:55,676] {processor.py:161} INFO - Processing /home/airflow/.local/lib/python3.7/site-packages/airflow/example_dags/example_sla_dag.py took 0.455 seconds
[2022-08-23 00:26:25,777] {processor.py:153} INFO - Started process (PID=6991) to work on /home/airflow/.local/lib/python3.7/site-packages/airflow/example_dags/example_sla_dag.py
[2022-08-23 00:26:25,794] {processor.py:641} INFO - Processing file /home/airflow/.local/lib/python3.7/site-packages/airflow/example_dags/example_sla_dag.py for tasks to queue
[2022-08-23 00:26:25,801] {logging_mixin.py:115} INFO - [2022-08-23 00:26:25,801] {dagbag.py:507} INFO - Filling up the DagBag from /home/airflow/.local/lib/python3.7/site-packages/airflow/example_dags/example_sla_dag.py
[2022-08-23 00:26:25,955] {processor.py:651} INFO - DAG(s) dict_keys(['example_sla_dag']) retrieved from /home/airflow/.local/lib/python3.7/site-packages/airflow/example_dags/example_sla_dag.py
[2022-08-23 00:26:25,981] {logging_mixin.py:115} INFO - [2022-08-23 00:26:25,980] {dag.py:2371} INFO - Sync 1 DAGs
[2022-08-23 00:26:26,012] {logging_mixin.py:115} INFO - [2022-08-23 00:26:26,012] {dag.py:2919} INFO - Setting next_dagrun for example_sla_dag to 2022-08-23T00:24:00+00:00, run_after=2022-08-23T00:26:00+00:00
[2022-08-23 00:26:26,027] {processor.py:161} INFO - Processing /home/airflow/.local/lib/python3.7/site-packages/airflow/example_dags/example_sla_dag.py took 0.255 seconds
[2022-08-23 00:26:56,603] {processor.py:153} INFO - Started process (PID=7059) to work on /home/airflow/.local/lib/python3.7/site-packages/airflow/example_dags/example_sla_dag.py
[2022-08-23 00:26:56,605] {processor.py:641} INFO - Processing file /home/airflow/.local/lib/python3.7/site-packages/airflow/example_dags/example_sla_dag.py for tasks to queue
[2022-08-23 00:26:56,606] {logging_mixin.py:115} INFO - [2022-08-23 00:26:56,606] {dagbag.py:507} INFO - Filling up the DagBag from /home/airflow/.local/lib/python3.7/site-packages/airflow/example_dags/example_sla_dag.py
[2022-08-23 00:26:56,769] {processor.py:651} INFO - DAG(s) dict_keys(['example_sla_dag']) retrieved from /home/airflow/.local/lib/python3.7/site-packages/airflow/example_dags/example_sla_dag.py
[2022-08-23 00:26:56,799] {logging_mixin.py:115} INFO - [2022-08-23 00:26:56,799] {dag.py:2371} INFO - Sync 1 DAGs
[2022-08-23 00:26:56,845] {logging_mixin.py:115} INFO - [2022-08-23 00:26:56,845] {dag.py:2919} INFO - Setting next_dagrun for example_sla_dag to 2022-08-23T00:24:00+00:00, run_after=2022-08-23T00:26:00+00:00
[2022-08-23 00:26:56,856] {processor.py:161} INFO - Processing /home/airflow/.local/lib/python3.7/site-packages/airflow/example_dags/example_sla_dag.py took 0.257 seconds
[2022-08-23 00:27:27,222] {processor.py:153} INFO - Started process (PID=7137) to work on /home/airflow/.local/lib/python3.7/site-packages/airflow/example_dags/example_sla_dag.py
[2022-08-23 00:27:27,223] {processor.py:641} INFO - Processing file /home/airflow/.local/lib/python3.7/site-packages/airflow/example_dags/example_sla_dag.py for tasks to queue
[2022-08-23 00:27:27,224] {logging_mixin.py:115} INFO - [2022-08-23 00:27:27,224] {dagbag.py:507} INFO - Filling up the DagBag from /home/airflow/.local/lib/python3.7/site-packages/airflow/example_dags/example_sla_dag.py
[2022-08-23 00:27:27,375] {processor.py:651} INFO - DAG(s) dict_keys(['example_sla_dag']) retrieved from /home/airflow/.local/lib/python3.7/site-packages/airflow/example_dags/example_sla_dag.py
[2022-08-23 00:27:27,421] {logging_mixin.py:115} INFO - [2022-08-23 00:27:27,421] {dag.py:2371} INFO - Sync 1 DAGs
[2022-08-23 00:27:27,450] {logging_mixin.py:115} INFO - [2022-08-23 00:27:27,450] {dag.py:2919} INFO - Setting next_dagrun for example_sla_dag to 2022-08-23T00:24:00+00:00, run_after=2022-08-23T00:26:00+00:00
[2022-08-23 00:27:27,462] {processor.py:161} INFO - Processing /home/airflow/.local/lib/python3.7/site-packages/airflow/example_dags/example_sla_dag.py took 0.243 seconds
