[2022-08-23 00:00:10,659] {processor.py:153} INFO - Started process (PID=3167) to work on /home/airflow/.local/lib/python3.7/site-packages/airflow/example_dags/example_branch_labels.py
[2022-08-23 00:00:10,660] {processor.py:641} INFO - Processing file /home/airflow/.local/lib/python3.7/site-packages/airflow/example_dags/example_branch_labels.py for tasks to queue
[2022-08-23 00:00:10,661] {logging_mixin.py:115} INFO - [2022-08-23 00:00:10,661] {dagbag.py:507} INFO - Filling up the DagBag from /home/airflow/.local/lib/python3.7/site-packages/airflow/example_dags/example_branch_labels.py
[2022-08-23 00:00:10,668] {processor.py:651} INFO - DAG(s) dict_keys(['example_branch_labels']) retrieved from /home/airflow/.local/lib/python3.7/site-packages/airflow/example_dags/example_branch_labels.py
[2022-08-23 00:00:10,694] {logging_mixin.py:115} INFO - [2022-08-23 00:00:10,694] {dag.py:2371} INFO - Sync 1 DAGs
[2022-08-23 00:00:10,716] {logging_mixin.py:115} INFO - [2022-08-23 00:00:10,716] {dag.py:2919} INFO - Setting next_dagrun for example_branch_labels to 2022-08-22T00:00:00+00:00, run_after=2022-08-23T00:00:00+00:00
[2022-08-23 00:00:10,727] {processor.py:161} INFO - Processing /home/airflow/.local/lib/python3.7/site-packages/airflow/example_dags/example_branch_labels.py took 0.071 seconds
[2022-08-23 00:00:40,924] {processor.py:153} INFO - Started process (PID=3244) to work on /home/airflow/.local/lib/python3.7/site-packages/airflow/example_dags/example_branch_labels.py
[2022-08-23 00:00:40,925] {processor.py:641} INFO - Processing file /home/airflow/.local/lib/python3.7/site-packages/airflow/example_dags/example_branch_labels.py for tasks to queue
[2022-08-23 00:00:40,926] {logging_mixin.py:115} INFO - [2022-08-23 00:00:40,926] {dagbag.py:507} INFO - Filling up the DagBag from /home/airflow/.local/lib/python3.7/site-packages/airflow/example_dags/example_branch_labels.py
[2022-08-23 00:00:40,932] {processor.py:651} INFO - DAG(s) dict_keys(['example_branch_labels']) retrieved from /home/airflow/.local/lib/python3.7/site-packages/airflow/example_dags/example_branch_labels.py
[2022-08-23 00:00:40,959] {logging_mixin.py:115} INFO - [2022-08-23 00:00:40,959] {dag.py:2371} INFO - Sync 1 DAGs
[2022-08-23 00:00:40,982] {logging_mixin.py:115} INFO - [2022-08-23 00:00:40,982] {dag.py:2919} INFO - Setting next_dagrun for example_branch_labels to 2022-08-22T00:00:00+00:00, run_after=2022-08-23T00:00:00+00:00
[2022-08-23 00:00:40,993] {processor.py:161} INFO - Processing /home/airflow/.local/lib/python3.7/site-packages/airflow/example_dags/example_branch_labels.py took 0.072 seconds
[2022-08-23 00:01:11,100] {processor.py:153} INFO - Started process (PID=3311) to work on /home/airflow/.local/lib/python3.7/site-packages/airflow/example_dags/example_branch_labels.py
[2022-08-23 00:01:11,103] {processor.py:641} INFO - Processing file /home/airflow/.local/lib/python3.7/site-packages/airflow/example_dags/example_branch_labels.py for tasks to queue
[2022-08-23 00:01:11,108] {logging_mixin.py:115} INFO - [2022-08-23 00:01:11,107] {dagbag.py:507} INFO - Filling up the DagBag from /home/airflow/.local/lib/python3.7/site-packages/airflow/example_dags/example_branch_labels.py
[2022-08-23 00:01:11,114] {processor.py:651} INFO - DAG(s) dict_keys(['example_branch_labels']) retrieved from /home/airflow/.local/lib/python3.7/site-packages/airflow/example_dags/example_branch_labels.py
[2022-08-23 00:01:11,146] {logging_mixin.py:115} INFO - [2022-08-23 00:01:11,146] {dag.py:2371} INFO - Sync 1 DAGs
[2022-08-23 00:01:11,169] {logging_mixin.py:115} INFO - [2022-08-23 00:01:11,169] {dag.py:2919} INFO - Setting next_dagrun for example_branch_labels to 2022-08-22T00:00:00+00:00, run_after=2022-08-23T00:00:00+00:00
[2022-08-23 00:01:11,182] {processor.py:161} INFO - Processing /home/airflow/.local/lib/python3.7/site-packages/airflow/example_dags/example_branch_labels.py took 0.086 seconds
[2022-08-23 00:01:41,526] {processor.py:153} INFO - Started process (PID=3388) to work on /home/airflow/.local/lib/python3.7/site-packages/airflow/example_dags/example_branch_labels.py
[2022-08-23 00:01:41,527] {processor.py:641} INFO - Processing file /home/airflow/.local/lib/python3.7/site-packages/airflow/example_dags/example_branch_labels.py for tasks to queue
[2022-08-23 00:01:41,528] {logging_mixin.py:115} INFO - [2022-08-23 00:01:41,528] {dagbag.py:507} INFO - Filling up the DagBag from /home/airflow/.local/lib/python3.7/site-packages/airflow/example_dags/example_branch_labels.py
[2022-08-23 00:01:41,534] {processor.py:651} INFO - DAG(s) dict_keys(['example_branch_labels']) retrieved from /home/airflow/.local/lib/python3.7/site-packages/airflow/example_dags/example_branch_labels.py
[2022-08-23 00:01:41,560] {logging_mixin.py:115} INFO - [2022-08-23 00:01:41,560] {dag.py:2371} INFO - Sync 1 DAGs
[2022-08-23 00:01:41,583] {logging_mixin.py:115} INFO - [2022-08-23 00:01:41,583] {dag.py:2919} INFO - Setting next_dagrun for example_branch_labels to 2022-08-22T00:00:00+00:00, run_after=2022-08-23T00:00:00+00:00
[2022-08-23 00:01:41,593] {processor.py:161} INFO - Processing /home/airflow/.local/lib/python3.7/site-packages/airflow/example_dags/example_branch_labels.py took 0.071 seconds
[2022-08-23 00:02:12,004] {processor.py:153} INFO - Started process (PID=3465) to work on /home/airflow/.local/lib/python3.7/site-packages/airflow/example_dags/example_branch_labels.py
[2022-08-23 00:02:12,004] {processor.py:641} INFO - Processing file /home/airflow/.local/lib/python3.7/site-packages/airflow/example_dags/example_branch_labels.py for tasks to queue
[2022-08-23 00:02:12,006] {logging_mixin.py:115} INFO - [2022-08-23 00:02:12,006] {dagbag.py:507} INFO - Filling up the DagBag from /home/airflow/.local/lib/python3.7/site-packages/airflow/example_dags/example_branch_labels.py
[2022-08-23 00:02:12,014] {processor.py:651} INFO - DAG(s) dict_keys(['example_branch_labels']) retrieved from /home/airflow/.local/lib/python3.7/site-packages/airflow/example_dags/example_branch_labels.py
[2022-08-23 00:02:12,044] {logging_mixin.py:115} INFO - [2022-08-23 00:02:12,044] {dag.py:2371} INFO - Sync 1 DAGs
[2022-08-23 00:02:12,066] {logging_mixin.py:115} INFO - [2022-08-23 00:02:12,066] {dag.py:2919} INFO - Setting next_dagrun for example_branch_labels to 2022-08-22T00:00:00+00:00, run_after=2022-08-23T00:00:00+00:00
[2022-08-23 00:02:12,077] {processor.py:161} INFO - Processing /home/airflow/.local/lib/python3.7/site-packages/airflow/example_dags/example_branch_labels.py took 0.077 seconds
[2022-08-23 00:02:42,575] {processor.py:153} INFO - Started process (PID=3543) to work on /home/airflow/.local/lib/python3.7/site-packages/airflow/example_dags/example_branch_labels.py
[2022-08-23 00:02:42,576] {processor.py:641} INFO - Processing file /home/airflow/.local/lib/python3.7/site-packages/airflow/example_dags/example_branch_labels.py for tasks to queue
[2022-08-23 00:02:42,577] {logging_mixin.py:115} INFO - [2022-08-23 00:02:42,577] {dagbag.py:507} INFO - Filling up the DagBag from /home/airflow/.local/lib/python3.7/site-packages/airflow/example_dags/example_branch_labels.py
[2022-08-23 00:02:42,585] {processor.py:651} INFO - DAG(s) dict_keys(['example_branch_labels']) retrieved from /home/airflow/.local/lib/python3.7/site-packages/airflow/example_dags/example_branch_labels.py
[2022-08-23 00:02:42,620] {logging_mixin.py:115} INFO - [2022-08-23 00:02:42,620] {dag.py:2371} INFO - Sync 1 DAGs
[2022-08-23 00:02:42,650] {logging_mixin.py:115} INFO - [2022-08-23 00:02:42,650] {dag.py:2919} INFO - Setting next_dagrun for example_branch_labels to 2022-08-22T00:00:00+00:00, run_after=2022-08-23T00:00:00+00:00
[2022-08-23 00:02:42,661] {processor.py:161} INFO - Processing /home/airflow/.local/lib/python3.7/site-packages/airflow/example_dags/example_branch_labels.py took 0.090 seconds
[2022-08-23 00:03:12,968] {processor.py:153} INFO - Started process (PID=3610) to work on /home/airflow/.local/lib/python3.7/site-packages/airflow/example_dags/example_branch_labels.py
[2022-08-23 00:03:12,969] {processor.py:641} INFO - Processing file /home/airflow/.local/lib/python3.7/site-packages/airflow/example_dags/example_branch_labels.py for tasks to queue
[2022-08-23 00:03:12,970] {logging_mixin.py:115} INFO - [2022-08-23 00:03:12,970] {dagbag.py:507} INFO - Filling up the DagBag from /home/airflow/.local/lib/python3.7/site-packages/airflow/example_dags/example_branch_labels.py
[2022-08-23 00:03:12,976] {processor.py:651} INFO - DAG(s) dict_keys(['example_branch_labels']) retrieved from /home/airflow/.local/lib/python3.7/site-packages/airflow/example_dags/example_branch_labels.py
[2022-08-23 00:03:13,003] {logging_mixin.py:115} INFO - [2022-08-23 00:03:13,003] {dag.py:2371} INFO - Sync 1 DAGs
[2022-08-23 00:03:13,027] {logging_mixin.py:115} INFO - [2022-08-23 00:03:13,027] {dag.py:2919} INFO - Setting next_dagrun for example_branch_labels to 2022-08-22T00:00:00+00:00, run_after=2022-08-23T00:00:00+00:00
[2022-08-23 00:03:13,037] {processor.py:161} INFO - Processing /home/airflow/.local/lib/python3.7/site-packages/airflow/example_dags/example_branch_labels.py took 0.073 seconds
[2022-08-23 00:03:43,598] {processor.py:153} INFO - Started process (PID=3688) to work on /home/airflow/.local/lib/python3.7/site-packages/airflow/example_dags/example_branch_labels.py
[2022-08-23 00:03:43,599] {processor.py:641} INFO - Processing file /home/airflow/.local/lib/python3.7/site-packages/airflow/example_dags/example_branch_labels.py for tasks to queue
[2022-08-23 00:03:43,600] {logging_mixin.py:115} INFO - [2022-08-23 00:03:43,599] {dagbag.py:507} INFO - Filling up the DagBag from /home/airflow/.local/lib/python3.7/site-packages/airflow/example_dags/example_branch_labels.py
[2022-08-23 00:03:43,606] {processor.py:651} INFO - DAG(s) dict_keys(['example_branch_labels']) retrieved from /home/airflow/.local/lib/python3.7/site-packages/airflow/example_dags/example_branch_labels.py
[2022-08-23 00:03:43,635] {logging_mixin.py:115} INFO - [2022-08-23 00:03:43,635] {dag.py:2371} INFO - Sync 1 DAGs
[2022-08-23 00:03:43,663] {logging_mixin.py:115} INFO - [2022-08-23 00:03:43,662] {dag.py:2919} INFO - Setting next_dagrun for example_branch_labels to 2022-08-22T00:00:00+00:00, run_after=2022-08-23T00:00:00+00:00
[2022-08-23 00:03:43,676] {processor.py:161} INFO - Processing /home/airflow/.local/lib/python3.7/site-packages/airflow/example_dags/example_branch_labels.py took 0.082 seconds
[2022-08-23 00:04:14,303] {processor.py:153} INFO - Started process (PID=3765) to work on /home/airflow/.local/lib/python3.7/site-packages/airflow/example_dags/example_branch_labels.py
[2022-08-23 00:04:14,303] {processor.py:641} INFO - Processing file /home/airflow/.local/lib/python3.7/site-packages/airflow/example_dags/example_branch_labels.py for tasks to queue
[2022-08-23 00:04:14,304] {logging_mixin.py:115} INFO - [2022-08-23 00:04:14,304] {dagbag.py:507} INFO - Filling up the DagBag from /home/airflow/.local/lib/python3.7/site-packages/airflow/example_dags/example_branch_labels.py
[2022-08-23 00:04:14,311] {processor.py:651} INFO - DAG(s) dict_keys(['example_branch_labels']) retrieved from /home/airflow/.local/lib/python3.7/site-packages/airflow/example_dags/example_branch_labels.py
[2022-08-23 00:04:14,339] {logging_mixin.py:115} INFO - [2022-08-23 00:04:14,338] {dag.py:2371} INFO - Sync 1 DAGs
[2022-08-23 00:04:14,362] {logging_mixin.py:115} INFO - [2022-08-23 00:04:14,362] {dag.py:2919} INFO - Setting next_dagrun for example_branch_labels to 2022-08-22T00:00:00+00:00, run_after=2022-08-23T00:00:00+00:00
[2022-08-23 00:04:14,374] {processor.py:161} INFO - Processing /home/airflow/.local/lib/python3.7/site-packages/airflow/example_dags/example_branch_labels.py took 0.075 seconds
[2022-08-23 00:04:45,043] {processor.py:153} INFO - Started process (PID=3842) to work on /home/airflow/.local/lib/python3.7/site-packages/airflow/example_dags/example_branch_labels.py
[2022-08-23 00:04:45,044] {processor.py:641} INFO - Processing file /home/airflow/.local/lib/python3.7/site-packages/airflow/example_dags/example_branch_labels.py for tasks to queue
[2022-08-23 00:04:45,044] {logging_mixin.py:115} INFO - [2022-08-23 00:04:45,044] {dagbag.py:507} INFO - Filling up the DagBag from /home/airflow/.local/lib/python3.7/site-packages/airflow/example_dags/example_branch_labels.py
[2022-08-23 00:04:45,052] {processor.py:651} INFO - DAG(s) dict_keys(['example_branch_labels']) retrieved from /home/airflow/.local/lib/python3.7/site-packages/airflow/example_dags/example_branch_labels.py
[2022-08-23 00:04:45,080] {logging_mixin.py:115} INFO - [2022-08-23 00:04:45,079] {dag.py:2371} INFO - Sync 1 DAGs
[2022-08-23 00:04:45,103] {logging_mixin.py:115} INFO - [2022-08-23 00:04:45,103] {dag.py:2919} INFO - Setting next_dagrun for example_branch_labels to 2022-08-22T00:00:00+00:00, run_after=2022-08-23T00:00:00+00:00
[2022-08-23 00:04:45,115] {processor.py:161} INFO - Processing /home/airflow/.local/lib/python3.7/site-packages/airflow/example_dags/example_branch_labels.py took 0.077 seconds
[2022-08-23 00:05:15,798] {processor.py:153} INFO - Started process (PID=3910) to work on /home/airflow/.local/lib/python3.7/site-packages/airflow/example_dags/example_branch_labels.py
[2022-08-23 00:05:15,799] {processor.py:641} INFO - Processing file /home/airflow/.local/lib/python3.7/site-packages/airflow/example_dags/example_branch_labels.py for tasks to queue
[2022-08-23 00:05:15,800] {logging_mixin.py:115} INFO - [2022-08-23 00:05:15,800] {dagbag.py:507} INFO - Filling up the DagBag from /home/airflow/.local/lib/python3.7/site-packages/airflow/example_dags/example_branch_labels.py
[2022-08-23 00:05:15,806] {processor.py:651} INFO - DAG(s) dict_keys(['example_branch_labels']) retrieved from /home/airflow/.local/lib/python3.7/site-packages/airflow/example_dags/example_branch_labels.py
[2022-08-23 00:05:15,834] {logging_mixin.py:115} INFO - [2022-08-23 00:05:15,834] {dag.py:2371} INFO - Sync 1 DAGs
[2022-08-23 00:05:15,861] {logging_mixin.py:115} INFO - [2022-08-23 00:05:15,861] {dag.py:2919} INFO - Setting next_dagrun for example_branch_labels to 2022-08-22T00:00:00+00:00, run_after=2022-08-23T00:00:00+00:00
[2022-08-23 00:05:15,875] {processor.py:161} INFO - Processing /home/airflow/.local/lib/python3.7/site-packages/airflow/example_dags/example_branch_labels.py took 0.080 seconds
[2022-08-23 00:05:46,625] {processor.py:153} INFO - Started process (PID=3987) to work on /home/airflow/.local/lib/python3.7/site-packages/airflow/example_dags/example_branch_labels.py
[2022-08-23 00:05:46,626] {processor.py:641} INFO - Processing file /home/airflow/.local/lib/python3.7/site-packages/airflow/example_dags/example_branch_labels.py for tasks to queue
[2022-08-23 00:05:46,628] {logging_mixin.py:115} INFO - [2022-08-23 00:05:46,627] {dagbag.py:507} INFO - Filling up the DagBag from /home/airflow/.local/lib/python3.7/site-packages/airflow/example_dags/example_branch_labels.py
[2022-08-23 00:05:46,635] {processor.py:651} INFO - DAG(s) dict_keys(['example_branch_labels']) retrieved from /home/airflow/.local/lib/python3.7/site-packages/airflow/example_dags/example_branch_labels.py
[2022-08-23 00:05:46,662] {logging_mixin.py:115} INFO - [2022-08-23 00:05:46,662] {dag.py:2371} INFO - Sync 1 DAGs
[2022-08-23 00:05:46,687] {logging_mixin.py:115} INFO - [2022-08-23 00:05:46,686] {dag.py:2919} INFO - Setting next_dagrun for example_branch_labels to 2022-08-22T00:00:00+00:00, run_after=2022-08-23T00:00:00+00:00
[2022-08-23 00:05:46,698] {processor.py:161} INFO - Processing /home/airflow/.local/lib/python3.7/site-packages/airflow/example_dags/example_branch_labels.py took 0.078 seconds
[2022-08-23 00:06:17,212] {processor.py:153} INFO - Started process (PID=4064) to work on /home/airflow/.local/lib/python3.7/site-packages/airflow/example_dags/example_branch_labels.py
[2022-08-23 00:06:17,213] {processor.py:641} INFO - Processing file /home/airflow/.local/lib/python3.7/site-packages/airflow/example_dags/example_branch_labels.py for tasks to queue
[2022-08-23 00:06:17,214] {logging_mixin.py:115} INFO - [2022-08-23 00:06:17,213] {dagbag.py:507} INFO - Filling up the DagBag from /home/airflow/.local/lib/python3.7/site-packages/airflow/example_dags/example_branch_labels.py
[2022-08-23 00:06:17,220] {processor.py:651} INFO - DAG(s) dict_keys(['example_branch_labels']) retrieved from /home/airflow/.local/lib/python3.7/site-packages/airflow/example_dags/example_branch_labels.py
[2022-08-23 00:06:17,249] {logging_mixin.py:115} INFO - [2022-08-23 00:06:17,249] {dag.py:2371} INFO - Sync 1 DAGs
[2022-08-23 00:06:17,277] {logging_mixin.py:115} INFO - [2022-08-23 00:06:17,277] {dag.py:2919} INFO - Setting next_dagrun for example_branch_labels to 2022-08-22T00:00:00+00:00, run_after=2022-08-23T00:00:00+00:00
[2022-08-23 00:06:17,290] {processor.py:161} INFO - Processing /home/airflow/.local/lib/python3.7/site-packages/airflow/example_dags/example_branch_labels.py took 0.082 seconds
[2022-08-23 00:06:47,889] {processor.py:153} INFO - Started process (PID=4132) to work on /home/airflow/.local/lib/python3.7/site-packages/airflow/example_dags/example_branch_labels.py
[2022-08-23 00:06:47,890] {processor.py:641} INFO - Processing file /home/airflow/.local/lib/python3.7/site-packages/airflow/example_dags/example_branch_labels.py for tasks to queue
[2022-08-23 00:06:47,892] {logging_mixin.py:115} INFO - [2022-08-23 00:06:47,892] {dagbag.py:507} INFO - Filling up the DagBag from /home/airflow/.local/lib/python3.7/site-packages/airflow/example_dags/example_branch_labels.py
[2022-08-23 00:06:47,899] {processor.py:651} INFO - DAG(s) dict_keys(['example_branch_labels']) retrieved from /home/airflow/.local/lib/python3.7/site-packages/airflow/example_dags/example_branch_labels.py
[2022-08-23 00:06:47,927] {logging_mixin.py:115} INFO - [2022-08-23 00:06:47,927] {dag.py:2371} INFO - Sync 1 DAGs
[2022-08-23 00:06:47,954] {logging_mixin.py:115} INFO - [2022-08-23 00:06:47,954] {dag.py:2919} INFO - Setting next_dagrun for example_branch_labels to 2022-08-22T00:00:00+00:00, run_after=2022-08-23T00:00:00+00:00
[2022-08-23 00:06:47,987] {processor.py:161} INFO - Processing /home/airflow/.local/lib/python3.7/site-packages/airflow/example_dags/example_branch_labels.py took 0.102 seconds
[2022-08-23 00:07:18,675] {processor.py:153} INFO - Started process (PID=4209) to work on /home/airflow/.local/lib/python3.7/site-packages/airflow/example_dags/example_branch_labels.py
[2022-08-23 00:07:18,678] {processor.py:641} INFO - Processing file /home/airflow/.local/lib/python3.7/site-packages/airflow/example_dags/example_branch_labels.py for tasks to queue
[2022-08-23 00:07:18,681] {logging_mixin.py:115} INFO - [2022-08-23 00:07:18,680] {dagbag.py:507} INFO - Filling up the DagBag from /home/airflow/.local/lib/python3.7/site-packages/airflow/example_dags/example_branch_labels.py
[2022-08-23 00:07:18,701] {processor.py:651} INFO - DAG(s) dict_keys(['example_branch_labels']) retrieved from /home/airflow/.local/lib/python3.7/site-packages/airflow/example_dags/example_branch_labels.py
[2022-08-23 00:07:18,768] {logging_mixin.py:115} INFO - [2022-08-23 00:07:18,767] {dag.py:2371} INFO - Sync 1 DAGs
[2022-08-23 00:07:18,817] {logging_mixin.py:115} INFO - [2022-08-23 00:07:18,817] {dag.py:2919} INFO - Setting next_dagrun for example_branch_labels to 2022-08-22T00:00:00+00:00, run_after=2022-08-23T00:00:00+00:00
[2022-08-23 00:07:18,836] {processor.py:161} INFO - Processing /home/airflow/.local/lib/python3.7/site-packages/airflow/example_dags/example_branch_labels.py took 0.168 seconds
[2022-08-23 00:07:48,926] {processor.py:153} INFO - Started process (PID=4285) to work on /home/airflow/.local/lib/python3.7/site-packages/airflow/example_dags/example_branch_labels.py
[2022-08-23 00:07:48,930] {processor.py:641} INFO - Processing file /home/airflow/.local/lib/python3.7/site-packages/airflow/example_dags/example_branch_labels.py for tasks to queue
[2022-08-23 00:07:48,935] {logging_mixin.py:115} INFO - [2022-08-23 00:07:48,935] {dagbag.py:507} INFO - Filling up the DagBag from /home/airflow/.local/lib/python3.7/site-packages/airflow/example_dags/example_branch_labels.py
[2022-08-23 00:07:48,952] {processor.py:651} INFO - DAG(s) dict_keys(['example_branch_labels']) retrieved from /home/airflow/.local/lib/python3.7/site-packages/airflow/example_dags/example_branch_labels.py
[2022-08-23 00:07:49,032] {logging_mixin.py:115} INFO - [2022-08-23 00:07:49,032] {dag.py:2371} INFO - Sync 1 DAGs
[2022-08-23 00:07:49,071] {logging_mixin.py:115} INFO - [2022-08-23 00:07:49,071] {dag.py:2919} INFO - Setting next_dagrun for example_branch_labels to 2022-08-22T00:00:00+00:00, run_after=2022-08-23T00:00:00+00:00
[2022-08-23 00:07:49,091] {processor.py:161} INFO - Processing /home/airflow/.local/lib/python3.7/site-packages/airflow/example_dags/example_branch_labels.py took 0.176 seconds
[2022-08-23 00:08:19,427] {processor.py:153} INFO - Started process (PID=4353) to work on /home/airflow/.local/lib/python3.7/site-packages/airflow/example_dags/example_branch_labels.py
[2022-08-23 00:08:19,428] {processor.py:641} INFO - Processing file /home/airflow/.local/lib/python3.7/site-packages/airflow/example_dags/example_branch_labels.py for tasks to queue
[2022-08-23 00:08:19,430] {logging_mixin.py:115} INFO - [2022-08-23 00:08:19,430] {dagbag.py:507} INFO - Filling up the DagBag from /home/airflow/.local/lib/python3.7/site-packages/airflow/example_dags/example_branch_labels.py
[2022-08-23 00:08:19,442] {processor.py:651} INFO - DAG(s) dict_keys(['example_branch_labels']) retrieved from /home/airflow/.local/lib/python3.7/site-packages/airflow/example_dags/example_branch_labels.py
[2022-08-23 00:08:19,474] {logging_mixin.py:115} INFO - [2022-08-23 00:08:19,474] {dag.py:2371} INFO - Sync 1 DAGs
[2022-08-23 00:08:19,504] {logging_mixin.py:115} INFO - [2022-08-23 00:08:19,504] {dag.py:2919} INFO - Setting next_dagrun for example_branch_labels to 2022-08-22T00:00:00+00:00, run_after=2022-08-23T00:00:00+00:00
[2022-08-23 00:08:19,525] {processor.py:161} INFO - Processing /home/airflow/.local/lib/python3.7/site-packages/airflow/example_dags/example_branch_labels.py took 0.105 seconds
[2022-08-23 00:08:49,608] {processor.py:153} INFO - Started process (PID=4430) to work on /home/airflow/.local/lib/python3.7/site-packages/airflow/example_dags/example_branch_labels.py
[2022-08-23 00:08:49,610] {processor.py:641} INFO - Processing file /home/airflow/.local/lib/python3.7/site-packages/airflow/example_dags/example_branch_labels.py for tasks to queue
[2022-08-23 00:08:49,611] {logging_mixin.py:115} INFO - [2022-08-23 00:08:49,611] {dagbag.py:507} INFO - Filling up the DagBag from /home/airflow/.local/lib/python3.7/site-packages/airflow/example_dags/example_branch_labels.py
[2022-08-23 00:08:49,618] {processor.py:651} INFO - DAG(s) dict_keys(['example_branch_labels']) retrieved from /home/airflow/.local/lib/python3.7/site-packages/airflow/example_dags/example_branch_labels.py
[2022-08-23 00:08:49,648] {logging_mixin.py:115} INFO - [2022-08-23 00:08:49,648] {dag.py:2371} INFO - Sync 1 DAGs
[2022-08-23 00:08:49,794] {logging_mixin.py:115} INFO - [2022-08-23 00:08:49,794] {dag.py:2919} INFO - Setting next_dagrun for example_branch_labels to 2022-08-22T00:00:00+00:00, run_after=2022-08-23T00:00:00+00:00
[2022-08-23 00:08:49,805] {processor.py:161} INFO - Processing /home/airflow/.local/lib/python3.7/site-packages/airflow/example_dags/example_branch_labels.py took 0.200 seconds
[2022-08-23 00:09:20,488] {processor.py:153} INFO - Started process (PID=4507) to work on /home/airflow/.local/lib/python3.7/site-packages/airflow/example_dags/example_branch_labels.py
[2022-08-23 00:09:20,489] {processor.py:641} INFO - Processing file /home/airflow/.local/lib/python3.7/site-packages/airflow/example_dags/example_branch_labels.py for tasks to queue
[2022-08-23 00:09:20,490] {logging_mixin.py:115} INFO - [2022-08-23 00:09:20,489] {dagbag.py:507} INFO - Filling up the DagBag from /home/airflow/.local/lib/python3.7/site-packages/airflow/example_dags/example_branch_labels.py
[2022-08-23 00:09:20,496] {processor.py:651} INFO - DAG(s) dict_keys(['example_branch_labels']) retrieved from /home/airflow/.local/lib/python3.7/site-packages/airflow/example_dags/example_branch_labels.py
[2022-08-23 00:09:20,526] {logging_mixin.py:115} INFO - [2022-08-23 00:09:20,526] {dag.py:2371} INFO - Sync 1 DAGs
[2022-08-23 00:09:20,666] {logging_mixin.py:115} INFO - [2022-08-23 00:09:20,666] {dag.py:2919} INFO - Setting next_dagrun for example_branch_labels to 2022-08-22T00:00:00+00:00, run_after=2022-08-23T00:00:00+00:00
[2022-08-23 00:09:20,679] {processor.py:161} INFO - Processing /home/airflow/.local/lib/python3.7/site-packages/airflow/example_dags/example_branch_labels.py took 0.195 seconds
[2022-08-23 00:09:51,303] {processor.py:153} INFO - Started process (PID=4575) to work on /home/airflow/.local/lib/python3.7/site-packages/airflow/example_dags/example_branch_labels.py
[2022-08-23 00:09:51,304] {processor.py:641} INFO - Processing file /home/airflow/.local/lib/python3.7/site-packages/airflow/example_dags/example_branch_labels.py for tasks to queue
[2022-08-23 00:09:51,305] {logging_mixin.py:115} INFO - [2022-08-23 00:09:51,305] {dagbag.py:507} INFO - Filling up the DagBag from /home/airflow/.local/lib/python3.7/site-packages/airflow/example_dags/example_branch_labels.py
[2022-08-23 00:09:51,312] {processor.py:651} INFO - DAG(s) dict_keys(['example_branch_labels']) retrieved from /home/airflow/.local/lib/python3.7/site-packages/airflow/example_dags/example_branch_labels.py
[2022-08-23 00:09:51,340] {logging_mixin.py:115} INFO - [2022-08-23 00:09:51,340] {dag.py:2371} INFO - Sync 1 DAGs
[2022-08-23 00:09:51,474] {logging_mixin.py:115} INFO - [2022-08-23 00:09:51,474] {dag.py:2919} INFO - Setting next_dagrun for example_branch_labels to 2022-08-22T00:00:00+00:00, run_after=2022-08-23T00:00:00+00:00
[2022-08-23 00:09:51,490] {processor.py:161} INFO - Processing /home/airflow/.local/lib/python3.7/site-packages/airflow/example_dags/example_branch_labels.py took 0.190 seconds
[2022-08-23 00:10:22,054] {processor.py:153} INFO - Started process (PID=4652) to work on /home/airflow/.local/lib/python3.7/site-packages/airflow/example_dags/example_branch_labels.py
[2022-08-23 00:10:22,055] {processor.py:641} INFO - Processing file /home/airflow/.local/lib/python3.7/site-packages/airflow/example_dags/example_branch_labels.py for tasks to queue
[2022-08-23 00:10:22,056] {logging_mixin.py:115} INFO - [2022-08-23 00:10:22,056] {dagbag.py:507} INFO - Filling up the DagBag from /home/airflow/.local/lib/python3.7/site-packages/airflow/example_dags/example_branch_labels.py
[2022-08-23 00:10:22,062] {processor.py:651} INFO - DAG(s) dict_keys(['example_branch_labels']) retrieved from /home/airflow/.local/lib/python3.7/site-packages/airflow/example_dags/example_branch_labels.py
[2022-08-23 00:10:22,091] {logging_mixin.py:115} INFO - [2022-08-23 00:10:22,091] {dag.py:2371} INFO - Sync 1 DAGs
[2022-08-23 00:10:22,224] {logging_mixin.py:115} INFO - [2022-08-23 00:10:22,224] {dag.py:2919} INFO - Setting next_dagrun for example_branch_labels to 2022-08-22T00:00:00+00:00, run_after=2022-08-23T00:00:00+00:00
[2022-08-23 00:10:22,238] {processor.py:161} INFO - Processing /home/airflow/.local/lib/python3.7/site-packages/airflow/example_dags/example_branch_labels.py took 0.188 seconds
[2022-08-23 00:10:52,578] {processor.py:153} INFO - Started process (PID=4729) to work on /home/airflow/.local/lib/python3.7/site-packages/airflow/example_dags/example_branch_labels.py
[2022-08-23 00:10:52,579] {processor.py:641} INFO - Processing file /home/airflow/.local/lib/python3.7/site-packages/airflow/example_dags/example_branch_labels.py for tasks to queue
[2022-08-23 00:10:52,580] {logging_mixin.py:115} INFO - [2022-08-23 00:10:52,580] {dagbag.py:507} INFO - Filling up the DagBag from /home/airflow/.local/lib/python3.7/site-packages/airflow/example_dags/example_branch_labels.py
[2022-08-23 00:10:52,587] {processor.py:651} INFO - DAG(s) dict_keys(['example_branch_labels']) retrieved from /home/airflow/.local/lib/python3.7/site-packages/airflow/example_dags/example_branch_labels.py
[2022-08-23 00:10:52,613] {logging_mixin.py:115} INFO - [2022-08-23 00:10:52,613] {dag.py:2371} INFO - Sync 1 DAGs
[2022-08-23 00:10:52,745] {logging_mixin.py:115} INFO - [2022-08-23 00:10:52,745] {dag.py:2919} INFO - Setting next_dagrun for example_branch_labels to 2022-08-22T00:00:00+00:00, run_after=2022-08-23T00:00:00+00:00
[2022-08-23 00:10:52,756] {processor.py:161} INFO - Processing /home/airflow/.local/lib/python3.7/site-packages/airflow/example_dags/example_branch_labels.py took 0.183 seconds
[2022-08-23 00:11:23,247] {processor.py:153} INFO - Started process (PID=4806) to work on /home/airflow/.local/lib/python3.7/site-packages/airflow/example_dags/example_branch_labels.py
[2022-08-23 00:11:23,248] {processor.py:641} INFO - Processing file /home/airflow/.local/lib/python3.7/site-packages/airflow/example_dags/example_branch_labels.py for tasks to queue
[2022-08-23 00:11:23,249] {logging_mixin.py:115} INFO - [2022-08-23 00:11:23,249] {dagbag.py:507} INFO - Filling up the DagBag from /home/airflow/.local/lib/python3.7/site-packages/airflow/example_dags/example_branch_labels.py
[2022-08-23 00:11:23,256] {processor.py:651} INFO - DAG(s) dict_keys(['example_branch_labels']) retrieved from /home/airflow/.local/lib/python3.7/site-packages/airflow/example_dags/example_branch_labels.py
[2022-08-23 00:11:23,291] {logging_mixin.py:115} INFO - [2022-08-23 00:11:23,291] {dag.py:2371} INFO - Sync 1 DAGs
[2022-08-23 00:11:23,442] {logging_mixin.py:115} INFO - [2022-08-23 00:11:23,441] {dag.py:2919} INFO - Setting next_dagrun for example_branch_labels to 2022-08-22T00:00:00+00:00, run_after=2022-08-23T00:00:00+00:00
[2022-08-23 00:11:23,455] {processor.py:161} INFO - Processing /home/airflow/.local/lib/python3.7/site-packages/airflow/example_dags/example_branch_labels.py took 0.212 seconds
[2022-08-23 00:11:53,719] {processor.py:153} INFO - Started process (PID=4874) to work on /home/airflow/.local/lib/python3.7/site-packages/airflow/example_dags/example_branch_labels.py
[2022-08-23 00:11:53,720] {processor.py:641} INFO - Processing file /home/airflow/.local/lib/python3.7/site-packages/airflow/example_dags/example_branch_labels.py for tasks to queue
[2022-08-23 00:11:53,721] {logging_mixin.py:115} INFO - [2022-08-23 00:11:53,721] {dagbag.py:507} INFO - Filling up the DagBag from /home/airflow/.local/lib/python3.7/site-packages/airflow/example_dags/example_branch_labels.py
[2022-08-23 00:11:53,729] {processor.py:651} INFO - DAG(s) dict_keys(['example_branch_labels']) retrieved from /home/airflow/.local/lib/python3.7/site-packages/airflow/example_dags/example_branch_labels.py
[2022-08-23 00:11:53,765] {logging_mixin.py:115} INFO - [2022-08-23 00:11:53,765] {dag.py:2371} INFO - Sync 1 DAGs
[2022-08-23 00:11:53,903] {logging_mixin.py:115} INFO - [2022-08-23 00:11:53,903] {dag.py:2919} INFO - Setting next_dagrun for example_branch_labels to 2022-08-22T00:00:00+00:00, run_after=2022-08-23T00:00:00+00:00
[2022-08-23 00:11:53,916] {processor.py:161} INFO - Processing /home/airflow/.local/lib/python3.7/site-packages/airflow/example_dags/example_branch_labels.py took 0.201 seconds
[2022-08-23 00:12:24,682] {processor.py:153} INFO - Started process (PID=4951) to work on /home/airflow/.local/lib/python3.7/site-packages/airflow/example_dags/example_branch_labels.py
[2022-08-23 00:12:24,684] {processor.py:641} INFO - Processing file /home/airflow/.local/lib/python3.7/site-packages/airflow/example_dags/example_branch_labels.py for tasks to queue
[2022-08-23 00:12:24,687] {logging_mixin.py:115} INFO - [2022-08-23 00:12:24,686] {dagbag.py:507} INFO - Filling up the DagBag from /home/airflow/.local/lib/python3.7/site-packages/airflow/example_dags/example_branch_labels.py
[2022-08-23 00:12:24,698] {processor.py:651} INFO - DAG(s) dict_keys(['example_branch_labels']) retrieved from /home/airflow/.local/lib/python3.7/site-packages/airflow/example_dags/example_branch_labels.py
[2022-08-23 00:12:24,753] {logging_mixin.py:115} INFO - [2022-08-23 00:12:24,753] {dag.py:2371} INFO - Sync 1 DAGs
[2022-08-23 00:12:25,202] {logging_mixin.py:115} INFO - [2022-08-23 00:12:25,202] {dag.py:2919} INFO - Setting next_dagrun for example_branch_labels to 2022-08-22T00:00:00+00:00, run_after=2022-08-23T00:00:00+00:00
[2022-08-23 00:12:25,222] {processor.py:161} INFO - Processing /home/airflow/.local/lib/python3.7/site-packages/airflow/example_dags/example_branch_labels.py took 0.549 seconds
[2022-08-23 00:12:55,931] {processor.py:153} INFO - Started process (PID=5029) to work on /home/airflow/.local/lib/python3.7/site-packages/airflow/example_dags/example_branch_labels.py
[2022-08-23 00:12:55,932] {processor.py:641} INFO - Processing file /home/airflow/.local/lib/python3.7/site-packages/airflow/example_dags/example_branch_labels.py for tasks to queue
[2022-08-23 00:12:55,933] {logging_mixin.py:115} INFO - [2022-08-23 00:12:55,933] {dagbag.py:507} INFO - Filling up the DagBag from /home/airflow/.local/lib/python3.7/site-packages/airflow/example_dags/example_branch_labels.py
[2022-08-23 00:12:55,942] {processor.py:651} INFO - DAG(s) dict_keys(['example_branch_labels']) retrieved from /home/airflow/.local/lib/python3.7/site-packages/airflow/example_dags/example_branch_labels.py
[2022-08-23 00:12:55,977] {logging_mixin.py:115} INFO - [2022-08-23 00:12:55,977] {dag.py:2371} INFO - Sync 1 DAGs
[2022-08-23 00:12:56,127] {logging_mixin.py:115} INFO - [2022-08-23 00:12:56,127] {dag.py:2919} INFO - Setting next_dagrun for example_branch_labels to 2022-08-22T00:00:00+00:00, run_after=2022-08-23T00:00:00+00:00
[2022-08-23 00:12:56,141] {processor.py:161} INFO - Processing /home/airflow/.local/lib/python3.7/site-packages/airflow/example_dags/example_branch_labels.py took 0.215 seconds
[2022-08-23 00:13:26,349] {processor.py:153} INFO - Started process (PID=5097) to work on /home/airflow/.local/lib/python3.7/site-packages/airflow/example_dags/example_branch_labels.py
[2022-08-23 00:13:26,351] {processor.py:641} INFO - Processing file /home/airflow/.local/lib/python3.7/site-packages/airflow/example_dags/example_branch_labels.py for tasks to queue
[2022-08-23 00:13:26,352] {logging_mixin.py:115} INFO - [2022-08-23 00:13:26,352] {dagbag.py:507} INFO - Filling up the DagBag from /home/airflow/.local/lib/python3.7/site-packages/airflow/example_dags/example_branch_labels.py
[2022-08-23 00:13:26,359] {processor.py:651} INFO - DAG(s) dict_keys(['example_branch_labels']) retrieved from /home/airflow/.local/lib/python3.7/site-packages/airflow/example_dags/example_branch_labels.py
[2022-08-23 00:13:26,392] {logging_mixin.py:115} INFO - [2022-08-23 00:13:26,392] {dag.py:2371} INFO - Sync 1 DAGs
[2022-08-23 00:13:26,564] {logging_mixin.py:115} INFO - [2022-08-23 00:13:26,564] {dag.py:2919} INFO - Setting next_dagrun for example_branch_labels to 2022-08-22T00:00:00+00:00, run_after=2022-08-23T00:00:00+00:00
[2022-08-23 00:13:26,584] {processor.py:161} INFO - Processing /home/airflow/.local/lib/python3.7/site-packages/airflow/example_dags/example_branch_labels.py took 0.239 seconds
[2022-08-23 00:13:56,922] {processor.py:153} INFO - Started process (PID=5174) to work on /home/airflow/.local/lib/python3.7/site-packages/airflow/example_dags/example_branch_labels.py
[2022-08-23 00:13:56,923] {processor.py:641} INFO - Processing file /home/airflow/.local/lib/python3.7/site-packages/airflow/example_dags/example_branch_labels.py for tasks to queue
[2022-08-23 00:13:56,924] {logging_mixin.py:115} INFO - [2022-08-23 00:13:56,924] {dagbag.py:507} INFO - Filling up the DagBag from /home/airflow/.local/lib/python3.7/site-packages/airflow/example_dags/example_branch_labels.py
[2022-08-23 00:13:56,931] {processor.py:651} INFO - DAG(s) dict_keys(['example_branch_labels']) retrieved from /home/airflow/.local/lib/python3.7/site-packages/airflow/example_dags/example_branch_labels.py
[2022-08-23 00:13:56,957] {logging_mixin.py:115} INFO - [2022-08-23 00:13:56,957] {dag.py:2371} INFO - Sync 1 DAGs
[2022-08-23 00:13:57,094] {logging_mixin.py:115} INFO - [2022-08-23 00:13:57,094] {dag.py:2919} INFO - Setting next_dagrun for example_branch_labels to 2022-08-22T00:00:00+00:00, run_after=2022-08-23T00:00:00+00:00
[2022-08-23 00:13:57,106] {processor.py:161} INFO - Processing /home/airflow/.local/lib/python3.7/site-packages/airflow/example_dags/example_branch_labels.py took 0.187 seconds
[2022-08-23 00:14:27,676] {processor.py:153} INFO - Started process (PID=5251) to work on /home/airflow/.local/lib/python3.7/site-packages/airflow/example_dags/example_branch_labels.py
[2022-08-23 00:14:27,677] {processor.py:641} INFO - Processing file /home/airflow/.local/lib/python3.7/site-packages/airflow/example_dags/example_branch_labels.py for tasks to queue
[2022-08-23 00:14:27,678] {logging_mixin.py:115} INFO - [2022-08-23 00:14:27,678] {dagbag.py:507} INFO - Filling up the DagBag from /home/airflow/.local/lib/python3.7/site-packages/airflow/example_dags/example_branch_labels.py
[2022-08-23 00:14:27,686] {processor.py:651} INFO - DAG(s) dict_keys(['example_branch_labels']) retrieved from /home/airflow/.local/lib/python3.7/site-packages/airflow/example_dags/example_branch_labels.py
[2022-08-23 00:14:27,716] {logging_mixin.py:115} INFO - [2022-08-23 00:14:27,716] {dag.py:2371} INFO - Sync 1 DAGs
[2022-08-23 00:14:27,865] {logging_mixin.py:115} INFO - [2022-08-23 00:14:27,865] {dag.py:2919} INFO - Setting next_dagrun for example_branch_labels to 2022-08-22T00:00:00+00:00, run_after=2022-08-23T00:00:00+00:00
[2022-08-23 00:14:27,890] {processor.py:161} INFO - Processing /home/airflow/.local/lib/python3.7/site-packages/airflow/example_dags/example_branch_labels.py took 0.218 seconds
[2022-08-23 00:14:58,038] {processor.py:153} INFO - Started process (PID=5328) to work on /home/airflow/.local/lib/python3.7/site-packages/airflow/example_dags/example_branch_labels.py
[2022-08-23 00:14:58,039] {processor.py:641} INFO - Processing file /home/airflow/.local/lib/python3.7/site-packages/airflow/example_dags/example_branch_labels.py for tasks to queue
[2022-08-23 00:14:58,040] {logging_mixin.py:115} INFO - [2022-08-23 00:14:58,040] {dagbag.py:507} INFO - Filling up the DagBag from /home/airflow/.local/lib/python3.7/site-packages/airflow/example_dags/example_branch_labels.py
[2022-08-23 00:14:58,049] {processor.py:651} INFO - DAG(s) dict_keys(['example_branch_labels']) retrieved from /home/airflow/.local/lib/python3.7/site-packages/airflow/example_dags/example_branch_labels.py
[2022-08-23 00:14:58,075] {logging_mixin.py:115} INFO - [2022-08-23 00:14:58,075] {dag.py:2371} INFO - Sync 1 DAGs
[2022-08-23 00:14:58,206] {logging_mixin.py:115} INFO - [2022-08-23 00:14:58,206] {dag.py:2919} INFO - Setting next_dagrun for example_branch_labels to 2022-08-22T00:00:00+00:00, run_after=2022-08-23T00:00:00+00:00
[2022-08-23 00:14:58,218] {processor.py:161} INFO - Processing /home/airflow/.local/lib/python3.7/site-packages/airflow/example_dags/example_branch_labels.py took 0.184 seconds
[2022-08-23 00:15:28,875] {processor.py:153} INFO - Started process (PID=5396) to work on /home/airflow/.local/lib/python3.7/site-packages/airflow/example_dags/example_branch_labels.py
[2022-08-23 00:15:28,876] {processor.py:641} INFO - Processing file /home/airflow/.local/lib/python3.7/site-packages/airflow/example_dags/example_branch_labels.py for tasks to queue
[2022-08-23 00:15:28,877] {logging_mixin.py:115} INFO - [2022-08-23 00:15:28,877] {dagbag.py:507} INFO - Filling up the DagBag from /home/airflow/.local/lib/python3.7/site-packages/airflow/example_dags/example_branch_labels.py
[2022-08-23 00:15:28,885] {processor.py:651} INFO - DAG(s) dict_keys(['example_branch_labels']) retrieved from /home/airflow/.local/lib/python3.7/site-packages/airflow/example_dags/example_branch_labels.py
[2022-08-23 00:15:28,919] {logging_mixin.py:115} INFO - [2022-08-23 00:15:28,919] {dag.py:2371} INFO - Sync 1 DAGs
[2022-08-23 00:15:29,053] {logging_mixin.py:115} INFO - [2022-08-23 00:15:29,053] {dag.py:2919} INFO - Setting next_dagrun for example_branch_labels to 2022-08-22T00:00:00+00:00, run_after=2022-08-23T00:00:00+00:00
[2022-08-23 00:15:29,065] {processor.py:161} INFO - Processing /home/airflow/.local/lib/python3.7/site-packages/airflow/example_dags/example_branch_labels.py took 0.194 seconds
[2022-08-23 00:15:59,285] {processor.py:153} INFO - Started process (PID=5473) to work on /home/airflow/.local/lib/python3.7/site-packages/airflow/example_dags/example_branch_labels.py
[2022-08-23 00:15:59,287] {processor.py:641} INFO - Processing file /home/airflow/.local/lib/python3.7/site-packages/airflow/example_dags/example_branch_labels.py for tasks to queue
[2022-08-23 00:15:59,288] {logging_mixin.py:115} INFO - [2022-08-23 00:15:59,287] {dagbag.py:507} INFO - Filling up the DagBag from /home/airflow/.local/lib/python3.7/site-packages/airflow/example_dags/example_branch_labels.py
[2022-08-23 00:15:59,295] {processor.py:651} INFO - DAG(s) dict_keys(['example_branch_labels']) retrieved from /home/airflow/.local/lib/python3.7/site-packages/airflow/example_dags/example_branch_labels.py
[2022-08-23 00:15:59,325] {logging_mixin.py:115} INFO - [2022-08-23 00:15:59,325] {dag.py:2371} INFO - Sync 1 DAGs
[2022-08-23 00:15:59,475] {logging_mixin.py:115} INFO - [2022-08-23 00:15:59,475] {dag.py:2919} INFO - Setting next_dagrun for example_branch_labels to 2022-08-22T00:00:00+00:00, run_after=2022-08-23T00:00:00+00:00
[2022-08-23 00:15:59,491] {processor.py:161} INFO - Processing /home/airflow/.local/lib/python3.7/site-packages/airflow/example_dags/example_branch_labels.py took 0.209 seconds
[2022-08-23 00:16:30,313] {processor.py:153} INFO - Started process (PID=5550) to work on /home/airflow/.local/lib/python3.7/site-packages/airflow/example_dags/example_branch_labels.py
[2022-08-23 00:16:30,314] {processor.py:641} INFO - Processing file /home/airflow/.local/lib/python3.7/site-packages/airflow/example_dags/example_branch_labels.py for tasks to queue
[2022-08-23 00:16:30,315] {logging_mixin.py:115} INFO - [2022-08-23 00:16:30,315] {dagbag.py:507} INFO - Filling up the DagBag from /home/airflow/.local/lib/python3.7/site-packages/airflow/example_dags/example_branch_labels.py
[2022-08-23 00:16:30,322] {processor.py:651} INFO - DAG(s) dict_keys(['example_branch_labels']) retrieved from /home/airflow/.local/lib/python3.7/site-packages/airflow/example_dags/example_branch_labels.py
[2022-08-23 00:16:30,350] {logging_mixin.py:115} INFO - [2022-08-23 00:16:30,349] {dag.py:2371} INFO - Sync 1 DAGs
[2022-08-23 00:16:30,497] {logging_mixin.py:115} INFO - [2022-08-23 00:16:30,497] {dag.py:2919} INFO - Setting next_dagrun for example_branch_labels to 2022-08-22T00:00:00+00:00, run_after=2022-08-23T00:00:00+00:00
[2022-08-23 00:16:30,509] {processor.py:161} INFO - Processing /home/airflow/.local/lib/python3.7/site-packages/airflow/example_dags/example_branch_labels.py took 0.200 seconds
[2022-08-23 00:17:00,739] {processor.py:153} INFO - Started process (PID=5625) to work on /home/airflow/.local/lib/python3.7/site-packages/airflow/example_dags/example_branch_labels.py
[2022-08-23 00:17:00,740] {processor.py:641} INFO - Processing file /home/airflow/.local/lib/python3.7/site-packages/airflow/example_dags/example_branch_labels.py for tasks to queue
[2022-08-23 00:17:00,741] {logging_mixin.py:115} INFO - [2022-08-23 00:17:00,741] {dagbag.py:507} INFO - Filling up the DagBag from /home/airflow/.local/lib/python3.7/site-packages/airflow/example_dags/example_branch_labels.py
[2022-08-23 00:17:00,748] {processor.py:651} INFO - DAG(s) dict_keys(['example_branch_labels']) retrieved from /home/airflow/.local/lib/python3.7/site-packages/airflow/example_dags/example_branch_labels.py
[2022-08-23 00:17:00,777] {logging_mixin.py:115} INFO - [2022-08-23 00:17:00,777] {dag.py:2371} INFO - Sync 1 DAGs
[2022-08-23 00:17:00,919] {logging_mixin.py:115} INFO - [2022-08-23 00:17:00,918] {dag.py:2919} INFO - Setting next_dagrun for example_branch_labels to 2022-08-22T00:00:00+00:00, run_after=2022-08-23T00:00:00+00:00
[2022-08-23 00:17:00,931] {processor.py:161} INFO - Processing /home/airflow/.local/lib/python3.7/site-packages/airflow/example_dags/example_branch_labels.py took 0.196 seconds
[2022-08-23 00:17:31,156] {processor.py:153} INFO - Started process (PID=5695) to work on /home/airflow/.local/lib/python3.7/site-packages/airflow/example_dags/example_branch_labels.py
[2022-08-23 00:17:31,157] {processor.py:641} INFO - Processing file /home/airflow/.local/lib/python3.7/site-packages/airflow/example_dags/example_branch_labels.py for tasks to queue
[2022-08-23 00:17:31,158] {logging_mixin.py:115} INFO - [2022-08-23 00:17:31,158] {dagbag.py:507} INFO - Filling up the DagBag from /home/airflow/.local/lib/python3.7/site-packages/airflow/example_dags/example_branch_labels.py
[2022-08-23 00:17:31,165] {processor.py:651} INFO - DAG(s) dict_keys(['example_branch_labels']) retrieved from /home/airflow/.local/lib/python3.7/site-packages/airflow/example_dags/example_branch_labels.py
[2022-08-23 00:17:31,195] {logging_mixin.py:115} INFO - [2022-08-23 00:17:31,195] {dag.py:2371} INFO - Sync 1 DAGs
[2022-08-23 00:17:31,332] {logging_mixin.py:115} INFO - [2022-08-23 00:17:31,332] {dag.py:2919} INFO - Setting next_dagrun for example_branch_labels to 2022-08-22T00:00:00+00:00, run_after=2022-08-23T00:00:00+00:00
[2022-08-23 00:17:31,344] {processor.py:161} INFO - Processing /home/airflow/.local/lib/python3.7/site-packages/airflow/example_dags/example_branch_labels.py took 0.192 seconds
[2022-08-23 00:18:02,116] {processor.py:153} INFO - Started process (PID=5772) to work on /home/airflow/.local/lib/python3.7/site-packages/airflow/example_dags/example_branch_labels.py
[2022-08-23 00:18:02,116] {processor.py:641} INFO - Processing file /home/airflow/.local/lib/python3.7/site-packages/airflow/example_dags/example_branch_labels.py for tasks to queue
[2022-08-23 00:18:02,117] {logging_mixin.py:115} INFO - [2022-08-23 00:18:02,117] {dagbag.py:507} INFO - Filling up the DagBag from /home/airflow/.local/lib/python3.7/site-packages/airflow/example_dags/example_branch_labels.py
[2022-08-23 00:18:02,125] {processor.py:651} INFO - DAG(s) dict_keys(['example_branch_labels']) retrieved from /home/airflow/.local/lib/python3.7/site-packages/airflow/example_dags/example_branch_labels.py
[2022-08-23 00:18:02,153] {logging_mixin.py:115} INFO - [2022-08-23 00:18:02,153] {dag.py:2371} INFO - Sync 1 DAGs
[2022-08-23 00:18:02,290] {logging_mixin.py:115} INFO - [2022-08-23 00:18:02,290] {dag.py:2919} INFO - Setting next_dagrun for example_branch_labels to 2022-08-22T00:00:00+00:00, run_after=2022-08-23T00:00:00+00:00
[2022-08-23 00:18:02,302] {processor.py:161} INFO - Processing /home/airflow/.local/lib/python3.7/site-packages/airflow/example_dags/example_branch_labels.py took 0.190 seconds
[2022-08-23 00:18:33,037] {processor.py:153} INFO - Started process (PID=5849) to work on /home/airflow/.local/lib/python3.7/site-packages/airflow/example_dags/example_branch_labels.py
[2022-08-23 00:18:33,038] {processor.py:641} INFO - Processing file /home/airflow/.local/lib/python3.7/site-packages/airflow/example_dags/example_branch_labels.py for tasks to queue
[2022-08-23 00:18:33,039] {logging_mixin.py:115} INFO - [2022-08-23 00:18:33,039] {dagbag.py:507} INFO - Filling up the DagBag from /home/airflow/.local/lib/python3.7/site-packages/airflow/example_dags/example_branch_labels.py
[2022-08-23 00:18:33,045] {processor.py:651} INFO - DAG(s) dict_keys(['example_branch_labels']) retrieved from /home/airflow/.local/lib/python3.7/site-packages/airflow/example_dags/example_branch_labels.py
[2022-08-23 00:18:33,075] {logging_mixin.py:115} INFO - [2022-08-23 00:18:33,075] {dag.py:2371} INFO - Sync 1 DAGs
[2022-08-23 00:18:33,211] {logging_mixin.py:115} INFO - [2022-08-23 00:18:33,211] {dag.py:2919} INFO - Setting next_dagrun for example_branch_labels to 2022-08-22T00:00:00+00:00, run_after=2022-08-23T00:00:00+00:00
[2022-08-23 00:18:33,223] {processor.py:161} INFO - Processing /home/airflow/.local/lib/python3.7/site-packages/airflow/example_dags/example_branch_labels.py took 0.190 seconds
[2022-08-23 00:19:03,412] {processor.py:153} INFO - Started process (PID=5917) to work on /home/airflow/.local/lib/python3.7/site-packages/airflow/example_dags/example_branch_labels.py
[2022-08-23 00:19:03,414] {processor.py:641} INFO - Processing file /home/airflow/.local/lib/python3.7/site-packages/airflow/example_dags/example_branch_labels.py for tasks to queue
[2022-08-23 00:19:03,415] {logging_mixin.py:115} INFO - [2022-08-23 00:19:03,414] {dagbag.py:507} INFO - Filling up the DagBag from /home/airflow/.local/lib/python3.7/site-packages/airflow/example_dags/example_branch_labels.py
[2022-08-23 00:19:03,422] {processor.py:651} INFO - DAG(s) dict_keys(['example_branch_labels']) retrieved from /home/airflow/.local/lib/python3.7/site-packages/airflow/example_dags/example_branch_labels.py
[2022-08-23 00:19:03,455] {logging_mixin.py:115} INFO - [2022-08-23 00:19:03,455] {dag.py:2371} INFO - Sync 1 DAGs
[2022-08-23 00:19:03,608] {logging_mixin.py:115} INFO - [2022-08-23 00:19:03,608] {dag.py:2919} INFO - Setting next_dagrun for example_branch_labels to 2022-08-22T00:00:00+00:00, run_after=2022-08-23T00:00:00+00:00
[2022-08-23 00:19:03,621] {processor.py:161} INFO - Processing /home/airflow/.local/lib/python3.7/site-packages/airflow/example_dags/example_branch_labels.py took 0.212 seconds
[2022-08-23 00:19:33,796] {processor.py:153} INFO - Started process (PID=5994) to work on /home/airflow/.local/lib/python3.7/site-packages/airflow/example_dags/example_branch_labels.py
[2022-08-23 00:19:33,797] {processor.py:641} INFO - Processing file /home/airflow/.local/lib/python3.7/site-packages/airflow/example_dags/example_branch_labels.py for tasks to queue
[2022-08-23 00:19:33,798] {logging_mixin.py:115} INFO - [2022-08-23 00:19:33,798] {dagbag.py:507} INFO - Filling up the DagBag from /home/airflow/.local/lib/python3.7/site-packages/airflow/example_dags/example_branch_labels.py
[2022-08-23 00:19:33,804] {processor.py:651} INFO - DAG(s) dict_keys(['example_branch_labels']) retrieved from /home/airflow/.local/lib/python3.7/site-packages/airflow/example_dags/example_branch_labels.py
[2022-08-23 00:19:33,835] {logging_mixin.py:115} INFO - [2022-08-23 00:19:33,835] {dag.py:2371} INFO - Sync 1 DAGs
[2022-08-23 00:19:33,985] {logging_mixin.py:115} INFO - [2022-08-23 00:19:33,985] {dag.py:2919} INFO - Setting next_dagrun for example_branch_labels to 2022-08-22T00:00:00+00:00, run_after=2022-08-23T00:00:00+00:00
[2022-08-23 00:19:33,996] {processor.py:161} INFO - Processing /home/airflow/.local/lib/python3.7/site-packages/airflow/example_dags/example_branch_labels.py took 0.204 seconds
[2022-08-23 00:20:04,060] {processor.py:153} INFO - Started process (PID=6071) to work on /home/airflow/.local/lib/python3.7/site-packages/airflow/example_dags/example_branch_labels.py
[2022-08-23 00:20:04,061] {processor.py:641} INFO - Processing file /home/airflow/.local/lib/python3.7/site-packages/airflow/example_dags/example_branch_labels.py for tasks to queue
[2022-08-23 00:20:04,062] {logging_mixin.py:115} INFO - [2022-08-23 00:20:04,062] {dagbag.py:507} INFO - Filling up the DagBag from /home/airflow/.local/lib/python3.7/site-packages/airflow/example_dags/example_branch_labels.py
[2022-08-23 00:20:04,068] {processor.py:651} INFO - DAG(s) dict_keys(['example_branch_labels']) retrieved from /home/airflow/.local/lib/python3.7/site-packages/airflow/example_dags/example_branch_labels.py
[2022-08-23 00:20:04,096] {logging_mixin.py:115} INFO - [2022-08-23 00:20:04,096] {dag.py:2371} INFO - Sync 1 DAGs
[2022-08-23 00:20:04,233] {logging_mixin.py:115} INFO - [2022-08-23 00:20:04,233] {dag.py:2919} INFO - Setting next_dagrun for example_branch_labels to 2022-08-22T00:00:00+00:00, run_after=2022-08-23T00:00:00+00:00
[2022-08-23 00:20:04,245] {processor.py:161} INFO - Processing /home/airflow/.local/lib/python3.7/site-packages/airflow/example_dags/example_branch_labels.py took 0.188 seconds
[2022-08-23 00:20:34,790] {processor.py:153} INFO - Started process (PID=6146) to work on /home/airflow/.local/lib/python3.7/site-packages/airflow/example_dags/example_branch_labels.py
[2022-08-23 00:20:34,791] {processor.py:641} INFO - Processing file /home/airflow/.local/lib/python3.7/site-packages/airflow/example_dags/example_branch_labels.py for tasks to queue
[2022-08-23 00:20:34,792] {logging_mixin.py:115} INFO - [2022-08-23 00:20:34,792] {dagbag.py:507} INFO - Filling up the DagBag from /home/airflow/.local/lib/python3.7/site-packages/airflow/example_dags/example_branch_labels.py
[2022-08-23 00:20:34,798] {processor.py:651} INFO - DAG(s) dict_keys(['example_branch_labels']) retrieved from /home/airflow/.local/lib/python3.7/site-packages/airflow/example_dags/example_branch_labels.py
[2022-08-23 00:20:34,825] {logging_mixin.py:115} INFO - [2022-08-23 00:20:34,825] {dag.py:2371} INFO - Sync 1 DAGs
[2022-08-23 00:20:34,961] {logging_mixin.py:115} INFO - [2022-08-23 00:20:34,961] {dag.py:2919} INFO - Setting next_dagrun for example_branch_labels to 2022-08-22T00:00:00+00:00, run_after=2022-08-23T00:00:00+00:00
[2022-08-23 00:20:34,974] {processor.py:161} INFO - Processing /home/airflow/.local/lib/python3.7/site-packages/airflow/example_dags/example_branch_labels.py took 0.188 seconds
[2022-08-23 00:21:05,227] {processor.py:153} INFO - Started process (PID=6216) to work on /home/airflow/.local/lib/python3.7/site-packages/airflow/example_dags/example_branch_labels.py
[2022-08-23 00:21:05,228] {processor.py:641} INFO - Processing file /home/airflow/.local/lib/python3.7/site-packages/airflow/example_dags/example_branch_labels.py for tasks to queue
[2022-08-23 00:21:05,229] {logging_mixin.py:115} INFO - [2022-08-23 00:21:05,229] {dagbag.py:507} INFO - Filling up the DagBag from /home/airflow/.local/lib/python3.7/site-packages/airflow/example_dags/example_branch_labels.py
[2022-08-23 00:21:05,235] {processor.py:651} INFO - DAG(s) dict_keys(['example_branch_labels']) retrieved from /home/airflow/.local/lib/python3.7/site-packages/airflow/example_dags/example_branch_labels.py
[2022-08-23 00:21:05,261] {logging_mixin.py:115} INFO - [2022-08-23 00:21:05,261] {dag.py:2371} INFO - Sync 1 DAGs
[2022-08-23 00:21:05,399] {logging_mixin.py:115} INFO - [2022-08-23 00:21:05,399] {dag.py:2919} INFO - Setting next_dagrun for example_branch_labels to 2022-08-22T00:00:00+00:00, run_after=2022-08-23T00:00:00+00:00
[2022-08-23 00:21:05,420] {processor.py:161} INFO - Processing /home/airflow/.local/lib/python3.7/site-packages/airflow/example_dags/example_branch_labels.py took 0.196 seconds
[2022-08-23 00:21:35,584] {processor.py:153} INFO - Started process (PID=6293) to work on /home/airflow/.local/lib/python3.7/site-packages/airflow/example_dags/example_branch_labels.py
[2022-08-23 00:21:35,585] {processor.py:641} INFO - Processing file /home/airflow/.local/lib/python3.7/site-packages/airflow/example_dags/example_branch_labels.py for tasks to queue
[2022-08-23 00:21:35,586] {logging_mixin.py:115} INFO - [2022-08-23 00:21:35,586] {dagbag.py:507} INFO - Filling up the DagBag from /home/airflow/.local/lib/python3.7/site-packages/airflow/example_dags/example_branch_labels.py
[2022-08-23 00:21:35,593] {processor.py:651} INFO - DAG(s) dict_keys(['example_branch_labels']) retrieved from /home/airflow/.local/lib/python3.7/site-packages/airflow/example_dags/example_branch_labels.py
[2022-08-23 00:21:35,625] {logging_mixin.py:115} INFO - [2022-08-23 00:21:35,625] {dag.py:2371} INFO - Sync 1 DAGs
[2022-08-23 00:21:35,768] {logging_mixin.py:115} INFO - [2022-08-23 00:21:35,768] {dag.py:2919} INFO - Setting next_dagrun for example_branch_labels to 2022-08-22T00:00:00+00:00, run_after=2022-08-23T00:00:00+00:00
[2022-08-23 00:21:35,782] {processor.py:161} INFO - Processing /home/airflow/.local/lib/python3.7/site-packages/airflow/example_dags/example_branch_labels.py took 0.201 seconds
[2022-08-23 00:22:05,837] {processor.py:153} INFO - Started process (PID=6370) to work on /home/airflow/.local/lib/python3.7/site-packages/airflow/example_dags/example_branch_labels.py
[2022-08-23 00:22:05,838] {processor.py:641} INFO - Processing file /home/airflow/.local/lib/python3.7/site-packages/airflow/example_dags/example_branch_labels.py for tasks to queue
[2022-08-23 00:22:05,839] {logging_mixin.py:115} INFO - [2022-08-23 00:22:05,839] {dagbag.py:507} INFO - Filling up the DagBag from /home/airflow/.local/lib/python3.7/site-packages/airflow/example_dags/example_branch_labels.py
[2022-08-23 00:22:05,845] {processor.py:651} INFO - DAG(s) dict_keys(['example_branch_labels']) retrieved from /home/airflow/.local/lib/python3.7/site-packages/airflow/example_dags/example_branch_labels.py
[2022-08-23 00:22:05,874] {logging_mixin.py:115} INFO - [2022-08-23 00:22:05,874] {dag.py:2371} INFO - Sync 1 DAGs
[2022-08-23 00:22:06,010] {logging_mixin.py:115} INFO - [2022-08-23 00:22:06,010] {dag.py:2919} INFO - Setting next_dagrun for example_branch_labels to 2022-08-22T00:00:00+00:00, run_after=2022-08-23T00:00:00+00:00
[2022-08-23 00:22:06,020] {processor.py:161} INFO - Processing /home/airflow/.local/lib/python3.7/site-packages/airflow/example_dags/example_branch_labels.py took 0.187 seconds
[2022-08-23 00:22:36,123] {processor.py:153} INFO - Started process (PID=6438) to work on /home/airflow/.local/lib/python3.7/site-packages/airflow/example_dags/example_branch_labels.py
[2022-08-23 00:22:36,124] {processor.py:641} INFO - Processing file /home/airflow/.local/lib/python3.7/site-packages/airflow/example_dags/example_branch_labels.py for tasks to queue
[2022-08-23 00:22:36,125] {logging_mixin.py:115} INFO - [2022-08-23 00:22:36,125] {dagbag.py:507} INFO - Filling up the DagBag from /home/airflow/.local/lib/python3.7/site-packages/airflow/example_dags/example_branch_labels.py
[2022-08-23 00:22:36,132] {processor.py:651} INFO - DAG(s) dict_keys(['example_branch_labels']) retrieved from /home/airflow/.local/lib/python3.7/site-packages/airflow/example_dags/example_branch_labels.py
[2022-08-23 00:22:36,166] {logging_mixin.py:115} INFO - [2022-08-23 00:22:36,166] {dag.py:2371} INFO - Sync 1 DAGs
[2022-08-23 00:22:36,303] {logging_mixin.py:115} INFO - [2022-08-23 00:22:36,303] {dag.py:2919} INFO - Setting next_dagrun for example_branch_labels to 2022-08-22T00:00:00+00:00, run_after=2022-08-23T00:00:00+00:00
[2022-08-23 00:22:36,313] {processor.py:161} INFO - Processing /home/airflow/.local/lib/python3.7/site-packages/airflow/example_dags/example_branch_labels.py took 0.194 seconds
[2022-08-23 00:23:06,854] {processor.py:153} INFO - Started process (PID=6515) to work on /home/airflow/.local/lib/python3.7/site-packages/airflow/example_dags/example_branch_labels.py
[2022-08-23 00:23:06,855] {processor.py:641} INFO - Processing file /home/airflow/.local/lib/python3.7/site-packages/airflow/example_dags/example_branch_labels.py for tasks to queue
[2022-08-23 00:23:06,856] {logging_mixin.py:115} INFO - [2022-08-23 00:23:06,856] {dagbag.py:507} INFO - Filling up the DagBag from /home/airflow/.local/lib/python3.7/site-packages/airflow/example_dags/example_branch_labels.py
[2022-08-23 00:23:06,862] {processor.py:651} INFO - DAG(s) dict_keys(['example_branch_labels']) retrieved from /home/airflow/.local/lib/python3.7/site-packages/airflow/example_dags/example_branch_labels.py
[2022-08-23 00:23:06,892] {logging_mixin.py:115} INFO - [2022-08-23 00:23:06,892] {dag.py:2371} INFO - Sync 1 DAGs
[2022-08-23 00:23:07,026] {logging_mixin.py:115} INFO - [2022-08-23 00:23:07,026] {dag.py:2919} INFO - Setting next_dagrun for example_branch_labels to 2022-08-22T00:00:00+00:00, run_after=2022-08-23T00:00:00+00:00
[2022-08-23 00:23:07,039] {processor.py:161} INFO - Processing /home/airflow/.local/lib/python3.7/site-packages/airflow/example_dags/example_branch_labels.py took 0.189 seconds
[2022-08-23 00:23:37,449] {processor.py:153} INFO - Started process (PID=6592) to work on /home/airflow/.local/lib/python3.7/site-packages/airflow/example_dags/example_branch_labels.py
[2022-08-23 00:23:37,450] {processor.py:641} INFO - Processing file /home/airflow/.local/lib/python3.7/site-packages/airflow/example_dags/example_branch_labels.py for tasks to queue
[2022-08-23 00:23:37,450] {logging_mixin.py:115} INFO - [2022-08-23 00:23:37,450] {dagbag.py:507} INFO - Filling up the DagBag from /home/airflow/.local/lib/python3.7/site-packages/airflow/example_dags/example_branch_labels.py
[2022-08-23 00:23:37,457] {processor.py:651} INFO - DAG(s) dict_keys(['example_branch_labels']) retrieved from /home/airflow/.local/lib/python3.7/site-packages/airflow/example_dags/example_branch_labels.py
[2022-08-23 00:23:37,584] {logging_mixin.py:115} INFO - [2022-08-23 00:23:37,584] {dag.py:2371} INFO - Sync 1 DAGs
[2022-08-23 00:23:37,603] {logging_mixin.py:115} INFO - [2022-08-23 00:23:37,603] {dag.py:2919} INFO - Setting next_dagrun for example_branch_labels to 2022-08-22T00:00:00+00:00, run_after=2022-08-23T00:00:00+00:00
[2022-08-23 00:23:37,612] {processor.py:161} INFO - Processing /home/airflow/.local/lib/python3.7/site-packages/airflow/example_dags/example_branch_labels.py took 0.166 seconds
[2022-08-23 00:24:07,658] {processor.py:153} INFO - Started process (PID=6659) to work on /home/airflow/.local/lib/python3.7/site-packages/airflow/example_dags/example_branch_labels.py
[2022-08-23 00:24:07,660] {processor.py:641} INFO - Processing file /home/airflow/.local/lib/python3.7/site-packages/airflow/example_dags/example_branch_labels.py for tasks to queue
[2022-08-23 00:24:07,661] {logging_mixin.py:115} INFO - [2022-08-23 00:24:07,661] {dagbag.py:507} INFO - Filling up the DagBag from /home/airflow/.local/lib/python3.7/site-packages/airflow/example_dags/example_branch_labels.py
[2022-08-23 00:24:07,668] {processor.py:651} INFO - DAG(s) dict_keys(['example_branch_labels']) retrieved from /home/airflow/.local/lib/python3.7/site-packages/airflow/example_dags/example_branch_labels.py
[2022-08-23 00:24:07,912] {logging_mixin.py:115} INFO - [2022-08-23 00:24:07,912] {dag.py:2371} INFO - Sync 1 DAGs
[2022-08-23 00:24:07,941] {logging_mixin.py:115} INFO - [2022-08-23 00:24:07,941] {dag.py:2919} INFO - Setting next_dagrun for example_branch_labels to 2022-08-22T00:00:00+00:00, run_after=2022-08-23T00:00:00+00:00
[2022-08-23 00:24:07,952] {processor.py:161} INFO - Processing /home/airflow/.local/lib/python3.7/site-packages/airflow/example_dags/example_branch_labels.py took 0.297 seconds
[2022-08-23 00:24:38,022] {processor.py:153} INFO - Started process (PID=6737) to work on /home/airflow/.local/lib/python3.7/site-packages/airflow/example_dags/example_branch_labels.py
[2022-08-23 00:24:38,023] {processor.py:641} INFO - Processing file /home/airflow/.local/lib/python3.7/site-packages/airflow/example_dags/example_branch_labels.py for tasks to queue
[2022-08-23 00:24:38,025] {logging_mixin.py:115} INFO - [2022-08-23 00:24:38,025] {dagbag.py:507} INFO - Filling up the DagBag from /home/airflow/.local/lib/python3.7/site-packages/airflow/example_dags/example_branch_labels.py
[2022-08-23 00:24:38,031] {processor.py:651} INFO - DAG(s) dict_keys(['example_branch_labels']) retrieved from /home/airflow/.local/lib/python3.7/site-packages/airflow/example_dags/example_branch_labels.py
[2022-08-23 00:24:38,160] {logging_mixin.py:115} INFO - [2022-08-23 00:24:38,160] {dag.py:2371} INFO - Sync 1 DAGs
[2022-08-23 00:24:38,182] {logging_mixin.py:115} INFO - [2022-08-23 00:24:38,182] {dag.py:2919} INFO - Setting next_dagrun for example_branch_labels to 2022-08-22T00:00:00+00:00, run_after=2022-08-23T00:00:00+00:00
[2022-08-23 00:24:38,191] {processor.py:161} INFO - Processing /home/airflow/.local/lib/python3.7/site-packages/airflow/example_dags/example_branch_labels.py took 0.173 seconds
[2022-08-23 00:25:08,914] {processor.py:153} INFO - Started process (PID=6815) to work on /home/airflow/.local/lib/python3.7/site-packages/airflow/example_dags/example_branch_labels.py
[2022-08-23 00:25:08,915] {processor.py:641} INFO - Processing file /home/airflow/.local/lib/python3.7/site-packages/airflow/example_dags/example_branch_labels.py for tasks to queue
[2022-08-23 00:25:08,917] {logging_mixin.py:115} INFO - [2022-08-23 00:25:08,917] {dagbag.py:507} INFO - Filling up the DagBag from /home/airflow/.local/lib/python3.7/site-packages/airflow/example_dags/example_branch_labels.py
[2022-08-23 00:25:08,924] {processor.py:651} INFO - DAG(s) dict_keys(['example_branch_labels']) retrieved from /home/airflow/.local/lib/python3.7/site-packages/airflow/example_dags/example_branch_labels.py
[2022-08-23 00:25:09,067] {logging_mixin.py:115} INFO - [2022-08-23 00:25:09,067] {dag.py:2371} INFO - Sync 1 DAGs
[2022-08-23 00:25:09,092] {logging_mixin.py:115} INFO - [2022-08-23 00:25:09,092] {dag.py:2919} INFO - Setting next_dagrun for example_branch_labels to 2022-08-22T00:00:00+00:00, run_after=2022-08-23T00:00:00+00:00
[2022-08-23 00:25:09,103] {processor.py:161} INFO - Processing /home/airflow/.local/lib/python3.7/site-packages/airflow/example_dags/example_branch_labels.py took 0.193 seconds
[2022-08-23 00:25:39,594] {processor.py:153} INFO - Started process (PID=6890) to work on /home/airflow/.local/lib/python3.7/site-packages/airflow/example_dags/example_branch_labels.py
[2022-08-23 00:25:39,595] {processor.py:641} INFO - Processing file /home/airflow/.local/lib/python3.7/site-packages/airflow/example_dags/example_branch_labels.py for tasks to queue
[2022-08-23 00:25:39,596] {logging_mixin.py:115} INFO - [2022-08-23 00:25:39,596] {dagbag.py:507} INFO - Filling up the DagBag from /home/airflow/.local/lib/python3.7/site-packages/airflow/example_dags/example_branch_labels.py
[2022-08-23 00:25:39,603] {processor.py:651} INFO - DAG(s) dict_keys(['example_branch_labels']) retrieved from /home/airflow/.local/lib/python3.7/site-packages/airflow/example_dags/example_branch_labels.py
[2022-08-23 00:25:39,737] {logging_mixin.py:115} INFO - [2022-08-23 00:25:39,737] {dag.py:2371} INFO - Sync 1 DAGs
[2022-08-23 00:25:39,762] {logging_mixin.py:115} INFO - [2022-08-23 00:25:39,762] {dag.py:2919} INFO - Setting next_dagrun for example_branch_labels to 2022-08-22T00:00:00+00:00, run_after=2022-08-23T00:00:00+00:00
[2022-08-23 00:25:39,773] {processor.py:161} INFO - Processing /home/airflow/.local/lib/python3.7/site-packages/airflow/example_dags/example_branch_labels.py took 0.182 seconds
[2022-08-23 00:26:10,027] {processor.py:153} INFO - Started process (PID=6960) to work on /home/airflow/.local/lib/python3.7/site-packages/airflow/example_dags/example_branch_labels.py
[2022-08-23 00:26:10,028] {processor.py:641} INFO - Processing file /home/airflow/.local/lib/python3.7/site-packages/airflow/example_dags/example_branch_labels.py for tasks to queue
[2022-08-23 00:26:10,029] {logging_mixin.py:115} INFO - [2022-08-23 00:26:10,029] {dagbag.py:507} INFO - Filling up the DagBag from /home/airflow/.local/lib/python3.7/site-packages/airflow/example_dags/example_branch_labels.py
[2022-08-23 00:26:10,037] {processor.py:651} INFO - DAG(s) dict_keys(['example_branch_labels']) retrieved from /home/airflow/.local/lib/python3.7/site-packages/airflow/example_dags/example_branch_labels.py
[2022-08-23 00:26:10,192] {logging_mixin.py:115} INFO - [2022-08-23 00:26:10,192] {dag.py:2371} INFO - Sync 1 DAGs
[2022-08-23 00:26:10,218] {logging_mixin.py:115} INFO - [2022-08-23 00:26:10,218] {dag.py:2919} INFO - Setting next_dagrun for example_branch_labels to 2022-08-22T00:00:00+00:00, run_after=2022-08-23T00:00:00+00:00
[2022-08-23 00:26:10,230] {processor.py:161} INFO - Processing /home/airflow/.local/lib/python3.7/site-packages/airflow/example_dags/example_branch_labels.py took 0.206 seconds
[2022-08-23 00:26:40,925] {processor.py:153} INFO - Started process (PID=7037) to work on /home/airflow/.local/lib/python3.7/site-packages/airflow/example_dags/example_branch_labels.py
[2022-08-23 00:26:40,926] {processor.py:641} INFO - Processing file /home/airflow/.local/lib/python3.7/site-packages/airflow/example_dags/example_branch_labels.py for tasks to queue
[2022-08-23 00:26:40,927] {logging_mixin.py:115} INFO - [2022-08-23 00:26:40,927] {dagbag.py:507} INFO - Filling up the DagBag from /home/airflow/.local/lib/python3.7/site-packages/airflow/example_dags/example_branch_labels.py
[2022-08-23 00:26:40,934] {processor.py:651} INFO - DAG(s) dict_keys(['example_branch_labels']) retrieved from /home/airflow/.local/lib/python3.7/site-packages/airflow/example_dags/example_branch_labels.py
[2022-08-23 00:26:41,079] {logging_mixin.py:115} INFO - [2022-08-23 00:26:41,079] {dag.py:2371} INFO - Sync 1 DAGs
[2022-08-23 00:26:41,106] {logging_mixin.py:115} INFO - [2022-08-23 00:26:41,106] {dag.py:2919} INFO - Setting next_dagrun for example_branch_labels to 2022-08-22T00:00:00+00:00, run_after=2022-08-23T00:00:00+00:00
[2022-08-23 00:26:41,119] {processor.py:161} INFO - Processing /home/airflow/.local/lib/python3.7/site-packages/airflow/example_dags/example_branch_labels.py took 0.197 seconds
[2022-08-23 00:27:11,263] {processor.py:153} INFO - Started process (PID=7114) to work on /home/airflow/.local/lib/python3.7/site-packages/airflow/example_dags/example_branch_labels.py
[2022-08-23 00:27:11,264] {processor.py:641} INFO - Processing file /home/airflow/.local/lib/python3.7/site-packages/airflow/example_dags/example_branch_labels.py for tasks to queue
[2022-08-23 00:27:11,265] {logging_mixin.py:115} INFO - [2022-08-23 00:27:11,265] {dagbag.py:507} INFO - Filling up the DagBag from /home/airflow/.local/lib/python3.7/site-packages/airflow/example_dags/example_branch_labels.py
[2022-08-23 00:27:11,273] {processor.py:651} INFO - DAG(s) dict_keys(['example_branch_labels']) retrieved from /home/airflow/.local/lib/python3.7/site-packages/airflow/example_dags/example_branch_labels.py
[2022-08-23 00:27:11,420] {logging_mixin.py:115} INFO - [2022-08-23 00:27:11,420] {dag.py:2371} INFO - Sync 1 DAGs
[2022-08-23 00:27:11,445] {logging_mixin.py:115} INFO - [2022-08-23 00:27:11,445] {dag.py:2919} INFO - Setting next_dagrun for example_branch_labels to 2022-08-22T00:00:00+00:00, run_after=2022-08-23T00:00:00+00:00
[2022-08-23 00:27:11,456] {processor.py:161} INFO - Processing /home/airflow/.local/lib/python3.7/site-packages/airflow/example_dags/example_branch_labels.py took 0.197 seconds
[2022-08-23 00:27:41,928] {processor.py:153} INFO - Started process (PID=7182) to work on /home/airflow/.local/lib/python3.7/site-packages/airflow/example_dags/example_branch_labels.py
[2022-08-23 00:27:41,930] {processor.py:641} INFO - Processing file /home/airflow/.local/lib/python3.7/site-packages/airflow/example_dags/example_branch_labels.py for tasks to queue
[2022-08-23 00:27:41,931] {logging_mixin.py:115} INFO - [2022-08-23 00:27:41,931] {dagbag.py:507} INFO - Filling up the DagBag from /home/airflow/.local/lib/python3.7/site-packages/airflow/example_dags/example_branch_labels.py
[2022-08-23 00:27:41,941] {processor.py:651} INFO - DAG(s) dict_keys(['example_branch_labels']) retrieved from /home/airflow/.local/lib/python3.7/site-packages/airflow/example_dags/example_branch_labels.py
[2022-08-23 00:27:42,138] {logging_mixin.py:115} INFO - [2022-08-23 00:27:42,137] {dag.py:2371} INFO - Sync 1 DAGs
[2022-08-23 00:27:42,173] {logging_mixin.py:115} INFO - [2022-08-23 00:27:42,172] {dag.py:2919} INFO - Setting next_dagrun for example_branch_labels to 2022-08-22T00:00:00+00:00, run_after=2022-08-23T00:00:00+00:00
[2022-08-23 00:27:42,188] {processor.py:161} INFO - Processing /home/airflow/.local/lib/python3.7/site-packages/airflow/example_dags/example_branch_labels.py took 0.265 seconds
