[2022-08-23 00:00:14,781] {processor.py:153} INFO - Started process (PID=3178) to work on /home/airflow/.local/lib/python3.7/site-packages/airflow/example_dags/example_branch_operator_decorator.py
[2022-08-23 00:00:14,781] {processor.py:641} INFO - Processing file /home/airflow/.local/lib/python3.7/site-packages/airflow/example_dags/example_branch_operator_decorator.py for tasks to queue
[2022-08-23 00:00:14,782] {logging_mixin.py:115} INFO - [2022-08-23 00:00:14,782] {dagbag.py:507} INFO - Filling up the DagBag from /home/airflow/.local/lib/python3.7/site-packages/airflow/example_dags/example_branch_operator_decorator.py
[2022-08-23 00:00:14,801] {processor.py:651} INFO - DAG(s) dict_keys(['example_branch_python_operator_decorator']) retrieved from /home/airflow/.local/lib/python3.7/site-packages/airflow/example_dags/example_branch_operator_decorator.py
[2022-08-23 00:00:14,826] {logging_mixin.py:115} INFO - [2022-08-23 00:00:14,826] {dag.py:2371} INFO - Sync 1 DAGs
[2022-08-23 00:00:14,956] {logging_mixin.py:115} INFO - [2022-08-23 00:00:14,956] {dag.py:2919} INFO - Setting next_dagrun for example_branch_python_operator_decorator to 2022-08-22T00:00:00+00:00, run_after=2022-08-23T00:00:00+00:00
[2022-08-23 00:00:14,971] {processor.py:161} INFO - Processing /home/airflow/.local/lib/python3.7/site-packages/airflow/example_dags/example_branch_operator_decorator.py took 0.193 seconds
[2022-08-23 00:00:46,083] {processor.py:153} INFO - Started process (PID=3255) to work on /home/airflow/.local/lib/python3.7/site-packages/airflow/example_dags/example_branch_operator_decorator.py
[2022-08-23 00:00:46,084] {processor.py:641} INFO - Processing file /home/airflow/.local/lib/python3.7/site-packages/airflow/example_dags/example_branch_operator_decorator.py for tasks to queue
[2022-08-23 00:00:46,085] {logging_mixin.py:115} INFO - [2022-08-23 00:00:46,085] {dagbag.py:507} INFO - Filling up the DagBag from /home/airflow/.local/lib/python3.7/site-packages/airflow/example_dags/example_branch_operator_decorator.py
[2022-08-23 00:00:46,104] {processor.py:651} INFO - DAG(s) dict_keys(['example_branch_python_operator_decorator']) retrieved from /home/airflow/.local/lib/python3.7/site-packages/airflow/example_dags/example_branch_operator_decorator.py
[2022-08-23 00:00:46,132] {logging_mixin.py:115} INFO - [2022-08-23 00:00:46,132] {dag.py:2371} INFO - Sync 1 DAGs
[2022-08-23 00:00:46,257] {logging_mixin.py:115} INFO - [2022-08-23 00:00:46,256] {dag.py:2919} INFO - Setting next_dagrun for example_branch_python_operator_decorator to 2022-08-22T00:00:00+00:00, run_after=2022-08-23T00:00:00+00:00
[2022-08-23 00:00:46,270] {processor.py:161} INFO - Processing /home/airflow/.local/lib/python3.7/site-packages/airflow/example_dags/example_branch_operator_decorator.py took 0.190 seconds
[2022-08-23 00:01:16,647] {processor.py:153} INFO - Started process (PID=3331) to work on /home/airflow/.local/lib/python3.7/site-packages/airflow/example_dags/example_branch_operator_decorator.py
[2022-08-23 00:01:16,649] {processor.py:641} INFO - Processing file /home/airflow/.local/lib/python3.7/site-packages/airflow/example_dags/example_branch_operator_decorator.py for tasks to queue
[2022-08-23 00:01:16,651] {logging_mixin.py:115} INFO - [2022-08-23 00:01:16,650] {dagbag.py:507} INFO - Filling up the DagBag from /home/airflow/.local/lib/python3.7/site-packages/airflow/example_dags/example_branch_operator_decorator.py
[2022-08-23 00:01:16,687] {processor.py:651} INFO - DAG(s) dict_keys(['example_branch_python_operator_decorator']) retrieved from /home/airflow/.local/lib/python3.7/site-packages/airflow/example_dags/example_branch_operator_decorator.py
[2022-08-23 00:01:16,719] {logging_mixin.py:115} INFO - [2022-08-23 00:01:16,719] {dag.py:2371} INFO - Sync 1 DAGs
[2022-08-23 00:01:17,135] {logging_mixin.py:115} INFO - [2022-08-23 00:01:17,134] {dag.py:2919} INFO - Setting next_dagrun for example_branch_python_operator_decorator to 2022-08-22T00:00:00+00:00, run_after=2022-08-23T00:00:00+00:00
[2022-08-23 00:01:17,157] {processor.py:161} INFO - Processing /home/airflow/.local/lib/python3.7/site-packages/airflow/example_dags/example_branch_operator_decorator.py took 0.515 seconds
[2022-08-23 00:01:47,377] {processor.py:153} INFO - Started process (PID=3407) to work on /home/airflow/.local/lib/python3.7/site-packages/airflow/example_dags/example_branch_operator_decorator.py
[2022-08-23 00:01:47,378] {processor.py:641} INFO - Processing file /home/airflow/.local/lib/python3.7/site-packages/airflow/example_dags/example_branch_operator_decorator.py for tasks to queue
[2022-08-23 00:01:47,380] {logging_mixin.py:115} INFO - [2022-08-23 00:01:47,379] {dagbag.py:507} INFO - Filling up the DagBag from /home/airflow/.local/lib/python3.7/site-packages/airflow/example_dags/example_branch_operator_decorator.py
[2022-08-23 00:01:47,401] {processor.py:651} INFO - DAG(s) dict_keys(['example_branch_python_operator_decorator']) retrieved from /home/airflow/.local/lib/python3.7/site-packages/airflow/example_dags/example_branch_operator_decorator.py
[2022-08-23 00:01:47,430] {logging_mixin.py:115} INFO - [2022-08-23 00:01:47,430] {dag.py:2371} INFO - Sync 1 DAGs
[2022-08-23 00:01:47,562] {logging_mixin.py:115} INFO - [2022-08-23 00:01:47,562] {dag.py:2919} INFO - Setting next_dagrun for example_branch_python_operator_decorator to 2022-08-22T00:00:00+00:00, run_after=2022-08-23T00:00:00+00:00
[2022-08-23 00:01:47,575] {processor.py:161} INFO - Processing /home/airflow/.local/lib/python3.7/site-packages/airflow/example_dags/example_branch_operator_decorator.py took 0.203 seconds
[2022-08-23 00:02:18,004] {processor.py:153} INFO - Started process (PID=3475) to work on /home/airflow/.local/lib/python3.7/site-packages/airflow/example_dags/example_branch_operator_decorator.py
[2022-08-23 00:02:18,008] {processor.py:641} INFO - Processing file /home/airflow/.local/lib/python3.7/site-packages/airflow/example_dags/example_branch_operator_decorator.py for tasks to queue
[2022-08-23 00:02:18,009] {logging_mixin.py:115} INFO - [2022-08-23 00:02:18,009] {dagbag.py:507} INFO - Filling up the DagBag from /home/airflow/.local/lib/python3.7/site-packages/airflow/example_dags/example_branch_operator_decorator.py
[2022-08-23 00:02:18,031] {processor.py:651} INFO - DAG(s) dict_keys(['example_branch_python_operator_decorator']) retrieved from /home/airflow/.local/lib/python3.7/site-packages/airflow/example_dags/example_branch_operator_decorator.py
[2022-08-23 00:02:18,057] {logging_mixin.py:115} INFO - [2022-08-23 00:02:18,057] {dag.py:2371} INFO - Sync 1 DAGs
[2022-08-23 00:02:18,192] {logging_mixin.py:115} INFO - [2022-08-23 00:02:18,192] {dag.py:2919} INFO - Setting next_dagrun for example_branch_python_operator_decorator to 2022-08-22T00:00:00+00:00, run_after=2022-08-23T00:00:00+00:00
[2022-08-23 00:02:18,203] {processor.py:161} INFO - Processing /home/airflow/.local/lib/python3.7/site-packages/airflow/example_dags/example_branch_operator_decorator.py took 0.202 seconds
[2022-08-23 00:02:48,454] {processor.py:153} INFO - Started process (PID=3552) to work on /home/airflow/.local/lib/python3.7/site-packages/airflow/example_dags/example_branch_operator_decorator.py
[2022-08-23 00:02:48,455] {processor.py:641} INFO - Processing file /home/airflow/.local/lib/python3.7/site-packages/airflow/example_dags/example_branch_operator_decorator.py for tasks to queue
[2022-08-23 00:02:48,456] {logging_mixin.py:115} INFO - [2022-08-23 00:02:48,456] {dagbag.py:507} INFO - Filling up the DagBag from /home/airflow/.local/lib/python3.7/site-packages/airflow/example_dags/example_branch_operator_decorator.py
[2022-08-23 00:02:48,476] {processor.py:651} INFO - DAG(s) dict_keys(['example_branch_python_operator_decorator']) retrieved from /home/airflow/.local/lib/python3.7/site-packages/airflow/example_dags/example_branch_operator_decorator.py
[2022-08-23 00:02:48,502] {logging_mixin.py:115} INFO - [2022-08-23 00:02:48,502] {dag.py:2371} INFO - Sync 1 DAGs
[2022-08-23 00:02:48,634] {logging_mixin.py:115} INFO - [2022-08-23 00:02:48,634] {dag.py:2919} INFO - Setting next_dagrun for example_branch_python_operator_decorator to 2022-08-22T00:00:00+00:00, run_after=2022-08-23T00:00:00+00:00
[2022-08-23 00:02:48,647] {processor.py:161} INFO - Processing /home/airflow/.local/lib/python3.7/site-packages/airflow/example_dags/example_branch_operator_decorator.py took 0.196 seconds
[2022-08-23 00:03:18,921] {processor.py:153} INFO - Started process (PID=3628) to work on /home/airflow/.local/lib/python3.7/site-packages/airflow/example_dags/example_branch_operator_decorator.py
[2022-08-23 00:03:18,922] {processor.py:641} INFO - Processing file /home/airflow/.local/lib/python3.7/site-packages/airflow/example_dags/example_branch_operator_decorator.py for tasks to queue
[2022-08-23 00:03:18,923] {logging_mixin.py:115} INFO - [2022-08-23 00:03:18,923] {dagbag.py:507} INFO - Filling up the DagBag from /home/airflow/.local/lib/python3.7/site-packages/airflow/example_dags/example_branch_operator_decorator.py
[2022-08-23 00:03:18,996] {processor.py:651} INFO - DAG(s) dict_keys(['example_branch_python_operator_decorator']) retrieved from /home/airflow/.local/lib/python3.7/site-packages/airflow/example_dags/example_branch_operator_decorator.py
[2022-08-23 00:03:19,022] {logging_mixin.py:115} INFO - [2022-08-23 00:03:19,022] {dag.py:2371} INFO - Sync 1 DAGs
[2022-08-23 00:03:19,158] {logging_mixin.py:115} INFO - [2022-08-23 00:03:19,158] {dag.py:2919} INFO - Setting next_dagrun for example_branch_python_operator_decorator to 2022-08-22T00:00:00+00:00, run_after=2022-08-23T00:00:00+00:00
[2022-08-23 00:03:19,171] {processor.py:161} INFO - Processing /home/airflow/.local/lib/python3.7/site-packages/airflow/example_dags/example_branch_operator_decorator.py took 0.254 seconds
[2022-08-23 00:03:49,495] {processor.py:153} INFO - Started process (PID=3705) to work on /home/airflow/.local/lib/python3.7/site-packages/airflow/example_dags/example_branch_operator_decorator.py
[2022-08-23 00:03:49,496] {processor.py:641} INFO - Processing file /home/airflow/.local/lib/python3.7/site-packages/airflow/example_dags/example_branch_operator_decorator.py for tasks to queue
[2022-08-23 00:03:49,497] {logging_mixin.py:115} INFO - [2022-08-23 00:03:49,497] {dagbag.py:507} INFO - Filling up the DagBag from /home/airflow/.local/lib/python3.7/site-packages/airflow/example_dags/example_branch_operator_decorator.py
[2022-08-23 00:03:49,518] {processor.py:651} INFO - DAG(s) dict_keys(['example_branch_python_operator_decorator']) retrieved from /home/airflow/.local/lib/python3.7/site-packages/airflow/example_dags/example_branch_operator_decorator.py
[2022-08-23 00:03:49,544] {logging_mixin.py:115} INFO - [2022-08-23 00:03:49,544] {dag.py:2371} INFO - Sync 1 DAGs
[2022-08-23 00:03:49,694] {logging_mixin.py:115} INFO - [2022-08-23 00:03:49,693] {dag.py:2919} INFO - Setting next_dagrun for example_branch_python_operator_decorator to 2022-08-22T00:00:00+00:00, run_after=2022-08-23T00:00:00+00:00
[2022-08-23 00:03:49,709] {processor.py:161} INFO - Processing /home/airflow/.local/lib/python3.7/site-packages/airflow/example_dags/example_branch_operator_decorator.py took 0.216 seconds
[2022-08-23 00:04:19,964] {processor.py:153} INFO - Started process (PID=3772) to work on /home/airflow/.local/lib/python3.7/site-packages/airflow/example_dags/example_branch_operator_decorator.py
[2022-08-23 00:04:19,965] {processor.py:641} INFO - Processing file /home/airflow/.local/lib/python3.7/site-packages/airflow/example_dags/example_branch_operator_decorator.py for tasks to queue
[2022-08-23 00:04:19,966] {logging_mixin.py:115} INFO - [2022-08-23 00:04:19,966] {dagbag.py:507} INFO - Filling up the DagBag from /home/airflow/.local/lib/python3.7/site-packages/airflow/example_dags/example_branch_operator_decorator.py
[2022-08-23 00:04:19,985] {processor.py:651} INFO - DAG(s) dict_keys(['example_branch_python_operator_decorator']) retrieved from /home/airflow/.local/lib/python3.7/site-packages/airflow/example_dags/example_branch_operator_decorator.py
[2022-08-23 00:04:20,010] {logging_mixin.py:115} INFO - [2022-08-23 00:04:20,010] {dag.py:2371} INFO - Sync 1 DAGs
[2022-08-23 00:04:20,141] {logging_mixin.py:115} INFO - [2022-08-23 00:04:20,141] {dag.py:2919} INFO - Setting next_dagrun for example_branch_python_operator_decorator to 2022-08-22T00:00:00+00:00, run_after=2022-08-23T00:00:00+00:00
[2022-08-23 00:04:20,156] {processor.py:161} INFO - Processing /home/airflow/.local/lib/python3.7/site-packages/airflow/example_dags/example_branch_operator_decorator.py took 0.196 seconds
[2022-08-23 00:04:50,702] {processor.py:153} INFO - Started process (PID=3850) to work on /home/airflow/.local/lib/python3.7/site-packages/airflow/example_dags/example_branch_operator_decorator.py
[2022-08-23 00:04:50,703] {processor.py:641} INFO - Processing file /home/airflow/.local/lib/python3.7/site-packages/airflow/example_dags/example_branch_operator_decorator.py for tasks to queue
[2022-08-23 00:04:50,704] {logging_mixin.py:115} INFO - [2022-08-23 00:04:50,704] {dagbag.py:507} INFO - Filling up the DagBag from /home/airflow/.local/lib/python3.7/site-packages/airflow/example_dags/example_branch_operator_decorator.py
[2022-08-23 00:04:50,725] {processor.py:651} INFO - DAG(s) dict_keys(['example_branch_python_operator_decorator']) retrieved from /home/airflow/.local/lib/python3.7/site-packages/airflow/example_dags/example_branch_operator_decorator.py
[2022-08-23 00:04:50,753] {logging_mixin.py:115} INFO - [2022-08-23 00:04:50,753] {dag.py:2371} INFO - Sync 1 DAGs
[2022-08-23 00:04:50,886] {logging_mixin.py:115} INFO - [2022-08-23 00:04:50,886] {dag.py:2919} INFO - Setting next_dagrun for example_branch_python_operator_decorator to 2022-08-22T00:00:00+00:00, run_after=2022-08-23T00:00:00+00:00
[2022-08-23 00:04:50,899] {processor.py:161} INFO - Processing /home/airflow/.local/lib/python3.7/site-packages/airflow/example_dags/example_branch_operator_decorator.py took 0.200 seconds
[2022-08-23 00:05:21,387] {processor.py:153} INFO - Started process (PID=3927) to work on /home/airflow/.local/lib/python3.7/site-packages/airflow/example_dags/example_branch_operator_decorator.py
[2022-08-23 00:05:21,388] {processor.py:641} INFO - Processing file /home/airflow/.local/lib/python3.7/site-packages/airflow/example_dags/example_branch_operator_decorator.py for tasks to queue
[2022-08-23 00:05:21,389] {logging_mixin.py:115} INFO - [2022-08-23 00:05:21,389] {dagbag.py:507} INFO - Filling up the DagBag from /home/airflow/.local/lib/python3.7/site-packages/airflow/example_dags/example_branch_operator_decorator.py
[2022-08-23 00:05:21,407] {processor.py:651} INFO - DAG(s) dict_keys(['example_branch_python_operator_decorator']) retrieved from /home/airflow/.local/lib/python3.7/site-packages/airflow/example_dags/example_branch_operator_decorator.py
[2022-08-23 00:05:21,433] {logging_mixin.py:115} INFO - [2022-08-23 00:05:21,433] {dag.py:2371} INFO - Sync 1 DAGs
[2022-08-23 00:05:21,565] {logging_mixin.py:115} INFO - [2022-08-23 00:05:21,565] {dag.py:2919} INFO - Setting next_dagrun for example_branch_python_operator_decorator to 2022-08-22T00:00:00+00:00, run_after=2022-08-23T00:00:00+00:00
[2022-08-23 00:05:21,578] {processor.py:161} INFO - Processing /home/airflow/.local/lib/python3.7/site-packages/airflow/example_dags/example_branch_operator_decorator.py took 0.195 seconds
[2022-08-23 00:05:52,181] {processor.py:153} INFO - Started process (PID=4004) to work on /home/airflow/.local/lib/python3.7/site-packages/airflow/example_dags/example_branch_operator_decorator.py
[2022-08-23 00:05:52,183] {processor.py:641} INFO - Processing file /home/airflow/.local/lib/python3.7/site-packages/airflow/example_dags/example_branch_operator_decorator.py for tasks to queue
[2022-08-23 00:05:52,184] {logging_mixin.py:115} INFO - [2022-08-23 00:05:52,184] {dagbag.py:507} INFO - Filling up the DagBag from /home/airflow/.local/lib/python3.7/site-packages/airflow/example_dags/example_branch_operator_decorator.py
[2022-08-23 00:05:52,203] {processor.py:651} INFO - DAG(s) dict_keys(['example_branch_python_operator_decorator']) retrieved from /home/airflow/.local/lib/python3.7/site-packages/airflow/example_dags/example_branch_operator_decorator.py
[2022-08-23 00:05:52,230] {logging_mixin.py:115} INFO - [2022-08-23 00:05:52,230] {dag.py:2371} INFO - Sync 1 DAGs
[2022-08-23 00:05:52,365] {logging_mixin.py:115} INFO - [2022-08-23 00:05:52,365] {dag.py:2919} INFO - Setting next_dagrun for example_branch_python_operator_decorator to 2022-08-22T00:00:00+00:00, run_after=2022-08-23T00:00:00+00:00
[2022-08-23 00:05:52,378] {processor.py:161} INFO - Processing /home/airflow/.local/lib/python3.7/site-packages/airflow/example_dags/example_branch_operator_decorator.py took 0.202 seconds
[2022-08-23 00:06:22,806] {processor.py:153} INFO - Started process (PID=4072) to work on /home/airflow/.local/lib/python3.7/site-packages/airflow/example_dags/example_branch_operator_decorator.py
[2022-08-23 00:06:22,807] {processor.py:641} INFO - Processing file /home/airflow/.local/lib/python3.7/site-packages/airflow/example_dags/example_branch_operator_decorator.py for tasks to queue
[2022-08-23 00:06:22,808] {logging_mixin.py:115} INFO - [2022-08-23 00:06:22,808] {dagbag.py:507} INFO - Filling up the DagBag from /home/airflow/.local/lib/python3.7/site-packages/airflow/example_dags/example_branch_operator_decorator.py
[2022-08-23 00:06:22,828] {processor.py:651} INFO - DAG(s) dict_keys(['example_branch_python_operator_decorator']) retrieved from /home/airflow/.local/lib/python3.7/site-packages/airflow/example_dags/example_branch_operator_decorator.py
[2022-08-23 00:06:22,855] {logging_mixin.py:115} INFO - [2022-08-23 00:06:22,855] {dag.py:2371} INFO - Sync 1 DAGs
[2022-08-23 00:06:22,989] {logging_mixin.py:115} INFO - [2022-08-23 00:06:22,988] {dag.py:2919} INFO - Setting next_dagrun for example_branch_python_operator_decorator to 2022-08-22T00:00:00+00:00, run_after=2022-08-23T00:00:00+00:00
[2022-08-23 00:06:23,002] {processor.py:161} INFO - Processing /home/airflow/.local/lib/python3.7/site-packages/airflow/example_dags/example_branch_operator_decorator.py took 0.199 seconds
[2022-08-23 00:06:53,497] {processor.py:153} INFO - Started process (PID=4149) to work on /home/airflow/.local/lib/python3.7/site-packages/airflow/example_dags/example_branch_operator_decorator.py
[2022-08-23 00:06:53,498] {processor.py:641} INFO - Processing file /home/airflow/.local/lib/python3.7/site-packages/airflow/example_dags/example_branch_operator_decorator.py for tasks to queue
[2022-08-23 00:06:53,499] {logging_mixin.py:115} INFO - [2022-08-23 00:06:53,499] {dagbag.py:507} INFO - Filling up the DagBag from /home/airflow/.local/lib/python3.7/site-packages/airflow/example_dags/example_branch_operator_decorator.py
[2022-08-23 00:06:53,519] {processor.py:651} INFO - DAG(s) dict_keys(['example_branch_python_operator_decorator']) retrieved from /home/airflow/.local/lib/python3.7/site-packages/airflow/example_dags/example_branch_operator_decorator.py
[2022-08-23 00:06:53,547] {logging_mixin.py:115} INFO - [2022-08-23 00:06:53,547] {dag.py:2371} INFO - Sync 1 DAGs
[2022-08-23 00:06:53,688] {logging_mixin.py:115} INFO - [2022-08-23 00:06:53,688] {dag.py:2919} INFO - Setting next_dagrun for example_branch_python_operator_decorator to 2022-08-22T00:00:00+00:00, run_after=2022-08-23T00:00:00+00:00
[2022-08-23 00:06:53,707] {processor.py:161} INFO - Processing /home/airflow/.local/lib/python3.7/site-packages/airflow/example_dags/example_branch_operator_decorator.py took 0.213 seconds
[2022-08-23 00:07:23,898] {processor.py:153} INFO - Started process (PID=4216) to work on /home/airflow/.local/lib/python3.7/site-packages/airflow/example_dags/example_branch_operator_decorator.py
[2022-08-23 00:07:23,899] {processor.py:641} INFO - Processing file /home/airflow/.local/lib/python3.7/site-packages/airflow/example_dags/example_branch_operator_decorator.py for tasks to queue
[2022-08-23 00:07:23,900] {logging_mixin.py:115} INFO - [2022-08-23 00:07:23,900] {dagbag.py:507} INFO - Filling up the DagBag from /home/airflow/.local/lib/python3.7/site-packages/airflow/example_dags/example_branch_operator_decorator.py
[2022-08-23 00:07:23,918] {processor.py:651} INFO - DAG(s) dict_keys(['example_branch_python_operator_decorator']) retrieved from /home/airflow/.local/lib/python3.7/site-packages/airflow/example_dags/example_branch_operator_decorator.py
[2022-08-23 00:07:23,946] {logging_mixin.py:115} INFO - [2022-08-23 00:07:23,946] {dag.py:2371} INFO - Sync 1 DAGs
[2022-08-23 00:07:24,071] {logging_mixin.py:115} INFO - [2022-08-23 00:07:24,071] {dag.py:2919} INFO - Setting next_dagrun for example_branch_python_operator_decorator to 2022-08-22T00:00:00+00:00, run_after=2022-08-23T00:00:00+00:00
[2022-08-23 00:07:24,084] {processor.py:161} INFO - Processing /home/airflow/.local/lib/python3.7/site-packages/airflow/example_dags/example_branch_operator_decorator.py took 0.189 seconds
[2022-08-23 00:07:54,305] {processor.py:153} INFO - Started process (PID=4292) to work on /home/airflow/.local/lib/python3.7/site-packages/airflow/example_dags/example_branch_operator_decorator.py
[2022-08-23 00:07:54,306] {processor.py:641} INFO - Processing file /home/airflow/.local/lib/python3.7/site-packages/airflow/example_dags/example_branch_operator_decorator.py for tasks to queue
[2022-08-23 00:07:54,307] {logging_mixin.py:115} INFO - [2022-08-23 00:07:54,307] {dagbag.py:507} INFO - Filling up the DagBag from /home/airflow/.local/lib/python3.7/site-packages/airflow/example_dags/example_branch_operator_decorator.py
[2022-08-23 00:07:54,327] {processor.py:651} INFO - DAG(s) dict_keys(['example_branch_python_operator_decorator']) retrieved from /home/airflow/.local/lib/python3.7/site-packages/airflow/example_dags/example_branch_operator_decorator.py
[2022-08-23 00:07:54,355] {logging_mixin.py:115} INFO - [2022-08-23 00:07:54,355] {dag.py:2371} INFO - Sync 1 DAGs
[2022-08-23 00:07:54,493] {logging_mixin.py:115} INFO - [2022-08-23 00:07:54,493] {dag.py:2919} INFO - Setting next_dagrun for example_branch_python_operator_decorator to 2022-08-22T00:00:00+00:00, run_after=2022-08-23T00:00:00+00:00
[2022-08-23 00:07:54,505] {processor.py:161} INFO - Processing /home/airflow/.local/lib/python3.7/site-packages/airflow/example_dags/example_branch_operator_decorator.py took 0.204 seconds
[2022-08-23 00:08:25,061] {processor.py:153} INFO - Started process (PID=4369) to work on /home/airflow/.local/lib/python3.7/site-packages/airflow/example_dags/example_branch_operator_decorator.py
[2022-08-23 00:08:25,062] {processor.py:641} INFO - Processing file /home/airflow/.local/lib/python3.7/site-packages/airflow/example_dags/example_branch_operator_decorator.py for tasks to queue
[2022-08-23 00:08:25,063] {logging_mixin.py:115} INFO - [2022-08-23 00:08:25,063] {dagbag.py:507} INFO - Filling up the DagBag from /home/airflow/.local/lib/python3.7/site-packages/airflow/example_dags/example_branch_operator_decorator.py
[2022-08-23 00:08:25,087] {processor.py:651} INFO - DAG(s) dict_keys(['example_branch_python_operator_decorator']) retrieved from /home/airflow/.local/lib/python3.7/site-packages/airflow/example_dags/example_branch_operator_decorator.py
[2022-08-23 00:08:25,119] {logging_mixin.py:115} INFO - [2022-08-23 00:08:25,119] {dag.py:2371} INFO - Sync 1 DAGs
[2022-08-23 00:08:25,294] {logging_mixin.py:115} INFO - [2022-08-23 00:08:25,294] {dag.py:2919} INFO - Setting next_dagrun for example_branch_python_operator_decorator to 2022-08-22T00:00:00+00:00, run_after=2022-08-23T00:00:00+00:00
[2022-08-23 00:08:25,306] {processor.py:161} INFO - Processing /home/airflow/.local/lib/python3.7/site-packages/airflow/example_dags/example_branch_operator_decorator.py took 0.249 seconds
[2022-08-23 00:08:55,387] {processor.py:153} INFO - Started process (PID=4436) to work on /home/airflow/.local/lib/python3.7/site-packages/airflow/example_dags/example_branch_operator_decorator.py
[2022-08-23 00:08:55,388] {processor.py:641} INFO - Processing file /home/airflow/.local/lib/python3.7/site-packages/airflow/example_dags/example_branch_operator_decorator.py for tasks to queue
[2022-08-23 00:08:55,390] {logging_mixin.py:115} INFO - [2022-08-23 00:08:55,389] {dagbag.py:507} INFO - Filling up the DagBag from /home/airflow/.local/lib/python3.7/site-packages/airflow/example_dags/example_branch_operator_decorator.py
[2022-08-23 00:08:55,409] {processor.py:651} INFO - DAG(s) dict_keys(['example_branch_python_operator_decorator']) retrieved from /home/airflow/.local/lib/python3.7/site-packages/airflow/example_dags/example_branch_operator_decorator.py
[2022-08-23 00:08:55,443] {logging_mixin.py:115} INFO - [2022-08-23 00:08:55,443] {dag.py:2371} INFO - Sync 1 DAGs
[2022-08-23 00:08:55,576] {logging_mixin.py:115} INFO - [2022-08-23 00:08:55,576] {dag.py:2919} INFO - Setting next_dagrun for example_branch_python_operator_decorator to 2022-08-22T00:00:00+00:00, run_after=2022-08-23T00:00:00+00:00
[2022-08-23 00:08:55,589] {processor.py:161} INFO - Processing /home/airflow/.local/lib/python3.7/site-packages/airflow/example_dags/example_branch_operator_decorator.py took 0.206 seconds
[2022-08-23 00:09:26,265] {processor.py:153} INFO - Started process (PID=4513) to work on /home/airflow/.local/lib/python3.7/site-packages/airflow/example_dags/example_branch_operator_decorator.py
[2022-08-23 00:09:26,266] {processor.py:641} INFO - Processing file /home/airflow/.local/lib/python3.7/site-packages/airflow/example_dags/example_branch_operator_decorator.py for tasks to queue
[2022-08-23 00:09:26,267] {logging_mixin.py:115} INFO - [2022-08-23 00:09:26,267] {dagbag.py:507} INFO - Filling up the DagBag from /home/airflow/.local/lib/python3.7/site-packages/airflow/example_dags/example_branch_operator_decorator.py
[2022-08-23 00:09:26,286] {processor.py:651} INFO - DAG(s) dict_keys(['example_branch_python_operator_decorator']) retrieved from /home/airflow/.local/lib/python3.7/site-packages/airflow/example_dags/example_branch_operator_decorator.py
[2022-08-23 00:09:26,314] {logging_mixin.py:115} INFO - [2022-08-23 00:09:26,314] {dag.py:2371} INFO - Sync 1 DAGs
[2022-08-23 00:09:26,453] {logging_mixin.py:115} INFO - [2022-08-23 00:09:26,453] {dag.py:2919} INFO - Setting next_dagrun for example_branch_python_operator_decorator to 2022-08-22T00:00:00+00:00, run_after=2022-08-23T00:00:00+00:00
[2022-08-23 00:09:26,466] {processor.py:161} INFO - Processing /home/airflow/.local/lib/python3.7/site-packages/airflow/example_dags/example_branch_operator_decorator.py took 0.204 seconds
[2022-08-23 00:09:56,835] {processor.py:153} INFO - Started process (PID=4590) to work on /home/airflow/.local/lib/python3.7/site-packages/airflow/example_dags/example_branch_operator_decorator.py
[2022-08-23 00:09:56,836] {processor.py:641} INFO - Processing file /home/airflow/.local/lib/python3.7/site-packages/airflow/example_dags/example_branch_operator_decorator.py for tasks to queue
[2022-08-23 00:09:56,837] {logging_mixin.py:115} INFO - [2022-08-23 00:09:56,837] {dagbag.py:507} INFO - Filling up the DagBag from /home/airflow/.local/lib/python3.7/site-packages/airflow/example_dags/example_branch_operator_decorator.py
[2022-08-23 00:09:56,856] {processor.py:651} INFO - DAG(s) dict_keys(['example_branch_python_operator_decorator']) retrieved from /home/airflow/.local/lib/python3.7/site-packages/airflow/example_dags/example_branch_operator_decorator.py
[2022-08-23 00:09:56,884] {logging_mixin.py:115} INFO - [2022-08-23 00:09:56,884] {dag.py:2371} INFO - Sync 1 DAGs
[2022-08-23 00:09:57,020] {logging_mixin.py:115} INFO - [2022-08-23 00:09:57,020] {dag.py:2919} INFO - Setting next_dagrun for example_branch_python_operator_decorator to 2022-08-22T00:00:00+00:00, run_after=2022-08-23T00:00:00+00:00
[2022-08-23 00:09:57,033] {processor.py:161} INFO - Processing /home/airflow/.local/lib/python3.7/site-packages/airflow/example_dags/example_branch_operator_decorator.py took 0.202 seconds
[2022-08-23 00:10:27,524] {processor.py:153} INFO - Started process (PID=4667) to work on /home/airflow/.local/lib/python3.7/site-packages/airflow/example_dags/example_branch_operator_decorator.py
[2022-08-23 00:10:27,525] {processor.py:641} INFO - Processing file /home/airflow/.local/lib/python3.7/site-packages/airflow/example_dags/example_branch_operator_decorator.py for tasks to queue
[2022-08-23 00:10:27,526] {logging_mixin.py:115} INFO - [2022-08-23 00:10:27,526] {dagbag.py:507} INFO - Filling up the DagBag from /home/airflow/.local/lib/python3.7/site-packages/airflow/example_dags/example_branch_operator_decorator.py
[2022-08-23 00:10:27,546] {processor.py:651} INFO - DAG(s) dict_keys(['example_branch_python_operator_decorator']) retrieved from /home/airflow/.local/lib/python3.7/site-packages/airflow/example_dags/example_branch_operator_decorator.py
[2022-08-23 00:10:27,572] {logging_mixin.py:115} INFO - [2022-08-23 00:10:27,572] {dag.py:2371} INFO - Sync 1 DAGs
[2022-08-23 00:10:27,709] {logging_mixin.py:115} INFO - [2022-08-23 00:10:27,709] {dag.py:2919} INFO - Setting next_dagrun for example_branch_python_operator_decorator to 2022-08-22T00:00:00+00:00, run_after=2022-08-23T00:00:00+00:00
[2022-08-23 00:10:27,725] {processor.py:161} INFO - Processing /home/airflow/.local/lib/python3.7/site-packages/airflow/example_dags/example_branch_operator_decorator.py took 0.204 seconds
[2022-08-23 00:10:58,052] {processor.py:153} INFO - Started process (PID=4735) to work on /home/airflow/.local/lib/python3.7/site-packages/airflow/example_dags/example_branch_operator_decorator.py
[2022-08-23 00:10:58,053] {processor.py:641} INFO - Processing file /home/airflow/.local/lib/python3.7/site-packages/airflow/example_dags/example_branch_operator_decorator.py for tasks to queue
[2022-08-23 00:10:58,054] {logging_mixin.py:115} INFO - [2022-08-23 00:10:58,054] {dagbag.py:507} INFO - Filling up the DagBag from /home/airflow/.local/lib/python3.7/site-packages/airflow/example_dags/example_branch_operator_decorator.py
[2022-08-23 00:10:58,074] {processor.py:651} INFO - DAG(s) dict_keys(['example_branch_python_operator_decorator']) retrieved from /home/airflow/.local/lib/python3.7/site-packages/airflow/example_dags/example_branch_operator_decorator.py
[2022-08-23 00:10:58,106] {logging_mixin.py:115} INFO - [2022-08-23 00:10:58,106] {dag.py:2371} INFO - Sync 1 DAGs
[2022-08-23 00:10:58,244] {logging_mixin.py:115} INFO - [2022-08-23 00:10:58,243] {dag.py:2919} INFO - Setting next_dagrun for example_branch_python_operator_decorator to 2022-08-22T00:00:00+00:00, run_after=2022-08-23T00:00:00+00:00
[2022-08-23 00:10:58,255] {processor.py:161} INFO - Processing /home/airflow/.local/lib/python3.7/site-packages/airflow/example_dags/example_branch_operator_decorator.py took 0.207 seconds
[2022-08-23 00:11:28,993] {processor.py:153} INFO - Started process (PID=4812) to work on /home/airflow/.local/lib/python3.7/site-packages/airflow/example_dags/example_branch_operator_decorator.py
[2022-08-23 00:11:28,994] {processor.py:641} INFO - Processing file /home/airflow/.local/lib/python3.7/site-packages/airflow/example_dags/example_branch_operator_decorator.py for tasks to queue
[2022-08-23 00:11:28,995] {logging_mixin.py:115} INFO - [2022-08-23 00:11:28,995] {dagbag.py:507} INFO - Filling up the DagBag from /home/airflow/.local/lib/python3.7/site-packages/airflow/example_dags/example_branch_operator_decorator.py
[2022-08-23 00:11:29,013] {processor.py:651} INFO - DAG(s) dict_keys(['example_branch_python_operator_decorator']) retrieved from /home/airflow/.local/lib/python3.7/site-packages/airflow/example_dags/example_branch_operator_decorator.py
[2022-08-23 00:11:29,041] {logging_mixin.py:115} INFO - [2022-08-23 00:11:29,041] {dag.py:2371} INFO - Sync 1 DAGs
[2022-08-23 00:11:29,177] {logging_mixin.py:115} INFO - [2022-08-23 00:11:29,177] {dag.py:2919} INFO - Setting next_dagrun for example_branch_python_operator_decorator to 2022-08-22T00:00:00+00:00, run_after=2022-08-23T00:00:00+00:00
[2022-08-23 00:11:29,189] {processor.py:161} INFO - Processing /home/airflow/.local/lib/python3.7/site-packages/airflow/example_dags/example_branch_operator_decorator.py took 0.200 seconds
[2022-08-23 00:11:59,298] {processor.py:153} INFO - Started process (PID=4889) to work on /home/airflow/.local/lib/python3.7/site-packages/airflow/example_dags/example_branch_operator_decorator.py
[2022-08-23 00:11:59,299] {processor.py:641} INFO - Processing file /home/airflow/.local/lib/python3.7/site-packages/airflow/example_dags/example_branch_operator_decorator.py for tasks to queue
[2022-08-23 00:11:59,300] {logging_mixin.py:115} INFO - [2022-08-23 00:11:59,300] {dagbag.py:507} INFO - Filling up the DagBag from /home/airflow/.local/lib/python3.7/site-packages/airflow/example_dags/example_branch_operator_decorator.py
[2022-08-23 00:11:59,318] {processor.py:651} INFO - DAG(s) dict_keys(['example_branch_python_operator_decorator']) retrieved from /home/airflow/.local/lib/python3.7/site-packages/airflow/example_dags/example_branch_operator_decorator.py
[2022-08-23 00:11:59,344] {logging_mixin.py:115} INFO - [2022-08-23 00:11:59,344] {dag.py:2371} INFO - Sync 1 DAGs
[2022-08-23 00:11:59,475] {logging_mixin.py:115} INFO - [2022-08-23 00:11:59,475] {dag.py:2919} INFO - Setting next_dagrun for example_branch_python_operator_decorator to 2022-08-22T00:00:00+00:00, run_after=2022-08-23T00:00:00+00:00
[2022-08-23 00:11:59,487] {processor.py:161} INFO - Processing /home/airflow/.local/lib/python3.7/site-packages/airflow/example_dags/example_branch_operator_decorator.py took 0.192 seconds
[2022-08-23 00:12:30,098] {processor.py:153} INFO - Started process (PID=4966) to work on /home/airflow/.local/lib/python3.7/site-packages/airflow/example_dags/example_branch_operator_decorator.py
[2022-08-23 00:12:30,099] {processor.py:641} INFO - Processing file /home/airflow/.local/lib/python3.7/site-packages/airflow/example_dags/example_branch_operator_decorator.py for tasks to queue
[2022-08-23 00:12:30,100] {logging_mixin.py:115} INFO - [2022-08-23 00:12:30,100] {dagbag.py:507} INFO - Filling up the DagBag from /home/airflow/.local/lib/python3.7/site-packages/airflow/example_dags/example_branch_operator_decorator.py
[2022-08-23 00:12:30,119] {processor.py:651} INFO - DAG(s) dict_keys(['example_branch_python_operator_decorator']) retrieved from /home/airflow/.local/lib/python3.7/site-packages/airflow/example_dags/example_branch_operator_decorator.py
[2022-08-23 00:12:30,148] {logging_mixin.py:115} INFO - [2022-08-23 00:12:30,148] {dag.py:2371} INFO - Sync 1 DAGs
[2022-08-23 00:12:30,302] {logging_mixin.py:115} INFO - [2022-08-23 00:12:30,302] {dag.py:2919} INFO - Setting next_dagrun for example_branch_python_operator_decorator to 2022-08-22T00:00:00+00:00, run_after=2022-08-23T00:00:00+00:00
[2022-08-23 00:12:30,316] {processor.py:161} INFO - Processing /home/airflow/.local/lib/python3.7/site-packages/airflow/example_dags/example_branch_operator_decorator.py took 0.222 seconds
[2022-08-23 00:13:00,453] {processor.py:153} INFO - Started process (PID=5034) to work on /home/airflow/.local/lib/python3.7/site-packages/airflow/example_dags/example_branch_operator_decorator.py
[2022-08-23 00:13:00,454] {processor.py:641} INFO - Processing file /home/airflow/.local/lib/python3.7/site-packages/airflow/example_dags/example_branch_operator_decorator.py for tasks to queue
[2022-08-23 00:13:00,456] {logging_mixin.py:115} INFO - [2022-08-23 00:13:00,456] {dagbag.py:507} INFO - Filling up the DagBag from /home/airflow/.local/lib/python3.7/site-packages/airflow/example_dags/example_branch_operator_decorator.py
[2022-08-23 00:13:00,476] {processor.py:651} INFO - DAG(s) dict_keys(['example_branch_python_operator_decorator']) retrieved from /home/airflow/.local/lib/python3.7/site-packages/airflow/example_dags/example_branch_operator_decorator.py
[2022-08-23 00:13:00,505] {logging_mixin.py:115} INFO - [2022-08-23 00:13:00,505] {dag.py:2371} INFO - Sync 1 DAGs
[2022-08-23 00:13:00,644] {logging_mixin.py:115} INFO - [2022-08-23 00:13:00,644] {dag.py:2919} INFO - Setting next_dagrun for example_branch_python_operator_decorator to 2022-08-22T00:00:00+00:00, run_after=2022-08-23T00:00:00+00:00
[2022-08-23 00:13:00,660] {processor.py:161} INFO - Processing /home/airflow/.local/lib/python3.7/site-packages/airflow/example_dags/example_branch_operator_decorator.py took 0.212 seconds
[2022-08-23 00:13:30,906] {processor.py:153} INFO - Started process (PID=5111) to work on /home/airflow/.local/lib/python3.7/site-packages/airflow/example_dags/example_branch_operator_decorator.py
[2022-08-23 00:13:30,908] {processor.py:641} INFO - Processing file /home/airflow/.local/lib/python3.7/site-packages/airflow/example_dags/example_branch_operator_decorator.py for tasks to queue
[2022-08-23 00:13:30,909] {logging_mixin.py:115} INFO - [2022-08-23 00:13:30,909] {dagbag.py:507} INFO - Filling up the DagBag from /home/airflow/.local/lib/python3.7/site-packages/airflow/example_dags/example_branch_operator_decorator.py
[2022-08-23 00:13:30,929] {processor.py:651} INFO - DAG(s) dict_keys(['example_branch_python_operator_decorator']) retrieved from /home/airflow/.local/lib/python3.7/site-packages/airflow/example_dags/example_branch_operator_decorator.py
[2022-08-23 00:13:30,958] {logging_mixin.py:115} INFO - [2022-08-23 00:13:30,958] {dag.py:2371} INFO - Sync 1 DAGs
[2022-08-23 00:13:31,097] {logging_mixin.py:115} INFO - [2022-08-23 00:13:31,097] {dag.py:2919} INFO - Setting next_dagrun for example_branch_python_operator_decorator to 2022-08-22T00:00:00+00:00, run_after=2022-08-23T00:00:00+00:00
[2022-08-23 00:13:31,110] {processor.py:161} INFO - Processing /home/airflow/.local/lib/python3.7/site-packages/airflow/example_dags/example_branch_operator_decorator.py took 0.207 seconds
[2022-08-23 00:14:01,425] {processor.py:153} INFO - Started process (PID=5188) to work on /home/airflow/.local/lib/python3.7/site-packages/airflow/example_dags/example_branch_operator_decorator.py
[2022-08-23 00:14:01,426] {processor.py:641} INFO - Processing file /home/airflow/.local/lib/python3.7/site-packages/airflow/example_dags/example_branch_operator_decorator.py for tasks to queue
[2022-08-23 00:14:01,427] {logging_mixin.py:115} INFO - [2022-08-23 00:14:01,427] {dagbag.py:507} INFO - Filling up the DagBag from /home/airflow/.local/lib/python3.7/site-packages/airflow/example_dags/example_branch_operator_decorator.py
[2022-08-23 00:14:01,447] {processor.py:651} INFO - DAG(s) dict_keys(['example_branch_python_operator_decorator']) retrieved from /home/airflow/.local/lib/python3.7/site-packages/airflow/example_dags/example_branch_operator_decorator.py
[2022-08-23 00:14:01,588] {logging_mixin.py:115} INFO - [2022-08-23 00:14:01,588] {dag.py:2371} INFO - Sync 1 DAGs
[2022-08-23 00:14:01,615] {logging_mixin.py:115} INFO - [2022-08-23 00:14:01,614] {dag.py:2919} INFO - Setting next_dagrun for example_branch_python_operator_decorator to 2022-08-22T00:00:00+00:00, run_after=2022-08-23T00:00:00+00:00
[2022-08-23 00:14:01,627] {processor.py:161} INFO - Processing /home/airflow/.local/lib/python3.7/site-packages/airflow/example_dags/example_branch_operator_decorator.py took 0.206 seconds
[2022-08-23 00:14:32,331] {processor.py:153} INFO - Started process (PID=5256) to work on /home/airflow/.local/lib/python3.7/site-packages/airflow/example_dags/example_branch_operator_decorator.py
[2022-08-23 00:14:32,332] {processor.py:641} INFO - Processing file /home/airflow/.local/lib/python3.7/site-packages/airflow/example_dags/example_branch_operator_decorator.py for tasks to queue
[2022-08-23 00:14:32,334] {logging_mixin.py:115} INFO - [2022-08-23 00:14:32,334] {dagbag.py:507} INFO - Filling up the DagBag from /home/airflow/.local/lib/python3.7/site-packages/airflow/example_dags/example_branch_operator_decorator.py
[2022-08-23 00:14:32,356] {processor.py:651} INFO - DAG(s) dict_keys(['example_branch_python_operator_decorator']) retrieved from /home/airflow/.local/lib/python3.7/site-packages/airflow/example_dags/example_branch_operator_decorator.py
[2022-08-23 00:14:32,499] {logging_mixin.py:115} INFO - [2022-08-23 00:14:32,499] {dag.py:2371} INFO - Sync 1 DAGs
[2022-08-23 00:14:32,523] {logging_mixin.py:115} INFO - [2022-08-23 00:14:32,523] {dag.py:2919} INFO - Setting next_dagrun for example_branch_python_operator_decorator to 2022-08-22T00:00:00+00:00, run_after=2022-08-23T00:00:00+00:00
[2022-08-23 00:14:32,538] {processor.py:161} INFO - Processing /home/airflow/.local/lib/python3.7/site-packages/airflow/example_dags/example_branch_operator_decorator.py took 0.211 seconds
[2022-08-23 00:15:02,767] {processor.py:153} INFO - Started process (PID=5333) to work on /home/airflow/.local/lib/python3.7/site-packages/airflow/example_dags/example_branch_operator_decorator.py
[2022-08-23 00:15:02,768] {processor.py:641} INFO - Processing file /home/airflow/.local/lib/python3.7/site-packages/airflow/example_dags/example_branch_operator_decorator.py for tasks to queue
[2022-08-23 00:15:02,769] {logging_mixin.py:115} INFO - [2022-08-23 00:15:02,769] {dagbag.py:507} INFO - Filling up the DagBag from /home/airflow/.local/lib/python3.7/site-packages/airflow/example_dags/example_branch_operator_decorator.py
[2022-08-23 00:15:02,788] {processor.py:651} INFO - DAG(s) dict_keys(['example_branch_python_operator_decorator']) retrieved from /home/airflow/.local/lib/python3.7/site-packages/airflow/example_dags/example_branch_operator_decorator.py
[2022-08-23 00:15:02,923] {logging_mixin.py:115} INFO - [2022-08-23 00:15:02,923] {dag.py:2371} INFO - Sync 1 DAGs
[2022-08-23 00:15:02,949] {logging_mixin.py:115} INFO - [2022-08-23 00:15:02,949] {dag.py:2919} INFO - Setting next_dagrun for example_branch_python_operator_decorator to 2022-08-22T00:00:00+00:00, run_after=2022-08-23T00:00:00+00:00
[2022-08-23 00:15:02,961] {processor.py:161} INFO - Processing /home/airflow/.local/lib/python3.7/site-packages/airflow/example_dags/example_branch_operator_decorator.py took 0.199 seconds
[2022-08-23 00:15:33,403] {processor.py:153} INFO - Started process (PID=5410) to work on /home/airflow/.local/lib/python3.7/site-packages/airflow/example_dags/example_branch_operator_decorator.py
[2022-08-23 00:15:33,404] {processor.py:641} INFO - Processing file /home/airflow/.local/lib/python3.7/site-packages/airflow/example_dags/example_branch_operator_decorator.py for tasks to queue
[2022-08-23 00:15:33,404] {logging_mixin.py:115} INFO - [2022-08-23 00:15:33,404] {dagbag.py:507} INFO - Filling up the DagBag from /home/airflow/.local/lib/python3.7/site-packages/airflow/example_dags/example_branch_operator_decorator.py
[2022-08-23 00:15:33,424] {processor.py:651} INFO - DAG(s) dict_keys(['example_branch_python_operator_decorator']) retrieved from /home/airflow/.local/lib/python3.7/site-packages/airflow/example_dags/example_branch_operator_decorator.py
[2022-08-23 00:15:33,561] {logging_mixin.py:115} INFO - [2022-08-23 00:15:33,561] {dag.py:2371} INFO - Sync 1 DAGs
[2022-08-23 00:15:33,588] {logging_mixin.py:115} INFO - [2022-08-23 00:15:33,588] {dag.py:2919} INFO - Setting next_dagrun for example_branch_python_operator_decorator to 2022-08-22T00:00:00+00:00, run_after=2022-08-23T00:00:00+00:00
[2022-08-23 00:15:33,600] {processor.py:161} INFO - Processing /home/airflow/.local/lib/python3.7/site-packages/airflow/example_dags/example_branch_operator_decorator.py took 0.201 seconds
[2022-08-23 00:16:03,841] {processor.py:153} INFO - Started process (PID=5484) to work on /home/airflow/.local/lib/python3.7/site-packages/airflow/example_dags/example_branch_operator_decorator.py
[2022-08-23 00:16:03,845] {processor.py:641} INFO - Processing file /home/airflow/.local/lib/python3.7/site-packages/airflow/example_dags/example_branch_operator_decorator.py for tasks to queue
[2022-08-23 00:16:03,847] {logging_mixin.py:115} INFO - [2022-08-23 00:16:03,847] {dagbag.py:507} INFO - Filling up the DagBag from /home/airflow/.local/lib/python3.7/site-packages/airflow/example_dags/example_branch_operator_decorator.py
[2022-08-23 00:16:03,867] {processor.py:651} INFO - DAG(s) dict_keys(['example_branch_python_operator_decorator']) retrieved from /home/airflow/.local/lib/python3.7/site-packages/airflow/example_dags/example_branch_operator_decorator.py
[2022-08-23 00:16:04,001] {logging_mixin.py:115} INFO - [2022-08-23 00:16:04,001] {dag.py:2371} INFO - Sync 1 DAGs
[2022-08-23 00:16:04,027] {logging_mixin.py:115} INFO - [2022-08-23 00:16:04,027] {dag.py:2919} INFO - Setting next_dagrun for example_branch_python_operator_decorator to 2022-08-22T00:00:00+00:00, run_after=2022-08-23T00:00:00+00:00
[2022-08-23 00:16:04,039] {processor.py:161} INFO - Processing /home/airflow/.local/lib/python3.7/site-packages/airflow/example_dags/example_branch_operator_decorator.py took 0.201 seconds
[2022-08-23 00:16:34,075] {processor.py:153} INFO - Started process (PID=5555) to work on /home/airflow/.local/lib/python3.7/site-packages/airflow/example_dags/example_branch_operator_decorator.py
[2022-08-23 00:16:34,077] {processor.py:641} INFO - Processing file /home/airflow/.local/lib/python3.7/site-packages/airflow/example_dags/example_branch_operator_decorator.py for tasks to queue
[2022-08-23 00:16:34,078] {logging_mixin.py:115} INFO - [2022-08-23 00:16:34,078] {dagbag.py:507} INFO - Filling up the DagBag from /home/airflow/.local/lib/python3.7/site-packages/airflow/example_dags/example_branch_operator_decorator.py
[2022-08-23 00:16:34,098] {processor.py:651} INFO - DAG(s) dict_keys(['example_branch_python_operator_decorator']) retrieved from /home/airflow/.local/lib/python3.7/site-packages/airflow/example_dags/example_branch_operator_decorator.py
[2022-08-23 00:16:34,245] {logging_mixin.py:115} INFO - [2022-08-23 00:16:34,244] {dag.py:2371} INFO - Sync 1 DAGs
[2022-08-23 00:16:34,277] {logging_mixin.py:115} INFO - [2022-08-23 00:16:34,277] {dag.py:2919} INFO - Setting next_dagrun for example_branch_python_operator_decorator to 2022-08-22T00:00:00+00:00, run_after=2022-08-23T00:00:00+00:00
[2022-08-23 00:16:34,290] {processor.py:161} INFO - Processing /home/airflow/.local/lib/python3.7/site-packages/airflow/example_dags/example_branch_operator_decorator.py took 0.220 seconds
[2022-08-23 00:17:04,460] {processor.py:153} INFO - Started process (PID=5632) to work on /home/airflow/.local/lib/python3.7/site-packages/airflow/example_dags/example_branch_operator_decorator.py
[2022-08-23 00:17:04,462] {processor.py:641} INFO - Processing file /home/airflow/.local/lib/python3.7/site-packages/airflow/example_dags/example_branch_operator_decorator.py for tasks to queue
[2022-08-23 00:17:04,463] {logging_mixin.py:115} INFO - [2022-08-23 00:17:04,462] {dagbag.py:507} INFO - Filling up the DagBag from /home/airflow/.local/lib/python3.7/site-packages/airflow/example_dags/example_branch_operator_decorator.py
[2022-08-23 00:17:04,481] {processor.py:651} INFO - DAG(s) dict_keys(['example_branch_python_operator_decorator']) retrieved from /home/airflow/.local/lib/python3.7/site-packages/airflow/example_dags/example_branch_operator_decorator.py
[2022-08-23 00:17:04,620] {logging_mixin.py:115} INFO - [2022-08-23 00:17:04,620] {dag.py:2371} INFO - Sync 1 DAGs
[2022-08-23 00:17:04,647] {logging_mixin.py:115} INFO - [2022-08-23 00:17:04,647] {dag.py:2919} INFO - Setting next_dagrun for example_branch_python_operator_decorator to 2022-08-22T00:00:00+00:00, run_after=2022-08-23T00:00:00+00:00
[2022-08-23 00:17:04,659] {processor.py:161} INFO - Processing /home/airflow/.local/lib/python3.7/site-packages/airflow/example_dags/example_branch_operator_decorator.py took 0.202 seconds
[2022-08-23 00:17:34,837] {processor.py:153} INFO - Started process (PID=5709) to work on /home/airflow/.local/lib/python3.7/site-packages/airflow/example_dags/example_branch_operator_decorator.py
[2022-08-23 00:17:34,838] {processor.py:641} INFO - Processing file /home/airflow/.local/lib/python3.7/site-packages/airflow/example_dags/example_branch_operator_decorator.py for tasks to queue
[2022-08-23 00:17:34,839] {logging_mixin.py:115} INFO - [2022-08-23 00:17:34,839] {dagbag.py:507} INFO - Filling up the DagBag from /home/airflow/.local/lib/python3.7/site-packages/airflow/example_dags/example_branch_operator_decorator.py
[2022-08-23 00:17:34,857] {processor.py:651} INFO - DAG(s) dict_keys(['example_branch_python_operator_decorator']) retrieved from /home/airflow/.local/lib/python3.7/site-packages/airflow/example_dags/example_branch_operator_decorator.py
[2022-08-23 00:17:34,997] {logging_mixin.py:115} INFO - [2022-08-23 00:17:34,997] {dag.py:2371} INFO - Sync 1 DAGs
[2022-08-23 00:17:35,024] {logging_mixin.py:115} INFO - [2022-08-23 00:17:35,023] {dag.py:2919} INFO - Setting next_dagrun for example_branch_python_operator_decorator to 2022-08-22T00:00:00+00:00, run_after=2022-08-23T00:00:00+00:00
[2022-08-23 00:17:35,036] {processor.py:161} INFO - Processing /home/airflow/.local/lib/python3.7/site-packages/airflow/example_dags/example_branch_operator_decorator.py took 0.203 seconds
[2022-08-23 00:18:05,642] {processor.py:153} INFO - Started process (PID=5777) to work on /home/airflow/.local/lib/python3.7/site-packages/airflow/example_dags/example_branch_operator_decorator.py
[2022-08-23 00:18:05,643] {processor.py:641} INFO - Processing file /home/airflow/.local/lib/python3.7/site-packages/airflow/example_dags/example_branch_operator_decorator.py for tasks to queue
[2022-08-23 00:18:05,644] {logging_mixin.py:115} INFO - [2022-08-23 00:18:05,644] {dagbag.py:507} INFO - Filling up the DagBag from /home/airflow/.local/lib/python3.7/site-packages/airflow/example_dags/example_branch_operator_decorator.py
[2022-08-23 00:18:05,672] {processor.py:651} INFO - DAG(s) dict_keys(['example_branch_python_operator_decorator']) retrieved from /home/airflow/.local/lib/python3.7/site-packages/airflow/example_dags/example_branch_operator_decorator.py
[2022-08-23 00:18:05,813] {logging_mixin.py:115} INFO - [2022-08-23 00:18:05,813] {dag.py:2371} INFO - Sync 1 DAGs
[2022-08-23 00:18:05,844] {logging_mixin.py:115} INFO - [2022-08-23 00:18:05,843] {dag.py:2919} INFO - Setting next_dagrun for example_branch_python_operator_decorator to 2022-08-22T00:00:00+00:00, run_after=2022-08-23T00:00:00+00:00
[2022-08-23 00:18:05,857] {processor.py:161} INFO - Processing /home/airflow/.local/lib/python3.7/site-packages/airflow/example_dags/example_branch_operator_decorator.py took 0.219 seconds
[2022-08-23 00:18:36,587] {processor.py:153} INFO - Started process (PID=5854) to work on /home/airflow/.local/lib/python3.7/site-packages/airflow/example_dags/example_branch_operator_decorator.py
[2022-08-23 00:18:36,588] {processor.py:641} INFO - Processing file /home/airflow/.local/lib/python3.7/site-packages/airflow/example_dags/example_branch_operator_decorator.py for tasks to queue
[2022-08-23 00:18:36,589] {logging_mixin.py:115} INFO - [2022-08-23 00:18:36,589] {dagbag.py:507} INFO - Filling up the DagBag from /home/airflow/.local/lib/python3.7/site-packages/airflow/example_dags/example_branch_operator_decorator.py
[2022-08-23 00:18:36,607] {processor.py:651} INFO - DAG(s) dict_keys(['example_branch_python_operator_decorator']) retrieved from /home/airflow/.local/lib/python3.7/site-packages/airflow/example_dags/example_branch_operator_decorator.py
[2022-08-23 00:18:36,737] {logging_mixin.py:115} INFO - [2022-08-23 00:18:36,737] {dag.py:2371} INFO - Sync 1 DAGs
[2022-08-23 00:18:36,760] {logging_mixin.py:115} INFO - [2022-08-23 00:18:36,760] {dag.py:2919} INFO - Setting next_dagrun for example_branch_python_operator_decorator to 2022-08-22T00:00:00+00:00, run_after=2022-08-23T00:00:00+00:00
[2022-08-23 00:18:36,771] {processor.py:161} INFO - Processing /home/airflow/.local/lib/python3.7/site-packages/airflow/example_dags/example_branch_operator_decorator.py took 0.187 seconds
[2022-08-23 00:19:06,918] {processor.py:153} INFO - Started process (PID=5931) to work on /home/airflow/.local/lib/python3.7/site-packages/airflow/example_dags/example_branch_operator_decorator.py
[2022-08-23 00:19:06,919] {processor.py:641} INFO - Processing file /home/airflow/.local/lib/python3.7/site-packages/airflow/example_dags/example_branch_operator_decorator.py for tasks to queue
[2022-08-23 00:19:06,920] {logging_mixin.py:115} INFO - [2022-08-23 00:19:06,920] {dagbag.py:507} INFO - Filling up the DagBag from /home/airflow/.local/lib/python3.7/site-packages/airflow/example_dags/example_branch_operator_decorator.py
[2022-08-23 00:19:06,939] {processor.py:651} INFO - DAG(s) dict_keys(['example_branch_python_operator_decorator']) retrieved from /home/airflow/.local/lib/python3.7/site-packages/airflow/example_dags/example_branch_operator_decorator.py
[2022-08-23 00:19:07,087] {logging_mixin.py:115} INFO - [2022-08-23 00:19:07,086] {dag.py:2371} INFO - Sync 1 DAGs
[2022-08-23 00:19:07,110] {logging_mixin.py:115} INFO - [2022-08-23 00:19:07,109] {dag.py:2919} INFO - Setting next_dagrun for example_branch_python_operator_decorator to 2022-08-22T00:00:00+00:00, run_after=2022-08-23T00:00:00+00:00
[2022-08-23 00:19:07,123] {processor.py:161} INFO - Processing /home/airflow/.local/lib/python3.7/site-packages/airflow/example_dags/example_branch_operator_decorator.py took 0.208 seconds
[2022-08-23 00:19:37,278] {processor.py:153} INFO - Started process (PID=5999) to work on /home/airflow/.local/lib/python3.7/site-packages/airflow/example_dags/example_branch_operator_decorator.py
[2022-08-23 00:19:37,280] {processor.py:641} INFO - Processing file /home/airflow/.local/lib/python3.7/site-packages/airflow/example_dags/example_branch_operator_decorator.py for tasks to queue
[2022-08-23 00:19:37,281] {logging_mixin.py:115} INFO - [2022-08-23 00:19:37,281] {dagbag.py:507} INFO - Filling up the DagBag from /home/airflow/.local/lib/python3.7/site-packages/airflow/example_dags/example_branch_operator_decorator.py
[2022-08-23 00:19:37,301] {processor.py:651} INFO - DAG(s) dict_keys(['example_branch_python_operator_decorator']) retrieved from /home/airflow/.local/lib/python3.7/site-packages/airflow/example_dags/example_branch_operator_decorator.py
[2022-08-23 00:19:37,446] {logging_mixin.py:115} INFO - [2022-08-23 00:19:37,446] {dag.py:2371} INFO - Sync 1 DAGs
[2022-08-23 00:19:37,472] {logging_mixin.py:115} INFO - [2022-08-23 00:19:37,472] {dag.py:2919} INFO - Setting next_dagrun for example_branch_python_operator_decorator to 2022-08-22T00:00:00+00:00, run_after=2022-08-23T00:00:00+00:00
[2022-08-23 00:19:37,488] {processor.py:161} INFO - Processing /home/airflow/.local/lib/python3.7/site-packages/airflow/example_dags/example_branch_operator_decorator.py took 0.214 seconds
[2022-08-23 00:20:07,571] {processor.py:153} INFO - Started process (PID=6076) to work on /home/airflow/.local/lib/python3.7/site-packages/airflow/example_dags/example_branch_operator_decorator.py
[2022-08-23 00:20:07,572] {processor.py:641} INFO - Processing file /home/airflow/.local/lib/python3.7/site-packages/airflow/example_dags/example_branch_operator_decorator.py for tasks to queue
[2022-08-23 00:20:07,573] {logging_mixin.py:115} INFO - [2022-08-23 00:20:07,573] {dagbag.py:507} INFO - Filling up the DagBag from /home/airflow/.local/lib/python3.7/site-packages/airflow/example_dags/example_branch_operator_decorator.py
[2022-08-23 00:20:07,593] {processor.py:651} INFO - DAG(s) dict_keys(['example_branch_python_operator_decorator']) retrieved from /home/airflow/.local/lib/python3.7/site-packages/airflow/example_dags/example_branch_operator_decorator.py
[2022-08-23 00:20:07,733] {logging_mixin.py:115} INFO - [2022-08-23 00:20:07,733] {dag.py:2371} INFO - Sync 1 DAGs
[2022-08-23 00:20:07,759] {logging_mixin.py:115} INFO - [2022-08-23 00:20:07,759] {dag.py:2919} INFO - Setting next_dagrun for example_branch_python_operator_decorator to 2022-08-22T00:00:00+00:00, run_after=2022-08-23T00:00:00+00:00
[2022-08-23 00:20:07,771] {processor.py:161} INFO - Processing /home/airflow/.local/lib/python3.7/site-packages/airflow/example_dags/example_branch_operator_decorator.py took 0.203 seconds
[2022-08-23 00:20:38,237] {processor.py:153} INFO - Started process (PID=6153) to work on /home/airflow/.local/lib/python3.7/site-packages/airflow/example_dags/example_branch_operator_decorator.py
[2022-08-23 00:20:38,238] {processor.py:641} INFO - Processing file /home/airflow/.local/lib/python3.7/site-packages/airflow/example_dags/example_branch_operator_decorator.py for tasks to queue
[2022-08-23 00:20:38,239] {logging_mixin.py:115} INFO - [2022-08-23 00:20:38,239] {dagbag.py:507} INFO - Filling up the DagBag from /home/airflow/.local/lib/python3.7/site-packages/airflow/example_dags/example_branch_operator_decorator.py
[2022-08-23 00:20:38,260] {processor.py:651} INFO - DAG(s) dict_keys(['example_branch_python_operator_decorator']) retrieved from /home/airflow/.local/lib/python3.7/site-packages/airflow/example_dags/example_branch_operator_decorator.py
[2022-08-23 00:20:38,396] {logging_mixin.py:115} INFO - [2022-08-23 00:20:38,396] {dag.py:2371} INFO - Sync 1 DAGs
[2022-08-23 00:20:38,422] {logging_mixin.py:115} INFO - [2022-08-23 00:20:38,422] {dag.py:2919} INFO - Setting next_dagrun for example_branch_python_operator_decorator to 2022-08-22T00:00:00+00:00, run_after=2022-08-23T00:00:00+00:00
[2022-08-23 00:20:38,433] {processor.py:161} INFO - Processing /home/airflow/.local/lib/python3.7/site-packages/airflow/example_dags/example_branch_operator_decorator.py took 0.200 seconds
[2022-08-23 00:21:08,713] {processor.py:153} INFO - Started process (PID=6228) to work on /home/airflow/.local/lib/python3.7/site-packages/airflow/example_dags/example_branch_operator_decorator.py
[2022-08-23 00:21:08,714] {processor.py:641} INFO - Processing file /home/airflow/.local/lib/python3.7/site-packages/airflow/example_dags/example_branch_operator_decorator.py for tasks to queue
[2022-08-23 00:21:08,715] {logging_mixin.py:115} INFO - [2022-08-23 00:21:08,715] {dagbag.py:507} INFO - Filling up the DagBag from /home/airflow/.local/lib/python3.7/site-packages/airflow/example_dags/example_branch_operator_decorator.py
[2022-08-23 00:21:08,734] {processor.py:651} INFO - DAG(s) dict_keys(['example_branch_python_operator_decorator']) retrieved from /home/airflow/.local/lib/python3.7/site-packages/airflow/example_dags/example_branch_operator_decorator.py
[2022-08-23 00:21:08,868] {logging_mixin.py:115} INFO - [2022-08-23 00:21:08,868] {dag.py:2371} INFO - Sync 1 DAGs
[2022-08-23 00:21:08,892] {logging_mixin.py:115} INFO - [2022-08-23 00:21:08,892] {dag.py:2919} INFO - Setting next_dagrun for example_branch_python_operator_decorator to 2022-08-22T00:00:00+00:00, run_after=2022-08-23T00:00:00+00:00
[2022-08-23 00:21:08,903] {processor.py:161} INFO - Processing /home/airflow/.local/lib/python3.7/site-packages/airflow/example_dags/example_branch_operator_decorator.py took 0.195 seconds
[2022-08-23 00:21:39,125] {processor.py:153} INFO - Started process (PID=6298) to work on /home/airflow/.local/lib/python3.7/site-packages/airflow/example_dags/example_branch_operator_decorator.py
[2022-08-23 00:21:39,126] {processor.py:641} INFO - Processing file /home/airflow/.local/lib/python3.7/site-packages/airflow/example_dags/example_branch_operator_decorator.py for tasks to queue
[2022-08-23 00:21:39,127] {logging_mixin.py:115} INFO - [2022-08-23 00:21:39,127] {dagbag.py:507} INFO - Filling up the DagBag from /home/airflow/.local/lib/python3.7/site-packages/airflow/example_dags/example_branch_operator_decorator.py
[2022-08-23 00:21:39,151] {processor.py:651} INFO - DAG(s) dict_keys(['example_branch_python_operator_decorator']) retrieved from /home/airflow/.local/lib/python3.7/site-packages/airflow/example_dags/example_branch_operator_decorator.py
[2022-08-23 00:21:39,311] {logging_mixin.py:115} INFO - [2022-08-23 00:21:39,310] {dag.py:2371} INFO - Sync 1 DAGs
[2022-08-23 00:21:39,338] {logging_mixin.py:115} INFO - [2022-08-23 00:21:39,338] {dag.py:2919} INFO - Setting next_dagrun for example_branch_python_operator_decorator to 2022-08-22T00:00:00+00:00, run_after=2022-08-23T00:00:00+00:00
[2022-08-23 00:21:39,357] {processor.py:161} INFO - Processing /home/airflow/.local/lib/python3.7/site-packages/airflow/example_dags/example_branch_operator_decorator.py took 0.236 seconds
[2022-08-23 00:22:09,515] {processor.py:153} INFO - Started process (PID=6375) to work on /home/airflow/.local/lib/python3.7/site-packages/airflow/example_dags/example_branch_operator_decorator.py
[2022-08-23 00:22:09,516] {processor.py:641} INFO - Processing file /home/airflow/.local/lib/python3.7/site-packages/airflow/example_dags/example_branch_operator_decorator.py for tasks to queue
[2022-08-23 00:22:09,517] {logging_mixin.py:115} INFO - [2022-08-23 00:22:09,517] {dagbag.py:507} INFO - Filling up the DagBag from /home/airflow/.local/lib/python3.7/site-packages/airflow/example_dags/example_branch_operator_decorator.py
[2022-08-23 00:22:09,534] {processor.py:651} INFO - DAG(s) dict_keys(['example_branch_python_operator_decorator']) retrieved from /home/airflow/.local/lib/python3.7/site-packages/airflow/example_dags/example_branch_operator_decorator.py
[2022-08-23 00:22:09,669] {logging_mixin.py:115} INFO - [2022-08-23 00:22:09,669] {dag.py:2371} INFO - Sync 1 DAGs
[2022-08-23 00:22:09,694] {logging_mixin.py:115} INFO - [2022-08-23 00:22:09,694] {dag.py:2919} INFO - Setting next_dagrun for example_branch_python_operator_decorator to 2022-08-22T00:00:00+00:00, run_after=2022-08-23T00:00:00+00:00
[2022-08-23 00:22:09,705] {processor.py:161} INFO - Processing /home/airflow/.local/lib/python3.7/site-packages/airflow/example_dags/example_branch_operator_decorator.py took 0.193 seconds
[2022-08-23 00:22:39,795] {processor.py:153} INFO - Started process (PID=6452) to work on /home/airflow/.local/lib/python3.7/site-packages/airflow/example_dags/example_branch_operator_decorator.py
[2022-08-23 00:22:39,796] {processor.py:641} INFO - Processing file /home/airflow/.local/lib/python3.7/site-packages/airflow/example_dags/example_branch_operator_decorator.py for tasks to queue
[2022-08-23 00:22:39,797] {logging_mixin.py:115} INFO - [2022-08-23 00:22:39,797] {dagbag.py:507} INFO - Filling up the DagBag from /home/airflow/.local/lib/python3.7/site-packages/airflow/example_dags/example_branch_operator_decorator.py
[2022-08-23 00:22:39,817] {processor.py:651} INFO - DAG(s) dict_keys(['example_branch_python_operator_decorator']) retrieved from /home/airflow/.local/lib/python3.7/site-packages/airflow/example_dags/example_branch_operator_decorator.py
[2022-08-23 00:22:39,958] {logging_mixin.py:115} INFO - [2022-08-23 00:22:39,958] {dag.py:2371} INFO - Sync 1 DAGs
[2022-08-23 00:22:39,983] {logging_mixin.py:115} INFO - [2022-08-23 00:22:39,983] {dag.py:2919} INFO - Setting next_dagrun for example_branch_python_operator_decorator to 2022-08-22T00:00:00+00:00, run_after=2022-08-23T00:00:00+00:00
[2022-08-23 00:22:39,996] {processor.py:161} INFO - Processing /home/airflow/.local/lib/python3.7/site-packages/airflow/example_dags/example_branch_operator_decorator.py took 0.205 seconds
[2022-08-23 00:23:10,520] {processor.py:153} INFO - Started process (PID=6520) to work on /home/airflow/.local/lib/python3.7/site-packages/airflow/example_dags/example_branch_operator_decorator.py
[2022-08-23 00:23:10,521] {processor.py:641} INFO - Processing file /home/airflow/.local/lib/python3.7/site-packages/airflow/example_dags/example_branch_operator_decorator.py for tasks to queue
[2022-08-23 00:23:10,522] {logging_mixin.py:115} INFO - [2022-08-23 00:23:10,522] {dagbag.py:507} INFO - Filling up the DagBag from /home/airflow/.local/lib/python3.7/site-packages/airflow/example_dags/example_branch_operator_decorator.py
[2022-08-23 00:23:10,546] {processor.py:651} INFO - DAG(s) dict_keys(['example_branch_python_operator_decorator']) retrieved from /home/airflow/.local/lib/python3.7/site-packages/airflow/example_dags/example_branch_operator_decorator.py
[2022-08-23 00:23:10,686] {logging_mixin.py:115} INFO - [2022-08-23 00:23:10,686] {dag.py:2371} INFO - Sync 1 DAGs
[2022-08-23 00:23:10,713] {logging_mixin.py:115} INFO - [2022-08-23 00:23:10,713] {dag.py:2919} INFO - Setting next_dagrun for example_branch_python_operator_decorator to 2022-08-22T00:00:00+00:00, run_after=2022-08-23T00:00:00+00:00
[2022-08-23 00:23:10,725] {processor.py:161} INFO - Processing /home/airflow/.local/lib/python3.7/site-packages/airflow/example_dags/example_branch_operator_decorator.py took 0.210 seconds
[2022-08-23 00:23:41,096] {processor.py:153} INFO - Started process (PID=6597) to work on /home/airflow/.local/lib/python3.7/site-packages/airflow/example_dags/example_branch_operator_decorator.py
[2022-08-23 00:23:41,097] {processor.py:641} INFO - Processing file /home/airflow/.local/lib/python3.7/site-packages/airflow/example_dags/example_branch_operator_decorator.py for tasks to queue
[2022-08-23 00:23:41,098] {logging_mixin.py:115} INFO - [2022-08-23 00:23:41,098] {dagbag.py:507} INFO - Filling up the DagBag from /home/airflow/.local/lib/python3.7/site-packages/airflow/example_dags/example_branch_operator_decorator.py
[2022-08-23 00:23:41,240] {processor.py:651} INFO - DAG(s) dict_keys(['example_branch_python_operator_decorator']) retrieved from /home/airflow/.local/lib/python3.7/site-packages/airflow/example_dags/example_branch_operator_decorator.py
[2022-08-23 00:23:41,267] {logging_mixin.py:115} INFO - [2022-08-23 00:23:41,266] {dag.py:2371} INFO - Sync 1 DAGs
[2022-08-23 00:23:41,292] {logging_mixin.py:115} INFO - [2022-08-23 00:23:41,291] {dag.py:2919} INFO - Setting next_dagrun for example_branch_python_operator_decorator to 2022-08-22T00:00:00+00:00, run_after=2022-08-23T00:00:00+00:00
[2022-08-23 00:23:41,302] {processor.py:161} INFO - Processing /home/airflow/.local/lib/python3.7/site-packages/airflow/example_dags/example_branch_operator_decorator.py took 0.210 seconds
[2022-08-23 00:24:11,462] {processor.py:153} INFO - Started process (PID=6675) to work on /home/airflow/.local/lib/python3.7/site-packages/airflow/example_dags/example_branch_operator_decorator.py
[2022-08-23 00:24:11,463] {processor.py:641} INFO - Processing file /home/airflow/.local/lib/python3.7/site-packages/airflow/example_dags/example_branch_operator_decorator.py for tasks to queue
[2022-08-23 00:24:11,464] {logging_mixin.py:115} INFO - [2022-08-23 00:24:11,464] {dagbag.py:507} INFO - Filling up the DagBag from /home/airflow/.local/lib/python3.7/site-packages/airflow/example_dags/example_branch_operator_decorator.py
[2022-08-23 00:24:11,593] {processor.py:651} INFO - DAG(s) dict_keys(['example_branch_python_operator_decorator']) retrieved from /home/airflow/.local/lib/python3.7/site-packages/airflow/example_dags/example_branch_operator_decorator.py
[2022-08-23 00:24:11,618] {logging_mixin.py:115} INFO - [2022-08-23 00:24:11,618] {dag.py:2371} INFO - Sync 1 DAGs
[2022-08-23 00:24:11,644] {logging_mixin.py:115} INFO - [2022-08-23 00:24:11,644] {dag.py:2919} INFO - Setting next_dagrun for example_branch_python_operator_decorator to 2022-08-22T00:00:00+00:00, run_after=2022-08-23T00:00:00+00:00
[2022-08-23 00:24:11,656] {processor.py:161} INFO - Processing /home/airflow/.local/lib/python3.7/site-packages/airflow/example_dags/example_branch_operator_decorator.py took 0.199 seconds
[2022-08-23 00:24:41,894] {processor.py:153} INFO - Started process (PID=6743) to work on /home/airflow/.local/lib/python3.7/site-packages/airflow/example_dags/example_branch_operator_decorator.py
[2022-08-23 00:24:41,895] {processor.py:641} INFO - Processing file /home/airflow/.local/lib/python3.7/site-packages/airflow/example_dags/example_branch_operator_decorator.py for tasks to queue
[2022-08-23 00:24:41,896] {logging_mixin.py:115} INFO - [2022-08-23 00:24:41,896] {dagbag.py:507} INFO - Filling up the DagBag from /home/airflow/.local/lib/python3.7/site-packages/airflow/example_dags/example_branch_operator_decorator.py
[2022-08-23 00:24:42,028] {processor.py:651} INFO - DAG(s) dict_keys(['example_branch_python_operator_decorator']) retrieved from /home/airflow/.local/lib/python3.7/site-packages/airflow/example_dags/example_branch_operator_decorator.py
[2022-08-23 00:24:42,055] {logging_mixin.py:115} INFO - [2022-08-23 00:24:42,055] {dag.py:2371} INFO - Sync 1 DAGs
[2022-08-23 00:24:42,078] {logging_mixin.py:115} INFO - [2022-08-23 00:24:42,078] {dag.py:2919} INFO - Setting next_dagrun for example_branch_python_operator_decorator to 2022-08-22T00:00:00+00:00, run_after=2022-08-23T00:00:00+00:00
[2022-08-23 00:24:42,090] {processor.py:161} INFO - Processing /home/airflow/.local/lib/python3.7/site-packages/airflow/example_dags/example_branch_operator_decorator.py took 0.199 seconds
[2022-08-23 00:25:12,613] {processor.py:153} INFO - Started process (PID=6820) to work on /home/airflow/.local/lib/python3.7/site-packages/airflow/example_dags/example_branch_operator_decorator.py
[2022-08-23 00:25:12,614] {processor.py:641} INFO - Processing file /home/airflow/.local/lib/python3.7/site-packages/airflow/example_dags/example_branch_operator_decorator.py for tasks to queue
[2022-08-23 00:25:12,615] {logging_mixin.py:115} INFO - [2022-08-23 00:25:12,614] {dagbag.py:507} INFO - Filling up the DagBag from /home/airflow/.local/lib/python3.7/site-packages/airflow/example_dags/example_branch_operator_decorator.py
[2022-08-23 00:25:12,744] {processor.py:651} INFO - DAG(s) dict_keys(['example_branch_python_operator_decorator']) retrieved from /home/airflow/.local/lib/python3.7/site-packages/airflow/example_dags/example_branch_operator_decorator.py
[2022-08-23 00:25:12,771] {logging_mixin.py:115} INFO - [2022-08-23 00:25:12,771] {dag.py:2371} INFO - Sync 1 DAGs
[2022-08-23 00:25:12,795] {logging_mixin.py:115} INFO - [2022-08-23 00:25:12,795] {dag.py:2919} INFO - Setting next_dagrun for example_branch_python_operator_decorator to 2022-08-22T00:00:00+00:00, run_after=2022-08-23T00:00:00+00:00
[2022-08-23 00:25:12,806] {processor.py:161} INFO - Processing /home/airflow/.local/lib/python3.7/site-packages/airflow/example_dags/example_branch_operator_decorator.py took 0.197 seconds
[2022-08-23 00:25:43,258] {processor.py:153} INFO - Started process (PID=6897) to work on /home/airflow/.local/lib/python3.7/site-packages/airflow/example_dags/example_branch_operator_decorator.py
[2022-08-23 00:25:43,259] {processor.py:641} INFO - Processing file /home/airflow/.local/lib/python3.7/site-packages/airflow/example_dags/example_branch_operator_decorator.py for tasks to queue
[2022-08-23 00:25:43,260] {logging_mixin.py:115} INFO - [2022-08-23 00:25:43,260] {dagbag.py:507} INFO - Filling up the DagBag from /home/airflow/.local/lib/python3.7/site-packages/airflow/example_dags/example_branch_operator_decorator.py
[2022-08-23 00:25:43,389] {processor.py:651} INFO - DAG(s) dict_keys(['example_branch_python_operator_decorator']) retrieved from /home/airflow/.local/lib/python3.7/site-packages/airflow/example_dags/example_branch_operator_decorator.py
[2022-08-23 00:25:43,414] {logging_mixin.py:115} INFO - [2022-08-23 00:25:43,414] {dag.py:2371} INFO - Sync 1 DAGs
[2022-08-23 00:25:43,437] {logging_mixin.py:115} INFO - [2022-08-23 00:25:43,437] {dag.py:2919} INFO - Setting next_dagrun for example_branch_python_operator_decorator to 2022-08-22T00:00:00+00:00, run_after=2022-08-23T00:00:00+00:00
[2022-08-23 00:25:43,448] {processor.py:161} INFO - Processing /home/airflow/.local/lib/python3.7/site-packages/airflow/example_dags/example_branch_operator_decorator.py took 0.193 seconds
[2022-08-23 00:26:13,725] {processor.py:153} INFO - Started process (PID=6974) to work on /home/airflow/.local/lib/python3.7/site-packages/airflow/example_dags/example_branch_operator_decorator.py
[2022-08-23 00:26:13,726] {processor.py:641} INFO - Processing file /home/airflow/.local/lib/python3.7/site-packages/airflow/example_dags/example_branch_operator_decorator.py for tasks to queue
[2022-08-23 00:26:13,727] {logging_mixin.py:115} INFO - [2022-08-23 00:26:13,727] {dagbag.py:507} INFO - Filling up the DagBag from /home/airflow/.local/lib/python3.7/site-packages/airflow/example_dags/example_branch_operator_decorator.py
[2022-08-23 00:26:13,863] {processor.py:651} INFO - DAG(s) dict_keys(['example_branch_python_operator_decorator']) retrieved from /home/airflow/.local/lib/python3.7/site-packages/airflow/example_dags/example_branch_operator_decorator.py
[2022-08-23 00:26:13,890] {logging_mixin.py:115} INFO - [2022-08-23 00:26:13,890] {dag.py:2371} INFO - Sync 1 DAGs
[2022-08-23 00:26:13,913] {logging_mixin.py:115} INFO - [2022-08-23 00:26:13,913] {dag.py:2919} INFO - Setting next_dagrun for example_branch_python_operator_decorator to 2022-08-22T00:00:00+00:00, run_after=2022-08-23T00:00:00+00:00
[2022-08-23 00:26:13,925] {processor.py:161} INFO - Processing /home/airflow/.local/lib/python3.7/site-packages/airflow/example_dags/example_branch_operator_decorator.py took 0.204 seconds
[2022-08-23 00:26:44,618] {processor.py:153} INFO - Started process (PID=7042) to work on /home/airflow/.local/lib/python3.7/site-packages/airflow/example_dags/example_branch_operator_decorator.py
[2022-08-23 00:26:44,619] {processor.py:641} INFO - Processing file /home/airflow/.local/lib/python3.7/site-packages/airflow/example_dags/example_branch_operator_decorator.py for tasks to queue
[2022-08-23 00:26:44,620] {logging_mixin.py:115} INFO - [2022-08-23 00:26:44,620] {dagbag.py:507} INFO - Filling up the DagBag from /home/airflow/.local/lib/python3.7/site-packages/airflow/example_dags/example_branch_operator_decorator.py
[2022-08-23 00:26:44,751] {processor.py:651} INFO - DAG(s) dict_keys(['example_branch_python_operator_decorator']) retrieved from /home/airflow/.local/lib/python3.7/site-packages/airflow/example_dags/example_branch_operator_decorator.py
[2022-08-23 00:26:44,777] {logging_mixin.py:115} INFO - [2022-08-23 00:26:44,777] {dag.py:2371} INFO - Sync 1 DAGs
[2022-08-23 00:26:44,799] {logging_mixin.py:115} INFO - [2022-08-23 00:26:44,799] {dag.py:2919} INFO - Setting next_dagrun for example_branch_python_operator_decorator to 2022-08-22T00:00:00+00:00, run_after=2022-08-23T00:00:00+00:00
[2022-08-23 00:26:44,809] {processor.py:161} INFO - Processing /home/airflow/.local/lib/python3.7/site-packages/airflow/example_dags/example_branch_operator_decorator.py took 0.195 seconds
[2022-08-23 00:27:14,961] {processor.py:153} INFO - Started process (PID=7119) to work on /home/airflow/.local/lib/python3.7/site-packages/airflow/example_dags/example_branch_operator_decorator.py
[2022-08-23 00:27:14,962] {processor.py:641} INFO - Processing file /home/airflow/.local/lib/python3.7/site-packages/airflow/example_dags/example_branch_operator_decorator.py for tasks to queue
[2022-08-23 00:27:14,965] {logging_mixin.py:115} INFO - [2022-08-23 00:27:14,965] {dagbag.py:507} INFO - Filling up the DagBag from /home/airflow/.local/lib/python3.7/site-packages/airflow/example_dags/example_branch_operator_decorator.py
[2022-08-23 00:27:15,111] {processor.py:651} INFO - DAG(s) dict_keys(['example_branch_python_operator_decorator']) retrieved from /home/airflow/.local/lib/python3.7/site-packages/airflow/example_dags/example_branch_operator_decorator.py
[2022-08-23 00:27:15,142] {logging_mixin.py:115} INFO - [2022-08-23 00:27:15,142] {dag.py:2371} INFO - Sync 1 DAGs
[2022-08-23 00:27:15,166] {logging_mixin.py:115} INFO - [2022-08-23 00:27:15,166] {dag.py:2919} INFO - Setting next_dagrun for example_branch_python_operator_decorator to 2022-08-22T00:00:00+00:00, run_after=2022-08-23T00:00:00+00:00
[2022-08-23 00:27:15,182] {processor.py:161} INFO - Processing /home/airflow/.local/lib/python3.7/site-packages/airflow/example_dags/example_branch_operator_decorator.py took 0.225 seconds
[2022-08-23 00:27:45,684] {processor.py:153} INFO - Started process (PID=7196) to work on /home/airflow/.local/lib/python3.7/site-packages/airflow/example_dags/example_branch_operator_decorator.py
[2022-08-23 00:27:45,686] {processor.py:641} INFO - Processing file /home/airflow/.local/lib/python3.7/site-packages/airflow/example_dags/example_branch_operator_decorator.py for tasks to queue
[2022-08-23 00:27:45,688] {logging_mixin.py:115} INFO - [2022-08-23 00:27:45,688] {dagbag.py:507} INFO - Filling up the DagBag from /home/airflow/.local/lib/python3.7/site-packages/airflow/example_dags/example_branch_operator_decorator.py
[2022-08-23 00:27:45,858] {processor.py:651} INFO - DAG(s) dict_keys(['example_branch_python_operator_decorator']) retrieved from /home/airflow/.local/lib/python3.7/site-packages/airflow/example_dags/example_branch_operator_decorator.py
[2022-08-23 00:27:45,890] {logging_mixin.py:115} INFO - [2022-08-23 00:27:45,890] {dag.py:2371} INFO - Sync 1 DAGs
[2022-08-23 00:27:45,912] {logging_mixin.py:115} INFO - [2022-08-23 00:27:45,912] {dag.py:2919} INFO - Setting next_dagrun for example_branch_python_operator_decorator to 2022-08-22T00:00:00+00:00, run_after=2022-08-23T00:00:00+00:00
[2022-08-23 00:27:45,926] {processor.py:161} INFO - Processing /home/airflow/.local/lib/python3.7/site-packages/airflow/example_dags/example_branch_operator_decorator.py took 0.254 seconds
