[2022-08-23 00:00:16,607] {processor.py:153} INFO - Started process (PID=3195) to work on /home/airflow/.local/lib/python3.7/site-packages/airflow/example_dags/example_time_delta_sensor_async.py
[2022-08-23 00:00:16,608] {processor.py:641} INFO - Processing file /home/airflow/.local/lib/python3.7/site-packages/airflow/example_dags/example_time_delta_sensor_async.py for tasks to queue
[2022-08-23 00:00:16,609] {logging_mixin.py:115} INFO - [2022-08-23 00:00:16,609] {dagbag.py:507} INFO - Filling up the DagBag from /home/airflow/.local/lib/python3.7/site-packages/airflow/example_dags/example_time_delta_sensor_async.py
[2022-08-23 00:00:16,615] {processor.py:651} INFO - DAG(s) dict_keys(['example_time_delta_sensor_async']) retrieved from /home/airflow/.local/lib/python3.7/site-packages/airflow/example_dags/example_time_delta_sensor_async.py
[2022-08-23 00:00:16,979] {logging_mixin.py:115} INFO - [2022-08-23 00:00:16,979] {dag.py:2371} INFO - Sync 1 DAGs
[2022-08-23 00:00:17,002] {logging_mixin.py:115} INFO - [2022-08-23 00:00:17,002] {dag.py:2919} INFO - Setting next_dagrun for example_time_delta_sensor_async to None, run_after=None
[2022-08-23 00:00:17,017] {processor.py:161} INFO - Processing /home/airflow/.local/lib/python3.7/site-packages/airflow/example_dags/example_time_delta_sensor_async.py took 0.413 seconds
[2022-08-23 00:00:47,600] {processor.py:153} INFO - Started process (PID=3263) to work on /home/airflow/.local/lib/python3.7/site-packages/airflow/example_dags/example_time_delta_sensor_async.py
[2022-08-23 00:00:47,601] {processor.py:641} INFO - Processing file /home/airflow/.local/lib/python3.7/site-packages/airflow/example_dags/example_time_delta_sensor_async.py for tasks to queue
[2022-08-23 00:00:47,602] {logging_mixin.py:115} INFO - [2022-08-23 00:00:47,602] {dagbag.py:507} INFO - Filling up the DagBag from /home/airflow/.local/lib/python3.7/site-packages/airflow/example_dags/example_time_delta_sensor_async.py
[2022-08-23 00:00:47,608] {processor.py:651} INFO - DAG(s) dict_keys(['example_time_delta_sensor_async']) retrieved from /home/airflow/.local/lib/python3.7/site-packages/airflow/example_dags/example_time_delta_sensor_async.py
[2022-08-23 00:00:47,981] {logging_mixin.py:115} INFO - [2022-08-23 00:00:47,980] {dag.py:2371} INFO - Sync 1 DAGs
[2022-08-23 00:00:48,000] {logging_mixin.py:115} INFO - [2022-08-23 00:00:48,000] {dag.py:2919} INFO - Setting next_dagrun for example_time_delta_sensor_async to None, run_after=None
[2022-08-23 00:00:48,011] {processor.py:161} INFO - Processing /home/airflow/.local/lib/python3.7/site-packages/airflow/example_dags/example_time_delta_sensor_async.py took 0.414 seconds
[2022-08-23 00:01:18,152] {processor.py:153} INFO - Started process (PID=3341) to work on /home/airflow/.local/lib/python3.7/site-packages/airflow/example_dags/example_time_delta_sensor_async.py
[2022-08-23 00:01:18,153] {processor.py:641} INFO - Processing file /home/airflow/.local/lib/python3.7/site-packages/airflow/example_dags/example_time_delta_sensor_async.py for tasks to queue
[2022-08-23 00:01:18,154] {logging_mixin.py:115} INFO - [2022-08-23 00:01:18,154] {dagbag.py:507} INFO - Filling up the DagBag from /home/airflow/.local/lib/python3.7/site-packages/airflow/example_dags/example_time_delta_sensor_async.py
[2022-08-23 00:01:18,161] {processor.py:651} INFO - DAG(s) dict_keys(['example_time_delta_sensor_async']) retrieved from /home/airflow/.local/lib/python3.7/site-packages/airflow/example_dags/example_time_delta_sensor_async.py
[2022-08-23 00:01:18,546] {logging_mixin.py:115} INFO - [2022-08-23 00:01:18,546] {dag.py:2371} INFO - Sync 1 DAGs
[2022-08-23 00:01:18,566] {logging_mixin.py:115} INFO - [2022-08-23 00:01:18,566] {dag.py:2919} INFO - Setting next_dagrun for example_time_delta_sensor_async to None, run_after=None
[2022-08-23 00:01:18,577] {processor.py:161} INFO - Processing /home/airflow/.local/lib/python3.7/site-packages/airflow/example_dags/example_time_delta_sensor_async.py took 0.429 seconds
[2022-08-23 00:01:49,041] {processor.py:153} INFO - Started process (PID=3420) to work on /home/airflow/.local/lib/python3.7/site-packages/airflow/example_dags/example_time_delta_sensor_async.py
[2022-08-23 00:01:49,042] {processor.py:641} INFO - Processing file /home/airflow/.local/lib/python3.7/site-packages/airflow/example_dags/example_time_delta_sensor_async.py for tasks to queue
[2022-08-23 00:01:49,043] {logging_mixin.py:115} INFO - [2022-08-23 00:01:49,043] {dagbag.py:507} INFO - Filling up the DagBag from /home/airflow/.local/lib/python3.7/site-packages/airflow/example_dags/example_time_delta_sensor_async.py
[2022-08-23 00:01:49,049] {processor.py:651} INFO - DAG(s) dict_keys(['example_time_delta_sensor_async']) retrieved from /home/airflow/.local/lib/python3.7/site-packages/airflow/example_dags/example_time_delta_sensor_async.py
[2022-08-23 00:01:49,404] {logging_mixin.py:115} INFO - [2022-08-23 00:01:49,404] {dag.py:2371} INFO - Sync 1 DAGs
[2022-08-23 00:01:49,426] {logging_mixin.py:115} INFO - [2022-08-23 00:01:49,426] {dag.py:2919} INFO - Setting next_dagrun for example_time_delta_sensor_async to None, run_after=None
[2022-08-23 00:01:49,437] {processor.py:161} INFO - Processing /home/airflow/.local/lib/python3.7/site-packages/airflow/example_dags/example_time_delta_sensor_async.py took 0.400 seconds
[2022-08-23 00:02:20,273] {processor.py:153} INFO - Started process (PID=3498) to work on /home/airflow/.local/lib/python3.7/site-packages/airflow/example_dags/example_time_delta_sensor_async.py
[2022-08-23 00:02:20,274] {processor.py:641} INFO - Processing file /home/airflow/.local/lib/python3.7/site-packages/airflow/example_dags/example_time_delta_sensor_async.py for tasks to queue
[2022-08-23 00:02:20,275] {logging_mixin.py:115} INFO - [2022-08-23 00:02:20,274] {dagbag.py:507} INFO - Filling up the DagBag from /home/airflow/.local/lib/python3.7/site-packages/airflow/example_dags/example_time_delta_sensor_async.py
[2022-08-23 00:02:20,280] {processor.py:651} INFO - DAG(s) dict_keys(['example_time_delta_sensor_async']) retrieved from /home/airflow/.local/lib/python3.7/site-packages/airflow/example_dags/example_time_delta_sensor_async.py
[2022-08-23 00:02:20,644] {logging_mixin.py:115} INFO - [2022-08-23 00:02:20,644] {dag.py:2371} INFO - Sync 1 DAGs
[2022-08-23 00:02:20,663] {logging_mixin.py:115} INFO - [2022-08-23 00:02:20,663] {dag.py:2919} INFO - Setting next_dagrun for example_time_delta_sensor_async to None, run_after=None
[2022-08-23 00:02:20,673] {processor.py:161} INFO - Processing /home/airflow/.local/lib/python3.7/site-packages/airflow/example_dags/example_time_delta_sensor_async.py took 0.404 seconds
[2022-08-23 00:02:50,730] {processor.py:153} INFO - Started process (PID=3566) to work on /home/airflow/.local/lib/python3.7/site-packages/airflow/example_dags/example_time_delta_sensor_async.py
[2022-08-23 00:02:50,732] {processor.py:641} INFO - Processing file /home/airflow/.local/lib/python3.7/site-packages/airflow/example_dags/example_time_delta_sensor_async.py for tasks to queue
[2022-08-23 00:02:50,736] {logging_mixin.py:115} INFO - [2022-08-23 00:02:50,736] {dagbag.py:507} INFO - Filling up the DagBag from /home/airflow/.local/lib/python3.7/site-packages/airflow/example_dags/example_time_delta_sensor_async.py
[2022-08-23 00:02:50,742] {processor.py:651} INFO - DAG(s) dict_keys(['example_time_delta_sensor_async']) retrieved from /home/airflow/.local/lib/python3.7/site-packages/airflow/example_dags/example_time_delta_sensor_async.py
[2022-08-23 00:02:51,097] {logging_mixin.py:115} INFO - [2022-08-23 00:02:51,097] {dag.py:2371} INFO - Sync 1 DAGs
[2022-08-23 00:02:51,116] {logging_mixin.py:115} INFO - [2022-08-23 00:02:51,116] {dag.py:2919} INFO - Setting next_dagrun for example_time_delta_sensor_async to None, run_after=None
[2022-08-23 00:02:51,127] {processor.py:161} INFO - Processing /home/airflow/.local/lib/python3.7/site-packages/airflow/example_dags/example_time_delta_sensor_async.py took 0.402 seconds
[2022-08-23 00:03:21,332] {processor.py:153} INFO - Started process (PID=3643) to work on /home/airflow/.local/lib/python3.7/site-packages/airflow/example_dags/example_time_delta_sensor_async.py
[2022-08-23 00:03:21,333] {processor.py:641} INFO - Processing file /home/airflow/.local/lib/python3.7/site-packages/airflow/example_dags/example_time_delta_sensor_async.py for tasks to queue
[2022-08-23 00:03:21,334] {logging_mixin.py:115} INFO - [2022-08-23 00:03:21,334] {dagbag.py:507} INFO - Filling up the DagBag from /home/airflow/.local/lib/python3.7/site-packages/airflow/example_dags/example_time_delta_sensor_async.py
[2022-08-23 00:03:21,340] {processor.py:651} INFO - DAG(s) dict_keys(['example_time_delta_sensor_async']) retrieved from /home/airflow/.local/lib/python3.7/site-packages/airflow/example_dags/example_time_delta_sensor_async.py
[2022-08-23 00:03:21,713] {logging_mixin.py:115} INFO - [2022-08-23 00:03:21,712] {dag.py:2371} INFO - Sync 1 DAGs
[2022-08-23 00:03:21,732] {logging_mixin.py:115} INFO - [2022-08-23 00:03:21,732] {dag.py:2919} INFO - Setting next_dagrun for example_time_delta_sensor_async to None, run_after=None
[2022-08-23 00:03:21,741] {processor.py:161} INFO - Processing /home/airflow/.local/lib/python3.7/site-packages/airflow/example_dags/example_time_delta_sensor_async.py took 0.413 seconds
[2022-08-23 00:03:52,092] {processor.py:153} INFO - Started process (PID=3720) to work on /home/airflow/.local/lib/python3.7/site-packages/airflow/example_dags/example_time_delta_sensor_async.py
[2022-08-23 00:03:52,093] {processor.py:641} INFO - Processing file /home/airflow/.local/lib/python3.7/site-packages/airflow/example_dags/example_time_delta_sensor_async.py for tasks to queue
[2022-08-23 00:03:52,094] {logging_mixin.py:115} INFO - [2022-08-23 00:03:52,094] {dagbag.py:507} INFO - Filling up the DagBag from /home/airflow/.local/lib/python3.7/site-packages/airflow/example_dags/example_time_delta_sensor_async.py
[2022-08-23 00:03:52,100] {processor.py:651} INFO - DAG(s) dict_keys(['example_time_delta_sensor_async']) retrieved from /home/airflow/.local/lib/python3.7/site-packages/airflow/example_dags/example_time_delta_sensor_async.py
[2022-08-23 00:03:52,480] {logging_mixin.py:115} INFO - [2022-08-23 00:03:52,479] {dag.py:2371} INFO - Sync 1 DAGs
[2022-08-23 00:03:52,500] {logging_mixin.py:115} INFO - [2022-08-23 00:03:52,500] {dag.py:2919} INFO - Setting next_dagrun for example_time_delta_sensor_async to None, run_after=None
[2022-08-23 00:03:52,513] {processor.py:161} INFO - Processing /home/airflow/.local/lib/python3.7/site-packages/airflow/example_dags/example_time_delta_sensor_async.py took 0.424 seconds
[2022-08-23 00:04:22,565] {processor.py:153} INFO - Started process (PID=3797) to work on /home/airflow/.local/lib/python3.7/site-packages/airflow/example_dags/example_time_delta_sensor_async.py
[2022-08-23 00:04:22,566] {processor.py:641} INFO - Processing file /home/airflow/.local/lib/python3.7/site-packages/airflow/example_dags/example_time_delta_sensor_async.py for tasks to queue
[2022-08-23 00:04:22,568] {logging_mixin.py:115} INFO - [2022-08-23 00:04:22,568] {dagbag.py:507} INFO - Filling up the DagBag from /home/airflow/.local/lib/python3.7/site-packages/airflow/example_dags/example_time_delta_sensor_async.py
[2022-08-23 00:04:22,575] {processor.py:651} INFO - DAG(s) dict_keys(['example_time_delta_sensor_async']) retrieved from /home/airflow/.local/lib/python3.7/site-packages/airflow/example_dags/example_time_delta_sensor_async.py
[2022-08-23 00:04:22,956] {logging_mixin.py:115} INFO - [2022-08-23 00:04:22,955] {dag.py:2371} INFO - Sync 1 DAGs
[2022-08-23 00:04:22,976] {logging_mixin.py:115} INFO - [2022-08-23 00:04:22,976] {dag.py:2919} INFO - Setting next_dagrun for example_time_delta_sensor_async to None, run_after=None
[2022-08-23 00:04:22,988] {processor.py:161} INFO - Processing /home/airflow/.local/lib/python3.7/site-packages/airflow/example_dags/example_time_delta_sensor_async.py took 0.428 seconds
[2022-08-23 00:04:53,307] {processor.py:153} INFO - Started process (PID=3865) to work on /home/airflow/.local/lib/python3.7/site-packages/airflow/example_dags/example_time_delta_sensor_async.py
[2022-08-23 00:04:53,308] {processor.py:641} INFO - Processing file /home/airflow/.local/lib/python3.7/site-packages/airflow/example_dags/example_time_delta_sensor_async.py for tasks to queue
[2022-08-23 00:04:53,310] {logging_mixin.py:115} INFO - [2022-08-23 00:04:53,310] {dagbag.py:507} INFO - Filling up the DagBag from /home/airflow/.local/lib/python3.7/site-packages/airflow/example_dags/example_time_delta_sensor_async.py
[2022-08-23 00:04:53,316] {processor.py:651} INFO - DAG(s) dict_keys(['example_time_delta_sensor_async']) retrieved from /home/airflow/.local/lib/python3.7/site-packages/airflow/example_dags/example_time_delta_sensor_async.py
[2022-08-23 00:04:53,737] {logging_mixin.py:115} INFO - [2022-08-23 00:04:53,737] {dag.py:2371} INFO - Sync 1 DAGs
[2022-08-23 00:04:53,756] {logging_mixin.py:115} INFO - [2022-08-23 00:04:53,756] {dag.py:2919} INFO - Setting next_dagrun for example_time_delta_sensor_async to None, run_after=None
[2022-08-23 00:04:53,767] {processor.py:161} INFO - Processing /home/airflow/.local/lib/python3.7/site-packages/airflow/example_dags/example_time_delta_sensor_async.py took 0.464 seconds
[2022-08-23 00:05:23,978] {processor.py:153} INFO - Started process (PID=3942) to work on /home/airflow/.local/lib/python3.7/site-packages/airflow/example_dags/example_time_delta_sensor_async.py
[2022-08-23 00:05:23,980] {processor.py:641} INFO - Processing file /home/airflow/.local/lib/python3.7/site-packages/airflow/example_dags/example_time_delta_sensor_async.py for tasks to queue
[2022-08-23 00:05:23,981] {logging_mixin.py:115} INFO - [2022-08-23 00:05:23,981] {dagbag.py:507} INFO - Filling up the DagBag from /home/airflow/.local/lib/python3.7/site-packages/airflow/example_dags/example_time_delta_sensor_async.py
[2022-08-23 00:05:23,988] {processor.py:651} INFO - DAG(s) dict_keys(['example_time_delta_sensor_async']) retrieved from /home/airflow/.local/lib/python3.7/site-packages/airflow/example_dags/example_time_delta_sensor_async.py
[2022-08-23 00:05:24,374] {logging_mixin.py:115} INFO - [2022-08-23 00:05:24,374] {dag.py:2371} INFO - Sync 1 DAGs
[2022-08-23 00:05:24,395] {logging_mixin.py:115} INFO - [2022-08-23 00:05:24,395] {dag.py:2919} INFO - Setting next_dagrun for example_time_delta_sensor_async to None, run_after=None
[2022-08-23 00:05:24,406] {processor.py:161} INFO - Processing /home/airflow/.local/lib/python3.7/site-packages/airflow/example_dags/example_time_delta_sensor_async.py took 0.433 seconds
[2022-08-23 00:05:54,820] {processor.py:153} INFO - Started process (PID=4019) to work on /home/airflow/.local/lib/python3.7/site-packages/airflow/example_dags/example_time_delta_sensor_async.py
[2022-08-23 00:05:54,820] {processor.py:641} INFO - Processing file /home/airflow/.local/lib/python3.7/site-packages/airflow/example_dags/example_time_delta_sensor_async.py for tasks to queue
[2022-08-23 00:05:54,821] {logging_mixin.py:115} INFO - [2022-08-23 00:05:54,821] {dagbag.py:507} INFO - Filling up the DagBag from /home/airflow/.local/lib/python3.7/site-packages/airflow/example_dags/example_time_delta_sensor_async.py
[2022-08-23 00:05:54,827] {processor.py:651} INFO - DAG(s) dict_keys(['example_time_delta_sensor_async']) retrieved from /home/airflow/.local/lib/python3.7/site-packages/airflow/example_dags/example_time_delta_sensor_async.py
[2022-08-23 00:05:55,200] {logging_mixin.py:115} INFO - [2022-08-23 00:05:55,199] {dag.py:2371} INFO - Sync 1 DAGs
[2022-08-23 00:05:55,219] {logging_mixin.py:115} INFO - [2022-08-23 00:05:55,219] {dag.py:2919} INFO - Setting next_dagrun for example_time_delta_sensor_async to None, run_after=None
[2022-08-23 00:05:55,229] {processor.py:161} INFO - Processing /home/airflow/.local/lib/python3.7/site-packages/airflow/example_dags/example_time_delta_sensor_async.py took 0.413 seconds
[2022-08-23 00:06:25,407] {processor.py:153} INFO - Started process (PID=4087) to work on /home/airflow/.local/lib/python3.7/site-packages/airflow/example_dags/example_time_delta_sensor_async.py
[2022-08-23 00:06:25,408] {processor.py:641} INFO - Processing file /home/airflow/.local/lib/python3.7/site-packages/airflow/example_dags/example_time_delta_sensor_async.py for tasks to queue
[2022-08-23 00:06:25,409] {logging_mixin.py:115} INFO - [2022-08-23 00:06:25,409] {dagbag.py:507} INFO - Filling up the DagBag from /home/airflow/.local/lib/python3.7/site-packages/airflow/example_dags/example_time_delta_sensor_async.py
[2022-08-23 00:06:25,417] {processor.py:651} INFO - DAG(s) dict_keys(['example_time_delta_sensor_async']) retrieved from /home/airflow/.local/lib/python3.7/site-packages/airflow/example_dags/example_time_delta_sensor_async.py
[2022-08-23 00:06:25,809] {logging_mixin.py:115} INFO - [2022-08-23 00:06:25,809] {dag.py:2371} INFO - Sync 1 DAGs
[2022-08-23 00:06:25,830] {logging_mixin.py:115} INFO - [2022-08-23 00:06:25,830] {dag.py:2919} INFO - Setting next_dagrun for example_time_delta_sensor_async to None, run_after=None
[2022-08-23 00:06:25,842] {processor.py:161} INFO - Processing /home/airflow/.local/lib/python3.7/site-packages/airflow/example_dags/example_time_delta_sensor_async.py took 0.440 seconds
[2022-08-23 00:06:56,105] {processor.py:153} INFO - Started process (PID=4164) to work on /home/airflow/.local/lib/python3.7/site-packages/airflow/example_dags/example_time_delta_sensor_async.py
[2022-08-23 00:06:56,106] {processor.py:641} INFO - Processing file /home/airflow/.local/lib/python3.7/site-packages/airflow/example_dags/example_time_delta_sensor_async.py for tasks to queue
[2022-08-23 00:06:56,107] {logging_mixin.py:115} INFO - [2022-08-23 00:06:56,106] {dagbag.py:507} INFO - Filling up the DagBag from /home/airflow/.local/lib/python3.7/site-packages/airflow/example_dags/example_time_delta_sensor_async.py
[2022-08-23 00:06:56,113] {processor.py:651} INFO - DAG(s) dict_keys(['example_time_delta_sensor_async']) retrieved from /home/airflow/.local/lib/python3.7/site-packages/airflow/example_dags/example_time_delta_sensor_async.py
[2022-08-23 00:06:56,512] {logging_mixin.py:115} INFO - [2022-08-23 00:06:56,512] {dag.py:2371} INFO - Sync 1 DAGs
[2022-08-23 00:06:56,533] {logging_mixin.py:115} INFO - [2022-08-23 00:06:56,533] {dag.py:2919} INFO - Setting next_dagrun for example_time_delta_sensor_async to None, run_after=None
[2022-08-23 00:06:56,544] {processor.py:161} INFO - Processing /home/airflow/.local/lib/python3.7/site-packages/airflow/example_dags/example_time_delta_sensor_async.py took 0.443 seconds
[2022-08-23 00:07:26,590] {processor.py:153} INFO - Started process (PID=4241) to work on /home/airflow/.local/lib/python3.7/site-packages/airflow/example_dags/example_time_delta_sensor_async.py
[2022-08-23 00:07:26,591] {processor.py:641} INFO - Processing file /home/airflow/.local/lib/python3.7/site-packages/airflow/example_dags/example_time_delta_sensor_async.py for tasks to queue
[2022-08-23 00:07:26,592] {logging_mixin.py:115} INFO - [2022-08-23 00:07:26,592] {dagbag.py:507} INFO - Filling up the DagBag from /home/airflow/.local/lib/python3.7/site-packages/airflow/example_dags/example_time_delta_sensor_async.py
[2022-08-23 00:07:26,598] {processor.py:651} INFO - DAG(s) dict_keys(['example_time_delta_sensor_async']) retrieved from /home/airflow/.local/lib/python3.7/site-packages/airflow/example_dags/example_time_delta_sensor_async.py
[2022-08-23 00:07:26,975] {logging_mixin.py:115} INFO - [2022-08-23 00:07:26,974] {dag.py:2371} INFO - Sync 1 DAGs
[2022-08-23 00:07:26,995] {logging_mixin.py:115} INFO - [2022-08-23 00:07:26,995] {dag.py:2919} INFO - Setting next_dagrun for example_time_delta_sensor_async to None, run_after=None
[2022-08-23 00:07:27,025] {processor.py:161} INFO - Processing /home/airflow/.local/lib/python3.7/site-packages/airflow/example_dags/example_time_delta_sensor_async.py took 0.438 seconds
[2022-08-23 00:07:57,398] {processor.py:153} INFO - Started process (PID=4309) to work on /home/airflow/.local/lib/python3.7/site-packages/airflow/example_dags/example_time_delta_sensor_async.py
[2022-08-23 00:07:57,399] {processor.py:641} INFO - Processing file /home/airflow/.local/lib/python3.7/site-packages/airflow/example_dags/example_time_delta_sensor_async.py for tasks to queue
[2022-08-23 00:07:57,400] {logging_mixin.py:115} INFO - [2022-08-23 00:07:57,400] {dagbag.py:507} INFO - Filling up the DagBag from /home/airflow/.local/lib/python3.7/site-packages/airflow/example_dags/example_time_delta_sensor_async.py
[2022-08-23 00:07:57,407] {processor.py:651} INFO - DAG(s) dict_keys(['example_time_delta_sensor_async']) retrieved from /home/airflow/.local/lib/python3.7/site-packages/airflow/example_dags/example_time_delta_sensor_async.py
[2022-08-23 00:07:57,805] {logging_mixin.py:115} INFO - [2022-08-23 00:07:57,805] {dag.py:2371} INFO - Sync 1 DAGs
[2022-08-23 00:07:57,826] {logging_mixin.py:115} INFO - [2022-08-23 00:07:57,826] {dag.py:2919} INFO - Setting next_dagrun for example_time_delta_sensor_async to None, run_after=None
[2022-08-23 00:07:57,840] {processor.py:161} INFO - Processing /home/airflow/.local/lib/python3.7/site-packages/airflow/example_dags/example_time_delta_sensor_async.py took 0.446 seconds
[2022-08-23 00:08:28,641] {processor.py:153} INFO - Started process (PID=4386) to work on /home/airflow/.local/lib/python3.7/site-packages/airflow/example_dags/example_time_delta_sensor_async.py
[2022-08-23 00:08:28,663] {processor.py:641} INFO - Processing file /home/airflow/.local/lib/python3.7/site-packages/airflow/example_dags/example_time_delta_sensor_async.py for tasks to queue
[2022-08-23 00:08:28,665] {logging_mixin.py:115} INFO - [2022-08-23 00:08:28,664] {dagbag.py:507} INFO - Filling up the DagBag from /home/airflow/.local/lib/python3.7/site-packages/airflow/example_dags/example_time_delta_sensor_async.py
[2022-08-23 00:08:28,671] {processor.py:651} INFO - DAG(s) dict_keys(['example_time_delta_sensor_async']) retrieved from /home/airflow/.local/lib/python3.7/site-packages/airflow/example_dags/example_time_delta_sensor_async.py
[2022-08-23 00:08:29,252] {logging_mixin.py:115} INFO - [2022-08-23 00:08:29,252] {dag.py:2371} INFO - Sync 1 DAGs
[2022-08-23 00:08:29,277] {logging_mixin.py:115} INFO - [2022-08-23 00:08:29,277] {dag.py:2919} INFO - Setting next_dagrun for example_time_delta_sensor_async to None, run_after=None
[2022-08-23 00:08:29,293] {processor.py:161} INFO - Processing /home/airflow/.local/lib/python3.7/site-packages/airflow/example_dags/example_time_delta_sensor_async.py took 0.657 seconds
[2022-08-23 00:08:59,365] {processor.py:153} INFO - Started process (PID=4464) to work on /home/airflow/.local/lib/python3.7/site-packages/airflow/example_dags/example_time_delta_sensor_async.py
[2022-08-23 00:08:59,366] {processor.py:641} INFO - Processing file /home/airflow/.local/lib/python3.7/site-packages/airflow/example_dags/example_time_delta_sensor_async.py for tasks to queue
[2022-08-23 00:08:59,367] {logging_mixin.py:115} INFO - [2022-08-23 00:08:59,367] {dagbag.py:507} INFO - Filling up the DagBag from /home/airflow/.local/lib/python3.7/site-packages/airflow/example_dags/example_time_delta_sensor_async.py
[2022-08-23 00:08:59,372] {processor.py:651} INFO - DAG(s) dict_keys(['example_time_delta_sensor_async']) retrieved from /home/airflow/.local/lib/python3.7/site-packages/airflow/example_dags/example_time_delta_sensor_async.py
[2022-08-23 00:08:59,737] {logging_mixin.py:115} INFO - [2022-08-23 00:08:59,737] {dag.py:2371} INFO - Sync 1 DAGs
[2022-08-23 00:08:59,754] {logging_mixin.py:115} INFO - [2022-08-23 00:08:59,754] {dag.py:2919} INFO - Setting next_dagrun for example_time_delta_sensor_async to None, run_after=None
[2022-08-23 00:08:59,765] {processor.py:161} INFO - Processing /home/airflow/.local/lib/python3.7/site-packages/airflow/example_dags/example_time_delta_sensor_async.py took 0.403 seconds
[2022-08-23 00:09:30,501] {processor.py:153} INFO - Started process (PID=4541) to work on /home/airflow/.local/lib/python3.7/site-packages/airflow/example_dags/example_time_delta_sensor_async.py
[2022-08-23 00:09:30,503] {processor.py:641} INFO - Processing file /home/airflow/.local/lib/python3.7/site-packages/airflow/example_dags/example_time_delta_sensor_async.py for tasks to queue
[2022-08-23 00:09:30,504] {logging_mixin.py:115} INFO - [2022-08-23 00:09:30,504] {dagbag.py:507} INFO - Filling up the DagBag from /home/airflow/.local/lib/python3.7/site-packages/airflow/example_dags/example_time_delta_sensor_async.py
[2022-08-23 00:09:30,510] {processor.py:651} INFO - DAG(s) dict_keys(['example_time_delta_sensor_async']) retrieved from /home/airflow/.local/lib/python3.7/site-packages/airflow/example_dags/example_time_delta_sensor_async.py
[2022-08-23 00:09:30,907] {logging_mixin.py:115} INFO - [2022-08-23 00:09:30,907] {dag.py:2371} INFO - Sync 1 DAGs
[2022-08-23 00:09:30,927] {logging_mixin.py:115} INFO - [2022-08-23 00:09:30,927] {dag.py:2919} INFO - Setting next_dagrun for example_time_delta_sensor_async to None, run_after=None
[2022-08-23 00:09:30,937] {processor.py:161} INFO - Processing /home/airflow/.local/lib/python3.7/site-packages/airflow/example_dags/example_time_delta_sensor_async.py took 0.442 seconds
[2022-08-23 00:10:01,283] {processor.py:153} INFO - Started process (PID=4609) to work on /home/airflow/.local/lib/python3.7/site-packages/airflow/example_dags/example_time_delta_sensor_async.py
[2022-08-23 00:10:01,284] {processor.py:641} INFO - Processing file /home/airflow/.local/lib/python3.7/site-packages/airflow/example_dags/example_time_delta_sensor_async.py for tasks to queue
[2022-08-23 00:10:01,285] {logging_mixin.py:115} INFO - [2022-08-23 00:10:01,285] {dagbag.py:507} INFO - Filling up the DagBag from /home/airflow/.local/lib/python3.7/site-packages/airflow/example_dags/example_time_delta_sensor_async.py
[2022-08-23 00:10:01,291] {processor.py:651} INFO - DAG(s) dict_keys(['example_time_delta_sensor_async']) retrieved from /home/airflow/.local/lib/python3.7/site-packages/airflow/example_dags/example_time_delta_sensor_async.py
[2022-08-23 00:10:01,691] {logging_mixin.py:115} INFO - [2022-08-23 00:10:01,690] {dag.py:2371} INFO - Sync 1 DAGs
[2022-08-23 00:10:01,710] {logging_mixin.py:115} INFO - [2022-08-23 00:10:01,710] {dag.py:2919} INFO - Setting next_dagrun for example_time_delta_sensor_async to None, run_after=None
[2022-08-23 00:10:01,724] {processor.py:161} INFO - Processing /home/airflow/.local/lib/python3.7/site-packages/airflow/example_dags/example_time_delta_sensor_async.py took 0.447 seconds
[2022-08-23 00:10:31,910] {processor.py:153} INFO - Started process (PID=4686) to work on /home/airflow/.local/lib/python3.7/site-packages/airflow/example_dags/example_time_delta_sensor_async.py
[2022-08-23 00:10:31,911] {processor.py:641} INFO - Processing file /home/airflow/.local/lib/python3.7/site-packages/airflow/example_dags/example_time_delta_sensor_async.py for tasks to queue
[2022-08-23 00:10:31,912] {logging_mixin.py:115} INFO - [2022-08-23 00:10:31,912] {dagbag.py:507} INFO - Filling up the DagBag from /home/airflow/.local/lib/python3.7/site-packages/airflow/example_dags/example_time_delta_sensor_async.py
[2022-08-23 00:10:31,918] {processor.py:651} INFO - DAG(s) dict_keys(['example_time_delta_sensor_async']) retrieved from /home/airflow/.local/lib/python3.7/site-packages/airflow/example_dags/example_time_delta_sensor_async.py
[2022-08-23 00:10:32,300] {logging_mixin.py:115} INFO - [2022-08-23 00:10:32,300] {dag.py:2371} INFO - Sync 1 DAGs
[2022-08-23 00:10:32,319] {logging_mixin.py:115} INFO - [2022-08-23 00:10:32,319] {dag.py:2919} INFO - Setting next_dagrun for example_time_delta_sensor_async to None, run_after=None
[2022-08-23 00:10:32,330] {processor.py:161} INFO - Processing /home/airflow/.local/lib/python3.7/site-packages/airflow/example_dags/example_time_delta_sensor_async.py took 0.424 seconds
[2022-08-23 00:11:02,510] {processor.py:153} INFO - Started process (PID=4763) to work on /home/airflow/.local/lib/python3.7/site-packages/airflow/example_dags/example_time_delta_sensor_async.py
[2022-08-23 00:11:02,511] {processor.py:641} INFO - Processing file /home/airflow/.local/lib/python3.7/site-packages/airflow/example_dags/example_time_delta_sensor_async.py for tasks to queue
[2022-08-23 00:11:02,512] {logging_mixin.py:115} INFO - [2022-08-23 00:11:02,512] {dagbag.py:507} INFO - Filling up the DagBag from /home/airflow/.local/lib/python3.7/site-packages/airflow/example_dags/example_time_delta_sensor_async.py
[2022-08-23 00:11:02,519] {processor.py:651} INFO - DAG(s) dict_keys(['example_time_delta_sensor_async']) retrieved from /home/airflow/.local/lib/python3.7/site-packages/airflow/example_dags/example_time_delta_sensor_async.py
[2022-08-23 00:11:02,920] {logging_mixin.py:115} INFO - [2022-08-23 00:11:02,920] {dag.py:2371} INFO - Sync 1 DAGs
[2022-08-23 00:11:02,939] {logging_mixin.py:115} INFO - [2022-08-23 00:11:02,939] {dag.py:2919} INFO - Setting next_dagrun for example_time_delta_sensor_async to None, run_after=None
[2022-08-23 00:11:02,949] {processor.py:161} INFO - Processing /home/airflow/.local/lib/python3.7/site-packages/airflow/example_dags/example_time_delta_sensor_async.py took 0.443 seconds
[2022-08-23 00:11:33,235] {processor.py:153} INFO - Started process (PID=4831) to work on /home/airflow/.local/lib/python3.7/site-packages/airflow/example_dags/example_time_delta_sensor_async.py
[2022-08-23 00:11:33,236] {processor.py:641} INFO - Processing file /home/airflow/.local/lib/python3.7/site-packages/airflow/example_dags/example_time_delta_sensor_async.py for tasks to queue
[2022-08-23 00:11:33,237] {logging_mixin.py:115} INFO - [2022-08-23 00:11:33,237] {dagbag.py:507} INFO - Filling up the DagBag from /home/airflow/.local/lib/python3.7/site-packages/airflow/example_dags/example_time_delta_sensor_async.py
[2022-08-23 00:11:33,244] {processor.py:651} INFO - DAG(s) dict_keys(['example_time_delta_sensor_async']) retrieved from /home/airflow/.local/lib/python3.7/site-packages/airflow/example_dags/example_time_delta_sensor_async.py
[2022-08-23 00:11:33,641] {logging_mixin.py:115} INFO - [2022-08-23 00:11:33,640] {dag.py:2371} INFO - Sync 1 DAGs
[2022-08-23 00:11:33,661] {logging_mixin.py:115} INFO - [2022-08-23 00:11:33,661] {dag.py:2919} INFO - Setting next_dagrun for example_time_delta_sensor_async to None, run_after=None
[2022-08-23 00:11:33,672] {processor.py:161} INFO - Processing /home/airflow/.local/lib/python3.7/site-packages/airflow/example_dags/example_time_delta_sensor_async.py took 0.442 seconds
[2022-08-23 00:12:03,928] {processor.py:153} INFO - Started process (PID=4910) to work on /home/airflow/.local/lib/python3.7/site-packages/airflow/example_dags/example_time_delta_sensor_async.py
[2022-08-23 00:12:03,929] {processor.py:641} INFO - Processing file /home/airflow/.local/lib/python3.7/site-packages/airflow/example_dags/example_time_delta_sensor_async.py for tasks to queue
[2022-08-23 00:12:03,931] {logging_mixin.py:115} INFO - [2022-08-23 00:12:03,930] {dagbag.py:507} INFO - Filling up the DagBag from /home/airflow/.local/lib/python3.7/site-packages/airflow/example_dags/example_time_delta_sensor_async.py
[2022-08-23 00:12:03,937] {processor.py:651} INFO - DAG(s) dict_keys(['example_time_delta_sensor_async']) retrieved from /home/airflow/.local/lib/python3.7/site-packages/airflow/example_dags/example_time_delta_sensor_async.py
[2022-08-23 00:12:04,319] {logging_mixin.py:115} INFO - [2022-08-23 00:12:04,319] {dag.py:2371} INFO - Sync 1 DAGs
[2022-08-23 00:12:04,339] {logging_mixin.py:115} INFO - [2022-08-23 00:12:04,339] {dag.py:2919} INFO - Setting next_dagrun for example_time_delta_sensor_async to None, run_after=None
[2022-08-23 00:12:04,349] {processor.py:161} INFO - Processing /home/airflow/.local/lib/python3.7/site-packages/airflow/example_dags/example_time_delta_sensor_async.py took 0.424 seconds
[2022-08-23 00:12:34,489] {processor.py:153} INFO - Started process (PID=4988) to work on /home/airflow/.local/lib/python3.7/site-packages/airflow/example_dags/example_time_delta_sensor_async.py
[2022-08-23 00:12:34,491] {processor.py:641} INFO - Processing file /home/airflow/.local/lib/python3.7/site-packages/airflow/example_dags/example_time_delta_sensor_async.py for tasks to queue
[2022-08-23 00:12:34,491] {logging_mixin.py:115} INFO - [2022-08-23 00:12:34,491] {dagbag.py:507} INFO - Filling up the DagBag from /home/airflow/.local/lib/python3.7/site-packages/airflow/example_dags/example_time_delta_sensor_async.py
[2022-08-23 00:12:34,498] {processor.py:651} INFO - DAG(s) dict_keys(['example_time_delta_sensor_async']) retrieved from /home/airflow/.local/lib/python3.7/site-packages/airflow/example_dags/example_time_delta_sensor_async.py
[2022-08-23 00:12:34,892] {logging_mixin.py:115} INFO - [2022-08-23 00:12:34,892] {dag.py:2371} INFO - Sync 1 DAGs
[2022-08-23 00:12:34,920] {logging_mixin.py:115} INFO - [2022-08-23 00:12:34,920] {dag.py:2919} INFO - Setting next_dagrun for example_time_delta_sensor_async to None, run_after=None
[2022-08-23 00:12:34,930] {processor.py:161} INFO - Processing /home/airflow/.local/lib/python3.7/site-packages/airflow/example_dags/example_time_delta_sensor_async.py took 0.445 seconds
[2022-08-23 00:13:05,131] {processor.py:153} INFO - Started process (PID=5062) to work on /home/airflow/.local/lib/python3.7/site-packages/airflow/example_dags/example_time_delta_sensor_async.py
[2022-08-23 00:13:05,133] {processor.py:641} INFO - Processing file /home/airflow/.local/lib/python3.7/site-packages/airflow/example_dags/example_time_delta_sensor_async.py for tasks to queue
[2022-08-23 00:13:05,135] {logging_mixin.py:115} INFO - [2022-08-23 00:13:05,135] {dagbag.py:507} INFO - Filling up the DagBag from /home/airflow/.local/lib/python3.7/site-packages/airflow/example_dags/example_time_delta_sensor_async.py
[2022-08-23 00:13:05,144] {processor.py:651} INFO - DAG(s) dict_keys(['example_time_delta_sensor_async']) retrieved from /home/airflow/.local/lib/python3.7/site-packages/airflow/example_dags/example_time_delta_sensor_async.py
[2022-08-23 00:13:05,550] {logging_mixin.py:115} INFO - [2022-08-23 00:13:05,549] {dag.py:2371} INFO - Sync 1 DAGs
[2022-08-23 00:13:05,572] {logging_mixin.py:115} INFO - [2022-08-23 00:13:05,572] {dag.py:2919} INFO - Setting next_dagrun for example_time_delta_sensor_async to None, run_after=None
[2022-08-23 00:13:05,583] {processor.py:161} INFO - Processing /home/airflow/.local/lib/python3.7/site-packages/airflow/example_dags/example_time_delta_sensor_async.py took 0.461 seconds
[2022-08-23 00:13:36,073] {processor.py:153} INFO - Started process (PID=5130) to work on /home/airflow/.local/lib/python3.7/site-packages/airflow/example_dags/example_time_delta_sensor_async.py
[2022-08-23 00:13:36,074] {processor.py:641} INFO - Processing file /home/airflow/.local/lib/python3.7/site-packages/airflow/example_dags/example_time_delta_sensor_async.py for tasks to queue
[2022-08-23 00:13:36,075] {logging_mixin.py:115} INFO - [2022-08-23 00:13:36,075] {dagbag.py:507} INFO - Filling up the DagBag from /home/airflow/.local/lib/python3.7/site-packages/airflow/example_dags/example_time_delta_sensor_async.py
[2022-08-23 00:13:36,081] {processor.py:651} INFO - DAG(s) dict_keys(['example_time_delta_sensor_async']) retrieved from /home/airflow/.local/lib/python3.7/site-packages/airflow/example_dags/example_time_delta_sensor_async.py
[2022-08-23 00:13:36,477] {logging_mixin.py:115} INFO - [2022-08-23 00:13:36,476] {dag.py:2371} INFO - Sync 1 DAGs
[2022-08-23 00:13:36,497] {logging_mixin.py:115} INFO - [2022-08-23 00:13:36,497] {dag.py:2919} INFO - Setting next_dagrun for example_time_delta_sensor_async to None, run_after=None
[2022-08-23 00:13:36,507] {processor.py:161} INFO - Processing /home/airflow/.local/lib/python3.7/site-packages/airflow/example_dags/example_time_delta_sensor_async.py took 0.437 seconds
[2022-08-23 00:14:06,584] {processor.py:153} INFO - Started process (PID=5207) to work on /home/airflow/.local/lib/python3.7/site-packages/airflow/example_dags/example_time_delta_sensor_async.py
[2022-08-23 00:14:06,585] {processor.py:641} INFO - Processing file /home/airflow/.local/lib/python3.7/site-packages/airflow/example_dags/example_time_delta_sensor_async.py for tasks to queue
[2022-08-23 00:14:06,586] {logging_mixin.py:115} INFO - [2022-08-23 00:14:06,586] {dagbag.py:507} INFO - Filling up the DagBag from /home/airflow/.local/lib/python3.7/site-packages/airflow/example_dags/example_time_delta_sensor_async.py
[2022-08-23 00:14:06,593] {processor.py:651} INFO - DAG(s) dict_keys(['example_time_delta_sensor_async']) retrieved from /home/airflow/.local/lib/python3.7/site-packages/airflow/example_dags/example_time_delta_sensor_async.py
[2022-08-23 00:14:07,023] {logging_mixin.py:115} INFO - [2022-08-23 00:14:07,023] {dag.py:2371} INFO - Sync 1 DAGs
[2022-08-23 00:14:07,058] {logging_mixin.py:115} INFO - [2022-08-23 00:14:07,058] {dag.py:2919} INFO - Setting next_dagrun for example_time_delta_sensor_async to None, run_after=None
[2022-08-23 00:14:07,068] {processor.py:161} INFO - Processing /home/airflow/.local/lib/python3.7/site-packages/airflow/example_dags/example_time_delta_sensor_async.py took 0.488 seconds
[2022-08-23 00:14:37,116] {processor.py:153} INFO - Started process (PID=5284) to work on /home/airflow/.local/lib/python3.7/site-packages/airflow/example_dags/example_time_delta_sensor_async.py
[2022-08-23 00:14:37,135] {processor.py:641} INFO - Processing file /home/airflow/.local/lib/python3.7/site-packages/airflow/example_dags/example_time_delta_sensor_async.py for tasks to queue
[2022-08-23 00:14:37,136] {logging_mixin.py:115} INFO - [2022-08-23 00:14:37,136] {dagbag.py:507} INFO - Filling up the DagBag from /home/airflow/.local/lib/python3.7/site-packages/airflow/example_dags/example_time_delta_sensor_async.py
[2022-08-23 00:14:37,149] {processor.py:651} INFO - DAG(s) dict_keys(['example_time_delta_sensor_async']) retrieved from /home/airflow/.local/lib/python3.7/site-packages/airflow/example_dags/example_time_delta_sensor_async.py
[2022-08-23 00:14:37,568] {logging_mixin.py:115} INFO - [2022-08-23 00:14:37,567] {dag.py:2371} INFO - Sync 1 DAGs
[2022-08-23 00:14:37,590] {logging_mixin.py:115} INFO - [2022-08-23 00:14:37,590] {dag.py:2919} INFO - Setting next_dagrun for example_time_delta_sensor_async to None, run_after=None
[2022-08-23 00:14:37,609] {processor.py:161} INFO - Processing /home/airflow/.local/lib/python3.7/site-packages/airflow/example_dags/example_time_delta_sensor_async.py took 0.498 seconds
[2022-08-23 00:15:08,253] {processor.py:153} INFO - Started process (PID=5359) to work on /home/airflow/.local/lib/python3.7/site-packages/airflow/example_dags/example_time_delta_sensor_async.py
[2022-08-23 00:15:08,254] {processor.py:641} INFO - Processing file /home/airflow/.local/lib/python3.7/site-packages/airflow/example_dags/example_time_delta_sensor_async.py for tasks to queue
[2022-08-23 00:15:08,255] {logging_mixin.py:115} INFO - [2022-08-23 00:15:08,255] {dagbag.py:507} INFO - Filling up the DagBag from /home/airflow/.local/lib/python3.7/site-packages/airflow/example_dags/example_time_delta_sensor_async.py
[2022-08-23 00:15:08,262] {processor.py:651} INFO - DAG(s) dict_keys(['example_time_delta_sensor_async']) retrieved from /home/airflow/.local/lib/python3.7/site-packages/airflow/example_dags/example_time_delta_sensor_async.py
[2022-08-23 00:15:08,648] {logging_mixin.py:115} INFO - [2022-08-23 00:15:08,648] {dag.py:2371} INFO - Sync 1 DAGs
[2022-08-23 00:15:08,671] {logging_mixin.py:115} INFO - [2022-08-23 00:15:08,671] {dag.py:2919} INFO - Setting next_dagrun for example_time_delta_sensor_async to None, run_after=None
[2022-08-23 00:15:08,682] {processor.py:161} INFO - Processing /home/airflow/.local/lib/python3.7/site-packages/airflow/example_dags/example_time_delta_sensor_async.py took 0.433 seconds
[2022-08-23 00:15:38,798] {processor.py:153} INFO - Started process (PID=5429) to work on /home/airflow/.local/lib/python3.7/site-packages/airflow/example_dags/example_time_delta_sensor_async.py
[2022-08-23 00:15:38,799] {processor.py:641} INFO - Processing file /home/airflow/.local/lib/python3.7/site-packages/airflow/example_dags/example_time_delta_sensor_async.py for tasks to queue
[2022-08-23 00:15:38,799] {logging_mixin.py:115} INFO - [2022-08-23 00:15:38,799] {dagbag.py:507} INFO - Filling up the DagBag from /home/airflow/.local/lib/python3.7/site-packages/airflow/example_dags/example_time_delta_sensor_async.py
[2022-08-23 00:15:38,806] {processor.py:651} INFO - DAG(s) dict_keys(['example_time_delta_sensor_async']) retrieved from /home/airflow/.local/lib/python3.7/site-packages/airflow/example_dags/example_time_delta_sensor_async.py
[2022-08-23 00:15:39,177] {logging_mixin.py:115} INFO - [2022-08-23 00:15:39,176] {dag.py:2371} INFO - Sync 1 DAGs
[2022-08-23 00:15:39,196] {logging_mixin.py:115} INFO - [2022-08-23 00:15:39,195] {dag.py:2919} INFO - Setting next_dagrun for example_time_delta_sensor_async to None, run_after=None
[2022-08-23 00:15:39,207] {processor.py:161} INFO - Processing /home/airflow/.local/lib/python3.7/site-packages/airflow/example_dags/example_time_delta_sensor_async.py took 0.413 seconds
[2022-08-23 00:16:09,404] {processor.py:153} INFO - Started process (PID=5507) to work on /home/airflow/.local/lib/python3.7/site-packages/airflow/example_dags/example_time_delta_sensor_async.py
[2022-08-23 00:16:09,405] {processor.py:641} INFO - Processing file /home/airflow/.local/lib/python3.7/site-packages/airflow/example_dags/example_time_delta_sensor_async.py for tasks to queue
[2022-08-23 00:16:09,406] {logging_mixin.py:115} INFO - [2022-08-23 00:16:09,406] {dagbag.py:507} INFO - Filling up the DagBag from /home/airflow/.local/lib/python3.7/site-packages/airflow/example_dags/example_time_delta_sensor_async.py
[2022-08-23 00:16:09,413] {processor.py:651} INFO - DAG(s) dict_keys(['example_time_delta_sensor_async']) retrieved from /home/airflow/.local/lib/python3.7/site-packages/airflow/example_dags/example_time_delta_sensor_async.py
[2022-08-23 00:16:09,793] {logging_mixin.py:115} INFO - [2022-08-23 00:16:09,793] {dag.py:2371} INFO - Sync 1 DAGs
[2022-08-23 00:16:09,813] {logging_mixin.py:115} INFO - [2022-08-23 00:16:09,813] {dag.py:2919} INFO - Setting next_dagrun for example_time_delta_sensor_async to None, run_after=None
[2022-08-23 00:16:09,824] {processor.py:161} INFO - Processing /home/airflow/.local/lib/python3.7/site-packages/airflow/example_dags/example_time_delta_sensor_async.py took 0.425 seconds
[2022-08-23 00:16:40,053] {processor.py:153} INFO - Started process (PID=5585) to work on /home/airflow/.local/lib/python3.7/site-packages/airflow/example_dags/example_time_delta_sensor_async.py
[2022-08-23 00:16:40,056] {processor.py:641} INFO - Processing file /home/airflow/.local/lib/python3.7/site-packages/airflow/example_dags/example_time_delta_sensor_async.py for tasks to queue
[2022-08-23 00:16:40,057] {logging_mixin.py:115} INFO - [2022-08-23 00:16:40,056] {dagbag.py:507} INFO - Filling up the DagBag from /home/airflow/.local/lib/python3.7/site-packages/airflow/example_dags/example_time_delta_sensor_async.py
[2022-08-23 00:16:40,062] {processor.py:651} INFO - DAG(s) dict_keys(['example_time_delta_sensor_async']) retrieved from /home/airflow/.local/lib/python3.7/site-packages/airflow/example_dags/example_time_delta_sensor_async.py
[2022-08-23 00:16:40,510] {logging_mixin.py:115} INFO - [2022-08-23 00:16:40,509] {dag.py:2371} INFO - Sync 1 DAGs
[2022-08-23 00:16:40,534] {logging_mixin.py:115} INFO - [2022-08-23 00:16:40,534] {dag.py:2919} INFO - Setting next_dagrun for example_time_delta_sensor_async to None, run_after=None
[2022-08-23 00:16:40,545] {processor.py:161} INFO - Processing /home/airflow/.local/lib/python3.7/site-packages/airflow/example_dags/example_time_delta_sensor_async.py took 0.496 seconds
[2022-08-23 00:17:10,610] {processor.py:153} INFO - Started process (PID=5654) to work on /home/airflow/.local/lib/python3.7/site-packages/airflow/example_dags/example_time_delta_sensor_async.py
[2022-08-23 00:17:10,611] {processor.py:641} INFO - Processing file /home/airflow/.local/lib/python3.7/site-packages/airflow/example_dags/example_time_delta_sensor_async.py for tasks to queue
[2022-08-23 00:17:10,612] {logging_mixin.py:115} INFO - [2022-08-23 00:17:10,612] {dagbag.py:507} INFO - Filling up the DagBag from /home/airflow/.local/lib/python3.7/site-packages/airflow/example_dags/example_time_delta_sensor_async.py
[2022-08-23 00:17:10,619] {processor.py:651} INFO - DAG(s) dict_keys(['example_time_delta_sensor_async']) retrieved from /home/airflow/.local/lib/python3.7/site-packages/airflow/example_dags/example_time_delta_sensor_async.py
[2022-08-23 00:17:11,050] {logging_mixin.py:115} INFO - [2022-08-23 00:17:11,049] {dag.py:2371} INFO - Sync 1 DAGs
[2022-08-23 00:17:11,073] {logging_mixin.py:115} INFO - [2022-08-23 00:17:11,072] {dag.py:2919} INFO - Setting next_dagrun for example_time_delta_sensor_async to None, run_after=None
[2022-08-23 00:17:11,088] {processor.py:161} INFO - Processing /home/airflow/.local/lib/python3.7/site-packages/airflow/example_dags/example_time_delta_sensor_async.py took 0.483 seconds
[2022-08-23 00:17:41,404] {processor.py:153} INFO - Started process (PID=5729) to work on /home/airflow/.local/lib/python3.7/site-packages/airflow/example_dags/example_time_delta_sensor_async.py
[2022-08-23 00:17:41,405] {processor.py:641} INFO - Processing file /home/airflow/.local/lib/python3.7/site-packages/airflow/example_dags/example_time_delta_sensor_async.py for tasks to queue
[2022-08-23 00:17:41,406] {logging_mixin.py:115} INFO - [2022-08-23 00:17:41,406] {dagbag.py:507} INFO - Filling up the DagBag from /home/airflow/.local/lib/python3.7/site-packages/airflow/example_dags/example_time_delta_sensor_async.py
[2022-08-23 00:17:41,412] {processor.py:651} INFO - DAG(s) dict_keys(['example_time_delta_sensor_async']) retrieved from /home/airflow/.local/lib/python3.7/site-packages/airflow/example_dags/example_time_delta_sensor_async.py
[2022-08-23 00:17:41,812] {logging_mixin.py:115} INFO - [2022-08-23 00:17:41,811] {dag.py:2371} INFO - Sync 1 DAGs
[2022-08-23 00:17:41,829] {logging_mixin.py:115} INFO - [2022-08-23 00:17:41,829] {dag.py:2919} INFO - Setting next_dagrun for example_time_delta_sensor_async to None, run_after=None
[2022-08-23 00:17:41,840] {processor.py:161} INFO - Processing /home/airflow/.local/lib/python3.7/site-packages/airflow/example_dags/example_time_delta_sensor_async.py took 0.439 seconds
[2022-08-23 00:18:12,069] {processor.py:153} INFO - Started process (PID=5806) to work on /home/airflow/.local/lib/python3.7/site-packages/airflow/example_dags/example_time_delta_sensor_async.py
[2022-08-23 00:18:12,069] {processor.py:641} INFO - Processing file /home/airflow/.local/lib/python3.7/site-packages/airflow/example_dags/example_time_delta_sensor_async.py for tasks to queue
[2022-08-23 00:18:12,070] {logging_mixin.py:115} INFO - [2022-08-23 00:18:12,070] {dagbag.py:507} INFO - Filling up the DagBag from /home/airflow/.local/lib/python3.7/site-packages/airflow/example_dags/example_time_delta_sensor_async.py
[2022-08-23 00:18:12,076] {processor.py:651} INFO - DAG(s) dict_keys(['example_time_delta_sensor_async']) retrieved from /home/airflow/.local/lib/python3.7/site-packages/airflow/example_dags/example_time_delta_sensor_async.py
[2022-08-23 00:18:12,671] {logging_mixin.py:115} INFO - [2022-08-23 00:18:12,670] {dag.py:2371} INFO - Sync 1 DAGs
[2022-08-23 00:18:12,692] {logging_mixin.py:115} INFO - [2022-08-23 00:18:12,692] {dag.py:2919} INFO - Setting next_dagrun for example_time_delta_sensor_async to None, run_after=None
[2022-08-23 00:18:12,703] {processor.py:161} INFO - Processing /home/airflow/.local/lib/python3.7/site-packages/airflow/example_dags/example_time_delta_sensor_async.py took 0.638 seconds
[2022-08-23 00:18:42,937] {processor.py:153} INFO - Started process (PID=5883) to work on /home/airflow/.local/lib/python3.7/site-packages/airflow/example_dags/example_time_delta_sensor_async.py
[2022-08-23 00:18:42,938] {processor.py:641} INFO - Processing file /home/airflow/.local/lib/python3.7/site-packages/airflow/example_dags/example_time_delta_sensor_async.py for tasks to queue
[2022-08-23 00:18:42,939] {logging_mixin.py:115} INFO - [2022-08-23 00:18:42,939] {dagbag.py:507} INFO - Filling up the DagBag from /home/airflow/.local/lib/python3.7/site-packages/airflow/example_dags/example_time_delta_sensor_async.py
[2022-08-23 00:18:42,945] {processor.py:651} INFO - DAG(s) dict_keys(['example_time_delta_sensor_async']) retrieved from /home/airflow/.local/lib/python3.7/site-packages/airflow/example_dags/example_time_delta_sensor_async.py
[2022-08-23 00:18:43,328] {logging_mixin.py:115} INFO - [2022-08-23 00:18:43,327] {dag.py:2371} INFO - Sync 1 DAGs
[2022-08-23 00:18:43,347] {logging_mixin.py:115} INFO - [2022-08-23 00:18:43,347] {dag.py:2919} INFO - Setting next_dagrun for example_time_delta_sensor_async to None, run_after=None
[2022-08-23 00:18:43,368] {processor.py:161} INFO - Processing /home/airflow/.local/lib/python3.7/site-packages/airflow/example_dags/example_time_delta_sensor_async.py took 0.435 seconds
[2022-08-23 00:19:13,517] {processor.py:153} INFO - Started process (PID=5945) to work on /home/airflow/.local/lib/python3.7/site-packages/airflow/example_dags/example_time_delta_sensor_async.py
[2022-08-23 00:19:13,518] {processor.py:641} INFO - Processing file /home/airflow/.local/lib/python3.7/site-packages/airflow/example_dags/example_time_delta_sensor_async.py for tasks to queue
[2022-08-23 00:19:13,519] {logging_mixin.py:115} INFO - [2022-08-23 00:19:13,519] {dagbag.py:507} INFO - Filling up the DagBag from /home/airflow/.local/lib/python3.7/site-packages/airflow/example_dags/example_time_delta_sensor_async.py
[2022-08-23 00:19:13,525] {processor.py:651} INFO - DAG(s) dict_keys(['example_time_delta_sensor_async']) retrieved from /home/airflow/.local/lib/python3.7/site-packages/airflow/example_dags/example_time_delta_sensor_async.py
[2022-08-23 00:19:13,911] {logging_mixin.py:115} INFO - [2022-08-23 00:19:13,911] {dag.py:2371} INFO - Sync 1 DAGs
[2022-08-23 00:19:13,933] {logging_mixin.py:115} INFO - [2022-08-23 00:19:13,933] {dag.py:2919} INFO - Setting next_dagrun for example_time_delta_sensor_async to None, run_after=None
[2022-08-23 00:19:13,946] {processor.py:161} INFO - Processing /home/airflow/.local/lib/python3.7/site-packages/airflow/example_dags/example_time_delta_sensor_async.py took 0.432 seconds
[2022-08-23 00:19:44,954] {processor.py:153} INFO - Started process (PID=6022) to work on /home/airflow/.local/lib/python3.7/site-packages/airflow/example_dags/example_time_delta_sensor_async.py
[2022-08-23 00:19:44,956] {processor.py:641} INFO - Processing file /home/airflow/.local/lib/python3.7/site-packages/airflow/example_dags/example_time_delta_sensor_async.py for tasks to queue
[2022-08-23 00:19:44,957] {logging_mixin.py:115} INFO - [2022-08-23 00:19:44,957] {dagbag.py:507} INFO - Filling up the DagBag from /home/airflow/.local/lib/python3.7/site-packages/airflow/example_dags/example_time_delta_sensor_async.py
[2022-08-23 00:19:44,965] {processor.py:651} INFO - DAG(s) dict_keys(['example_time_delta_sensor_async']) retrieved from /home/airflow/.local/lib/python3.7/site-packages/airflow/example_dags/example_time_delta_sensor_async.py
[2022-08-23 00:19:45,369] {logging_mixin.py:115} INFO - [2022-08-23 00:19:45,369] {dag.py:2371} INFO - Sync 1 DAGs
[2022-08-23 00:19:45,387] {logging_mixin.py:115} INFO - [2022-08-23 00:19:45,387] {dag.py:2919} INFO - Setting next_dagrun for example_time_delta_sensor_async to None, run_after=None
[2022-08-23 00:19:45,398] {processor.py:161} INFO - Processing /home/airflow/.local/lib/python3.7/site-packages/airflow/example_dags/example_time_delta_sensor_async.py took 0.448 seconds
[2022-08-23 00:20:16,077] {processor.py:153} INFO - Started process (PID=6099) to work on /home/airflow/.local/lib/python3.7/site-packages/airflow/example_dags/example_time_delta_sensor_async.py
[2022-08-23 00:20:16,078] {processor.py:641} INFO - Processing file /home/airflow/.local/lib/python3.7/site-packages/airflow/example_dags/example_time_delta_sensor_async.py for tasks to queue
[2022-08-23 00:20:16,079] {logging_mixin.py:115} INFO - [2022-08-23 00:20:16,079] {dagbag.py:507} INFO - Filling up the DagBag from /home/airflow/.local/lib/python3.7/site-packages/airflow/example_dags/example_time_delta_sensor_async.py
[2022-08-23 00:20:16,085] {processor.py:651} INFO - DAG(s) dict_keys(['example_time_delta_sensor_async']) retrieved from /home/airflow/.local/lib/python3.7/site-packages/airflow/example_dags/example_time_delta_sensor_async.py
[2022-08-23 00:20:16,461] {logging_mixin.py:115} INFO - [2022-08-23 00:20:16,461] {dag.py:2371} INFO - Sync 1 DAGs
[2022-08-23 00:20:16,480] {logging_mixin.py:115} INFO - [2022-08-23 00:20:16,480] {dag.py:2919} INFO - Setting next_dagrun for example_time_delta_sensor_async to None, run_after=None
[2022-08-23 00:20:16,490] {processor.py:161} INFO - Processing /home/airflow/.local/lib/python3.7/site-packages/airflow/example_dags/example_time_delta_sensor_async.py took 0.417 seconds
[2022-08-23 00:20:46,813] {processor.py:153} INFO - Started process (PID=6176) to work on /home/airflow/.local/lib/python3.7/site-packages/airflow/example_dags/example_time_delta_sensor_async.py
[2022-08-23 00:20:46,814] {processor.py:641} INFO - Processing file /home/airflow/.local/lib/python3.7/site-packages/airflow/example_dags/example_time_delta_sensor_async.py for tasks to queue
[2022-08-23 00:20:46,815] {logging_mixin.py:115} INFO - [2022-08-23 00:20:46,815] {dagbag.py:507} INFO - Filling up the DagBag from /home/airflow/.local/lib/python3.7/site-packages/airflow/example_dags/example_time_delta_sensor_async.py
[2022-08-23 00:20:46,822] {processor.py:651} INFO - DAG(s) dict_keys(['example_time_delta_sensor_async']) retrieved from /home/airflow/.local/lib/python3.7/site-packages/airflow/example_dags/example_time_delta_sensor_async.py
[2022-08-23 00:20:47,198] {logging_mixin.py:115} INFO - [2022-08-23 00:20:47,198] {dag.py:2371} INFO - Sync 1 DAGs
[2022-08-23 00:20:47,220] {logging_mixin.py:115} INFO - [2022-08-23 00:20:47,220] {dag.py:2919} INFO - Setting next_dagrun for example_time_delta_sensor_async to None, run_after=None
[2022-08-23 00:20:47,235] {processor.py:161} INFO - Processing /home/airflow/.local/lib/python3.7/site-packages/airflow/example_dags/example_time_delta_sensor_async.py took 0.426 seconds
[2022-08-23 00:21:18,447] {processor.py:153} INFO - Started process (PID=6245) to work on /home/airflow/.local/lib/python3.7/site-packages/airflow/example_dags/example_time_delta_sensor_async.py
[2022-08-23 00:21:18,449] {processor.py:641} INFO - Processing file /home/airflow/.local/lib/python3.7/site-packages/airflow/example_dags/example_time_delta_sensor_async.py for tasks to queue
[2022-08-23 00:21:18,450] {logging_mixin.py:115} INFO - [2022-08-23 00:21:18,450] {dagbag.py:507} INFO - Filling up the DagBag from /home/airflow/.local/lib/python3.7/site-packages/airflow/example_dags/example_time_delta_sensor_async.py
[2022-08-23 00:21:18,455] {processor.py:651} INFO - DAG(s) dict_keys(['example_time_delta_sensor_async']) retrieved from /home/airflow/.local/lib/python3.7/site-packages/airflow/example_dags/example_time_delta_sensor_async.py
[2022-08-23 00:21:18,831] {logging_mixin.py:115} INFO - [2022-08-23 00:21:18,830] {dag.py:2371} INFO - Sync 1 DAGs
[2022-08-23 00:21:18,851] {logging_mixin.py:115} INFO - [2022-08-23 00:21:18,850] {dag.py:2919} INFO - Setting next_dagrun for example_time_delta_sensor_async to None, run_after=None
[2022-08-23 00:21:18,863] {processor.py:161} INFO - Processing /home/airflow/.local/lib/python3.7/site-packages/airflow/example_dags/example_time_delta_sensor_async.py took 0.419 seconds
[2022-08-23 00:21:49,982] {processor.py:153} INFO - Started process (PID=6321) to work on /home/airflow/.local/lib/python3.7/site-packages/airflow/example_dags/example_time_delta_sensor_async.py
[2022-08-23 00:21:50,009] {processor.py:641} INFO - Processing file /home/airflow/.local/lib/python3.7/site-packages/airflow/example_dags/example_time_delta_sensor_async.py for tasks to queue
[2022-08-23 00:21:50,011] {logging_mixin.py:115} INFO - [2022-08-23 00:21:50,010] {dagbag.py:507} INFO - Filling up the DagBag from /home/airflow/.local/lib/python3.7/site-packages/airflow/example_dags/example_time_delta_sensor_async.py
[2022-08-23 00:21:50,018] {processor.py:651} INFO - DAG(s) dict_keys(['example_time_delta_sensor_async']) retrieved from /home/airflow/.local/lib/python3.7/site-packages/airflow/example_dags/example_time_delta_sensor_async.py
[2022-08-23 00:21:50,381] {logging_mixin.py:115} INFO - [2022-08-23 00:21:50,380] {dag.py:2371} INFO - Sync 1 DAGs
[2022-08-23 00:21:50,401] {logging_mixin.py:115} INFO - [2022-08-23 00:21:50,401] {dag.py:2919} INFO - Setting next_dagrun for example_time_delta_sensor_async to None, run_after=None
[2022-08-23 00:21:50,414] {processor.py:161} INFO - Processing /home/airflow/.local/lib/python3.7/site-packages/airflow/example_dags/example_time_delta_sensor_async.py took 0.435 seconds
[2022-08-23 00:22:20,636] {processor.py:153} INFO - Started process (PID=6396) to work on /home/airflow/.local/lib/python3.7/site-packages/airflow/example_dags/example_time_delta_sensor_async.py
[2022-08-23 00:22:20,638] {processor.py:641} INFO - Processing file /home/airflow/.local/lib/python3.7/site-packages/airflow/example_dags/example_time_delta_sensor_async.py for tasks to queue
[2022-08-23 00:22:20,641] {logging_mixin.py:115} INFO - [2022-08-23 00:22:20,641] {dagbag.py:507} INFO - Filling up the DagBag from /home/airflow/.local/lib/python3.7/site-packages/airflow/example_dags/example_time_delta_sensor_async.py
[2022-08-23 00:22:20,649] {processor.py:651} INFO - DAG(s) dict_keys(['example_time_delta_sensor_async']) retrieved from /home/airflow/.local/lib/python3.7/site-packages/airflow/example_dags/example_time_delta_sensor_async.py
[2022-08-23 00:22:21,033] {logging_mixin.py:115} INFO - [2022-08-23 00:22:21,032] {dag.py:2371} INFO - Sync 1 DAGs
[2022-08-23 00:22:21,051] {logging_mixin.py:115} INFO - [2022-08-23 00:22:21,051] {dag.py:2919} INFO - Setting next_dagrun for example_time_delta_sensor_async to None, run_after=None
[2022-08-23 00:22:21,063] {processor.py:161} INFO - Processing /home/airflow/.local/lib/python3.7/site-packages/airflow/example_dags/example_time_delta_sensor_async.py took 0.430 seconds
[2022-08-23 00:22:51,304] {processor.py:153} INFO - Started process (PID=6473) to work on /home/airflow/.local/lib/python3.7/site-packages/airflow/example_dags/example_time_delta_sensor_async.py
[2022-08-23 00:22:51,305] {processor.py:641} INFO - Processing file /home/airflow/.local/lib/python3.7/site-packages/airflow/example_dags/example_time_delta_sensor_async.py for tasks to queue
[2022-08-23 00:22:51,306] {logging_mixin.py:115} INFO - [2022-08-23 00:22:51,306] {dagbag.py:507} INFO - Filling up the DagBag from /home/airflow/.local/lib/python3.7/site-packages/airflow/example_dags/example_time_delta_sensor_async.py
[2022-08-23 00:22:51,313] {processor.py:651} INFO - DAG(s) dict_keys(['example_time_delta_sensor_async']) retrieved from /home/airflow/.local/lib/python3.7/site-packages/airflow/example_dags/example_time_delta_sensor_async.py
[2022-08-23 00:22:51,769] {logging_mixin.py:115} INFO - [2022-08-23 00:22:51,768] {dag.py:2371} INFO - Sync 1 DAGs
[2022-08-23 00:22:51,789] {logging_mixin.py:115} INFO - [2022-08-23 00:22:51,789] {dag.py:2919} INFO - Setting next_dagrun for example_time_delta_sensor_async to None, run_after=None
[2022-08-23 00:22:51,803] {processor.py:161} INFO - Processing /home/airflow/.local/lib/python3.7/site-packages/airflow/example_dags/example_time_delta_sensor_async.py took 0.503 seconds
[2022-08-23 00:23:21,941] {processor.py:153} INFO - Started process (PID=6541) to work on /home/airflow/.local/lib/python3.7/site-packages/airflow/example_dags/example_time_delta_sensor_async.py
[2022-08-23 00:23:21,944] {processor.py:641} INFO - Processing file /home/airflow/.local/lib/python3.7/site-packages/airflow/example_dags/example_time_delta_sensor_async.py for tasks to queue
[2022-08-23 00:23:21,945] {logging_mixin.py:115} INFO - [2022-08-23 00:23:21,945] {dagbag.py:507} INFO - Filling up the DagBag from /home/airflow/.local/lib/python3.7/site-packages/airflow/example_dags/example_time_delta_sensor_async.py
[2022-08-23 00:23:21,957] {processor.py:651} INFO - DAG(s) dict_keys(['example_time_delta_sensor_async']) retrieved from /home/airflow/.local/lib/python3.7/site-packages/airflow/example_dags/example_time_delta_sensor_async.py
[2022-08-23 00:23:22,376] {logging_mixin.py:115} INFO - [2022-08-23 00:23:22,375] {dag.py:2371} INFO - Sync 1 DAGs
[2022-08-23 00:23:22,395] {logging_mixin.py:115} INFO - [2022-08-23 00:23:22,395] {dag.py:2919} INFO - Setting next_dagrun for example_time_delta_sensor_async to None, run_after=None
[2022-08-23 00:23:22,406] {processor.py:161} INFO - Processing /home/airflow/.local/lib/python3.7/site-packages/airflow/example_dags/example_time_delta_sensor_async.py took 0.470 seconds
[2022-08-23 00:23:52,458] {processor.py:153} INFO - Started process (PID=6618) to work on /home/airflow/.local/lib/python3.7/site-packages/airflow/example_dags/example_time_delta_sensor_async.py
[2022-08-23 00:23:52,459] {processor.py:641} INFO - Processing file /home/airflow/.local/lib/python3.7/site-packages/airflow/example_dags/example_time_delta_sensor_async.py for tasks to queue
[2022-08-23 00:23:52,460] {logging_mixin.py:115} INFO - [2022-08-23 00:23:52,460] {dagbag.py:507} INFO - Filling up the DagBag from /home/airflow/.local/lib/python3.7/site-packages/airflow/example_dags/example_time_delta_sensor_async.py
[2022-08-23 00:23:52,466] {processor.py:651} INFO - DAG(s) dict_keys(['example_time_delta_sensor_async']) retrieved from /home/airflow/.local/lib/python3.7/site-packages/airflow/example_dags/example_time_delta_sensor_async.py
[2022-08-23 00:23:52,847] {logging_mixin.py:115} INFO - [2022-08-23 00:23:52,846] {dag.py:2371} INFO - Sync 1 DAGs
[2022-08-23 00:23:52,865] {logging_mixin.py:115} INFO - [2022-08-23 00:23:52,865] {dag.py:2919} INFO - Setting next_dagrun for example_time_delta_sensor_async to None, run_after=None
[2022-08-23 00:23:52,877] {processor.py:161} INFO - Processing /home/airflow/.local/lib/python3.7/site-packages/airflow/example_dags/example_time_delta_sensor_async.py took 0.422 seconds
[2022-08-23 00:24:23,428] {processor.py:153} INFO - Started process (PID=6697) to work on /home/airflow/.local/lib/python3.7/site-packages/airflow/example_dags/example_time_delta_sensor_async.py
[2022-08-23 00:24:23,429] {processor.py:641} INFO - Processing file /home/airflow/.local/lib/python3.7/site-packages/airflow/example_dags/example_time_delta_sensor_async.py for tasks to queue
[2022-08-23 00:24:23,430] {logging_mixin.py:115} INFO - [2022-08-23 00:24:23,430] {dagbag.py:507} INFO - Filling up the DagBag from /home/airflow/.local/lib/python3.7/site-packages/airflow/example_dags/example_time_delta_sensor_async.py
[2022-08-23 00:24:23,436] {processor.py:651} INFO - DAG(s) dict_keys(['example_time_delta_sensor_async']) retrieved from /home/airflow/.local/lib/python3.7/site-packages/airflow/example_dags/example_time_delta_sensor_async.py
[2022-08-23 00:24:23,825] {logging_mixin.py:115} INFO - [2022-08-23 00:24:23,824] {dag.py:2371} INFO - Sync 1 DAGs
[2022-08-23 00:24:23,842] {logging_mixin.py:115} INFO - [2022-08-23 00:24:23,842] {dag.py:2919} INFO - Setting next_dagrun for example_time_delta_sensor_async to None, run_after=None
[2022-08-23 00:24:23,852] {processor.py:161} INFO - Processing /home/airflow/.local/lib/python3.7/site-packages/airflow/example_dags/example_time_delta_sensor_async.py took 0.427 seconds
[2022-08-23 00:24:54,267] {processor.py:153} INFO - Started process (PID=6771) to work on /home/airflow/.local/lib/python3.7/site-packages/airflow/example_dags/example_time_delta_sensor_async.py
[2022-08-23 00:24:54,268] {processor.py:641} INFO - Processing file /home/airflow/.local/lib/python3.7/site-packages/airflow/example_dags/example_time_delta_sensor_async.py for tasks to queue
[2022-08-23 00:24:54,269] {logging_mixin.py:115} INFO - [2022-08-23 00:24:54,269] {dagbag.py:507} INFO - Filling up the DagBag from /home/airflow/.local/lib/python3.7/site-packages/airflow/example_dags/example_time_delta_sensor_async.py
[2022-08-23 00:24:54,276] {processor.py:651} INFO - DAG(s) dict_keys(['example_time_delta_sensor_async']) retrieved from /home/airflow/.local/lib/python3.7/site-packages/airflow/example_dags/example_time_delta_sensor_async.py
[2022-08-23 00:24:54,675] {logging_mixin.py:115} INFO - [2022-08-23 00:24:54,675] {dag.py:2371} INFO - Sync 1 DAGs
[2022-08-23 00:24:54,694] {logging_mixin.py:115} INFO - [2022-08-23 00:24:54,694] {dag.py:2919} INFO - Setting next_dagrun for example_time_delta_sensor_async to None, run_after=None
[2022-08-23 00:24:54,705] {processor.py:161} INFO - Processing /home/airflow/.local/lib/python3.7/site-packages/airflow/example_dags/example_time_delta_sensor_async.py took 0.442 seconds
[2022-08-23 00:25:25,038] {processor.py:153} INFO - Started process (PID=6842) to work on /home/airflow/.local/lib/python3.7/site-packages/airflow/example_dags/example_time_delta_sensor_async.py
[2022-08-23 00:25:25,040] {processor.py:641} INFO - Processing file /home/airflow/.local/lib/python3.7/site-packages/airflow/example_dags/example_time_delta_sensor_async.py for tasks to queue
[2022-08-23 00:25:25,041] {logging_mixin.py:115} INFO - [2022-08-23 00:25:25,041] {dagbag.py:507} INFO - Filling up the DagBag from /home/airflow/.local/lib/python3.7/site-packages/airflow/example_dags/example_time_delta_sensor_async.py
[2022-08-23 00:25:25,047] {processor.py:651} INFO - DAG(s) dict_keys(['example_time_delta_sensor_async']) retrieved from /home/airflow/.local/lib/python3.7/site-packages/airflow/example_dags/example_time_delta_sensor_async.py
[2022-08-23 00:25:25,460] {logging_mixin.py:115} INFO - [2022-08-23 00:25:25,460] {dag.py:2371} INFO - Sync 1 DAGs
[2022-08-23 00:25:25,483] {logging_mixin.py:115} INFO - [2022-08-23 00:25:25,482] {dag.py:2919} INFO - Setting next_dagrun for example_time_delta_sensor_async to None, run_after=None
[2022-08-23 00:25:25,496] {processor.py:161} INFO - Processing /home/airflow/.local/lib/python3.7/site-packages/airflow/example_dags/example_time_delta_sensor_async.py took 0.462 seconds
[2022-08-23 00:25:55,967] {processor.py:153} INFO - Started process (PID=6918) to work on /home/airflow/.local/lib/python3.7/site-packages/airflow/example_dags/example_time_delta_sensor_async.py
[2022-08-23 00:25:55,969] {processor.py:641} INFO - Processing file /home/airflow/.local/lib/python3.7/site-packages/airflow/example_dags/example_time_delta_sensor_async.py for tasks to queue
[2022-08-23 00:25:55,971] {logging_mixin.py:115} INFO - [2022-08-23 00:25:55,971] {dagbag.py:507} INFO - Filling up the DagBag from /home/airflow/.local/lib/python3.7/site-packages/airflow/example_dags/example_time_delta_sensor_async.py
[2022-08-23 00:25:55,983] {processor.py:651} INFO - DAG(s) dict_keys(['example_time_delta_sensor_async']) retrieved from /home/airflow/.local/lib/python3.7/site-packages/airflow/example_dags/example_time_delta_sensor_async.py
[2022-08-23 00:25:56,384] {logging_mixin.py:115} INFO - [2022-08-23 00:25:56,383] {dag.py:2371} INFO - Sync 1 DAGs
[2022-08-23 00:25:56,403] {logging_mixin.py:115} INFO - [2022-08-23 00:25:56,403] {dag.py:2919} INFO - Setting next_dagrun for example_time_delta_sensor_async to None, run_after=None
[2022-08-23 00:25:56,413] {processor.py:161} INFO - Processing /home/airflow/.local/lib/python3.7/site-packages/airflow/example_dags/example_time_delta_sensor_async.py took 0.452 seconds
[2022-08-23 00:26:26,564] {processor.py:153} INFO - Started process (PID=6995) to work on /home/airflow/.local/lib/python3.7/site-packages/airflow/example_dags/example_time_delta_sensor_async.py
[2022-08-23 00:26:26,564] {processor.py:641} INFO - Processing file /home/airflow/.local/lib/python3.7/site-packages/airflow/example_dags/example_time_delta_sensor_async.py for tasks to queue
[2022-08-23 00:26:26,565] {logging_mixin.py:115} INFO - [2022-08-23 00:26:26,565] {dagbag.py:507} INFO - Filling up the DagBag from /home/airflow/.local/lib/python3.7/site-packages/airflow/example_dags/example_time_delta_sensor_async.py
[2022-08-23 00:26:26,571] {processor.py:651} INFO - DAG(s) dict_keys(['example_time_delta_sensor_async']) retrieved from /home/airflow/.local/lib/python3.7/site-packages/airflow/example_dags/example_time_delta_sensor_async.py
[2022-08-23 00:26:26,938] {logging_mixin.py:115} INFO - [2022-08-23 00:26:26,938] {dag.py:2371} INFO - Sync 1 DAGs
[2022-08-23 00:26:26,958] {logging_mixin.py:115} INFO - [2022-08-23 00:26:26,958] {dag.py:2919} INFO - Setting next_dagrun for example_time_delta_sensor_async to None, run_after=None
[2022-08-23 00:26:26,978] {processor.py:161} INFO - Processing /home/airflow/.local/lib/python3.7/site-packages/airflow/example_dags/example_time_delta_sensor_async.py took 0.417 seconds
[2022-08-23 00:26:57,150] {processor.py:153} INFO - Started process (PID=7063) to work on /home/airflow/.local/lib/python3.7/site-packages/airflow/example_dags/example_time_delta_sensor_async.py
[2022-08-23 00:26:57,152] {processor.py:641} INFO - Processing file /home/airflow/.local/lib/python3.7/site-packages/airflow/example_dags/example_time_delta_sensor_async.py for tasks to queue
[2022-08-23 00:26:57,153] {logging_mixin.py:115} INFO - [2022-08-23 00:26:57,153] {dagbag.py:507} INFO - Filling up the DagBag from /home/airflow/.local/lib/python3.7/site-packages/airflow/example_dags/example_time_delta_sensor_async.py
[2022-08-23 00:26:57,158] {processor.py:651} INFO - DAG(s) dict_keys(['example_time_delta_sensor_async']) retrieved from /home/airflow/.local/lib/python3.7/site-packages/airflow/example_dags/example_time_delta_sensor_async.py
[2022-08-23 00:26:57,537] {logging_mixin.py:115} INFO - [2022-08-23 00:26:57,537] {dag.py:2371} INFO - Sync 1 DAGs
[2022-08-23 00:26:57,557] {logging_mixin.py:115} INFO - [2022-08-23 00:26:57,557] {dag.py:2919} INFO - Setting next_dagrun for example_time_delta_sensor_async to None, run_after=None
[2022-08-23 00:26:57,568] {processor.py:161} INFO - Processing /home/airflow/.local/lib/python3.7/site-packages/airflow/example_dags/example_time_delta_sensor_async.py took 0.420 seconds
[2022-08-23 00:27:27,717] {processor.py:153} INFO - Started process (PID=7140) to work on /home/airflow/.local/lib/python3.7/site-packages/airflow/example_dags/example_time_delta_sensor_async.py
[2022-08-23 00:27:27,718] {processor.py:641} INFO - Processing file /home/airflow/.local/lib/python3.7/site-packages/airflow/example_dags/example_time_delta_sensor_async.py for tasks to queue
[2022-08-23 00:27:27,719] {logging_mixin.py:115} INFO - [2022-08-23 00:27:27,719] {dagbag.py:507} INFO - Filling up the DagBag from /home/airflow/.local/lib/python3.7/site-packages/airflow/example_dags/example_time_delta_sensor_async.py
[2022-08-23 00:27:27,725] {processor.py:651} INFO - DAG(s) dict_keys(['example_time_delta_sensor_async']) retrieved from /home/airflow/.local/lib/python3.7/site-packages/airflow/example_dags/example_time_delta_sensor_async.py
[2022-08-23 00:27:28,078] {logging_mixin.py:115} INFO - [2022-08-23 00:27:28,077] {dag.py:2371} INFO - Sync 1 DAGs
[2022-08-23 00:27:28,101] {logging_mixin.py:115} INFO - [2022-08-23 00:27:28,101] {dag.py:2919} INFO - Setting next_dagrun for example_time_delta_sensor_async to None, run_after=None
[2022-08-23 00:27:28,116] {processor.py:161} INFO - Processing /home/airflow/.local/lib/python3.7/site-packages/airflow/example_dags/example_time_delta_sensor_async.py took 0.403 seconds
