[2022-08-23 00:00:10,647] {processor.py:153} INFO - Started process (PID=3166) to work on /home/airflow/.local/lib/python3.7/site-packages/airflow/example_dags/example_trigger_target_dag.py
[2022-08-23 00:00:10,648] {processor.py:641} INFO - Processing file /home/airflow/.local/lib/python3.7/site-packages/airflow/example_dags/example_trigger_target_dag.py for tasks to queue
[2022-08-23 00:00:10,649] {logging_mixin.py:115} INFO - [2022-08-23 00:00:10,649] {dagbag.py:507} INFO - Filling up the DagBag from /home/airflow/.local/lib/python3.7/site-packages/airflow/example_dags/example_trigger_target_dag.py
[2022-08-23 00:00:10,666] {processor.py:651} INFO - DAG(s) dict_keys(['example_trigger_target_dag']) retrieved from /home/airflow/.local/lib/python3.7/site-packages/airflow/example_dags/example_trigger_target_dag.py
[2022-08-23 00:00:10,691] {logging_mixin.py:115} INFO - [2022-08-23 00:00:10,690] {dag.py:2371} INFO - Sync 1 DAGs
[2022-08-23 00:00:10,712] {logging_mixin.py:115} INFO - [2022-08-23 00:00:10,712] {dag.py:2919} INFO - Setting next_dagrun for example_trigger_target_dag to None, run_after=None
[2022-08-23 00:00:10,824] {processor.py:161} INFO - Processing /home/airflow/.local/lib/python3.7/site-packages/airflow/example_dags/example_trigger_target_dag.py took 0.180 seconds
[2022-08-23 00:00:40,921] {processor.py:153} INFO - Started process (PID=3243) to work on /home/airflow/.local/lib/python3.7/site-packages/airflow/example_dags/example_trigger_target_dag.py
[2022-08-23 00:00:40,922] {processor.py:641} INFO - Processing file /home/airflow/.local/lib/python3.7/site-packages/airflow/example_dags/example_trigger_target_dag.py for tasks to queue
[2022-08-23 00:00:40,923] {logging_mixin.py:115} INFO - [2022-08-23 00:00:40,923] {dagbag.py:507} INFO - Filling up the DagBag from /home/airflow/.local/lib/python3.7/site-packages/airflow/example_dags/example_trigger_target_dag.py
[2022-08-23 00:00:40,939] {processor.py:651} INFO - DAG(s) dict_keys(['example_trigger_target_dag']) retrieved from /home/airflow/.local/lib/python3.7/site-packages/airflow/example_dags/example_trigger_target_dag.py
[2022-08-23 00:00:40,962] {logging_mixin.py:115} INFO - [2022-08-23 00:00:40,962] {dag.py:2371} INFO - Sync 1 DAGs
[2022-08-23 00:00:40,984] {logging_mixin.py:115} INFO - [2022-08-23 00:00:40,984] {dag.py:2919} INFO - Setting next_dagrun for example_trigger_target_dag to None, run_after=None
[2022-08-23 00:00:41,092] {processor.py:161} INFO - Processing /home/airflow/.local/lib/python3.7/site-packages/airflow/example_dags/example_trigger_target_dag.py took 0.175 seconds
[2022-08-23 00:01:11,195] {processor.py:153} INFO - Started process (PID=3312) to work on /home/airflow/.local/lib/python3.7/site-packages/airflow/example_dags/example_trigger_target_dag.py
[2022-08-23 00:01:11,196] {processor.py:641} INFO - Processing file /home/airflow/.local/lib/python3.7/site-packages/airflow/example_dags/example_trigger_target_dag.py for tasks to queue
[2022-08-23 00:01:11,197] {logging_mixin.py:115} INFO - [2022-08-23 00:01:11,197] {dagbag.py:507} INFO - Filling up the DagBag from /home/airflow/.local/lib/python3.7/site-packages/airflow/example_dags/example_trigger_target_dag.py
[2022-08-23 00:01:11,213] {processor.py:651} INFO - DAG(s) dict_keys(['example_trigger_target_dag']) retrieved from /home/airflow/.local/lib/python3.7/site-packages/airflow/example_dags/example_trigger_target_dag.py
[2022-08-23 00:01:11,237] {logging_mixin.py:115} INFO - [2022-08-23 00:01:11,237] {dag.py:2371} INFO - Sync 1 DAGs
[2022-08-23 00:01:11,257] {logging_mixin.py:115} INFO - [2022-08-23 00:01:11,257] {dag.py:2919} INFO - Setting next_dagrun for example_trigger_target_dag to None, run_after=None
[2022-08-23 00:01:11,360] {processor.py:161} INFO - Processing /home/airflow/.local/lib/python3.7/site-packages/airflow/example_dags/example_trigger_target_dag.py took 0.168 seconds
[2022-08-23 00:01:41,612] {processor.py:153} INFO - Started process (PID=3389) to work on /home/airflow/.local/lib/python3.7/site-packages/airflow/example_dags/example_trigger_target_dag.py
[2022-08-23 00:01:41,612] {processor.py:641} INFO - Processing file /home/airflow/.local/lib/python3.7/site-packages/airflow/example_dags/example_trigger_target_dag.py for tasks to queue
[2022-08-23 00:01:41,614] {logging_mixin.py:115} INFO - [2022-08-23 00:01:41,613] {dagbag.py:507} INFO - Filling up the DagBag from /home/airflow/.local/lib/python3.7/site-packages/airflow/example_dags/example_trigger_target_dag.py
[2022-08-23 00:01:41,630] {processor.py:651} INFO - DAG(s) dict_keys(['example_trigger_target_dag']) retrieved from /home/airflow/.local/lib/python3.7/site-packages/airflow/example_dags/example_trigger_target_dag.py
[2022-08-23 00:01:41,654] {logging_mixin.py:115} INFO - [2022-08-23 00:01:41,654] {dag.py:2371} INFO - Sync 1 DAGs
[2022-08-23 00:01:41,676] {logging_mixin.py:115} INFO - [2022-08-23 00:01:41,676] {dag.py:2919} INFO - Setting next_dagrun for example_trigger_target_dag to None, run_after=None
[2022-08-23 00:01:41,798] {processor.py:161} INFO - Processing /home/airflow/.local/lib/python3.7/site-packages/airflow/example_dags/example_trigger_target_dag.py took 0.189 seconds
[2022-08-23 00:02:12,097] {processor.py:153} INFO - Started process (PID=3466) to work on /home/airflow/.local/lib/python3.7/site-packages/airflow/example_dags/example_trigger_target_dag.py
[2022-08-23 00:02:12,098] {processor.py:641} INFO - Processing file /home/airflow/.local/lib/python3.7/site-packages/airflow/example_dags/example_trigger_target_dag.py for tasks to queue
[2022-08-23 00:02:12,099] {logging_mixin.py:115} INFO - [2022-08-23 00:02:12,099] {dagbag.py:507} INFO - Filling up the DagBag from /home/airflow/.local/lib/python3.7/site-packages/airflow/example_dags/example_trigger_target_dag.py
[2022-08-23 00:02:12,114] {processor.py:651} INFO - DAG(s) dict_keys(['example_trigger_target_dag']) retrieved from /home/airflow/.local/lib/python3.7/site-packages/airflow/example_dags/example_trigger_target_dag.py
[2022-08-23 00:02:12,140] {logging_mixin.py:115} INFO - [2022-08-23 00:02:12,140] {dag.py:2371} INFO - Sync 1 DAGs
[2022-08-23 00:02:12,161] {logging_mixin.py:115} INFO - [2022-08-23 00:02:12,161] {dag.py:2919} INFO - Setting next_dagrun for example_trigger_target_dag to None, run_after=None
[2022-08-23 00:02:12,287] {processor.py:161} INFO - Processing /home/airflow/.local/lib/python3.7/site-packages/airflow/example_dags/example_trigger_target_dag.py took 0.193 seconds
[2022-08-23 00:02:42,557] {processor.py:153} INFO - Started process (PID=3542) to work on /home/airflow/.local/lib/python3.7/site-packages/airflow/example_dags/example_trigger_target_dag.py
[2022-08-23 00:02:42,559] {processor.py:641} INFO - Processing file /home/airflow/.local/lib/python3.7/site-packages/airflow/example_dags/example_trigger_target_dag.py for tasks to queue
[2022-08-23 00:02:42,560] {logging_mixin.py:115} INFO - [2022-08-23 00:02:42,560] {dagbag.py:507} INFO - Filling up the DagBag from /home/airflow/.local/lib/python3.7/site-packages/airflow/example_dags/example_trigger_target_dag.py
[2022-08-23 00:02:42,581] {processor.py:651} INFO - DAG(s) dict_keys(['example_trigger_target_dag']) retrieved from /home/airflow/.local/lib/python3.7/site-packages/airflow/example_dags/example_trigger_target_dag.py
[2022-08-23 00:02:42,611] {logging_mixin.py:115} INFO - [2022-08-23 00:02:42,611] {dag.py:2371} INFO - Sync 1 DAGs
[2022-08-23 00:02:42,643] {logging_mixin.py:115} INFO - [2022-08-23 00:02:42,643] {dag.py:2919} INFO - Setting next_dagrun for example_trigger_target_dag to None, run_after=None
[2022-08-23 00:02:42,757] {processor.py:161} INFO - Processing /home/airflow/.local/lib/python3.7/site-packages/airflow/example_dags/example_trigger_target_dag.py took 0.204 seconds
[2022-08-23 00:03:13,054] {processor.py:153} INFO - Started process (PID=3611) to work on /home/airflow/.local/lib/python3.7/site-packages/airflow/example_dags/example_trigger_target_dag.py
[2022-08-23 00:03:13,055] {processor.py:641} INFO - Processing file /home/airflow/.local/lib/python3.7/site-packages/airflow/example_dags/example_trigger_target_dag.py for tasks to queue
[2022-08-23 00:03:13,056] {logging_mixin.py:115} INFO - [2022-08-23 00:03:13,056] {dagbag.py:507} INFO - Filling up the DagBag from /home/airflow/.local/lib/python3.7/site-packages/airflow/example_dags/example_trigger_target_dag.py
[2022-08-23 00:03:13,072] {processor.py:651} INFO - DAG(s) dict_keys(['example_trigger_target_dag']) retrieved from /home/airflow/.local/lib/python3.7/site-packages/airflow/example_dags/example_trigger_target_dag.py
[2022-08-23 00:03:13,096] {logging_mixin.py:115} INFO - [2022-08-23 00:03:13,096] {dag.py:2371} INFO - Sync 1 DAGs
[2022-08-23 00:03:13,118] {logging_mixin.py:115} INFO - [2022-08-23 00:03:13,118] {dag.py:2919} INFO - Setting next_dagrun for example_trigger_target_dag to None, run_after=None
[2022-08-23 00:03:13,236] {processor.py:161} INFO - Processing /home/airflow/.local/lib/python3.7/site-packages/airflow/example_dags/example_trigger_target_dag.py took 0.186 seconds
[2022-08-23 00:03:43,510] {processor.py:153} INFO - Started process (PID=3687) to work on /home/airflow/.local/lib/python3.7/site-packages/airflow/example_dags/example_trigger_target_dag.py
[2022-08-23 00:03:43,511] {processor.py:641} INFO - Processing file /home/airflow/.local/lib/python3.7/site-packages/airflow/example_dags/example_trigger_target_dag.py for tasks to queue
[2022-08-23 00:03:43,512] {logging_mixin.py:115} INFO - [2022-08-23 00:03:43,511] {dagbag.py:507} INFO - Filling up the DagBag from /home/airflow/.local/lib/python3.7/site-packages/airflow/example_dags/example_trigger_target_dag.py
[2022-08-23 00:03:43,528] {processor.py:651} INFO - DAG(s) dict_keys(['example_trigger_target_dag']) retrieved from /home/airflow/.local/lib/python3.7/site-packages/airflow/example_dags/example_trigger_target_dag.py
[2022-08-23 00:03:43,553] {logging_mixin.py:115} INFO - [2022-08-23 00:03:43,553] {dag.py:2371} INFO - Sync 1 DAGs
[2022-08-23 00:03:43,680] {logging_mixin.py:115} INFO - [2022-08-23 00:03:43,680] {dag.py:2919} INFO - Setting next_dagrun for example_trigger_target_dag to None, run_after=None
[2022-08-23 00:03:43,694] {processor.py:161} INFO - Processing /home/airflow/.local/lib/python3.7/site-packages/airflow/example_dags/example_trigger_target_dag.py took 0.187 seconds
[2022-08-23 00:04:14,296] {processor.py:153} INFO - Started process (PID=3764) to work on /home/airflow/.local/lib/python3.7/site-packages/airflow/example_dags/example_trigger_target_dag.py
[2022-08-23 00:04:14,296] {processor.py:641} INFO - Processing file /home/airflow/.local/lib/python3.7/site-packages/airflow/example_dags/example_trigger_target_dag.py for tasks to queue
[2022-08-23 00:04:14,297] {logging_mixin.py:115} INFO - [2022-08-23 00:04:14,297] {dagbag.py:507} INFO - Filling up the DagBag from /home/airflow/.local/lib/python3.7/site-packages/airflow/example_dags/example_trigger_target_dag.py
[2022-08-23 00:04:14,313] {processor.py:651} INFO - DAG(s) dict_keys(['example_trigger_target_dag']) retrieved from /home/airflow/.local/lib/python3.7/site-packages/airflow/example_dags/example_trigger_target_dag.py
[2022-08-23 00:04:14,338] {logging_mixin.py:115} INFO - [2022-08-23 00:04:14,338] {dag.py:2371} INFO - Sync 1 DAGs
[2022-08-23 00:04:14,463] {logging_mixin.py:115} INFO - [2022-08-23 00:04:14,463] {dag.py:2919} INFO - Setting next_dagrun for example_trigger_target_dag to None, run_after=None
[2022-08-23 00:04:14,476] {processor.py:161} INFO - Processing /home/airflow/.local/lib/python3.7/site-packages/airflow/example_dags/example_trigger_target_dag.py took 0.184 seconds
[2022-08-23 00:04:45,022] {processor.py:153} INFO - Started process (PID=3841) to work on /home/airflow/.local/lib/python3.7/site-packages/airflow/example_dags/example_trigger_target_dag.py
[2022-08-23 00:04:45,023] {processor.py:641} INFO - Processing file /home/airflow/.local/lib/python3.7/site-packages/airflow/example_dags/example_trigger_target_dag.py for tasks to queue
[2022-08-23 00:04:45,024] {logging_mixin.py:115} INFO - [2022-08-23 00:04:45,024] {dagbag.py:507} INFO - Filling up the DagBag from /home/airflow/.local/lib/python3.7/site-packages/airflow/example_dags/example_trigger_target_dag.py
[2022-08-23 00:04:45,041] {processor.py:651} INFO - DAG(s) dict_keys(['example_trigger_target_dag']) retrieved from /home/airflow/.local/lib/python3.7/site-packages/airflow/example_dags/example_trigger_target_dag.py
[2022-08-23 00:04:45,066] {logging_mixin.py:115} INFO - [2022-08-23 00:04:45,066] {dag.py:2371} INFO - Sync 1 DAGs
[2022-08-23 00:04:45,191] {logging_mixin.py:115} INFO - [2022-08-23 00:04:45,191] {dag.py:2919} INFO - Setting next_dagrun for example_trigger_target_dag to None, run_after=None
[2022-08-23 00:04:45,201] {processor.py:161} INFO - Processing /home/airflow/.local/lib/python3.7/site-packages/airflow/example_dags/example_trigger_target_dag.py took 0.183 seconds
[2022-08-23 00:05:15,710] {processor.py:153} INFO - Started process (PID=3909) to work on /home/airflow/.local/lib/python3.7/site-packages/airflow/example_dags/example_trigger_target_dag.py
[2022-08-23 00:05:15,710] {processor.py:641} INFO - Processing file /home/airflow/.local/lib/python3.7/site-packages/airflow/example_dags/example_trigger_target_dag.py for tasks to queue
[2022-08-23 00:05:15,711] {logging_mixin.py:115} INFO - [2022-08-23 00:05:15,711] {dagbag.py:507} INFO - Filling up the DagBag from /home/airflow/.local/lib/python3.7/site-packages/airflow/example_dags/example_trigger_target_dag.py
[2022-08-23 00:05:15,728] {processor.py:651} INFO - DAG(s) dict_keys(['example_trigger_target_dag']) retrieved from /home/airflow/.local/lib/python3.7/site-packages/airflow/example_dags/example_trigger_target_dag.py
[2022-08-23 00:05:15,754] {logging_mixin.py:115} INFO - [2022-08-23 00:05:15,754] {dag.py:2371} INFO - Sync 1 DAGs
[2022-08-23 00:05:15,880] {logging_mixin.py:115} INFO - [2022-08-23 00:05:15,880] {dag.py:2919} INFO - Setting next_dagrun for example_trigger_target_dag to None, run_after=None
[2022-08-23 00:05:15,893] {processor.py:161} INFO - Processing /home/airflow/.local/lib/python3.7/site-packages/airflow/example_dags/example_trigger_target_dag.py took 0.187 seconds
[2022-08-23 00:05:46,410] {processor.py:153} INFO - Started process (PID=3986) to work on /home/airflow/.local/lib/python3.7/site-packages/airflow/example_dags/example_trigger_target_dag.py
[2022-08-23 00:05:46,411] {processor.py:641} INFO - Processing file /home/airflow/.local/lib/python3.7/site-packages/airflow/example_dags/example_trigger_target_dag.py for tasks to queue
[2022-08-23 00:05:46,412] {logging_mixin.py:115} INFO - [2022-08-23 00:05:46,412] {dagbag.py:507} INFO - Filling up the DagBag from /home/airflow/.local/lib/python3.7/site-packages/airflow/example_dags/example_trigger_target_dag.py
[2022-08-23 00:05:46,428] {processor.py:651} INFO - DAG(s) dict_keys(['example_trigger_target_dag']) retrieved from /home/airflow/.local/lib/python3.7/site-packages/airflow/example_dags/example_trigger_target_dag.py
[2022-08-23 00:05:46,453] {logging_mixin.py:115} INFO - [2022-08-23 00:05:46,453] {dag.py:2371} INFO - Sync 1 DAGs
[2022-08-23 00:05:46,581] {logging_mixin.py:115} INFO - [2022-08-23 00:05:46,581] {dag.py:2919} INFO - Setting next_dagrun for example_trigger_target_dag to None, run_after=None
[2022-08-23 00:05:46,594] {processor.py:161} INFO - Processing /home/airflow/.local/lib/python3.7/site-packages/airflow/example_dags/example_trigger_target_dag.py took 0.187 seconds
[2022-08-23 00:06:17,123] {processor.py:153} INFO - Started process (PID=4063) to work on /home/airflow/.local/lib/python3.7/site-packages/airflow/example_dags/example_trigger_target_dag.py
[2022-08-23 00:06:17,124] {processor.py:641} INFO - Processing file /home/airflow/.local/lib/python3.7/site-packages/airflow/example_dags/example_trigger_target_dag.py for tasks to queue
[2022-08-23 00:06:17,125] {logging_mixin.py:115} INFO - [2022-08-23 00:06:17,125] {dagbag.py:507} INFO - Filling up the DagBag from /home/airflow/.local/lib/python3.7/site-packages/airflow/example_dags/example_trigger_target_dag.py
[2022-08-23 00:06:17,141] {processor.py:651} INFO - DAG(s) dict_keys(['example_trigger_target_dag']) retrieved from /home/airflow/.local/lib/python3.7/site-packages/airflow/example_dags/example_trigger_target_dag.py
[2022-08-23 00:06:17,166] {logging_mixin.py:115} INFO - [2022-08-23 00:06:17,166] {dag.py:2371} INFO - Sync 1 DAGs
[2022-08-23 00:06:17,291] {logging_mixin.py:115} INFO - [2022-08-23 00:06:17,291] {dag.py:2919} INFO - Setting next_dagrun for example_trigger_target_dag to None, run_after=None
[2022-08-23 00:06:17,304] {processor.py:161} INFO - Processing /home/airflow/.local/lib/python3.7/site-packages/airflow/example_dags/example_trigger_target_dag.py took 0.185 seconds
[2022-08-23 00:06:47,736] {processor.py:153} INFO - Started process (PID=4131) to work on /home/airflow/.local/lib/python3.7/site-packages/airflow/example_dags/example_trigger_target_dag.py
[2022-08-23 00:06:47,738] {processor.py:641} INFO - Processing file /home/airflow/.local/lib/python3.7/site-packages/airflow/example_dags/example_trigger_target_dag.py for tasks to queue
[2022-08-23 00:06:47,740] {logging_mixin.py:115} INFO - [2022-08-23 00:06:47,739] {dagbag.py:507} INFO - Filling up the DagBag from /home/airflow/.local/lib/python3.7/site-packages/airflow/example_dags/example_trigger_target_dag.py
[2022-08-23 00:06:47,787] {processor.py:651} INFO - DAG(s) dict_keys(['example_trigger_target_dag']) retrieved from /home/airflow/.local/lib/python3.7/site-packages/airflow/example_dags/example_trigger_target_dag.py
[2022-08-23 00:06:47,821] {logging_mixin.py:115} INFO - [2022-08-23 00:06:47,821] {dag.py:2371} INFO - Sync 1 DAGs
[2022-08-23 00:06:47,973] {logging_mixin.py:115} INFO - [2022-08-23 00:06:47,973] {dag.py:2919} INFO - Setting next_dagrun for example_trigger_target_dag to None, run_after=None
[2022-08-23 00:06:47,988] {processor.py:161} INFO - Processing /home/airflow/.local/lib/python3.7/site-packages/airflow/example_dags/example_trigger_target_dag.py took 0.255 seconds
[2022-08-23 00:07:18,632] {processor.py:153} INFO - Started process (PID=4208) to work on /home/airflow/.local/lib/python3.7/site-packages/airflow/example_dags/example_trigger_target_dag.py
[2022-08-23 00:07:18,634] {processor.py:641} INFO - Processing file /home/airflow/.local/lib/python3.7/site-packages/airflow/example_dags/example_trigger_target_dag.py for tasks to queue
[2022-08-23 00:07:18,637] {logging_mixin.py:115} INFO - [2022-08-23 00:07:18,636] {dagbag.py:507} INFO - Filling up the DagBag from /home/airflow/.local/lib/python3.7/site-packages/airflow/example_dags/example_trigger_target_dag.py
[2022-08-23 00:07:18,720] {processor.py:651} INFO - DAG(s) dict_keys(['example_trigger_target_dag']) retrieved from /home/airflow/.local/lib/python3.7/site-packages/airflow/example_dags/example_trigger_target_dag.py
[2022-08-23 00:07:18,781] {logging_mixin.py:115} INFO - [2022-08-23 00:07:18,781] {dag.py:2371} INFO - Sync 1 DAGs
[2022-08-23 00:07:19,000] {logging_mixin.py:115} INFO - [2022-08-23 00:07:19,000] {dag.py:2919} INFO - Setting next_dagrun for example_trigger_target_dag to None, run_after=None
[2022-08-23 00:07:19,029] {processor.py:161} INFO - Processing /home/airflow/.local/lib/python3.7/site-packages/airflow/example_dags/example_trigger_target_dag.py took 0.405 seconds
[2022-08-23 00:07:49,133] {processor.py:153} INFO - Started process (PID=4286) to work on /home/airflow/.local/lib/python3.7/site-packages/airflow/example_dags/example_trigger_target_dag.py
[2022-08-23 00:07:49,135] {processor.py:641} INFO - Processing file /home/airflow/.local/lib/python3.7/site-packages/airflow/example_dags/example_trigger_target_dag.py for tasks to queue
[2022-08-23 00:07:49,137] {logging_mixin.py:115} INFO - [2022-08-23 00:07:49,137] {dagbag.py:507} INFO - Filling up the DagBag from /home/airflow/.local/lib/python3.7/site-packages/airflow/example_dags/example_trigger_target_dag.py
[2022-08-23 00:07:49,163] {processor.py:651} INFO - DAG(s) dict_keys(['example_trigger_target_dag']) retrieved from /home/airflow/.local/lib/python3.7/site-packages/airflow/example_dags/example_trigger_target_dag.py
[2022-08-23 00:07:49,242] {logging_mixin.py:115} INFO - [2022-08-23 00:07:49,242] {dag.py:2371} INFO - Sync 1 DAGs
[2022-08-23 00:07:49,582] {logging_mixin.py:115} INFO - [2022-08-23 00:07:49,582] {dag.py:2919} INFO - Setting next_dagrun for example_trigger_target_dag to None, run_after=None
[2022-08-23 00:07:49,619] {processor.py:161} INFO - Processing /home/airflow/.local/lib/python3.7/site-packages/airflow/example_dags/example_trigger_target_dag.py took 0.493 seconds
[2022-08-23 00:08:20,431] {processor.py:153} INFO - Started process (PID=4354) to work on /home/airflow/.local/lib/python3.7/site-packages/airflow/example_dags/example_trigger_target_dag.py
[2022-08-23 00:08:20,433] {processor.py:641} INFO - Processing file /home/airflow/.local/lib/python3.7/site-packages/airflow/example_dags/example_trigger_target_dag.py for tasks to queue
[2022-08-23 00:08:20,434] {logging_mixin.py:115} INFO - [2022-08-23 00:08:20,434] {dagbag.py:507} INFO - Filling up the DagBag from /home/airflow/.local/lib/python3.7/site-packages/airflow/example_dags/example_trigger_target_dag.py
[2022-08-23 00:08:20,454] {processor.py:651} INFO - DAG(s) dict_keys(['example_trigger_target_dag']) retrieved from /home/airflow/.local/lib/python3.7/site-packages/airflow/example_dags/example_trigger_target_dag.py
[2022-08-23 00:08:20,487] {logging_mixin.py:115} INFO - [2022-08-23 00:08:20,487] {dag.py:2371} INFO - Sync 1 DAGs
[2022-08-23 00:08:20,662] {logging_mixin.py:115} INFO - [2022-08-23 00:08:20,661] {dag.py:2919} INFO - Setting next_dagrun for example_trigger_target_dag to None, run_after=None
[2022-08-23 00:08:20,676] {processor.py:161} INFO - Processing /home/airflow/.local/lib/python3.7/site-packages/airflow/example_dags/example_trigger_target_dag.py took 0.249 seconds
[2022-08-23 00:08:50,847] {processor.py:153} INFO - Started process (PID=4431) to work on /home/airflow/.local/lib/python3.7/site-packages/airflow/example_dags/example_trigger_target_dag.py
[2022-08-23 00:08:50,848] {processor.py:641} INFO - Processing file /home/airflow/.local/lib/python3.7/site-packages/airflow/example_dags/example_trigger_target_dag.py for tasks to queue
[2022-08-23 00:08:50,849] {logging_mixin.py:115} INFO - [2022-08-23 00:08:50,849] {dagbag.py:507} INFO - Filling up the DagBag from /home/airflow/.local/lib/python3.7/site-packages/airflow/example_dags/example_trigger_target_dag.py
[2022-08-23 00:08:50,866] {processor.py:651} INFO - DAG(s) dict_keys(['example_trigger_target_dag']) retrieved from /home/airflow/.local/lib/python3.7/site-packages/airflow/example_dags/example_trigger_target_dag.py
[2022-08-23 00:08:50,907] {logging_mixin.py:115} INFO - [2022-08-23 00:08:50,907] {dag.py:2371} INFO - Sync 1 DAGs
[2022-08-23 00:08:51,044] {logging_mixin.py:115} INFO - [2022-08-23 00:08:51,043] {dag.py:2919} INFO - Setting next_dagrun for example_trigger_target_dag to None, run_after=None
[2022-08-23 00:08:51,056] {processor.py:161} INFO - Processing /home/airflow/.local/lib/python3.7/site-packages/airflow/example_dags/example_trigger_target_dag.py took 0.214 seconds
[2022-08-23 00:09:21,716] {processor.py:153} INFO - Started process (PID=4508) to work on /home/airflow/.local/lib/python3.7/site-packages/airflow/example_dags/example_trigger_target_dag.py
[2022-08-23 00:09:21,717] {processor.py:641} INFO - Processing file /home/airflow/.local/lib/python3.7/site-packages/airflow/example_dags/example_trigger_target_dag.py for tasks to queue
[2022-08-23 00:09:21,718] {logging_mixin.py:115} INFO - [2022-08-23 00:09:21,718] {dagbag.py:507} INFO - Filling up the DagBag from /home/airflow/.local/lib/python3.7/site-packages/airflow/example_dags/example_trigger_target_dag.py
[2022-08-23 00:09:21,735] {processor.py:651} INFO - DAG(s) dict_keys(['example_trigger_target_dag']) retrieved from /home/airflow/.local/lib/python3.7/site-packages/airflow/example_dags/example_trigger_target_dag.py
[2022-08-23 00:09:21,761] {logging_mixin.py:115} INFO - [2022-08-23 00:09:21,761] {dag.py:2371} INFO - Sync 1 DAGs
[2022-08-23 00:09:21,905] {logging_mixin.py:115} INFO - [2022-08-23 00:09:21,905] {dag.py:2919} INFO - Setting next_dagrun for example_trigger_target_dag to None, run_after=None
[2022-08-23 00:09:21,922] {processor.py:161} INFO - Processing /home/airflow/.local/lib/python3.7/site-packages/airflow/example_dags/example_trigger_target_dag.py took 0.210 seconds
[2022-08-23 00:09:52,319] {processor.py:153} INFO - Started process (PID=4576) to work on /home/airflow/.local/lib/python3.7/site-packages/airflow/example_dags/example_trigger_target_dag.py
[2022-08-23 00:09:52,320] {processor.py:641} INFO - Processing file /home/airflow/.local/lib/python3.7/site-packages/airflow/example_dags/example_trigger_target_dag.py for tasks to queue
[2022-08-23 00:09:52,322] {logging_mixin.py:115} INFO - [2022-08-23 00:09:52,322] {dagbag.py:507} INFO - Filling up the DagBag from /home/airflow/.local/lib/python3.7/site-packages/airflow/example_dags/example_trigger_target_dag.py
[2022-08-23 00:09:52,341] {processor.py:651} INFO - DAG(s) dict_keys(['example_trigger_target_dag']) retrieved from /home/airflow/.local/lib/python3.7/site-packages/airflow/example_dags/example_trigger_target_dag.py
[2022-08-23 00:09:52,371] {logging_mixin.py:115} INFO - [2022-08-23 00:09:52,371] {dag.py:2371} INFO - Sync 1 DAGs
[2022-08-23 00:09:52,506] {logging_mixin.py:115} INFO - [2022-08-23 00:09:52,506] {dag.py:2919} INFO - Setting next_dagrun for example_trigger_target_dag to None, run_after=None
[2022-08-23 00:09:52,516] {processor.py:161} INFO - Processing /home/airflow/.local/lib/python3.7/site-packages/airflow/example_dags/example_trigger_target_dag.py took 0.202 seconds
[2022-08-23 00:10:23,060] {processor.py:153} INFO - Started process (PID=4653) to work on /home/airflow/.local/lib/python3.7/site-packages/airflow/example_dags/example_trigger_target_dag.py
[2022-08-23 00:10:23,062] {processor.py:641} INFO - Processing file /home/airflow/.local/lib/python3.7/site-packages/airflow/example_dags/example_trigger_target_dag.py for tasks to queue
[2022-08-23 00:10:23,063] {logging_mixin.py:115} INFO - [2022-08-23 00:10:23,063] {dagbag.py:507} INFO - Filling up the DagBag from /home/airflow/.local/lib/python3.7/site-packages/airflow/example_dags/example_trigger_target_dag.py
[2022-08-23 00:10:23,082] {processor.py:651} INFO - DAG(s) dict_keys(['example_trigger_target_dag']) retrieved from /home/airflow/.local/lib/python3.7/site-packages/airflow/example_dags/example_trigger_target_dag.py
[2022-08-23 00:10:23,109] {logging_mixin.py:115} INFO - [2022-08-23 00:10:23,109] {dag.py:2371} INFO - Sync 1 DAGs
[2022-08-23 00:10:23,240] {logging_mixin.py:115} INFO - [2022-08-23 00:10:23,240] {dag.py:2919} INFO - Setting next_dagrun for example_trigger_target_dag to None, run_after=None
[2022-08-23 00:10:23,252] {processor.py:161} INFO - Processing /home/airflow/.local/lib/python3.7/site-packages/airflow/example_dags/example_trigger_target_dag.py took 0.196 seconds
[2022-08-23 00:10:53,582] {processor.py:153} INFO - Started process (PID=4730) to work on /home/airflow/.local/lib/python3.7/site-packages/airflow/example_dags/example_trigger_target_dag.py
[2022-08-23 00:10:53,583] {processor.py:641} INFO - Processing file /home/airflow/.local/lib/python3.7/site-packages/airflow/example_dags/example_trigger_target_dag.py for tasks to queue
[2022-08-23 00:10:53,584] {logging_mixin.py:115} INFO - [2022-08-23 00:10:53,583] {dagbag.py:507} INFO - Filling up the DagBag from /home/airflow/.local/lib/python3.7/site-packages/airflow/example_dags/example_trigger_target_dag.py
[2022-08-23 00:10:53,599] {processor.py:651} INFO - DAG(s) dict_keys(['example_trigger_target_dag']) retrieved from /home/airflow/.local/lib/python3.7/site-packages/airflow/example_dags/example_trigger_target_dag.py
[2022-08-23 00:10:53,624] {logging_mixin.py:115} INFO - [2022-08-23 00:10:53,624] {dag.py:2371} INFO - Sync 1 DAGs
[2022-08-23 00:10:53,759] {logging_mixin.py:115} INFO - [2022-08-23 00:10:53,759] {dag.py:2919} INFO - Setting next_dagrun for example_trigger_target_dag to None, run_after=None
[2022-08-23 00:10:53,772] {processor.py:161} INFO - Processing /home/airflow/.local/lib/python3.7/site-packages/airflow/example_dags/example_trigger_target_dag.py took 0.193 seconds
[2022-08-23 00:11:24,496] {processor.py:153} INFO - Started process (PID=4807) to work on /home/airflow/.local/lib/python3.7/site-packages/airflow/example_dags/example_trigger_target_dag.py
[2022-08-23 00:11:24,497] {processor.py:641} INFO - Processing file /home/airflow/.local/lib/python3.7/site-packages/airflow/example_dags/example_trigger_target_dag.py for tasks to queue
[2022-08-23 00:11:24,498] {logging_mixin.py:115} INFO - [2022-08-23 00:11:24,498] {dagbag.py:507} INFO - Filling up the DagBag from /home/airflow/.local/lib/python3.7/site-packages/airflow/example_dags/example_trigger_target_dag.py
[2022-08-23 00:11:24,513] {processor.py:651} INFO - DAG(s) dict_keys(['example_trigger_target_dag']) retrieved from /home/airflow/.local/lib/python3.7/site-packages/airflow/example_dags/example_trigger_target_dag.py
[2022-08-23 00:11:24,542] {logging_mixin.py:115} INFO - [2022-08-23 00:11:24,542] {dag.py:2371} INFO - Sync 1 DAGs
[2022-08-23 00:11:24,663] {logging_mixin.py:115} INFO - [2022-08-23 00:11:24,663] {dag.py:2919} INFO - Setting next_dagrun for example_trigger_target_dag to None, run_after=None
[2022-08-23 00:11:24,673] {processor.py:161} INFO - Processing /home/airflow/.local/lib/python3.7/site-packages/airflow/example_dags/example_trigger_target_dag.py took 0.183 seconds
[2022-08-23 00:11:54,745] {processor.py:153} INFO - Started process (PID=4875) to work on /home/airflow/.local/lib/python3.7/site-packages/airflow/example_dags/example_trigger_target_dag.py
[2022-08-23 00:11:54,746] {processor.py:641} INFO - Processing file /home/airflow/.local/lib/python3.7/site-packages/airflow/example_dags/example_trigger_target_dag.py for tasks to queue
[2022-08-23 00:11:54,747] {logging_mixin.py:115} INFO - [2022-08-23 00:11:54,747] {dagbag.py:507} INFO - Filling up the DagBag from /home/airflow/.local/lib/python3.7/site-packages/airflow/example_dags/example_trigger_target_dag.py
[2022-08-23 00:11:54,764] {processor.py:651} INFO - DAG(s) dict_keys(['example_trigger_target_dag']) retrieved from /home/airflow/.local/lib/python3.7/site-packages/airflow/example_dags/example_trigger_target_dag.py
[2022-08-23 00:11:54,791] {logging_mixin.py:115} INFO - [2022-08-23 00:11:54,791] {dag.py:2371} INFO - Sync 1 DAGs
[2022-08-23 00:11:54,926] {logging_mixin.py:115} INFO - [2022-08-23 00:11:54,926] {dag.py:2919} INFO - Setting next_dagrun for example_trigger_target_dag to None, run_after=None
[2022-08-23 00:11:54,939] {processor.py:161} INFO - Processing /home/airflow/.local/lib/python3.7/site-packages/airflow/example_dags/example_trigger_target_dag.py took 0.199 seconds
[2022-08-23 00:12:25,265] {processor.py:153} INFO - Started process (PID=4952) to work on /home/airflow/.local/lib/python3.7/site-packages/airflow/example_dags/example_trigger_target_dag.py
[2022-08-23 00:12:25,267] {processor.py:641} INFO - Processing file /home/airflow/.local/lib/python3.7/site-packages/airflow/example_dags/example_trigger_target_dag.py for tasks to queue
[2022-08-23 00:12:25,268] {logging_mixin.py:115} INFO - [2022-08-23 00:12:25,268] {dagbag.py:507} INFO - Filling up the DagBag from /home/airflow/.local/lib/python3.7/site-packages/airflow/example_dags/example_trigger_target_dag.py
[2022-08-23 00:12:25,290] {processor.py:651} INFO - DAG(s) dict_keys(['example_trigger_target_dag']) retrieved from /home/airflow/.local/lib/python3.7/site-packages/airflow/example_dags/example_trigger_target_dag.py
[2022-08-23 00:12:25,334] {logging_mixin.py:115} INFO - [2022-08-23 00:12:25,333] {dag.py:2371} INFO - Sync 1 DAGs
[2022-08-23 00:12:25,546] {logging_mixin.py:115} INFO - [2022-08-23 00:12:25,545] {dag.py:2919} INFO - Setting next_dagrun for example_trigger_target_dag to None, run_after=None
[2022-08-23 00:12:25,564] {processor.py:161} INFO - Processing /home/airflow/.local/lib/python3.7/site-packages/airflow/example_dags/example_trigger_target_dag.py took 0.304 seconds
[2022-08-23 00:12:55,928] {processor.py:153} INFO - Started process (PID=5028) to work on /home/airflow/.local/lib/python3.7/site-packages/airflow/example_dags/example_trigger_target_dag.py
[2022-08-23 00:12:55,929] {processor.py:641} INFO - Processing file /home/airflow/.local/lib/python3.7/site-packages/airflow/example_dags/example_trigger_target_dag.py for tasks to queue
[2022-08-23 00:12:55,931] {logging_mixin.py:115} INFO - [2022-08-23 00:12:55,930] {dagbag.py:507} INFO - Filling up the DagBag from /home/airflow/.local/lib/python3.7/site-packages/airflow/example_dags/example_trigger_target_dag.py
[2022-08-23 00:12:55,951] {processor.py:651} INFO - DAG(s) dict_keys(['example_trigger_target_dag']) retrieved from /home/airflow/.local/lib/python3.7/site-packages/airflow/example_dags/example_trigger_target_dag.py
[2022-08-23 00:12:55,984] {logging_mixin.py:115} INFO - [2022-08-23 00:12:55,984] {dag.py:2371} INFO - Sync 1 DAGs
[2022-08-23 00:12:56,130] {logging_mixin.py:115} INFO - [2022-08-23 00:12:56,130] {dag.py:2919} INFO - Setting next_dagrun for example_trigger_target_dag to None, run_after=None
[2022-08-23 00:12:56,144] {processor.py:161} INFO - Processing /home/airflow/.local/lib/python3.7/site-packages/airflow/example_dags/example_trigger_target_dag.py took 0.222 seconds
[2022-08-23 00:13:26,344] {processor.py:153} INFO - Started process (PID=5096) to work on /home/airflow/.local/lib/python3.7/site-packages/airflow/example_dags/example_trigger_target_dag.py
[2022-08-23 00:13:26,346] {processor.py:641} INFO - Processing file /home/airflow/.local/lib/python3.7/site-packages/airflow/example_dags/example_trigger_target_dag.py for tasks to queue
[2022-08-23 00:13:26,347] {logging_mixin.py:115} INFO - [2022-08-23 00:13:26,347] {dagbag.py:507} INFO - Filling up the DagBag from /home/airflow/.local/lib/python3.7/site-packages/airflow/example_dags/example_trigger_target_dag.py
[2022-08-23 00:13:26,366] {processor.py:651} INFO - DAG(s) dict_keys(['example_trigger_target_dag']) retrieved from /home/airflow/.local/lib/python3.7/site-packages/airflow/example_dags/example_trigger_target_dag.py
[2022-08-23 00:13:26,397] {logging_mixin.py:115} INFO - [2022-08-23 00:13:26,397] {dag.py:2371} INFO - Sync 1 DAGs
[2022-08-23 00:13:26,577] {logging_mixin.py:115} INFO - [2022-08-23 00:13:26,577] {dag.py:2919} INFO - Setting next_dagrun for example_trigger_target_dag to None, run_after=None
[2022-08-23 00:13:26,599] {processor.py:161} INFO - Processing /home/airflow/.local/lib/python3.7/site-packages/airflow/example_dags/example_trigger_target_dag.py took 0.258 seconds
[2022-08-23 00:13:56,919] {processor.py:153} INFO - Started process (PID=5173) to work on /home/airflow/.local/lib/python3.7/site-packages/airflow/example_dags/example_trigger_target_dag.py
[2022-08-23 00:13:56,920] {processor.py:641} INFO - Processing file /home/airflow/.local/lib/python3.7/site-packages/airflow/example_dags/example_trigger_target_dag.py for tasks to queue
[2022-08-23 00:13:56,921] {logging_mixin.py:115} INFO - [2022-08-23 00:13:56,921] {dagbag.py:507} INFO - Filling up the DagBag from /home/airflow/.local/lib/python3.7/site-packages/airflow/example_dags/example_trigger_target_dag.py
[2022-08-23 00:13:56,937] {processor.py:651} INFO - DAG(s) dict_keys(['example_trigger_target_dag']) retrieved from /home/airflow/.local/lib/python3.7/site-packages/airflow/example_dags/example_trigger_target_dag.py
[2022-08-23 00:13:57,072] {logging_mixin.py:115} INFO - [2022-08-23 00:13:57,072] {dag.py:2371} INFO - Sync 1 DAGs
[2022-08-23 00:13:57,098] {logging_mixin.py:115} INFO - [2022-08-23 00:13:57,098] {dag.py:2919} INFO - Setting next_dagrun for example_trigger_target_dag to None, run_after=None
[2022-08-23 00:13:57,110] {processor.py:161} INFO - Processing /home/airflow/.local/lib/python3.7/site-packages/airflow/example_dags/example_trigger_target_dag.py took 0.194 seconds
[2022-08-23 00:14:27,673] {processor.py:153} INFO - Started process (PID=5250) to work on /home/airflow/.local/lib/python3.7/site-packages/airflow/example_dags/example_trigger_target_dag.py
[2022-08-23 00:14:27,674] {processor.py:641} INFO - Processing file /home/airflow/.local/lib/python3.7/site-packages/airflow/example_dags/example_trigger_target_dag.py for tasks to queue
[2022-08-23 00:14:27,675] {logging_mixin.py:115} INFO - [2022-08-23 00:14:27,675] {dagbag.py:507} INFO - Filling up the DagBag from /home/airflow/.local/lib/python3.7/site-packages/airflow/example_dags/example_trigger_target_dag.py
[2022-08-23 00:14:27,695] {processor.py:651} INFO - DAG(s) dict_keys(['example_trigger_target_dag']) retrieved from /home/airflow/.local/lib/python3.7/site-packages/airflow/example_dags/example_trigger_target_dag.py
[2022-08-23 00:14:27,845] {logging_mixin.py:115} INFO - [2022-08-23 00:14:27,845] {dag.py:2371} INFO - Sync 1 DAGs
[2022-08-23 00:14:27,876] {logging_mixin.py:115} INFO - [2022-08-23 00:14:27,876] {dag.py:2919} INFO - Setting next_dagrun for example_trigger_target_dag to None, run_after=None
[2022-08-23 00:14:27,894] {processor.py:161} INFO - Processing /home/airflow/.local/lib/python3.7/site-packages/airflow/example_dags/example_trigger_target_dag.py took 0.225 seconds
[2022-08-23 00:14:58,041] {processor.py:153} INFO - Started process (PID=5327) to work on /home/airflow/.local/lib/python3.7/site-packages/airflow/example_dags/example_trigger_target_dag.py
[2022-08-23 00:14:58,042] {processor.py:641} INFO - Processing file /home/airflow/.local/lib/python3.7/site-packages/airflow/example_dags/example_trigger_target_dag.py for tasks to queue
[2022-08-23 00:14:58,043] {logging_mixin.py:115} INFO - [2022-08-23 00:14:58,043] {dagbag.py:507} INFO - Filling up the DagBag from /home/airflow/.local/lib/python3.7/site-packages/airflow/example_dags/example_trigger_target_dag.py
[2022-08-23 00:14:58,060] {processor.py:651} INFO - DAG(s) dict_keys(['example_trigger_target_dag']) retrieved from /home/airflow/.local/lib/python3.7/site-packages/airflow/example_dags/example_trigger_target_dag.py
[2022-08-23 00:14:58,194] {logging_mixin.py:115} INFO - [2022-08-23 00:14:58,193] {dag.py:2371} INFO - Sync 1 DAGs
[2022-08-23 00:14:58,216] {logging_mixin.py:115} INFO - [2022-08-23 00:14:58,216] {dag.py:2919} INFO - Setting next_dagrun for example_trigger_target_dag to None, run_after=None
[2022-08-23 00:14:58,229] {processor.py:161} INFO - Processing /home/airflow/.local/lib/python3.7/site-packages/airflow/example_dags/example_trigger_target_dag.py took 0.192 seconds
[2022-08-23 00:15:28,871] {processor.py:153} INFO - Started process (PID=5395) to work on /home/airflow/.local/lib/python3.7/site-packages/airflow/example_dags/example_trigger_target_dag.py
[2022-08-23 00:15:28,872] {processor.py:641} INFO - Processing file /home/airflow/.local/lib/python3.7/site-packages/airflow/example_dags/example_trigger_target_dag.py for tasks to queue
[2022-08-23 00:15:28,873] {logging_mixin.py:115} INFO - [2022-08-23 00:15:28,873] {dagbag.py:507} INFO - Filling up the DagBag from /home/airflow/.local/lib/python3.7/site-packages/airflow/example_dags/example_trigger_target_dag.py
[2022-08-23 00:15:28,893] {processor.py:651} INFO - DAG(s) dict_keys(['example_trigger_target_dag']) retrieved from /home/airflow/.local/lib/python3.7/site-packages/airflow/example_dags/example_trigger_target_dag.py
[2022-08-23 00:15:29,030] {logging_mixin.py:115} INFO - [2022-08-23 00:15:29,030] {dag.py:2371} INFO - Sync 1 DAGs
[2022-08-23 00:15:29,053] {logging_mixin.py:115} INFO - [2022-08-23 00:15:29,052] {dag.py:2919} INFO - Setting next_dagrun for example_trigger_target_dag to None, run_after=None
[2022-08-23 00:15:29,065] {processor.py:161} INFO - Processing /home/airflow/.local/lib/python3.7/site-packages/airflow/example_dags/example_trigger_target_dag.py took 0.198 seconds
[2022-08-23 00:15:59,281] {processor.py:153} INFO - Started process (PID=5472) to work on /home/airflow/.local/lib/python3.7/site-packages/airflow/example_dags/example_trigger_target_dag.py
[2022-08-23 00:15:59,282] {processor.py:641} INFO - Processing file /home/airflow/.local/lib/python3.7/site-packages/airflow/example_dags/example_trigger_target_dag.py for tasks to queue
[2022-08-23 00:15:59,283] {logging_mixin.py:115} INFO - [2022-08-23 00:15:59,283] {dagbag.py:507} INFO - Filling up the DagBag from /home/airflow/.local/lib/python3.7/site-packages/airflow/example_dags/example_trigger_target_dag.py
[2022-08-23 00:15:59,300] {processor.py:651} INFO - DAG(s) dict_keys(['example_trigger_target_dag']) retrieved from /home/airflow/.local/lib/python3.7/site-packages/airflow/example_dags/example_trigger_target_dag.py
[2022-08-23 00:15:59,441] {logging_mixin.py:115} INFO - [2022-08-23 00:15:59,441] {dag.py:2371} INFO - Sync 1 DAGs
[2022-08-23 00:15:59,470] {logging_mixin.py:115} INFO - [2022-08-23 00:15:59,470] {dag.py:2919} INFO - Setting next_dagrun for example_trigger_target_dag to None, run_after=None
[2022-08-23 00:15:59,485] {processor.py:161} INFO - Processing /home/airflow/.local/lib/python3.7/site-packages/airflow/example_dags/example_trigger_target_dag.py took 0.208 seconds
[2022-08-23 00:16:30,309] {processor.py:153} INFO - Started process (PID=5549) to work on /home/airflow/.local/lib/python3.7/site-packages/airflow/example_dags/example_trigger_target_dag.py
[2022-08-23 00:16:30,311] {processor.py:641} INFO - Processing file /home/airflow/.local/lib/python3.7/site-packages/airflow/example_dags/example_trigger_target_dag.py for tasks to queue
[2022-08-23 00:16:30,312] {logging_mixin.py:115} INFO - [2022-08-23 00:16:30,311] {dagbag.py:507} INFO - Filling up the DagBag from /home/airflow/.local/lib/python3.7/site-packages/airflow/example_dags/example_trigger_target_dag.py
[2022-08-23 00:16:30,328] {processor.py:651} INFO - DAG(s) dict_keys(['example_trigger_target_dag']) retrieved from /home/airflow/.local/lib/python3.7/site-packages/airflow/example_dags/example_trigger_target_dag.py
[2022-08-23 00:16:30,477] {logging_mixin.py:115} INFO - [2022-08-23 00:16:30,477] {dag.py:2371} INFO - Sync 1 DAGs
[2022-08-23 00:16:30,501] {logging_mixin.py:115} INFO - [2022-08-23 00:16:30,501] {dag.py:2919} INFO - Setting next_dagrun for example_trigger_target_dag to None, run_after=None
[2022-08-23 00:16:30,514] {processor.py:161} INFO - Processing /home/airflow/.local/lib/python3.7/site-packages/airflow/example_dags/example_trigger_target_dag.py took 0.208 seconds
[2022-08-23 00:17:00,739] {processor.py:153} INFO - Started process (PID=5624) to work on /home/airflow/.local/lib/python3.7/site-packages/airflow/example_dags/example_trigger_target_dag.py
[2022-08-23 00:17:00,740] {processor.py:641} INFO - Processing file /home/airflow/.local/lib/python3.7/site-packages/airflow/example_dags/example_trigger_target_dag.py for tasks to queue
[2022-08-23 00:17:00,741] {logging_mixin.py:115} INFO - [2022-08-23 00:17:00,741] {dagbag.py:507} INFO - Filling up the DagBag from /home/airflow/.local/lib/python3.7/site-packages/airflow/example_dags/example_trigger_target_dag.py
[2022-08-23 00:17:00,758] {processor.py:651} INFO - DAG(s) dict_keys(['example_trigger_target_dag']) retrieved from /home/airflow/.local/lib/python3.7/site-packages/airflow/example_dags/example_trigger_target_dag.py
[2022-08-23 00:17:00,908] {logging_mixin.py:115} INFO - [2022-08-23 00:17:00,908] {dag.py:2371} INFO - Sync 1 DAGs
[2022-08-23 00:17:00,934] {logging_mixin.py:115} INFO - [2022-08-23 00:17:00,934] {dag.py:2919} INFO - Setting next_dagrun for example_trigger_target_dag to None, run_after=None
[2022-08-23 00:17:00,949] {processor.py:161} INFO - Processing /home/airflow/.local/lib/python3.7/site-packages/airflow/example_dags/example_trigger_target_dag.py took 0.214 seconds
[2022-08-23 00:17:31,152] {processor.py:153} INFO - Started process (PID=5694) to work on /home/airflow/.local/lib/python3.7/site-packages/airflow/example_dags/example_trigger_target_dag.py
[2022-08-23 00:17:31,153] {processor.py:641} INFO - Processing file /home/airflow/.local/lib/python3.7/site-packages/airflow/example_dags/example_trigger_target_dag.py for tasks to queue
[2022-08-23 00:17:31,154] {logging_mixin.py:115} INFO - [2022-08-23 00:17:31,154] {dagbag.py:507} INFO - Filling up the DagBag from /home/airflow/.local/lib/python3.7/site-packages/airflow/example_dags/example_trigger_target_dag.py
[2022-08-23 00:17:31,171] {processor.py:651} INFO - DAG(s) dict_keys(['example_trigger_target_dag']) retrieved from /home/airflow/.local/lib/python3.7/site-packages/airflow/example_dags/example_trigger_target_dag.py
[2022-08-23 00:17:31,307] {logging_mixin.py:115} INFO - [2022-08-23 00:17:31,307] {dag.py:2371} INFO - Sync 1 DAGs
[2022-08-23 00:17:31,333] {logging_mixin.py:115} INFO - [2022-08-23 00:17:31,333] {dag.py:2919} INFO - Setting next_dagrun for example_trigger_target_dag to None, run_after=None
[2022-08-23 00:17:31,346] {processor.py:161} INFO - Processing /home/airflow/.local/lib/python3.7/site-packages/airflow/example_dags/example_trigger_target_dag.py took 0.197 seconds
[2022-08-23 00:18:02,111] {processor.py:153} INFO - Started process (PID=5771) to work on /home/airflow/.local/lib/python3.7/site-packages/airflow/example_dags/example_trigger_target_dag.py
[2022-08-23 00:18:02,112] {processor.py:641} INFO - Processing file /home/airflow/.local/lib/python3.7/site-packages/airflow/example_dags/example_trigger_target_dag.py for tasks to queue
[2022-08-23 00:18:02,113] {logging_mixin.py:115} INFO - [2022-08-23 00:18:02,113] {dagbag.py:507} INFO - Filling up the DagBag from /home/airflow/.local/lib/python3.7/site-packages/airflow/example_dags/example_trigger_target_dag.py
[2022-08-23 00:18:02,132] {processor.py:651} INFO - DAG(s) dict_keys(['example_trigger_target_dag']) retrieved from /home/airflow/.local/lib/python3.7/site-packages/airflow/example_dags/example_trigger_target_dag.py
[2022-08-23 00:18:02,268] {logging_mixin.py:115} INFO - [2022-08-23 00:18:02,268] {dag.py:2371} INFO - Sync 1 DAGs
[2022-08-23 00:18:02,294] {logging_mixin.py:115} INFO - [2022-08-23 00:18:02,294] {dag.py:2919} INFO - Setting next_dagrun for example_trigger_target_dag to None, run_after=None
[2022-08-23 00:18:02,307] {processor.py:161} INFO - Processing /home/airflow/.local/lib/python3.7/site-packages/airflow/example_dags/example_trigger_target_dag.py took 0.200 seconds
[2022-08-23 00:18:33,034] {processor.py:153} INFO - Started process (PID=5848) to work on /home/airflow/.local/lib/python3.7/site-packages/airflow/example_dags/example_trigger_target_dag.py
[2022-08-23 00:18:33,035] {processor.py:641} INFO - Processing file /home/airflow/.local/lib/python3.7/site-packages/airflow/example_dags/example_trigger_target_dag.py for tasks to queue
[2022-08-23 00:18:33,036] {logging_mixin.py:115} INFO - [2022-08-23 00:18:33,036] {dagbag.py:507} INFO - Filling up the DagBag from /home/airflow/.local/lib/python3.7/site-packages/airflow/example_dags/example_trigger_target_dag.py
[2022-08-23 00:18:33,052] {processor.py:651} INFO - DAG(s) dict_keys(['example_trigger_target_dag']) retrieved from /home/airflow/.local/lib/python3.7/site-packages/airflow/example_dags/example_trigger_target_dag.py
[2022-08-23 00:18:33,189] {logging_mixin.py:115} INFO - [2022-08-23 00:18:33,189] {dag.py:2371} INFO - Sync 1 DAGs
[2022-08-23 00:18:33,220] {logging_mixin.py:115} INFO - [2022-08-23 00:18:33,220] {dag.py:2919} INFO - Setting next_dagrun for example_trigger_target_dag to None, run_after=None
[2022-08-23 00:18:33,233] {processor.py:161} INFO - Processing /home/airflow/.local/lib/python3.7/site-packages/airflow/example_dags/example_trigger_target_dag.py took 0.202 seconds
[2022-08-23 00:19:03,409] {processor.py:153} INFO - Started process (PID=5916) to work on /home/airflow/.local/lib/python3.7/site-packages/airflow/example_dags/example_trigger_target_dag.py
[2022-08-23 00:19:03,410] {processor.py:641} INFO - Processing file /home/airflow/.local/lib/python3.7/site-packages/airflow/example_dags/example_trigger_target_dag.py for tasks to queue
[2022-08-23 00:19:03,411] {logging_mixin.py:115} INFO - [2022-08-23 00:19:03,411] {dagbag.py:507} INFO - Filling up the DagBag from /home/airflow/.local/lib/python3.7/site-packages/airflow/example_dags/example_trigger_target_dag.py
[2022-08-23 00:19:03,428] {processor.py:651} INFO - DAG(s) dict_keys(['example_trigger_target_dag']) retrieved from /home/airflow/.local/lib/python3.7/site-packages/airflow/example_dags/example_trigger_target_dag.py
[2022-08-23 00:19:03,563] {logging_mixin.py:115} INFO - [2022-08-23 00:19:03,563] {dag.py:2371} INFO - Sync 1 DAGs
[2022-08-23 00:19:03,586] {logging_mixin.py:115} INFO - [2022-08-23 00:19:03,586] {dag.py:2919} INFO - Setting next_dagrun for example_trigger_target_dag to None, run_after=None
[2022-08-23 00:19:03,601] {processor.py:161} INFO - Processing /home/airflow/.local/lib/python3.7/site-packages/airflow/example_dags/example_trigger_target_dag.py took 0.195 seconds
[2022-08-23 00:19:33,793] {processor.py:153} INFO - Started process (PID=5993) to work on /home/airflow/.local/lib/python3.7/site-packages/airflow/example_dags/example_trigger_target_dag.py
[2022-08-23 00:19:33,794] {processor.py:641} INFO - Processing file /home/airflow/.local/lib/python3.7/site-packages/airflow/example_dags/example_trigger_target_dag.py for tasks to queue
[2022-08-23 00:19:33,795] {logging_mixin.py:115} INFO - [2022-08-23 00:19:33,795] {dagbag.py:507} INFO - Filling up the DagBag from /home/airflow/.local/lib/python3.7/site-packages/airflow/example_dags/example_trigger_target_dag.py
[2022-08-23 00:19:33,811] {processor.py:651} INFO - DAG(s) dict_keys(['example_trigger_target_dag']) retrieved from /home/airflow/.local/lib/python3.7/site-packages/airflow/example_dags/example_trigger_target_dag.py
[2022-08-23 00:19:33,952] {logging_mixin.py:115} INFO - [2022-08-23 00:19:33,952] {dag.py:2371} INFO - Sync 1 DAGs
[2022-08-23 00:19:33,980] {logging_mixin.py:115} INFO - [2022-08-23 00:19:33,980] {dag.py:2919} INFO - Setting next_dagrun for example_trigger_target_dag to None, run_after=None
[2022-08-23 00:19:33,992] {processor.py:161} INFO - Processing /home/airflow/.local/lib/python3.7/site-packages/airflow/example_dags/example_trigger_target_dag.py took 0.203 seconds
[2022-08-23 00:20:04,057] {processor.py:153} INFO - Started process (PID=6070) to work on /home/airflow/.local/lib/python3.7/site-packages/airflow/example_dags/example_trigger_target_dag.py
[2022-08-23 00:20:04,058] {processor.py:641} INFO - Processing file /home/airflow/.local/lib/python3.7/site-packages/airflow/example_dags/example_trigger_target_dag.py for tasks to queue
[2022-08-23 00:20:04,058] {logging_mixin.py:115} INFO - [2022-08-23 00:20:04,058] {dagbag.py:507} INFO - Filling up the DagBag from /home/airflow/.local/lib/python3.7/site-packages/airflow/example_dags/example_trigger_target_dag.py
[2022-08-23 00:20:04,075] {processor.py:651} INFO - DAG(s) dict_keys(['example_trigger_target_dag']) retrieved from /home/airflow/.local/lib/python3.7/site-packages/airflow/example_dags/example_trigger_target_dag.py
[2022-08-23 00:20:04,211] {logging_mixin.py:115} INFO - [2022-08-23 00:20:04,211] {dag.py:2371} INFO - Sync 1 DAGs
[2022-08-23 00:20:04,237] {logging_mixin.py:115} INFO - [2022-08-23 00:20:04,237] {dag.py:2919} INFO - Setting next_dagrun for example_trigger_target_dag to None, run_after=None
[2022-08-23 00:20:04,249] {processor.py:161} INFO - Processing /home/airflow/.local/lib/python3.7/site-packages/airflow/example_dags/example_trigger_target_dag.py took 0.196 seconds
[2022-08-23 00:20:34,785] {processor.py:153} INFO - Started process (PID=6145) to work on /home/airflow/.local/lib/python3.7/site-packages/airflow/example_dags/example_trigger_target_dag.py
[2022-08-23 00:20:34,787] {processor.py:641} INFO - Processing file /home/airflow/.local/lib/python3.7/site-packages/airflow/example_dags/example_trigger_target_dag.py for tasks to queue
[2022-08-23 00:20:34,788] {logging_mixin.py:115} INFO - [2022-08-23 00:20:34,788] {dagbag.py:507} INFO - Filling up the DagBag from /home/airflow/.local/lib/python3.7/site-packages/airflow/example_dags/example_trigger_target_dag.py
[2022-08-23 00:20:34,805] {processor.py:651} INFO - DAG(s) dict_keys(['example_trigger_target_dag']) retrieved from /home/airflow/.local/lib/python3.7/site-packages/airflow/example_dags/example_trigger_target_dag.py
[2022-08-23 00:20:34,941] {logging_mixin.py:115} INFO - [2022-08-23 00:20:34,941] {dag.py:2371} INFO - Sync 1 DAGs
[2022-08-23 00:20:34,963] {logging_mixin.py:115} INFO - [2022-08-23 00:20:34,963] {dag.py:2919} INFO - Setting next_dagrun for example_trigger_target_dag to None, run_after=None
[2022-08-23 00:20:34,975] {processor.py:161} INFO - Processing /home/airflow/.local/lib/python3.7/site-packages/airflow/example_dags/example_trigger_target_dag.py took 0.196 seconds
[2022-08-23 00:21:05,225] {processor.py:153} INFO - Started process (PID=6215) to work on /home/airflow/.local/lib/python3.7/site-packages/airflow/example_dags/example_trigger_target_dag.py
[2022-08-23 00:21:05,226] {processor.py:641} INFO - Processing file /home/airflow/.local/lib/python3.7/site-packages/airflow/example_dags/example_trigger_target_dag.py for tasks to queue
[2022-08-23 00:21:05,227] {logging_mixin.py:115} INFO - [2022-08-23 00:21:05,227] {dagbag.py:507} INFO - Filling up the DagBag from /home/airflow/.local/lib/python3.7/site-packages/airflow/example_dags/example_trigger_target_dag.py
[2022-08-23 00:21:05,243] {processor.py:651} INFO - DAG(s) dict_keys(['example_trigger_target_dag']) retrieved from /home/airflow/.local/lib/python3.7/site-packages/airflow/example_dags/example_trigger_target_dag.py
[2022-08-23 00:21:05,371] {logging_mixin.py:115} INFO - [2022-08-23 00:21:05,371] {dag.py:2371} INFO - Sync 1 DAGs
[2022-08-23 00:21:05,398] {logging_mixin.py:115} INFO - [2022-08-23 00:21:05,397] {dag.py:2919} INFO - Setting next_dagrun for example_trigger_target_dag to None, run_after=None
[2022-08-23 00:21:05,413] {processor.py:161} INFO - Processing /home/airflow/.local/lib/python3.7/site-packages/airflow/example_dags/example_trigger_target_dag.py took 0.192 seconds
[2022-08-23 00:21:35,580] {processor.py:153} INFO - Started process (PID=6292) to work on /home/airflow/.local/lib/python3.7/site-packages/airflow/example_dags/example_trigger_target_dag.py
[2022-08-23 00:21:35,581] {processor.py:641} INFO - Processing file /home/airflow/.local/lib/python3.7/site-packages/airflow/example_dags/example_trigger_target_dag.py for tasks to queue
[2022-08-23 00:21:35,583] {logging_mixin.py:115} INFO - [2022-08-23 00:21:35,582] {dagbag.py:507} INFO - Filling up the DagBag from /home/airflow/.local/lib/python3.7/site-packages/airflow/example_dags/example_trigger_target_dag.py
[2022-08-23 00:21:35,599] {processor.py:651} INFO - DAG(s) dict_keys(['example_trigger_target_dag']) retrieved from /home/airflow/.local/lib/python3.7/site-packages/airflow/example_dags/example_trigger_target_dag.py
[2022-08-23 00:21:35,742] {logging_mixin.py:115} INFO - [2022-08-23 00:21:35,742] {dag.py:2371} INFO - Sync 1 DAGs
[2022-08-23 00:21:35,771] {logging_mixin.py:115} INFO - [2022-08-23 00:21:35,771] {dag.py:2919} INFO - Setting next_dagrun for example_trigger_target_dag to None, run_after=None
[2022-08-23 00:21:35,783] {processor.py:161} INFO - Processing /home/airflow/.local/lib/python3.7/site-packages/airflow/example_dags/example_trigger_target_dag.py took 0.208 seconds
[2022-08-23 00:22:05,833] {processor.py:153} INFO - Started process (PID=6369) to work on /home/airflow/.local/lib/python3.7/site-packages/airflow/example_dags/example_trigger_target_dag.py
[2022-08-23 00:22:05,834] {processor.py:641} INFO - Processing file /home/airflow/.local/lib/python3.7/site-packages/airflow/example_dags/example_trigger_target_dag.py for tasks to queue
[2022-08-23 00:22:05,835] {logging_mixin.py:115} INFO - [2022-08-23 00:22:05,835] {dagbag.py:507} INFO - Filling up the DagBag from /home/airflow/.local/lib/python3.7/site-packages/airflow/example_dags/example_trigger_target_dag.py
[2022-08-23 00:22:05,852] {processor.py:651} INFO - DAG(s) dict_keys(['example_trigger_target_dag']) retrieved from /home/airflow/.local/lib/python3.7/site-packages/airflow/example_dags/example_trigger_target_dag.py
[2022-08-23 00:22:05,994] {logging_mixin.py:115} INFO - [2022-08-23 00:22:05,994] {dag.py:2371} INFO - Sync 1 DAGs
[2022-08-23 00:22:06,016] {logging_mixin.py:115} INFO - [2022-08-23 00:22:06,016] {dag.py:2919} INFO - Setting next_dagrun for example_trigger_target_dag to None, run_after=None
[2022-08-23 00:22:06,027] {processor.py:161} INFO - Processing /home/airflow/.local/lib/python3.7/site-packages/airflow/example_dags/example_trigger_target_dag.py took 0.198 seconds
[2022-08-23 00:22:36,119] {processor.py:153} INFO - Started process (PID=6437) to work on /home/airflow/.local/lib/python3.7/site-packages/airflow/example_dags/example_trigger_target_dag.py
[2022-08-23 00:22:36,121] {processor.py:641} INFO - Processing file /home/airflow/.local/lib/python3.7/site-packages/airflow/example_dags/example_trigger_target_dag.py for tasks to queue
[2022-08-23 00:22:36,122] {logging_mixin.py:115} INFO - [2022-08-23 00:22:36,122] {dagbag.py:507} INFO - Filling up the DagBag from /home/airflow/.local/lib/python3.7/site-packages/airflow/example_dags/example_trigger_target_dag.py
[2022-08-23 00:22:36,142] {processor.py:651} INFO - DAG(s) dict_keys(['example_trigger_target_dag']) retrieved from /home/airflow/.local/lib/python3.7/site-packages/airflow/example_dags/example_trigger_target_dag.py
[2022-08-23 00:22:36,292] {logging_mixin.py:115} INFO - [2022-08-23 00:22:36,291] {dag.py:2371} INFO - Sync 1 DAGs
[2022-08-23 00:22:36,313] {logging_mixin.py:115} INFO - [2022-08-23 00:22:36,313] {dag.py:2919} INFO - Setting next_dagrun for example_trigger_target_dag to None, run_after=None
[2022-08-23 00:22:36,325] {processor.py:161} INFO - Processing /home/airflow/.local/lib/python3.7/site-packages/airflow/example_dags/example_trigger_target_dag.py took 0.210 seconds
[2022-08-23 00:23:06,851] {processor.py:153} INFO - Started process (PID=6514) to work on /home/airflow/.local/lib/python3.7/site-packages/airflow/example_dags/example_trigger_target_dag.py
[2022-08-23 00:23:06,851] {processor.py:641} INFO - Processing file /home/airflow/.local/lib/python3.7/site-packages/airflow/example_dags/example_trigger_target_dag.py for tasks to queue
[2022-08-23 00:23:06,853] {logging_mixin.py:115} INFO - [2022-08-23 00:23:06,852] {dagbag.py:507} INFO - Filling up the DagBag from /home/airflow/.local/lib/python3.7/site-packages/airflow/example_dags/example_trigger_target_dag.py
[2022-08-23 00:23:06,869] {processor.py:651} INFO - DAG(s) dict_keys(['example_trigger_target_dag']) retrieved from /home/airflow/.local/lib/python3.7/site-packages/airflow/example_dags/example_trigger_target_dag.py
[2022-08-23 00:23:07,006] {logging_mixin.py:115} INFO - [2022-08-23 00:23:07,005] {dag.py:2371} INFO - Sync 1 DAGs
[2022-08-23 00:23:07,046] {logging_mixin.py:115} INFO - [2022-08-23 00:23:07,046] {dag.py:2919} INFO - Setting next_dagrun for example_trigger_target_dag to None, run_after=None
[2022-08-23 00:23:07,058] {processor.py:161} INFO - Processing /home/airflow/.local/lib/python3.7/site-packages/airflow/example_dags/example_trigger_target_dag.py took 0.212 seconds
[2022-08-23 00:23:37,446] {processor.py:153} INFO - Started process (PID=6591) to work on /home/airflow/.local/lib/python3.7/site-packages/airflow/example_dags/example_trigger_target_dag.py
[2022-08-23 00:23:37,447] {processor.py:641} INFO - Processing file /home/airflow/.local/lib/python3.7/site-packages/airflow/example_dags/example_trigger_target_dag.py for tasks to queue
[2022-08-23 00:23:37,449] {logging_mixin.py:115} INFO - [2022-08-23 00:23:37,449] {dagbag.py:507} INFO - Filling up the DagBag from /home/airflow/.local/lib/python3.7/site-packages/airflow/example_dags/example_trigger_target_dag.py
[2022-08-23 00:23:37,569] {processor.py:651} INFO - DAG(s) dict_keys(['example_trigger_target_dag']) retrieved from /home/airflow/.local/lib/python3.7/site-packages/airflow/example_dags/example_trigger_target_dag.py
[2022-08-23 00:23:37,594] {logging_mixin.py:115} INFO - [2022-08-23 00:23:37,594] {dag.py:2371} INFO - Sync 1 DAGs
[2022-08-23 00:23:37,615] {logging_mixin.py:115} INFO - [2022-08-23 00:23:37,615] {dag.py:2919} INFO - Setting next_dagrun for example_trigger_target_dag to None, run_after=None
[2022-08-23 00:23:37,629] {processor.py:161} INFO - Processing /home/airflow/.local/lib/python3.7/site-packages/airflow/example_dags/example_trigger_target_dag.py took 0.189 seconds
[2022-08-23 00:24:07,871] {processor.py:153} INFO - Started process (PID=6660) to work on /home/airflow/.local/lib/python3.7/site-packages/airflow/example_dags/example_trigger_target_dag.py
[2022-08-23 00:24:07,873] {processor.py:641} INFO - Processing file /home/airflow/.local/lib/python3.7/site-packages/airflow/example_dags/example_trigger_target_dag.py for tasks to queue
[2022-08-23 00:24:07,877] {logging_mixin.py:115} INFO - [2022-08-23 00:24:07,877] {dagbag.py:507} INFO - Filling up the DagBag from /home/airflow/.local/lib/python3.7/site-packages/airflow/example_dags/example_trigger_target_dag.py
[2022-08-23 00:24:08,019] {processor.py:651} INFO - DAG(s) dict_keys(['example_trigger_target_dag']) retrieved from /home/airflow/.local/lib/python3.7/site-packages/airflow/example_dags/example_trigger_target_dag.py
[2022-08-23 00:24:08,040] {logging_mixin.py:115} INFO - [2022-08-23 00:24:08,040] {dag.py:2371} INFO - Sync 1 DAGs
[2022-08-23 00:24:08,060] {logging_mixin.py:115} INFO - [2022-08-23 00:24:08,060] {dag.py:2919} INFO - Setting next_dagrun for example_trigger_target_dag to None, run_after=None
[2022-08-23 00:24:08,071] {processor.py:161} INFO - Processing /home/airflow/.local/lib/python3.7/site-packages/airflow/example_dags/example_trigger_target_dag.py took 0.205 seconds
[2022-08-23 00:24:38,214] {processor.py:153} INFO - Started process (PID=6738) to work on /home/airflow/.local/lib/python3.7/site-packages/airflow/example_dags/example_trigger_target_dag.py
[2022-08-23 00:24:38,216] {processor.py:641} INFO - Processing file /home/airflow/.local/lib/python3.7/site-packages/airflow/example_dags/example_trigger_target_dag.py for tasks to queue
[2022-08-23 00:24:38,217] {logging_mixin.py:115} INFO - [2022-08-23 00:24:38,216] {dagbag.py:507} INFO - Filling up the DagBag from /home/airflow/.local/lib/python3.7/site-packages/airflow/example_dags/example_trigger_target_dag.py
[2022-08-23 00:24:38,334] {processor.py:651} INFO - DAG(s) dict_keys(['example_trigger_target_dag']) retrieved from /home/airflow/.local/lib/python3.7/site-packages/airflow/example_dags/example_trigger_target_dag.py
[2022-08-23 00:24:38,354] {logging_mixin.py:115} INFO - [2022-08-23 00:24:38,354] {dag.py:2371} INFO - Sync 1 DAGs
[2022-08-23 00:24:38,374] {logging_mixin.py:115} INFO - [2022-08-23 00:24:38,373] {dag.py:2919} INFO - Setting next_dagrun for example_trigger_target_dag to None, run_after=None
[2022-08-23 00:24:38,383] {processor.py:161} INFO - Processing /home/airflow/.local/lib/python3.7/site-packages/airflow/example_dags/example_trigger_target_dag.py took 0.173 seconds
[2022-08-23 00:25:08,911] {processor.py:153} INFO - Started process (PID=6814) to work on /home/airflow/.local/lib/python3.7/site-packages/airflow/example_dags/example_trigger_target_dag.py
[2022-08-23 00:25:08,912] {processor.py:641} INFO - Processing file /home/airflow/.local/lib/python3.7/site-packages/airflow/example_dags/example_trigger_target_dag.py for tasks to queue
[2022-08-23 00:25:08,913] {logging_mixin.py:115} INFO - [2022-08-23 00:25:08,913] {dagbag.py:507} INFO - Filling up the DagBag from /home/airflow/.local/lib/python3.7/site-packages/airflow/example_dags/example_trigger_target_dag.py
[2022-08-23 00:25:09,049] {processor.py:651} INFO - DAG(s) dict_keys(['example_trigger_target_dag']) retrieved from /home/airflow/.local/lib/python3.7/site-packages/airflow/example_dags/example_trigger_target_dag.py
[2022-08-23 00:25:09,074] {logging_mixin.py:115} INFO - [2022-08-23 00:25:09,074] {dag.py:2371} INFO - Sync 1 DAGs
[2022-08-23 00:25:09,096] {logging_mixin.py:115} INFO - [2022-08-23 00:25:09,096] {dag.py:2919} INFO - Setting next_dagrun for example_trigger_target_dag to None, run_after=None
[2022-08-23 00:25:09,106] {processor.py:161} INFO - Processing /home/airflow/.local/lib/python3.7/site-packages/airflow/example_dags/example_trigger_target_dag.py took 0.199 seconds
[2022-08-23 00:25:39,590] {processor.py:153} INFO - Started process (PID=6889) to work on /home/airflow/.local/lib/python3.7/site-packages/airflow/example_dags/example_trigger_target_dag.py
[2022-08-23 00:25:39,591] {processor.py:641} INFO - Processing file /home/airflow/.local/lib/python3.7/site-packages/airflow/example_dags/example_trigger_target_dag.py for tasks to queue
[2022-08-23 00:25:39,592] {logging_mixin.py:115} INFO - [2022-08-23 00:25:39,592] {dagbag.py:507} INFO - Filling up the DagBag from /home/airflow/.local/lib/python3.7/site-packages/airflow/example_dags/example_trigger_target_dag.py
[2022-08-23 00:25:39,718] {processor.py:651} INFO - DAG(s) dict_keys(['example_trigger_target_dag']) retrieved from /home/airflow/.local/lib/python3.7/site-packages/airflow/example_dags/example_trigger_target_dag.py
[2022-08-23 00:25:39,742] {logging_mixin.py:115} INFO - [2022-08-23 00:25:39,742] {dag.py:2371} INFO - Sync 1 DAGs
[2022-08-23 00:25:39,765] {logging_mixin.py:115} INFO - [2022-08-23 00:25:39,764] {dag.py:2919} INFO - Setting next_dagrun for example_trigger_target_dag to None, run_after=None
[2022-08-23 00:25:39,775] {processor.py:161} INFO - Processing /home/airflow/.local/lib/python3.7/site-packages/airflow/example_dags/example_trigger_target_dag.py took 0.188 seconds
[2022-08-23 00:26:10,023] {processor.py:153} INFO - Started process (PID=6959) to work on /home/airflow/.local/lib/python3.7/site-packages/airflow/example_dags/example_trigger_target_dag.py
[2022-08-23 00:26:10,025] {processor.py:641} INFO - Processing file /home/airflow/.local/lib/python3.7/site-packages/airflow/example_dags/example_trigger_target_dag.py for tasks to queue
[2022-08-23 00:26:10,026] {logging_mixin.py:115} INFO - [2022-08-23 00:26:10,026] {dagbag.py:507} INFO - Filling up the DagBag from /home/airflow/.local/lib/python3.7/site-packages/airflow/example_dags/example_trigger_target_dag.py
[2022-08-23 00:26:10,155] {processor.py:651} INFO - DAG(s) dict_keys(['example_trigger_target_dag']) retrieved from /home/airflow/.local/lib/python3.7/site-packages/airflow/example_dags/example_trigger_target_dag.py
[2022-08-23 00:26:10,181] {logging_mixin.py:115} INFO - [2022-08-23 00:26:10,180] {dag.py:2371} INFO - Sync 1 DAGs
[2022-08-23 00:26:10,206] {logging_mixin.py:115} INFO - [2022-08-23 00:26:10,206] {dag.py:2919} INFO - Setting next_dagrun for example_trigger_target_dag to None, run_after=None
[2022-08-23 00:26:10,218] {processor.py:161} INFO - Processing /home/airflow/.local/lib/python3.7/site-packages/airflow/example_dags/example_trigger_target_dag.py took 0.199 seconds
[2022-08-23 00:26:40,922] {processor.py:153} INFO - Started process (PID=7036) to work on /home/airflow/.local/lib/python3.7/site-packages/airflow/example_dags/example_trigger_target_dag.py
[2022-08-23 00:26:40,923] {processor.py:641} INFO - Processing file /home/airflow/.local/lib/python3.7/site-packages/airflow/example_dags/example_trigger_target_dag.py for tasks to queue
[2022-08-23 00:26:40,924] {logging_mixin.py:115} INFO - [2022-08-23 00:26:40,924] {dagbag.py:507} INFO - Filling up the DagBag from /home/airflow/.local/lib/python3.7/site-packages/airflow/example_dags/example_trigger_target_dag.py
[2022-08-23 00:26:41,060] {processor.py:651} INFO - DAG(s) dict_keys(['example_trigger_target_dag']) retrieved from /home/airflow/.local/lib/python3.7/site-packages/airflow/example_dags/example_trigger_target_dag.py
[2022-08-23 00:26:41,089] {logging_mixin.py:115} INFO - [2022-08-23 00:26:41,089] {dag.py:2371} INFO - Sync 1 DAGs
[2022-08-23 00:26:41,113] {logging_mixin.py:115} INFO - [2022-08-23 00:26:41,113] {dag.py:2919} INFO - Setting next_dagrun for example_trigger_target_dag to None, run_after=None
[2022-08-23 00:26:41,129] {processor.py:161} INFO - Processing /home/airflow/.local/lib/python3.7/site-packages/airflow/example_dags/example_trigger_target_dag.py took 0.211 seconds
[2022-08-23 00:27:11,260] {processor.py:153} INFO - Started process (PID=7113) to work on /home/airflow/.local/lib/python3.7/site-packages/airflow/example_dags/example_trigger_target_dag.py
[2022-08-23 00:27:11,262] {processor.py:641} INFO - Processing file /home/airflow/.local/lib/python3.7/site-packages/airflow/example_dags/example_trigger_target_dag.py for tasks to queue
[2022-08-23 00:27:11,263] {logging_mixin.py:115} INFO - [2022-08-23 00:27:11,262] {dagbag.py:507} INFO - Filling up the DagBag from /home/airflow/.local/lib/python3.7/site-packages/airflow/example_dags/example_trigger_target_dag.py
[2022-08-23 00:27:11,411] {processor.py:651} INFO - DAG(s) dict_keys(['example_trigger_target_dag']) retrieved from /home/airflow/.local/lib/python3.7/site-packages/airflow/example_dags/example_trigger_target_dag.py
[2022-08-23 00:27:11,437] {logging_mixin.py:115} INFO - [2022-08-23 00:27:11,437] {dag.py:2371} INFO - Sync 1 DAGs
[2022-08-23 00:27:11,462] {logging_mixin.py:115} INFO - [2022-08-23 00:27:11,462] {dag.py:2919} INFO - Setting next_dagrun for example_trigger_target_dag to None, run_after=None
[2022-08-23 00:27:11,475] {processor.py:161} INFO - Processing /home/airflow/.local/lib/python3.7/site-packages/airflow/example_dags/example_trigger_target_dag.py took 0.218 seconds
[2022-08-23 00:27:41,923] {processor.py:153} INFO - Started process (PID=7181) to work on /home/airflow/.local/lib/python3.7/site-packages/airflow/example_dags/example_trigger_target_dag.py
[2022-08-23 00:27:41,925] {processor.py:641} INFO - Processing file /home/airflow/.local/lib/python3.7/site-packages/airflow/example_dags/example_trigger_target_dag.py for tasks to queue
[2022-08-23 00:27:41,926] {logging_mixin.py:115} INFO - [2022-08-23 00:27:41,926] {dagbag.py:507} INFO - Filling up the DagBag from /home/airflow/.local/lib/python3.7/site-packages/airflow/example_dags/example_trigger_target_dag.py
[2022-08-23 00:27:42,083] {processor.py:651} INFO - DAG(s) dict_keys(['example_trigger_target_dag']) retrieved from /home/airflow/.local/lib/python3.7/site-packages/airflow/example_dags/example_trigger_target_dag.py
[2022-08-23 00:27:42,117] {logging_mixin.py:115} INFO - [2022-08-23 00:27:42,117] {dag.py:2371} INFO - Sync 1 DAGs
[2022-08-23 00:27:42,145] {logging_mixin.py:115} INFO - [2022-08-23 00:27:42,144] {dag.py:2919} INFO - Setting next_dagrun for example_trigger_target_dag to None, run_after=None
[2022-08-23 00:27:42,158] {processor.py:161} INFO - Processing /home/airflow/.local/lib/python3.7/site-packages/airflow/example_dags/example_trigger_target_dag.py took 0.239 seconds
