[2022-07-28 13:11:00,627] {taskinstance.py:1159} INFO - Dependencies all met for <TaskInstance: xcom_dag.processing_tasks.training_model_b manual__2022-07-28T13:10:55.372925+00:00 [queued]>
[2022-07-28 13:11:00,637] {taskinstance.py:1159} INFO - Dependencies all met for <TaskInstance: xcom_dag.processing_tasks.training_model_b manual__2022-07-28T13:10:55.372925+00:00 [queued]>
[2022-07-28 13:11:00,638] {taskinstance.py:1356} INFO - 
--------------------------------------------------------------------------------
[2022-07-28 13:11:00,639] {taskinstance.py:1357} INFO - Starting attempt 1 of 1
[2022-07-28 13:11:00,639] {taskinstance.py:1358} INFO - 
--------------------------------------------------------------------------------
[2022-07-28 13:11:00,652] {taskinstance.py:1377} INFO - Executing <Task(PythonOperator): processing_tasks.training_model_b> on 2022-07-28 13:10:55.372925+00:00
[2022-07-28 13:11:00,657] {standard_task_runner.py:52} INFO - Started process 2150 to run task
[2022-07-28 13:11:00,660] {standard_task_runner.py:79} INFO - Running: ['***', 'tasks', 'run', 'xcom_dag', 'processing_tasks.training_model_b', 'manual__2022-07-28T13:10:55.372925+00:00', '--job-id', '246', '--raw', '--subdir', 'DAGS_FOLDER/xcom_dag.py', '--cfg-path', '/tmp/tmphwldrt_c', '--error-file', '/tmp/tmpth6k4db0']
[2022-07-28 13:11:00,661] {standard_task_runner.py:80} INFO - Job 246: Subtask processing_tasks.training_model_b
[2022-07-28 13:11:00,726] {task_command.py:369} INFO - Running <TaskInstance: xcom_dag.processing_tasks.training_model_b manual__2022-07-28T13:10:55.372925+00:00 [running]> on host 2525a2c6e2b8
[2022-07-28 13:11:00,802] {taskinstance.py:1571} INFO - Exporting the following env vars:
AIRFLOW_CTX_DAG_OWNER=***
AIRFLOW_CTX_DAG_ID=xcom_dag
AIRFLOW_CTX_TASK_ID=processing_tasks.training_model_b
AIRFLOW_CTX_EXECUTION_DATE=2022-07-28T13:10:55.372925+00:00
AIRFLOW_CTX_TRY_NUMBER=1
AIRFLOW_CTX_DAG_RUN_ID=manual__2022-07-28T13:10:55.372925+00:00
[2022-07-28 13:11:00,807] {logging_mixin.py:115} INFO - model's accuracy: 7.898934309530194
[2022-07-28 13:11:00,821] {python.py:173} INFO - Done. Returned value was: None
[2022-07-28 13:11:00,839] {taskinstance.py:1400} INFO - Marking task as SUCCESS. dag_id=xcom_dag, task_id=processing_tasks.training_model_b, execution_date=20220728T131055, start_date=20220728T131100, end_date=20220728T131100
[2022-07-28 13:11:00,873] {local_task_job.py:156} INFO - Task exited with return code 0
[2022-07-28 13:11:00,919] {local_task_job.py:273} INFO - 1 downstream tasks scheduled from follow-on schedule check
