[2022-07-26 00:35:40,602] {taskinstance.py:1159} INFO - Dependencies all met for <TaskInstance: task_group_dag.processing_tasks.load_a scheduled__2022-07-25T00:00:00+00:00 [queued]>
[2022-07-26 00:35:40,613] {taskinstance.py:1159} INFO - Dependencies all met for <TaskInstance: task_group_dag.processing_tasks.load_a scheduled__2022-07-25T00:00:00+00:00 [queued]>
[2022-07-26 00:35:40,613] {taskinstance.py:1356} INFO - 
--------------------------------------------------------------------------------
[2022-07-26 00:35:40,614] {taskinstance.py:1357} INFO - Starting attempt 1 of 1
[2022-07-26 00:35:40,614] {taskinstance.py:1358} INFO - 
--------------------------------------------------------------------------------
[2022-07-26 00:35:40,627] {taskinstance.py:1377} INFO - Executing <Task(BashOperator): processing_tasks.load_a> on 2022-07-25 00:00:00+00:00
[2022-07-26 00:35:40,632] {standard_task_runner.py:52} INFO - Started process 21723 to run task
[2022-07-26 00:35:40,637] {standard_task_runner.py:79} INFO - Running: ['***', 'tasks', 'run', 'task_group_dag', 'processing_tasks.load_a', 'scheduled__2022-07-25T00:00:00+00:00', '--job-id', '128', '--raw', '--subdir', 'DAGS_FOLDER/task_group_dag.py', '--cfg-path', '/tmp/tmpdr1_l4u8', '--error-file', '/tmp/tmpfv5u2m_0']
[2022-07-26 00:35:40,637] {standard_task_runner.py:80} INFO - Job 128: Subtask processing_tasks.load_a
[2022-07-26 00:35:40,697] {task_command.py:369} INFO - Running <TaskInstance: task_group_dag.processing_tasks.load_a scheduled__2022-07-25T00:00:00+00:00 [running]> on host 8694d477c774
[2022-07-26 00:35:40,767] {taskinstance.py:1571} INFO - Exporting the following env vars:
AIRFLOW_CTX_DAG_OWNER=***
AIRFLOW_CTX_DAG_ID=task_group_dag
AIRFLOW_CTX_TASK_ID=processing_tasks.load_a
AIRFLOW_CTX_EXECUTION_DATE=2022-07-25T00:00:00+00:00
AIRFLOW_CTX_TRY_NUMBER=1
AIRFLOW_CTX_DAG_RUN_ID=scheduled__2022-07-25T00:00:00+00:00
[2022-07-26 00:35:40,769] {subprocess.py:62} INFO - Tmp dir root location: 
 /tmp
[2022-07-26 00:35:40,770] {subprocess.py:74} INFO - Running command: ['bash', '-c', 'sleep 1']
[2022-07-26 00:35:40,779] {subprocess.py:85} INFO - Output:
[2022-07-26 00:35:41,783] {subprocess.py:96} INFO - Command exited with return code 0
[2022-07-26 00:35:41,815] {taskinstance.py:1400} INFO - Marking task as SUCCESS. dag_id=task_group_dag, task_id=processing_tasks.load_a, execution_date=20220725T000000, start_date=20220726T003540, end_date=20220726T003541
[2022-07-26 00:35:41,857] {local_task_job.py:156} INFO - Task exited with return code 0
[2022-07-26 00:35:41,904] {local_task_job.py:273} INFO - 0 downstream tasks scheduled from follow-on schedule check
