[2022-07-27 20:20:29,116] {taskinstance.py:1159} INFO - Dependencies all met for <TaskInstance: xcom_dag.processing_tasks.training_model_c manual__2022-07-27T20:20:24.198203+00:00 [queued]>
[2022-07-27 20:20:29,132] {taskinstance.py:1159} INFO - Dependencies all met for <TaskInstance: xcom_dag.processing_tasks.training_model_c manual__2022-07-27T20:20:24.198203+00:00 [queued]>
[2022-07-27 20:20:29,133] {taskinstance.py:1356} INFO - 
--------------------------------------------------------------------------------
[2022-07-27 20:20:29,133] {taskinstance.py:1357} INFO - Starting attempt 1 of 1
[2022-07-27 20:20:29,134] {taskinstance.py:1358} INFO - 
--------------------------------------------------------------------------------
[2022-07-27 20:20:29,150] {taskinstance.py:1377} INFO - Executing <Task(PythonOperator): processing_tasks.training_model_c> on 2022-07-27 20:20:24.198203+00:00
[2022-07-27 20:20:29,157] {standard_task_runner.py:52} INFO - Started process 1966 to run task
[2022-07-27 20:20:29,161] {standard_task_runner.py:79} INFO - Running: ['***', 'tasks', 'run', 'xcom_dag', 'processing_tasks.training_model_c', 'manual__2022-07-27T20:20:24.198203+00:00', '--job-id', '177', '--raw', '--subdir', 'DAGS_FOLDER/xcom_dag.py', '--cfg-path', '/tmp/tmpqi2p5k9v', '--error-file', '/tmp/tmphvtiml89']
[2022-07-27 20:20:29,162] {standard_task_runner.py:80} INFO - Job 177: Subtask processing_tasks.training_model_c
[2022-07-27 20:20:29,241] {task_command.py:369} INFO - Running <TaskInstance: xcom_dag.processing_tasks.training_model_c manual__2022-07-27T20:20:24.198203+00:00 [running]> on host 8694d477c774
[2022-07-27 20:20:29,354] {taskinstance.py:1571} INFO - Exporting the following env vars:
AIRFLOW_CTX_DAG_OWNER=***
AIRFLOW_CTX_DAG_ID=xcom_dag
AIRFLOW_CTX_TASK_ID=processing_tasks.training_model_c
AIRFLOW_CTX_EXECUTION_DATE=2022-07-27T20:20:24.198203+00:00
AIRFLOW_CTX_TRY_NUMBER=1
AIRFLOW_CTX_DAG_RUN_ID=manual__2022-07-27T20:20:24.198203+00:00
[2022-07-27 20:20:29,356] {logging_mixin.py:115} INFO - model's accuracy: 4.526573724183655
[2022-07-27 20:20:29,378] {python.py:173} INFO - Done. Returned value was: None
[2022-07-27 20:20:29,396] {taskinstance.py:1400} INFO - Marking task as SUCCESS. dag_id=xcom_dag, task_id=processing_tasks.training_model_c, execution_date=20220727T202024, start_date=20220727T202029, end_date=20220727T202029
[2022-07-27 20:20:29,457] {local_task_job.py:156} INFO - Task exited with return code 0
[2022-07-27 20:20:29,494] {local_task_job.py:273} INFO - 0 downstream tasks scheduled from follow-on schedule check
