[2022-08-10 01:45:24,732] {taskinstance.py:1159} INFO - Dependencies all met for <TaskInstance: xcom_dag.choose_best_model scheduled__2022-08-05T00:00:00+00:00 [queued]>
[2022-08-10 01:45:24,763] {taskinstance.py:1159} INFO - Dependencies all met for <TaskInstance: xcom_dag.choose_best_model scheduled__2022-08-05T00:00:00+00:00 [queued]>
[2022-08-10 01:45:24,766] {taskinstance.py:1356} INFO - 
--------------------------------------------------------------------------------
[2022-08-10 01:45:24,768] {taskinstance.py:1357} INFO - Starting attempt 1 of 1
[2022-08-10 01:45:24,773] {taskinstance.py:1358} INFO - 
--------------------------------------------------------------------------------
[2022-08-10 01:45:24,811] {taskinstance.py:1377} INFO - Executing <Task(BranchPythonOperator): choose_best_model> on 2022-08-05 00:00:00+00:00
[2022-08-10 01:45:24,825] {standard_task_runner.py:52} INFO - Started process 134 to run task
[2022-08-10 01:45:24,838] {standard_task_runner.py:79} INFO - Running: ['***', 'tasks', 'run', 'xcom_dag', 'choose_best_model', 'scheduled__2022-08-05T00:00:00+00:00', '--job-id', '333', '--raw', '--subdir', 'DAGS_FOLDER/xcom_dag.py', '--cfg-path', '/tmp/tmpyo86c3h6', '--error-file', '/tmp/tmpzix2zn99']
[2022-08-10 01:45:24,843] {standard_task_runner.py:80} INFO - Job 333: Subtask choose_best_model
[2022-08-10 01:45:25,047] {task_command.py:369} INFO - Running <TaskInstance: xcom_dag.choose_best_model scheduled__2022-08-05T00:00:00+00:00 [running]> on host 531c07ae0142
[2022-08-10 01:45:25,225] {taskinstance.py:1571} INFO - Exporting the following env vars:
AIRFLOW_CTX_DAG_OWNER=***
AIRFLOW_CTX_DAG_ID=xcom_dag
AIRFLOW_CTX_TASK_ID=choose_best_model
AIRFLOW_CTX_EXECUTION_DATE=2022-08-05T00:00:00+00:00
AIRFLOW_CTX_TRY_NUMBER=1
AIRFLOW_CTX_DAG_RUN_ID=scheduled__2022-08-05T00:00:00+00:00
[2022-08-10 01:45:25,229] {logging_mixin.py:115} INFO - choose best model
[2022-08-10 01:45:25,252] {logging_mixin.py:115} INFO - [9.963158799310634, 2.5197085179826963, 7.1739384561267245]
[2022-08-10 01:45:25,253] {python.py:173} INFO - Done. Returned value was: accurate
[2022-08-10 01:45:25,255] {skipmixin.py:140} INFO - Following branch accurate
[2022-08-10 01:45:25,257] {skipmixin.py:175} INFO - Skipping tasks ['innacurate']
[2022-08-10 01:45:25,348] {taskinstance.py:1400} INFO - Marking task as SUCCESS. dag_id=xcom_dag, task_id=choose_best_model, execution_date=20220805T000000, start_date=20220810T014524, end_date=20220810T014525
[2022-08-10 01:45:25,414] {local_task_job.py:156} INFO - Task exited with return code 0
[2022-08-10 01:45:25,543] {local_task_job.py:273} INFO - 1 downstream tasks scheduled from follow-on schedule check
