[2022-07-25 20:28:13,994] {taskinstance.py:1159} INFO - Dependencies all met for <TaskInstance: parallel_dag.load_b scheduled__2022-07-24T00:00:00+00:00 [queued]>
[2022-07-25 20:28:14,003] {taskinstance.py:1159} INFO - Dependencies all met for <TaskInstance: parallel_dag.load_b scheduled__2022-07-24T00:00:00+00:00 [queued]>
[2022-07-25 20:28:14,004] {taskinstance.py:1356} INFO - 
--------------------------------------------------------------------------------
[2022-07-25 20:28:14,004] {taskinstance.py:1357} INFO - Starting attempt 1 of 1
[2022-07-25 20:28:14,005] {taskinstance.py:1358} INFO - 
--------------------------------------------------------------------------------
[2022-07-25 20:28:14,019] {taskinstance.py:1377} INFO - Executing <Task(BashOperator): load_b> on 2022-07-24 00:00:00+00:00
[2022-07-25 20:28:14,024] {standard_task_runner.py:52} INFO - Started process 9891 to run task
[2022-07-25 20:28:14,028] {standard_task_runner.py:79} INFO - Running: ['***', 'tasks', 'run', 'parallel_dag', 'load_b', 'scheduled__2022-07-24T00:00:00+00:00', '--job-id', '113', '--raw', '--subdir', 'DAGS_FOLDER/parallel_dag.py', '--cfg-path', '/tmp/tmp0pahq896', '--error-file', '/tmp/tmpqjmltdbc']
[2022-07-25 20:28:14,029] {standard_task_runner.py:80} INFO - Job 113: Subtask load_b
[2022-07-25 20:28:14,086] {task_command.py:369} INFO - Running <TaskInstance: parallel_dag.load_b scheduled__2022-07-24T00:00:00+00:00 [running]> on host 8694d477c774
[2022-07-25 20:28:14,154] {taskinstance.py:1571} INFO - Exporting the following env vars:
AIRFLOW_CTX_DAG_OWNER=***
AIRFLOW_CTX_DAG_ID=parallel_dag
AIRFLOW_CTX_TASK_ID=load_b
AIRFLOW_CTX_EXECUTION_DATE=2022-07-24T00:00:00+00:00
AIRFLOW_CTX_TRY_NUMBER=1
AIRFLOW_CTX_DAG_RUN_ID=scheduled__2022-07-24T00:00:00+00:00
[2022-07-25 20:28:14,155] {subprocess.py:62} INFO - Tmp dir root location: 
 /tmp
[2022-07-25 20:28:14,156] {subprocess.py:74} INFO - Running command: ['bash', '-c', 'sleep 1']
[2022-07-25 20:28:14,167] {subprocess.py:85} INFO - Output:
[2022-07-25 20:28:15,170] {subprocess.py:96} INFO - Command exited with return code 0
[2022-07-25 20:28:15,200] {taskinstance.py:1400} INFO - Marking task as SUCCESS. dag_id=parallel_dag, task_id=load_b, execution_date=20220724T000000, start_date=20220725T202813, end_date=20220725T202815
[2022-07-25 20:28:15,228] {local_task_job.py:156} INFO - Task exited with return code 0
[2022-07-25 20:28:15,262] {local_task_job.py:273} INFO - 1 downstream tasks scheduled from follow-on schedule check
