[2022-07-27 21:06:43,647] {taskinstance.py:1159} INFO - Dependencies all met for <TaskInstance: xcom_dag.is_accurate manual__2022-07-27T21:06:36.165556+00:00 [queued]>
[2022-07-27 21:06:43,658] {taskinstance.py:1159} INFO - Dependencies all met for <TaskInstance: xcom_dag.is_accurate manual__2022-07-27T21:06:36.165556+00:00 [queued]>
[2022-07-27 21:06:43,658] {taskinstance.py:1356} INFO - 
--------------------------------------------------------------------------------
[2022-07-27 21:06:43,659] {taskinstance.py:1357} INFO - Starting attempt 1 of 1
[2022-07-27 21:06:43,659] {taskinstance.py:1358} INFO - 
--------------------------------------------------------------------------------
[2022-07-27 21:06:43,672] {taskinstance.py:1377} INFO - Executing <Task(BranchPythonOperator): is_accurate> on 2022-07-27 21:06:36.165556+00:00
[2022-07-27 21:06:43,676] {standard_task_runner.py:52} INFO - Started process 4205 to run task
[2022-07-27 21:06:43,679] {standard_task_runner.py:79} INFO - Running: ['***', 'tasks', 'run', 'xcom_dag', 'is_accurate', 'manual__2022-07-27T21:06:36.165556+00:00', '--job-id', '199', '--raw', '--subdir', 'DAGS_FOLDER/xcom_dag.py', '--cfg-path', '/tmp/tmpji4dxach', '--error-file', '/tmp/tmpe43ydf9c']
[2022-07-27 21:06:43,680] {standard_task_runner.py:80} INFO - Job 199: Subtask is_accurate
[2022-07-27 21:06:43,735] {task_command.py:369} INFO - Running <TaskInstance: xcom_dag.is_accurate manual__2022-07-27T21:06:36.165556+00:00 [running]> on host 8694d477c774
[2022-07-27 21:06:43,802] {taskinstance.py:1571} INFO - Exporting the following env vars:
AIRFLOW_CTX_DAG_OWNER=***
AIRFLOW_CTX_DAG_ID=xcom_dag
AIRFLOW_CTX_TASK_ID=is_accurate
AIRFLOW_CTX_EXECUTION_DATE=2022-07-27T21:06:36.165556+00:00
AIRFLOW_CTX_TRY_NUMBER=1
AIRFLOW_CTX_DAG_RUN_ID=manual__2022-07-27T21:06:36.165556+00:00
[2022-07-27 21:06:43,803] {python.py:173} INFO - Done. Returned value was: accurate
[2022-07-27 21:06:43,804] {skipmixin.py:140} INFO - Following branch accurate
[2022-07-27 21:06:43,805] {skipmixin.py:175} INFO - Skipping tasks ['innacurate']
[2022-07-27 21:06:43,850] {taskinstance.py:1400} INFO - Marking task as SUCCESS. dag_id=xcom_dag, task_id=is_accurate, execution_date=20220727T210636, start_date=20220727T210643, end_date=20220727T210643
[2022-07-27 21:06:43,893] {local_task_job.py:156} INFO - Task exited with return code 0
[2022-07-27 21:06:43,943] {local_task_job.py:273} INFO - 1 downstream tasks scheduled from follow-on schedule check
