[2022-10-11 20:53:47,039] {taskinstance.py:1159} INFO - Dependencies all met for <TaskInstance: xcom_dag.processing_tasks.training_model_b manual__2022-10-11T20:53:41.646171+00:00 [queued]>
[2022-10-11 20:53:47,052] {taskinstance.py:1159} INFO - Dependencies all met for <TaskInstance: xcom_dag.processing_tasks.training_model_b manual__2022-10-11T20:53:41.646171+00:00 [queued]>
[2022-10-11 20:53:47,052] {taskinstance.py:1356} INFO - 
--------------------------------------------------------------------------------
[2022-10-11 20:53:47,053] {taskinstance.py:1357} INFO - Starting attempt 1 of 1
[2022-10-11 20:53:47,054] {taskinstance.py:1358} INFO - 
--------------------------------------------------------------------------------
[2022-10-11 20:53:47,076] {taskinstance.py:1377} INFO - Executing <Task(PythonOperator): processing_tasks.training_model_b> on 2022-10-11 20:53:41.646171+00:00
[2022-10-11 20:53:47,093] {standard_task_runner.py:52} INFO - Started process 188 to run task
[2022-10-11 20:53:47,098] {standard_task_runner.py:79} INFO - Running: ['***', 'tasks', 'run', 'xcom_dag', 'processing_tasks.training_model_b', 'manual__2022-10-11T20:53:41.646171+00:00', '--job-id', '9', '--raw', '--subdir', 'DAGS_FOLDER/xcom_dag.py', '--cfg-path', '/tmp/tmpgs9xm9_n', '--error-file', '/tmp/tmpszmc0dks']
[2022-10-11 20:53:47,102] {standard_task_runner.py:80} INFO - Job 9: Subtask processing_tasks.training_model_b
[2022-10-11 20:53:47,204] {task_command.py:369} INFO - Running <TaskInstance: xcom_dag.processing_tasks.training_model_b manual__2022-10-11T20:53:41.646171+00:00 [running]> on host d4f0bcaed1ee
[2022-10-11 20:53:47,317] {taskinstance.py:1571} INFO - Exporting the following env vars:
AIRFLOW_CTX_DAG_OWNER=***
AIRFLOW_CTX_DAG_ID=xcom_dag
AIRFLOW_CTX_TASK_ID=processing_tasks.training_model_b
AIRFLOW_CTX_EXECUTION_DATE=2022-10-11T20:53:41.646171+00:00
AIRFLOW_CTX_TRY_NUMBER=1
AIRFLOW_CTX_DAG_RUN_ID=manual__2022-10-11T20:53:41.646171+00:00
[2022-10-11 20:53:47,322] {logging_mixin.py:115} INFO - model's accuracy: 7.632932410282269
[2022-10-11 20:53:47,356] {python.py:173} INFO - Done. Returned value was: None
[2022-10-11 20:53:47,376] {taskinstance.py:1400} INFO - Marking task as SUCCESS. dag_id=xcom_dag, task_id=processing_tasks.training_model_b, execution_date=20221011T205341, start_date=20221011T205347, end_date=20221011T205347
[2022-10-11 20:53:47,437] {local_task_job.py:156} INFO - Task exited with return code 0
[2022-10-11 20:53:47,504] {local_task_job.py:273} INFO - 0 downstream tasks scheduled from follow-on schedule check
