[2022-10-11 20:53:48,842] {taskinstance.py:1159} INFO - Dependencies all met for <TaskInstance: xcom_dag.choose_best_model manual__2022-10-11T20:53:41.646171+00:00 [queued]>
[2022-10-11 20:53:48,851] {taskinstance.py:1159} INFO - Dependencies all met for <TaskInstance: xcom_dag.choose_best_model manual__2022-10-11T20:53:41.646171+00:00 [queued]>
[2022-10-11 20:53:48,852] {taskinstance.py:1356} INFO - 
--------------------------------------------------------------------------------
[2022-10-11 20:53:48,852] {taskinstance.py:1357} INFO - Starting attempt 1 of 1
[2022-10-11 20:53:48,853] {taskinstance.py:1358} INFO - 
--------------------------------------------------------------------------------
[2022-10-11 20:53:48,865] {taskinstance.py:1377} INFO - Executing <Task(BranchPythonOperator): choose_best_model> on 2022-10-11 20:53:41.646171+00:00
[2022-10-11 20:53:48,872] {standard_task_runner.py:52} INFO - Started process 193 to run task
[2022-10-11 20:53:48,875] {standard_task_runner.py:79} INFO - Running: ['***', 'tasks', 'run', 'xcom_dag', 'choose_best_model', 'manual__2022-10-11T20:53:41.646171+00:00', '--job-id', '12', '--raw', '--subdir', 'DAGS_FOLDER/xcom_dag.py', '--cfg-path', '/tmp/tmpyl4q7yx7', '--error-file', '/tmp/tmpvqv85zu0']
[2022-10-11 20:53:48,877] {standard_task_runner.py:80} INFO - Job 12: Subtask choose_best_model
[2022-10-11 20:53:48,940] {task_command.py:369} INFO - Running <TaskInstance: xcom_dag.choose_best_model manual__2022-10-11T20:53:41.646171+00:00 [running]> on host d4f0bcaed1ee
[2022-10-11 20:53:49,017] {taskinstance.py:1571} INFO - Exporting the following env vars:
AIRFLOW_CTX_DAG_OWNER=***
AIRFLOW_CTX_DAG_ID=xcom_dag
AIRFLOW_CTX_TASK_ID=choose_best_model
AIRFLOW_CTX_EXECUTION_DATE=2022-10-11T20:53:41.646171+00:00
AIRFLOW_CTX_TRY_NUMBER=1
AIRFLOW_CTX_DAG_RUN_ID=manual__2022-10-11T20:53:41.646171+00:00
[2022-10-11 20:53:49,020] {logging_mixin.py:115} INFO - choose best model
[2022-10-11 20:53:49,031] {logging_mixin.py:115} INFO - [6.438840265558788, 7.632932410282269, 7.624261377440479]
[2022-10-11 20:53:49,031] {python.py:173} INFO - Done. Returned value was: accurate
[2022-10-11 20:53:49,032] {skipmixin.py:140} INFO - Following branch accurate
[2022-10-11 20:53:49,033] {skipmixin.py:175} INFO - Skipping tasks ['innacurate']
[2022-10-11 20:53:49,090] {taskinstance.py:1400} INFO - Marking task as SUCCESS. dag_id=xcom_dag, task_id=choose_best_model, execution_date=20221011T205341, start_date=20221011T205348, end_date=20221011T205349
[2022-10-11 20:53:49,129] {local_task_job.py:156} INFO - Task exited with return code 0
[2022-10-11 20:53:49,178] {local_task_job.py:273} INFO - 1 downstream tasks scheduled from follow-on schedule check
