[2022-07-28 12:56:11,748] {taskinstance.py:1159} INFO - Dependencies all met for <TaskInstance: trigger_rule_dag.task_3 scheduled__2022-07-27T00:00:00+00:00 [queued]>
[2022-07-28 12:56:11,764] {taskinstance.py:1159} INFO - Dependencies all met for <TaskInstance: trigger_rule_dag.task_3 scheduled__2022-07-27T00:00:00+00:00 [queued]>
[2022-07-28 12:56:11,765] {taskinstance.py:1356} INFO - 
--------------------------------------------------------------------------------
[2022-07-28 12:56:11,766] {taskinstance.py:1357} INFO - Starting attempt 1 of 1
[2022-07-28 12:56:11,766] {taskinstance.py:1358} INFO - 
--------------------------------------------------------------------------------
[2022-07-28 12:56:11,781] {taskinstance.py:1377} INFO - Executing <Task(BashOperator): task_3> on 2022-07-27 00:00:00+00:00
[2022-07-28 12:56:11,787] {standard_task_runner.py:52} INFO - Started process 1389 to run task
[2022-07-28 12:56:11,792] {standard_task_runner.py:79} INFO - Running: ['***', 'tasks', 'run', 'trigger_rule_dag', 'task_3', 'scheduled__2022-07-27T00:00:00+00:00', '--job-id', '224', '--raw', '--subdir', 'DAGS_FOLDER/trigger_rule_dag.py', '--cfg-path', '/tmp/tmphgctq2bu', '--error-file', '/tmp/tmpgqg7ctfh']
[2022-07-28 12:56:11,793] {standard_task_runner.py:80} INFO - Job 224: Subtask task_3
[2022-07-28 12:56:11,855] {task_command.py:369} INFO - Running <TaskInstance: trigger_rule_dag.task_3 scheduled__2022-07-27T00:00:00+00:00 [running]> on host 2525a2c6e2b8
[2022-07-28 12:56:11,935] {taskinstance.py:1571} INFO - Exporting the following env vars:
AIRFLOW_CTX_DAG_OWNER=***
AIRFLOW_CTX_DAG_ID=trigger_rule_dag
AIRFLOW_CTX_TASK_ID=task_3
AIRFLOW_CTX_EXECUTION_DATE=2022-07-27T00:00:00+00:00
AIRFLOW_CTX_TRY_NUMBER=1
AIRFLOW_CTX_DAG_RUN_ID=scheduled__2022-07-27T00:00:00+00:00
[2022-07-28 12:56:11,937] {subprocess.py:62} INFO - Tmp dir root location: 
 /tmp
[2022-07-28 12:56:11,938] {subprocess.py:74} INFO - Running command: ['bash', '-c', 'exit 0']
[2022-07-28 12:56:11,955] {subprocess.py:85} INFO - Output:
[2022-07-28 12:56:11,958] {subprocess.py:96} INFO - Command exited with return code 0
[2022-07-28 12:56:11,978] {taskinstance.py:1400} INFO - Marking task as SUCCESS. dag_id=trigger_rule_dag, task_id=task_3, execution_date=20220727T000000, start_date=20220728T125611, end_date=20220728T125611
[2022-07-28 12:56:12,007] {local_task_job.py:156} INFO - Task exited with return code 0
[2022-07-28 12:56:12,051] {local_task_job.py:273} INFO - 0 downstream tasks scheduled from follow-on schedule check
