[2022-07-26 00:35:48,500] {taskinstance.py:1159} INFO - Dependencies all met for <TaskInstance: task_group_dag.extract_b manual__2022-07-26T00:35:47.753686+00:00 [queued]>
[2022-07-26 00:35:48,509] {taskinstance.py:1159} INFO - Dependencies all met for <TaskInstance: task_group_dag.extract_b manual__2022-07-26T00:35:47.753686+00:00 [queued]>
[2022-07-26 00:35:48,510] {taskinstance.py:1356} INFO - 
--------------------------------------------------------------------------------
[2022-07-26 00:35:48,511] {taskinstance.py:1357} INFO - Starting attempt 1 of 1
[2022-07-26 00:35:48,511] {taskinstance.py:1358} INFO - 
--------------------------------------------------------------------------------
[2022-07-26 00:35:48,523] {taskinstance.py:1377} INFO - Executing <Task(BashOperator): extract_b> on 2022-07-26 00:35:47.753686+00:00
[2022-07-26 00:35:48,528] {standard_task_runner.py:52} INFO - Started process 21739 to run task
[2022-07-26 00:35:48,531] {standard_task_runner.py:79} INFO - Running: ['***', 'tasks', 'run', 'task_group_dag', 'extract_b', 'manual__2022-07-26T00:35:47.753686+00:00', '--job-id', '132', '--raw', '--subdir', 'DAGS_FOLDER/task_group_dag.py', '--cfg-path', '/tmp/tmpra5ugtqu', '--error-file', '/tmp/tmpjh4o6rsv']
[2022-07-26 00:35:48,532] {standard_task_runner.py:80} INFO - Job 132: Subtask extract_b
[2022-07-26 00:35:48,589] {task_command.py:369} INFO - Running <TaskInstance: task_group_dag.extract_b manual__2022-07-26T00:35:47.753686+00:00 [running]> on host 8694d477c774
[2022-07-26 00:35:48,667] {taskinstance.py:1571} INFO - Exporting the following env vars:
AIRFLOW_CTX_DAG_OWNER=***
AIRFLOW_CTX_DAG_ID=task_group_dag
AIRFLOW_CTX_TASK_ID=extract_b
AIRFLOW_CTX_EXECUTION_DATE=2022-07-26T00:35:47.753686+00:00
AIRFLOW_CTX_TRY_NUMBER=1
AIRFLOW_CTX_DAG_RUN_ID=manual__2022-07-26T00:35:47.753686+00:00
[2022-07-26 00:35:48,669] {subprocess.py:62} INFO - Tmp dir root location: 
 /tmp
[2022-07-26 00:35:48,670] {subprocess.py:74} INFO - Running command: ['bash', '-c', 'sleep 1']
[2022-07-26 00:35:48,680] {subprocess.py:85} INFO - Output:
[2022-07-26 00:35:49,684] {subprocess.py:96} INFO - Command exited with return code 0
[2022-07-26 00:35:49,714] {taskinstance.py:1400} INFO - Marking task as SUCCESS. dag_id=task_group_dag, task_id=extract_b, execution_date=20220726T003547, start_date=20220726T003548, end_date=20220726T003549
[2022-07-26 00:35:49,760] {local_task_job.py:156} INFO - Task exited with return code 0
[2022-07-26 00:35:49,803] {local_task_job.py:273} INFO - 1 downstream tasks scheduled from follow-on schedule check
