[2022-07-28 13:11:00,596] {taskinstance.py:1159} INFO - Dependencies all met for <TaskInstance: xcom_dag.processing_tasks.training_model_a manual__2022-07-28T13:10:55.372925+00:00 [queued]>
[2022-07-28 13:11:00,605] {taskinstance.py:1159} INFO - Dependencies all met for <TaskInstance: xcom_dag.processing_tasks.training_model_a manual__2022-07-28T13:10:55.372925+00:00 [queued]>
[2022-07-28 13:11:00,605] {taskinstance.py:1356} INFO - 
--------------------------------------------------------------------------------
[2022-07-28 13:11:00,606] {taskinstance.py:1357} INFO - Starting attempt 1 of 1
[2022-07-28 13:11:00,606] {taskinstance.py:1358} INFO - 
--------------------------------------------------------------------------------
[2022-07-28 13:11:00,619] {taskinstance.py:1377} INFO - Executing <Task(PythonOperator): processing_tasks.training_model_a> on 2022-07-28 13:10:55.372925+00:00
[2022-07-28 13:11:00,623] {standard_task_runner.py:52} INFO - Started process 2149 to run task
[2022-07-28 13:11:00,627] {standard_task_runner.py:79} INFO - Running: ['***', 'tasks', 'run', 'xcom_dag', 'processing_tasks.training_model_a', 'manual__2022-07-28T13:10:55.372925+00:00', '--job-id', '245', '--raw', '--subdir', 'DAGS_FOLDER/xcom_dag.py', '--cfg-path', '/tmp/tmp8cfp5nmw', '--error-file', '/tmp/tmpwd2n_zum']
[2022-07-28 13:11:00,628] {standard_task_runner.py:80} INFO - Job 245: Subtask processing_tasks.training_model_a
[2022-07-28 13:11:00,684] {task_command.py:369} INFO - Running <TaskInstance: xcom_dag.processing_tasks.training_model_a manual__2022-07-28T13:10:55.372925+00:00 [running]> on host 2525a2c6e2b8
[2022-07-28 13:11:00,760] {taskinstance.py:1571} INFO - Exporting the following env vars:
AIRFLOW_CTX_DAG_OWNER=***
AIRFLOW_CTX_DAG_ID=xcom_dag
AIRFLOW_CTX_TASK_ID=processing_tasks.training_model_a
AIRFLOW_CTX_EXECUTION_DATE=2022-07-28T13:10:55.372925+00:00
AIRFLOW_CTX_TRY_NUMBER=1
AIRFLOW_CTX_DAG_RUN_ID=manual__2022-07-28T13:10:55.372925+00:00
[2022-07-28 13:11:00,762] {logging_mixin.py:115} INFO - model's accuracy: 1.995909979783304
[2022-07-28 13:11:00,780] {python.py:173} INFO - Done. Returned value was: None
[2022-07-28 13:11:00,794] {taskinstance.py:1400} INFO - Marking task as SUCCESS. dag_id=xcom_dag, task_id=processing_tasks.training_model_a, execution_date=20220728T131055, start_date=20220728T131100, end_date=20220728T131100
[2022-07-28 13:11:00,840] {local_task_job.py:156} INFO - Task exited with return code 0
[2022-07-28 13:11:00,880] {local_task_job.py:273} INFO - 0 downstream tasks scheduled from follow-on schedule check
