[2022-07-27 18:07:55,595] {taskinstance.py:1159} INFO - Dependencies all met for <TaskInstance: xcom_dag.task_4 manual__2022-07-27T18:07:49.833632+00:00 [queued]>
[2022-07-27 18:07:55,605] {taskinstance.py:1159} INFO - Dependencies all met for <TaskInstance: xcom_dag.task_4 manual__2022-07-27T18:07:49.833632+00:00 [queued]>
[2022-07-27 18:07:55,606] {taskinstance.py:1356} INFO - 
--------------------------------------------------------------------------------
[2022-07-27 18:07:55,606] {taskinstance.py:1357} INFO - Starting attempt 1 of 1
[2022-07-27 18:07:55,607] {taskinstance.py:1358} INFO - 
--------------------------------------------------------------------------------
[2022-07-27 18:07:55,619] {taskinstance.py:1377} INFO - Executing <Task(PythonOperator): task_4> on 2022-07-27 18:07:49.833632+00:00
[2022-07-27 18:07:55,623] {standard_task_runner.py:52} INFO - Started process 34916 to run task
[2022-07-27 18:07:55,627] {standard_task_runner.py:79} INFO - Running: ['***', 'tasks', 'run', 'xcom_dag', 'task_4', 'manual__2022-07-27T18:07:49.833632+00:00', '--job-id', '161', '--raw', '--subdir', 'DAGS_FOLDER/xcom_dag.py', '--cfg-path', '/tmp/tmpy187sy3v', '--error-file', '/tmp/tmpcxii66dy']
[2022-07-27 18:07:55,628] {standard_task_runner.py:80} INFO - Job 161: Subtask task_4
[2022-07-27 18:07:55,684] {task_command.py:369} INFO - Running <TaskInstance: xcom_dag.task_4 manual__2022-07-27T18:07:49.833632+00:00 [running]> on host 8694d477c774
[2022-07-27 18:07:55,753] {taskinstance.py:1571} INFO - Exporting the following env vars:
AIRFLOW_CTX_DAG_OWNER=***
AIRFLOW_CTX_DAG_ID=xcom_dag
AIRFLOW_CTX_TASK_ID=task_4
AIRFLOW_CTX_EXECUTION_DATE=2022-07-27T18:07:49.833632+00:00
AIRFLOW_CTX_TRY_NUMBER=1
AIRFLOW_CTX_DAG_RUN_ID=manual__2022-07-27T18:07:49.833632+00:00
[2022-07-27 18:07:55,755] {logging_mixin.py:115} INFO - choose best model
[2022-07-27 18:07:55,764] {python.py:173} INFO - Done. Returned value was: None
[2022-07-27 18:07:55,778] {taskinstance.py:1400} INFO - Marking task as SUCCESS. dag_id=xcom_dag, task_id=task_4, execution_date=20220727T180749, start_date=20220727T180755, end_date=20220727T180755
[2022-07-27 18:07:55,800] {local_task_job.py:156} INFO - Task exited with return code 0
[2022-07-27 18:07:55,829] {local_task_job.py:273} INFO - 0 downstream tasks scheduled from follow-on schedule check
