[2022-07-28 13:10:55,986] {taskinstance.py:1159} INFO - Dependencies all met for <TaskInstance: xcom_dag.downloading_data manual__2022-07-28T13:10:55.372925+00:00 [queued]>
[2022-07-28 13:10:55,997] {taskinstance.py:1159} INFO - Dependencies all met for <TaskInstance: xcom_dag.downloading_data manual__2022-07-28T13:10:55.372925+00:00 [queued]>
[2022-07-28 13:10:55,998] {taskinstance.py:1356} INFO - 
--------------------------------------------------------------------------------
[2022-07-28 13:10:55,998] {taskinstance.py:1357} INFO - Starting attempt 1 of 1
[2022-07-28 13:10:55,999] {taskinstance.py:1358} INFO - 
--------------------------------------------------------------------------------
[2022-07-28 13:10:56,010] {taskinstance.py:1377} INFO - Executing <Task(BashOperator): downloading_data> on 2022-07-28 13:10:55.372925+00:00
[2022-07-28 13:10:56,014] {standard_task_runner.py:52} INFO - Started process 2135 to run task
[2022-07-28 13:10:56,018] {standard_task_runner.py:79} INFO - Running: ['***', 'tasks', 'run', 'xcom_dag', 'downloading_data', 'manual__2022-07-28T13:10:55.372925+00:00', '--job-id', '244', '--raw', '--subdir', 'DAGS_FOLDER/xcom_dag.py', '--cfg-path', '/tmp/tmph90pqkb8', '--error-file', '/tmp/tmpiygbtzxw']
[2022-07-28 13:10:56,019] {standard_task_runner.py:80} INFO - Job 244: Subtask downloading_data
[2022-07-28 13:10:56,071] {task_command.py:369} INFO - Running <TaskInstance: xcom_dag.downloading_data manual__2022-07-28T13:10:55.372925+00:00 [running]> on host 2525a2c6e2b8
[2022-07-28 13:10:56,142] {taskinstance.py:1571} INFO - Exporting the following env vars:
AIRFLOW_CTX_DAG_OWNER=***
AIRFLOW_CTX_DAG_ID=xcom_dag
AIRFLOW_CTX_TASK_ID=downloading_data
AIRFLOW_CTX_EXECUTION_DATE=2022-07-28T13:10:55.372925+00:00
AIRFLOW_CTX_TRY_NUMBER=1
AIRFLOW_CTX_DAG_RUN_ID=manual__2022-07-28T13:10:55.372925+00:00
[2022-07-28 13:10:56,144] {subprocess.py:62} INFO - Tmp dir root location: 
 /tmp
[2022-07-28 13:10:56,146] {subprocess.py:74} INFO - Running command: ['bash', '-c', 'sleep 3']
[2022-07-28 13:10:56,158] {subprocess.py:85} INFO - Output:
[2022-07-28 13:10:59,161] {subprocess.py:96} INFO - Command exited with return code 0
[2022-07-28 13:10:59,200] {taskinstance.py:1400} INFO - Marking task as SUCCESS. dag_id=xcom_dag, task_id=downloading_data, execution_date=20220728T131055, start_date=20220728T131055, end_date=20220728T131059
[2022-07-28 13:10:59,253] {local_task_job.py:156} INFO - Task exited with return code 0
[2022-07-28 13:10:59,296] {local_task_job.py:273} INFO - 3 downstream tasks scheduled from follow-on schedule check
