[2022-07-29 00:00:05,722] {taskinstance.py:1159} INFO - Dependencies all met for <TaskInstance: xcom_dag.processing_tasks.training_model_b scheduled__2022-07-28T00:00:00+00:00 [queued]>
[2022-07-29 00:00:05,742] {taskinstance.py:1159} INFO - Dependencies all met for <TaskInstance: xcom_dag.processing_tasks.training_model_b scheduled__2022-07-28T00:00:00+00:00 [queued]>
[2022-07-29 00:00:05,743] {taskinstance.py:1356} INFO - 
--------------------------------------------------------------------------------
[2022-07-29 00:00:05,743] {taskinstance.py:1357} INFO - Starting attempt 1 of 1
[2022-07-29 00:00:05,744] {taskinstance.py:1358} INFO - 
--------------------------------------------------------------------------------
[2022-07-29 00:00:05,766] {taskinstance.py:1377} INFO - Executing <Task(PythonOperator): processing_tasks.training_model_b> on 2022-07-28 00:00:00+00:00
[2022-07-29 00:00:05,772] {standard_task_runner.py:52} INFO - Started process 6091 to run task
[2022-07-29 00:00:05,778] {standard_task_runner.py:79} INFO - Running: ['***', 'tasks', 'run', 'xcom_dag', 'processing_tasks.training_model_b', 'scheduled__2022-07-28T00:00:00+00:00', '--job-id', '255', '--raw', '--subdir', 'DAGS_FOLDER/xcom_dag.py', '--cfg-path', '/tmp/tmpxtwcnk4w', '--error-file', '/tmp/tmpy8zk2pg9']
[2022-07-29 00:00:05,779] {standard_task_runner.py:80} INFO - Job 255: Subtask processing_tasks.training_model_b
[2022-07-29 00:00:05,845] {task_command.py:369} INFO - Running <TaskInstance: xcom_dag.processing_tasks.training_model_b scheduled__2022-07-28T00:00:00+00:00 [running]> on host 2525a2c6e2b8
[2022-07-29 00:00:05,939] {taskinstance.py:1571} INFO - Exporting the following env vars:
AIRFLOW_CTX_DAG_OWNER=***
AIRFLOW_CTX_DAG_ID=xcom_dag
AIRFLOW_CTX_TASK_ID=processing_tasks.training_model_b
AIRFLOW_CTX_EXECUTION_DATE=2022-07-28T00:00:00+00:00
AIRFLOW_CTX_TRY_NUMBER=1
AIRFLOW_CTX_DAG_RUN_ID=scheduled__2022-07-28T00:00:00+00:00
[2022-07-29 00:00:05,944] {logging_mixin.py:115} INFO - model's accuracy: 3.4693187977195077
[2022-07-29 00:00:05,958] {python.py:173} INFO - Done. Returned value was: None
[2022-07-29 00:00:05,974] {taskinstance.py:1400} INFO - Marking task as SUCCESS. dag_id=xcom_dag, task_id=processing_tasks.training_model_b, execution_date=20220728T000000, start_date=20220729T000005, end_date=20220729T000005
[2022-07-29 00:00:06,002] {local_task_job.py:156} INFO - Task exited with return code 0
[2022-07-29 00:00:06,048] {local_task_job.py:273} INFO - 1 downstream tasks scheduled from follow-on schedule check
