[2022-08-03 00:00:05,227] {taskinstance.py:1159} INFO - Dependencies all met for <TaskInstance: xcom_dag.processing_tasks.training_model_a scheduled__2022-08-02T00:00:00+00:00 [queued]>
[2022-08-03 00:00:05,238] {taskinstance.py:1159} INFO - Dependencies all met for <TaskInstance: xcom_dag.processing_tasks.training_model_a scheduled__2022-08-02T00:00:00+00:00 [queued]>
[2022-08-03 00:00:05,239] {taskinstance.py:1356} INFO - 
--------------------------------------------------------------------------------
[2022-08-03 00:00:05,239] {taskinstance.py:1357} INFO - Starting attempt 1 of 1
[2022-08-03 00:00:05,240] {taskinstance.py:1358} INFO - 
--------------------------------------------------------------------------------
[2022-08-03 00:00:05,255] {taskinstance.py:1377} INFO - Executing <Task(PythonOperator): processing_tasks.training_model_a> on 2022-08-02 00:00:00+00:00
[2022-08-03 00:00:05,260] {standard_task_runner.py:52} INFO - Started process 34900 to run task
[2022-08-03 00:00:05,264] {standard_task_runner.py:79} INFO - Running: ['***', 'tasks', 'run', 'xcom_dag', 'processing_tasks.training_model_a', 'scheduled__2022-08-02T00:00:00+00:00', '--job-id', '295', '--raw', '--subdir', 'DAGS_FOLDER/xcom_dag.py', '--cfg-path', '/tmp/tmp2f6o7jrm', '--error-file', '/tmp/tmpyi02izk7']
[2022-08-03 00:00:05,265] {standard_task_runner.py:80} INFO - Job 295: Subtask processing_tasks.training_model_a
[2022-08-03 00:00:05,328] {task_command.py:369} INFO - Running <TaskInstance: xcom_dag.processing_tasks.training_model_a scheduled__2022-08-02T00:00:00+00:00 [running]> on host 2525a2c6e2b8
[2022-08-03 00:00:05,401] {taskinstance.py:1571} INFO - Exporting the following env vars:
AIRFLOW_CTX_DAG_OWNER=***
AIRFLOW_CTX_DAG_ID=xcom_dag
AIRFLOW_CTX_TASK_ID=processing_tasks.training_model_a
AIRFLOW_CTX_EXECUTION_DATE=2022-08-02T00:00:00+00:00
AIRFLOW_CTX_TRY_NUMBER=1
AIRFLOW_CTX_DAG_RUN_ID=scheduled__2022-08-02T00:00:00+00:00
[2022-08-03 00:00:05,403] {logging_mixin.py:115} INFO - model's accuracy: 6.378905481759291
[2022-08-03 00:00:05,419] {python.py:173} INFO - Done. Returned value was: None
[2022-08-03 00:00:05,446] {taskinstance.py:1400} INFO - Marking task as SUCCESS. dag_id=xcom_dag, task_id=processing_tasks.training_model_a, execution_date=20220802T000000, start_date=20220803T000005, end_date=20220803T000005
[2022-08-03 00:00:05,479] {local_task_job.py:156} INFO - Task exited with return code 0
[2022-08-03 00:00:05,518] {local_task_job.py:273} INFO - 0 downstream tasks scheduled from follow-on schedule check
