[2022-07-26 00:35:40,637] {taskinstance.py:1159} INFO - Dependencies all met for <TaskInstance: task_group_dag.extract_b scheduled__2022-07-25T00:00:00+00:00 [queued]>
[2022-07-26 00:35:40,646] {taskinstance.py:1159} INFO - Dependencies all met for <TaskInstance: task_group_dag.extract_b scheduled__2022-07-25T00:00:00+00:00 [queued]>
[2022-07-26 00:35:40,647] {taskinstance.py:1356} INFO - 
--------------------------------------------------------------------------------
[2022-07-26 00:35:40,648] {taskinstance.py:1357} INFO - Starting attempt 1 of 1
[2022-07-26 00:35:40,648] {taskinstance.py:1358} INFO - 
--------------------------------------------------------------------------------
[2022-07-26 00:35:40,663] {taskinstance.py:1377} INFO - Executing <Task(BashOperator): extract_b> on 2022-07-25 00:00:00+00:00
[2022-07-26 00:35:40,667] {standard_task_runner.py:52} INFO - Started process 21724 to run task
[2022-07-26 00:35:40,671] {standard_task_runner.py:79} INFO - Running: ['***', 'tasks', 'run', 'task_group_dag', 'extract_b', 'scheduled__2022-07-25T00:00:00+00:00', '--job-id', '129', '--raw', '--subdir', 'DAGS_FOLDER/task_group_dag.py', '--cfg-path', '/tmp/tmpc2xrjo9p', '--error-file', '/tmp/tmpn5owvjj4']
[2022-07-26 00:35:40,672] {standard_task_runner.py:80} INFO - Job 129: Subtask extract_b
[2022-07-26 00:35:40,728] {task_command.py:369} INFO - Running <TaskInstance: task_group_dag.extract_b scheduled__2022-07-25T00:00:00+00:00 [running]> on host 8694d477c774
[2022-07-26 00:35:40,799] {taskinstance.py:1571} INFO - Exporting the following env vars:
AIRFLOW_CTX_DAG_OWNER=***
AIRFLOW_CTX_DAG_ID=task_group_dag
AIRFLOW_CTX_TASK_ID=extract_b
AIRFLOW_CTX_EXECUTION_DATE=2022-07-25T00:00:00+00:00
AIRFLOW_CTX_TRY_NUMBER=1
AIRFLOW_CTX_DAG_RUN_ID=scheduled__2022-07-25T00:00:00+00:00
[2022-07-26 00:35:40,801] {subprocess.py:62} INFO - Tmp dir root location: 
 /tmp
[2022-07-26 00:35:40,801] {subprocess.py:74} INFO - Running command: ['bash', '-c', 'sleep 1']
[2022-07-26 00:35:40,811] {subprocess.py:85} INFO - Output:
[2022-07-26 00:35:41,815] {subprocess.py:96} INFO - Command exited with return code 0
[2022-07-26 00:35:41,904] {taskinstance.py:1400} INFO - Marking task as SUCCESS. dag_id=task_group_dag, task_id=extract_b, execution_date=20220725T000000, start_date=20220726T003540, end_date=20220726T003541
[2022-07-26 00:35:41,929] {local_task_job.py:156} INFO - Task exited with return code 0
[2022-07-26 00:35:41,983] {local_task_job.py:273} INFO - 1 downstream tasks scheduled from follow-on schedule check
