[2022-07-27 20:52:02,224] {taskinstance.py:1159} INFO - Dependencies all met for <TaskInstance: xcom_dag.processing_tasks.training_model_c manual__2022-07-27T20:51:57.391343+00:00 [queued]>
[2022-07-27 20:52:02,237] {taskinstance.py:1159} INFO - Dependencies all met for <TaskInstance: xcom_dag.processing_tasks.training_model_c manual__2022-07-27T20:51:57.391343+00:00 [queued]>
[2022-07-27 20:52:02,238] {taskinstance.py:1356} INFO - 
--------------------------------------------------------------------------------
[2022-07-27 20:52:02,238] {taskinstance.py:1357} INFO - Starting attempt 1 of 1
[2022-07-27 20:52:02,239] {taskinstance.py:1358} INFO - 
--------------------------------------------------------------------------------
[2022-07-27 20:52:02,252] {taskinstance.py:1377} INFO - Executing <Task(PythonOperator): processing_tasks.training_model_c> on 2022-07-27 20:51:57.391343+00:00
[2022-07-27 20:52:02,256] {standard_task_runner.py:52} INFO - Started process 3496 to run task
[2022-07-27 20:52:02,259] {standard_task_runner.py:79} INFO - Running: ['***', 'tasks', 'run', 'xcom_dag', 'processing_tasks.training_model_c', 'manual__2022-07-27T20:51:57.391343+00:00', '--job-id', '192', '--raw', '--subdir', 'DAGS_FOLDER/xcom_dag.py', '--cfg-path', '/tmp/tmpaks2ou41', '--error-file', '/tmp/tmpmryhfss2']
[2022-07-27 20:52:02,260] {standard_task_runner.py:80} INFO - Job 192: Subtask processing_tasks.training_model_c
[2022-07-27 20:52:02,317] {task_command.py:369} INFO - Running <TaskInstance: xcom_dag.processing_tasks.training_model_c manual__2022-07-27T20:51:57.391343+00:00 [running]> on host 8694d477c774
[2022-07-27 20:52:02,397] {taskinstance.py:1571} INFO - Exporting the following env vars:
AIRFLOW_CTX_DAG_OWNER=***
AIRFLOW_CTX_DAG_ID=xcom_dag
AIRFLOW_CTX_TASK_ID=processing_tasks.training_model_c
AIRFLOW_CTX_EXECUTION_DATE=2022-07-27T20:51:57.391343+00:00
AIRFLOW_CTX_TRY_NUMBER=1
AIRFLOW_CTX_DAG_RUN_ID=manual__2022-07-27T20:51:57.391343+00:00
[2022-07-27 20:52:02,399] {logging_mixin.py:115} INFO - model's accuracy: 5.598670222280858
[2022-07-27 20:52:02,415] {python.py:173} INFO - Done. Returned value was: None
[2022-07-27 20:52:02,444] {taskinstance.py:1400} INFO - Marking task as SUCCESS. dag_id=xcom_dag, task_id=processing_tasks.training_model_c, execution_date=20220727T205157, start_date=20220727T205202, end_date=20220727T205202
[2022-07-27 20:52:02,473] {local_task_job.py:156} INFO - Task exited with return code 0
[2022-07-27 20:52:02,506] {local_task_job.py:273} INFO - 0 downstream tasks scheduled from follow-on schedule check
