[2022-07-29 00:00:01,110] {taskinstance.py:1159} INFO - Dependencies all met for <TaskInstance: trigger_rule_dag.task_1 scheduled__2022-07-28T00:00:00+00:00 [queued]>
[2022-07-29 00:00:01,123] {taskinstance.py:1159} INFO - Dependencies all met for <TaskInstance: trigger_rule_dag.task_1 scheduled__2022-07-28T00:00:00+00:00 [queued]>
[2022-07-29 00:00:01,123] {taskinstance.py:1356} INFO - 
--------------------------------------------------------------------------------
[2022-07-29 00:00:01,124] {taskinstance.py:1357} INFO - Starting attempt 1 of 1
[2022-07-29 00:00:01,124] {taskinstance.py:1358} INFO - 
--------------------------------------------------------------------------------
[2022-07-29 00:00:01,139] {taskinstance.py:1377} INFO - Executing <Task(BashOperator): task_1> on 2022-07-28 00:00:00+00:00
[2022-07-29 00:00:01,145] {standard_task_runner.py:52} INFO - Started process 6075 to run task
[2022-07-29 00:00:01,150] {standard_task_runner.py:79} INFO - Running: ['***', 'tasks', 'run', 'trigger_rule_dag', 'task_1', 'scheduled__2022-07-28T00:00:00+00:00', '--job-id', '249', '--raw', '--subdir', 'DAGS_FOLDER/trigger_rule_dag.py', '--cfg-path', '/tmp/tmpcv24re7c', '--error-file', '/tmp/tmpi2fjcqj4']
[2022-07-29 00:00:01,152] {standard_task_runner.py:80} INFO - Job 249: Subtask task_1
[2022-07-29 00:00:01,219] {task_command.py:369} INFO - Running <TaskInstance: trigger_rule_dag.task_1 scheduled__2022-07-28T00:00:00+00:00 [running]> on host 2525a2c6e2b8
[2022-07-29 00:00:01,310] {taskinstance.py:1571} INFO - Exporting the following env vars:
AIRFLOW_CTX_DAG_OWNER=***
AIRFLOW_CTX_DAG_ID=trigger_rule_dag
AIRFLOW_CTX_TASK_ID=task_1
AIRFLOW_CTX_EXECUTION_DATE=2022-07-28T00:00:00+00:00
AIRFLOW_CTX_TRY_NUMBER=1
AIRFLOW_CTX_DAG_RUN_ID=scheduled__2022-07-28T00:00:00+00:00
[2022-07-29 00:00:01,313] {subprocess.py:62} INFO - Tmp dir root location: 
 /tmp
[2022-07-29 00:00:01,316] {subprocess.py:74} INFO - Running command: ['bash', '-c', 'sleep 30']
[2022-07-29 00:00:01,338] {subprocess.py:85} INFO - Output:
[2022-07-29 00:00:31,327] {subprocess.py:96} INFO - Command exited with return code 0
[2022-07-29 00:00:31,345] {taskinstance.py:1400} INFO - Marking task as SUCCESS. dag_id=trigger_rule_dag, task_id=task_1, execution_date=20220728T000000, start_date=20220729T000001, end_date=20220729T000031
[2022-07-29 00:00:31,388] {local_task_job.py:156} INFO - Task exited with return code 0
[2022-07-29 00:00:31,412] {local_task_job.py:273} INFO - 0 downstream tasks scheduled from follow-on schedule check
