[2022-07-28 13:01:12,450] {taskinstance.py:1159} INFO - Dependencies all met for <TaskInstance: trigger_rule_dag.task_2 manual__2022-07-28T13:01:11.129229+00:00 [queued]>
[2022-07-28 13:01:12,461] {taskinstance.py:1159} INFO - Dependencies all met for <TaskInstance: trigger_rule_dag.task_2 manual__2022-07-28T13:01:11.129229+00:00 [queued]>
[2022-07-28 13:01:12,462] {taskinstance.py:1356} INFO - 
--------------------------------------------------------------------------------
[2022-07-28 13:01:12,462] {taskinstance.py:1357} INFO - Starting attempt 1 of 1
[2022-07-28 13:01:12,463] {taskinstance.py:1358} INFO - 
--------------------------------------------------------------------------------
[2022-07-28 13:01:12,477] {taskinstance.py:1377} INFO - Executing <Task(BashOperator): task_2> on 2022-07-28 13:01:11.129229+00:00
[2022-07-28 13:01:12,481] {standard_task_runner.py:52} INFO - Started process 1637 to run task
[2022-07-28 13:01:12,487] {standard_task_runner.py:79} INFO - Running: ['***', 'tasks', 'run', 'trigger_rule_dag', 'task_2', 'manual__2022-07-28T13:01:11.129229+00:00', '--job-id', '229', '--raw', '--subdir', 'DAGS_FOLDER/trigger_rule_dag.py', '--cfg-path', '/tmp/tmp_frlr33w', '--error-file', '/tmp/tmp48yz47uw']
[2022-07-28 13:01:12,488] {standard_task_runner.py:80} INFO - Job 229: Subtask task_2
[2022-07-28 13:01:12,555] {task_command.py:369} INFO - Running <TaskInstance: trigger_rule_dag.task_2 manual__2022-07-28T13:01:11.129229+00:00 [running]> on host 2525a2c6e2b8
[2022-07-28 13:01:12,646] {taskinstance.py:1571} INFO - Exporting the following env vars:
AIRFLOW_CTX_DAG_OWNER=***
AIRFLOW_CTX_DAG_ID=trigger_rule_dag
AIRFLOW_CTX_TASK_ID=task_2
AIRFLOW_CTX_EXECUTION_DATE=2022-07-28T13:01:11.129229+00:00
AIRFLOW_CTX_TRY_NUMBER=1
AIRFLOW_CTX_DAG_RUN_ID=manual__2022-07-28T13:01:11.129229+00:00
[2022-07-28 13:01:12,648] {subprocess.py:62} INFO - Tmp dir root location: 
 /tmp
[2022-07-28 13:01:12,650] {subprocess.py:74} INFO - Running command: ['bash', '-c', 'exit 1']
[2022-07-28 13:01:12,663] {subprocess.py:85} INFO - Output:
[2022-07-28 13:01:12,666] {subprocess.py:96} INFO - Command exited with return code 1
[2022-07-28 13:01:12,681] {taskinstance.py:1889} ERROR - Task failed with exception
Traceback (most recent call last):
  File "/home/airflow/.local/lib/python3.7/site-packages/airflow/operators/bash.py", line 195, in execute
    f'Bash command failed. The command returned a non-zero exit code {result.exit_code}.'
airflow.exceptions.AirflowException: Bash command failed. The command returned a non-zero exit code 1.
[2022-07-28 13:01:12,685] {taskinstance.py:1400} INFO - Marking task as FAILED. dag_id=trigger_rule_dag, task_id=task_2, execution_date=20220728T130111, start_date=20220728T130112, end_date=20220728T130112
[2022-07-28 13:01:12,695] {standard_task_runner.py:97} ERROR - Failed to execute job 229 for task task_2 (Bash command failed. The command returned a non-zero exit code 1.; 1637)
[2022-07-28 13:01:12,739] {local_task_job.py:156} INFO - Task exited with return code 1
[2022-07-28 13:01:12,771] {local_task_job.py:273} INFO - 0 downstream tasks scheduled from follow-on schedule check
