[2022-08-12 03:15:33,773] {taskinstance.py:1159} INFO - Dependencies all met for <TaskInstance: elasticsearch_dag.connections_to_es manual__2022-08-12T03:15:31.187656+00:00 [queued]>
[2022-08-12 03:15:33,782] {taskinstance.py:1159} INFO - Dependencies all met for <TaskInstance: elasticsearch_dag.connections_to_es manual__2022-08-12T03:15:31.187656+00:00 [queued]>
[2022-08-12 03:15:33,783] {taskinstance.py:1356} INFO - 
--------------------------------------------------------------------------------
[2022-08-12 03:15:33,783] {taskinstance.py:1357} INFO - Starting attempt 1 of 1
[2022-08-12 03:15:33,784] {taskinstance.py:1358} INFO - 
--------------------------------------------------------------------------------
[2022-08-12 03:15:33,798] {taskinstance.py:1377} INFO - Executing <Task(PostgresToElasticOperator): connections_to_es> on 2022-08-12 03:15:31.187656+00:00
[2022-08-12 03:15:33,804] {standard_task_runner.py:52} INFO - Started process 858 to run task
[2022-08-12 03:15:33,807] {standard_task_runner.py:79} INFO - Running: ['***', 'tasks', 'run', 'elasticsearch_dag', 'connections_to_es', 'manual__2022-08-12T03:15:31.187656+00:00', '--job-id', '376', '--raw', '--subdir', 'DAGS_FOLDER/elastic_dag.py', '--cfg-path', '/tmp/tmpvshdy20b', '--error-file', '/tmp/tmppmmco1m0']
[2022-08-12 03:15:33,808] {standard_task_runner.py:80} INFO - Job 376: Subtask connections_to_es
[2022-08-12 03:15:33,882] {task_command.py:369} INFO - Running <TaskInstance: elasticsearch_dag.connections_to_es manual__2022-08-12T03:15:31.187656+00:00 [running]> on host a1c9528fe5e1
[2022-08-12 03:15:33,959] {taskinstance.py:1571} INFO - Exporting the following env vars:
AIRFLOW_CTX_DAG_OWNER=***
AIRFLOW_CTX_DAG_ID=elasticsearch_dag
AIRFLOW_CTX_TASK_ID=connections_to_es
AIRFLOW_CTX_EXECUTION_DATE=2022-08-12T03:15:31.187656+00:00
AIRFLOW_CTX_TRY_NUMBER=1
AIRFLOW_CTX_DAG_RUN_ID=manual__2022-08-12T03:15:31.187656+00:00
[2022-08-12 03:15:33,979] {taskinstance.py:1889} ERROR - Task failed with exception
Traceback (most recent call last):
  File "/opt/airflow/dags/operators/postgres_to_elastic.py", line 21, in execute
    es = ElasticHook(conn_id=self.elastic_conn_id)
  File "/opt/airflow/dags/plugins/elastic_search_plugin/hooks/elastic_hook.py", line 7, in __init__
    conn = self.get_connection(conn_id)
  File "/home/airflow/.local/lib/python3.7/site-packages/airflow/hooks/base.py", line 67, in get_connection
    conn = Connection.get_connection_from_secrets(conn_id)
  File "/home/airflow/.local/lib/python3.7/site-packages/airflow/models/connection.py", line 430, in get_connection_from_secrets
    raise AirflowNotFoundException(f"The conn_id `{conn_id}` isn't defined")
airflow.exceptions.AirflowNotFoundException: The conn_id `elasticsearch_default` isn't defined
[2022-08-12 03:15:33,984] {taskinstance.py:1400} INFO - Marking task as FAILED. dag_id=elasticsearch_dag, task_id=connections_to_es, execution_date=20220812T031531, start_date=20220812T031533, end_date=20220812T031533
[2022-08-12 03:15:33,993] {standard_task_runner.py:97} ERROR - Failed to execute job 376 for task connections_to_es (The conn_id `elasticsearch_default` isn't defined; 858)
[2022-08-12 03:15:34,021] {local_task_job.py:156} INFO - Task exited with return code 1
[2022-08-12 03:15:34,053] {local_task_job.py:273} INFO - 0 downstream tasks scheduled from follow-on schedule check
