[2022-08-05 00:03:56,217] {taskinstance.py:1159} INFO - Dependencies all met for <TaskInstance: xcom_dag.choose_best_model scheduled__2022-08-04T00:00:00+00:00 [queued]>
[2022-08-05 00:03:56,252] {taskinstance.py:1159} INFO - Dependencies all met for <TaskInstance: xcom_dag.choose_best_model scheduled__2022-08-04T00:00:00+00:00 [queued]>
[2022-08-05 00:03:56,254] {taskinstance.py:1356} INFO - 
--------------------------------------------------------------------------------
[2022-08-05 00:03:56,255] {taskinstance.py:1357} INFO - Starting attempt 1 of 1
[2022-08-05 00:03:56,256] {taskinstance.py:1358} INFO - 
--------------------------------------------------------------------------------
[2022-08-05 00:03:56,278] {taskinstance.py:1377} INFO - Executing <Task(BranchPythonOperator): choose_best_model> on 2022-08-04 00:00:00+00:00
[2022-08-05 00:03:56,286] {standard_task_runner.py:52} INFO - Started process 100 to run task
[2022-08-05 00:03:56,291] {standard_task_runner.py:79} INFO - Running: ['***', 'tasks', 'run', 'xcom_dag', 'choose_best_model', 'scheduled__2022-08-04T00:00:00+00:00', '--job-id', '314', '--raw', '--subdir', 'DAGS_FOLDER/xcom_dag.py', '--cfg-path', '/tmp/tmpxwpn8zxz', '--error-file', '/tmp/tmpgimslhsc']
[2022-08-05 00:03:56,293] {standard_task_runner.py:80} INFO - Job 314: Subtask choose_best_model
[2022-08-05 00:03:56,370] {task_command.py:369} INFO - Running <TaskInstance: xcom_dag.choose_best_model scheduled__2022-08-04T00:00:00+00:00 [running]> on host 531c07ae0142
[2022-08-05 00:03:56,454] {taskinstance.py:1571} INFO - Exporting the following env vars:
AIRFLOW_CTX_DAG_OWNER=***
AIRFLOW_CTX_DAG_ID=xcom_dag
AIRFLOW_CTX_TASK_ID=choose_best_model
AIRFLOW_CTX_EXECUTION_DATE=2022-08-04T00:00:00+00:00
AIRFLOW_CTX_TRY_NUMBER=1
AIRFLOW_CTX_DAG_RUN_ID=scheduled__2022-08-04T00:00:00+00:00
[2022-08-05 00:03:56,456] {logging_mixin.py:115} INFO - choose best model
[2022-08-05 00:03:56,469] {logging_mixin.py:115} INFO - [2.9347788636141767, 4.655765876555693, 6.492181198193749]
[2022-08-05 00:03:56,470] {python.py:173} INFO - Done. Returned value was: innacurate
[2022-08-05 00:03:56,470] {skipmixin.py:140} INFO - Following branch innacurate
[2022-08-05 00:03:56,471] {skipmixin.py:175} INFO - Skipping tasks ['accurate']
[2022-08-05 00:03:56,521] {taskinstance.py:1400} INFO - Marking task as SUCCESS. dag_id=xcom_dag, task_id=choose_best_model, execution_date=20220804T000000, start_date=20220805T000356, end_date=20220805T000356
[2022-08-05 00:03:56,545] {local_task_job.py:156} INFO - Task exited with return code 0
[2022-08-05 00:03:56,609] {local_task_job.py:273} INFO - 1 downstream tasks scheduled from follow-on schedule check
