[2022-07-27 20:52:02,157] {taskinstance.py:1159} INFO - Dependencies all met for <TaskInstance: xcom_dag.processing_tasks.training_model_b manual__2022-07-27T20:51:57.391343+00:00 [queued]>
[2022-07-27 20:52:02,167] {taskinstance.py:1159} INFO - Dependencies all met for <TaskInstance: xcom_dag.processing_tasks.training_model_b manual__2022-07-27T20:51:57.391343+00:00 [queued]>
[2022-07-27 20:52:02,167] {taskinstance.py:1356} INFO - 
--------------------------------------------------------------------------------
[2022-07-27 20:52:02,168] {taskinstance.py:1357} INFO - Starting attempt 1 of 1
[2022-07-27 20:52:02,169] {taskinstance.py:1358} INFO - 
--------------------------------------------------------------------------------
[2022-07-27 20:52:02,182] {taskinstance.py:1377} INFO - Executing <Task(PythonOperator): processing_tasks.training_model_b> on 2022-07-27 20:51:57.391343+00:00
[2022-07-27 20:52:02,187] {standard_task_runner.py:52} INFO - Started process 3494 to run task
[2022-07-27 20:52:02,190] {standard_task_runner.py:79} INFO - Running: ['***', 'tasks', 'run', 'xcom_dag', 'processing_tasks.training_model_b', 'manual__2022-07-27T20:51:57.391343+00:00', '--job-id', '190', '--raw', '--subdir', 'DAGS_FOLDER/xcom_dag.py', '--cfg-path', '/tmp/tmpvqazr29r', '--error-file', '/tmp/tmpv9qo0l8_']
[2022-07-27 20:52:02,191] {standard_task_runner.py:80} INFO - Job 190: Subtask processing_tasks.training_model_b
[2022-07-27 20:52:02,247] {task_command.py:369} INFO - Running <TaskInstance: xcom_dag.processing_tasks.training_model_b manual__2022-07-27T20:51:57.391343+00:00 [running]> on host 8694d477c774
[2022-07-27 20:52:02,315] {taskinstance.py:1571} INFO - Exporting the following env vars:
AIRFLOW_CTX_DAG_OWNER=***
AIRFLOW_CTX_DAG_ID=xcom_dag
AIRFLOW_CTX_TASK_ID=processing_tasks.training_model_b
AIRFLOW_CTX_EXECUTION_DATE=2022-07-27T20:51:57.391343+00:00
AIRFLOW_CTX_TRY_NUMBER=1
AIRFLOW_CTX_DAG_RUN_ID=manual__2022-07-27T20:51:57.391343+00:00
[2022-07-27 20:52:02,316] {logging_mixin.py:115} INFO - model's accuracy: 8.422869413872395
[2022-07-27 20:52:02,329] {python.py:173} INFO - Done. Returned value was: None
[2022-07-27 20:52:02,353] {taskinstance.py:1400} INFO - Marking task as SUCCESS. dag_id=xcom_dag, task_id=processing_tasks.training_model_b, execution_date=20220727T205157, start_date=20220727T205202, end_date=20220727T205202
[2022-07-27 20:52:02,403] {local_task_job.py:156} INFO - Task exited with return code 0
[2022-07-27 20:52:02,443] {local_task_job.py:273} INFO - 0 downstream tasks scheduled from follow-on schedule check
