[2022-08-14 13:49:16,698] {taskinstance.py:1159} INFO - Dependencies all met for <TaskInstance: xcom_dag.choose_best_model scheduled__2022-08-12T00:00:00+00:00 [queued]>
[2022-08-14 13:49:16,744] {taskinstance.py:1159} INFO - Dependencies all met for <TaskInstance: xcom_dag.choose_best_model scheduled__2022-08-12T00:00:00+00:00 [queued]>
[2022-08-14 13:49:16,746] {taskinstance.py:1356} INFO - 
--------------------------------------------------------------------------------
[2022-08-14 13:49:16,748] {taskinstance.py:1357} INFO - Starting attempt 1 of 1
[2022-08-14 13:49:16,751] {taskinstance.py:1358} INFO - 
--------------------------------------------------------------------------------
[2022-08-14 13:49:16,832] {taskinstance.py:1377} INFO - Executing <Task(BranchPythonOperator): choose_best_model> on 2022-08-12 00:00:00+00:00
[2022-08-14 13:49:16,853] {standard_task_runner.py:52} INFO - Started process 9789 to run task
[2022-08-14 13:49:16,870] {standard_task_runner.py:79} INFO - Running: ['***', 'tasks', 'run', 'xcom_dag', 'choose_best_model', 'scheduled__2022-08-12T00:00:00+00:00', '--job-id', '411', '--raw', '--subdir', 'DAGS_FOLDER/xcom_dag.py', '--cfg-path', '/tmp/tmpylk4zq4h', '--error-file', '/tmp/tmpem5fjd5g']
[2022-08-14 13:49:16,875] {standard_task_runner.py:80} INFO - Job 411: Subtask choose_best_model
[2022-08-14 13:49:17,105] {task_command.py:369} INFO - Running <TaskInstance: xcom_dag.choose_best_model scheduled__2022-08-12T00:00:00+00:00 [running]> on host a1c9528fe5e1
[2022-08-14 13:49:17,380] {taskinstance.py:1571} INFO - Exporting the following env vars:
AIRFLOW_CTX_DAG_OWNER=***
AIRFLOW_CTX_DAG_ID=xcom_dag
AIRFLOW_CTX_TASK_ID=choose_best_model
AIRFLOW_CTX_EXECUTION_DATE=2022-08-12T00:00:00+00:00
AIRFLOW_CTX_TRY_NUMBER=1
AIRFLOW_CTX_DAG_RUN_ID=scheduled__2022-08-12T00:00:00+00:00
[2022-08-14 13:49:17,385] {logging_mixin.py:115} INFO - choose best model
[2022-08-14 13:49:17,429] {logging_mixin.py:115} INFO - [7.977814263242346, 5.995377759129093, 4.394642982135447]
[2022-08-14 13:49:17,431] {python.py:173} INFO - Done. Returned value was: accurate
[2022-08-14 13:49:17,435] {skipmixin.py:140} INFO - Following branch accurate
[2022-08-14 13:49:17,438] {skipmixin.py:175} INFO - Skipping tasks ['innacurate']
[2022-08-14 13:49:17,724] {taskinstance.py:1400} INFO - Marking task as SUCCESS. dag_id=xcom_dag, task_id=choose_best_model, execution_date=20220812T000000, start_date=20220814T134916, end_date=20220814T134917
[2022-08-14 13:49:17,795] {local_task_job.py:156} INFO - Task exited with return code 0
[2022-08-14 13:49:18,013] {local_task_job.py:273} INFO - 1 downstream tasks scheduled from follow-on schedule check
