[2022-08-18 00:38:07,788] {taskinstance.py:1159} INFO - Dependencies all met for <TaskInstance: spark_job_dag.git_clone scheduled__2022-08-15T18:19:09.951551+00:00 [queued]>
[2022-08-18 00:38:07,802] {taskinstance.py:1159} INFO - Dependencies all met for <TaskInstance: spark_job_dag.git_clone scheduled__2022-08-15T18:19:09.951551+00:00 [queued]>
[2022-08-18 00:38:07,803] {taskinstance.py:1356} INFO - 
--------------------------------------------------------------------------------
[2022-08-18 00:38:07,803] {taskinstance.py:1357} INFO - Starting attempt 2 of 2
[2022-08-18 00:38:07,804] {taskinstance.py:1358} INFO - 
--------------------------------------------------------------------------------
[2022-08-18 00:38:07,820] {taskinstance.py:1377} INFO - Executing <Task(BashOperator): git_clone> on 2022-08-15 18:19:09.951551+00:00
[2022-08-18 00:38:07,827] {standard_task_runner.py:52} INFO - Started process 346 to run task
[2022-08-18 00:38:07,832] {standard_task_runner.py:79} INFO - Running: ['***', 'tasks', 'run', 'spark_job_dag', 'git_clone', 'scheduled__2022-08-15T18:19:09.951551+00:00', '--job-id', '480', '--raw', '--subdir', 'DAGS_FOLDER/spark_job_dag.py', '--cfg-path', '/tmp/tmpm8_vub0q', '--error-file', '/tmp/tmpx5ow74aj']
[2022-08-18 00:38:07,834] {standard_task_runner.py:80} INFO - Job 480: Subtask git_clone
[2022-08-18 00:38:07,914] {task_command.py:369} INFO - Running <TaskInstance: spark_job_dag.git_clone scheduled__2022-08-15T18:19:09.951551+00:00 [running]> on host e8f82214d52e
[2022-08-18 00:38:08,019] {taskinstance.py:1571} INFO - Exporting the following env vars:
AIRFLOW_CTX_DAG_OWNER=***
AIRFLOW_CTX_DAG_ID=spark_job_dag
AIRFLOW_CTX_TASK_ID=git_clone
AIRFLOW_CTX_EXECUTION_DATE=2022-08-15T18:19:09.951551+00:00
AIRFLOW_CTX_TRY_NUMBER=2
AIRFLOW_CTX_DAG_RUN_ID=scheduled__2022-08-15T18:19:09.951551+00:00
[2022-08-18 00:38:08,022] {subprocess.py:62} INFO - Tmp dir root location: 
 /tmp
[2022-08-18 00:38:08,023] {subprocess.py:74} INFO - Running command: ['bash', '-c', 'git clone https://github.com/marclamberti/simple-app.git /home/***/simple-app']
[2022-08-18 00:38:08,041] {subprocess.py:85} INFO - Output:
[2022-08-18 00:38:08,044] {subprocess.py:92} INFO - bash: line 1: git: command not found
[2022-08-18 00:38:08,045] {subprocess.py:96} INFO - Command exited with return code 127
[2022-08-18 00:38:08,064] {taskinstance.py:1889} ERROR - Task failed with exception
Traceback (most recent call last):
  File "/home/airflow/.local/lib/python3.7/site-packages/airflow/operators/bash.py", line 195, in execute
    f'Bash command failed. The command returned a non-zero exit code {result.exit_code}.'
airflow.exceptions.AirflowException: Bash command failed. The command returned a non-zero exit code 127.
[2022-08-18 00:38:08,069] {taskinstance.py:1400} INFO - Marking task as FAILED. dag_id=spark_job_dag, task_id=git_clone, execution_date=20220815T181909, start_date=20220818T003807, end_date=20220818T003808
[2022-08-18 00:38:08,084] {standard_task_runner.py:97} ERROR - Failed to execute job 480 for task git_clone (Bash command failed. The command returned a non-zero exit code 127.; 346)
[2022-08-18 00:38:08,126] {local_task_job.py:156} INFO - Task exited with return code 1
[2022-08-18 00:38:08,184] {local_task_job.py:273} INFO - 0 downstream tasks scheduled from follow-on schedule check
