[2022-08-11 00:00:05,182] {taskinstance.py:1159} INFO - Dependencies all met for <TaskInstance: trigger_rule_dag.task_3 scheduled__2022-08-10T00:00:00+00:00 [queued]>
[2022-08-11 00:00:05,193] {taskinstance.py:1159} INFO - Dependencies all met for <TaskInstance: trigger_rule_dag.task_3 scheduled__2022-08-10T00:00:00+00:00 [queued]>
[2022-08-11 00:00:05,194] {taskinstance.py:1356} INFO - 
--------------------------------------------------------------------------------
[2022-08-11 00:00:05,194] {taskinstance.py:1357} INFO - Starting attempt 1 of 1
[2022-08-11 00:00:05,195] {taskinstance.py:1358} INFO - 
--------------------------------------------------------------------------------
[2022-08-11 00:00:05,209] {taskinstance.py:1377} INFO - Executing <Task(BashOperator): task_3> on 2022-08-10 00:00:00+00:00
[2022-08-11 00:00:05,215] {standard_task_runner.py:52} INFO - Started process 5665 to run task
[2022-08-11 00:00:05,219] {standard_task_runner.py:79} INFO - Running: ['***', 'tasks', 'run', 'trigger_rule_dag', 'task_3', 'scheduled__2022-08-10T00:00:00+00:00', '--job-id', '345', '--raw', '--subdir', 'DAGS_FOLDER/trigger_rule_dag.py', '--cfg-path', '/tmp/tmpz5jsmrck', '--error-file', '/tmp/tmpn_23lkeu']
[2022-08-11 00:00:05,221] {standard_task_runner.py:80} INFO - Job 345: Subtask task_3
[2022-08-11 00:00:05,286] {task_command.py:369} INFO - Running <TaskInstance: trigger_rule_dag.task_3 scheduled__2022-08-10T00:00:00+00:00 [running]> on host 2dd699cc72b2
[2022-08-11 00:00:05,368] {taskinstance.py:1571} INFO - Exporting the following env vars:
AIRFLOW_CTX_DAG_OWNER=***
AIRFLOW_CTX_DAG_ID=trigger_rule_dag
AIRFLOW_CTX_TASK_ID=task_3
AIRFLOW_CTX_EXECUTION_DATE=2022-08-10T00:00:00+00:00
AIRFLOW_CTX_TRY_NUMBER=1
AIRFLOW_CTX_DAG_RUN_ID=scheduled__2022-08-10T00:00:00+00:00
[2022-08-11 00:00:05,370] {subprocess.py:62} INFO - Tmp dir root location: 
 /tmp
[2022-08-11 00:00:05,371] {subprocess.py:74} INFO - Running command: ['bash', '-c', 'exit 0']
[2022-08-11 00:00:05,384] {subprocess.py:85} INFO - Output:
[2022-08-11 00:00:05,387] {subprocess.py:96} INFO - Command exited with return code 0
[2022-08-11 00:00:05,405] {taskinstance.py:1400} INFO - Marking task as SUCCESS. dag_id=trigger_rule_dag, task_id=task_3, execution_date=20220810T000000, start_date=20220811T000005, end_date=20220811T000005
[2022-08-11 00:00:05,433] {local_task_job.py:156} INFO - Task exited with return code 0
[2022-08-11 00:00:05,466] {local_task_job.py:273} INFO - 0 downstream tasks scheduled from follow-on schedule check
