[2022-07-26 00:35:52,886] {taskinstance.py:1159} INFO - Dependencies all met for <TaskInstance: task_group_dag.transform manual__2022-07-26T00:35:47.753686+00:00 [queued]>
[2022-07-26 00:35:52,898] {taskinstance.py:1159} INFO - Dependencies all met for <TaskInstance: task_group_dag.transform manual__2022-07-26T00:35:47.753686+00:00 [queued]>
[2022-07-26 00:35:52,899] {taskinstance.py:1356} INFO - 
--------------------------------------------------------------------------------
[2022-07-26 00:35:52,899] {taskinstance.py:1357} INFO - Starting attempt 1 of 1
[2022-07-26 00:35:52,900] {taskinstance.py:1358} INFO - 
--------------------------------------------------------------------------------
[2022-07-26 00:35:52,913] {taskinstance.py:1377} INFO - Executing <Task(BashOperator): transform> on 2022-07-26 00:35:47.753686+00:00
[2022-07-26 00:35:52,918] {standard_task_runner.py:52} INFO - Started process 21758 to run task
[2022-07-26 00:35:52,921] {standard_task_runner.py:79} INFO - Running: ['***', 'tasks', 'run', 'task_group_dag', 'transform', 'manual__2022-07-26T00:35:47.753686+00:00', '--job-id', '136', '--raw', '--subdir', 'DAGS_FOLDER/task_group_dag.py', '--cfg-path', '/tmp/tmp2r83jisl', '--error-file', '/tmp/tmpfcfr7ois']
[2022-07-26 00:35:52,922] {standard_task_runner.py:80} INFO - Job 136: Subtask transform
[2022-07-26 00:35:52,981] {task_command.py:369} INFO - Running <TaskInstance: task_group_dag.transform manual__2022-07-26T00:35:47.753686+00:00 [running]> on host 8694d477c774
[2022-07-26 00:35:53,052] {taskinstance.py:1571} INFO - Exporting the following env vars:
AIRFLOW_CTX_DAG_OWNER=***
AIRFLOW_CTX_DAG_ID=task_group_dag
AIRFLOW_CTX_TASK_ID=transform
AIRFLOW_CTX_EXECUTION_DATE=2022-07-26T00:35:47.753686+00:00
AIRFLOW_CTX_TRY_NUMBER=1
AIRFLOW_CTX_DAG_RUN_ID=manual__2022-07-26T00:35:47.753686+00:00
[2022-07-26 00:35:53,054] {subprocess.py:62} INFO - Tmp dir root location: 
 /tmp
[2022-07-26 00:35:53,055] {subprocess.py:74} INFO - Running command: ['bash', '-c', 'sleep 1']
[2022-07-26 00:35:53,066] {subprocess.py:85} INFO - Output:
[2022-07-26 00:35:54,070] {subprocess.py:96} INFO - Command exited with return code 0
[2022-07-26 00:35:54,100] {taskinstance.py:1400} INFO - Marking task as SUCCESS. dag_id=task_group_dag, task_id=transform, execution_date=20220726T003547, start_date=20220726T003552, end_date=20220726T003554
[2022-07-26 00:35:54,142] {local_task_job.py:156} INFO - Task exited with return code 0
[2022-07-26 00:35:54,172] {local_task_job.py:273} INFO - 0 downstream tasks scheduled from follow-on schedule check
