[2022-08-19 06:18:17,846] {taskinstance.py:1159} INFO - Dependencies all met for <TaskInstance: docker_dag.print_current_date scheduled__2022-08-19T05:05:00+00:00 [queued]>
[2022-08-19 06:18:17,856] {taskinstance.py:1159} INFO - Dependencies all met for <TaskInstance: docker_dag.print_current_date scheduled__2022-08-19T05:05:00+00:00 [queued]>
[2022-08-19 06:18:17,858] {taskinstance.py:1356} INFO - 
--------------------------------------------------------------------------------
[2022-08-19 06:18:17,858] {taskinstance.py:1357} INFO - Starting attempt 1 of 2
[2022-08-19 06:18:17,859] {taskinstance.py:1358} INFO - 
--------------------------------------------------------------------------------
[2022-08-19 06:18:17,873] {taskinstance.py:1377} INFO - Executing <Task(BashOperator): print_current_date> on 2022-08-19 05:05:00+00:00
[2022-08-19 06:18:17,880] {standard_task_runner.py:52} INFO - Started process 1001 to run task
[2022-08-19 06:18:17,884] {standard_task_runner.py:79} INFO - Running: ['***', 'tasks', 'run', 'docker_dag', 'print_current_date', 'scheduled__2022-08-19T05:05:00+00:00', '--job-id', '638', '--raw', '--subdir', 'DAGS_FOLDER/docker_dag.py', '--cfg-path', '/tmp/tmpycifeyfs', '--error-file', '/tmp/tmp48mgzddp']
[2022-08-19 06:18:17,885] {standard_task_runner.py:80} INFO - Job 638: Subtask print_current_date
[2022-08-19 06:18:17,947] {task_command.py:369} INFO - Running <TaskInstance: docker_dag.print_current_date scheduled__2022-08-19T05:05:00+00:00 [running]> on host f8f5f5d21c1c
[2022-08-19 06:18:18,018] {taskinstance.py:1571} INFO - Exporting the following env vars:
AIRFLOW_CTX_DAG_OWNER=***
AIRFLOW_CTX_DAG_ID=docker_dag
AIRFLOW_CTX_TASK_ID=print_current_date
AIRFLOW_CTX_EXECUTION_DATE=2022-08-19T05:05:00+00:00
AIRFLOW_CTX_TRY_NUMBER=1
AIRFLOW_CTX_DAG_RUN_ID=scheduled__2022-08-19T05:05:00+00:00
[2022-08-19 06:18:18,020] {subprocess.py:62} INFO - Tmp dir root location: 
 /tmp
[2022-08-19 06:18:18,021] {subprocess.py:74} INFO - Running command: ['bash', '-c', 'date']
[2022-08-19 06:18:18,036] {subprocess.py:85} INFO - Output:
[2022-08-19 06:18:18,040] {subprocess.py:92} INFO - Fri Aug 19 06:18:18 UTC 2022
[2022-08-19 06:18:18,040] {subprocess.py:96} INFO - Command exited with return code 0
[2022-08-19 06:18:18,072] {taskinstance.py:1400} INFO - Marking task as SUCCESS. dag_id=docker_dag, task_id=print_current_date, execution_date=20220819T050500, start_date=20220819T061817, end_date=20220819T061818
[2022-08-19 06:18:18,097] {local_task_job.py:156} INFO - Task exited with return code 0
[2022-08-19 06:18:18,139] {local_task_job.py:273} INFO - 1 downstream tasks scheduled from follow-on schedule check
