[2022-07-27 20:37:47,461] {taskinstance.py:1159} INFO - Dependencies all met for <TaskInstance: xcom_dag.processing_tasks.training_model_b manual__2022-07-27T20:37:42.272143+00:00 [queued]>
[2022-07-27 20:37:47,470] {taskinstance.py:1159} INFO - Dependencies all met for <TaskInstance: xcom_dag.processing_tasks.training_model_b manual__2022-07-27T20:37:42.272143+00:00 [queued]>
[2022-07-27 20:37:47,471] {taskinstance.py:1356} INFO - 
--------------------------------------------------------------------------------
[2022-07-27 20:37:47,472] {taskinstance.py:1357} INFO - Starting attempt 1 of 1
[2022-07-27 20:37:47,472] {taskinstance.py:1358} INFO - 
--------------------------------------------------------------------------------
[2022-07-27 20:37:47,486] {taskinstance.py:1377} INFO - Executing <Task(PythonOperator): processing_tasks.training_model_b> on 2022-07-27 20:37:42.272143+00:00
[2022-07-27 20:37:47,490] {standard_task_runner.py:52} INFO - Started process 2799 to run task
[2022-07-27 20:37:47,494] {standard_task_runner.py:79} INFO - Running: ['***', 'tasks', 'run', 'xcom_dag', 'processing_tasks.training_model_b', 'manual__2022-07-27T20:37:42.272143+00:00', '--job-id', '182', '--raw', '--subdir', 'DAGS_FOLDER/xcom_dag.py', '--cfg-path', '/tmp/tmpur8lxx5x', '--error-file', '/tmp/tmppnmy1n6l']
[2022-07-27 20:37:47,495] {standard_task_runner.py:80} INFO - Job 182: Subtask processing_tasks.training_model_b
[2022-07-27 20:37:47,553] {task_command.py:369} INFO - Running <TaskInstance: xcom_dag.processing_tasks.training_model_b manual__2022-07-27T20:37:42.272143+00:00 [running]> on host 8694d477c774
[2022-07-27 20:37:47,639] {taskinstance.py:1571} INFO - Exporting the following env vars:
AIRFLOW_CTX_DAG_OWNER=***
AIRFLOW_CTX_DAG_ID=xcom_dag
AIRFLOW_CTX_TASK_ID=processing_tasks.training_model_b
AIRFLOW_CTX_EXECUTION_DATE=2022-07-27T20:37:42.272143+00:00
AIRFLOW_CTX_TRY_NUMBER=1
AIRFLOW_CTX_DAG_RUN_ID=manual__2022-07-27T20:37:42.272143+00:00
[2022-07-27 20:37:47,640] {logging_mixin.py:115} INFO - model's accuracy: 8.867984205390401
[2022-07-27 20:37:47,654] {python.py:173} INFO - Done. Returned value was: None
[2022-07-27 20:37:47,679] {taskinstance.py:1400} INFO - Marking task as SUCCESS. dag_id=xcom_dag, task_id=processing_tasks.training_model_b, execution_date=20220727T203742, start_date=20220727T203747, end_date=20220727T203747
[2022-07-27 20:37:47,708] {local_task_job.py:156} INFO - Task exited with return code 0
[2022-07-27 20:37:47,743] {local_task_job.py:273} INFO - 0 downstream tasks scheduled from follow-on schedule check
