[2022-07-25 20:28:16,310] {taskinstance.py:1159} INFO - Dependencies all met for <TaskInstance: parallel_dag.transform scheduled__2022-07-24T00:00:00+00:00 [queued]>
[2022-07-25 20:28:16,319] {taskinstance.py:1159} INFO - Dependencies all met for <TaskInstance: parallel_dag.transform scheduled__2022-07-24T00:00:00+00:00 [queued]>
[2022-07-25 20:28:16,320] {taskinstance.py:1356} INFO - 
--------------------------------------------------------------------------------
[2022-07-25 20:28:16,320] {taskinstance.py:1357} INFO - Starting attempt 1 of 1
[2022-07-25 20:28:16,321] {taskinstance.py:1358} INFO - 
--------------------------------------------------------------------------------
[2022-07-25 20:28:16,332] {taskinstance.py:1377} INFO - Executing <Task(BashOperator): transform> on 2022-07-24 00:00:00+00:00
[2022-07-25 20:28:16,337] {standard_task_runner.py:52} INFO - Started process 9895 to run task
[2022-07-25 20:28:16,340] {standard_task_runner.py:79} INFO - Running: ['***', 'tasks', 'run', 'parallel_dag', 'transform', 'scheduled__2022-07-24T00:00:00+00:00', '--job-id', '114', '--raw', '--subdir', 'DAGS_FOLDER/parallel_dag.py', '--cfg-path', '/tmp/tmpp4lrd51h', '--error-file', '/tmp/tmp5kdhzhpd']
[2022-07-25 20:28:16,341] {standard_task_runner.py:80} INFO - Job 114: Subtask transform
[2022-07-25 20:28:16,393] {task_command.py:369} INFO - Running <TaskInstance: parallel_dag.transform scheduled__2022-07-24T00:00:00+00:00 [running]> on host 8694d477c774
[2022-07-25 20:28:16,456] {taskinstance.py:1571} INFO - Exporting the following env vars:
AIRFLOW_CTX_DAG_OWNER=***
AIRFLOW_CTX_DAG_ID=parallel_dag
AIRFLOW_CTX_TASK_ID=transform
AIRFLOW_CTX_EXECUTION_DATE=2022-07-24T00:00:00+00:00
AIRFLOW_CTX_TRY_NUMBER=1
AIRFLOW_CTX_DAG_RUN_ID=scheduled__2022-07-24T00:00:00+00:00
[2022-07-25 20:28:16,458] {subprocess.py:62} INFO - Tmp dir root location: 
 /tmp
[2022-07-25 20:28:16,459] {subprocess.py:74} INFO - Running command: ['bash', '-c', 'sleep 1']
[2022-07-25 20:28:16,469] {subprocess.py:85} INFO - Output:
[2022-07-25 20:28:17,477] {subprocess.py:96} INFO - Command exited with return code 0
[2022-07-25 20:28:17,506] {taskinstance.py:1400} INFO - Marking task as SUCCESS. dag_id=parallel_dag, task_id=transform, execution_date=20220724T000000, start_date=20220725T202816, end_date=20220725T202817
[2022-07-25 20:28:17,529] {local_task_job.py:156} INFO - Task exited with return code 0
[2022-07-25 20:28:17,558] {local_task_job.py:273} INFO - 0 downstream tasks scheduled from follow-on schedule check
