[2022-08-14 18:40:32,788] {taskinstance.py:1159} INFO - Dependencies all met for <TaskInstance: spark_job_dag.is_repo_exists manual__2022-08-14T18:40:28.500537+00:00 [queued]>
[2022-08-14 18:40:32,813] {taskinstance.py:1159} INFO - Dependencies all met for <TaskInstance: spark_job_dag.is_repo_exists manual__2022-08-14T18:40:28.500537+00:00 [queued]>
[2022-08-14 18:40:32,815] {taskinstance.py:1356} INFO - 
--------------------------------------------------------------------------------
[2022-08-14 18:40:32,816] {taskinstance.py:1357} INFO - Starting attempt 1 of 2
[2022-08-14 18:40:32,817] {taskinstance.py:1358} INFO - 
--------------------------------------------------------------------------------
[2022-08-14 18:40:32,847] {taskinstance.py:1377} INFO - Executing <Task(BranchPythonOperator): is_repo_exists> on 2022-08-14 18:40:28.500537+00:00
[2022-08-14 18:40:32,857] {standard_task_runner.py:52} INFO - Started process 122 to run task
[2022-08-14 18:40:32,867] {standard_task_runner.py:79} INFO - Running: ['***', 'tasks', 'run', 'spark_job_dag', 'is_repo_exists', 'manual__2022-08-14T18:40:28.500537+00:00', '--job-id', '458', '--raw', '--subdir', 'DAGS_FOLDER/spark_job_dag.py', '--cfg-path', '/tmp/tmpmv2t0u3m', '--error-file', '/tmp/tmp0t4lylk_']
[2022-08-14 18:40:32,870] {standard_task_runner.py:80} INFO - Job 458: Subtask is_repo_exists
[2022-08-14 18:40:32,981] {task_command.py:369} INFO - Running <TaskInstance: spark_job_dag.is_repo_exists manual__2022-08-14T18:40:28.500537+00:00 [running]> on host f708cd78418a
[2022-08-14 18:40:33,133] {taskinstance.py:1571} INFO - Exporting the following env vars:
AIRFLOW_CTX_DAG_OWNER=***
AIRFLOW_CTX_DAG_ID=spark_job_dag
AIRFLOW_CTX_TASK_ID=is_repo_exists
AIRFLOW_CTX_EXECUTION_DATE=2022-08-14T18:40:28.500537+00:00
AIRFLOW_CTX_TRY_NUMBER=1
AIRFLOW_CTX_DAG_RUN_ID=manual__2022-08-14T18:40:28.500537+00:00
[2022-08-14 18:40:33,136] {python.py:173} INFO - Done. Returned value was: git_clone
[2022-08-14 18:40:33,137] {skipmixin.py:140} INFO - Following branch git_clone
[2022-08-14 18:40:33,139] {skipmixin.py:175} INFO - Skipping tasks ['t_dummy']
[2022-08-14 18:40:33,231] {taskinstance.py:1400} INFO - Marking task as SUCCESS. dag_id=spark_job_dag, task_id=is_repo_exists, execution_date=20220814T184028, start_date=20220814T184032, end_date=20220814T184033
[2022-08-14 18:40:33,291] {local_task_job.py:156} INFO - Task exited with return code 0
[2022-08-14 18:40:33,896] {local_task_job.py:273} INFO - 0 downstream tasks scheduled from follow-on schedule check
