[2022-08-14 13:49:18,454] {taskinstance.py:1159} INFO - Dependencies all met for <TaskInstance: xcom_dag.choose_best_model scheduled__2022-08-13T00:00:00+00:00 [queued]>
[2022-08-14 13:49:18,481] {taskinstance.py:1159} INFO - Dependencies all met for <TaskInstance: xcom_dag.choose_best_model scheduled__2022-08-13T00:00:00+00:00 [queued]>
[2022-08-14 13:49:18,483] {taskinstance.py:1356} INFO - 
--------------------------------------------------------------------------------
[2022-08-14 13:49:18,484] {taskinstance.py:1357} INFO - Starting attempt 1 of 1
[2022-08-14 13:49:18,485] {taskinstance.py:1358} INFO - 
--------------------------------------------------------------------------------
[2022-08-14 13:49:18,544] {taskinstance.py:1377} INFO - Executing <Task(BranchPythonOperator): choose_best_model> on 2022-08-13 00:00:00+00:00
[2022-08-14 13:49:18,559] {standard_task_runner.py:52} INFO - Started process 9792 to run task
[2022-08-14 13:49:18,574] {standard_task_runner.py:79} INFO - Running: ['***', 'tasks', 'run', 'xcom_dag', 'choose_best_model', 'scheduled__2022-08-13T00:00:00+00:00', '--job-id', '413', '--raw', '--subdir', 'DAGS_FOLDER/xcom_dag.py', '--cfg-path', '/tmp/tmpdf05keqy', '--error-file', '/tmp/tmpz2y0qwal']
[2022-08-14 13:49:18,580] {standard_task_runner.py:80} INFO - Job 413: Subtask choose_best_model
[2022-08-14 13:49:18,818] {task_command.py:369} INFO - Running <TaskInstance: xcom_dag.choose_best_model scheduled__2022-08-13T00:00:00+00:00 [running]> on host a1c9528fe5e1
[2022-08-14 13:49:19,056] {taskinstance.py:1571} INFO - Exporting the following env vars:
AIRFLOW_CTX_DAG_OWNER=***
AIRFLOW_CTX_DAG_ID=xcom_dag
AIRFLOW_CTX_TASK_ID=choose_best_model
AIRFLOW_CTX_EXECUTION_DATE=2022-08-13T00:00:00+00:00
AIRFLOW_CTX_TRY_NUMBER=1
AIRFLOW_CTX_DAG_RUN_ID=scheduled__2022-08-13T00:00:00+00:00
[2022-08-14 13:49:19,060] {logging_mixin.py:115} INFO - choose best model
[2022-08-14 13:49:19,093] {logging_mixin.py:115} INFO - [2.555386762317275, 6.001562242227605, 9.06868690084656]
[2022-08-14 13:49:19,095] {python.py:173} INFO - Done. Returned value was: accurate
[2022-08-14 13:49:19,097] {skipmixin.py:140} INFO - Following branch accurate
[2022-08-14 13:49:19,100] {skipmixin.py:175} INFO - Skipping tasks ['innacurate']
[2022-08-14 13:49:19,248] {taskinstance.py:1400} INFO - Marking task as SUCCESS. dag_id=xcom_dag, task_id=choose_best_model, execution_date=20220813T000000, start_date=20220814T134918, end_date=20220814T134919
[2022-08-14 13:49:19,314] {local_task_job.py:156} INFO - Task exited with return code 0
[2022-08-14 13:49:19,489] {local_task_job.py:273} INFO - 1 downstream tasks scheduled from follow-on schedule check
