[2022-10-27 02:59:35,004] {taskinstance.py:1159} INFO - Dependencies all met for <TaskInstance: spark_job_dag.dummy manual__2022-10-27T02:59:32.474230+00:00 [queued]>
[2022-10-27 02:59:35,019] {taskinstance.py:1159} INFO - Dependencies all met for <TaskInstance: spark_job_dag.dummy manual__2022-10-27T02:59:32.474230+00:00 [queued]>
[2022-10-27 02:59:35,020] {taskinstance.py:1356} INFO - 
--------------------------------------------------------------------------------
[2022-10-27 02:59:35,021] {taskinstance.py:1357} INFO - Starting attempt 1 of 2
[2022-10-27 02:59:35,021] {taskinstance.py:1358} INFO - 
--------------------------------------------------------------------------------
[2022-10-27 02:59:35,043] {taskinstance.py:1377} INFO - Executing <Task(BashOperator): dummy> on 2022-10-27 02:59:32.474230+00:00
[2022-10-27 02:59:35,064] {standard_task_runner.py:52} INFO - Started process 289 to run task
[2022-10-27 02:59:35,069] {standard_task_runner.py:79} INFO - Running: ['***', 'tasks', 'run', 'spark_job_dag', 'dummy', 'manual__2022-10-27T02:59:32.474230+00:00', '--job-id', '78', '--raw', '--subdir', 'DAGS_FOLDER/spark_job_dag.py', '--cfg-path', '/tmp/tmpkzd_26xg', '--error-file', '/tmp/tmpa6zh66d1']
[2022-10-27 02:59:35,070] {standard_task_runner.py:80} INFO - Job 78: Subtask dummy
[2022-10-27 02:59:35,148] {task_command.py:369} INFO - Running <TaskInstance: spark_job_dag.dummy manual__2022-10-27T02:59:32.474230+00:00 [running]> on host 7a39bdd9f452
[2022-10-27 02:59:35,228] {taskinstance.py:1571} INFO - Exporting the following env vars:
AIRFLOW_CTX_DAG_OWNER=***
AIRFLOW_CTX_DAG_ID=spark_job_dag
AIRFLOW_CTX_TASK_ID=dummy
AIRFLOW_CTX_EXECUTION_DATE=2022-10-27T02:59:32.474230+00:00
AIRFLOW_CTX_TRY_NUMBER=1
AIRFLOW_CTX_DAG_RUN_ID=manual__2022-10-27T02:59:32.474230+00:00
[2022-10-27 02:59:35,231] {subprocess.py:62} INFO - Tmp dir root location: 
 /tmp
[2022-10-27 02:59:35,233] {subprocess.py:74} INFO - Running command: ['bash', '-c', 'sleep 1']
[2022-10-27 02:59:35,250] {subprocess.py:85} INFO - Output:
[2022-10-27 02:59:36,257] {subprocess.py:96} INFO - Command exited with return code 0
[2022-10-27 02:59:36,288] {taskinstance.py:1400} INFO - Marking task as SUCCESS. dag_id=spark_job_dag, task_id=dummy, execution_date=20221027T025932, start_date=20221027T025935, end_date=20221027T025936
[2022-10-27 02:59:36,328] {local_task_job.py:156} INFO - Task exited with return code 0
[2022-10-27 02:59:36,379] {local_task_job.py:273} INFO - 1 downstream tasks scheduled from follow-on schedule check
