[2022-08-03 00:00:05,194] {taskinstance.py:1159} INFO - Dependencies all met for <TaskInstance: xcom_dag.processing_tasks.training_model_c scheduled__2022-08-02T00:00:00+00:00 [queued]>
[2022-08-03 00:00:05,204] {taskinstance.py:1159} INFO - Dependencies all met for <TaskInstance: xcom_dag.processing_tasks.training_model_c scheduled__2022-08-02T00:00:00+00:00 [queued]>
[2022-08-03 00:00:05,204] {taskinstance.py:1356} INFO - 
--------------------------------------------------------------------------------
[2022-08-03 00:00:05,205] {taskinstance.py:1357} INFO - Starting attempt 1 of 1
[2022-08-03 00:00:05,206] {taskinstance.py:1358} INFO - 
--------------------------------------------------------------------------------
[2022-08-03 00:00:05,219] {taskinstance.py:1377} INFO - Executing <Task(PythonOperator): processing_tasks.training_model_c> on 2022-08-02 00:00:00+00:00
[2022-08-03 00:00:05,224] {standard_task_runner.py:52} INFO - Started process 34899 to run task
[2022-08-03 00:00:05,227] {standard_task_runner.py:79} INFO - Running: ['***', 'tasks', 'run', 'xcom_dag', 'processing_tasks.training_model_c', 'scheduled__2022-08-02T00:00:00+00:00', '--job-id', '294', '--raw', '--subdir', 'DAGS_FOLDER/xcom_dag.py', '--cfg-path', '/tmp/tmp6wgyavwb', '--error-file', '/tmp/tmp8piownvr']
[2022-08-03 00:00:05,228] {standard_task_runner.py:80} INFO - Job 294: Subtask processing_tasks.training_model_c
[2022-08-03 00:00:05,292] {task_command.py:369} INFO - Running <TaskInstance: xcom_dag.processing_tasks.training_model_c scheduled__2022-08-02T00:00:00+00:00 [running]> on host 2525a2c6e2b8
[2022-08-03 00:00:05,365] {taskinstance.py:1571} INFO - Exporting the following env vars:
AIRFLOW_CTX_DAG_OWNER=***
AIRFLOW_CTX_DAG_ID=xcom_dag
AIRFLOW_CTX_TASK_ID=processing_tasks.training_model_c
AIRFLOW_CTX_EXECUTION_DATE=2022-08-02T00:00:00+00:00
AIRFLOW_CTX_TRY_NUMBER=1
AIRFLOW_CTX_DAG_RUN_ID=scheduled__2022-08-02T00:00:00+00:00
[2022-08-03 00:00:05,367] {logging_mixin.py:115} INFO - model's accuracy: 0.42977981944950183
[2022-08-03 00:00:05,380] {python.py:173} INFO - Done. Returned value was: None
[2022-08-03 00:00:05,395] {taskinstance.py:1400} INFO - Marking task as SUCCESS. dag_id=xcom_dag, task_id=processing_tasks.training_model_c, execution_date=20220802T000000, start_date=20220803T000005, end_date=20220803T000005
[2022-08-03 00:00:05,441] {local_task_job.py:156} INFO - Task exited with return code 0
[2022-08-03 00:00:05,487] {local_task_job.py:273} INFO - 1 downstream tasks scheduled from follow-on schedule check
