[2022-07-27 20:37:42,996] {taskinstance.py:1159} INFO - Dependencies all met for <TaskInstance: xcom_dag.downloading_data manual__2022-07-27T20:37:42.272143+00:00 [queued]>
[2022-07-27 20:37:43,005] {taskinstance.py:1159} INFO - Dependencies all met for <TaskInstance: xcom_dag.downloading_data manual__2022-07-27T20:37:42.272143+00:00 [queued]>
[2022-07-27 20:37:43,006] {taskinstance.py:1356} INFO - 
--------------------------------------------------------------------------------
[2022-07-27 20:37:43,006] {taskinstance.py:1357} INFO - Starting attempt 1 of 1
[2022-07-27 20:37:43,007] {taskinstance.py:1358} INFO - 
--------------------------------------------------------------------------------
[2022-07-27 20:37:43,027] {taskinstance.py:1377} INFO - Executing <Task(BashOperator): downloading_data> on 2022-07-27 20:37:42.272143+00:00
[2022-07-27 20:37:43,031] {standard_task_runner.py:52} INFO - Started process 2783 to run task
[2022-07-27 20:37:43,035] {standard_task_runner.py:79} INFO - Running: ['***', 'tasks', 'run', 'xcom_dag', 'downloading_data', 'manual__2022-07-27T20:37:42.272143+00:00', '--job-id', '179', '--raw', '--subdir', 'DAGS_FOLDER/xcom_dag.py', '--cfg-path', '/tmp/tmptwa8ippr', '--error-file', '/tmp/tmprapr25o7']
[2022-07-27 20:37:43,036] {standard_task_runner.py:80} INFO - Job 179: Subtask downloading_data
[2022-07-27 20:37:43,098] {task_command.py:369} INFO - Running <TaskInstance: xcom_dag.downloading_data manual__2022-07-27T20:37:42.272143+00:00 [running]> on host 8694d477c774
[2022-07-27 20:37:43,173] {taskinstance.py:1571} INFO - Exporting the following env vars:
AIRFLOW_CTX_DAG_OWNER=***
AIRFLOW_CTX_DAG_ID=xcom_dag
AIRFLOW_CTX_TASK_ID=downloading_data
AIRFLOW_CTX_EXECUTION_DATE=2022-07-27T20:37:42.272143+00:00
AIRFLOW_CTX_TRY_NUMBER=1
AIRFLOW_CTX_DAG_RUN_ID=manual__2022-07-27T20:37:42.272143+00:00
[2022-07-27 20:37:43,175] {subprocess.py:62} INFO - Tmp dir root location: 
 /tmp
[2022-07-27 20:37:43,176] {subprocess.py:74} INFO - Running command: ['bash', '-c', 'sleep 3']
[2022-07-27 20:37:43,186] {subprocess.py:85} INFO - Output:
[2022-07-27 20:37:46,190] {subprocess.py:96} INFO - Command exited with return code 0
[2022-07-27 20:37:46,235] {taskinstance.py:1400} INFO - Marking task as SUCCESS. dag_id=xcom_dag, task_id=downloading_data, execution_date=20220727T203742, start_date=20220727T203742, end_date=20220727T203746
[2022-07-27 20:37:46,281] {local_task_job.py:156} INFO - Task exited with return code 0
[2022-07-27 20:37:46,339] {local_task_job.py:273} INFO - 3 downstream tasks scheduled from follow-on schedule check
