[2022-10-27 02:48:15,191] {taskinstance.py:1159} INFO - Dependencies all met for <TaskInstance: spark_job_dag.is_repo_exists manual__2022-10-27T02:48:14.329786+00:00 [queued]>
[2022-10-27 02:48:15,199] {taskinstance.py:1159} INFO - Dependencies all met for <TaskInstance: spark_job_dag.is_repo_exists manual__2022-10-27T02:48:14.329786+00:00 [queued]>
[2022-10-27 02:48:15,200] {taskinstance.py:1356} INFO - 
--------------------------------------------------------------------------------
[2022-10-27 02:48:15,201] {taskinstance.py:1357} INFO - Starting attempt 1 of 2
[2022-10-27 02:48:15,201] {taskinstance.py:1358} INFO - 
--------------------------------------------------------------------------------
[2022-10-27 02:48:15,213] {taskinstance.py:1377} INFO - Executing <Task(BranchPythonOperator): is_repo_exists> on 2022-10-27 02:48:14.329786+00:00
[2022-10-27 02:48:15,219] {standard_task_runner.py:52} INFO - Started process 6042 to run task
[2022-10-27 02:48:15,222] {standard_task_runner.py:79} INFO - Running: ['***', 'tasks', 'run', 'spark_job_dag', 'is_repo_exists', 'manual__2022-10-27T02:48:14.329786+00:00', '--job-id', '64', '--raw', '--subdir', 'DAGS_FOLDER/spark_job_dag.py', '--cfg-path', '/tmp/tmp1ok3lq11', '--error-file', '/tmp/tmpn_zdwy74']
[2022-10-27 02:48:15,223] {standard_task_runner.py:80} INFO - Job 64: Subtask is_repo_exists
[2022-10-27 02:48:15,281] {task_command.py:369} INFO - Running <TaskInstance: spark_job_dag.is_repo_exists manual__2022-10-27T02:48:14.329786+00:00 [running]> on host abbfe66d2e6a
[2022-10-27 02:48:15,346] {taskinstance.py:1571} INFO - Exporting the following env vars:
AIRFLOW_CTX_DAG_OWNER=***
AIRFLOW_CTX_DAG_ID=spark_job_dag
AIRFLOW_CTX_TASK_ID=is_repo_exists
AIRFLOW_CTX_EXECUTION_DATE=2022-10-27T02:48:14.329786+00:00
AIRFLOW_CTX_TRY_NUMBER=1
AIRFLOW_CTX_DAG_RUN_ID=manual__2022-10-27T02:48:14.329786+00:00
[2022-10-27 02:48:15,348] {python.py:173} INFO - Done. Returned value was: dummy
[2022-10-27 02:48:15,349] {skipmixin.py:140} INFO - Following branch dummy
[2022-10-27 02:48:15,352] {skipmixin.py:175} INFO - Skipping tasks ['git_clone']
[2022-10-27 02:48:15,394] {taskinstance.py:1400} INFO - Marking task as SUCCESS. dag_id=spark_job_dag, task_id=is_repo_exists, execution_date=20221027T024814, start_date=20221027T024815, end_date=20221027T024815
[2022-10-27 02:48:15,435] {local_task_job.py:156} INFO - Task exited with return code 0
[2022-10-27 02:48:15,486] {local_task_job.py:273} INFO - 1 downstream tasks scheduled from follow-on schedule check
