[2022-08-12 00:59:12,297] {taskinstance.py:1159} INFO - Dependencies all met for <TaskInstance: xcom_dag.processing_tasks.training_model_a scheduled__2022-08-11T00:00:00+00:00 [queued]>
[2022-08-12 00:59:12,309] {taskinstance.py:1159} INFO - Dependencies all met for <TaskInstance: xcom_dag.processing_tasks.training_model_a scheduled__2022-08-11T00:00:00+00:00 [queued]>
[2022-08-12 00:59:12,309] {taskinstance.py:1356} INFO - 
--------------------------------------------------------------------------------
[2022-08-12 00:59:12,310] {taskinstance.py:1357} INFO - Starting attempt 1 of 1
[2022-08-12 00:59:12,311] {taskinstance.py:1358} INFO - 
--------------------------------------------------------------------------------
[2022-08-12 00:59:12,323] {taskinstance.py:1377} INFO - Executing <Task(PythonOperator): processing_tasks.training_model_a> on 2022-08-11 00:00:00+00:00
[2022-08-12 00:59:12,328] {standard_task_runner.py:52} INFO - Started process 3849 to run task
[2022-08-12 00:59:12,331] {standard_task_runner.py:79} INFO - Running: ['***', 'tasks', 'run', 'xcom_dag', 'processing_tasks.training_model_a', 'scheduled__2022-08-11T00:00:00+00:00', '--job-id', '367', '--raw', '--subdir', 'DAGS_FOLDER/xcom_dag.py', '--cfg-path', '/tmp/tmp0ffghzwd', '--error-file', '/tmp/tmp6qe8b838']
[2022-08-12 00:59:12,332] {standard_task_runner.py:80} INFO - Job 367: Subtask processing_tasks.training_model_a
[2022-08-12 00:59:12,390] {task_command.py:369} INFO - Running <TaskInstance: xcom_dag.processing_tasks.training_model_a scheduled__2022-08-11T00:00:00+00:00 [running]> on host c49533ed8cfb
[2022-08-12 00:59:12,459] {taskinstance.py:1571} INFO - Exporting the following env vars:
AIRFLOW_CTX_DAG_OWNER=***
AIRFLOW_CTX_DAG_ID=xcom_dag
AIRFLOW_CTX_TASK_ID=processing_tasks.training_model_a
AIRFLOW_CTX_EXECUTION_DATE=2022-08-11T00:00:00+00:00
AIRFLOW_CTX_TRY_NUMBER=1
AIRFLOW_CTX_DAG_RUN_ID=scheduled__2022-08-11T00:00:00+00:00
[2022-08-12 00:59:12,461] {logging_mixin.py:115} INFO - model's accuracy: 0.6978567571272293
[2022-08-12 00:59:12,476] {python.py:173} INFO - Done. Returned value was: None
[2022-08-12 00:59:12,493] {taskinstance.py:1400} INFO - Marking task as SUCCESS. dag_id=xcom_dag, task_id=processing_tasks.training_model_a, execution_date=20220811T000000, start_date=20220812T005912, end_date=20220812T005912
[2022-08-12 00:59:12,545] {local_task_job.py:156} INFO - Task exited with return code 0
[2022-08-12 00:59:12,624] {local_task_job.py:273} INFO - 1 downstream tasks scheduled from follow-on schedule check
