[2022-07-27 02:43:09,233] {taskinstance.py:1159} INFO - Dependencies all met for <TaskInstance: task_group_dag.processing_tasks.spark_task.extract_a scheduled__2022-07-26T00:00:00+00:00 [queued]>
[2022-07-27 02:43:09,270] {taskinstance.py:1159} INFO - Dependencies all met for <TaskInstance: task_group_dag.processing_tasks.spark_task.extract_a scheduled__2022-07-26T00:00:00+00:00 [queued]>
[2022-07-27 02:43:09,271] {taskinstance.py:1356} INFO - 
--------------------------------------------------------------------------------
[2022-07-27 02:43:09,271] {taskinstance.py:1357} INFO - Starting attempt 1 of 1
[2022-07-27 02:43:09,272] {taskinstance.py:1358} INFO - 
--------------------------------------------------------------------------------
[2022-07-27 02:43:09,315] {taskinstance.py:1377} INFO - Executing <Task(BashOperator): processing_tasks.spark_task.extract_a> on 2022-07-26 00:00:00+00:00
[2022-07-27 02:43:09,323] {standard_task_runner.py:52} INFO - Started process 22809 to run task
[2022-07-27 02:43:09,329] {standard_task_runner.py:79} INFO - Running: ['***', 'tasks', 'run', 'task_group_dag', 'processing_tasks.spark_task.extract_a', 'scheduled__2022-07-26T00:00:00+00:00', '--job-id', '137', '--raw', '--subdir', 'DAGS_FOLDER/task_group_dag.py', '--cfg-path', '/tmp/tmpe9qo4jwr', '--error-file', '/tmp/tmp46rtvgn4']
[2022-07-27 02:43:09,334] {standard_task_runner.py:80} INFO - Job 137: Subtask processing_tasks.spark_task.extract_a
[2022-07-27 02:43:09,488] {task_command.py:369} INFO - Running <TaskInstance: task_group_dag.processing_tasks.spark_task.extract_a scheduled__2022-07-26T00:00:00+00:00 [running]> on host 8694d477c774
[2022-07-27 02:43:09,683] {taskinstance.py:1571} INFO - Exporting the following env vars:
AIRFLOW_CTX_DAG_OWNER=***
AIRFLOW_CTX_DAG_ID=task_group_dag
AIRFLOW_CTX_TASK_ID=processing_tasks.spark_task.extract_a
AIRFLOW_CTX_EXECUTION_DATE=2022-07-26T00:00:00+00:00
AIRFLOW_CTX_TRY_NUMBER=1
AIRFLOW_CTX_DAG_RUN_ID=scheduled__2022-07-26T00:00:00+00:00
[2022-07-27 02:43:09,685] {subprocess.py:62} INFO - Tmp dir root location: 
 /tmp
[2022-07-27 02:43:09,689] {subprocess.py:74} INFO - Running command: ['bash', '-c', 'sleep 1']
[2022-07-27 02:43:09,717] {subprocess.py:85} INFO - Output:
[2022-07-27 02:43:10,719] {subprocess.py:96} INFO - Command exited with return code 0
[2022-07-27 02:43:10,755] {taskinstance.py:1400} INFO - Marking task as SUCCESS. dag_id=task_group_dag, task_id=processing_tasks.spark_task.extract_a, execution_date=20220726T000000, start_date=20220727T024309, end_date=20220727T024310
[2022-07-27 02:43:10,810] {local_task_job.py:156} INFO - Task exited with return code 0
[2022-07-27 02:43:10,870] {local_task_job.py:273} INFO - 0 downstream tasks scheduled from follow-on schedule check
