[2022-10-04 21:22:35,569] {taskinstance.py:1159} INFO - Dependencies all met for <TaskInstance: spark_job_dag.git_clone manual__2022-10-04T21:22:33.240699+00:00 [queued]>
[2022-10-04 21:22:35,581] {taskinstance.py:1159} INFO - Dependencies all met for <TaskInstance: spark_job_dag.git_clone manual__2022-10-04T21:22:33.240699+00:00 [queued]>
[2022-10-04 21:22:35,582] {taskinstance.py:1356} INFO - 
--------------------------------------------------------------------------------
[2022-10-04 21:22:35,582] {taskinstance.py:1357} INFO - Starting attempt 1 of 2
[2022-10-04 21:22:35,583] {taskinstance.py:1358} INFO - 
--------------------------------------------------------------------------------
[2022-10-04 21:22:35,596] {taskinstance.py:1377} INFO - Executing <Task(BashOperator): git_clone> on 2022-10-04 21:22:33.240699+00:00
[2022-10-04 21:22:35,602] {standard_task_runner.py:52} INFO - Started process 187 to run task
[2022-10-04 21:22:35,606] {standard_task_runner.py:79} INFO - Running: ['***', 'tasks', 'run', 'spark_job_dag', 'git_clone', 'manual__2022-10-04T21:22:33.240699+00:00', '--job-id', '20', '--raw', '--subdir', 'DAGS_FOLDER/spark_job_dag.py', '--cfg-path', '/tmp/tmpzn92_jc4', '--error-file', '/tmp/tmpnpu1ltcv']
[2022-10-04 21:22:35,607] {standard_task_runner.py:80} INFO - Job 20: Subtask git_clone
[2022-10-04 21:22:35,672] {task_command.py:369} INFO - Running <TaskInstance: spark_job_dag.git_clone manual__2022-10-04T21:22:33.240699+00:00 [running]> on host a5cbfeb8bf09
[2022-10-04 21:22:35,748] {taskinstance.py:1571} INFO - Exporting the following env vars:
AIRFLOW_CTX_DAG_OWNER=***
AIRFLOW_CTX_DAG_ID=spark_job_dag
AIRFLOW_CTX_TASK_ID=git_clone
AIRFLOW_CTX_EXECUTION_DATE=2022-10-04T21:22:33.240699+00:00
AIRFLOW_CTX_TRY_NUMBER=1
AIRFLOW_CTX_DAG_RUN_ID=manual__2022-10-04T21:22:33.240699+00:00
[2022-10-04 21:22:35,750] {subprocess.py:62} INFO - Tmp dir root location: 
 /tmp
[2022-10-04 21:22:35,751] {subprocess.py:74} INFO - Running command: ['bash', '-c', 'git clone https://github.com/marclamberti/simple-app.git /home/***/simple-app']
[2022-10-04 21:22:35,776] {subprocess.py:85} INFO - Output:
[2022-10-04 21:22:35,798] {subprocess.py:92} INFO - Cloning into '/home/***/simple-app'...
[2022-10-04 21:22:36,634] {subprocess.py:96} INFO - Command exited with return code 0
[2022-10-04 21:22:36,665] {taskinstance.py:1400} INFO - Marking task as SUCCESS. dag_id=spark_job_dag, task_id=git_clone, execution_date=20221004T212233, start_date=20221004T212235, end_date=20221004T212236
[2022-10-04 21:22:36,704] {local_task_job.py:156} INFO - Task exited with return code 0
[2022-10-04 21:22:36,748] {local_task_job.py:273} INFO - 0 downstream tasks scheduled from follow-on schedule check
