[2022-07-27 21:27:54,890] {taskinstance.py:1159} INFO - Dependencies all met for <TaskInstance: xcom_dag.processing_tasks.training_model_a manual__2022-07-27T21:27:49.298847+00:00 [queued]>
[2022-07-27 21:27:54,901] {taskinstance.py:1159} INFO - Dependencies all met for <TaskInstance: xcom_dag.processing_tasks.training_model_a manual__2022-07-27T21:27:49.298847+00:00 [queued]>
[2022-07-27 21:27:54,902] {taskinstance.py:1356} INFO - 
--------------------------------------------------------------------------------
[2022-07-27 21:27:54,902] {taskinstance.py:1357} INFO - Starting attempt 1 of 1
[2022-07-27 21:27:54,903] {taskinstance.py:1358} INFO - 
--------------------------------------------------------------------------------
[2022-07-27 21:27:54,917] {taskinstance.py:1377} INFO - Executing <Task(PythonOperator): processing_tasks.training_model_a> on 2022-07-27 21:27:49.298847+00:00
[2022-07-27 21:27:54,922] {standard_task_runner.py:52} INFO - Started process 5236 to run task
[2022-07-27 21:27:54,925] {standard_task_runner.py:79} INFO - Running: ['***', 'tasks', 'run', 'xcom_dag', 'processing_tasks.training_model_a', 'manual__2022-07-27T21:27:49.298847+00:00', '--job-id', '211', '--raw', '--subdir', 'DAGS_FOLDER/xcom_dag.py', '--cfg-path', '/tmp/tmpv62gk_m5', '--error-file', '/tmp/tmp0q5ifd6b']
[2022-07-27 21:27:54,926] {standard_task_runner.py:80} INFO - Job 211: Subtask processing_tasks.training_model_a
[2022-07-27 21:27:54,989] {task_command.py:369} INFO - Running <TaskInstance: xcom_dag.processing_tasks.training_model_a manual__2022-07-27T21:27:49.298847+00:00 [running]> on host 8694d477c774
[2022-07-27 21:27:55,061] {taskinstance.py:1571} INFO - Exporting the following env vars:
AIRFLOW_CTX_DAG_OWNER=***
AIRFLOW_CTX_DAG_ID=xcom_dag
AIRFLOW_CTX_TASK_ID=processing_tasks.training_model_a
AIRFLOW_CTX_EXECUTION_DATE=2022-07-27T21:27:49.298847+00:00
AIRFLOW_CTX_TRY_NUMBER=1
AIRFLOW_CTX_DAG_RUN_ID=manual__2022-07-27T21:27:49.298847+00:00
[2022-07-27 21:27:55,062] {logging_mixin.py:115} INFO - model's accuracy: 1.434563685476635
[2022-07-27 21:27:55,075] {python.py:173} INFO - Done. Returned value was: None
[2022-07-27 21:27:55,088] {taskinstance.py:1400} INFO - Marking task as SUCCESS. dag_id=xcom_dag, task_id=processing_tasks.training_model_a, execution_date=20220727T212749, start_date=20220727T212754, end_date=20220727T212755
[2022-07-27 21:27:55,139] {local_task_job.py:156} INFO - Task exited with return code 0
[2022-07-27 21:27:55,184] {local_task_job.py:273} INFO - 1 downstream tasks scheduled from follow-on schedule check
