[2022-08-12 03:20:22,460] {taskinstance.py:1159} INFO - Dependencies all met for <TaskInstance: elasticsearch_dag.connections_to_es manual__2022-08-12T03:20:20.331720+00:00 [queued]>
[2022-08-12 03:20:22,468] {taskinstance.py:1159} INFO - Dependencies all met for <TaskInstance: elasticsearch_dag.connections_to_es manual__2022-08-12T03:20:20.331720+00:00 [queued]>
[2022-08-12 03:20:22,469] {taskinstance.py:1356} INFO - 
--------------------------------------------------------------------------------
[2022-08-12 03:20:22,470] {taskinstance.py:1357} INFO - Starting attempt 1 of 1
[2022-08-12 03:20:22,470] {taskinstance.py:1358} INFO - 
--------------------------------------------------------------------------------
[2022-08-12 03:20:22,485] {taskinstance.py:1377} INFO - Executing <Task(PostgresToElasticOperator): connections_to_es> on 2022-08-12 03:20:20.331720+00:00
[2022-08-12 03:20:22,491] {standard_task_runner.py:52} INFO - Started process 1103 to run task
[2022-08-12 03:20:22,494] {standard_task_runner.py:79} INFO - Running: ['***', 'tasks', 'run', 'elasticsearch_dag', 'connections_to_es', 'manual__2022-08-12T03:20:20.331720+00:00', '--job-id', '383', '--raw', '--subdir', 'DAGS_FOLDER/elastic_dag.py', '--cfg-path', '/tmp/tmpol5ftg9e', '--error-file', '/tmp/tmpkwxwf4cf']
[2022-08-12 03:20:22,496] {standard_task_runner.py:80} INFO - Job 383: Subtask connections_to_es
[2022-08-12 03:20:22,555] {task_command.py:369} INFO - Running <TaskInstance: elasticsearch_dag.connections_to_es manual__2022-08-12T03:20:20.331720+00:00 [running]> on host a1c9528fe5e1
[2022-08-12 03:20:22,623] {taskinstance.py:1571} INFO - Exporting the following env vars:
AIRFLOW_CTX_DAG_OWNER=***
AIRFLOW_CTX_DAG_ID=elasticsearch_dag
AIRFLOW_CTX_TASK_ID=connections_to_es
AIRFLOW_CTX_EXECUTION_DATE=2022-08-12T03:20:20.331720+00:00
AIRFLOW_CTX_TRY_NUMBER=1
AIRFLOW_CTX_DAG_RUN_ID=manual__2022-08-12T03:20:20.331720+00:00
[2022-08-12 03:20:22,633] {base.py:68} INFO - Using connection ID 'elasticsearch_default' for task execution.
[2022-08-12 03:20:22,640] {base.py:68} INFO - Using connection ID 'postgres_default' for task execution.
[2022-08-12 03:20:22,646] {taskinstance.py:1889} ERROR - Task failed with exception
Traceback (most recent call last):
  File "/opt/airflow/dags/operators/postgres_to_elastic.py", line 28, in execute
    doc = json.dumps(row, ident=2)
  File "/usr/local/lib/python3.7/json/__init__.py", line 238, in dumps
    **kw).encode(obj)
TypeError: __init__() got an unexpected keyword argument 'ident'
[2022-08-12 03:20:22,656] {taskinstance.py:1400} INFO - Marking task as FAILED. dag_id=elasticsearch_dag, task_id=connections_to_es, execution_date=20220812T032020, start_date=20220812T032022, end_date=20220812T032022
[2022-08-12 03:20:22,665] {standard_task_runner.py:97} ERROR - Failed to execute job 383 for task connections_to_es (__init__() got an unexpected keyword argument 'ident'; 1103)
[2022-08-12 03:20:22,708] {local_task_job.py:156} INFO - Task exited with return code 1
[2022-08-12 03:20:22,744] {local_task_job.py:273} INFO - 0 downstream tasks scheduled from follow-on schedule check
