[2022-07-25 17:02:08,753] {taskinstance.py:1159} INFO - Dependencies all met for <TaskInstance: user_processing.is_api_available scheduled__2022-07-24T00:00:00+00:00 [queued]>
[2022-07-25 17:02:08,775] {taskinstance.py:1159} INFO - Dependencies all met for <TaskInstance: user_processing.is_api_available scheduled__2022-07-24T00:00:00+00:00 [queued]>
[2022-07-25 17:02:08,776] {taskinstance.py:1356} INFO - 
--------------------------------------------------------------------------------
[2022-07-25 17:02:08,778] {taskinstance.py:1357} INFO - Starting attempt 1 of 1
[2022-07-25 17:02:08,779] {taskinstance.py:1358} INFO - 
--------------------------------------------------------------------------------
[2022-07-25 17:02:08,804] {taskinstance.py:1377} INFO - Executing <Task(HttpSensor): is_api_available> on 2022-07-24 00:00:00+00:00
[2022-07-25 17:02:08,812] {standard_task_runner.py:52} INFO - Started process 70 to run task
[2022-07-25 17:02:08,821] {standard_task_runner.py:79} INFO - Running: ['***', 'tasks', 'run', 'user_processing', 'is_api_available', 'scheduled__2022-07-24T00:00:00+00:00', '--job-id', '108', '--raw', '--subdir', 'DAGS_FOLDER/user_processing.py', '--cfg-path', '/tmp/tmpeqk8deww', '--error-file', '/tmp/tmp8077yw99']
[2022-07-25 17:02:08,824] {standard_task_runner.py:80} INFO - Job 108: Subtask is_api_available
[2022-07-25 17:02:08,938] {task_command.py:369} INFO - Running <TaskInstance: user_processing.is_api_available scheduled__2022-07-24T00:00:00+00:00 [running]> on host 8694d477c774
[2022-07-25 17:02:09,084] {taskinstance.py:1571} INFO - Exporting the following env vars:
AIRFLOW_CTX_DAG_OWNER=***
AIRFLOW_CTX_DAG_ID=user_processing
AIRFLOW_CTX_TASK_ID=is_api_available
AIRFLOW_CTX_EXECUTION_DATE=2022-07-24T00:00:00+00:00
AIRFLOW_CTX_TRY_NUMBER=1
AIRFLOW_CTX_DAG_RUN_ID=scheduled__2022-07-24T00:00:00+00:00
[2022-07-25 17:02:09,087] {http.py:97} INFO - Poking: api/
[2022-07-25 17:02:09,105] {base.py:68} INFO - Using connection ID 'user_api' for task execution.
[2022-07-25 17:02:09,109] {http.py:129} INFO - Sending 'GET' to url: https://randomuser.me/api/
[2022-07-25 17:02:11,294] {base.py:301} INFO - Success criteria met. Exiting.
[2022-07-25 17:02:11,322] {taskinstance.py:1400} INFO - Marking task as SUCCESS. dag_id=user_processing, task_id=is_api_available, execution_date=20220724T000000, start_date=20220725T170208, end_date=20220725T170211
[2022-07-25 17:02:11,354] {local_task_job.py:156} INFO - Task exited with return code 0
[2022-07-25 17:02:11,450] {local_task_job.py:273} INFO - 1 downstream tasks scheduled from follow-on schedule check
