[2022-07-27 17:42:16,118] {taskinstance.py:1159} INFO - Dependencies all met for <TaskInstance: xcom_dag.downloading_data scheduled__2022-07-26T00:00:00+00:00 [queued]>
[2022-07-27 17:42:16,128] {taskinstance.py:1159} INFO - Dependencies all met for <TaskInstance: xcom_dag.downloading_data scheduled__2022-07-26T00:00:00+00:00 [queued]>
[2022-07-27 17:42:16,129] {taskinstance.py:1356} INFO - 
--------------------------------------------------------------------------------
[2022-07-27 17:42:16,129] {taskinstance.py:1357} INFO - Starting attempt 1 of 1
[2022-07-27 17:42:16,130] {taskinstance.py:1358} INFO - 
--------------------------------------------------------------------------------
[2022-07-27 17:42:16,145] {taskinstance.py:1377} INFO - Executing <Task(BashOperator): downloading_data> on 2022-07-26 00:00:00+00:00
[2022-07-27 17:42:16,150] {standard_task_runner.py:52} INFO - Started process 33659 to run task
[2022-07-27 17:42:16,154] {standard_task_runner.py:79} INFO - Running: ['***', 'tasks', 'run', 'xcom_dag', 'downloading_data', 'scheduled__2022-07-26T00:00:00+00:00', '--job-id', '142', '--raw', '--subdir', 'DAGS_FOLDER/xcom_dag.py', '--cfg-path', '/tmp/tmpb7d5j6v3', '--error-file', '/tmp/tmp7tm2j6g4']
[2022-07-27 17:42:16,155] {standard_task_runner.py:80} INFO - Job 142: Subtask downloading_data
[2022-07-27 17:42:16,220] {task_command.py:369} INFO - Running <TaskInstance: xcom_dag.downloading_data scheduled__2022-07-26T00:00:00+00:00 [running]> on host 8694d477c774
[2022-07-27 17:42:16,318] {taskinstance.py:1571} INFO - Exporting the following env vars:
AIRFLOW_CTX_DAG_OWNER=***
AIRFLOW_CTX_DAG_ID=xcom_dag
AIRFLOW_CTX_TASK_ID=downloading_data
AIRFLOW_CTX_EXECUTION_DATE=2022-07-26T00:00:00+00:00
AIRFLOW_CTX_TRY_NUMBER=1
AIRFLOW_CTX_DAG_RUN_ID=scheduled__2022-07-26T00:00:00+00:00
[2022-07-27 17:42:16,321] {subprocess.py:62} INFO - Tmp dir root location: 
 /tmp
[2022-07-27 17:42:16,323] {subprocess.py:74} INFO - Running command: ['bash', '-c', 'sleep 3']
[2022-07-27 17:42:16,338] {subprocess.py:85} INFO - Output:
[2022-07-27 17:42:19,343] {subprocess.py:96} INFO - Command exited with return code 0
[2022-07-27 17:42:19,380] {taskinstance.py:1400} INFO - Marking task as SUCCESS. dag_id=xcom_dag, task_id=downloading_data, execution_date=20220726T000000, start_date=20220727T174216, end_date=20220727T174219
[2022-07-27 17:42:19,422] {local_task_job.py:156} INFO - Task exited with return code 0
[2022-07-27 17:42:19,467] {local_task_job.py:273} INFO - 3 downstream tasks scheduled from follow-on schedule check
