[2022-08-10 01:45:11,475] {taskinstance.py:1159} INFO - Dependencies all met for <TaskInstance: xcom_dag.downloading_data scheduled__2022-08-05T00:00:00+00:00 [queued]>
[2022-08-10 01:45:11,537] {taskinstance.py:1159} INFO - Dependencies all met for <TaskInstance: xcom_dag.downloading_data scheduled__2022-08-05T00:00:00+00:00 [queued]>
[2022-08-10 01:45:11,540] {taskinstance.py:1356} INFO - 
--------------------------------------------------------------------------------
[2022-08-10 01:45:11,545] {taskinstance.py:1357} INFO - Starting attempt 1 of 1
[2022-08-10 01:45:11,550] {taskinstance.py:1358} INFO - 
--------------------------------------------------------------------------------
[2022-08-10 01:45:11,655] {taskinstance.py:1377} INFO - Executing <Task(BashOperator): downloading_data> on 2022-08-05 00:00:00+00:00
[2022-08-10 01:45:11,675] {standard_task_runner.py:52} INFO - Started process 86 to run task
[2022-08-10 01:45:11,724] {standard_task_runner.py:79} INFO - Running: ['***', 'tasks', 'run', 'xcom_dag', 'downloading_data', 'scheduled__2022-08-05T00:00:00+00:00', '--job-id', '321', '--raw', '--subdir', 'DAGS_FOLDER/xcom_dag.py', '--cfg-path', '/tmp/tmpylf89i64', '--error-file', '/tmp/tmpk_i763s5']
[2022-08-10 01:45:11,728] {standard_task_runner.py:80} INFO - Job 321: Subtask downloading_data
[2022-08-10 01:45:12,151] {task_command.py:369} INFO - Running <TaskInstance: xcom_dag.downloading_data scheduled__2022-08-05T00:00:00+00:00 [running]> on host 531c07ae0142
[2022-08-10 01:45:12,623] {taskinstance.py:1571} INFO - Exporting the following env vars:
AIRFLOW_CTX_DAG_OWNER=***
AIRFLOW_CTX_DAG_ID=xcom_dag
AIRFLOW_CTX_TASK_ID=downloading_data
AIRFLOW_CTX_EXECUTION_DATE=2022-08-05T00:00:00+00:00
AIRFLOW_CTX_TRY_NUMBER=1
AIRFLOW_CTX_DAG_RUN_ID=scheduled__2022-08-05T00:00:00+00:00
[2022-08-10 01:45:12,634] {subprocess.py:62} INFO - Tmp dir root location: 
 /tmp
[2022-08-10 01:45:12,636] {subprocess.py:74} INFO - Running command: ['bash', '-c', 'sleep 3']
[2022-08-10 01:45:12,704] {subprocess.py:85} INFO - Output:
[2022-08-10 01:45:15,709] {subprocess.py:96} INFO - Command exited with return code 0
[2022-08-10 01:45:15,844] {taskinstance.py:1400} INFO - Marking task as SUCCESS. dag_id=xcom_dag, task_id=downloading_data, execution_date=20220805T000000, start_date=20220810T014511, end_date=20220810T014515
[2022-08-10 01:45:15,905] {local_task_job.py:156} INFO - Task exited with return code 0
[2022-08-10 01:45:16,054] {local_task_job.py:273} INFO - 3 downstream tasks scheduled from follow-on schedule check
