[2022-08-05 00:03:49,085] {taskinstance.py:1159} INFO - Dependencies all met for <TaskInstance: xcom_dag.downloading_data scheduled__2022-08-04T00:00:00+00:00 [queued]>
[2022-08-05 00:03:49,106] {taskinstance.py:1159} INFO - Dependencies all met for <TaskInstance: xcom_dag.downloading_data scheduled__2022-08-04T00:00:00+00:00 [queued]>
[2022-08-05 00:03:49,119] {taskinstance.py:1356} INFO - 
--------------------------------------------------------------------------------
[2022-08-05 00:03:49,126] {taskinstance.py:1357} INFO - Starting attempt 1 of 1
[2022-08-05 00:03:49,132] {taskinstance.py:1358} INFO - 
--------------------------------------------------------------------------------
[2022-08-05 00:03:49,233] {taskinstance.py:1377} INFO - Executing <Task(BashOperator): downloading_data> on 2022-08-04 00:00:00+00:00
[2022-08-05 00:03:49,251] {standard_task_runner.py:52} INFO - Started process 71 to run task
[2022-08-05 00:03:49,265] {standard_task_runner.py:79} INFO - Running: ['***', 'tasks', 'run', 'xcom_dag', 'downloading_data', 'scheduled__2022-08-04T00:00:00+00:00', '--job-id', '307', '--raw', '--subdir', 'DAGS_FOLDER/xcom_dag.py', '--cfg-path', '/tmp/tmprtpb6du7', '--error-file', '/tmp/tmpzvln35eq']
[2022-08-05 00:03:49,267] {standard_task_runner.py:80} INFO - Job 307: Subtask downloading_data
[2022-08-05 00:03:49,382] {task_command.py:369} INFO - Running <TaskInstance: xcom_dag.downloading_data scheduled__2022-08-04T00:00:00+00:00 [running]> on host 531c07ae0142
[2022-08-05 00:03:49,655] {taskinstance.py:1571} INFO - Exporting the following env vars:
AIRFLOW_CTX_DAG_OWNER=***
AIRFLOW_CTX_DAG_ID=xcom_dag
AIRFLOW_CTX_TASK_ID=downloading_data
AIRFLOW_CTX_EXECUTION_DATE=2022-08-04T00:00:00+00:00
AIRFLOW_CTX_TRY_NUMBER=1
AIRFLOW_CTX_DAG_RUN_ID=scheduled__2022-08-04T00:00:00+00:00
[2022-08-05 00:03:49,658] {subprocess.py:62} INFO - Tmp dir root location: 
 /tmp
[2022-08-05 00:03:49,663] {subprocess.py:74} INFO - Running command: ['bash', '-c', 'sleep 3']
[2022-08-05 00:03:49,707] {subprocess.py:85} INFO - Output:
[2022-08-05 00:03:52,718] {subprocess.py:96} INFO - Command exited with return code 0
[2022-08-05 00:03:52,766] {taskinstance.py:1400} INFO - Marking task as SUCCESS. dag_id=xcom_dag, task_id=downloading_data, execution_date=20220804T000000, start_date=20220805T000349, end_date=20220805T000352
[2022-08-05 00:03:52,815] {local_task_job.py:156} INFO - Task exited with return code 0
[2022-08-05 00:03:52,878] {local_task_job.py:273} INFO - 3 downstream tasks scheduled from follow-on schedule check
