[2022-08-02 17:44:10,893] {taskinstance.py:1159} INFO - Dependencies all met for <TaskInstance: xcom_dag.choose_best_model scheduled__2022-08-01T00:00:00+00:00 [queued]>
[2022-08-02 17:44:10,906] {taskinstance.py:1159} INFO - Dependencies all met for <TaskInstance: xcom_dag.choose_best_model scheduled__2022-08-01T00:00:00+00:00 [queued]>
[2022-08-02 17:44:10,907] {taskinstance.py:1356} INFO - 
--------------------------------------------------------------------------------
[2022-08-02 17:44:10,908] {taskinstance.py:1357} INFO - Starting attempt 1 of 1
[2022-08-02 17:44:10,908] {taskinstance.py:1358} INFO - 
--------------------------------------------------------------------------------
[2022-08-02 17:44:10,924] {taskinstance.py:1377} INFO - Executing <Task(BranchPythonOperator): choose_best_model> on 2022-08-01 00:00:00+00:00
[2022-08-02 17:44:10,929] {standard_task_runner.py:52} INFO - Started process 17213 to run task
[2022-08-02 17:44:10,933] {standard_task_runner.py:79} INFO - Running: ['***', 'tasks', 'run', 'xcom_dag', 'choose_best_model', 'scheduled__2022-08-01T00:00:00+00:00', '--job-id', '288', '--raw', '--subdir', 'DAGS_FOLDER/xcom_dag.py', '--cfg-path', '/tmp/tmpn4xujc0a', '--error-file', '/tmp/tmpt4fhoa4c']
[2022-08-02 17:44:10,934] {standard_task_runner.py:80} INFO - Job 288: Subtask choose_best_model
[2022-08-02 17:44:11,002] {task_command.py:369} INFO - Running <TaskInstance: xcom_dag.choose_best_model scheduled__2022-08-01T00:00:00+00:00 [running]> on host 2525a2c6e2b8
[2022-08-02 17:44:11,087] {taskinstance.py:1571} INFO - Exporting the following env vars:
AIRFLOW_CTX_DAG_OWNER=***
AIRFLOW_CTX_DAG_ID=xcom_dag
AIRFLOW_CTX_TASK_ID=choose_best_model
AIRFLOW_CTX_EXECUTION_DATE=2022-08-01T00:00:00+00:00
AIRFLOW_CTX_TRY_NUMBER=1
AIRFLOW_CTX_DAG_RUN_ID=scheduled__2022-08-01T00:00:00+00:00
[2022-08-02 17:44:11,090] {logging_mixin.py:115} INFO - choose best model
[2022-08-02 17:44:11,102] {logging_mixin.py:115} INFO - [5.526023384527353, 6.3812641202417915, 7.338718016235832]
[2022-08-02 17:44:11,103] {python.py:173} INFO - Done. Returned value was: accurate
[2022-08-02 17:44:11,104] {skipmixin.py:140} INFO - Following branch accurate
[2022-08-02 17:44:11,105] {skipmixin.py:175} INFO - Skipping tasks ['innacurate']
[2022-08-02 17:44:11,159] {taskinstance.py:1400} INFO - Marking task as SUCCESS. dag_id=xcom_dag, task_id=choose_best_model, execution_date=20220801T000000, start_date=20220802T174410, end_date=20220802T174411
[2022-08-02 17:44:11,187] {local_task_job.py:156} INFO - Task exited with return code 0
[2022-08-02 17:44:11,236] {local_task_job.py:273} INFO - 1 downstream tasks scheduled from follow-on schedule check
