[2022-07-28 13:05:10,378] {taskinstance.py:1159} INFO - Dependencies all met for <TaskInstance: trigger_rule_dag.task_3 manual__2022-07-28T13:05:08.586177+00:00 [queued]>
[2022-07-28 13:05:10,386] {taskinstance.py:1159} INFO - Dependencies all met for <TaskInstance: trigger_rule_dag.task_3 manual__2022-07-28T13:05:08.586177+00:00 [queued]>
[2022-07-28 13:05:10,387] {taskinstance.py:1356} INFO - 
--------------------------------------------------------------------------------
[2022-07-28 13:05:10,387] {taskinstance.py:1357} INFO - Starting attempt 1 of 1
[2022-07-28 13:05:10,388] {taskinstance.py:1358} INFO - 
--------------------------------------------------------------------------------
[2022-07-28 13:05:10,401] {taskinstance.py:1377} INFO - Executing <Task(BashOperator): task_3> on 2022-07-28 13:05:08.586177+00:00
[2022-07-28 13:05:10,405] {standard_task_runner.py:52} INFO - Started process 1840 to run task
[2022-07-28 13:05:10,409] {standard_task_runner.py:79} INFO - Running: ['***', 'tasks', 'run', 'trigger_rule_dag', 'task_3', 'manual__2022-07-28T13:05:08.586177+00:00', '--job-id', '233', '--raw', '--subdir', 'DAGS_FOLDER/trigger_rule_dag.py', '--cfg-path', '/tmp/tmpc4jre8b7', '--error-file', '/tmp/tmpmuels0ck']
[2022-07-28 13:05:10,409] {standard_task_runner.py:80} INFO - Job 233: Subtask task_3
[2022-07-28 13:05:10,464] {task_command.py:369} INFO - Running <TaskInstance: trigger_rule_dag.task_3 manual__2022-07-28T13:05:08.586177+00:00 [running]> on host 2525a2c6e2b8
[2022-07-28 13:05:10,532] {taskinstance.py:1571} INFO - Exporting the following env vars:
AIRFLOW_CTX_DAG_OWNER=***
AIRFLOW_CTX_DAG_ID=trigger_rule_dag
AIRFLOW_CTX_TASK_ID=task_3
AIRFLOW_CTX_EXECUTION_DATE=2022-07-28T13:05:08.586177+00:00
AIRFLOW_CTX_TRY_NUMBER=1
AIRFLOW_CTX_DAG_RUN_ID=manual__2022-07-28T13:05:08.586177+00:00
[2022-07-28 13:05:10,534] {subprocess.py:62} INFO - Tmp dir root location: 
 /tmp
[2022-07-28 13:05:10,535] {subprocess.py:74} INFO - Running command: ['bash', '-c', 'exit 0']
[2022-07-28 13:05:10,548] {subprocess.py:85} INFO - Output:
[2022-07-28 13:05:10,550] {subprocess.py:96} INFO - Command exited with return code 0
[2022-07-28 13:05:10,565] {taskinstance.py:1400} INFO - Marking task as SUCCESS. dag_id=trigger_rule_dag, task_id=task_3, execution_date=20220728T130508, start_date=20220728T130510, end_date=20220728T130510
[2022-07-28 13:05:10,582] {local_task_job.py:156} INFO - Task exited with return code 0
[2022-07-28 13:05:10,612] {local_task_job.py:273} INFO - 0 downstream tasks scheduled from follow-on schedule check
