[2022-07-27 21:22:53,203] {taskinstance.py:1159} INFO - Dependencies all met for <TaskInstance: xcom_dag.processing_tasks.training_model_b manual__2022-07-27T21:22:47.542435+00:00 [queued]>
[2022-07-27 21:22:53,213] {taskinstance.py:1159} INFO - Dependencies all met for <TaskInstance: xcom_dag.processing_tasks.training_model_b manual__2022-07-27T21:22:47.542435+00:00 [queued]>
[2022-07-27 21:22:53,214] {taskinstance.py:1356} INFO - 
--------------------------------------------------------------------------------
[2022-07-27 21:22:53,214] {taskinstance.py:1357} INFO - Starting attempt 1 of 1
[2022-07-27 21:22:53,215] {taskinstance.py:1358} INFO - 
--------------------------------------------------------------------------------
[2022-07-27 21:22:53,227] {taskinstance.py:1377} INFO - Executing <Task(PythonOperator): processing_tasks.training_model_b> on 2022-07-27 21:22:47.542435+00:00
[2022-07-27 21:22:53,232] {standard_task_runner.py:52} INFO - Started process 4971 to run task
[2022-07-27 21:22:53,236] {standard_task_runner.py:79} INFO - Running: ['***', 'tasks', 'run', 'xcom_dag', 'processing_tasks.training_model_b', 'manual__2022-07-27T21:22:47.542435+00:00', '--job-id', '201', '--raw', '--subdir', 'DAGS_FOLDER/xcom_dag.py', '--cfg-path', '/tmp/tmpblebl_mi', '--error-file', '/tmp/tmply3gcyez']
[2022-07-27 21:22:53,236] {standard_task_runner.py:80} INFO - Job 201: Subtask processing_tasks.training_model_b
[2022-07-27 21:22:53,293] {task_command.py:369} INFO - Running <TaskInstance: xcom_dag.processing_tasks.training_model_b manual__2022-07-27T21:22:47.542435+00:00 [running]> on host 8694d477c774
[2022-07-27 21:22:53,373] {taskinstance.py:1571} INFO - Exporting the following env vars:
AIRFLOW_CTX_DAG_OWNER=***
AIRFLOW_CTX_DAG_ID=xcom_dag
AIRFLOW_CTX_TASK_ID=processing_tasks.training_model_b
AIRFLOW_CTX_EXECUTION_DATE=2022-07-27T21:22:47.542435+00:00
AIRFLOW_CTX_TRY_NUMBER=1
AIRFLOW_CTX_DAG_RUN_ID=manual__2022-07-27T21:22:47.542435+00:00
[2022-07-27 21:22:53,374] {logging_mixin.py:115} INFO - model's accuracy: 5.870660114260845
[2022-07-27 21:22:53,388] {python.py:173} INFO - Done. Returned value was: None
[2022-07-27 21:22:53,401] {taskinstance.py:1400} INFO - Marking task as SUCCESS. dag_id=xcom_dag, task_id=processing_tasks.training_model_b, execution_date=20220727T212247, start_date=20220727T212253, end_date=20220727T212253
[2022-07-27 21:22:53,449] {local_task_job.py:156} INFO - Task exited with return code 0
[2022-07-27 21:22:53,488] {local_task_job.py:273} INFO - 0 downstream tasks scheduled from follow-on schedule check
