[2022-08-14 17:18:51,023] {taskinstance.py:1159} INFO - Dependencies all met for <TaskInstance: elasticsearch_dag.connections_to_es manual__2022-08-14T17:18:46.882465+00:00 [queued]>
[2022-08-14 17:18:51,033] {taskinstance.py:1159} INFO - Dependencies all met for <TaskInstance: elasticsearch_dag.connections_to_es manual__2022-08-14T17:18:46.882465+00:00 [queued]>
[2022-08-14 17:18:51,034] {taskinstance.py:1356} INFO - 
--------------------------------------------------------------------------------
[2022-08-14 17:18:51,034] {taskinstance.py:1357} INFO - Starting attempt 1 of 1
[2022-08-14 17:18:51,035] {taskinstance.py:1358} INFO - 
--------------------------------------------------------------------------------
[2022-08-14 17:18:51,047] {taskinstance.py:1377} INFO - Executing <Task(PostgresToElasticOperator): connections_to_es> on 2022-08-14 17:18:46.882465+00:00
[2022-08-14 17:18:51,053] {standard_task_runner.py:52} INFO - Started process 880 to run task
[2022-08-14 17:18:51,056] {standard_task_runner.py:79} INFO - Running: ['***', 'tasks', 'run', 'elasticsearch_dag', 'connections_to_es', 'manual__2022-08-14T17:18:46.882465+00:00', '--job-id', '429', '--raw', '--subdir', 'DAGS_FOLDER/elastic_dag.py', '--cfg-path', '/tmp/tmp7x6ro5en', '--error-file', '/tmp/tmpbpabumjj']
[2022-08-14 17:18:51,057] {standard_task_runner.py:80} INFO - Job 429: Subtask connections_to_es
[2022-08-14 17:18:51,116] {task_command.py:369} INFO - Running <TaskInstance: elasticsearch_dag.connections_to_es manual__2022-08-14T17:18:46.882465+00:00 [running]> on host 976456e83212
[2022-08-14 17:18:51,191] {taskinstance.py:1571} INFO - Exporting the following env vars:
AIRFLOW_CTX_DAG_OWNER=***
AIRFLOW_CTX_DAG_ID=elasticsearch_dag
AIRFLOW_CTX_TASK_ID=connections_to_es
AIRFLOW_CTX_EXECUTION_DATE=2022-08-14T17:18:46.882465+00:00
AIRFLOW_CTX_TRY_NUMBER=1
AIRFLOW_CTX_DAG_RUN_ID=manual__2022-08-14T17:18:46.882465+00:00
[2022-08-14 17:18:51,202] {base.py:68} INFO - Using connection ID 'elasticsearch_default' for task execution.
[2022-08-14 17:18:51,211] {base.py:68} INFO - Using connection ID 'postgres_default' for task execution.
[2022-08-14 17:18:51,729] {base.py:271} INFO - POST http://es01:9200/connections/_doc [status:201 request:0.511s]
[2022-08-14 17:18:51,749] {base.py:271} INFO - POST http://es01:9200/connections/_doc [status:201 request:0.018s]
[2022-08-14 17:18:51,770] {base.py:271} INFO - POST http://es01:9200/connections/_doc [status:201 request:0.021s]
[2022-08-14 17:18:51,784] {taskinstance.py:1400} INFO - Marking task as SUCCESS. dag_id=elasticsearch_dag, task_id=connections_to_es, execution_date=20220814T171846, start_date=20220814T171851, end_date=20220814T171851
[2022-08-14 17:18:51,833] {local_task_job.py:156} INFO - Task exited with return code 0
[2022-08-14 17:18:51,882] {local_task_job.py:273} INFO - 0 downstream tasks scheduled from follow-on schedule check
