[2022-08-04 01:13:32,019] {taskinstance.py:1159} INFO - Dependencies all met for <TaskInstance: xcom_dag.processing_tasks.training_model_a scheduled__2022-08-03T00:00:00+00:00 [queued]>
[2022-08-04 01:13:32,030] {taskinstance.py:1159} INFO - Dependencies all met for <TaskInstance: xcom_dag.processing_tasks.training_model_a scheduled__2022-08-03T00:00:00+00:00 [queued]>
[2022-08-04 01:13:32,031] {taskinstance.py:1356} INFO - 
--------------------------------------------------------------------------------
[2022-08-04 01:13:32,031] {taskinstance.py:1357} INFO - Starting attempt 1 of 1
[2022-08-04 01:13:32,032] {taskinstance.py:1358} INFO - 
--------------------------------------------------------------------------------
[2022-08-04 01:13:32,046] {taskinstance.py:1377} INFO - Executing <Task(PythonOperator): processing_tasks.training_model_a> on 2022-08-03 00:00:00+00:00
[2022-08-04 01:13:32,051] {standard_task_runner.py:52} INFO - Started process 52147 to run task
[2022-08-04 01:13:32,055] {standard_task_runner.py:79} INFO - Running: ['***', 'tasks', 'run', 'xcom_dag', 'processing_tasks.training_model_a', 'scheduled__2022-08-03T00:00:00+00:00', '--job-id', '303', '--raw', '--subdir', 'DAGS_FOLDER/xcom_dag.py', '--cfg-path', '/tmp/tmpyz0tzulg', '--error-file', '/tmp/tmp87bode4_']
[2022-08-04 01:13:32,056] {standard_task_runner.py:80} INFO - Job 303: Subtask processing_tasks.training_model_a
[2022-08-04 01:13:32,117] {task_command.py:369} INFO - Running <TaskInstance: xcom_dag.processing_tasks.training_model_a scheduled__2022-08-03T00:00:00+00:00 [running]> on host 2525a2c6e2b8
[2022-08-04 01:13:32,200] {taskinstance.py:1571} INFO - Exporting the following env vars:
AIRFLOW_CTX_DAG_OWNER=***
AIRFLOW_CTX_DAG_ID=xcom_dag
AIRFLOW_CTX_TASK_ID=processing_tasks.training_model_a
AIRFLOW_CTX_EXECUTION_DATE=2022-08-03T00:00:00+00:00
AIRFLOW_CTX_TRY_NUMBER=1
AIRFLOW_CTX_DAG_RUN_ID=scheduled__2022-08-03T00:00:00+00:00
[2022-08-04 01:13:32,202] {logging_mixin.py:115} INFO - model's accuracy: 1.8491203323223488
[2022-08-04 01:13:32,217] {python.py:173} INFO - Done. Returned value was: None
[2022-08-04 01:13:32,232] {taskinstance.py:1400} INFO - Marking task as SUCCESS. dag_id=xcom_dag, task_id=processing_tasks.training_model_a, execution_date=20220803T000000, start_date=20220804T011332, end_date=20220804T011332
[2022-08-04 01:13:32,270] {local_task_job.py:156} INFO - Task exited with return code 0
[2022-08-04 01:13:32,311] {local_task_job.py:273} INFO - 1 downstream tasks scheduled from follow-on schedule check
