[2022-07-25 20:41:08,707] {taskinstance.py:1159} INFO - Dependencies all met for <TaskInstance: subdag_parallel.processing_tasks.load_a scheduled__2022-07-24T00:00:00+00:00 [queued]>
[2022-07-25 20:41:08,716] {taskinstance.py:1159} INFO - Dependencies all met for <TaskInstance: subdag_parallel.processing_tasks.load_a scheduled__2022-07-24T00:00:00+00:00 [queued]>
[2022-07-25 20:41:08,716] {taskinstance.py:1356} INFO - 
--------------------------------------------------------------------------------
[2022-07-25 20:41:08,717] {taskinstance.py:1357} INFO - Starting attempt 1 of 1
[2022-07-25 20:41:08,717] {taskinstance.py:1358} INFO - 
--------------------------------------------------------------------------------
[2022-07-25 20:41:08,730] {taskinstance.py:1377} INFO - Executing <Task(BashOperator): load_a> on 2022-07-24 00:00:00+00:00
[2022-07-25 20:41:08,738] {standard_task_runner.py:52} INFO - Started process 10517 to run task
[2022-07-25 20:41:08,742] {standard_task_runner.py:79} INFO - Running: ['***', 'tasks', 'run', 'subdag_parallel.processing_tasks', 'load_a', 'scheduled__2022-07-24T00:00:00+00:00', '--job-id', '118', '--raw', '--subdir', 'DAGS_FOLDER/sub_dag_parallel.py', '--cfg-path', '/tmp/tmpob6n99cw', '--error-file', '/tmp/tmp81t6gzir']
[2022-07-25 20:41:08,743] {standard_task_runner.py:80} INFO - Job 118: Subtask load_a
[2022-07-25 20:41:08,819] {task_command.py:369} INFO - Running <TaskInstance: subdag_parallel.processing_tasks.load_a scheduled__2022-07-24T00:00:00+00:00 [running]> on host 8694d477c774
[2022-07-25 20:41:08,953] {taskinstance.py:1571} INFO - Exporting the following env vars:
AIRFLOW_CTX_DAG_OWNER=***
AIRFLOW_CTX_DAG_ID=subdag_parallel.processing_tasks
AIRFLOW_CTX_TASK_ID=load_a
AIRFLOW_CTX_EXECUTION_DATE=2022-07-24T00:00:00+00:00
AIRFLOW_CTX_TRY_NUMBER=1
AIRFLOW_CTX_DAG_RUN_ID=scheduled__2022-07-24T00:00:00+00:00
[2022-07-25 20:41:08,956] {subprocess.py:62} INFO - Tmp dir root location: 
 /tmp
[2022-07-25 20:41:08,958] {subprocess.py:74} INFO - Running command: ['bash', '-c', 'sleep 1']
[2022-07-25 20:41:08,975] {subprocess.py:85} INFO - Output:
[2022-07-25 20:41:09,980] {subprocess.py:96} INFO - Command exited with return code 0
[2022-07-25 20:41:10,056] {taskinstance.py:1400} INFO - Marking task as SUCCESS. dag_id=subdag_parallel.processing_tasks, task_id=load_a, execution_date=20220724T000000, start_date=20220725T204108, end_date=20220725T204110
[2022-07-25 20:41:10,081] {local_task_job.py:156} INFO - Task exited with return code 0
[2022-07-25 20:41:10,115] {local_task_job.py:273} INFO - 0 downstream tasks scheduled from follow-on schedule check
